W0326 14:47:51.188000 134313938838144 torch/distributed/run.py:779] 
W0326 14:47:51.188000 134313938838144 torch/distributed/run.py:779] *****************************************
W0326 14:47:51.188000 134313938838144 torch/distributed/run.py:779] Setting OMP_NUM_THREADS environment variable for each process to be 1 in default, to avoid your system being overloaded, please further tune the variable for optimal performance in your application as needed. 
W0326 14:47:51.188000 134313938838144 torch/distributed/run.py:779] *****************************************
flash_attention: requested=fa3 strict=1 active=fa3
flash_attention: requested=fa3 strict=1 active=fa3
flash_attention: requested=fa3 strict=1 active=fa3
flash_attention: requested=fa3 strict=1 active=fa3
flash_attention: requested=fa3 strict=1 active=fa3
flash_attention: requested=fa3 strict=1 active=fa3
flash_attention: requested=fa3 strict=1 active=fa3
flash_attention: requested=fa3 strict=1 active=fa3
logs/b357b1f9-ce27-4b65-9e76-132e2fb5f471.txt
val_bpb:enabled tokenizer_kind=sentencepiece tokenizer_path=./data/tokenizers/fineweb_1024_bpe.model
train_loader:dataset:fineweb10B_sp1024 train_shards:10
val_loader:shards pattern=./data/datasets/fineweb10B_sp1024/fineweb_val_*.bin tokens:62020608
model_params:26502232
world_size:8 grad_accum_steps:1
sdp_backends:cudnn=True flash=True mem_efficient=False math=False
attention_mode:gqa num_heads:8 num_kv_heads:4
tie_embeddings:True embed_lr:0.035 head_lr:0.0 matrix_lr:0.025 scalar_lr:0.025
train_batch_tokens:589824 train_seq_len:1536 iterations:20000 warmup_steps:20 max_wallclock_seconds:600.000
seed:42
warmup_step:1/20
warmup_step:2/20
warmup_step:3/20
warmup_step:4/20
warmup_step:5/20
warmup_step:6/20
warmup_step:7/20
warmup_step:8/20
warmup_step:9/20
warmup_step:10/20
warmup_step:11/20
warmup_step:12/20
warmup_step:13/20
warmup_step:14/20
warmup_step:15/20
warmup_step:16/20
warmup_step:17/20
warmup_step:18/20
warmup_step:19/20
warmup_step:20/20
ema:initialized from model init (alpha=0.997)
step:0/20000 val_loss:6.9418 val_bpb:4.1113 train_time:0ms step_avg:0.03ms
trajectory_metrics: drift_cos:0.8284 curvature:1.881704 isotropy:0.0124
step:1/20000 train_loss:6.9418 train_time:267ms step_avg:266.62ms
grad_guided_quant: started accumulating (79 tensors)
step:2/20000 train_loss:7.9986 train_time:537ms step_avg:268.75ms
step:3/20000 train_loss:8.0011 train_time:807ms step_avg:268.84ms
step:4/20000 train_loss:7.3002 train_time:1073ms step_avg:268.30ms
step:5/20000 train_loss:6.6208 train_time:1342ms step_avg:268.40ms
step:6/20000 train_loss:6.4581 train_time:1610ms step_avg:268.31ms
step:7/20000 train_loss:6.3116 train_time:1891ms step_avg:270.15ms
step:8/20000 train_loss:6.2106 train_time:2157ms step_avg:269.68ms
step:9/20000 train_loss:6.1105 train_time:2425ms step_avg:269.43ms
step:10/20000 train_loss:5.9961 train_time:2698ms step_avg:269.82ms
step:200/20000 train_loss:2.7581 train_time:55125ms step_avg:275.62ms
step:400/20000 train_loss:2.3971 train_time:110225ms step_avg:275.56ms
step:600/20000 train_loss:2.1186 train_time:165686ms step_avg:276.14ms
step:800/20000 train_loss:1.9617 train_time:221028ms step_avg:276.29ms
step:1000/20000 train_loss:2.1553 train_time:275864ms step_avg:275.86ms
step:1000/20000 val_loss:2.2299 val_bpb:1.3207 train_time:275880ms step_avg:275.88ms
trajectory_metrics: drift_cos:0.8052 curvature:1.030411 isotropy:0.0177
step:1200/20000 train_loss:2.1320 train_time:335579ms step_avg:279.65ms
step:1400/20000 train_loss:2.1249 train_time:390066ms step_avg:278.62ms
step:1600/20000 train_loss:2.1187 train_time:445246ms step_avg:278.28ms
step:1800/20000 train_loss:2.1160 train_time:499647ms step_avg:277.58ms
step:2000/20000 train_loss:2.1095 train_time:554041ms step_avg:277.02ms
step:2000/20000 val_loss:2.0907 val_bpb:1.2382 train_time:554055ms step_avg:277.03ms
trajectory_metrics: drift_cos:0.7942 curvature:0.768288 isotropy:0.0163
step:2166/20000 val_loss:2.0757 val_bpb:1.2293 train_time:600098ms step_avg:277.05ms
trajectory_metrics: drift_cos:0.7947 curvature:0.737088 isotropy:0.0148
stopping_early: wallclock_cap train_time:600098ms step:2166/20000
peak memory allocated: 29734 MiB reserved: 31618 MiB
ema:loading shadow weights (alpha=0.997)
skip_quant=True: skipping serialization and roundtrip validation
