logs/cuda/run_1775452288.txt
Muon optimizer: matrix_lr=0.02 scalar_lr=0.015 embed_lr=0.025
params:31954700 L:8 d:512 h:8 kv:4 ws:1 ga:8 s:1337
step:1/10000 loss:7.0866 t:1567ms avg:1566.9ms
step:2/10000 loss:6.8051 t:2624ms avg:1312.0ms
step:3/10000 loss:8.2176 t:3699ms avg:1233.0ms
step:4/10000 loss:7.5891 t:4790ms avg:1197.5ms
step:5/10000 loss:24.9554 t:5888ms avg:1177.7ms
step:6/10000 loss:10.7867 t:7100ms avg:1183.3ms
step:7/10000 loss:13.0649 t:8464ms avg:1209.1ms
step:8/10000 loss:16.7926 t:9596ms avg:1199.5ms
step:9/10000 loss:12.6955 t:10715ms avg:1190.5ms
step:10/10000 loss:12.1452 t:12035ms avg:1203.5ms
step:11/10000 loss:12.4412 t:13369ms avg:1215.3ms
step:12/10000 loss:9.3404 t:14694ms avg:1224.5ms
step:13/10000 loss:15.9680 t:16021ms avg:1232.4ms
step:14/10000 loss:14.8114 t:17365ms avg:1240.3ms
step:15/10000 loss:13.1789 t:18690ms avg:1246.0ms
step:16/10000 loss:36.9386 t:20034ms avg:1252.1ms
step:17/10000 loss:26.2187 t:21394ms avg:1258.5ms
step:18/10000 loss:12.9809 t:22746ms avg:1263.7ms
step:19/10000 loss:12.6381 t:24680ms avg:1298.9ms
step:20/10000 loss:11.5493 t:26622ms avg:1331.1ms
step:21/10000 loss:9.7448 t:28537ms avg:1358.9ms
step:22/10000 loss:8.6639 t:30494ms avg:1386.1ms
step:23/10000 loss:7.9653 t:32516ms avg:1413.8ms
step:24/10000 loss:7.3962 t:34528ms avg:1438.7ms
step:25/10000 loss:7.2599 t:36516ms avg:1460.7ms
step:26/10000 loss:7.1103 t:38510ms avg:1481.2ms
step:27/10000 loss:7.0216 t:40500ms avg:1500.0ms
step:28/10000 loss:7.0137 t:42675ms avg:1524.1ms
step:29/10000 loss:6.9569 t:44786ms avg:1544.4ms
step:30/10000 loss:6.9885 t:46743ms avg:1558.1ms
step:30/10000 val_loss:6.7260 val_bpb:4.0490 train_time:46750ms zero_frac:0.414
stopping_early: wallclock_cap train_time:46750ms step:30/10000
artifact:9.93MB ternary:29360128(6632186B) fp:2070284(4140568B) code:185223
budget:10115815/16000000 (10.12/16.00MB) FITS
eval_feedback_passes:2
final_ternary_roundtrip val_loss:6.7260 val_bpb:4.0489
