Uploading train_gpt.py (50268 bytes)...
[modal] Launching torchrun on 8xH100...
[modal] Script size: 50268 bytes
logs/autoresearch_seed7.txt
val_bpb:enabled tokenizer_kind=sentencepiece tokenizer_path=/data/tokenizers/fineweb_1024_bpe.model
train_loader:dataset:fineweb10B_sp1024 train_shards:80
val_loader:shards pattern=/data/datasets/fineweb10B_sp1024/fineweb_val_*.bin tokens:62021632
model_params:17059912
world_size:8 grad_accum_steps:1
sdp_backends:cudnn=False flash=True mem_efficient=False math=False
attention_mode:gqa num_heads:8 num_kv_heads:4
tie_embeddings:True embed_lr:0.1 head_lr:0.0 matrix_lr:0.04 scalar_lr:0.04
train_batch_tokens:524288 train_seq_len:1024 iterations:20000 warmup_steps:20 max_wallclock_seconds:600.000
seed:7
warmup_step:1/20
warmup_step:2/20
warmup_step:3/20
warmup_step:4/20
warmup_step:5/20
warmup_step:6/20
warmup_step:7/20
warmup_step:8/20
warmup_step:9/20
warmup_step:10/20
warmup_step:11/20
warmup_step:12/20
warmup_step:13/20
warmup_step:14/20
warmup_step:15/20
warmup_step:16/20
warmup_step:17/20
warmup_step:18/20
warmup_step:19/20
warmup_step:20/20
step:1/20000 train_loss:6.9328 train_time:65ms step_avg:64.97ms
step:2/20000 train_loss:24.3987 train_time:90ms step_avg:45.04ms
step:3/20000 train_loss:9.8459 train_time:135ms step_avg:45.14ms
step:4/20000 train_loss:6.2942 train_time:178ms step_avg:44.42ms
step:5/20000 train_loss:6.1912 train_time:224ms step_avg:44.76ms
step:6/20000 train_loss:7.4179 train_time:266ms step_avg:44.28ms
step:7/20000 train_loss:6.4507 train_time:311ms step_avg:44.41ms
step:8/20000 train_loss:6.4513 train_time:356ms step_avg:44.53ms
step:9/20000 train_loss:6.4280 train_time:402ms step_avg:44.64ms
step:10/20000 train_loss:6.3682 train_time:450ms step_avg:44.95ms
step:200/20000 train_loss:2.9231 train_time:9041ms step_avg:45.21ms
step:400/20000 train_loss:2.3700 train_time:18108ms step_avg:45.27ms
step:600/20000 train_loss:2.5576 train_time:27132ms step_avg:45.22ms
step:800/20000 train_loss:2.3094 train_time:36165ms step_avg:45.21ms
step:1000/20000 train_loss:2.3845 train_time:45212ms step_avg:45.21ms
step:1200/20000 train_loss:2.4000 train_time:54269ms step_avg:45.22ms
step:1400/20000 train_loss:2.4472 train_time:63303ms step_avg:45.22ms
step:1600/20000 train_loss:2.1156 train_time:72407ms step_avg:45.25ms
step:1800/20000 train_loss:2.2164 train_time:81484ms step_avg:45.27ms
step:2000/20000 train_loss:2.2718 train_time:90664ms step_avg:45.33ms
step:2200/20000 train_loss:2.0989 train_time:99734ms step_avg:45.33ms
step:2400/20000 train_loss:2.2221 train_time:108800ms step_avg:45.33ms
step:2600/20000 train_loss:2.4355 train_time:117882ms step_avg:45.34ms
step:2800/20000 train_loss:2.2599 train_time:126938ms step_avg:45.33ms
step:3000/20000 train_loss:2.2509 train_time:136030ms step_avg:45.34ms
step:3200/20000 train_loss:2.2174 train_time:145069ms step_avg:45.33ms
step:3400/20000 train_loss:2.1898 train_time:154123ms step_avg:45.33ms
step:3600/20000 train_loss:2.1510 train_time:163148ms step_avg:45.32ms
step:3800/20000 train_loss:2.2537 train_time:172209ms step_avg:45.32ms
step:4000/20000 train_loss:2.1952 train_time:181199ms step_avg:45.30ms
step:4200/20000 train_loss:2.2085 train_time:190321ms step_avg:45.31ms
step:4400/20000 train_loss:2.1509 train_time:199416ms step_avg:45.32ms
step:4600/20000 train_loss:2.0082 train_time:208480ms step_avg:45.32ms
step:4800/20000 train_loss:2.3009 train_time:217528ms step_avg:45.32ms
step:5000/20000 train_loss:2.0731 train_time:226535ms step_avg:45.31ms
step:5200/20000 train_loss:2.2178 train_time:235524ms step_avg:45.29ms
step:5400/20000 train_loss:2.2276 train_time:244535ms step_avg:45.28ms
step:5600/20000 train_loss:2.2315 train_time:253550ms step_avg:45.28ms
step:5800/20000 train_loss:2.1949 train_time:262550ms step_avg:45.27ms
step:6000/20000 train_loss:2.2603 train_time:271616ms step_avg:45.27ms
step:6200/20000 train_loss:2.1380 train_time:280654ms step_avg:45.27ms
step:6400/20000 train_loss:2.2083 train_time:289680ms step_avg:45.26ms
step:6600/20000 train_loss:2.1697 train_time:298663ms step_avg:45.25ms
step:6800/20000 train_loss:2.2392 train_time:307722ms step_avg:45.25ms
step:7000/20000 train_loss:2.2728 train_time:316706ms step_avg:45.24ms
step:7200/20000 train_loss:2.2561 train_time:325693ms step_avg:45.24ms
step:7400/20000 train_loss:2.1640 train_time:334738ms step_avg:45.23ms
step:7600/20000 train_loss:2.0473 train_time:343780ms step_avg:45.23ms
step:7800/20000 train_loss:2.1904 train_time:352817ms step_avg:45.23ms
step:8000/20000 train_loss:2.1625 train_time:361839ms step_avg:45.23ms
step:8200/20000 train_loss:2.2347 train_time:370873ms step_avg:45.23ms
step:8400/20000 train_loss:2.1832 train_time:380031ms step_avg:45.24ms
step:8600/20000 train_loss:2.1862 train_time:389026ms step_avg:45.24ms
step:8800/20000 train_loss:2.1539 train_time:398079ms step_avg:45.24ms
step:9000/20000 train_loss:2.0788 train_time:407118ms step_avg:45.24ms
step:9200/20000 train_loss:2.1395 train_time:416179ms step_avg:45.24ms
step:9400/20000 train_loss:2.1912 train_time:425198ms step_avg:45.23ms
step:9600/20000 train_loss:2.2062 train_time:434304ms step_avg:45.24ms
step:9800/20000 train_loss:2.1318 train_time:443361ms step_avg:45.24ms
step:10000/20000 train_loss:2.1673 train_time:452382ms step_avg:45.24ms
step:10200/20000 train_loss:2.1218 train_time:461441ms step_avg:45.24ms
step:10400/20000 train_loss:2.1571 train_time:470492ms step_avg:45.24ms
step:10600/20000 train_loss:2.0321 train_time:479491ms step_avg:45.24ms
step:10800/20000 train_loss:2.2369 train_time:488514ms step_avg:45.23ms
step:11000/20000 train_loss:2.1627 train_time:497518ms step_avg:45.23ms
step:11200/20000 train_loss:2.1124 train_time:506524ms step_avg:45.23ms
step:11400/20000 train_loss:2.0903 train_time:515554ms step_avg:45.22ms
step:11600/20000 train_loss:2.0886 train_time:524566ms step_avg:45.22ms
step:11800/20000 train_loss:2.1132 train_time:533553ms step_avg:45.22ms
step:12000/20000 train_loss:2.0828 train_time:542571ms step_avg:45.21ms
step:12200/20000 train_loss:2.2180 train_time:551573ms step_avg:45.21ms
step:12400/20000 train_loss:1.8497 train_time:560705ms step_avg:45.22ms
step:12600/20000 train_loss:2.0723 train_time:569749ms step_avg:45.22ms
step:12800/20000 train_loss:2.0886 train_time:578723ms step_avg:45.21ms
step:13000/20000 train_loss:2.1573 train_time:587735ms step_avg:45.21ms
step:13200/20000 train_loss:2.1627 train_time:596766ms step_avg:45.21ms
step:13273/20000 val_loss:2.0513 val_bpb:1.2149 train_time:600044ms step_avg:45.21ms
stopping_early: wallclock_cap train_time:600044ms step:13273/20000
peak memory allocated: 10184 MiB reserved: 10358 MiB
Serialized model: 67220567 bytes
Code size: 50268 bytes
Total submission size: 67270835 bytes
Serialized model int8+zlib: 14840492 bytes (payload:17178912 raw_torch:17224025 payload_ratio:3.91x)
Total submission size int8+zlib: 14890760 bytes
eval_seq_len:2048 (NTK-scaled RoPE, 62021633 tokens)
final_int8_zlib_roundtrip val_loss:2.0409 val_bpb:1.2087 eval_time:67968ms
final_int8_zlib_roundtrip_exact val_loss:2.04091568 val_bpb:1.20874522
[modal] Exit code: 0

[local] Done. Log saved to run_seed7.log
