W0327 22:33:55.051000 64383 torch/distributed/run.py:803] 
W0327 22:33:55.051000 64383 torch/distributed/run.py:803] *****************************************
W0327 22:33:55.051000 64383 torch/distributed/run.py:803] Setting OMP_NUM_THREADS environment variable for each process to be 1 in default, to avoid your system being overloaded, please further tune the variable for optimal performance in your application as needed. 
W0327 22:33:55.051000 64383 torch/distributed/run.py:803] *****************************************
logs/06fd96c4-fb4e-4280-8b42-127ad28e6782.txt
val_bpb:enabled tokenizer_kind=sentencepiece tokenizer_path=./data/tokenizers/fineweb_1024_bpe.model
train_loader:dataset:fineweb10B_sp1024 train_shards:80
val_loader:shards pattern=./data/datasets/fineweb10B_sp1024/fineweb_val_*.bin tokens:62021632
model_params:33580124
XSA:[0, 1, 2, 3, 4, 5, 6, 7, 8, 9, 10] ws:8 gqa:8/8
lr:embed=0.035 matrix=0.025 scalar=0.025 batch:786432 wall:600s seed:1337
warmup_step:1/20
warmup_step:2/20
warmup_step:3/20
warmup_step:4/20
warmup_step:5/20
warmup_step:6/20
warmup_step:7/20
warmup_step:8/20
warmup_step:9/20
warmup_step:10/20
warmup_step:11/20
warmup_step:12/20
warmup_step:13/20
warmup_step:14/20
warmup_step:15/20
warmup_step:16/20
warmup_step:17/20
warmup_step:18/20
warmup_step:19/20
warmup_step:20/20
step:0/20000 val_loss:6.9304 val_bpb:4.1046 train_time:0ms step_avg:0.01ms
step:1/20000 train_loss:6.9324 train_time:154ms step_avg:154.17ms
step:2/20000 train_loss:8.6549 train_time:248ms step_avg:124.06ms
step:3/20000 train_loss:7.7194 train_time:344ms step_avg:114.66ms
step:4/20000 train_loss:7.3037 train_time:440ms step_avg:109.95ms
step:5/20000 train_loss:7.0305 train_time:535ms step_avg:107.10ms
step:6/20000 train_loss:6.8382 train_time:631ms step_avg:105.10ms
step:7/20000 train_loss:6.8011 train_time:726ms step_avg:103.76ms
step:8/20000 train_loss:6.7278 train_time:822ms step_avg:102.74ms
step:9/20000 train_loss:6.4170 train_time:917ms step_avg:101.89ms
step:10/20000 train_loss:6.0697 train_time:1013ms step_avg:101.28ms
step:500/20000 train_loss:2.3642 train_time:48898ms step_avg:97.80ms
step:1000/20000 train_loss:2.2431 train_time:97954ms step_avg:97.95ms
step:1500/20000 train_loss:2.1902 train_time:146910ms step_avg:97.94ms
step:2000/20000 train_loss:2.0330 train_time:195813ms step_avg:97.91ms
step:2500/20000 train_loss:2.1374 train_time:244775ms step_avg:97.91ms
step:3000/20000 train_loss:2.1188 train_time:293629ms step_avg:97.88ms
step:3500/20000 train_loss:2.1272 train_time:342462ms step_avg:97.85ms
step:4000/20000 train_loss:1.9155 train_time:391281ms step_avg:97.82ms
step:4000/20000 val_loss:2.0060 val_bpb:1.1881 train_time:391286ms step_avg:97.82ms
late_qat:enabled step:4385 scale:0.4999
step:4500/20000 train_loss:2.0652 train_time:440099ms step_avg:97.80ms
step:5000/20000 train_loss:2.0415 train_time:488895ms step_avg:97.78ms
swa:start step:5450
step:5500/20000 train_loss:1.9496 train_time:537781ms step_avg:97.78ms
step:6000/20000 train_loss:1.8733 train_time:587116ms step_avg:97.85ms
step:6131/20000 val_loss:1.9022 val_bpb:1.1266 train_time:600036ms step_avg:97.87ms
stopping_early: wallclock_cap train_time:600036ms step:6131/20000
peak memory allocated: 26200 MiB reserved: 26368 MiB
ema:applying EMA weights
DIAGNOSTIC post_ema val_loss:1.9006 val_bpb:1.1256 eval_time:2359ms
swa:applying SWA weights (count=14)
DIAGNOSTIC post_swa val_loss:1.9022 val_bpb:1.1266 eval_time:2378ms
best_averaging:ema val_bpb:1.1256
Serialized model: 130957195 bytes
Code size: 76905 bytes
pruning:2.0% magnitude pruning applied
gptq:calibrating with training data...
gptq:calibrated 68 layers in 3.7s
gptq_quantize: 66 GPTQ layers, 0 naive layers
gptq_quantize: 66 GPTQ layers, 0 naive layers
gptq_quantize: 66 GPTQ layers, 0 naive layers
gptq_quantize: 66 GPTQ layers, 0 naive layers
gptq_quantize: 66 GPTQ layers, 0 naive layers
gptq_quantize: 66 GPTQ layers, 0 naive layers
gptq_quantize: 66 GPTQ layers, 0 naive layers
gptq_quantize: 66 GPTQ layers, 0 naive layers
Serialized model int6+zstd: 16111519 bytes
Total submission size int6+zstd: 16188424 bytes
final_int6_sliding_window val_loss:1.8983 val_bpb:1.1243 stride:64 eval_time:118279ms
final_int6_sliding_window_exact val_loss:1.89830347 val_bpb:1.12428522
TTT: epochs=3 lr=0.0001 freeze_first=2 chunk=131072 opt=adamw
ttt:start chunks=474 chunk_tokens=131072 windows=969088 stride=64 lr=0.0001 epochs=3 opt=adamw freeze_first=2
ttt:params unfrozen=5780500 frozen=27799624
  ttt_chunk [1/474] bpb=1.204809 time=0.8s
  ttt_chunk [101/474] bpb=1.125876 time=63.3s
  ttt_chunk [201/474] bpb=1.126504 time=125.4s
  ttt_chunk [301/474] bpb=1.122193 time=187.5s
  ttt_chunk [401/474] bpb=1.118781 time=249.7s
  ttt_chunk [474/474] bpb=1.118251 time=294.5s
ttt:done val_loss=1.886824 val_bpb=1.117487 elapsed=294.5s
final_ttt_T1.0 val_loss:1.8868 val_bpb:1.1175 stride:64 eval_time:295022ms
final_ttt_T0.98 val_loss:1.8813 val_bpb:1.1142 eval_time:82019ms
final_ttt_T0.98_exact val_loss:1.88134297 val_bpb:1.11424022
