logs/a3030e10-7099-489e-bcd9-838d53deee42.txt
val_bpb:enabled tokenizer_kind=sentencepiece tokenizer_path=./data/tokenizers/fineweb_1024_bpe.model
train_loader:dataset:fineweb10B_sp1024 train_shards:80
val_loader:shards pattern=./data/datasets/fineweb10B_sp1024/fineweb_val_*.bin tokens:62021632
model_params:29758663
XSA:last_11 active_layers:[0, 1, 2, 3, 4, 5, 6, 7, 8, 9, 10]
world_size:1 grad_accum_steps:8
sdp_backends:cudnn=False flash=True mem_efficient=False math=False
attention_mode:gqa num_heads:8 num_kv_heads:4
tie_embeddings:True embed_lr:0.035 head_lr:0.0 matrix_lr:0.025 scalar_lr:0.025
train_batch_tokens:524288 train_seq_len:2048 iterations:20000 warmup_steps:20 max_wallclock_seconds:600.000
seed:1337
features: smeargate=True bigramhash=True value_residual=True gated_attn=True rope_dims=16 xsa_last_n=11 ema=False(decay=0.997) swa=False(every=50) late_qat=True(time_frac=0.15) muon_wd=0.04 grad_clip=0.3
warmup_step:1/20
warmup_step:2/20
warmup_step:3/20
warmup_step:4/20
warmup_step:5/20
warmup_step:6/20
warmup_step:7/20
warmup_step:8/20
warmup_step:9/20
warmup_step:10/20
warmup_step:11/20
warmup_step:12/20
warmup_step:13/20
warmup_step:14/20
warmup_step:15/20
warmup_step:16/20
warmup_step:17/20
warmup_step:18/20
warmup_step:19/20
warmup_step:20/20
step:0/20000 val_loss:6.9317 val_bpb:4.1053 train_time:0ms step_avg:0.01ms
step:1/20000 train_loss:6.9322 train_time:600ms step_avg:599.68ms
step:2/20000 train_loss:8.7071 train_time:1145ms step_avg:572.43ms
step:3/20000 train_loss:7.6249 train_time:1681ms step_avg:560.40ms
step:4/20000 train_loss:7.3666 train_time:2248ms step_avg:561.96ms
step:5/20000 train_loss:7.0806 train_time:2804ms step_avg:560.73ms
step:6/20000 train_loss:7.0342 train_time:3367ms step_avg:561.17ms
step:7/20000 train_loss:6.8400 train_time:3945ms step_avg:563.52ms
step:8/20000 train_loss:6.6575 train_time:4485ms step_avg:560.56ms
step:9/20000 train_loss:6.3460 train_time:5066ms step_avg:562.84ms
step:10/20000 train_loss:6.0672 train_time:5647ms step_avg:564.69ms
step:500/20000 train_loss:2.3697 train_time:286247ms step_avg:572.49ms
step:896 QAT activated (time_frac=0.851, scale=0.5233)
step:1000/20000 train_loss:2.1899 train_time:569147ms step_avg:569.15ms
step:1055/20000 val_loss:2.1008 val_bpb:1.2442 train_time:600128ms step_avg:568.84ms
stopping_early: wallclock_cap train_time:600128ms step:1055/20000
peak memory allocated: 16656 MiB reserved: 17118 MiB
raw model val_bpb:1.2442
Using raw weights (val_bpb=1.2442)
Serialized model: 117492178 bytes
Code size: 78235 bytes
Serialized model int6+zstd: 14534867 bytes (payload:30649626 raw_torch:30715471 payload_ratio:3.83x)
Total submission int6+zstd: 14613102 bytes
final_int6_zstd_roundtrip val_loss:2.1317 val_bpb:1.2625 eval_time:187736ms
final_int6_zstd_roundtrip_exact val_loss:2.13171005 val_bpb:1.26252250
final_int8_zlib_roundtrip_exact val_loss:2.13171005 val_bpb:1.26252250
