W0326 19:10:45.461000 1097209 torch/distributed/run.py:852] 
W0326 19:10:45.461000 1097209 torch/distributed/run.py:852] *****************************************
W0326 19:10:45.461000 1097209 torch/distributed/run.py:852] Setting OMP_NUM_THREADS environment variable for each process to be 1 in default, to avoid your system being overloaded, please further tune the variable for optimal performance in your application as needed. 
W0326 19:10:45.461000 1097209 torch/distributed/run.py:852] *****************************************
logs/70bbddbc-7b42-4fff-96c5-f7a938e60844.txt
model_preset:frontier_lean run_profile:full_8gpu_600s
val_bpb:enabled tokenizer_kind=sentencepiece tokenizer_path=./data/tokenizers/fineweb_1024_bpe.model
train_loader:dataset:fineweb10B_sp1024
val_loader:shards pattern=./data/datasets/fineweb10B_sp1024/fineweb_val_*.bin tokens:62021632
model_params:27255900
param_breakdown:{"lexical": 1114625, "skip": 2560, "upper_global": 25974872, "value_embedding": 163843}
world_size:8 grad_accum_steps:1
flash_attn_3_loaded:True
sdp_backends:cudnn=False flash=True mem_efficient=False math=False
train_batch_tokens:786432 train_seq_len:2048 iterations:20000 warmup_steps:20 max_wallclock_seconds:525.000
activation_mode:leaky_relu2 export_quantizer:full_gptq_int5 ttt_optimizer:adamw
muon:banking_enabled:True bank_min_tensors:2
moonshot lower_replace_layers:0 local_shared_blocks:4 use_unet_skips:True
seed:1337
shard_order:computing perplexity ranking...
shard_order:ranked 80 shards by perplexity
warmup_step:1/20
warmup_step:2/20
warmup_step:3/20
warmup_step:4/20
warmup_step:5/20
warmup_step:6/20
warmup_step:7/20
warmup_step:8/20
warmup_step:9/20
warmup_step:10/20
warmup_step:11/20
warmup_step:12/20
warmup_step:13/20
warmup_step:14/20
warmup_step:15/20
warmup_step:16/20
warmup_step:17/20
warmup_step:18/20
warmup_step:19/20
warmup_step:20/20
step:0/20000 val_loss:6.9316 val_bpb:4.1053 train_time:0ms step_avg:0.01ms
step:1/20000 train_loss:6.9323 train_time:105ms step_avg:105.32ms
step:2/20000 train_loss:8.7057 train_time:183ms step_avg:91.72ms
step:3/20000 train_loss:7.9489 train_time:267ms step_avg:88.89ms
step:4/20000 train_loss:7.2405 train_time:350ms step_avg:87.39ms
step:5/20000 train_loss:6.9520 train_time:433ms step_avg:86.55ms
step:6/20000 train_loss:6.8663 train_time:516ms step_avg:86.01ms
step:7/20000 train_loss:6.7762 train_time:599ms step_avg:85.59ms
step:8/20000 train_loss:6.6144 train_time:683ms step_avg:85.35ms
step:9/20000 train_loss:6.2590 train_time:766ms step_avg:85.13ms
step:10/20000 train_loss:6.1114 train_time:849ms step_avg:84.94ms
step:500/20000 train_loss:2.3739 train_time:42294ms step_avg:84.59ms
step:1000/20000 train_loss:2.1729 train_time:84641ms step_avg:84.64ms
step:1500/20000 train_loss:2.3047 train_time:126936ms step_avg:84.62ms
step:2000/20000 train_loss:2.1095 train_time:169281ms step_avg:84.64ms
step:2500/20000 train_loss:2.0881 train_time:211631ms step_avg:84.65ms
step:3000/20000 train_loss:2.1351 train_time:253981ms step_avg:84.66ms
step:3500/20000 train_loss:2.0623 train_time:296344ms step_avg:84.67ms
step:4000/20000 train_loss:2.0735 train_time:338687ms step_avg:84.67ms
step:4000/20000 val_loss:2.0381 val_bpb:1.2071 train_time:338692ms step_avg:84.67ms
step:4500/20000 train_loss:2.0231 train_time:381031ms step_avg:84.67ms
step:5000/20000 train_loss:1.9858 train_time:423426ms step_avg:84.69ms
swa:start step:5500
step:5500/20000 train_loss:2.0639 train_time:465816ms step_avg:84.69ms
step:6000/20000 train_loss:1.9422 train_time:508657ms step_avg:84.78ms
step:6192/20000 val_loss:1.9344 val_bpb:1.1456 train_time:525074ms step_avg:84.80ms
stopping_early: wallclock_cap train_time:525074ms step:6192/20000
peak memory allocated: 20867 MiB reserved: 21208 MiB
ema:applying best EMA (decay=0.9970 bpb=inf)
DIAGNOSTIC post_average val_loss:1.9340 val_bpb:1.1454 eval_time:1979ms
gptq:calibrating hessians batches:256 batch_tokens:0 seq_len:2048
gptq:calibrated 68 layers in 3.0s
export_grid block:128 refine:3 damp:0.0100 mse:0.03414974
export_grid block:64 refine:3 damp:0.0100 mse:0.03414970
export_grid block:128 refine:3 damp:0.0050 mse:0.03451099
export_grid block:64 refine:3 damp:0.0050 mse:0.03451100
gptq_quantize: 66 GPTQ layers, 0 naive layers
mixed_precision: 25952256 int5 params, 0 int6 params
Serialized model research_export: 13230980 bytes
Code size: 181692 bytes
Total submission size research_export: 13412672 bytes
final_research_export_roundtrip val_loss:1.9659 val_bpb:1.1643 eval_time:6052ms
final_research_export_sliding skipped
final_research_export_exact val_loss:1.96593368 val_bpb:1.16433666
final_ngram val_loss:0.4787 val_bpb:0.2835 eval_time:431465ms max_order:12 adaptive:True
final_ngram_exact val_loss:0.47867136 val_bpb:0.28349614
phase_timings:{"diagnostic_eval_ms": 1979.3870200082893, "ngram_eval_ms": 431726.1935349961, "quantize_ms": 22317.740599013632, "roundtrip_eval_ms": 50215.38960900216, "serialize_ms": 43052.47111499193, "skipped": {"diagnostic_eval": false, "export": false, "roundtrip_eval": false, "sliding_eval": false}, "sliding_eval_ms": 0.0}
