=== Seed 42 ===
W0325 07:37:51.697000 139285672440448 torch/distributed/run.py:779] 
W0325 07:37:51.697000 139285672440448 torch/distributed/run.py:779] *****************************************
W0325 07:37:51.697000 139285672440448 torch/distributed/run.py:779] Setting OMP_NUM_THREADS environment variable for each process to be 1 in default, to avoid your system being overloaded, please further tune the variable for optimal performance in your application as needed. 
W0325 07:37:51.697000 139285672440448 torch/distributed/run.py:779] *****************************************
logs/61c2f947-2af4-49cb-bae6-0987a307f3e1.txt
val_bpb:enabled tokenizer_kind=sentencepiece tokenizer_path=./data/tokenizers/fineweb_1024_bpe.model
train_loader:dataset:fineweb10B_sp1024 train_shards:80
val_loader:shards pattern=./data/datasets/fineweb10B_sp1024/fineweb_val_*.bin tokens:62021632
model_params:24730705
world_size:8 grad_accum_steps:1
attention_mode:gqa num_heads:8 num_kv_heads:4
tie_embeddings:True embed_lr:0.03 matrix_lr:0.02 scalar_lr:0.02
train_batch_tokens:786432 train_seq_len:2048 iterations:20000 warmup_steps:20 max_wallclock_seconds:600.000
seed:42
warmup_step:1/20
warmup_step:2/20
warmup_step:3/20
warmup_step:4/20
warmup_step:5/20
warmup_step:6/20
warmup_step:7/20
warmup_step:8/20
warmup_step:9/20
warmup_step:10/20
warmup_step:11/20
warmup_step:12/20
warmup_step:13/20
warmup_step:14/20
warmup_step:15/20
warmup_step:16/20
warmup_step:17/20
warmup_step:18/20
warmup_step:19/20
warmup_step:20/20
step:0/20000 val_loss:6.9283 val_bpb:4.1033 train_time:0ms step_avg:0.02ms
step:1/20000 train_loss:6.9311 train_time:147ms step_avg:146.80ms
step:2/20000 train_loss:7.6460 train_time:231ms step_avg:115.29ms
step:3/20000 train_loss:7.2978 train_time:326ms step_avg:108.65ms
step:4/20000 train_loss:8.1124 train_time:421ms step_avg:105.21ms
step:5/20000 train_loss:8.2634 train_time:516ms step_avg:103.12ms
step:6/20000 train_loss:8.1496 train_time:611ms step_avg:101.82ms
step:7/20000 train_loss:7.5086 train_time:705ms step_avg:100.77ms
step:8/20000 train_loss:6.9069 train_time:802ms step_avg:100.24ms
step:9/20000 train_loss:6.4557 train_time:897ms step_avg:99.64ms
step:10/20000 train_loss:6.1781 train_time:992ms step_avg:99.18ms
step:100/20000 train_loss:3.2019 train_time:9593ms step_avg:95.93ms
step:200/20000 train_loss:2.4533 train_time:19221ms step_avg:96.11ms
step:300/20000 train_loss:2.5855 train_time:28943ms step_avg:96.48ms
step:400/20000 train_loss:2.4406 train_time:38625ms step_avg:96.56ms
step:500/20000 train_loss:2.4193 train_time:48267ms step_avg:96.53ms
step:500/20000 val_loss:2.3832 val_bpb:1.4115 train_time:48279ms step_avg:96.56ms
step:600/20000 train_loss:2.3501 train_time:57973ms step_avg:96.62ms
step:700/20000 train_loss:2.3631 train_time:67696ms step_avg:96.71ms
step:800/20000 train_loss:2.2571 train_time:77427ms step_avg:96.78ms
step:900/20000 train_loss:2.1501 train_time:87164ms step_avg:96.85ms
step:1000/20000 train_loss:2.2898 train_time:96830ms step_avg:96.83ms
step:1000/20000 val_loss:2.2439 val_bpb:1.3289 train_time:96841ms step_avg:96.84ms
step:1100/20000 train_loss:2.3480 train_time:106549ms step_avg:96.86ms
step:1200/20000 train_loss:2.3698 train_time:116264ms step_avg:96.89ms
step:1300/20000 train_loss:2.1180 train_time:125963ms step_avg:96.89ms
step:1400/20000 train_loss:2.1990 train_time:135680ms step_avg:96.91ms
step:1500/20000 train_loss:2.2343 train_time:145320ms step_avg:96.88ms
step:1500/20000 val_loss:2.1988 val_bpb:1.3023 train_time:145331ms step_avg:96.89ms
step:1600/20000 train_loss:2.0879 train_time:155018ms step_avg:96.89ms
step:1700/20000 train_loss:2.1539 train_time:164705ms step_avg:96.89ms
step:1800/20000 train_loss:2.1700 train_time:174379ms step_avg:96.88ms
step:1900/20000 train_loss:2.1374 train_time:183995ms step_avg:96.84ms
step:2000/20000 train_loss:2.0789 train_time:193685ms step_avg:96.84ms
step:2000/20000 val_loss:2.1449 val_bpb:1.2703 train_time:193696ms step_avg:96.85ms
step:2100/20000 train_loss:2.0565 train_time:203351ms step_avg:96.83ms
step:2200/20000 train_loss:2.1572 train_time:213019ms step_avg:96.83ms
step:2300/20000 train_loss:2.1199 train_time:222688ms step_avg:96.82ms
step:2400/20000 train_loss:2.0779 train_time:232292ms step_avg:96.79ms
step:2500/20000 train_loss:2.1820 train_time:241962ms step_avg:96.78ms
step:2500/20000 val_loss:2.1184 val_bpb:1.2546 train_time:241973ms step_avg:96.79ms
step:2600/20000 train_loss:2.1215 train_time:251634ms step_avg:96.78ms
step:2700/20000 train_loss:2.1109 train_time:261282ms step_avg:96.77ms
step:2800/20000 train_loss:2.1670 train_time:270947ms step_avg:96.77ms
step:2900/20000 train_loss:2.0350 train_time:280535ms step_avg:96.74ms
step:3000/20000 train_loss:2.1700 train_time:290185ms step_avg:96.73ms
step:3000/20000 val_loss:2.1015 val_bpb:1.2446 train_time:290197ms step_avg:96.73ms
step:3100/20000 train_loss:2.0455 train_time:299842ms step_avg:96.72ms
step:3200/20000 train_loss:2.1797 train_time:309484ms step_avg:96.71ms
step:3300/20000 train_loss:2.0796 train_time:319071ms step_avg:96.69ms
step:3400/20000 train_loss:2.0287 train_time:328729ms step_avg:96.69ms
step:3500/20000 train_loss:2.1845 train_time:338381ms step_avg:96.68ms
step:3500/20000 val_loss:2.0854 val_bpb:1.2351 train_time:338392ms step_avg:96.68ms
step:3600/20000 train_loss:2.0976 train_time:348033ms step_avg:96.68ms
step:3700/20000 train_loss:2.0943 train_time:357691ms step_avg:96.67ms
step:3800/20000 train_loss:2.0755 train_time:367294ms step_avg:96.66ms
step:3900/20000 train_loss:2.0751 train_time:376941ms step_avg:96.65ms
step:4000/20000 train_loss:1.9718 train_time:386587ms step_avg:96.65ms
step:4000/20000 val_loss:2.0641 val_bpb:1.2224 train_time:386598ms step_avg:96.65ms
step:4100/20000 train_loss:2.0109 train_time:396241ms step_avg:96.64ms
step:4200/20000 train_loss:2.1485 train_time:405898ms step_avg:96.64ms
step:4300/20000 train_loss:2.0515 train_time:415483ms step_avg:96.62ms
step:4400/20000 train_loss:2.0305 train_time:425140ms step_avg:96.62ms
step:4500/20000 train_loss:2.1169 train_time:434790ms step_avg:96.62ms
step:4500/20000 val_loss:2.0396 val_bpb:1.2080 train_time:434801ms step_avg:96.62ms
step:4600/20000 train_loss:1.8388 train_time:444444ms step_avg:96.62ms
step:4700/20000 train_loss:2.2250 train_time:454038ms step_avg:96.60ms
step:4800/20000 train_loss:2.4221 train_time:463694ms step_avg:96.60ms
step:4900/20000 train_loss:2.0444 train_time:473345ms step_avg:96.60ms
step:5000/20000 train_loss:2.0964 train_time:482992ms step_avg:96.60ms
step:5000/20000 val_loss:2.0166 val_bpb:1.1944 train_time:483003ms step_avg:96.60ms
swa:start step:5050
step:5100/20000 train_loss:2.1198 train_time:492717ms step_avg:96.61ms
step:5200/20000 train_loss:2.0305 train_time:502362ms step_avg:96.61ms
step:5300/20000 train_loss:1.9936 train_time:512065ms step_avg:96.62ms
step:5400/20000 train_loss:2.0369 train_time:521777ms step_avg:96.63ms
step:5500/20000 train_loss:2.0078 train_time:531493ms step_avg:96.64ms
step:5500/20000 val_loss:1.9908 val_bpb:1.1790 train_time:531545ms step_avg:96.64ms
step:5600/20000 train_loss:1.9423 train_time:541208ms step_avg:96.64ms
step:5700/20000 train_loss:1.9981 train_time:550852ms step_avg:96.64ms
step:5800/20000 train_loss:1.9831 train_time:560557ms step_avg:96.65ms
step:5900/20000 train_loss:1.8898 train_time:570260ms step_avg:96.65ms
step:6000/20000 train_loss:1.9247 train_time:579965ms step_avg:96.66ms
step:6000/20000 val_loss:1.9649 val_bpb:1.1637 train_time:580005ms step_avg:96.67ms
step:6100/20000 train_loss:1.9045 train_time:589613ms step_avg:96.66ms
step:6200/20000 train_loss:1.9365 train_time:599319ms step_avg:96.66ms
step:6207/20000 val_loss:1.9575 val_bpb:1.1594 train_time:600051ms step_avg:96.67ms
stopping_early: wallclock_cap train_time:600051ms step:6207/20000
peak memory allocated: 25197 MiB reserved: 25280 MiB
swa:applying averaged 24 checkpoints
Serialized model: 96864150 bytes
Code size: 53947 bytes
Total submission size: 96918097 bytes
Serialized model int6+zstd: 15567047 bytes
Total submission size: 15620994 bytes (15.62 MB)
SIZE CHECK PASSED: 15.62 MB < 16.00 MB
/workspace/submission/train_gpt.py:1216: FutureWarning: You are using `torch.load` with `weights_only=False` (the current default value), which uses the default pickle module implicitly. It is possible to construct malicious pickle data which will execute arbitrary code during unpickling (See https://github.com/pytorch/pytorch/blob/main/SECURITY.md#untrusted-models for more details). In a future release, the default value for `weights_only` will be flipped to `True`. This limits the functions that could be executed during unpickling. Arbitrary objects will no longer be allowed to be loaded via this mode unless they are explicitly allowlisted by the user via `torch.serialization.add_safe_globals`. We recommend you start setting `weights_only=True` for any use case where you don't have full control of the loaded file. Please open an issue on GitHub for any issues related to this experimental feature.
  quant_state = torch.load(io.BytesIO(decompressed), map_location="cpu")
/workspace/submission/train_gpt.py:1216: FutureWarning: You are using `torch.load` with `weights_only=False` (the current default value), which uses the default pickle module implicitly. It is possible to construct malicious pickle data which will execute arbitrary code during unpickling (See https://github.com/pytorch/pytorch/blob/main/SECURITY.md#untrusted-models for more details). In a future release, the default value for `weights_only` will be flipped to `True`. This limits the functions that could be executed during unpickling. Arbitrary objects will no longer be allowed to be loaded via this mode unless they are explicitly allowlisted by the user via `torch.serialization.add_safe_globals`. We recommend you start setting `weights_only=True` for any use case where you don't have full control of the loaded file. Please open an issue on GitHub for any issues related to this experimental feature.
  quant_state = torch.load(io.BytesIO(decompressed), map_location="cpu")
/workspace/submission/train_gpt.py:1216: FutureWarning: You are using `torch.load` with `weights_only=False` (the current default value), which uses the default pickle module implicitly. It is possible to construct malicious pickle data which will execute arbitrary code during unpickling (See https://github.com/pytorch/pytorch/blob/main/SECURITY.md#untrusted-models for more details). In a future release, the default value for `weights_only` will be flipped to `True`. This limits the functions that could be executed during unpickling. Arbitrary objects will no longer be allowed to be loaded via this mode unless they are explicitly allowlisted by the user via `torch.serialization.add_safe_globals`. We recommend you start setting `weights_only=True` for any use case where you don't have full control of the loaded file. Please open an issue on GitHub for any issues related to this experimental feature.
  quant_state = torch.load(io.BytesIO(decompressed), map_location="cpu")
/workspace/submission/train_gpt.py:1216: FutureWarning: You are using `torch.load` with `weights_only=False` (the current default value), which uses the default pickle module implicitly. It is possible to construct malicious pickle data which will execute arbitrary code during unpickling (See https://github.com/pytorch/pytorch/blob/main/SECURITY.md#untrusted-models for more details). In a future release, the default value for `weights_only` will be flipped to `True`. This limits the functions that could be executed during unpickling. Arbitrary objects will no longer be allowed to be loaded via this mode unless they are explicitly allowlisted by the user via `torch.serialization.add_safe_globals`. We recommend you start setting `weights_only=True` for any use case where you don't have full control of the loaded file. Please open an issue on GitHub for any issues related to this experimental feature.
  quant_state = torch.load(io.BytesIO(decompressed), map_location="cpu")
/workspace/submission/train_gpt.py:1216: FutureWarning: You are using `torch.load` with `weights_only=False` (the current default value), which uses the default pickle module implicitly. It is possible to construct malicious pickle data which will execute arbitrary code during unpickling (See https://github.com/pytorch/pytorch/blob/main/SECURITY.md#untrusted-models for more details). In a future release, the default value for `weights_only` will be flipped to `True`. This limits the functions that could be executed during unpickling. Arbitrary objects will no longer be allowed to be loaded via this mode unless they are explicitly allowlisted by the user via `torch.serialization.add_safe_globals`. We recommend you start setting `weights_only=True` for any use case where you don't have full control of the loaded file. Please open an issue on GitHub for any issues related to this experimental feature.
  quant_state = torch.load(io.BytesIO(decompressed), map_location="cpu")
/workspace/submission/train_gpt.py:1216: FutureWarning: You are using `torch.load` with `weights_only=False` (the current default value), which uses the default pickle module implicitly. It is possible to construct malicious pickle data which will execute arbitrary code during unpickling (See https://github.com/pytorch/pytorch/blob/main/SECURITY.md#untrusted-models for more details). In a future release, the default value for `weights_only` will be flipped to `True`. This limits the functions that could be executed during unpickling. Arbitrary objects will no longer be allowed to be loaded via this mode unless they are explicitly allowlisted by the user via `torch.serialization.add_safe_globals`. We recommend you start setting `weights_only=True` for any use case where you don't have full control of the loaded file. Please open an issue on GitHub for any issues related to this experimental feature.
  quant_state = torch.load(io.BytesIO(decompressed), map_location="cpu")
/workspace/submission/train_gpt.py:1216: FutureWarning: You are using `torch.load` with `weights_only=False` (the current default value), which uses the default pickle module implicitly. It is possible to construct malicious pickle data which will execute arbitrary code during unpickling (See https://github.com/pytorch/pytorch/blob/main/SECURITY.md#untrusted-models for more details). In a future release, the default value for `weights_only` will be flipped to `True`. This limits the functions that could be executed during unpickling. Arbitrary objects will no longer be allowed to be loaded via this mode unless they are explicitly allowlisted by the user via `torch.serialization.add_safe_globals`. We recommend you start setting `weights_only=True` for any use case where you don't have full control of the loaded file. Please open an issue on GitHub for any issues related to this experimental feature.
  quant_state = torch.load(io.BytesIO(decompressed), map_location="cpu")
/workspace/submission/train_gpt.py:1216: FutureWarning: You are using `torch.load` with `weights_only=False` (the current default value), which uses the default pickle module implicitly. It is possible to construct malicious pickle data which will execute arbitrary code during unpickling (See https://github.com/pytorch/pytorch/blob/main/SECURITY.md#untrusted-models for more details). In a future release, the default value for `weights_only` will be flipped to `True`. This limits the functions that could be executed during unpickling. Arbitrary objects will no longer be allowed to be loaded via this mode unless they are explicitly allowlisted by the user via `torch.serialization.add_safe_globals`. We recommend you start setting `weights_only=True` for any use case where you don't have full control of the loaded file. Please open an issue on GitHub for any issues related to this experimental feature.
  quant_state = torch.load(io.BytesIO(decompressed), map_location="cpu")
final_eval_mode:sliding_window stride:64 batch_seqs:32
  sliding_eval [  0.0%] 32/121136 windows running_bpb=1.215571
  sliding_eval [  1.3%] 1632/121136 windows running_bpb=1.145384
  sliding_eval [  2.7%] 3232/121136 windows running_bpb=1.146634
  sliding_eval [  4.0%] 4832/121136 windows running_bpb=1.140389
  sliding_eval [  5.3%] 6432/121136 windows running_bpb=1.152160
  sliding_eval [  6.6%] 8032/121136 windows running_bpb=1.153567
  sliding_eval [  8.0%] 9632/121136 windows running_bpb=1.155108
  sliding_eval [  9.3%] 11232/121136 windows running_bpb=1.150445
  sliding_eval [ 10.6%] 12832/121136 windows running_bpb=1.147938
  sliding_eval [ 11.9%] 14432/121136 windows running_bpb=1.149667
  sliding_eval [ 13.2%] 16032/121136 windows running_bpb=1.158456
  sliding_eval [ 14.6%] 17632/121136 windows running_bpb=1.156705
  sliding_eval [ 15.9%] 19232/121136 windows running_bpb=1.157899
  sliding_eval [ 17.2%] 20832/121136 windows running_bpb=1.156148
  sliding_eval [ 18.5%] 22432/121136 windows running_bpb=1.154538
  sliding_eval [ 19.8%] 24032/121136 windows running_bpb=1.154915
  sliding_eval [ 21.2%] 25632/121136 windows running_bpb=1.156341
  sliding_eval [ 22.5%] 27232/121136 windows running_bpb=1.156911
  sliding_eval [ 23.8%] 28832/121136 windows running_bpb=1.163123
  sliding_eval [ 25.1%] 30432/121136 windows running_bpb=1.160502
  sliding_eval [ 26.4%] 32032/121136 windows running_bpb=1.161487
  sliding_eval [ 27.8%] 33632/121136 windows running_bpb=1.160143
  sliding_eval [ 29.1%] 35232/121136 windows running_bpb=1.159485
  sliding_eval [ 30.4%] 36832/121136 windows running_bpb=1.159121
  sliding_eval [ 31.7%] 38432/121136 windows running_bpb=1.159817
  sliding_eval [ 33.0%] 40032/121136 windows running_bpb=1.157480
  sliding_eval [ 34.4%] 41632/121136 windows running_bpb=1.156511
  sliding_eval [ 35.7%] 43232/121136 windows running_bpb=1.156851
  sliding_eval [ 37.0%] 44832/121136 windows running_bpb=1.155660
  sliding_eval [ 38.3%] 46432/121136 windows running_bpb=1.155420
  sliding_eval [ 39.7%] 48032/121136 windows running_bpb=1.154683
  sliding_eval [ 41.0%] 49632/121136 windows running_bpb=1.155899
  sliding_eval [ 42.3%] 51232/121136 windows running_bpb=1.156952
  sliding_eval [ 43.6%] 52832/121136 windows running_bpb=1.157465
  sliding_eval [ 44.9%] 54432/121136 windows running_bpb=1.156963
  sliding_eval [ 46.3%] 56032/121136 windows running_bpb=1.157349
  sliding_eval [ 47.6%] 57632/121136 windows running_bpb=1.156443
  sliding_eval [ 48.9%] 59232/121136 windows running_bpb=1.152576
  sliding_eval [ 50.2%] 60832/121136 windows running_bpb=1.152694
  sliding_eval [ 51.5%] 62432/121136 windows running_bpb=1.153624
  sliding_eval [ 52.9%] 64032/121136 windows running_bpb=1.153767
  sliding_eval [ 54.2%] 65632/121136 windows running_bpb=1.153633
  sliding_eval [ 55.5%] 67232/121136 windows running_bpb=1.152414
  sliding_eval [ 56.8%] 68832/121136 windows running_bpb=1.152156
  sliding_eval [ 58.1%] 70432/121136 windows running_bpb=1.151442
  sliding_eval [ 59.5%] 72032/121136 windows running_bpb=1.151515
  sliding_eval [ 60.8%] 73632/121136 windows running_bpb=1.151492
  sliding_eval [ 62.1%] 75232/121136 windows running_bpb=1.151673
  sliding_eval [ 63.4%] 76832/121136 windows running_bpb=1.151371
  sliding_eval [ 64.7%] 78432/121136 windows running_bpb=1.151955
  sliding_eval [ 66.1%] 80032/121136 windows running_bpb=1.152240
  sliding_eval [ 67.4%] 81632/121136 windows running_bpb=1.151937
  sliding_eval [ 68.7%] 83232/121136 windows running_bpb=1.152965
  sliding_eval [ 70.0%] 84832/121136 windows running_bpb=1.154865
  sliding_eval [ 71.4%] 86432/121136 windows running_bpb=1.154140
  sliding_eval [ 72.7%] 88032/121136 windows running_bpb=1.154867
  sliding_eval [ 74.0%] 89632/121136 windows running_bpb=1.155211
  sliding_eval [ 75.3%] 91232/121136 windows running_bpb=1.155225
  sliding_eval [ 76.6%] 92832/121136 windows running_bpb=1.154805
  sliding_eval [ 78.0%] 94432/121136 windows running_bpb=1.155040
  sliding_eval [ 79.3%] 96032/121136 windows running_bpb=1.154453
  sliding_eval [ 80.6%] 97632/121136 windows running_bpb=1.157248
  sliding_eval [ 81.9%] 99232/121136 windows running_bpb=1.157246
  sliding_eval [ 83.2%] 100832/121136 windows running_bpb=1.157285
  sliding_eval [ 84.6%] 102432/121136 windows running_bpb=1.156913
  sliding_eval [ 85.9%] 104032/121136 windows running_bpb=1.156440
  sliding_eval [ 87.2%] 105632/121136 windows running_bpb=1.155683
  sliding_eval [ 88.5%] 107232/121136 windows running_bpb=1.155666
  sliding_eval [ 89.8%] 108832/121136 windows running_bpb=1.156286
  sliding_eval [ 91.2%] 110432/121136 windows running_bpb=1.156331
  sliding_eval [ 92.5%] 112032/121136 windows running_bpb=1.156277
  sliding_eval [ 93.8%] 113632/121136 windows running_bpb=1.156723
  sliding_eval [ 95.1%] 115232/121136 windows running_bpb=1.156472
  sliding_eval [ 96.4%] 116832/121136 windows running_bpb=1.156093
  sliding_eval [ 97.8%] 118432/121136 windows running_bpb=1.156418
  sliding_eval [ 99.1%] 120032/121136 windows running_bpb=1.156536
final_int8_zlib_roundtrip val_loss:1.9432 val_bpb:1.1508 eval_time:257362ms
final_int8_zlib_roundtrip_exact val_loss:1.94315106 val_bpb:1.15084656
=== Seed 2024 ===
W0325 07:54:47.711000 132224411792000 torch/distributed/run.py:779] 
W0325 07:54:47.711000 132224411792000 torch/distributed/run.py:779] *****************************************
W0325 07:54:47.711000 132224411792000 torch/distributed/run.py:779] Setting OMP_NUM_THREADS environment variable for each process to be 1 in default, to avoid your system being overloaded, please further tune the variable for optimal performance in your application as needed. 
W0325 07:54:47.711000 132224411792000 torch/distributed/run.py:779] *****************************************
logs/2fd3011e-cf7e-4813-892c-4188650cb7e4.txt
val_bpb:enabled tokenizer_kind=sentencepiece tokenizer_path=./data/tokenizers/fineweb_1024_bpe.model
train_loader:dataset:fineweb10B_sp1024 train_shards:80
val_loader:shards pattern=./data/datasets/fineweb10B_sp1024/fineweb_val_*.bin tokens:62021632
model_params:24730705
world_size:8 grad_accum_steps:1
attention_mode:gqa num_heads:8 num_kv_heads:4
tie_embeddings:True embed_lr:0.03 matrix_lr:0.02 scalar_lr:0.02
train_batch_tokens:786432 train_seq_len:2048 iterations:20000 warmup_steps:20 max_wallclock_seconds:600.000
seed:2024
warmup_step:1/20
warmup_step:2/20
warmup_step:3/20
warmup_step:4/20
warmup_step:5/20
warmup_step:6/20
warmup_step:7/20
warmup_step:8/20
warmup_step:9/20
warmup_step:10/20
warmup_step:11/20
warmup_step:12/20
warmup_step:13/20
warmup_step:14/20
warmup_step:15/20
warmup_step:16/20
warmup_step:17/20
warmup_step:18/20
warmup_step:19/20
warmup_step:20/20
step:0/20000 val_loss:6.9274 val_bpb:4.1028 train_time:0ms step_avg:0.01ms
step:1/20000 train_loss:6.9305 train_time:146ms step_avg:146.45ms
step:2/20000 train_loss:7.6541 train_time:231ms step_avg:115.33ms
step:3/20000 train_loss:7.2740 train_time:327ms step_avg:108.89ms
step:4/20000 train_loss:7.9482 train_time:422ms step_avg:105.56ms
step:5/20000 train_loss:8.2933 train_time:519ms step_avg:103.70ms
step:6/20000 train_loss:8.2743 train_time:614ms step_avg:102.38ms
step:7/20000 train_loss:7.5780 train_time:709ms step_avg:101.32ms
step:8/20000 train_loss:6.8716 train_time:805ms step_avg:100.64ms
step:9/20000 train_loss:6.4468 train_time:901ms step_avg:100.12ms
step:10/20000 train_loss:6.0611 train_time:996ms step_avg:99.62ms
step:100/20000 train_loss:3.2292 train_time:9617ms step_avg:96.17ms
step:200/20000 train_loss:2.4546 train_time:19261ms step_avg:96.31ms
step:300/20000 train_loss:2.5762 train_time:28952ms step_avg:96.51ms
step:400/20000 train_loss:2.4349 train_time:38661ms step_avg:96.65ms
step:500/20000 train_loss:2.4143 train_time:48351ms step_avg:96.70ms
step:500/20000 val_loss:2.3761 val_bpb:1.4072 train_time:48363ms step_avg:96.73ms
step:600/20000 train_loss:2.3491 train_time:58100ms step_avg:96.83ms
step:700/20000 train_loss:2.3640 train_time:67852ms step_avg:96.93ms
step:800/20000 train_loss:2.2535 train_time:77597ms step_avg:97.00ms
step:900/20000 train_loss:2.1461 train_time:87344ms step_avg:97.05ms
step:1000/20000 train_loss:2.2890 train_time:97038ms step_avg:97.04ms
step:1000/20000 val_loss:2.2408 val_bpb:1.3271 train_time:97050ms step_avg:97.05ms
step:1100/20000 train_loss:2.3359 train_time:106780ms step_avg:97.07ms
step:1200/20000 train_loss:2.3691 train_time:116513ms step_avg:97.09ms
step:1300/20000 train_loss:2.1153 train_time:126233ms step_avg:97.10ms
step:1400/20000 train_loss:2.1938 train_time:135969ms step_avg:97.12ms
step:1500/20000 train_loss:2.2351 train_time:145627ms step_avg:97.08ms
step:1500/20000 val_loss:2.1981 val_bpb:1.3018 train_time:145639ms step_avg:97.09ms
step:1600/20000 train_loss:2.0893 train_time:155331ms step_avg:97.08ms
step:1700/20000 train_loss:2.1515 train_time:165046ms step_avg:97.09ms
step:1800/20000 train_loss:2.1770 train_time:174744ms step_avg:97.08ms
step:1900/20000 train_loss:2.1413 train_time:184388ms step_avg:97.05ms
step:2000/20000 train_loss:2.0797 train_time:194078ms step_avg:97.04ms
step:2000/20000 val_loss:2.1449 val_bpb:1.2704 train_time:194090ms step_avg:97.04ms
step:2100/20000 train_loss:2.0605 train_time:203838ms step_avg:97.07ms
step:2200/20000 train_loss:2.1593 train_time:213539ms step_avg:97.06ms
step:2300/20000 train_loss:2.1190 train_time:223218ms step_avg:97.05ms
step:2400/20000 train_loss:2.0779 train_time:232836ms step_avg:97.01ms
step:2500/20000 train_loss:2.1796 train_time:242502ms step_avg:97.00ms
step:2500/20000 val_loss:2.1176 val_bpb:1.2542 train_time:242513ms step_avg:97.01ms
step:2600/20000 train_loss:2.1183 train_time:252182ms step_avg:96.99ms
step:2700/20000 train_loss:2.1120 train_time:261847ms step_avg:96.98ms
step:2800/20000 train_loss:2.1668 train_time:271527ms step_avg:96.97ms
step:2900/20000 train_loss:2.0367 train_time:281137ms step_avg:96.94ms
step:3000/20000 train_loss:2.1726 train_time:290803ms step_avg:96.93ms
step:3000/20000 val_loss:2.1018 val_bpb:1.2448 train_time:290815ms step_avg:96.94ms
step:3100/20000 train_loss:2.0464 train_time:300470ms step_avg:96.93ms
step:3200/20000 train_loss:2.1855 train_time:310133ms step_avg:96.92ms
step:3300/20000 train_loss:2.0792 train_time:319748ms step_avg:96.89ms
step:3400/20000 train_loss:2.0280 train_time:329396ms step_avg:96.88ms
step:3500/20000 train_loss:2.1863 train_time:339060ms step_avg:96.87ms
step:3500/20000 val_loss:2.0858 val_bpb:1.2353 train_time:339071ms step_avg:96.88ms
step:3600/20000 train_loss:2.1011 train_time:348717ms step_avg:96.87ms
step:3700/20000 train_loss:2.0936 train_time:358391ms step_avg:96.86ms
step:3800/20000 train_loss:2.0715 train_time:367979ms step_avg:96.84ms
step:3900/20000 train_loss:2.0767 train_time:377638ms step_avg:96.83ms
step:4000/20000 train_loss:1.9762 train_time:387288ms step_avg:96.82ms
step:4000/20000 val_loss:2.0642 val_bpb:1.2225 train_time:387299ms step_avg:96.82ms
step:4100/20000 train_loss:2.0123 train_time:396953ms step_avg:96.82ms
step:4200/20000 train_loss:2.1504 train_time:406596ms step_avg:96.81ms
step:4300/20000 train_loss:2.0511 train_time:416194ms step_avg:96.79ms
step:4400/20000 train_loss:2.0288 train_time:425850ms step_avg:96.78ms
step:4500/20000 train_loss:2.1175 train_time:435516ms step_avg:96.78ms
step:4500/20000 val_loss:2.0403 val_bpb:1.2084 train_time:435528ms step_avg:96.78ms
step:4600/20000 train_loss:1.8384 train_time:445175ms step_avg:96.78ms
step:4700/20000 train_loss:2.2272 train_time:454773ms step_avg:96.76ms
step:4800/20000 train_loss:2.4189 train_time:464429ms step_avg:96.76ms
step:4900/20000 train_loss:2.0435 train_time:474087ms step_avg:96.75ms
step:5000/20000 train_loss:2.0960 train_time:483753ms step_avg:96.75ms
step:5000/20000 val_loss:2.0172 val_bpb:1.1947 train_time:483764ms step_avg:96.75ms
swa:start step:5050
step:5100/20000 train_loss:2.1168 train_time:493493ms step_avg:96.76ms
step:5200/20000 train_loss:2.0327 train_time:503149ms step_avg:96.76ms
step:5300/20000 train_loss:2.0008 train_time:512861ms step_avg:96.77ms
step:5400/20000 train_loss:2.0373 train_time:522584ms step_avg:96.77ms
step:5500/20000 train_loss:2.0055 train_time:532297ms step_avg:96.78ms
step:5500/20000 val_loss:1.9914 val_bpb:1.1794 train_time:532337ms step_avg:96.79ms
step:5600/20000 train_loss:1.9467 train_time:542033ms step_avg:96.79ms
step:5700/20000 train_loss:2.0031 train_time:551695ms step_avg:96.79ms
step:5800/20000 train_loss:1.9835 train_time:561393ms step_avg:96.79ms
step:5900/20000 train_loss:1.8868 train_time:571098ms step_avg:96.80ms
step:6000/20000 train_loss:1.9295 train_time:580812ms step_avg:96.80ms
step:6000/20000 val_loss:1.9654 val_bpb:1.1640 train_time:580851ms step_avg:96.81ms
step:6100/20000 train_loss:1.9046 train_time:590486ms step_avg:96.80ms
step:6198/20000 val_loss:1.9585 val_bpb:1.1599 train_time:600035ms step_avg:96.81ms
stopping_early: wallclock_cap train_time:600035ms step:6198/20000
peak memory allocated: 25197 MiB reserved: 25280 MiB
swa:applying averaged 23 checkpoints
Serialized model: 96864150 bytes
Code size: 53947 bytes
Total submission size: 96918097 bytes
Serialized model int6+zstd: 15273866 bytes
Total submission size: 15327813 bytes (15.33 MB)
SIZE CHECK PASSED: 15.33 MB < 16.00 MB
/workspace/submission/train_gpt.py:1216: FutureWarning: You are using `torch.load` with `weights_only=False` (the current default value), which uses the default pickle module implicitly. It is possible to construct malicious pickle data which will execute arbitrary code during unpickling (See https://github.com/pytorch/pytorch/blob/main/SECURITY.md#untrusted-models for more details). In a future release, the default value for `weights_only` will be flipped to `True`. This limits the functions that could be executed during unpickling. Arbitrary objects will no longer be allowed to be loaded via this mode unless they are explicitly allowlisted by the user via `torch.serialization.add_safe_globals`. We recommend you start setting `weights_only=True` for any use case where you don't have full control of the loaded file. Please open an issue on GitHub for any issues related to this experimental feature.
  quant_state = torch.load(io.BytesIO(decompressed), map_location="cpu")
/workspace/submission/train_gpt.py:1216: FutureWarning: You are using `torch.load` with `weights_only=False` (the current default value), which uses the default pickle module implicitly. It is possible to construct malicious pickle data which will execute arbitrary code during unpickling (See https://github.com/pytorch/pytorch/blob/main/SECURITY.md#untrusted-models for more details). In a future release, the default value for `weights_only` will be flipped to `True`. This limits the functions that could be executed during unpickling. Arbitrary objects will no longer be allowed to be loaded via this mode unless they are explicitly allowlisted by the user via `torch.serialization.add_safe_globals`. We recommend you start setting `weights_only=True` for any use case where you don't have full control of the loaded file. Please open an issue on GitHub for any issues related to this experimental feature.
  quant_state = torch.load(io.BytesIO(decompressed), map_location="cpu")
/workspace/submission/train_gpt.py:1216: FutureWarning: You are using `torch.load` with `weights_only=False` (the current default value), which uses the default pickle module implicitly. It is possible to construct malicious pickle data which will execute arbitrary code during unpickling (See https://github.com/pytorch/pytorch/blob/main/SECURITY.md#untrusted-models for more details). In a future release, the default value for `weights_only` will be flipped to `True`. This limits the functions that could be executed during unpickling. Arbitrary objects will no longer be allowed to be loaded via this mode unless they are explicitly allowlisted by the user via `torch.serialization.add_safe_globals`. We recommend you start setting `weights_only=True` for any use case where you don't have full control of the loaded file. Please open an issue on GitHub for any issues related to this experimental feature.
  quant_state = torch.load(io.BytesIO(decompressed), map_location="cpu")
/workspace/submission/train_gpt.py:1216: FutureWarning: You are using `torch.load` with `weights_only=False` (the current default value), which uses the default pickle module implicitly. It is possible to construct malicious pickle data which will execute arbitrary code during unpickling (See https://github.com/pytorch/pytorch/blob/main/SECURITY.md#untrusted-models for more details). In a future release, the default value for `weights_only` will be flipped to `True`. This limits the functions that could be executed during unpickling. Arbitrary objects will no longer be allowed to be loaded via this mode unless they are explicitly allowlisted by the user via `torch.serialization.add_safe_globals`. We recommend you start setting `weights_only=True` for any use case where you don't have full control of the loaded file. Please open an issue on GitHub for any issues related to this experimental feature.
  quant_state = torch.load(io.BytesIO(decompressed), map_location="cpu")
/workspace/submission/train_gpt.py:1216: FutureWarning: You are using `torch.load` with `weights_only=False` (the current default value), which uses the default pickle module implicitly. It is possible to construct malicious pickle data which will execute arbitrary code during unpickling (See https://github.com/pytorch/pytorch/blob/main/SECURITY.md#untrusted-models for more details). In a future release, the default value for `weights_only` will be flipped to `True`. This limits the functions that could be executed during unpickling. Arbitrary objects will no longer be allowed to be loaded via this mode unless they are explicitly allowlisted by the user via `torch.serialization.add_safe_globals`. We recommend you start setting `weights_only=True` for any use case where you don't have full control of the loaded file. Please open an issue on GitHub for any issues related to this experimental feature.
  quant_state = torch.load(io.BytesIO(decompressed), map_location="cpu")
/workspace/submission/train_gpt.py:1216: FutureWarning: You are using `torch.load` with `weights_only=False` (the current default value), which uses the default pickle module implicitly. It is possible to construct malicious pickle data which will execute arbitrary code during unpickling (See https://github.com/pytorch/pytorch/blob/main/SECURITY.md#untrusted-models for more details). In a future release, the default value for `weights_only` will be flipped to `True`. This limits the functions that could be executed during unpickling. Arbitrary objects will no longer be allowed to be loaded via this mode unless they are explicitly allowlisted by the user via `torch.serialization.add_safe_globals`. We recommend you start setting `weights_only=True` for any use case where you don't have full control of the loaded file. Please open an issue on GitHub for any issues related to this experimental feature.
  quant_state = torch.load(io.BytesIO(decompressed), map_location="cpu")
/workspace/submission/train_gpt.py:1216: FutureWarning: You are using `torch.load` with `weights_only=False` (the current default value), which uses the default pickle module implicitly. It is possible to construct malicious pickle data which will execute arbitrary code during unpickling (See https://github.com/pytorch/pytorch/blob/main/SECURITY.md#untrusted-models for more details). In a future release, the default value for `weights_only` will be flipped to `True`. This limits the functions that could be executed during unpickling. Arbitrary objects will no longer be allowed to be loaded via this mode unless they are explicitly allowlisted by the user via `torch.serialization.add_safe_globals`. We recommend you start setting `weights_only=True` for any use case where you don't have full control of the loaded file. Please open an issue on GitHub for any issues related to this experimental feature.
  quant_state = torch.load(io.BytesIO(decompressed), map_location="cpu")
/workspace/submission/train_gpt.py:1216: FutureWarning: You are using `torch.load` with `weights_only=False` (the current default value), which uses the default pickle module implicitly. It is possible to construct malicious pickle data which will execute arbitrary code during unpickling (See https://github.com/pytorch/pytorch/blob/main/SECURITY.md#untrusted-models for more details). In a future release, the default value for `weights_only` will be flipped to `True`. This limits the functions that could be executed during unpickling. Arbitrary objects will no longer be allowed to be loaded via this mode unless they are explicitly allowlisted by the user via `torch.serialization.add_safe_globals`. We recommend you start setting `weights_only=True` for any use case where you don't have full control of the loaded file. Please open an issue on GitHub for any issues related to this experimental feature.
  quant_state = torch.load(io.BytesIO(decompressed), map_location="cpu")
final_eval_mode:sliding_window stride:64 batch_seqs:32
  sliding_eval [  0.0%] 32/121136 windows running_bpb=1.216181
  sliding_eval [  1.3%] 1632/121136 windows running_bpb=1.144532
  sliding_eval [  2.7%] 3232/121136 windows running_bpb=1.146602
  sliding_eval [  4.0%] 4832/121136 windows running_bpb=1.140936
  sliding_eval [  5.3%] 6432/121136 windows running_bpb=1.153575
  sliding_eval [  6.6%] 8032/121136 windows running_bpb=1.154620
  sliding_eval [  8.0%] 9632/121136 windows running_bpb=1.155571
  sliding_eval [  9.3%] 11232/121136 windows running_bpb=1.150897
  sliding_eval [ 10.6%] 12832/121136 windows running_bpb=1.148410
  sliding_eval [ 11.9%] 14432/121136 windows running_bpb=1.150199
  sliding_eval [ 13.2%] 16032/121136 windows running_bpb=1.158977
  sliding_eval [ 14.6%] 17632/121136 windows running_bpb=1.157196
  sliding_eval [ 15.9%] 19232/121136 windows running_bpb=1.158572
  sliding_eval [ 17.2%] 20832/121136 windows running_bpb=1.156692
  sliding_eval [ 18.5%] 22432/121136 windows running_bpb=1.155084
  sliding_eval [ 19.8%] 24032/121136 windows running_bpb=1.155505
  sliding_eval [ 21.2%] 25632/121136 windows running_bpb=1.156831
  sliding_eval [ 22.5%] 27232/121136 windows running_bpb=1.157307
  sliding_eval [ 23.8%] 28832/121136 windows running_bpb=1.163444
  sliding_eval [ 25.1%] 30432/121136 windows running_bpb=1.160862
  sliding_eval [ 26.4%] 32032/121136 windows running_bpb=1.161873
  sliding_eval [ 27.8%] 33632/121136 windows running_bpb=1.160560
  sliding_eval [ 29.1%] 35232/121136 windows running_bpb=1.159839
  sliding_eval [ 30.4%] 36832/121136 windows running_bpb=1.159443
  sliding_eval [ 31.7%] 38432/121136 windows running_bpb=1.160102
  sliding_eval [ 33.0%] 40032/121136 windows running_bpb=1.157723
  sliding_eval [ 34.4%] 41632/121136 windows running_bpb=1.156799
  sliding_eval [ 35.7%] 43232/121136 windows running_bpb=1.157178
  sliding_eval [ 37.0%] 44832/121136 windows running_bpb=1.156031
  sliding_eval [ 38.3%] 46432/121136 windows running_bpb=1.155868
  sliding_eval [ 39.7%] 48032/121136 windows running_bpb=1.155177
  sliding_eval [ 41.0%] 49632/121136 windows running_bpb=1.156450
  sliding_eval [ 42.3%] 51232/121136 windows running_bpb=1.157543
  sliding_eval [ 43.6%] 52832/121136 windows running_bpb=1.158109
  sliding_eval [ 44.9%] 54432/121136 windows running_bpb=1.157624
  sliding_eval [ 46.3%] 56032/121136 windows running_bpb=1.158007
  sliding_eval [ 47.6%] 57632/121136 windows running_bpb=1.157124
  sliding_eval [ 48.9%] 59232/121136 windows running_bpb=1.153235
  sliding_eval [ 50.2%] 60832/121136 windows running_bpb=1.153341
  sliding_eval [ 51.5%] 62432/121136 windows running_bpb=1.154246
  sliding_eval [ 52.9%] 64032/121136 windows running_bpb=1.154418
  sliding_eval [ 54.2%] 65632/121136 windows running_bpb=1.154252
  sliding_eval [ 55.5%] 67232/121136 windows running_bpb=1.153036
  sliding_eval [ 56.8%] 68832/121136 windows running_bpb=1.152752
  sliding_eval [ 58.1%] 70432/121136 windows running_bpb=1.152040
  sliding_eval [ 59.5%] 72032/121136 windows running_bpb=1.152125
  sliding_eval [ 60.8%] 73632/121136 windows running_bpb=1.152084
  sliding_eval [ 62.1%] 75232/121136 windows running_bpb=1.152294
  sliding_eval [ 63.4%] 76832/121136 windows running_bpb=1.151997
  sliding_eval [ 64.7%] 78432/121136 windows running_bpb=1.152615
  sliding_eval [ 66.1%] 80032/121136 windows running_bpb=1.152919
  sliding_eval [ 67.4%] 81632/121136 windows running_bpb=1.152593
  sliding_eval [ 68.7%] 83232/121136 windows running_bpb=1.153612
  sliding_eval [ 70.0%] 84832/121136 windows running_bpb=1.155550
  sliding_eval [ 71.4%] 86432/121136 windows running_bpb=1.154836
  sliding_eval [ 72.7%] 88032/121136 windows running_bpb=1.155549
  sliding_eval [ 74.0%] 89632/121136 windows running_bpb=1.155907
  sliding_eval [ 75.3%] 91232/121136 windows running_bpb=1.155878
  sliding_eval [ 76.6%] 92832/121136 windows running_bpb=1.155456
  sliding_eval [ 78.0%] 94432/121136 windows running_bpb=1.155681
  sliding_eval [ 79.3%] 96032/121136 windows running_bpb=1.155095
  sliding_eval [ 80.6%] 97632/121136 windows running_bpb=1.157920
  sliding_eval [ 81.9%] 99232/121136 windows running_bpb=1.157931
  sliding_eval [ 83.2%] 100832/121136 windows running_bpb=1.157985
  sliding_eval [ 84.6%] 102432/121136 windows running_bpb=1.157604
  sliding_eval [ 85.9%] 104032/121136 windows running_bpb=1.157098
  sliding_eval [ 87.2%] 105632/121136 windows running_bpb=1.156348
  sliding_eval [ 88.5%] 107232/121136 windows running_bpb=1.156335
  sliding_eval [ 89.8%] 108832/121136 windows running_bpb=1.156985
  sliding_eval [ 91.2%] 110432/121136 windows running_bpb=1.157018
  sliding_eval [ 92.5%] 112032/121136 windows running_bpb=1.156993
  sliding_eval [ 93.8%] 113632/121136 windows running_bpb=1.157412
  sliding_eval [ 95.1%] 115232/121136 windows running_bpb=1.157139
  sliding_eval [ 96.4%] 116832/121136 windows running_bpb=1.156761
  sliding_eval [ 97.8%] 118432/121136 windows running_bpb=1.157084
  sliding_eval [ 99.1%] 120032/121136 windows running_bpb=1.157164
final_int8_zlib_roundtrip val_loss:1.9441 val_bpb:1.1514 eval_time:257658ms
final_int8_zlib_roundtrip_exact val_loss:1.94406554 val_bpb:1.15138816
