Running skc_8L_512D_128C (L=8 D=512 C=128 MODE=validate SMOKE=0)
logs/cuda/run_1775414477.txt
DDP enabled: 1 GPUs
Muon optimizer: matrix_lr=0.02 scalar_lr=0.015 embed_lr=0.025
params:32022220 L:8 d:512 h:8 kv:4 ws:1 ga:8 s:1337
warmup:1/5
warmup:2/5
warmup:3/5
warmup:4/5
warmup:5/5
step:0/10000 val_loss:6.9310 val_bpb:4.1724 train_time:0ms zero_frac:0.309
step:20/10000 loss:20.9215 t:19220ms avg:961.0ms
step:40/10000 loss:28.9808 t:39209ms avg:980.2ms
step:60/10000 loss:32.2476 t:60422ms avg:1007.0ms
step:80/10000 loss:23.1653 t:84179ms avg:1052.2ms
step:100/10000 loss:10.9926 t:107903ms avg:1079.0ms
step:120/10000 loss:6.8339 t:133833ms avg:1115.3ms
step:140/10000 loss:6.0880 t:161074ms avg:1150.5ms
step:160/10000 loss:5.3486 t:187628ms avg:1172.7ms
step:180/10000 loss:5.1855 t:218530ms avg:1214.1ms
step:200/10000 loss:4.8106 t:255640ms avg:1278.2ms
step:200/10000 val_loss:4.6334 val_bpb:2.7892 train_time:255650ms zero_frac:0.318
step:220/10000 loss:4.4868 t:294618ms avg:1339.2ms
step:240/10000 loss:4.4632 t:332802ms avg:1386.7ms
step:260/10000 loss:4.3163 t:371493ms avg:1428.8ms
step:280/10000 loss:4.3202 t:410657ms avg:1466.6ms
step:290/10000 val_loss:4.0942 val_bpb:2.4646 train_time:431038ms zero_frac:0.319
stopping_early: wallclock_cap train_time:431038ms step:290/10000
artifact:10.07MB ternary:29360128(6330800B) fp:2141900(4283800B) code:176975
budget:10246583/16000000 (10.25/16.00MB) FITS
eval_feedback_passes:2
final_ternary_roundtrip val_loss:4.4108 val_bpb:2.6552
=== DONE skc_8L_512D_128C ===
Log      : logs/ablation_skc_8L_512D_128C.log
Artifact : logs/ablation_skc_8L_512D_128C_model.ternary.ptz
Submit   : logs/ablation_skc_8L_512D_128C_submission.json
