====== START J_lr_low @ Fri Apr  3 15:43:29 CDT 2026 ======
Ternary Reasoner — MLX local testing
Python 3.12.3 (main, Apr  9 2024, 08:09:14) [Clang 15.0.0 (clang-1500.3.9.4)]
MLX 0.31.1
model_params:612258 arch:skc layers:4 dim:128 heads:4 seq_len:256
feedback:False passes:1 every:2 eval_passes:2 capsule:False engram:False(4h2o@L1) vrl:False xsa_start:999 partial_rope:16 lrelu2:lrelu2 shared_blocks:0
optimizer: matrix_lr=0.02 scalar_lr=0.015 embed_lr=0.035 muon_wd=0.04 adam_wd=0.04
eval: sliding=True@32 temp_scaling=False ttt=False ngram_cache=False
turbo_quant: train=False export=1 kv=True
convergence: noise=0.0 sdepth=0.0 ema_eval=False self_distill=0.0 curriculum=True(seq:64->128->256 @35%/65%)
weight_averaging: lawa=True(k=5 freq=100) swa=True(every=50 start_scale=0.2) smeargate=True
radical: tko=True weight_sharing=0 inside_out=0(p1=0.2 p2=0.55) skc=True deq=0
step:1/100000 loss:6.9357 t:177ms step:177ms
step:2/100000 loss:6.7038 t:318ms step:141ms
step:3/100000 loss:6.2847 t:461ms step:143ms
step:4/100000 loss:6.1299 t:604ms step:142ms
step:5/100000 loss:6.1490 t:748ms step:144ms
step:10/100000 loss:5.9603 t:1435ms step:138ms
step:20/100000 loss:5.7359 t:2857ms step:143ms
step:30/100000 loss:5.3654 t:4284ms step:150ms
step:40/100000 loss:5.0956 t:5697ms step:142ms
step:50/100000 loss:4.9087 t:7123ms step:143ms
step:60/100000 loss:4.8425 t:8533ms step:143ms
step:70/100000 loss:4.6984 t:9966ms step:142ms
step:80/100000 loss:4.6313 t:11383ms step:142ms
step:90/100000 loss:4.6055 t:12799ms step:141ms
step:100/100000 loss:4.6470 t:14235ms step:144ms
step:110/100000 loss:4.5020 t:15657ms step:145ms
step:120/100000 loss:4.3703 t:17083ms step:139ms
step:130/100000 loss:4.4389 t:18520ms step:143ms
step:140/100000 loss:4.2742 t:19942ms step:143ms
step:150/100000 loss:4.4938 t:21364ms step:140ms
step:160/100000 loss:4.2946 t:22795ms step:143ms
step:170/100000 loss:4.3160 t:24234ms step:141ms
step:180/100000 loss:4.3393 t:25661ms step:144ms
step:190/100000 loss:4.2039 t:27091ms step:141ms
step:200/100000 loss:4.1800 t:28588ms step:145ms
step:210/100000 loss:4.1588 t:30049ms step:145ms
step:220/100000 loss:4.3111 t:31475ms step:142ms
step:230/100000 loss:4.3215 t:32893ms step:143ms
step:240/100000 loss:4.0615 t:34360ms step:142ms
step:250/100000 loss:4.2437 t:35793ms step:142ms
step:260/100000 loss:4.2626 t:37222ms step:139ms
step:270/100000 loss:4.1402 t:38645ms step:142ms
step:280/100000 loss:4.0796 t:40071ms step:142ms
step:290/100000 loss:4.3028 t:41499ms step:142ms
step:300/100000 loss:4.2619 t:42950ms step:172ms
step:310/100000 loss:4.1300 t:44365ms step:142ms
step:320/100000 loss:4.1961 t:45807ms step:149ms
step:330/100000 loss:4.0779 t:47227ms step:144ms
step:340/100000 loss:4.1446 t:48664ms step:141ms
step:350/100000 loss:4.3510 t:50093ms step:140ms
step:360/100000 loss:4.3547 t:51514ms step:145ms
step:370/100000 loss:4.2055 t:52949ms step:141ms
step:380/100000 loss:4.0919 t:54375ms step:143ms
step:390/100000 loss:4.0453 t:55787ms step:143ms
step:400/100000 loss:4.1150 t:57233ms step:142ms
step:410/100000 loss:4.1377 t:58638ms step:133ms
step:420/100000 loss:3.9990 t:59957ms step:130ms
step:430/100000 loss:3.9145 t:61282ms step:133ms
step:440/100000 loss:4.0743 t:62611ms step:134ms
step:450/100000 loss:4.1894 t:63952ms step:133ms
step:460/100000 loss:4.0097 t:65280ms step:133ms
step:470/100000 loss:3.9390 t:66605ms step:131ms
step:480/100000 loss:4.1354 t:67936ms step:134ms
step:490/100000 loss:4.1254 t:69264ms step:133ms
step:500/100000 loss:4.0730 t:70604ms step:132ms
step:510/100000 loss:4.0871 t:71931ms step:134ms
step:520/100000 loss:4.0588 t:73256ms step:131ms
step:530/100000 loss:3.7594 t:74580ms step:133ms
step:540/100000 loss:4.0155 t:75928ms step:134ms
step:550/100000 loss:4.1046 t:77259ms step:133ms
step:560/100000 loss:3.9722 t:78578ms step:133ms
step:570/100000 loss:3.9770 t:79906ms step:131ms
step:580/100000 loss:3.9932 t:81238ms step:134ms
step:590/100000 loss:4.0173 t:82576ms step:130ms
step:600/100000 loss:3.8917 t:83913ms step:133ms
step:610/100000 loss:3.9404 t:85227ms step:133ms
step:620/100000 loss:3.9517 t:86555ms step:129ms
step:630/100000 loss:4.8093 t:87889ms step:134ms
step:640/100000 loss:3.9709 t:89227ms step:131ms
step:650/100000 loss:3.9617 t:90563ms step:134ms
step:660/100000 loss:3.9239 t:91871ms step:132ms
step:670/100000 loss:4.0784 t:93203ms step:131ms
step:680/100000 loss:3.8153 t:94546ms step:133ms
step:690/100000 loss:3.9310 t:95869ms step:131ms
step:700/100000 loss:3.9994 t:97202ms step:134ms
step:710/100000 loss:3.9749 t:98531ms step:135ms
step:720/100000 loss:3.9308 t:99872ms step:133ms
step:730/100000 loss:3.8295 t:101209ms step:134ms
step:740/100000 loss:3.8277 t:102534ms step:130ms
step:750/100000 loss:3.9708 t:103863ms step:133ms
step:760/100000 loss:4.1774 t:105194ms step:146ms
step:770/100000 loss:4.0756 t:106538ms step:134ms
step:780/100000 loss:3.9558 t:107875ms step:132ms
step:790/100000 loss:4.0456 t:109204ms step:130ms
step:800/100000 loss:4.1238 t:110529ms step:133ms
step:810/100000 loss:3.9151 t:111856ms step:134ms
step:820/100000 loss:3.8962 t:113187ms step:133ms
step:830/100000 loss:3.9956 t:114530ms step:132ms
step:840/100000 loss:4.1049 t:115859ms step:132ms
step:850/100000 loss:4.1604 t:117184ms step:133ms
step:860/100000 loss:4.1100 t:118513ms step:131ms
step:870/100000 loss:3.7781 t:119847ms step:134ms
step:880/100000 loss:3.9885 t:121172ms step:133ms
step:890/100000 loss:3.8626 t:122500ms step:130ms
step:900/100000 loss:3.8761 t:123830ms step:138ms
step:910/100000 loss:3.8365 t:125151ms step:131ms
step:920/100000 loss:3.8694 t:126500ms step:133ms
step:930/100000 loss:4.1365 t:127822ms step:135ms
step:940/100000 loss:4.0269 t:129157ms step:132ms
step:950/100000 loss:3.9055 t:130487ms step:133ms
step:960/100000 loss:3.8615 t:131815ms step:131ms
step:970/100000 loss:4.1927 t:133155ms step:133ms
step:980/100000 loss:3.9216 t:134476ms step:136ms
step:990/100000 loss:3.8334 t:135819ms step:138ms
step:1000/100000 loss:3.8734 t:137147ms step:134ms
step:1010/100000 loss:3.8508 t:138471ms step:130ms
step:1020/100000 loss:3.7724 t:139821ms step:133ms
step:1030/100000 loss:3.8554 t:141139ms step:133ms
step:1040/100000 loss:3.9545 t:142488ms step:133ms
step:1050/100000 loss:3.9273 t:143808ms step:133ms
step:1060/100000 loss:3.9812 t:145135ms step:131ms
step:1070/100000 loss:3.6863 t:146493ms step:134ms
step:1080/100000 loss:3.7919 t:147888ms step:135ms
step:1090/100000 loss:4.0003 t:149234ms step:133ms
step:1100/100000 loss:3.8575 t:150559ms step:133ms
step:1110/100000 loss:3.8357 t:151882ms step:130ms
step:1120/100000 loss:3.8362 t:153222ms step:134ms
step:1130/100000 loss:3.7825 t:154554ms step:130ms
step:1140/100000 loss:4.2718 t:155899ms step:145ms
step:1150/100000 loss:3.8852 t:157215ms step:134ms
step:1160/100000 loss:3.8500 t:158544ms step:132ms
step:1170/100000 loss:3.9296 t:159881ms step:134ms
step:1180/100000 loss:3.7918 t:161212ms step:132ms
step:1190/100000 loss:3.9133 t:162562ms step:130ms
step:1200/100000 loss:3.9205 t:163888ms step:135ms
step:1210/100000 loss:3.9587 t:165218ms step:131ms
step:1220/100000 loss:3.7581 t:166548ms step:133ms
step:1230/100000 loss:3.7170 t:167871ms step:131ms
step:1240/100000 loss:3.8887 t:169216ms step:133ms
step:1250/100000 loss:3.8932 t:170536ms step:133ms
step:1260/100000 loss:3.9371 t:171880ms step:134ms
step:1270/100000 loss:3.8114 t:173205ms step:133ms
step:1280/100000 loss:3.2563 t:174534ms step:131ms
step:1290/100000 loss:3.9664 t:175878ms step:133ms
step:1300/100000 loss:3.9451 t:177202ms step:136ms
step:1310/100000 loss:3.9942 t:178547ms step:133ms
step:1320/100000 loss:3.9350 t:179871ms step:133ms
step:1330/100000 loss:3.6740 t:181194ms step:131ms
step:1340/100000 loss:3.9578 t:182534ms step:132ms
step:1350/100000 loss:3.7225 t:183858ms step:133ms
step:1360/100000 loss:3.7776 t:185200ms step:134ms
step:1370/100000 loss:3.9066 t:186525ms step:133ms
step:1380/100000 loss:3.6293 t:187861ms step:129ms
step:1390/100000 loss:3.8884 t:189200ms step:134ms
step:1400/100000 loss:3.8824 t:190536ms step:132ms
step:1410/100000 loss:3.7214 t:191880ms step:133ms
step:1420/100000 loss:3.6993 t:193200ms step:133ms
step:1430/100000 loss:3.7553 t:194548ms step:130ms
step:1440/100000 loss:4.1584 t:195901ms step:137ms
step:1450/100000 loss:3.9213 t:197232ms step:133ms
step:1460/100000 loss:3.7091 t:198575ms step:135ms
step:1470/100000 loss:4.1556 t:199908ms step:133ms
step:1480/100000 loss:3.8369 t:201263ms step:132ms
step:1490/100000 loss:4.0785 t:202642ms step:135ms
step:1500/100000 loss:4.0009 t:204006ms step:135ms
step:1510/100000 loss:4.0075 t:205365ms step:136ms
step:1520/100000 loss:3.7856 t:206698ms step:135ms
step:1530/100000 loss:3.8222 t:208068ms step:134ms
step:1540/100000 loss:3.9008 t:209417ms step:136ms
step:1550/100000 loss:3.7257 t:210766ms step:134ms
step:1560/100000 loss:3.7084 t:212108ms step:133ms
step:1570/100000 loss:3.7559 t:213442ms step:133ms
step:1580/100000 loss:3.7479 t:214812ms step:131ms
step:1590/100000 loss:3.6954 t:216148ms step:134ms
step:1600/100000 loss:3.8812 t:217479ms step:131ms
step:1610/100000 loss:3.5791 t:218827ms step:136ms
step:1620/100000 loss:3.8351 t:220191ms step:149ms
step:1630/100000 loss:3.8809 t:221529ms step:131ms
step:1640/100000 loss:3.6852 t:222871ms step:134ms
step:1650/100000 loss:3.8215 t:224203ms step:133ms
step:1660/100000 loss:3.9565 t:225544ms step:139ms
step:1670/100000 loss:3.8312 t:226891ms step:132ms
step:1680/100000 loss:3.6754 t:228232ms step:131ms
step:1690/100000 loss:3.7870 t:229564ms step:133ms
step:1700/100000 loss:3.7980 t:230896ms step:131ms
step:1710/100000 loss:3.7122 t:232248ms step:134ms
step:1720/100000 loss:3.6309 t:233602ms step:134ms
step:1730/100000 loss:3.6616 t:234942ms step:132ms
step:1740/100000 loss:3.6860 t:236277ms step:135ms
step:1750/100000 loss:3.5907 t:237615ms step:138ms
step:1760/100000 loss:3.8276 t:238970ms step:136ms
step:1770/100000 loss:4.0500 t:240322ms step:133ms
step:1780/100000 loss:3.6124 t:241657ms step:133ms
step:1790/100000 loss:3.6616 t:242995ms step:135ms
step:1800/100000 loss:3.6448 t:244346ms step:133ms
step:1810/100000 loss:3.6463 t:245705ms step:133ms
step:1820/100000 loss:3.7916 t:247036ms step:136ms
step:1830/100000 loss:3.6953 t:248382ms step:134ms
step:1840/100000 loss:3.4388 t:249723ms step:135ms
step:1850/100000 loss:3.8216 t:251067ms step:131ms
step:1860/100000 loss:3.8462 t:252421ms step:134ms
step:1870/100000 loss:3.6716 t:253755ms step:134ms
step:1880/100000 loss:3.7415 t:255096ms step:133ms
step:1890/100000 loss:3.6516 t:256447ms step:134ms
step:1900/100000 loss:3.6046 t:257786ms step:133ms
step:1910/100000 loss:3.5601 t:259147ms step:134ms
step:1920/100000 loss:3.7368 t:260470ms step:134ms
step:1930/100000 loss:3.6959 t:261827ms step:138ms
step:1940/100000 loss:3.6368 t:263165ms step:136ms
step:1950/100000 loss:3.5010 t:264508ms step:131ms
step:1960/100000 loss:3.6182 t:265871ms step:138ms
step:1970/100000 loss:3.8931 t:267249ms step:141ms
step:1980/100000 loss:4.1191 t:268629ms step:133ms
step:1990/100000 loss:3.5271 t:269968ms step:134ms
step:2000/100000 loss:3.6962 t:271299ms step:130ms
step:2010/100000 loss:3.5655 t:272651ms step:133ms
step:2020/100000 loss:3.6213 t:273988ms step:135ms
step:2030/100000 loss:3.5634 t:275331ms step:133ms
step:2040/100000 loss:3.6514 t:276664ms step:134ms
step:2050/100000 loss:3.5232 t:278014ms step:129ms
step:2060/100000 loss:3.6331 t:279355ms step:133ms
step:2070/100000 loss:3.7062 t:280698ms step:134ms
step:2080/100000 loss:3.4187 t:282049ms step:134ms
step:2090/100000 loss:3.6455 t:283401ms step:138ms
step:2100/100000 loss:3.6013 t:284750ms step:131ms
step:2110/100000 loss:3.5491 t:286097ms step:134ms
step:2120/100000 loss:3.2321 t:287423ms step:135ms
step:2130/100000 loss:3.6156 t:288773ms step:134ms
step:2140/100000 loss:3.5732 t:290106ms step:135ms
step:2150/100000 loss:3.8035 t:291488ms step:129ms
step:2160/100000 loss:3.5743 t:292807ms step:133ms
step:2170/100000 loss:3.6034 t:294124ms step:131ms
step:2180/100000 loss:3.6738 t:295450ms step:131ms
step:2190/100000 loss:3.5708 t:296786ms step:147ms
step:2200/100000 loss:3.4982 t:298099ms step:133ms
step:2210/100000 loss:3.3834 t:299420ms step:132ms
val_progress:1/2
val_progress:2/2
step:2215/100000 val_loss:3.5898 val_bpb:2.1221 train_time:300081ms
lawa:applied k=5 snapshots for serialization
val_progress:1/2
val_progress:2/2
final_eval val_loss:3.6096 val_bpb:2.1338
final_sliding val_loss:3.6159 val_bpb:2.1378 (stride=32, T=1.00) eval_time:3475ms
artifact:0.34MB code:174314 total:517970/16000000 (FITS
Done. Artifact saved to logs/mlx_reasoner_model.ternary.ptz
====== END J_lr_low @ Fri Apr  3 15:48:34 CDT 2026 ======
