START: EG_8L_dim256  Sat Apr  4 01:53:58 CDT 2026
Ternary Reasoner — MLX local testing
Python 3.12.3 (main, Apr  9 2024, 08:09:14) [Clang 15.0.0 (clang-1500.3.9.4)]
MLX 0.31.1
model_params:4017992 arch:skc layers:8 dim:256 heads:4 seq_len:256
feedback:False passes:1 every:2 eval_passes:2 capsule:False engram:False(4h2o@L1) vrl:False xsa_start:999 partial_rope:16 lrelu2:lrelu2 shared_blocks:0
optimizer: matrix_lr=0.035 scalar_lr=0.025 embed_lr=0.035 muon_wd=0.04 adam_wd=0.04
eval: sliding=True@32 temp_scaling=False ttt=False ngram_cache=False
turbo_quant: train=False export=1 kv=True
convergence: noise=0.0 sdepth=0.0 ema_eval=False self_distill=0.0 curriculum=True(seq:64->128->256 @35%/65%)
weight_averaging: lawa=True(k=5 freq=100) swa=True(every=50 start_scale=0.2) smeargate=True
radical: tko=False weight_sharing=0 inside_out=0(p1=0.2 p2=0.55) skc=True deq=0
step:1/100000 loss:6.9366 t:791ms step:791ms
step:2/100000 loss:6.9136 t:1294ms step:503ms
step:3/100000 loss:6.2915 t:1806ms step:512ms
step:4/100000 loss:7.2341 t:2301ms step:494ms
step:5/100000 loss:11.1616 t:2800ms step:499ms
step:10/100000 loss:8.1707 t:5285ms step:498ms
step:20/100000 loss:6.9363 t:10303ms step:504ms
step:30/100000 loss:6.3265 t:15329ms step:502ms
step:40/100000 loss:5.8251 t:20367ms step:507ms
step:50/100000 loss:5.2734 t:25412ms step:505ms
step:60/100000 loss:5.1885 t:30518ms step:504ms
step:70/100000 loss:4.9522 t:35562ms step:502ms
step:80/100000 loss:4.8864 t:40597ms step:494ms
step:90/100000 loss:4.7854 t:45572ms step:497ms
step:100/100000 loss:4.7863 t:50606ms step:507ms
step:110/100000 loss:4.6351 t:55642ms step:510ms
step:120/100000 loss:4.4320 t:60675ms step:503ms
step:130/100000 loss:4.5107 t:65723ms step:502ms
step:140/100000 loss:4.3178 t:70768ms step:501ms
step:150/100000 loss:4.5643 t:75817ms step:509ms
step:160/100000 loss:4.3265 t:80854ms step:501ms
step:170/100000 loss:4.3001 t:85894ms step:504ms
step:180/100000 loss:4.3365 t:90918ms step:504ms
step:190/100000 loss:4.0739 t:95953ms step:505ms
step:200/100000 loss:4.0132 t:100981ms step:502ms
step:210/100000 loss:4.1172 t:106038ms step:501ms
step:220/100000 loss:4.1778 t:111121ms step:506ms
step:230/100000 loss:4.2739 t:116168ms step:505ms
step:240/100000 loss:3.8749 t:121229ms step:504ms
step:250/100000 loss:4.0453 t:126279ms step:499ms
step:260/100000 loss:4.0351 t:131338ms step:506ms
step:270/100000 loss:3.8332 t:136436ms step:524ms
step:280/100000 loss:3.8365 t:141482ms step:505ms
step:290/100000 loss:4.0798 t:146573ms step:506ms
step:300/100000 loss:4.2036 t:151758ms step:520ms
step:310/100000 loss:3.7280 t:156890ms step:512ms
step:320/100000 loss:3.7685 t:161941ms step:507ms
step:330/100000 loss:3.6370 t:167005ms step:511ms
step:340/100000 loss:3.6595 t:172070ms step:506ms
step:350/100000 loss:3.8007 t:177133ms step:506ms
step:360/100000 loss:3.8225 t:182202ms step:504ms
step:370/100000 loss:3.6023 t:187256ms step:503ms
step:380/100000 loss:3.5873 t:192338ms step:507ms
step:390/100000 loss:3.7342 t:197558ms step:550ms
step:400/100000 loss:3.7826 t:202653ms step:508ms
step:410/100000 loss:3.8431 t:207851ms step:507ms
step:420/100000 loss:3.6144 t:212973ms step:528ms
step:430/100000 loss:3.5546 t:218040ms step:506ms
step:440/100000 loss:3.6719 t:223122ms step:503ms
step:450/100000 loss:3.7810 t:228181ms step:509ms
step:460/100000 loss:3.6258 t:233284ms step:505ms
step:470/100000 loss:3.5063 t:238376ms step:508ms
step:480/100000 loss:3.6298 t:243476ms step:504ms
step:490/100000 loss:3.6262 t:248600ms step:507ms
step:500/100000 loss:3.5787 t:253674ms step:507ms
step:510/100000 loss:3.5353 t:258760ms step:505ms
step:520/100000 loss:3.5451 t:263865ms step:531ms
step:530/100000 loss:3.2242 t:269013ms step:536ms
step:540/100000 loss:3.3878 t:274116ms step:508ms
step:550/100000 loss:3.4938 t:279207ms step:502ms
step:560/100000 loss:3.3523 t:284281ms step:503ms
step:570/100000 loss:3.4014 t:289388ms step:509ms
step:580/100000 loss:3.4035 t:294483ms step:513ms
step:590/100000 loss:3.4735 t:299579ms step:502ms
val_progress:1/2
val_progress:2/2
step:591/100000 val_loss:3.4033 val_bpb:2.0118 train_time:300094ms
lawa:applied k=5 snapshots for serialization
val_progress:1/2
val_progress:2/2
final_eval val_loss:4.2102 val_bpb:2.4888
final_sliding val_loss:4.2588 val_bpb:2.5179 (stride=32, T=1.00) eval_time:13383ms
artifact:2.61MB code:180305 total:2788009/16000000 (FITS
Done. Artifact saved to logs/mlx_reasoner_model.ternary.ptz
