START: BM_engram_orders3  Fri Apr  3 19:04:27 CDT 2026
Ternary Reasoner — MLX local testing
Python 3.12.3 (main, Apr  9 2024, 08:09:14) [Clang 15.0.0 (clang-1500.3.9.4)]
MLX 0.31.1
model_params:990515 arch:skc layers:6 dim:128 heads:4 seq_len:256
feedback:False passes:1 every:2 eval_passes:2 capsule:False engram:True(4h3o@L1) vrl:False xsa_start:999 partial_rope:16 lrelu2:lrelu2 shared_blocks:0
optimizer: matrix_lr=0.035 scalar_lr=0.025 embed_lr=0.035 muon_wd=0.04 adam_wd=0.04
eval: sliding=True@32 temp_scaling=False ttt=False ngram_cache=False
turbo_quant: train=False export=1 kv=True
convergence: noise=0.0 sdepth=0.0 ema_eval=False self_distill=0.0 curriculum=True(seq:64->128->256 @35%/65%)
weight_averaging: lawa=True(k=5 freq=100) swa=True(every=50 start_scale=0.2) smeargate=True
radical: tko=True weight_sharing=0 inside_out=0(p1=0.2 p2=0.55) skc=True deq=0
step:1/100000 loss:6.9357 t:233ms step:233ms
step:2/100000 loss:6.6795 t:422ms step:189ms
step:3/100000 loss:6.2051 t:613ms step:191ms
step:4/100000 loss:6.0702 t:803ms step:190ms
step:5/100000 loss:6.1471 t:996ms step:192ms
step:10/100000 loss:5.8815 t:1954ms step:192ms
step:20/100000 loss:5.5628 t:3890ms step:190ms
step:30/100000 loss:5.0719 t:5796ms step:190ms
step:40/100000 loss:4.9967 t:7695ms step:190ms
step:50/100000 loss:4.8336 t:9602ms step:189ms
step:60/100000 loss:4.7952 t:11523ms step:191ms
step:70/100000 loss:4.5659 t:13431ms step:190ms
step:80/100000 loss:4.4948 t:15341ms step:191ms
step:90/100000 loss:4.4809 t:17262ms step:187ms
step:100/100000 loss:4.5698 t:19167ms step:191ms
step:110/100000 loss:4.3818 t:21078ms step:191ms
step:120/100000 loss:4.2670 t:22998ms step:193ms
step:130/100000 loss:4.3390 t:24930ms step:193ms
step:140/100000 loss:4.1877 t:26848ms step:191ms
step:150/100000 loss:4.4141 t:28785ms step:193ms
step:160/100000 loss:4.2084 t:30721ms step:193ms
step:170/100000 loss:4.2151 t:32641ms step:194ms
step:180/100000 loss:4.2751 t:34580ms step:192ms
step:190/100000 loss:4.1169 t:36527ms step:193ms
step:200/100000 loss:4.1255 t:38442ms step:190ms
step:210/100000 loss:4.0242 t:40368ms step:192ms
step:220/100000 loss:4.1414 t:42310ms step:191ms
step:230/100000 loss:4.2592 t:44229ms step:192ms
step:240/100000 loss:3.9909 t:46157ms step:192ms
step:250/100000 loss:4.1602 t:48097ms step:194ms
step:260/100000 loss:4.1538 t:50023ms step:192ms
step:270/100000 loss:4.0439 t:51938ms step:191ms
step:280/100000 loss:3.9726 t:53867ms step:191ms
step:290/100000 loss:4.2131 t:55789ms step:193ms
step:300/100000 loss:4.1317 t:57705ms step:192ms
step:310/100000 loss:4.0239 t:59641ms step:192ms
step:320/100000 loss:4.0966 t:61563ms step:191ms
step:330/100000 loss:3.9355 t:63491ms step:193ms
step:340/100000 loss:4.1462 t:65424ms step:193ms
step:350/100000 loss:4.2187 t:67344ms step:191ms
step:360/100000 loss:4.2573 t:69271ms step:191ms
step:370/100000 loss:4.1106 t:71207ms step:192ms
step:380/100000 loss:3.9783 t:73141ms step:194ms
step:390/100000 loss:3.9615 t:75060ms step:192ms
step:400/100000 loss:4.0465 t:76996ms step:192ms
step:410/100000 loss:4.0268 t:78938ms step:195ms
step:420/100000 loss:3.8663 t:80893ms step:197ms
step:430/100000 loss:3.8189 t:82894ms step:195ms
step:440/100000 loss:3.9488 t:84846ms step:191ms
step:450/100000 loss:4.0765 t:86763ms step:193ms
step:460/100000 loss:3.8815 t:88696ms step:191ms
step:470/100000 loss:3.8227 t:90617ms step:193ms
step:480/100000 loss:3.9714 t:92534ms step:192ms
step:490/100000 loss:4.0144 t:94501ms step:189ms
step:500/100000 loss:3.9485 t:96423ms step:193ms
step:510/100000 loss:3.9267 t:98334ms step:191ms
step:520/100000 loss:3.9142 t:100251ms step:191ms
step:530/100000 loss:3.5606 t:102189ms step:193ms
step:540/100000 loss:3.8363 t:104109ms step:191ms
step:550/100000 loss:4.0034 t:106049ms step:195ms
step:560/100000 loss:3.8661 t:107994ms step:193ms
step:570/100000 loss:3.8741 t:109897ms step:183ms
step:580/100000 loss:3.8573 t:111776ms step:193ms
step:590/100000 loss:3.9464 t:113707ms step:192ms
step:600/100000 loss:3.7917 t:115657ms step:193ms
step:610/100000 loss:3.8244 t:117580ms step:194ms
step:620/100000 loss:3.8523 t:119556ms step:202ms
step:630/100000 loss:4.6972 t:121523ms step:196ms
step:640/100000 loss:3.8412 t:123456ms step:194ms
step:650/100000 loss:3.8520 t:125387ms step:194ms
step:660/100000 loss:3.7978 t:127329ms step:193ms
step:670/100000 loss:4.0650 t:129256ms step:192ms
step:680/100000 loss:3.6892 t:131182ms step:192ms
step:690/100000 loss:3.8623 t:133118ms step:195ms
step:700/100000 loss:3.9220 t:135071ms step:193ms
step:710/100000 loss:3.8965 t:136992ms step:191ms
step:720/100000 loss:3.8713 t:138913ms step:190ms
step:730/100000 loss:3.8186 t:140850ms step:193ms
step:740/100000 loss:3.7382 t:142780ms step:193ms
step:750/100000 loss:3.8789 t:144698ms step:193ms
step:760/100000 loss:3.9578 t:146630ms step:194ms
step:770/100000 loss:3.9945 t:148567ms step:192ms
step:780/100000 loss:3.9189 t:150486ms step:193ms
step:790/100000 loss:3.8920 t:152414ms step:192ms
step:800/100000 loss:4.0598 t:154362ms step:196ms
step:810/100000 loss:3.8541 t:156303ms step:190ms
step:820/100000 loss:3.7544 t:158222ms step:192ms
step:830/100000 loss:3.8646 t:160143ms step:192ms
step:840/100000 loss:3.9625 t:162068ms step:192ms
step:850/100000 loss:4.1140 t:164012ms step:189ms
step:860/100000 loss:4.0319 t:165934ms step:192ms
step:870/100000 loss:3.6102 t:167856ms step:194ms
step:880/100000 loss:3.9038 t:169781ms step:191ms
step:890/100000 loss:3.7477 t:171709ms step:192ms
step:900/100000 loss:3.7189 t:173656ms step:194ms
step:910/100000 loss:3.7090 t:175579ms step:190ms
step:920/100000 loss:3.7229 t:177513ms step:193ms
step:930/100000 loss:4.0563 t:179440ms step:194ms
step:940/100000 loss:3.8370 t:181385ms step:193ms
step:950/100000 loss:3.7257 t:183313ms step:190ms
step:960/100000 loss:3.7091 t:185244ms step:193ms
step:970/100000 loss:4.0247 t:187167ms step:191ms
step:980/100000 loss:3.7376 t:189109ms step:191ms
step:990/100000 loss:3.6633 t:191042ms step:191ms
step:1000/100000 loss:3.7368 t:192974ms step:192ms
step:1010/100000 loss:3.6665 t:194900ms step:192ms
step:1020/100000 loss:3.6822 t:196869ms step:192ms
step:1030/100000 loss:3.7256 t:198810ms step:194ms
step:1040/100000 loss:3.8008 t:200743ms step:193ms
step:1050/100000 loss:3.7765 t:202681ms step:193ms
step:1060/100000 loss:3.8456 t:204629ms step:192ms
step:1070/100000 loss:3.5773 t:206583ms step:194ms
step:1080/100000 loss:3.6047 t:208517ms step:192ms
step:1090/100000 loss:3.8380 t:210448ms step:194ms
step:1100/100000 loss:3.7803 t:212400ms step:191ms
step:1110/100000 loss:3.6775 t:214356ms step:195ms
step:1120/100000 loss:3.6566 t:216291ms step:193ms
step:1130/100000 loss:3.5753 t:218222ms step:195ms
step:1140/100000 loss:4.1109 t:220201ms step:196ms
step:1150/100000 loss:3.6801 t:222179ms step:195ms
step:1160/100000 loss:3.6775 t:224135ms step:194ms
step:1170/100000 loss:3.7469 t:226099ms step:192ms
step:1180/100000 loss:3.5929 t:228036ms step:193ms
step:1190/100000 loss:3.7250 t:229967ms step:191ms
step:1200/100000 loss:3.7189 t:231917ms step:212ms
step:1210/100000 loss:3.7833 t:233850ms step:195ms
step:1220/100000 loss:3.5390 t:235790ms step:194ms
step:1230/100000 loss:3.5846 t:237748ms step:217ms
step:1240/100000 loss:3.6771 t:239730ms step:201ms
step:1250/100000 loss:3.6980 t:241682ms step:194ms
step:1260/100000 loss:3.7763 t:243629ms step:208ms
step:1270/100000 loss:3.6031 t:245557ms step:194ms
step:1280/100000 loss:3.2104 t:247490ms step:194ms
step:1290/100000 loss:3.7196 t:249436ms step:207ms
step:1300/100000 loss:3.7099 t:251367ms step:191ms
step:1310/100000 loss:3.7611 t:253300ms step:192ms
step:1320/100000 loss:3.7005 t:255239ms step:193ms
step:1330/100000 loss:3.4655 t:257186ms step:195ms
step:1340/100000 loss:3.7635 t:259122ms step:193ms
step:1350/100000 loss:3.5068 t:261055ms step:192ms
step:1360/100000 loss:3.5775 t:262999ms step:192ms
step:1370/100000 loss:3.5922 t:264931ms step:195ms
step:1380/100000 loss:3.3948 t:266869ms step:192ms
step:1390/100000 loss:3.6662 t:268821ms step:194ms
step:1400/100000 loss:3.6529 t:270759ms step:194ms
step:1410/100000 loss:3.4697 t:272697ms step:195ms
step:1420/100000 loss:3.4807 t:274663ms step:193ms
step:1430/100000 loss:3.5234 t:276594ms step:192ms
step:1440/100000 loss:3.8393 t:278539ms step:196ms
step:1450/100000 loss:3.6091 t:280506ms step:193ms
step:1460/100000 loss:3.4499 t:282456ms step:192ms
step:1470/100000 loss:3.7933 t:284391ms step:194ms
step:1480/100000 loss:3.5496 t:286329ms step:193ms
step:1490/100000 loss:3.6841 t:288284ms step:196ms
step:1500/100000 loss:3.7194 t:290227ms step:195ms
step:1510/100000 loss:3.7532 t:292172ms step:194ms
step:1520/100000 loss:3.5193 t:294118ms step:194ms
step:1530/100000 loss:3.5194 t:296078ms step:194ms
step:1540/100000 loss:3.6466 t:298021ms step:195ms
step:1550/100000 loss:3.4743 t:299968ms step:194ms
val_progress:1/2
val_progress:2/2
step:1551/100000 val_loss:3.5196 val_bpb:2.0806 train_time:300165ms
lawa:applied k=5 snapshots for serialization
val_progress:1/2
val_progress:2/2
final_eval val_loss:3.5618 val_bpb:2.1055
final_sliding val_loss:3.5829 val_bpb:2.1183 (stride=32, T=1.00) eval_time:5061ms
artifact:0.73MB code:174883 total:901711/16000000 (FITS
Done. Artifact saved to logs/mlx_reasoner_model.ternary.ptz
