START: EA_wht8  Sat Apr  4 01:23:42 CDT 2026
Ternary Reasoner — MLX local testing
Python 3.12.3 (main, Apr  9 2024, 08:09:14) [Clang 15.0.0 (clang-1500.3.9.4)]
MLX 0.31.1
model_params:852278 arch:skc layers:6 dim:128 heads:4 seq_len:256
feedback:False passes:1 every:2 eval_passes:2 capsule:False engram:False(4h2o@L1) vrl:False xsa_start:999 partial_rope:16 lrelu2:lrelu2 shared_blocks:0
optimizer: matrix_lr=0.035 scalar_lr=0.025 embed_lr=0.035 muon_wd=0.04 adam_wd=0.04
eval: sliding=True@32 temp_scaling=False ttt=False ngram_cache=False
turbo_quant: train=False export=1 kv=True
convergence: noise=0.0 sdepth=0.0 ema_eval=False self_distill=0.0 curriculum=True(seq:64->128->256 @35%/65%)
weight_averaging: lawa=True(k=5 freq=100) swa=True(every=50 start_scale=0.2) smeargate=True
radical: tko=False weight_sharing=0 inside_out=0(p1=0.2 p2=0.55) skc=True deq=0
step:1/100000 loss:6.9357 t:1012ms step:1012ms
step:2/100000 loss:6.6792 t:1303ms step:290ms
step:3/100000 loss:6.2567 t:1597ms step:294ms
step:4/100000 loss:6.1109 t:1891ms step:293ms
step:5/100000 loss:6.1122 t:2182ms step:291ms
step:10/100000 loss:5.7892 t:3623ms step:284ms
step:20/100000 loss:5.2353 t:6580ms step:292ms
step:30/100000 loss:4.8565 t:9483ms step:300ms
step:40/100000 loss:4.7245 t:12430ms step:319ms
step:50/100000 loss:4.5478 t:15399ms step:291ms
step:60/100000 loss:4.4589 t:18288ms step:295ms
step:70/100000 loss:4.2653 t:21206ms step:289ms
step:80/100000 loss:4.1807 t:24071ms step:287ms
step:90/100000 loss:4.1050 t:26986ms step:292ms
step:100/100000 loss:4.1929 t:29894ms step:291ms
step:110/100000 loss:4.0029 t:32780ms step:276ms
step:120/100000 loss:3.8627 t:35625ms step:281ms
step:130/100000 loss:3.9102 t:38527ms step:290ms
step:140/100000 loss:3.7488 t:41441ms step:293ms
step:150/100000 loss:3.8921 t:44328ms step:284ms
step:160/100000 loss:3.7260 t:47261ms step:290ms
step:170/100000 loss:3.6978 t:50233ms step:292ms
step:180/100000 loss:3.7473 t:53147ms step:288ms
step:190/100000 loss:3.6175 t:56080ms step:289ms
step:200/100000 loss:3.5522 t:58968ms step:284ms
step:210/100000 loss:3.5743 t:61876ms step:289ms
step:220/100000 loss:3.6686 t:64776ms step:285ms
step:230/100000 loss:3.7209 t:67684ms step:294ms
step:240/100000 loss:3.4209 t:70606ms step:293ms
step:250/100000 loss:3.5324 t:73519ms step:296ms
step:260/100000 loss:3.5728 t:76448ms step:295ms
step:270/100000 loss:3.4490 t:79367ms step:293ms
step:280/100000 loss:3.3680 t:82232ms step:278ms
step:290/100000 loss:3.4731 t:85110ms step:290ms
step:300/100000 loss:3.4164 t:87985ms step:288ms
step:310/100000 loss:3.3150 t:90941ms step:298ms
step:320/100000 loss:3.3654 t:93846ms step:289ms
step:330/100000 loss:3.1818 t:96758ms step:291ms
step:340/100000 loss:3.2475 t:99669ms step:291ms
step:350/100000 loss:3.5075 t:102518ms step:271ms
step:360/100000 loss:3.9344 t:105476ms step:325ms
step:370/100000 loss:3.8448 t:108421ms step:292ms
step:380/100000 loss:3.6801 t:111398ms step:331ms
step:390/100000 loss:3.5756 t:114316ms step:296ms
step:400/100000 loss:3.7461 t:117266ms step:294ms
step:410/100000 loss:3.6211 t:120241ms step:299ms
step:420/100000 loss:3.5109 t:123177ms step:281ms
step:430/100000 loss:3.4885 t:126118ms step:293ms
step:440/100000 loss:3.6624 t:129074ms step:291ms
step:450/100000 loss:3.6992 t:131994ms step:291ms
step:460/100000 loss:3.5981 t:134924ms step:293ms
step:470/100000 loss:3.5188 t:137891ms step:294ms
step:480/100000 loss:3.6345 t:140808ms step:285ms
step:490/100000 loss:3.6642 t:143743ms step:299ms
step:500/100000 loss:3.6755 t:146724ms step:293ms
step:510/100000 loss:3.5724 t:149678ms step:296ms
step:520/100000 loss:3.5523 t:152625ms step:290ms
step:530/100000 loss:3.2807 t:155561ms step:296ms
step:540/100000 loss:3.5357 t:158487ms step:292ms
step:550/100000 loss:3.6795 t:161349ms step:283ms
step:560/100000 loss:3.5025 t:164290ms step:293ms
step:570/100000 loss:3.5052 t:167174ms step:302ms
step:580/100000 loss:3.5025 t:170065ms step:288ms
step:590/100000 loss:3.5373 t:172944ms step:288ms
step:600/100000 loss:3.3066 t:175798ms step:289ms
step:610/100000 loss:3.4240 t:178735ms step:286ms
step:620/100000 loss:3.4074 t:181579ms step:296ms
step:630/100000 loss:4.2974 t:184464ms step:284ms
step:640/100000 loss:3.4746 t:187361ms step:293ms
step:650/100000 loss:3.4091 t:190213ms step:274ms
step:660/100000 loss:3.3923 t:193128ms step:288ms
step:670/100000 loss:3.8064 t:196047ms step:300ms
step:680/100000 loss:3.5147 t:199046ms step:296ms
step:690/100000 loss:3.6759 t:202057ms step:295ms
step:700/100000 loss:3.7331 t:205046ms step:301ms
step:710/100000 loss:3.6502 t:208043ms step:295ms
step:720/100000 loss:3.6490 t:211044ms step:295ms
step:730/100000 loss:3.6246 t:214051ms step:301ms
step:740/100000 loss:3.5665 t:217017ms step:298ms
step:750/100000 loss:3.6949 t:220020ms step:294ms
step:760/100000 loss:3.6932 t:222999ms step:297ms
step:770/100000 loss:3.6898 t:226019ms step:296ms
step:780/100000 loss:3.5989 t:228995ms step:292ms
step:790/100000 loss:3.6565 t:231995ms step:299ms
step:800/100000 loss:3.7959 t:235006ms step:307ms
step:810/100000 loss:3.5403 t:237992ms step:293ms
step:820/100000 loss:3.5230 t:240968ms step:297ms
step:830/100000 loss:3.6094 t:244063ms step:321ms
step:840/100000 loss:3.6812 t:247081ms step:293ms
step:850/100000 loss:3.7119 t:250085ms step:298ms
step:860/100000 loss:3.6694 t:253049ms step:295ms
step:870/100000 loss:3.3354 t:256028ms step:294ms
step:880/100000 loss:3.5423 t:259026ms step:296ms
step:890/100000 loss:3.4497 t:262027ms step:297ms
step:900/100000 loss:3.4082 t:265180ms step:418ms
step:910/100000 loss:3.5263 t:269419ms step:397ms
step:920/100000 loss:3.4586 t:273209ms step:188ms
step:930/100000 loss:3.9105 t:276098ms step:311ms
step:940/100000 loss:3.5218 t:279213ms step:307ms
step:950/100000 loss:3.4473 t:282303ms step:307ms
step:960/100000 loss:3.3890 t:285531ms step:316ms
step:970/100000 loss:3.7417 t:288631ms step:314ms
step:980/100000 loss:3.4623 t:291756ms step:313ms
step:990/100000 loss:3.3251 t:294881ms step:319ms
step:1000/100000 loss:3.3849 t:298001ms step:312ms
val_progress:1/2
val_progress:2/2
step:1007/100000 val_loss:3.4568 val_bpb:2.0434 train_time:300182ms
lawa:applied k=5 snapshots for serialization
val_progress:1/2
val_progress:2/2
final_eval val_loss:3.5256 val_bpb:2.0842
final_sliding val_loss:3.5502 val_bpb:2.0990 (stride=32, T=1.00) eval_time:6959ms
artifact:0.50MB code:180305 total:681589/16000000 (FITS
Done. Artifact saved to logs/mlx_reasoner_model.ternary.ptz
