START: DF_koopman_1step  Sat Apr  4 00:40:38 CDT 2026
Ternary Reasoner — MLX local testing
Python 3.12.3 (main, Apr  9 2024, 08:09:14) [Clang 15.0.0 (clang-1500.3.9.4)]
MLX 0.31.1
model_params:1025430 arch:skc layers:6 dim:128 heads:4 seq_len:256
feedback:False passes:1 every:2 eval_passes:2 capsule:True engram:True(4h3o@L1) vrl:False xsa_start:999 partial_rope:16 lrelu2:lrelu2 shared_blocks:0
koopman:rank=2 diag_init=0.9 consist_w=0.005 halt:1@0.05 carry:1@0.8
optimizer: matrix_lr=0.02 scalar_lr=0.015 embed_lr=0.035 muon_wd=0.04 adam_wd=0.04
eval: sliding=True@32 temp_scaling=False ttt=False ngram_cache=True
turbo_quant: train=False export=1 kv=True
convergence: noise=0.0 sdepth=0.0 ema_eval=False self_distill=0.0 curriculum=True(seq:64->128->256 @35%/65%)
weight_averaging: lawa=True(k=5 freq=100) swa=True(every=50 start_scale=0.2) smeargate=True
radical: tko=False weight_sharing=0 inside_out=0(p1=0.2 p2=0.55) skc=True deq=0
step:1/100000 loss:6.9357 t:224ms step:224ms
step:2/100000 loss:6.6988 t:404ms step:179ms
step:3/100000 loss:6.3082 t:586ms step:182ms
step:4/100000 loss:6.1751 t:767ms step:181ms
step:5/100000 loss:6.1569 t:950ms step:183ms
step:10/100000 loss:5.9312 t:1863ms step:181ms
step:20/100000 loss:5.5725 t:3707ms step:183ms
step:30/100000 loss:5.1323 t:5542ms step:185ms
step:40/100000 loss:4.9624 t:7374ms step:184ms
step:50/100000 loss:4.7535 t:9206ms step:182ms
step:60/100000 loss:4.6988 t:11043ms step:183ms
step:70/100000 loss:4.5020 t:12875ms step:185ms
step:80/100000 loss:4.4028 t:14706ms step:181ms
step:90/100000 loss:4.3359 t:16540ms step:185ms
step:100/100000 loss:4.3728 t:18368ms step:181ms
step:110/100000 loss:4.2420 t:20197ms step:182ms
step:120/100000 loss:4.1116 t:22041ms step:187ms
step:130/100000 loss:4.1741 t:23879ms step:182ms
step:140/100000 loss:3.9769 t:25727ms step:182ms
step:150/100000 loss:4.1863 t:27555ms step:182ms
step:160/100000 loss:4.0122 t:29390ms step:185ms
step:170/100000 loss:3.9841 t:31248ms step:182ms
step:180/100000 loss:4.0643 t:33077ms step:183ms
step:190/100000 loss:3.8940 t:34910ms step:185ms
step:200/100000 loss:3.9762 t:36744ms step:183ms
step:210/100000 loss:3.9356 t:38584ms step:182ms
step:220/100000 loss:3.9338 t:40420ms step:187ms
step:230/100000 loss:3.9612 t:42274ms step:187ms
step:240/100000 loss:3.6566 t:44140ms step:185ms
step:250/100000 loss:3.8712 t:45970ms step:183ms
step:260/100000 loss:3.8921 t:47801ms step:181ms
step:270/100000 loss:3.7586 t:49627ms step:183ms
step:280/100000 loss:3.6834 t:51516ms step:182ms
step:290/100000 loss:3.8384 t:53363ms step:185ms
step:300/100000 loss:3.8628 t:55200ms step:183ms
step:310/100000 loss:3.7306 t:57048ms step:184ms
step:320/100000 loss:3.7462 t:58885ms step:184ms
step:330/100000 loss:3.6060 t:60723ms step:183ms
step:340/100000 loss:3.6617 t:62554ms step:183ms
step:350/100000 loss:3.8930 t:64398ms step:181ms
step:360/100000 loss:3.8534 t:66233ms step:184ms
step:370/100000 loss:3.8033 t:68069ms step:184ms
step:380/100000 loss:3.6120 t:69923ms step:183ms
step:390/100000 loss:3.6146 t:71752ms step:182ms
step:400/100000 loss:3.6100 t:73587ms step:183ms
step:410/100000 loss:3.5214 t:75441ms step:183ms
step:420/100000 loss:3.5145 t:77290ms step:186ms
step:430/100000 loss:3.3482 t:79154ms step:183ms
step:440/100000 loss:3.5672 t:80982ms step:184ms
step:450/100000 loss:3.5983 t:82845ms step:185ms
step:460/100000 loss:3.3722 t:84682ms step:184ms
step:470/100000 loss:3.2603 t:86516ms step:183ms
step:480/100000 loss:3.4196 t:88374ms step:182ms
step:490/100000 loss:3.4129 t:90211ms step:184ms
step:500/100000 loss:3.4489 t:92044ms step:183ms
step:510/100000 loss:3.2897 t:93879ms step:185ms
step:520/100000 loss:3.2838 t:95732ms step:183ms
step:530/100000 loss:3.0804 t:97564ms step:182ms
step:540/100000 loss:3.1572 t:99399ms step:183ms
step:550/100000 loss:3.2727 t:101231ms step:182ms
step:560/100000 loss:3.1530 t:103077ms step:184ms
step:570/100000 loss:3.2123 t:104909ms step:183ms
step:580/100000 loss:3.7288 t:106767ms step:183ms
step:590/100000 loss:3.6659 t:108621ms step:183ms
step:600/100000 loss:3.4575 t:110463ms step:184ms
step:610/100000 loss:3.6314 t:112311ms step:184ms
step:620/100000 loss:3.6282 t:114158ms step:185ms
step:630/100000 loss:4.3161 t:116024ms step:185ms
step:640/100000 loss:3.6438 t:117861ms step:184ms
step:650/100000 loss:3.5637 t:119710ms step:186ms
step:660/100000 loss:3.6065 t:121550ms step:184ms
step:670/100000 loss:3.7339 t:123411ms step:186ms
step:680/100000 loss:3.4198 t:125250ms step:184ms
step:690/100000 loss:3.5826 t:127099ms step:182ms
step:700/100000 loss:3.6133 t:128945ms step:185ms
step:710/100000 loss:3.6227 t:130805ms step:183ms
step:720/100000 loss:3.6048 t:132649ms step:185ms
step:730/100000 loss:3.5513 t:134489ms step:185ms
step:740/100000 loss:3.4348 t:136331ms step:185ms
step:750/100000 loss:3.7026 t:138193ms step:183ms
step:760/100000 loss:3.6821 t:140030ms step:184ms
step:770/100000 loss:3.6317 t:141879ms step:185ms
step:780/100000 loss:3.6215 t:143728ms step:184ms
step:790/100000 loss:3.6219 t:145588ms step:185ms
step:800/100000 loss:3.8186 t:147434ms step:185ms
step:810/100000 loss:3.5367 t:149277ms step:184ms
step:820/100000 loss:3.5129 t:151123ms step:184ms
step:830/100000 loss:3.5165 t:152989ms step:184ms
step:840/100000 loss:3.6047 t:154829ms step:184ms
step:850/100000 loss:3.7758 t:156674ms step:184ms
step:860/100000 loss:3.6665 t:158520ms step:184ms
step:870/100000 loss:3.2662 t:160379ms step:185ms
step:880/100000 loss:3.6072 t:162222ms step:184ms
step:890/100000 loss:3.4976 t:164065ms step:185ms
step:900/100000 loss:3.3776 t:165910ms step:186ms
step:910/100000 loss:3.4982 t:167776ms step:183ms
step:920/100000 loss:3.4395 t:169611ms step:184ms
step:930/100000 loss:3.8135 t:171453ms step:184ms
step:940/100000 loss:3.5652 t:173299ms step:184ms
step:950/100000 loss:3.5020 t:175161ms step:183ms
step:960/100000 loss:3.3435 t:177007ms step:186ms
step:970/100000 loss:3.7134 t:178850ms step:187ms
step:980/100000 loss:3.3930 t:180695ms step:184ms
step:990/100000 loss:3.2443 t:182557ms step:184ms
step:1000/100000 loss:3.2708 t:184400ms step:183ms
step:1010/100000 loss:3.3584 t:186244ms step:184ms
step:1020/100000 loss:3.2729 t:188083ms step:183ms
step:1030/100000 loss:3.2784 t:189951ms step:184ms
step:1040/100000 loss:3.3352 t:191798ms step:184ms
step:1050/100000 loss:3.4352 t:193645ms step:184ms
step:1060/100000 loss:3.7718 t:195512ms step:186ms
step:1070/100000 loss:3.4813 t:197404ms step:189ms
step:1080/100000 loss:3.5095 t:199289ms step:185ms
step:1090/100000 loss:3.6832 t:201152ms step:186ms
step:1100/100000 loss:3.6512 t:203021ms step:186ms
step:1110/100000 loss:3.5162 t:204897ms step:185ms
step:1120/100000 loss:3.5148 t:206762ms step:187ms
step:1130/100000 loss:3.4431 t:208624ms step:186ms
step:1140/100000 loss:3.8825 t:210489ms step:187ms
step:1150/100000 loss:3.5255 t:212358ms step:186ms
step:1160/100000 loss:3.5073 t:214232ms step:186ms
step:1170/100000 loss:3.6434 t:216093ms step:186ms
step:1180/100000 loss:3.4440 t:217952ms step:185ms
step:1190/100000 loss:3.5956 t:219813ms step:186ms
step:1200/100000 loss:3.5488 t:221701ms step:183ms
step:1210/100000 loss:3.6171 t:223561ms step:185ms
step:1220/100000 loss:3.3735 t:225424ms step:185ms
step:1230/100000 loss:3.4001 t:227279ms step:186ms
step:1240/100000 loss:3.5203 t:229133ms step:186ms
step:1250/100000 loss:3.5397 t:231007ms step:185ms
step:1260/100000 loss:3.5955 t:232867ms step:187ms
step:1270/100000 loss:3.4234 t:234736ms step:189ms
step:1280/100000 loss:3.0307 t:236602ms step:185ms
step:1290/100000 loss:3.5160 t:238480ms step:206ms
step:1300/100000 loss:3.5563 t:240336ms step:186ms
step:1310/100000 loss:3.5630 t:242193ms step:185ms
step:1320/100000 loss:3.5164 t:244051ms step:187ms
step:1330/100000 loss:3.2779 t:245911ms step:187ms
step:1340/100000 loss:3.5838 t:247800ms step:186ms
step:1350/100000 loss:3.3118 t:249666ms step:187ms
step:1360/100000 loss:3.3836 t:251526ms step:184ms
step:1370/100000 loss:3.4074 t:253388ms step:185ms
step:1380/100000 loss:3.2007 t:255262ms step:186ms
step:1390/100000 loss:3.5068 t:257117ms step:186ms
step:1400/100000 loss:3.4700 t:258978ms step:186ms
step:1410/100000 loss:3.3113 t:260858ms step:201ms
step:1420/100000 loss:3.2426 t:262729ms step:186ms
step:1430/100000 loss:3.3033 t:264592ms step:186ms
step:1440/100000 loss:3.6100 t:266454ms step:186ms
step:1450/100000 loss:3.4176 t:268343ms step:187ms
step:1460/100000 loss:3.2572 t:270204ms step:185ms
step:1470/100000 loss:3.6268 t:272059ms step:185ms
step:1480/100000 loss:3.3674 t:273916ms step:186ms
step:1490/100000 loss:3.4641 t:275803ms step:186ms
step:1500/100000 loss:3.5331 t:277662ms step:186ms
step:1510/100000 loss:3.5581 t:279522ms step:187ms
step:1520/100000 loss:3.3566 t:281408ms step:184ms
step:1530/100000 loss:3.3656 t:283269ms step:186ms
step:1540/100000 loss:3.4428 t:285128ms step:186ms
step:1550/100000 loss:3.2916 t:286988ms step:185ms
step:1560/100000 loss:3.2798 t:288874ms step:186ms
step:1570/100000 loss:3.2842 t:290740ms step:187ms
step:1580/100000 loss:3.3083 t:292604ms step:187ms
step:1590/100000 loss:3.4818 t:294491ms step:187ms
step:1600/100000 loss:3.2637 t:296360ms step:186ms
step:1610/100000 loss:2.9937 t:298227ms step:185ms
step:1620/100000 loss:3.3630 t:300112ms step:184ms
val_progress:1/2
val_progress:2/2
step:1620/100000 val_loss:3.2890 val_bpb:1.9442 train_time:300112ms
lawa:applied k=5 snapshots for serialization
val_progress:1/2
val_progress:2/2
final_eval val_loss:3.3586 val_bpb:1.9854
final_sliding val_loss:3.4648 val_bpb:2.0485 (stride=32, T=1.00) eval_time:4830ms
ngram_cache val_loss:3.3004 val_bpb:1.9510 (order=5) eval_time:3634ms
artifact:0.74MB code:180305 total:918717/16000000 (FITS
Done. Artifact saved to logs/mlx_reasoner_model.ternary.ptz
