====== START H_smeargate_off @ Fri Apr  3 15:16:28 CDT 2026 ======
Ternary Reasoner — MLX local testing
Python 3.12.3 (main, Apr  9 2024, 08:09:14) [Clang 15.0.0 (clang-1500.3.9.4)]
MLX 0.31.1
model_params:612130 arch:skc layers:4 dim:128 heads:4 seq_len:256
feedback:False passes:1 every:2 eval_passes:2 capsule:False engram:False(4h2o@L1) vrl:False xsa_start:999 partial_rope:16 lrelu2:lrelu2 shared_blocks:0
optimizer: matrix_lr=0.035 scalar_lr=0.025 embed_lr=0.035 muon_wd=0.04 adam_wd=0.04
eval: sliding=True@32 temp_scaling=False ttt=False ngram_cache=False
turbo_quant: train=False export=1 kv=True
convergence: noise=0.0 sdepth=0.0 ema_eval=False self_distill=0.0 curriculum=True(seq:64->128->256 @35%/65%)
weight_averaging: lawa=True(k=5 freq=100) swa=True(every=50 start_scale=0.2) smeargate=False
radical: tko=True weight_sharing=0 inside_out=0(p1=0.2 p2=0.55) skc=True deq=0
step:1/200 loss:6.9369 t:232ms step:231ms
step:2/200 loss:6.8010 t:351ms step:119ms
step:3/200 loss:6.4092 t:472ms step:120ms
step:4/200 loss:6.1569 t:594ms step:122ms
step:5/200 loss:6.0403 t:718ms step:124ms
step:10/200 loss:5.7726 t:1338ms step:124ms
step:20/200 loss:5.3500 t:2568ms step:122ms
step:30/200 loss:5.0122 t:3802ms step:123ms
step:40/200 loss:4.9897 t:5029ms step:122ms
step:50/200 loss:4.8292 t:6299ms step:123ms
step:60/200 loss:4.7783 t:7527ms step:124ms
step:70/200 loss:4.6640 t:8765ms step:124ms
step:80/200 loss:4.5801 t:9989ms step:125ms
step:90/200 loss:4.5771 t:11224ms step:119ms
step:100/200 loss:4.6537 t:12478ms step:123ms
step:110/200 loss:4.5230 t:13711ms step:122ms
step:120/200 loss:4.3725 t:14942ms step:124ms
step:130/200 loss:4.4469 t:16173ms step:122ms
step:140/200 loss:4.3202 t:17417ms step:127ms
step:150/200 loss:4.4676 t:18654ms step:123ms
step:160/200 loss:4.3338 t:19901ms step:124ms
step:170/200 loss:4.3235 t:21126ms step:124ms
step:180/200 loss:4.3769 t:22367ms step:123ms
step:190/200 loss:4.2617 t:23609ms step:130ms
step:200/200 loss:4.2527 t:24842ms step:121ms
val_progress:1/2
val_progress:2/2
step:200/200 val_loss:4.3984 val_bpb:2.6001 train_time:24842ms
lawa:applied k=2 snapshots for serialization
val_progress:1/2
val_progress:2/2
final_eval val_loss:4.3627 val_bpb:2.5790
final_sliding val_loss:4.3580 val_bpb:2.5766 (stride=32, T=1.00) eval_time:3258ms
artifact:0.35MB code:174314 total:519446/16000000 (FITS
Done. Artifact saved to logs/mlx_reasoner_model.ternary.ptz
====== END H_smeargate_off @ Fri Apr  3 15:16:58 CDT 2026 ======
