Ternary Reasoner — MLX local testing
Python 3.12.3 (main, Apr  9 2024, 08:09:14) [Clang 15.0.0 (clang-1500.3.9.4)]
MLX 0.31.1
model_params:3220070 arch:skc layers:6 dim:256 heads:4 seq_len:256
feedback:False passes:1 every:2 eval_passes:2 capsule:False engram:True(4h3o@L1) vrl:False xsa_start:999 partial_rope:16 lrelu2:lrelu2 shared_blocks:0
optimizer: matrix_lr=0.02 scalar_lr=0.015 embed_lr=0.035 muon_wd=0.04 adam_wd=0.04
eval: sliding=True@32 temp_scaling=False ttt=False ngram_cache=True
turbo_quant: train=False export=1 kv=True
convergence: noise=0.0 sdepth=0.0 ema_eval=False self_distill=0.0 curriculum=True(seq:64->128->256 @35%/65%)
weight_averaging: lawa=True(k=5 freq=100) swa=True(every=50 start_scale=0.2) smeargate=True
radical: tko=False weight_sharing=0 inside_out=0(p1=0.2 p2=0.55) skc=True deq=0
step:1/100000 loss:6.9366 t:434ms step:434ms
step:2/100000 loss:6.9162 t:818ms step:383ms
step:3/100000 loss:6.3319 t:1214ms step:396ms
step:4/100000 loss:7.3515 t:1616ms step:401ms
step:5/100000 loss:7.1640 t:2011ms step:395ms
step:10/100000 loss:6.9254 t:4020ms step:403ms
step:20/100000 loss:5.9346 t:8038ms step:389ms
step:30/100000 loss:5.5365 t:11982ms step:388ms
step:40/100000 loss:5.4824 t:15896ms step:392ms
step:50/100000 loss:5.0713 t:19835ms step:393ms
step:60/100000 loss:5.0439 t:23742ms step:389ms
step:70/100000 loss:4.7842 t:27680ms step:410ms
step:80/100000 loss:4.6719 t:31593ms step:390ms
step:90/100000 loss:4.5973 t:35512ms step:392ms
step:100/100000 loss:4.6735 t:39489ms step:392ms
step:110/100000 loss:4.4386 t:43412ms step:391ms
step:120/100000 loss:4.2654 t:47328ms step:395ms
step:130/100000 loss:4.3543 t:51241ms step:391ms
step:140/100000 loss:4.1896 t:55149ms step:391ms
step:150/100000 loss:4.3800 t:59066ms step:388ms
step:160/100000 loss:4.1412 t:62981ms step:395ms
step:170/100000 loss:4.1610 t:66896ms step:393ms
step:180/100000 loss:4.1936 t:70837ms step:389ms
step:190/100000 loss:4.0249 t:74759ms step:393ms
step:200/100000 loss:3.9406 t:78696ms step:392ms
step:210/100000 loss:3.9157 t:82620ms step:392ms
step:220/100000 loss:3.9807 t:86543ms step:391ms
step:230/100000 loss:3.9689 t:90461ms step:393ms
step:240/100000 loss:3.6529 t:94372ms step:393ms
step:250/100000 loss:3.7993 t:98340ms step:398ms
step:260/100000 loss:3.6771 t:102289ms step:389ms
step:270/100000 loss:3.4935 t:106225ms step:391ms
step:280/100000 loss:3.3061 t:110149ms step:392ms
step:290/100000 loss:3.3932 t:114077ms step:390ms
step:300/100000 loss:3.2568 t:118006ms step:386ms
step:310/100000 loss:3.1095 t:121928ms step:390ms
step:320/100000 loss:3.1082 t:125877ms step:395ms
step:330/100000 loss:2.9443 t:129788ms step:392ms
step:340/100000 loss:3.0745 t:133737ms step:388ms
step:350/100000 loss:3.1047 t:137668ms step:393ms
step:360/100000 loss:3.1576 t:141593ms step:393ms
step:370/100000 loss:2.9340 t:145520ms step:395ms
step:380/100000 loss:2.8364 t:149440ms step:389ms
step:390/100000 loss:2.7809 t:153376ms step:393ms
step:400/100000 loss:2.8486 t:157304ms step:401ms
step:410/100000 loss:2.7190 t:161217ms step:392ms
step:420/100000 loss:2.6368 t:165154ms step:391ms
step:430/100000 loss:2.6191 t:169085ms step:395ms
step:440/100000 loss:2.6777 t:173024ms step:391ms
step:450/100000 loss:2.7375 t:176958ms step:394ms
step:460/100000 loss:2.6529 t:180869ms step:383ms
step:470/100000 loss:2.5754 t:184801ms step:391ms
step:480/100000 loss:2.6282 t:188788ms step:412ms
step:490/100000 loss:2.6208 t:192725ms step:395ms
step:500/100000 loss:2.5646 t:196668ms step:391ms
step:510/100000 loss:2.5770 t:200610ms step:393ms
step:520/100000 loss:2.6184 t:204542ms step:397ms
step:530/100000 loss:2.2557 t:208469ms step:393ms
step:540/100000 loss:3.2112 t:212420ms step:394ms
step:550/100000 loss:3.2692 t:216359ms step:394ms
step:560/100000 loss:3.1531 t:220300ms step:393ms
step:570/100000 loss:3.1349 t:224239ms step:392ms
step:580/100000 loss:3.1006 t:228166ms step:391ms
step:590/100000 loss:3.1491 t:232116ms step:394ms
step:600/100000 loss:2.9693 t:236055ms step:394ms
step:610/100000 loss:3.0332 t:240004ms step:391ms
step:620/100000 loss:3.1742 t:243939ms step:391ms
step:630/100000 loss:3.9799 t:247886ms step:392ms
step:640/100000 loss:3.0878 t:251809ms step:393ms
step:650/100000 loss:3.0955 t:255749ms step:395ms
step:660/100000 loss:3.0039 t:259696ms step:391ms
step:670/100000 loss:3.1683 t:263631ms step:394ms
step:680/100000 loss:2.9251 t:267587ms step:395ms
step:690/100000 loss:3.0277 t:271510ms step:397ms
step:700/100000 loss:3.1033 t:275429ms step:389ms
step:710/100000 loss:3.0815 t:279386ms step:397ms
step:720/100000 loss:2.9568 t:283331ms step:403ms
step:730/100000 loss:2.9590 t:287266ms step:395ms
step:740/100000 loss:2.9109 t:291203ms step:391ms
step:750/100000 loss:3.0380 t:295158ms step:396ms
step:760/100000 loss:3.0281 t:299088ms step:395ms
step:770/100000 loss:3.0510 t:303027ms step:395ms
step:780/100000 loss:2.8853 t:306993ms step:397ms
step:790/100000 loss:3.0138 t:310998ms step:394ms
step:800/100000 loss:3.1149 t:314944ms step:396ms
step:810/100000 loss:2.8880 t:318881ms step:397ms
step:820/100000 loss:2.8251 t:322837ms step:385ms
step:830/100000 loss:2.9586 t:326793ms step:395ms
step:840/100000 loss:2.9893 t:330718ms step:395ms
step:850/100000 loss:2.9835 t:334676ms step:398ms
step:860/100000 loss:2.9960 t:338618ms step:391ms
step:870/100000 loss:2.6657 t:342594ms step:392ms
step:880/100000 loss:2.8905 t:346556ms step:397ms
step:890/100000 loss:2.7046 t:350494ms step:396ms
step:900/100000 loss:2.6563 t:354445ms step:393ms
step:910/100000 loss:2.7039 t:358405ms step:392ms
step:920/100000 loss:2.7134 t:362339ms step:394ms
step:930/100000 loss:3.1441 t:366279ms step:399ms
step:940/100000 loss:2.7799 t:370240ms step:391ms
step:950/100000 loss:2.6951 t:374199ms step:392ms
step:960/100000 loss:2.6603 t:378149ms step:393ms
step:970/100000 loss:2.9406 t:382116ms step:395ms
step:980/100000 loss:2.6865 t:386081ms step:387ms
step:990/100000 loss:2.5850 t:390025ms step:384ms
step:1000/100000 loss:3.1408 t:394022ms step:400ms
step:1010/100000 loss:3.1069 t:397999ms step:397ms
step:1020/100000 loss:3.0755 t:402056ms step:410ms
step:1030/100000 loss:3.0731 t:406128ms step:398ms
step:1040/100000 loss:3.1736 t:410109ms step:392ms
step:1050/100000 loss:3.1802 t:414091ms step:399ms
step:1060/100000 loss:3.1953 t:418067ms step:398ms
step:1070/100000 loss:2.9489 t:422049ms step:400ms
step:1080/100000 loss:2.9812 t:426060ms step:392ms
step:1090/100000 loss:3.1694 t:430109ms step:399ms
step:1100/100000 loss:3.1207 t:434107ms step:413ms
step:1110/100000 loss:3.0704 t:438087ms step:402ms
step:1120/100000 loss:3.0403 t:442083ms step:396ms
step:1130/100000 loss:2.9726 t:446073ms step:389ms
step:1140/100000 loss:3.3653 t:450044ms step:399ms
step:1150/100000 loss:3.0524 t:454041ms step:399ms
step:1160/100000 loss:3.0579 t:458030ms step:396ms
step:1170/100000 loss:3.1021 t:462021ms step:398ms
step:1180/100000 loss:2.9957 t:466034ms step:400ms
step:1190/100000 loss:3.0677 t:470010ms step:395ms
step:1200/100000 loss:3.0793 t:474008ms step:400ms
step:1210/100000 loss:3.0904 t:477974ms step:394ms
step:1220/100000 loss:2.9086 t:481946ms step:394ms
step:1230/100000 loss:2.9310 t:485941ms step:398ms
step:1240/100000 loss:3.0299 t:489918ms step:398ms
step:1250/100000 loss:3.0496 t:493891ms step:394ms
step:1260/100000 loss:3.1431 t:497894ms step:394ms
step:1270/100000 loss:2.9695 t:501885ms step:400ms
step:1280/100000 loss:2.6602 t:505878ms step:396ms
step:1290/100000 loss:3.0502 t:509862ms step:393ms
step:1300/100000 loss:3.0501 t:513825ms step:387ms
step:1310/100000 loss:3.1010 t:517817ms step:396ms
step:1320/100000 loss:3.0278 t:521785ms step:399ms
step:1330/100000 loss:2.8076 t:525782ms step:398ms
step:1340/100000 loss:3.1229 t:529777ms step:396ms
step:1350/100000 loss:2.8346 t:533767ms step:394ms
step:1360/100000 loss:2.9359 t:537708ms step:394ms
step:1370/100000 loss:2.9332 t:541665ms step:393ms
step:1380/100000 loss:2.7163 t:545648ms step:394ms
step:1390/100000 loss:2.9913 t:549700ms step:395ms
step:1400/100000 loss:2.9850 t:553695ms step:398ms
step:1410/100000 loss:2.8184 t:557678ms step:401ms
step:1420/100000 loss:2.8164 t:561660ms step:398ms
step:1430/100000 loss:2.8477 t:565645ms step:398ms
step:1440/100000 loss:3.1142 t:569638ms step:400ms
step:1450/100000 loss:2.9388 t:573614ms step:402ms
step:1460/100000 loss:2.7708 t:577589ms step:403ms
step:1470/100000 loss:3.1320 t:581565ms step:395ms
step:1480/100000 loss:2.8624 t:585558ms step:394ms
step:1490/100000 loss:2.9587 t:589552ms step:401ms
step:1500/100000 loss:3.0564 t:593539ms step:401ms
step:1510/100000 loss:3.0756 t:597534ms step:398ms
val_progress:1/2
val_progress:2/2
step:1517/100000 val_loss:2.8474 val_bpb:1.6832 train_time:600327ms
lawa:applied k=5 snapshots for serialization
val_progress:1/2
val_progress:2/2
final_eval val_loss:2.8904 val_bpb:1.7087
final_sliding val_loss:2.9521 val_bpb:1.7454 (stride=32, T=1.00) eval_time:10090ms
ngram_cache val_loss:2.8520 val_bpb:1.6860 (order=5) eval_time:4029ms
artifact:2.22MB code:180305 total:2401609/16000000 (FITS
Done. Artifact saved to logs/mlx_reasoner_model.ternary.ptz
