Ternary Reasoner — MLX local testing
Python 3.12.3 (main, Apr  9 2024, 08:09:14) [Clang 15.0.0 (clang-1500.3.9.4)]
MLX 0.31.1
model_params:80019490 layers:12 dim:768 heads:8 seq_len:1024
feedback:True passes:1 every:1 eval_passes:2 capsule:True engram:True(4h2o@L1) vrl:True xsa_start:8 partial_rope:16 lrelu2:lrelu2 shared_blocks:0
koopman:rank=4 diag_init=0.9 consist_w=0.005 halt:1@0.05 carry:1@0.8
optimizer: matrix_lr=0.025 scalar_lr=0.025 embed_lr=0.035 muon_wd=0.04 adam_wd=0.04
eval: sliding=1@64 temp_scaling=1 ttt=True ngram_cache=True
turbo_quant: train=0 export=1
step:1/4 loss:6.9385 t:22820ms step:22819ms
step:2/4 loss:6.8722 t:53251ms step:30425ms
step:3/4 loss:7.2308 t:85377ms step:32123ms
val_progress:1/2
val_progress:2/2
step:3/4 val_loss:5.9261 val_bpb:3.4989 train_time:85379ms
val_progress:1/2
val_progress:2/2
final_eval val_loss:5.9261 val_bpb:3.4989
temp_scaling optimal_T:1.10 eval_time:63707ms
final_sliding val_loss:5.8446 val_bpb:3.4505 (stride=64, T=1.10) eval_time:194770ms
ttt_sliding:start chunks=2 chunk_tokens=32768 stride=64 ttt_lr=0.002 ttt_epochs=1 scope=feedback
ttt_sliding:params unfrozen=762816
