--- LR035 REFINEMENT 1HR START: Thu Apr  2 05:33:52 CDT 2026 ---
Ternary Reasoner — MLX local testing
Python 3.12.3 (main, Apr  9 2024, 08:09:14) [Clang 15.0.0 (clang-1500.3.9.4)]
MLX 0.31.1
model_params:2141641 arch:hybrid layers:8 dim:128 heads:4 seq_len:1024
koopman_ssm: state_dim=64 rank=4 conv_kernel=4 decay_window=32 mlp_mult=4
hybrid: 4 attention + 4 SSM layers
feedback:False passes:1 every:2 eval_passes:2 capsule:True engram:True(4h3o@L1) vrl:True xsa_start:8 partial_rope:16 lrelu2:lrelu2 shared_blocks:2
koopman:rank=2 diag_init=0.9 consist_w=0.005 halt:1@0.05 carry:1@0.8
optimizer: matrix_lr=0.035 scalar_lr=0.035 embed_lr=0.052 muon_wd=0.04 adam_wd=0.04
eval: sliding=True@64 temp_scaling=True ttt=True ngram_cache=True
turbo_quant: train=False export=True kv=True
convergence: noise=0.02 sdepth=0.1 ema_eval=True self_distill=0.1 curriculum=True(seq:256->512->1024 @15%/40%)
val_progress:1/2
val_progress:2/2
step:0/6000 val_loss:6.9321 val_bpb:4.0928 train_time:0ms
step:1/6000 loss:6.9635 t:1268ms step:1267ms
step:2/6000 loss:6.7258 t:2002ms step:732ms
step:3/6000 loss:6.2783 t:2765ms step:763ms
step:4/6000 loss:6.1689 t:3510ms step:745ms
step:5/6000 loss:6.2308 t:4272ms step:761ms
step:10/6000 loss:5.7640 t:7891ms step:706ms
step:20/6000 loss:5.1139 t:14952ms step:704ms
step:30/6000 loss:5.0167 t:21861ms step:705ms
step:40/6000 loss:4.7276 t:28896ms step:700ms
step:50/6000 loss:4.7106 t:35806ms step:709ms
step:60/6000 loss:4.4940 t:42908ms step:702ms
step:70/6000 loss:4.3701 t:50094ms step:691ms
step:80/6000 loss:4.2464 t:57131ms step:714ms
step:90/6000 loss:4.3025 t:64169ms step:705ms
step:100/6000 loss:4.3219 t:71313ms step:697ms
val_progress:1/2
val_progress:2/2
step:100/6000 val_loss:4.4088 val_bpb:2.6030 train_time:71314ms
step:110/6000 loss:4.2768 t:78415ms step:714ms
step:120/6000 loss:4.1307 t:85475ms step:690ms
step:130/6000 loss:4.1721 t:92530ms step:715ms
step:140/6000 loss:4.0273 t:99576ms step:724ms
step:150/6000 loss:4.0465 t:106615ms step:677ms
step:160/6000 loss:3.9709 t:113653ms step:699ms
step:170/6000 loss:4.2987 t:120742ms step:699ms
step:180/6000 loss:4.1493 t:127864ms step:703ms
step:190/6000 loss:3.9456 t:134772ms step:672ms
step:200/6000 loss:4.0297 t:141709ms step:700ms
val_progress:1/2
val_progress:2/2
step:200/6000 val_loss:4.0861 val_bpb:2.4125 train_time:141710ms
step:210/6000 loss:3.9401 t:149121ms step:716ms
step:220/6000 loss:3.8662 t:156213ms step:706ms
step:230/6000 loss:3.9292 t:163315ms step:684ms
step:240/6000 loss:4.0544 t:170279ms step:707ms
step:250/6000 loss:3.9594 t:177308ms step:678ms
step:260/6000 loss:3.8448 t:184389ms step:710ms
step:270/6000 loss:3.7264 t:191494ms step:708ms
step:280/6000 loss:3.7912 t:198542ms step:706ms
step:290/6000 loss:3.7813 t:205555ms step:694ms
step:300/6000 loss:3.7431 t:212649ms step:689ms
val_progress:1/2
val_progress:2/2
step:300/6000 val_loss:3.9978 val_bpb:2.3603 train_time:212650ms
step:310/6000 loss:3.9096 t:219935ms step:709ms
step:320/6000 loss:3.8707 t:226944ms step:676ms
step:330/6000 loss:3.7418 t:233769ms step:678ms
step:340/6000 loss:3.6278 t:240735ms step:676ms
step:350/6000 loss:3.7564 t:247601ms step:701ms
step:360/6000 loss:3.6978 t:254579ms step:684ms
step:370/6000 loss:3.6855 t:261849ms step:716ms
step:380/6000 loss:3.8656 t:268946ms step:700ms
step:390/6000 loss:3.8792 t:275995ms step:698ms
step:400/6000 loss:4.0536 t:282989ms step:703ms
val_progress:1/2
val_progress:2/2
step:400/6000 val_loss:3.9156 val_bpb:2.3118 train_time:282990ms
step:410/6000 loss:3.7487 t:290045ms step:703ms
step:420/6000 loss:3.7225 t:297313ms step:703ms
step:430/6000 loss:4.1714 t:304425ms step:695ms
step:440/6000 loss:3.6887 t:311573ms step:706ms
step:450/6000 loss:3.8284 t:318482ms step:679ms
step:460/6000 loss:3.8379 t:325522ms step:718ms
step:470/6000 loss:3.7296 t:332579ms step:716ms
step:480/6000 loss:3.7244 t:339588ms step:677ms
step:490/6000 loss:3.7394 t:346594ms step:706ms
step:500/6000 loss:3.7693 t:353616ms step:698ms
val_progress:1/2
val_progress:2/2
step:500/6000 val_loss:3.8791 val_bpb:2.2903 train_time:353617ms
step:510/6000 loss:3.5864 t:361174ms step:955ms
step:520/6000 loss:3.6581 t:368870ms step:760ms
step:530/6000 loss:3.7279 t:376249ms step:724ms
step:540/6000 loss:3.6937 t:383383ms step:681ms
step:550/6000 loss:3.9294 t:390726ms step:717ms
step:560/6000 loss:3.5999 t:397664ms step:672ms
step:570/6000 loss:4.0904 t:404459ms step:670ms
step:580/6000 loss:3.8974 t:411381ms step:680ms
step:590/6000 loss:3.7419 t:418378ms step:674ms
step:600/6000 loss:3.6934 t:425416ms step:709ms
val_progress:1/2
val_progress:2/2
step:600/6000 val_loss:3.8647 val_bpb:2.2818 train_time:425417ms
step:610/6000 loss:3.6847 t:432466ms step:704ms
step:620/6000 loss:3.6298 t:439433ms step:678ms
step:630/6000 loss:3.4648 t:446281ms step:679ms
step:640/6000 loss:3.4445 t:453088ms step:674ms
step:650/6000 loss:3.6764 t:459971ms step:675ms
step:660/6000 loss:3.7158 t:467086ms step:716ms
step:670/6000 loss:3.8371 t:474214ms step:705ms
step:680/6000 loss:3.6657 t:481311ms step:674ms
step:690/6000 loss:3.7318 t:488177ms step:714ms
step:700/6000 loss:3.8315 t:495290ms step:722ms
val_progress:1/2
val_progress:2/2
step:700/6000 val_loss:3.7618 val_bpb:2.2210 train_time:495291ms
step:710/6000 loss:3.6932 t:502174ms step:679ms
step:720/6000 loss:3.8011 t:509225ms step:713ms
step:730/6000 loss:3.6557 t:516282ms step:704ms
step:740/6000 loss:3.6526 t:523159ms step:676ms
step:750/6000 loss:3.8867 t:530084ms step:674ms
step:760/6000 loss:3.6818 t:537176ms step:718ms
step:770/6000 loss:3.7716 t:544729ms step:746ms
step:780/6000 loss:3.7130 t:552634ms step:812ms
step:790/6000 loss:3.6574 t:560486ms step:778ms
step:800/6000 loss:3.8216 t:568175ms step:748ms
val_progress:1/2
val_progress:2/2
step:800/6000 val_loss:3.8215 val_bpb:2.2563 train_time:568176ms
step:810/6000 loss:3.7623 t:576117ms step:782ms
step:820/6000 loss:3.8292 t:584187ms step:824ms
step:830/6000 loss:3.7330 t:592384ms step:838ms
step:840/6000 loss:3.5603 t:600638ms step:817ms
step:850/6000 loss:3.5653 t:608729ms step:858ms
step:860/6000 loss:3.5710 t:617278ms step:844ms
step:870/6000 loss:3.6649 t:625753ms step:847ms
step:880/6000 loss:3.7714 t:634234ms step:854ms
step:890/6000 loss:3.5922 t:642673ms step:847ms
step:900/6000 loss:3.6173 t:651112ms step:850ms
val_progress:1/2
val_progress:2/2
step:900/6000 val_loss:3.7027 val_bpb:2.1861 train_time:651113ms
step:910/6000 loss:3.7379 t:659718ms step:831ms
step:920/6000 loss:3.5450 t:668120ms step:831ms
step:930/6000 loss:3.6034 t:676586ms step:869ms
step:940/6000 loss:3.8034 t:684603ms step:779ms
step:950/6000 loss:3.7200 t:692362ms step:743ms
step:960/6000 loss:3.6052 t:699934ms step:758ms
step:970/6000 loss:3.7271 t:707657ms step:744ms
step:980/6000 loss:3.5519 t:715353ms step:786ms
step:990/6000 loss:3.8598 t:723238ms step:790ms
step:1000/6000 loss:3.5925 t:730995ms step:758ms
val_progress:1/2
val_progress:2/2
step:1000/6000 val_loss:3.7513 val_bpb:2.2148 train_time:730996ms
step:1010/6000 loss:3.5942 t:738870ms step:769ms
step:1020/6000 loss:3.6530 t:746360ms step:749ms
step:1030/6000 loss:3.5971 t:754095ms step:784ms
step:1040/6000 loss:3.7321 t:761616ms step:742ms
step:1050/6000 loss:3.7506 t:769307ms step:800ms
step:1060/6000 loss:3.6100 t:777182ms step:756ms
step:1070/6000 loss:3.6786 t:784832ms step:760ms
step:1080/6000 loss:3.5688 t:792633ms step:777ms
step:1090/6000 loss:3.5142 t:800372ms step:744ms
step:1100/6000 loss:3.7626 t:807878ms step:748ms
val_progress:1/2
val_progress:2/2
step:1100/6000 val_loss:3.7069 val_bpb:2.1886 train_time:807878ms
step:1110/6000 loss:3.6426 t:815714ms step:757ms
step:1120/6000 loss:3.7313 t:823582ms step:787ms
step:1130/6000 loss:3.3964 t:831409ms step:780ms
step:1140/6000 loss:3.7740 t:839147ms step:746ms
step:1150/6000 loss:3.6136 t:847335ms step:831ms
step:1160/6000 loss:3.5993 t:855226ms step:773ms
step:1170/6000 loss:3.4516 t:863105ms step:794ms
step:1180/6000 loss:3.5616 t:870973ms step:784ms
step:1190/6000 loss:3.5758 t:879120ms step:814ms
step:1200/6000 loss:3.5700 t:886898ms step:759ms
val_progress:1/2
val_progress:2/2
step:1200/6000 val_loss:3.7068 val_bpb:2.1885 train_time:886898ms
step:1210/6000 loss:3.4098 t:895088ms step:780ms
step:1220/6000 loss:3.5578 t:903063ms step:801ms
step:1230/6000 loss:3.5563 t:910997ms step:780ms
step:1240/6000 loss:3.6496 t:918644ms step:771ms
step:1250/6000 loss:3.5990 t:926422ms step:777ms
step:1260/6000 loss:3.5432 t:934229ms step:785ms
step:1270/6000 loss:3.8049 t:942014ms step:749ms
step:1280/6000 loss:3.5375 t:949491ms step:744ms
step:1290/6000 loss:3.6461 t:957122ms step:799ms
step:1300/6000 loss:3.6043 t:964915ms step:758ms
val_progress:1/2
val_progress:2/2
step:1300/6000 val_loss:3.6790 val_bpb:2.1721 train_time:964916ms
step:1310/6000 loss:3.4588 t:972776ms step:788ms
step:1320/6000 loss:4.1402 t:980596ms step:784ms
step:1330/6000 loss:3.6240 t:988362ms step:779ms
step:1340/6000 loss:3.4844 t:996142ms step:788ms
step:1350/6000 loss:3.5447 t:1003837ms step:781ms
step:1360/6000 loss:3.4588 t:1011717ms step:780ms
step:1370/6000 loss:3.4875 t:1019256ms step:765ms
step:1380/6000 loss:3.6281 t:1026901ms step:773ms
step:1390/6000 loss:3.4842 t:1034769ms step:776ms
step:1400/6000 loss:3.6092 t:1042652ms step:786ms
val_progress:1/2
val_progress:2/2
step:1400/6000 val_loss:3.6677 val_bpb:2.1655 train_time:1042653ms
step:1410/6000 loss:3.7026 t:1050326ms step:767ms
step:1420/6000 loss:3.5134 t:1057997ms step:744ms
step:1430/6000 loss:3.6442 t:1065700ms step:776ms
step:1440/6000 loss:3.5643 t:1073421ms step:772ms
step:1450/6000 loss:3.5556 t:1081116ms step:746ms
step:1460/6000 loss:3.6335 t:1088870ms step:777ms
step:1470/6000 loss:3.5421 t:1096608ms step:773ms
step:1480/6000 loss:3.6232 t:1104344ms step:784ms
step:1490/6000 loss:3.5916 t:1112113ms step:768ms
step:1500/6000 loss:3.6180 t:1119814ms step:743ms
val_progress:1/2
val_progress:2/2
step:1500/6000 val_loss:3.6614 val_bpb:2.1618 train_time:1119815ms
step:1510/6000 loss:3.6425 t:1127722ms step:771ms
step:1520/6000 loss:3.5626 t:1135604ms step:786ms
step:1530/6000 loss:3.4405 t:1143902ms step:842ms
step:1540/6000 loss:3.6247 t:1152401ms step:841ms
step:1550/6000 loss:3.6553 t:1161094ms step:863ms
step:1560/6000 loss:3.6240 t:1169768ms step:941ms
step:1570/6000 loss:3.7651 t:1178173ms step:811ms
step:1580/6000 loss:3.4679 t:1186372ms step:815ms
step:1590/6000 loss:3.5090 t:1194590ms step:817ms
step:1600/6000 loss:3.7868 t:1202690ms step:794ms
val_progress:1/2
val_progress:2/2
step:1600/6000 val_loss:3.6842 val_bpb:2.1752 train_time:1202691ms
step:1610/6000 loss:3.6162 t:1210962ms step:779ms
step:1620/6000 loss:3.5325 t:1218729ms step:763ms
step:1630/6000 loss:3.5994 t:1226246ms step:759ms
step:1640/6000 loss:3.6607 t:1233852ms step:760ms
step:1650/6000 loss:3.5677 t:1241293ms step:725ms
step:1660/6000 loss:3.6484 t:1248772ms step:729ms
step:1670/6000 loss:3.5614 t:1256339ms step:725ms
step:1680/6000 loss:3.5972 t:1263875ms step:721ms
step:1690/6000 loss:3.5680 t:1271505ms step:764ms
step:1700/6000 loss:3.5694 t:1278931ms step:724ms
val_progress:1/2
val_progress:2/2
step:1700/6000 val_loss:3.6338 val_bpb:2.1455 train_time:1278932ms
step:1710/6000 loss:3.6384 t:1286678ms step:749ms
step:1720/6000 loss:3.5989 t:1294270ms step:763ms
step:1730/6000 loss:3.9697 t:1301559ms step:755ms
step:1740/6000 loss:3.6389 t:1309034ms step:727ms
step:1750/6000 loss:3.4973 t:1316414ms step:745ms
step:1760/6000 loss:3.6331 t:1323917ms step:724ms
step:1770/6000 loss:3.4962 t:1331225ms step:748ms
step:1780/6000 loss:3.4712 t:1338693ms step:760ms
step:1790/6000 loss:3.6377 t:1346127ms step:742ms
step:1800/6000 loss:3.3416 t:1353825ms step:756ms
val_progress:1/2
val_progress:2/2
step:1800/6000 val_loss:3.6390 val_bpb:2.1485 train_time:1353826ms
step:1810/6000 loss:3.5631 t:1362095ms step:790ms
step:1820/6000 loss:3.4720 t:1369802ms step:756ms
step:1830/6000 loss:3.4042 t:1377355ms step:754ms
step:1840/6000 loss:3.5352 t:1385068ms step:803ms
step:1850/6000 loss:3.4485 t:1393181ms step:810ms
step:1860/6000 loss:3.5271 t:1401266ms step:829ms
step:1870/6000 loss:3.5098 t:1409347ms step:805ms
step:1880/6000 loss:3.2724 t:1417318ms step:781ms
step:1890/6000 loss:3.7748 t:1425329ms step:796ms
step:1900/6000 loss:3.5016 t:1433349ms step:807ms
val_progress:1/2
val_progress:2/2
step:1900/6000 val_loss:3.6657 val_bpb:2.1643 train_time:1433350ms
step:1910/6000 loss:4.0542 t:1442839ms step:959ms
step:1920/6000 loss:3.4638 t:1452247ms step:888ms
step:1930/6000 loss:3.6208 t:1461061ms step:960ms
step:1940/6000 loss:3.4517 t:1470177ms step:904ms
step:1950/6000 loss:3.7248 t:1479284ms step:911ms
step:1960/6000 loss:3.7623 t:1488092ms step:856ms
step:1970/6000 loss:3.4092 t:1496883ms step:897ms
step:1980/6000 loss:3.5302 t:1505656ms step:856ms
step:1990/6000 loss:3.6053 t:1514388ms step:865ms
step:2000/6000 loss:3.4916 t:1523211ms step:873ms
val_progress:1/2
val_progress:2/2
step:2000/6000 val_loss:3.5740 val_bpb:2.1102 train_time:1523211ms
step:2010/6000 loss:3.5743 t:1532656ms step:862ms
step:2020/6000 loss:3.7751 t:1541515ms step:858ms
step:2030/6000 loss:3.5569 t:1550480ms step:892ms
step:2040/6000 loss:3.5857 t:1559426ms step:898ms
step:2050/6000 loss:3.4972 t:1568365ms step:910ms
step:2060/6000 loss:3.2812 t:1577345ms step:888ms
step:2070/6000 loss:3.4213 t:1586136ms step:911ms
step:2080/6000 loss:3.4500 t:1595509ms step:962ms
step:2090/6000 loss:3.3534 t:1604734ms step:933ms
step:2100/6000 loss:3.5285 t:1613898ms step:865ms
val_progress:1/2
val_progress:2/2
step:2100/6000 val_loss:3.5013 val_bpb:2.0672 train_time:1613899ms
step:2110/6000 loss:3.4604 t:1623254ms step:899ms
step:2120/6000 loss:3.5011 t:1632347ms step:904ms
step:2130/6000 loss:3.5225 t:1641457ms step:855ms
step:2140/6000 loss:3.5166 t:1650358ms step:984ms
step:2150/6000 loss:3.5733 t:1659633ms step:902ms
step:2160/6000 loss:3.4575 t:1668619ms step:881ms
step:2170/6000 loss:3.5681 t:1677616ms step:913ms
step:2180/6000 loss:3.5357 t:1686545ms step:889ms
step:2190/6000 loss:3.6595 t:1695352ms step:863ms
step:2200/6000 loss:3.4916 t:1704176ms step:873ms
val_progress:1/2
val_progress:2/2
step:2200/6000 val_loss:3.4610 val_bpb:2.0434 train_time:1704177ms
step:2210/6000 loss:3.5561 t:1713521ms step:880ms
step:2220/6000 loss:3.6890 t:1722334ms step:877ms
step:2230/6000 loss:3.6019 t:1731487ms step:913ms
step:2240/6000 loss:3.5328 t:1740276ms step:854ms
step:2250/6000 loss:3.6523 t:1749330ms step:913ms
step:2260/6000 loss:3.5112 t:1758327ms step:899ms
step:2270/6000 loss:3.8675 t:1767472ms step:915ms
step:2280/6000 loss:3.6870 t:1776481ms step:913ms
step:2290/6000 loss:3.6021 t:1785684ms step:911ms
step:2300/6000 loss:3.5162 t:1794690ms step:907ms
val_progress:1/2
val_progress:2/2
step:2300/6000 val_loss:3.4193 val_bpb:2.0188 train_time:1794690ms
step:2310/6000 loss:3.5018 t:1804487ms step:861ms
step:2320/6000 loss:3.4675 t:1813361ms step:891ms
step:2330/6000 loss:3.4020 t:1822366ms step:863ms
step:2340/6000 loss:3.4954 t:1831412ms step:913ms
step:2350/6000 loss:3.5341 t:1840374ms step:885ms
step:2360/6000 loss:3.5234 t:1849587ms step:923ms
step:2370/6000 loss:3.5957 t:1858455ms step:868ms
step:2380/6000 loss:3.5171 t:1867322ms step:863ms
step:2390/6000 loss:3.8347 t:1876296ms step:856ms
step:2400/6000 loss:3.5262 t:1885372ms step:895ms
val_progress:1/2
val_progress:2/2
step:2400/6000 val_loss:3.4159 val_bpb:2.0168 train_time:1885373ms
step:2410/6000 loss:3.4330 t:1894594ms step:893ms
step:2420/6000 loss:3.5164 t:1903793ms step:911ms
step:2430/6000 loss:3.5891 t:1912648ms step:870ms
step:2440/6000 loss:3.7551 t:1921476ms step:900ms
step:2450/6000 loss:3.6183 t:1930400ms step:903ms
step:2460/6000 loss:3.5066 t:1939178ms step:861ms
step:2470/6000 loss:3.5470 t:1948207ms step:888ms
step:2480/6000 loss:3.6084 t:1957169ms step:890ms
step:2490/6000 loss:3.6028 t:1966372ms step:939ms
step:2500/6000 loss:3.5873 t:1975713ms step:941ms
val_progress:1/2
val_progress:2/2
step:2500/6000 val_loss:3.4017 val_bpb:2.0084 train_time:1975714ms
step:2510/6000 loss:3.2068 t:1985617ms step:893ms
step:2520/6000 loss:3.4560 t:1994615ms step:903ms
step:2530/6000 loss:3.5494 t:2003420ms step:861ms
step:2540/6000 loss:3.4982 t:2012043ms step:854ms
step:2550/6000 loss:3.1763 t:2021253ms step:886ms
step:2560/6000 loss:3.6082 t:2030341ms step:904ms
step:2570/6000 loss:3.5922 t:2039276ms step:881ms
step:2580/6000 loss:3.4916 t:2048149ms step:877ms
step:2590/6000 loss:3.4193 t:2057020ms step:890ms
step:2600/6000 loss:3.5459 t:2066058ms step:888ms
val_progress:1/2
val_progress:2/2
step:2600/6000 val_loss:3.3886 val_bpb:2.0007 train_time:2066058ms
step:2610/6000 loss:3.5685 t:2075630ms step:939ms
step:2620/6000 loss:3.6415 t:2084888ms step:930ms
step:2630/6000 loss:3.3861 t:2094470ms step:946ms
step:2640/6000 loss:3.6279 t:2104086ms step:928ms
step:2650/6000 loss:3.4023 t:2113223ms step:870ms
step:2660/6000 loss:3.5635 t:2122291ms step:898ms
step:2670/6000 loss:3.5383 t:2131864ms step:1034ms
step:2680/6000 loss:3.6116 t:2141622ms step:995ms
step:2690/6000 loss:3.5822 t:2151468ms step:963ms
step:2700/6000 loss:3.4400 t:2161270ms step:1019ms
val_progress:1/2
val_progress:2/2
step:2700/6000 val_loss:3.3842 val_bpb:1.9981 train_time:2161271ms
step:2710/6000 loss:3.4963 t:2171830ms step:988ms
step:2720/6000 loss:3.5698 t:2181706ms step:1004ms
step:2730/6000 loss:3.4989 t:2191523ms step:1006ms
step:2740/6000 loss:3.4816 t:2200767ms step:905ms
step:2750/6000 loss:3.5926 t:2209801ms step:895ms
step:2760/6000 loss:3.5629 t:2218590ms step:860ms
step:2770/6000 loss:3.5759 t:2227593ms step:898ms
step:2780/6000 loss:3.5843 t:2236923ms step:950ms
step:2790/6000 loss:3.3685 t:2246049ms step:883ms
step:2800/6000 loss:3.5569 t:2254982ms step:905ms
val_progress:1/2
val_progress:2/2
step:2800/6000 val_loss:3.3870 val_bpb:1.9997 train_time:2254983ms
step:2810/6000 loss:3.4334 t:2264649ms step:941ms
step:2820/6000 loss:3.3393 t:2274025ms step:911ms
step:2830/6000 loss:3.5354 t:2283036ms step:926ms
step:2840/6000 loss:3.4446 t:2292169ms step:911ms
step:2850/6000 loss:3.4364 t:2301255ms step:935ms
step:2860/6000 loss:3.8401 t:2310682ms step:985ms
step:2870/6000 loss:3.4021 t:2320004ms step:893ms
step:2880/6000 loss:3.4398 t:2328990ms step:893ms
step:2890/6000 loss:3.6216 t:2337877ms step:887ms
step:2900/6000 loss:3.3865 t:2347049ms step:928ms
val_progress:1/2
val_progress:2/2
step:2900/6000 val_loss:3.3795 val_bpb:1.9953 train_time:2347050ms
step:2910/6000 loss:3.4716 t:2356430ms step:862ms
step:2920/6000 loss:3.5049 t:2365566ms step:909ms
step:2930/6000 loss:3.4785 t:2374552ms step:884ms
step:2940/6000 loss:3.4275 t:2383587ms step:890ms
step:2950/6000 loss:3.6322 t:2392593ms step:870ms
step:2960/6000 loss:3.5767 t:2401988ms step:944ms
step:2970/6000 loss:3.5312 t:2411446ms step:944ms
step:2980/6000 loss:3.4432 t:2420514ms step:879ms
step:2990/6000 loss:3.4759 t:2429529ms step:866ms
step:3000/6000 loss:3.4379 t:2438423ms step:892ms
val_progress:1/2
val_progress:2/2
step:3000/6000 val_loss:3.3835 val_bpb:1.9977 train_time:2438424ms
step:3010/6000 loss:3.5536 t:2447898ms step:957ms
step:3020/6000 loss:3.6052 t:2457913ms step:988ms
step:3030/6000 loss:3.4527 t:2467724ms step:986ms
step:3040/6000 loss:4.2718 t:2477603ms step:995ms
step:3050/6000 loss:3.5913 t:2487336ms step:969ms
step:3060/6000 loss:3.5064 t:2497040ms step:986ms
step:3070/6000 loss:3.4619 t:2506690ms step:954ms
step:3080/6000 loss:3.5747 t:2516270ms step:961ms
step:3090/6000 loss:3.5646 t:2525843ms step:958ms
step:3100/6000 loss:3.5859 t:2535622ms step:977ms
val_progress:1/2
val_progress:2/2
step:3100/6000 val_loss:3.3824 val_bpb:1.9970 train_time:2535623ms
step:3110/6000 loss:3.5103 t:2546044ms step:902ms
step:3120/6000 loss:3.5618 t:2554860ms step:871ms
step:3130/6000 loss:3.6078 t:2564469ms step:962ms
step:3140/6000 loss:3.4524 t:2573588ms step:864ms
step:3150/6000 loss:3.5855 t:2582673ms step:896ms
step:3160/6000 loss:3.4544 t:2591645ms step:891ms
step:3170/6000 loss:3.5343 t:2600628ms step:939ms
step:3180/6000 loss:3.4600 t:2609833ms step:907ms
step:3190/6000 loss:3.4485 t:2618629ms step:919ms
step:3200/6000 loss:3.4319 t:2627623ms step:860ms
val_progress:1/2
val_progress:2/2
step:3200/6000 val_loss:3.3721 val_bpb:1.9909 train_time:2627623ms
step:3210/6000 loss:3.3650 t:2637827ms step:941ms
step:3220/6000 loss:3.4826 t:2646963ms step:911ms
step:3230/6000 loss:3.4641 t:2656004ms step:896ms
step:3240/6000 loss:3.4583 t:2664974ms step:914ms
step:3250/6000 loss:3.5595 t:2674137ms step:944ms
step:3260/6000 loss:3.4848 t:2683587ms step:957ms
step:3270/6000 loss:3.7198 t:2692989ms step:945ms
step:3280/6000 loss:3.4921 t:2701921ms step:896ms
step:3290/6000 loss:3.5513 t:2710780ms step:857ms
step:3300/6000 loss:3.4815 t:2720046ms step:917ms
val_progress:1/2
val_progress:2/2
step:3300/6000 val_loss:3.3576 val_bpb:1.9824 train_time:2720047ms
step:3310/6000 loss:3.7610 t:2729706ms step:893ms
step:3320/6000 loss:3.3268 t:2738798ms step:895ms
step:3330/6000 loss:3.6101 t:2747904ms step:911ms
step:3340/6000 loss:3.5366 t:2757069ms step:892ms
step:3350/6000 loss:3.4872 t:2766063ms step:896ms
step:3360/6000 loss:3.5451 t:2775130ms step:923ms
step:3370/6000 loss:3.3838 t:2784149ms step:890ms
step:3380/6000 loss:3.4656 t:2793140ms step:896ms
step:3390/6000 loss:3.4833 t:2801940ms step:911ms
step:3400/6000 loss:3.5785 t:2810824ms step:882ms
val_progress:1/2
val_progress:2/2
step:3400/6000 val_loss:3.3545 val_bpb:1.9806 train_time:2810824ms
step:3410/6000 loss:3.5212 t:2819827ms step:891ms
step:3420/6000 loss:3.4094 t:2828900ms step:881ms
step:3430/6000 loss:3.4850 t:2837806ms step:858ms
step:3440/6000 loss:3.4835 t:2846870ms step:948ms
step:3450/6000 loss:3.4473 t:2856296ms step:953ms
step:3460/6000 loss:3.5948 t:2865600ms step:888ms
step:3470/6000 loss:3.4184 t:2874702ms step:926ms
step:3480/6000 loss:3.3514 t:2884024ms step:1138ms
step:3490/6000 loss:3.5256 t:2894120ms step:947ms
step:3500/6000 loss:3.3933 t:2904690ms step:1117ms
val_progress:1/2
val_progress:2/2
step:3500/6000 val_loss:3.3554 val_bpb:1.9811 train_time:2904690ms
step:3510/6000 loss:3.4609 t:2915240ms step:942ms
step:3520/6000 loss:3.4881 t:2924764ms step:899ms
step:3530/6000 loss:3.4372 t:2933535ms step:861ms
step:3540/6000 loss:3.4064 t:2942446ms step:876ms
step:3550/6000 loss:3.4606 t:2951431ms step:884ms
step:3560/6000 loss:3.2155 t:2960210ms step:885ms
step:3570/6000 loss:3.6282 t:2968893ms step:860ms
step:3580/6000 loss:3.4497 t:2977493ms step:853ms
step:3590/6000 loss:3.3892 t:2986242ms step:869ms
step:3600/6000 loss:3.1771 t:2995168ms step:902ms
val_progress:1/2
val_progress:2/2
step:3600/6000 val_loss:3.3489 val_bpb:1.9772 train_time:2995169ms
step:3610/6000 loss:3.5749 t:3004562ms step:884ms
step:3620/6000 loss:3.1615 t:3013314ms step:932ms
step:3630/6000 loss:3.5021 t:3022106ms step:868ms
step:3640/6000 loss:3.3910 t:3030954ms step:854ms
step:3650/6000 loss:3.4316 t:3039587ms step:852ms
step:3660/6000 loss:3.3764 t:3048276ms step:856ms
step:3670/6000 loss:3.3577 t:3057196ms step:915ms
step:3680/6000 loss:3.2445 t:3065851ms step:880ms
step:3690/6000 loss:3.6449 t:3074471ms step:857ms
step:3700/6000 loss:3.3049 t:3083137ms step:857ms
val_progress:1/2
val_progress:2/2
step:3700/6000 val_loss:3.3437 val_bpb:1.9742 train_time:3083137ms
step:3710/6000 loss:3.3831 t:3092282ms step:874ms
step:3720/6000 loss:3.2484 t:3101354ms step:919ms
step:3730/6000 loss:3.1377 t:3110351ms step:913ms
step:3740/6000 loss:3.3232 t:3119535ms step:916ms
step:3750/6000 loss:3.4080 t:3128838ms step:896ms
step:3760/6000 loss:3.3889 t:3137680ms step:882ms
step:3770/6000 loss:3.3272 t:3147032ms step:923ms
step:3780/6000 loss:3.2466 t:3156138ms step:901ms
step:3790/6000 loss:3.2732 t:3165189ms step:907ms
step:3800/6000 loss:3.2485 t:3174350ms step:981ms
val_progress:1/2
val_progress:2/2
step:3800/6000 val_loss:3.3336 val_bpb:1.9682 train_time:3174351ms
step:3810/6000 loss:3.3481 t:3183987ms step:934ms
step:3820/6000 loss:3.4315 t:3193167ms step:881ms
step:3830/6000 loss:3.3077 t:3202569ms step:913ms
step:3840/6000 loss:3.4079 t:3211737ms step:914ms
step:3850/6000 loss:3.3484 t:3221066ms step:908ms
step:3860/6000 loss:3.4440 t:3230378ms step:969ms
step:3870/6000 loss:3.2631 t:3239602ms step:881ms
step:3880/6000 loss:3.3098 t:3249010ms step:922ms
step:3890/6000 loss:3.4312 t:3258582ms step:932ms
step:3900/6000 loss:3.3977 t:3267966ms step:955ms
val_progress:1/2
val_progress:2/2
step:3900/6000 val_loss:3.3339 val_bpb:1.9684 train_time:3267966ms
step:3910/6000 loss:3.2820 t:3278290ms step:915ms
step:3920/6000 loss:3.2717 t:3287520ms step:921ms
step:3930/6000 loss:3.2147 t:3296736ms step:914ms
step:3940/6000 loss:3.5015 t:3305914ms step:924ms
step:3950/6000 loss:3.5914 t:3315081ms step:930ms
step:3960/6000 loss:3.2272 t:3324237ms step:913ms
step:3970/6000 loss:3.1763 t:3333446ms step:916ms
step:3980/6000 loss:3.2295 t:3342684ms step:911ms
step:3990/6000 loss:3.3673 t:3351889ms step:925ms
step:4000/6000 loss:3.2877 t:3360879ms step:882ms
val_progress:1/2
val_progress:2/2
step:4000/6000 val_loss:3.3257 val_bpb:1.9636 train_time:3360880ms
step:4010/6000 loss:3.3968 t:3370419ms step:884ms
step:4020/6000 loss:3.1808 t:3379783ms step:936ms
step:4030/6000 loss:3.3539 t:3388974ms step:901ms
step:4040/6000 loss:3.1754 t:3398014ms step:900ms
step:4050/6000 loss:3.2724 t:3407020ms step:880ms
step:4060/6000 loss:3.3478 t:3416111ms step:882ms
step:4070/6000 loss:3.3665 t:3425170ms step:916ms
step:4080/6000 loss:3.4035 t:3434178ms step:881ms
step:4090/6000 loss:3.5549 t:3443390ms step:919ms
step:4100/6000 loss:3.2052 t:3452433ms step:907ms
val_progress:1/2
val_progress:2/2
step:4100/6000 val_loss:3.3127 val_bpb:1.9559 train_time:3452433ms
step:4110/6000 loss:3.4286 t:3462350ms step:978ms
step:4120/6000 loss:3.2672 t:3472071ms step:977ms
step:4130/6000 loss:3.3077 t:3482059ms step:1084ms
step:4140/6000 loss:3.2958 t:3492319ms step:950ms
step:4150/6000 loss:3.2574 t:3502021ms step:998ms
step:4160/6000 loss:3.2278 t:3511338ms step:913ms
step:4170/6000 loss:3.3369 t:3520360ms step:903ms
step:4180/6000 loss:3.3232 t:3529440ms step:924ms
step:4190/6000 loss:3.2206 t:3538496ms step:907ms
step:4200/6000 loss:3.2339 t:3547621ms step:908ms
val_progress:1/2
val_progress:2/2
step:4200/6000 val_loss:3.3062 val_bpb:1.9520 train_time:3547622ms
step:4210/6000 loss:3.2064 t:3559197ms step:888ms
step:4220/6000 loss:3.4068 t:3568405ms step:922ms
step:4230/6000 loss:3.2494 t:3577502ms step:904ms
step:4240/6000 loss:3.2675 t:3586744ms step:919ms
step:4250/6000 loss:3.3097 t:3595982ms step:903ms
val_progress:1/2
val_progress:2/2
step:4255/6000 val_loss:3.3153 val_bpb:1.9574 train_time:3600550ms
EMA shadow weights applied
val_progress:1/2
val_progress:2/2
final_eval val_loss:3.3091 val_bpb:1.9538
temp_scaling optimal_T:1.10 eval_time:7401ms
final_sliding val_loss:3.3139 val_bpb:1.9564 (stride=64, T=1.10) eval_time:24499ms
ttt_sliding:start chunks=2 chunk_tokens=32768 stride=64 ttt_lr=0.002 ttt_epochs=1 scope=feedback
ttt_sliding:params unfrozen=19520
  ttt_chunk [1/2] bpb=1.975050 time=19.7s
ttt_sliding:done val_loss=3.311167 val_bpb=1.954848 elapsed=31.8s
legal_ttt val_loss:3.3112 val_bpb:1.9548 eval_time:31880ms
legal_ttt_exact val_loss:3.31116675 val_bpb:1.95484772
ngram_cache val_loss:3.3607 val_bpb:1.9842 (order=5) eval_time:4402ms
artifact:0.87MB code:124566 total:990894/16000000 (FITS
Done. Artifact saved to logs/mlx_reasoner_model.ternary.ptz
