[10:53:12] ========================================================
[10:53:12] Cheap Multi-GPU Small SKC Orchestrator
[10:53:12] Artifacts: /Users/akhileshgogikar/parameter-golf/records/track_10min_16mb/2026-03-25_Ternary_Feedback_TTT/small_skc_multigpu_20260407_105312
[10:53:12] GPU count: 1
[10:53:12] Min mem  : 12GB
[10:53:12] Data     : 2 train shards
[10:53:12] ========================================================
[10:53:14] GC: terminating stale live pod paramgolf-small-20260407-065441 (0mk0wxqke1de0f, uptime=14275s)
[10:53:14] KEEP_POD_ON_EXIT=1, skipping termination of pod 0mk0wxqke1de0f.
[10:53:14] Re-using existing pod: 0mk0wxqke1de0f
[10:53:15] Waiting for pod SSH readiness...
[10:53:32] Pod ready: root@69.30.85.134:22044
[10:53:32] Verifying GPU and runtime...
0, NVIDIA A40, 46068 MiB
torch 2.4.1+cu124 cuda 12.4 gpus 1
[10:53:53] Installing tmux and preparing logs...
Reading package lists...
Building dependency tree...
Reading state information...
tmux is already the newest version (3.2a-4ubuntu0.2).
0 upgraded, 0 newly installed, 0 to remove and 146 not upgraded.
[10:54:02] Installing dependencies...
wrote:/workspace/install_setup.sh
[10:54:40] Preparing data...
wrote:/workspace/data_setup.sh
[10:55:19] Uploading code...
[10:55:31] Remote env overrides: TRAIN_BATCH_TOKENS=16384 TERNARY_THRESHOLD_SEARCH=1 NGRAM_CACHE_ENABLED=0 EXPORT_ONLY=0 SEED=1337 NUM_LAYERS=8 MODEL_DIM=256 KOOPMAN_MIXER_RANK=4 
[10:55:31] Smoke test...
==========================================================================
  Cheap Multi-GPU Small SKC Run
  RUN_ID : small_skc_2gpu_s1337_20260407_155535
  MODEL  : SKC L=8 D=256 H=4/2
  SKC    : block=16 caps=8 cap_dim=64
  ENGRAM : buckets=3072 dim=112 orders=3
  TERNARY: train_align=0@0.85 thr_search=1 scale_search=0
  CURR   : 64 -> 128 -> 256 @ 35% / 65%
  BATCH  : 16384 tok/step  seq=256
  VRAM   : min_gpu_mem=45GB  val_batch=32768
  BUDGET : 45s
  SEED   : 1337
  GPUS   : 1
  EXPORT : turbo=1 hess=0 sliding=0 ngram=0
  SMOKE  : 1
==========================================================================
logs/cuda/small_skc_2gpu_s1337_20260407_155535.txt
Muon optimizer: matrix_lr=0.02 scalar_lr=0.015 embed_lr=0.035 scalar_decay=31 engram_scalar=12
params:3810120 L:8 d:256 h:4 kv:2 ws:1 ga:1 s:1337
step:1/500000 loss:7.0898 t:828ms avg:828.3ms
step:2/500000 loss:6.7704 t:1065ms avg:532.7ms
step:3/500000 loss:6.7876 t:1302ms avg:433.9ms
step:4/500000 loss:6.6079 t:1550ms avg:387.6ms
step:5/500000 loss:13.3734 t:1783ms avg:356.6ms
step:6/500000 loss:7.3162 t:2018ms avg:336.3ms
step:7/500000 loss:11.7205 t:2317ms avg:331.0ms
step:8/500000 loss:10.0469 t:2567ms avg:320.9ms
step:9/500000 loss:7.3269 t:2805ms avg:311.6ms
step:10/500000 loss:8.4626 t:3043ms avg:304.3ms
step:11/500000 loss:15.6129 t:3276ms avg:297.8ms
step:12/500000 loss:8.2634 t:3508ms avg:292.4ms
step:13/500000 loss:18.9677 t:3750ms avg:288.5ms
step:14/500000 loss:6.8572 t:4009ms avg:286.4ms
step:15/500000 loss:10.0534 t:4251ms avg:283.4ms
step:16/500000 loss:8.0682 t:4487ms avg:280.4ms
step:17/500000 loss:18.3393 t:4742ms avg:279.0ms
step:18/500000 loss:11.9801 t:4981ms avg:276.7ms
step:19/500000 loss:10.4959 t:5215ms avg:274.5ms
step:20/500000 loss:10.0095 t:5468ms avg:273.4ms
step:21/500000 loss:10.6011 t:5701ms avg:271.5ms
step:22/500000 loss:10.8072 t:5952ms avg:270.5ms
step:23/500000 loss:8.8754 t:6189ms avg:269.1ms
step:24/500000 loss:12.8450 t:6446ms avg:268.6ms
step:25/500000 loss:9.5983 t:6679ms avg:267.2ms
step:26/500000 loss:10.3362 t:6912ms avg:265.9ms
step:27/500000 loss:8.8693 t:7150ms avg:264.8ms
step:28/500000 loss:10.8188 t:7387ms avg:263.8ms
step:29/500000 loss:8.5984 t:7641ms avg:263.5ms
step:30/500000 loss:8.8558 t:7879ms avg:262.6ms
step:31/500000 loss:9.8673 t:8115ms avg:261.8ms
step:32/500000 loss:8.6427 t:8350ms avg:260.9ms
step:33/500000 loss:8.5626 t:8589ms avg:260.3ms
step:34/500000 loss:8.8094 t:8850ms avg:260.3ms
step:35/500000 loss:7.4734 t:9083ms avg:259.5ms
step:36/500000 loss:8.0727 t:9335ms avg:259.3ms
step:37/500000 loss:7.3543 t:9575ms avg:258.8ms
step:38/500000 loss:7.7192 t:9847ms avg:259.1ms
step:39/500000 loss:7.2197 t:10081ms avg:258.5ms
step:40/500000 loss:7.3842 t:10315ms avg:257.9ms
step:41/500000 loss:7.5007 t:10551ms avg:257.3ms
step:42/500000 loss:6.9098 t:10785ms avg:256.8ms
step:43/500000 loss:8.1929 t:11039ms avg:256.7ms
step:44/500000 loss:6.7222 t:11273ms avg:256.2ms
step:45/500000 loss:8.6790 t:11581ms avg:257.4ms
step:46/500000 loss:7.4350 t:11838ms avg:257.3ms
step:47/500000 loss:7.1876 t:12078ms avg:257.0ms
step:48/500000 loss:6.7810 t:12312ms avg:256.5ms
step:49/500000 loss:8.9796 t:12546ms avg:256.0ms
step:50/500000 loss:6.7228 t:12787ms avg:255.7ms
step:51/500000 loss:6.9766 t:13043ms avg:255.7ms
step:52/500000 loss:8.8452 t:13279ms avg:255.4ms
step:53/500000 loss:6.9549 t:13551ms avg:255.7ms
step:54/500000 loss:6.9491 t:13786ms avg:255.3ms
step:55/500000 loss:7.7006 t:14046ms avg:255.4ms
step:56/500000 loss:6.4379 t:14285ms avg:255.1ms
step:57/500000 loss:6.3343 t:14535ms avg:255.0ms
step:58/500000 loss:6.6068 t:14769ms avg:254.6ms
step:59/500000 loss:6.2889 t:15002ms avg:254.3ms
step:60/500000 loss:6.3394 t:15245ms avg:254.1ms
step:61/500000 loss:6.1383 t:15507ms avg:254.2ms
step:62/500000 loss:6.3883 t:15741ms avg:253.9ms
step:63/500000 loss:6.3326 t:15977ms avg:253.6ms
step:64/500000 loss:6.4324 t:16216ms avg:253.4ms
step:65/500000 loss:6.0814 t:16454ms avg:253.1ms
step:66/500000 loss:6.1559 t:16689ms avg:252.9ms
step:67/500000 loss:6.0717 t:16950ms avg:253.0ms
step:68/500000 loss:6.0704 t:17185ms avg:252.7ms
step:69/500000 loss:6.0727 t:17438ms avg:252.7ms
step:70/500000 loss:6.2452 t:17674ms avg:252.5ms
step:71/500000 loss:5.9435 t:17912ms avg:252.3ms
step:72/500000 loss:5.7785 t:18152ms avg:252.1ms
step:73/500000 loss:5.7651 t:18387ms avg:251.9ms
step:74/500000 loss:5.6008 t:18650ms avg:252.0ms
step:75/500000 loss:5.8439 t:18887ms avg:251.8ms
step:76/500000 loss:5.6908 t:19172ms avg:252.3ms
step:77/500000 loss:5.7191 t:19409ms avg:252.1ms
step:78/500000 loss:5.5213 t:19646ms avg:251.9ms
step:79/500000 loss:5.8169 t:19890ms avg:251.8ms
step:80/500000 loss:5.5630 t:20154ms avg:251.9ms
step:81/500000 loss:5.5156 t:20403ms avg:251.9ms
step:82/500000 loss:5.5262 t:20647ms avg:251.8ms
step:83/500000 loss:5.8015 t:20887ms avg:251.7ms
step:84/500000 loss:5.5498 t:21153ms avg:251.8ms
step:85/500000 loss:5.5764 t:21390ms avg:251.7ms
step:86/500000 loss:5.4886 t:21654ms avg:251.8ms
step:87/500000 loss:5.4899 t:21890ms avg:251.6ms
step:88/500000 loss:5.3431 t:22151ms avg:251.7ms
step:89/500000 loss:5.5645 t:22388ms avg:251.6ms
step:90/500000 loss:5.3826 t:22652ms avg:251.7ms
step:91/500000 loss:5.3371 t:22892ms avg:251.6ms
step:92/500000 loss:5.4122 t:23166ms avg:251.8ms
step:93/500000 loss:5.2903 t:23408ms avg:251.7ms
step:94/500000 loss:5.3231 t:23644ms avg:251.5ms
step:95/500000 loss:5.2790 t:23880ms avg:251.4ms
step:96/500000 loss:5.2747 t:24119ms avg:251.2ms
step:97/500000 loss:5.3026 t:24359ms avg:251.1ms
step:98/500000 loss:5.3817 t:24599ms avg:251.0ms
step:99/500000 loss:5.2682 t:24849ms avg:251.0ms
step:100/500000 loss:5.2637 t:25085ms avg:250.9ms
step:101/500000 loss:5.1286 t:25352ms avg:251.0ms
step:102/500000 loss:5.2472 t:25591ms avg:250.9ms
step:103/500000 loss:5.1650 t:25854ms avg:251.0ms
step:104/500000 loss:5.1352 t:26091ms avg:250.9ms
step:105/500000 loss:5.0999 t:26352ms avg:251.0ms
step:106/500000 loss:5.0358 t:26590ms avg:250.8ms
step:107/500000 loss:5.1379 t:26849ms avg:250.9ms
step:108/500000 loss:5.1100 t:27086ms avg:250.8ms
step:109/500000 loss:5.1427 t:27345ms avg:250.9ms
step:110/500000 loss:5.0396 t:27592ms avg:250.8ms
step:111/500000 loss:4.9400 t:27853ms avg:250.9ms
step:112/500000 loss:4.9497 t:28088ms avg:250.8ms
step:113/500000 loss:5.0000 t:28355ms avg:250.9ms
step:114/500000 loss:5.0454 t:28593ms avg:250.8ms
step:115/500000 loss:5.0443 t:28857ms avg:250.9ms
step:116/500000 loss:4.8741 t:29104ms avg:250.9ms
step:117/500000 loss:4.9169 t:29345ms avg:250.8ms
step:118/500000 loss:4.9676 t:29592ms avg:250.8ms
step:119/500000 loss:5.1882 t:29869ms avg:251.0ms
step:120/500000 loss:4.9221 t:30118ms avg:251.0ms
step:121/500000 loss:4.9914 t:30370ms avg:251.0ms
step:122/500000 loss:5.1503 t:30625ms avg:251.0ms
step:123/500000 loss:4.8825 t:30879ms avg:251.0ms
step:124/500000 loss:4.9456 t:31237ms avg:251.9ms
step:125/500000 loss:4.9380 t:31514ms avg:252.1ms
step:126/500000 loss:4.8902 t:31763ms avg:252.1ms
step:127/500000 loss:4.7719 t:32118ms avg:252.9ms
step:128/500000 loss:4.7373 t:32365ms avg:252.9ms
step:129/500000 loss:4.8700 t:32612ms avg:252.8ms
step:130/500000 loss:4.8796 t:32862ms avg:252.8ms
step:131/500000 loss:4.8485 t:33113ms avg:252.8ms
step:132/500000 loss:4.8949 t:33362ms avg:252.7ms
step:133/500000 loss:4.8084 t:33610ms avg:252.7ms
step:134/500000 loss:4.7327 t:33858ms avg:252.7ms
step:135/500000 loss:4.8186 t:34107ms avg:252.6ms
step:136/500000 loss:4.8381 t:34358ms avg:252.6ms
step:137/500000 loss:4.7278 t:34605ms avg:252.6ms
step:138/500000 loss:4.7089 t:34865ms avg:252.6ms
step:139/500000 loss:4.7957 t:35112ms avg:252.6ms
step:140/500000 loss:4.6798 t:35360ms avg:252.6ms
step:141/500000 loss:4.6876 t:35615ms avg:252.6ms
step:142/500000 loss:4.6925 t:35862ms avg:252.6ms
step:143/500000 loss:4.7428 t:36113ms avg:252.5ms
step:144/500000 loss:4.7334 t:36368ms avg:252.6ms
step:145/500000 loss:4.6835 t:36615ms avg:252.5ms
step:146/500000 loss:4.8064 t:36862ms avg:252.5ms
step:147/500000 loss:4.7038 t:37109ms avg:252.4ms
step:148/500000 loss:4.6160 t:37357ms avg:252.4ms
step:149/500000 loss:4.5892 t:37614ms avg:252.4ms
step:150/500000 loss:4.7031 t:37861ms avg:252.4ms
step:151/500000 loss:4.4871 t:38109ms avg:252.4ms
step:152/500000 loss:4.5664 t:38357ms avg:252.3ms
step:153/500000 loss:4.6946 t:38606ms avg:252.3ms
step:154/500000 loss:4.5295 t:38879ms avg:252.5ms
step:155/500000 loss:4.5586 t:39130ms avg:252.4ms
step:156/500000 loss:4.5786 t:39375ms avg:252.4ms
step:157/500000 loss:4.5240 t:39622ms avg:252.4ms
step:158/500000 loss:4.5456 t:39873ms avg:252.4ms
step:159/500000 loss:4.4318 t:40120ms avg:252.3ms
step:160/500000 loss:4.5482 t:40367ms avg:252.3ms
step:161/500000 loss:4.6482 t:40614ms avg:252.3ms
step:162/500000 loss:4.5563 t:40862ms avg:252.2ms
step:163/500000 loss:4.9616 t:41113ms avg:252.2ms
step:164/500000 loss:4.7999 t:41361ms avg:252.2ms
step:165/500000 loss:4.7068 t:41609ms avg:252.2ms
step:166/500000 loss:4.5125 t:41861ms avg:252.2ms
step:167/500000 loss:4.5924 t:42109ms avg:252.1ms
step:168/500000 loss:4.6214 t:42358ms avg:252.1ms
step:169/500000 loss:4.5292 t:42605ms avg:252.1ms
step:170/500000 loss:4.8019 t:42856ms avg:252.1ms
step:171/500000 loss:4.7699 t:43103ms avg:252.1ms
step:172/500000 loss:4.5920 t:43356ms avg:252.1ms
step:173/500000 loss:4.3898 t:43606ms avg:252.1ms
step:174/500000 loss:4.5105 t:43853ms avg:252.0ms
step:175/500000 loss:4.5312 t:44101ms avg:252.0ms
step:176/500000 loss:4.6662 t:44359ms avg:252.0ms
step:177/500000 loss:4.4827 t:44608ms avg:252.0ms
step:178/500000 loss:4.4109 t:44857ms avg:252.0ms
step:179/500000 loss:4.5672 t:45128ms avg:252.1ms
step:179/500000 val_loss:4.3121 val_bpb:2.5959 train_time:45135ms zero_frac:0.675
checkpoint:best_live step=179 val_bpb:2.5959
stopping_early: wallclock_cap train_time:45135ms step:179/500000
serialization:live_ternary_tensors=28
lawa:candidate k=2 tensors=74 include_ternary=0
export_proxy:raw/raw/current val_loss:4.5999 val_bpb:2.7629
export_proxy:raw/raw/plain val_loss:4.3260 val_bpb:2.5985
export_proxy:raw/raw/fixed val_loss:4.5999 val_bpb:2.7629
export_proxy:raw/raw/plain_fixed val_loss:4.3262 val_bpb:2.5986
export_proxy:lawa/raw/current val_loss:5.4113 val_bpb:3.2503
export_proxy:lawa/raw/plain val_loss:5.3708 val_bpb:3.2260
export_proxy:lawa/raw/fixed val_loss:5.4113 val_bpb:3.2503
export_proxy:lawa/raw/plain_fixed val_loss:5.3708 val_bpb:3.2260
export_proxy:selected raw/raw/plain val_bpb:2.5985
serialization:selected variant=raw/raw/plain proxy_bpb:2.5985
artifact:2.00MB ternary:2756608(652009B,turbo=0,plain=28) fp:791368(1582736B) code:224739
budget:2220867/16000000 (2.22/16.00MB) FITS
eval_feedback_passes:2
final_ternary_roundtrip val_loss:4.3123 val_bpb:2.5960
=== DONE ===
Log      : /workspace/logs/small_skc_2gpu_s1337_20260407_155535.log
Artifact : logs/small_skc_2gpu_s1337_20260407_155535_model.ternary.ptz
[10:56:55] Launching 10-minute run...
[10:57:19] progress » checkpoint:best_live step=0 val_bpb:4.1719
[10:57:37] progress » step:100/500000 loss:5.2232 t:22175ms avg:221.7ms
[10:57:55] progress » step:200/500000 loss:3.8330 t:44053ms avg:220.3ms
[10:58:13] progress » step:250/500000 loss:3.3913 t:54902ms avg:219.6ms
[10:58:33] progress » step:350/500000 loss:2.7586 t:76822ms avg:219.5ms
[10:58:51] progress » step:450/500000 loss:2.5051 t:98511ms avg:218.9ms
[10:59:09] progress » step:500/500000 loss:2.2868 t:109643ms avg:219.3ms
[10:59:27] progress » step:600/500000 loss:2.1077 t:131298ms avg:218.8ms
[10:59:45] progress » step:700/500000 loss:2.1341 t:153096ms avg:218.7ms
[11:00:07] progress » step:800/500000 loss:1.8990 t:174988ms avg:218.7ms
[11:00:27] progress » step:900/500000 loss:1.7616 t:196689ms avg:218.5ms
[11:00:47] progress » step:950/500000 loss:1.7420 t:207757ms avg:218.7ms
[11:01:04] progress » checkpoint:best_export_proxy step=1000 variant=raw/raw/plain val_bpb:1.5184
[11:01:26] progress » step:1100/500000 loss:2.6970 t:241123ms avg:219.2ms
[11:01:48] progress » step:1200/500000 loss:2.5079 t:263076ms avg:219.2ms
[11:02:10] progress » step:1300/500000 loss:2.5171 t:284955ms avg:219.2ms
[11:02:29] progress » step:1400/500000 loss:2.4549 t:307053ms avg:219.3ms
[11:02:48] progress » step:1500/500000 loss:2.4673 t:328997ms avg:219.3ms
[11:03:07] progress » step:1600/500000 loss:2.6552 t:351054ms avg:219.4ms
[11:03:24] progress » step:1650/500000 loss:2.3719 t:361970ms avg:219.4ms
[11:03:42] progress » step:1750/500000 loss:2.2736 t:383949ms avg:219.4ms
[11:04:00] progress » step:1800/500000 loss:3.2217 t:395223ms avg:219.6ms
[11:04:20] progress » step:1900/500000 loss:3.2524 t:417914ms avg:220.0ms
[11:04:45] progress » checkpoint:best_export_proxy step=2000 variant=lawa/raw/plain val_bpb:1.3178
