==========================================================================
PATH 2 LIMIT: Universal Koopman SSM + KoopCaps Speculator (Seed 42)
==========================================================================
model_params:2444608 arch:koopman_ssm layers:8 dim:256 heads:4 seq_len:1024
koopman_ssm: state_dim=192 rank=4 conv_kernel=4 decay_window=32 mlp_mult=3
koopman:rank=4 diag_init=0.9 consist_w=0.005 halt:True@0.05 carry:True@0.8
optimizer: matrix_lr=0.025 scalar_lr=0.025 embed_lr=0.035 muon_wd=0.04 adam_wd=0.04
eval: sliding=True@64 temp_scaling=True ttt=False ngram_cache=False
turbo_quant: train=0 export=1 kv=False
val_progress:1/2
val_progress:2/2
step:0/200 val_loss:6.9318 val_bpb:4.0926 train_time:0ms
step:1/200 loss:6.9368 t:1300ms step:1299ms
step:2/200 loss:6.8988 t:2355ms step:1055ms
step:3/200 loss:6.3087 t:3444ms step:1089ms
step:4/200 loss:7.2672 t:4445ms step:1001ms
step:5/200 loss:7.5183 t:5513ms step:1068ms
step:10/200 loss:6.2370 t:10781ms step:1002ms
step:20/200 loss:5.2655 t:20757ms step:993ms
step:30/200 loss:5.1049 t:30753ms step:1004ms
step:40/200 loss:4.8155 t:40914ms step:998ms
step:50/200 loss:4.6768 t:50931ms step:996ms
val_progress:1/2
val_progress:2/2
step:50/200 val_loss:4.6979 val_bpb:2.7737 train_time:50932ms
step:60/200 loss:4.3620 t:61043ms step:1033ms
step:70/200 loss:4.2070 t:71169ms step:996ms
step:80/200 loss:4.1271 t:81222ms step:1009ms
step:90/200 loss:4.1394 t:91259ms step:999ms
step:100/200 loss:4.1678 t:101295ms step:1007ms
val_progress:1/2
val_progress:2/2
step:100/200 val_loss:4.1228 val_bpb:2.4341 train_time:101296ms
step:110/200 loss:4.1311 t:111366ms step:998ms
step:120/200 loss:3.9916 t:121528ms step:1013ms
step:130/200 loss:4.0184 t:131654ms step:1000ms
step:140/200 loss:3.9621 t:141671ms step:1000ms
step:150/200 loss:3.9129 t:152092ms step:1045ms
val_progress:1/2
val_progress:2/2
step:150/200 val_loss:3.9376 val_bpb:2.3248 train_time:152093ms
step:160/200 loss:3.8531 t:162416ms step:999ms
step:170/200 loss:4.2565 t:172524ms step:1015ms
step:180/200 loss:4.0450 t:182575ms step:1011ms
step:190/200 loss:3.8055 t:192749ms step:1085ms
step:200/200 loss:3.8477 t:203160ms step:994ms
val_progress:1/2
val_progress:2/2
step:200/200 val_loss:3.8180 val_bpb:2.2542 train_time:203160ms
val_progress:1/2
val_progress:2/2
final_eval val_loss:3.8904 val_bpb:2.2970
final_sliding val_loss:3.8825 val_bpb:2.2921 (stride=64, T=1.00) eval_time:18507ms

==========================================================================
BENCHMARK COMPLETE at: Sun Mar 29 15:37:06 CDT 2026
==========================================================================
