==========================================================================
PATH 1 LIMIT: Shared-Block M-Capsules + 3-Grams (Seed 42)
==========================================================================
model_params:2761864 arch:transformer layers:4 dim:256 heads:4 seq_len:1024
koopman:rank=4 diag_init=0.9 consist_w=0.005 halt:True@0.05 carry:True@0.8
optimizer: matrix_lr=0.025 scalar_lr=0.025 embed_lr=0.035 muon_wd=0.04 adam_wd=0.04
eval: sliding=True@64 temp_scaling=True ttt=False ngram_cache=False
turbo_quant: train=0 export=1 kv=False
val_progress:1/2
val_progress:2/2
step:0/200 val_loss:6.9318 val_bpb:4.0926 train_time:0ms
step:1/200 loss:6.9368 t:653ms step:653ms
step:2/200 loss:6.9008 t:1083ms step:430ms
step:3/200 loss:6.3287 t:1515ms step:432ms
step:4/200 loss:7.4677 t:1963ms step:448ms
step:5/200 loss:7.5398 t:2404ms step:440ms
step:10/200 loss:5.9642 t:4657ms step:448ms
step:20/200 loss:5.5078 t:9186ms step:490ms
step:30/200 loss:5.1662 t:13884ms step:448ms
step:40/200 loss:4.9011 t:18310ms step:444ms
step:50/200 loss:4.8329 t:22720ms step:440ms
val_progress:1/2
val_progress:2/2
step:50/200 val_loss:4.8235 val_bpb:2.8479 train_time:22721ms
step:60/200 loss:4.5451 t:27123ms step:441ms
step:70/200 loss:4.3600 t:31547ms step:440ms
step:80/200 loss:4.2464 t:35973ms step:440ms
step:90/200 loss:4.2469 t:40370ms step:436ms
step:100/200 loss:4.2349 t:44750ms step:441ms
val_progress:1/2
val_progress:2/2
step:100/200 val_loss:4.1952 val_bpb:2.4769 train_time:44750ms
step:110/200 loss:4.2030 t:49162ms step:440ms
step:120/200 loss:4.0565 t:53568ms step:439ms
step:130/200 loss:4.0983 t:58003ms step:439ms
step:140/200 loss:4.0079 t:62409ms step:444ms
step:150/200 loss:3.9968 t:66846ms step:443ms
val_progress:1/2
val_progress:2/2
step:150/200 val_loss:3.9977 val_bpb:2.3603 train_time:66846ms
step:160/200 loss:3.9225 t:71389ms step:490ms
step:170/200 loss:4.2935 t:75789ms step:441ms
step:180/200 loss:4.1553 t:80207ms step:441ms
step:190/200 loss:3.8877 t:84637ms step:445ms
step:200/200 loss:3.9609 t:89057ms step:442ms
val_progress:1/2
val_progress:2/2
step:200/200 val_loss:3.9224 val_bpb:2.3159 train_time:89057ms
val_progress:1/2
val_progress:2/2
final_eval val_loss:3.9224 val_bpb:2.3159
final_sliding val_loss:3.9175 val_bpb:2.3128 (stride=64, T=1.05) eval_time:9185ms

==========================================================================
BENCHMARK COMPLETE at: Sun Mar 29 15:31:18 CDT 2026
==========================================================================
