========================================================
  PARAMETER GOLF — PRE-H100 RECALIBRATION
  Sat Apr  4 12:35:21 CDT 2026
  Two 10-min runs to lock in H100 config
========================================================

>>> FA: Current best replica (XSA=off, bigram=4096×128)
    Expected: ~1.655 BPB  [sanity check]

━━━━━━━━━━━━━━━━━━━━━━━━━━━━━━━━━━━━━━━━━━━━━━━━━
  RUN FA_current_best  Sat Apr  4 12:35:21 CDT 2026
━━━━━━━━━━━━━━━━━━━━━━━━━━━━━━━━━━━━━━━━━━━━━━━━━
  ✓ FA_current_best: bpb=2.5043  steps=75  size=3.52MB
RESULT FA_current_best: bpb=2.5043 steps=75 size=3.52MB

>>> FB: H100 candidate (XSA=ALL_LAYERS, bigram=3072×112)
    Hypothesis: XSA-all helps even with SKC spectral mixing

━━━━━━━━━━━━━━━━━━━━━━━━━━━━━━━━━━━━━━━━━━━━━━━━━
  RUN FB_h100_candidate  Sat Apr  4 12:46:29 CDT 2026
━━━━━━━━━━━━━━━━━━━━━━━━━━━━━━━━━━━━━━━━━━━━━━━━━
  ✓ FB_h100_candidate: bpb=2.4853  steps=77  size=3.24MB
RESULT FB_h100_candidate: bpb=2.4853 steps=77 size=3.24MB

========================================================
  RECALIBRATION COMPLETE
========================================================

Results:


Logs:
  FA: recal_FA_current_best_1775324121.log
  FB: recal_FB_h100_candidate_1775324121.log
  Master: recalibration_1775324121.log
