Ternary Reasoner — MLX local testing
Python 3.12.3 (main, Apr  9 2024, 08:09:14) [Clang 15.0.0 (clang-1500.3.9.4)]
MLX 0.31.1
model_params:612130 arch:skc layers:4 dim:128 heads:4 seq_len:256
feedback:False passes:0 every:1 eval_passes:2 capsule:False engram:False(4h2o@L1) vrl:False xsa_start:999 partial_rope:16 lrelu2:lrelu2 shared_blocks:0
optimizer: matrix_lr=0.035 scalar_lr=0.025 embed_lr=0.035 muon_wd=0.04 adam_wd=0.04
eval: sliding=True@64 temp_scaling=False ttt=0 ngram_cache=0
turbo_quant: train=0 export=1 kv=0
convergence: noise=0.05 sdepth=0.2 ema_eval=0 self_distill=0.0 curriculum=False(seq:256->512->256 @70%/90%)
weight_averaging: lawa=True(k=10 freq=100) swa=True(every=50 start_scale=0.2) smeargate=False
radical: tko=True weight_sharing=False inside_out=False(p1=0.2 p2=0.55) skc=True deq=False
step:1/100000 loss:6.9345 t:512ms step:512ms
step:2/100000 loss:6.5650 t:840ms step:321ms
step:3/100000 loss:6.1512 t:1261ms step:419ms
step:4/100000 loss:6.0336 t:1648ms step:386ms
step:5/100000 loss:5.9868 t:2035ms step:382ms
step:100/100000 loss:4.5870 t:37635ms step:365ms
step:200/100000 loss:4.2810 t:75947ms step:408ms
step:300/100000 loss:4.2935 t:113779ms step:347ms
step:400/100000 loss:4.2173 t:152428ms step:384ms
step:500/100000 loss:4.1404 t:189845ms step:415ms
step:600/100000 loss:4.0645 t:226444ms step:356ms
step:700/100000 loss:3.9821 t:262220ms step:336ms
step:800/100000 loss:4.4082 t:303790ms step:508ms
step:900/100000 loss:4.1562 t:355075ms step:535ms
step:1000/100000 loss:4.0094 t:406336ms step:504ms
step:1100/100000 loss:4.1060 t:457862ms step:569ms
step:1200/100000 loss:3.9066 t:508619ms step:491ms
step:1300/100000 loss:3.7628 t:560064ms step:476ms
step:1378/100000 val_loss:4.6376 val_bpb:2.6872 train_time:600397ms
lawa:applied k=10 snapshots for serialization
final_eval val_loss:4.5860 val_bpb:2.6573
final_sliding val_loss:4.5817 val_bpb:2.6525 (stride=64, T=1.00) eval_time:3171ms
artifact:0.34MB code:174314 total:517422/16000000 (FITS
Done. Artifact saved to logs/mlx_f9ed6861_model.ternary.ptz
