============================================================
  ABLATION: no_swa
  TIME:     Sun Apr  5 11:41:58 UTC 2026
============================================================
  RUN_ID       : abl_no_swa_1775389318
  ARCHITECTURE : skc
  LAYERS       : 11
  DIM          : 512
  CURRICULUM   : 1
  BIGRAM       : 1
  XSA_START    : 0
  PARTIAL_ROPE : 16
  LN_DAMPING   : 1
  LAWA/SWA     : 1/0
  SMEARGATE    : 1
  MATRIX_LR    : 0.02
  WARMDOWN     : 0.5
  FEEDBACK     : 0
  CAPSULE      : 0
  VRL          : 0
  BUDGET       : 300s
============================================================
logs/cuda/abl_no_swa_1775389318.txt
DDP enabled: 1 GPUs
Muon optimizer: matrix_lr=0.02 scalar_lr=0.015 embed_lr=0.025
params:43379312 L:11 d:512 h:8 kv:4 ws:1 ga:8 s:42
warmup:1/5
warmup:2/5
warmup:3/5
warmup:4/5
warmup:5/5
step:0/500000 val_loss:6.9322 val_bpb:4.1731 train_time:0ms zero_frac:0.309
step:25/500000 loss:21.8997 t:33031ms avg:1321.2ms
step:50/500000 loss:22.5845 t:69808ms avg:1396.2ms
step:75/500000 loss:12.1977 t:116055ms avg:1547.4ms
step:100/500000 loss:6.4983 t:170521ms avg:1705.2ms
step:100/500000 val_loss:6.1401 val_bpb:3.6963 train_time:170527ms zero_frac:0.311
step:125/500000 loss:5.9048 t:238154ms avg:1905.2ms
step:150/500000 loss:5.4898 t:305951ms avg:2039.7ms
step:150/500000 val_loss:5.2966 val_bpb:3.1885 train_time:305957ms zero_frac:0.312
stopping_early: wallclock_cap train_time:305957ms step:150/500000
lawa:applied k=2 snapshots for serialization
artifact:13.04MB ternary:40370176(9111873B) fp:2484848(4969696B) code:176975
budget:13214719/16000000 (13.21/16.00MB) FITS
eval_feedback_passes:2
final_ternary_roundtrip val_loss:6.9217 val_bpb:4.1667

=== DONE: no_swa → val_bpb=3.1885 ===

