============================================================
  ABLATION: no_ln_damping
  TIME:     Sun Apr  5 12:00:56 UTC 2026
============================================================
  RUN_ID       : abl_no_ln_damping_1775390456
  ARCHITECTURE : skc
  LAYERS       : 11
  DIM          : 512
  CURRICULUM   : 1
  BIGRAM       : 1
  XSA_START    : 0
  PARTIAL_ROPE : 16
  LN_DAMPING   : 0
  LAWA/SWA     : 1/1
  SMEARGATE    : 1
  MATRIX_LR    : 0.02
  WARMDOWN     : 0.5
  FEEDBACK     : 0
  CAPSULE      : 0
  VRL          : 0
  BUDGET       : 300s
============================================================
logs/cuda/abl_no_ln_damping_1775390456.txt
DDP enabled: 1 GPUs
Muon optimizer: matrix_lr=0.02 scalar_lr=0.015 embed_lr=0.025
params:43379312 L:11 d:512 h:8 kv:4 ws:1 ga:8 s:42
warmup:1/5
warmup:2/5
warmup:3/5
warmup:4/5
warmup:5/5
step:0/500000 val_loss:6.9322 val_bpb:4.1731 train_time:0ms zero_frac:0.309
step:25/500000 loss:21.2297 t:33381ms avg:1335.2ms
step:50/500000 loss:28.2519 t:70023ms avg:1400.5ms
step:75/500000 loss:19.3436 t:116145ms avg:1548.6ms
step:100/500000 loss:9.6474 t:171388ms avg:1713.9ms
step:100/500000 val_loss:8.2685 val_bpb:4.9775 train_time:171395ms zero_frac:0.311
step:125/500000 loss:6.1486 t:236585ms avg:1892.7ms
step:150/500000 loss:5.8044 t:302959ms avg:2019.7ms
step:150/500000 val_loss:5.6495 val_bpb:3.4009 train_time:302966ms zero_frac:0.312
stopping_early: wallclock_cap train_time:302966ms step:150/500000
lawa:applied k=2 snapshots for serialization
artifact:13.04MB ternary:40370176(9111971B) fp:2484848(4969696B) code:176975
budget:13213187/16000000 (13.21/16.00MB) FITS
eval_feedback_passes:2
final_ternary_roundtrip val_loss:12.4168 val_bpb:7.4748

=== DONE: no_ln_damping → val_bpb=3.4009 ===

