W0405 22:33:40.701000 1379232 torch/distributed/run.py:803] 
W0405 22:33:40.701000 1379232 torch/distributed/run.py:803] *****************************************
W0405 22:33:40.701000 1379232 torch/distributed/run.py:803] Setting OMP_NUM_THREADS environment variable for each process to be 1 in default, to avoid your system being overloaded, please further tune the variable for optimal performance in your application as needed. 
W0405 22:33:40.701000 1379232 torch/distributed/run.py:803] *****************************************
Hyperparameters:
  adam_eps: 1e-08
  adam_wd: 0.02
  beta1: 0.9
  beta2: 0.95
  compressor: brotli
  data_dir: /workspace/pg_repo/data
  datasets_dir: /workspace/pg_repo/data/datasets/fineweb10B_sp4096
  distributed: True
  ema_decay: 0.997
  embed_lr: 0.6
  embed_wd: 0.09
  embedding_dim: 512
  eval_seq_len: 2048
  eval_stride: 64
  g1_gating: False
  gptq_calibration_batches: 64
  gptq_enabled: True
  gptq_reserve_seconds: 10.0
  grad_accum_steps: 1
  grad_clip_norm: 0.3
  head_lr: 0.008
  hedge_enabled: False
  is_main_process: True
  iterations: 20000
  lawa_enabled: False
  lawa_freq: 50
  lawa_k: 5
  ln_scale: True
  local_rank: 0
  logfile: logs/1eb1f44c-1e3e-417f-bebe-c2348a19e52c.txt
  logit_softcap: 30.0
  lr_floor: 0.0
  matrix_lr: 0.02
  max_wallclock_seconds: 600.0
  mlp_mult: 4.0
  model_dim: 512
  model_path: final_model.pt
  muon_backend_steps: 5
  muon_beta2: 0.95
  muon_momentum: 0.99
  muon_momentum_warmup_start: 0.92
  muon_momentum_warmup_steps: 1500
  muon_wd: 0.09
  num_heads: 8
  num_kv_heads: 4
  num_layers: 11
  parallel_start_layer: 7
  prequant_ttt_enabled: False
  qk_gain_init: 5.0
  quantized_model_path: final_model.int6.ptz
  rank: 0
  recur_layers: 4,5
  recur_start_step: 3000
  rope_base: 10000.0
  rope_dims: 16
  rope_train_seq_len: 2048
  run_id: 1eb1f44c-1e3e-417f-bebe-c2348a19e52c
  scalar_lr: 0.02
  seed: 999
  skip_gates_enabled: True
  sliding_window_enabled: True
  slot_enabled: False
  slot_lr: 0.005
  slot_steps: 8
  tie_embeddings: True
  tied_embed_init_std: 0.005
  tied_embed_lr: 0.03
  tokenizer_path: /workspace/pg_repo/data/tokenizers/fineweb_4096_bpe.model
  train_batch_tokens: 786432
  train_files: /workspace/pg_repo/data/datasets/fineweb10B_sp4096/fineweb_train_*.bin
  train_log_every: 500
  train_seq_len: 2048
  ttt_batch_seqs: 32
  ttt_chunk_tokens: 32768
  ttt_enabled: False
  ttt_epochs: 4
  ttt_freeze_blocks: 2
  ttt_grad_clip: 1.0
  ttt_lr: 0.0005
  ttt_polyak_decay: 0.998
  val_batch_tokens: 524288
  val_files: /workspace/pg_repo/data/datasets/fineweb10B_sp4096/fineweb_val_*.bin
  val_loss_every: 4000
  ve_dim: 128
  ve_enabled: True
  ve_layers: 9,10
  vocab_size: 4096
  warmdown_frac: 0.667
  warmup_steps: 20
  world_size: 8
  xsa_last_n: 11
train_shards: 26
val_tokens: 45516800
model_params:34401372
gptq:reserving 10s, effective=590000ms
warmup_step: 1/20
warmup_step: 2/20
warmup_step: 3/20
warmup_step: 4/20
warmup_step: 5/20
warmup_step: 6/20
warmup_step: 10/20
warmup_step: 20/20
0/20000 val_loss: 8.3139 val_bpb: 3.6137
1/20000 train_loss: 8.2934 train_time: 0.0m tok/s: 8423079
2/20000 train_loss: 12.2358 train_time: 0.0m tok/s: 8313576
3/20000 train_loss: 10.8410 train_time: 0.0m tok/s: 8196374
4/20000 train_loss: 9.1283 train_time: 0.0m tok/s: 8145613
5/20000 train_loss: 7.8881 train_time: 0.0m tok/s: 8104914
500/20000 train_loss: 2.9422 train_time: 0.8m tok/s: 7869302
1000/20000 train_loss: 2.9166 train_time: 1.7m tok/s: 7863483
1500/20000 train_loss: 2.8791 train_time: 2.5m tok/s: 7863755
2000/20000 train_loss: 2.7654 train_time: 3.3m tok/s: 7864052
2500/20000 train_loss: 2.7854 train_time: 4.2m tok/s: 7864132
3000/20000 train_loss: 2.7260 train_time: 5.0m tok/s: 7864132
recurrence:activated at step 3000, virtual_layers=[0, 1, 2, 3, 4, 5, 4, 5, 6, 7, 8, 9, 10]
3500/20000 train_loss: 2.6638 train_time: 6.2m tok/s: 7454017
4000/20000 train_loss: 2.5934 train_time: 7.1m tok/s: 7363500
4000/20000 val_loss: 2.6388 val_bpb: 1.1470
4500/20000 train_loss: 2.6298 train_time: 8.1m tok/s: 7295773
5000/20000 train_loss: 2.5046 train_time: 9.0m tok/s: 7243092
5408/20000 val_loss: 2.5262 val_bpb: 1.0980
stopping_early: wallclock_cap train_time: 590048ms step: 5408/20000
peak memory allocated: 30208 MiB reserved: 30250 MiB
ema:applying EMA weights
pre-quantization post-ema val_loss:2.52376302 val_bpb:1.09697079 eval_time:2023ms
Serialized model: 132406149 bytes
Code size: 90804 bytes
GPTQ:collecting Hessians from calibration data...
GPTQ:collected 66 Hessians in 9.8s
GPTQ quantization: 66 layers with full GPTQ, 0 fallback to clip-search
selective_prune: unpruned=16.08MB target=16.0MB
selective_prune: pruning 330232/9361037 lowest-error +/-1 values (excess=82558B)
Serialized model int6+brotli: 15897355 bytes
Total submission size int6+brotli: 15988159 bytes
final_int6_roundtrip val_loss:2.55478637 val_bpb:1.11045530 eval_time:7939ms
final_int6_sliding_window val_loss:2.51219162 val_bpb:1.09194120 eval_time:75566ms
