[15:44:29] ========================================================
[15:44:29] Cheap-GPU Fast Regression Funnel
[15:44:29] Artifacts: /Users/akhileshgogikar/parameter-golf/records/track_10min_16mb/2026-03-25_Ternary_Feedback_TTT/cheap_gpu_fast_regression_20260405_154429
[15:44:29] Base config: baseline
[15:44:29] Data shards: 20
[15:44:29] Screen seconds: 180
[15:44:29] Roundtrip seconds: 240
[15:44:29] ========================================================
[15:44:29] Trying 1xNVIDIA A40 on COMMUNITY...
[15:44:30]   failed: There are no longer any instances available with the requested specifications. Please refresh and try again.
[15:44:30] Trying 1xNVIDIA A40 on SECURE...
[15:44:31]   success: pod=qfmet3wz4gcg1o cost=$0.4/hr
[15:44:31] Waiting for pod SSH readiness...
[15:44:56] Pod ready: root@194.68.245.69:22101
[15:44:56] Verifying GPU and runtime...
0, NVIDIA A40, 46068 MiB
torch 2.4.1+cu124 cuda 12.4 gpus 1
[15:45:05] Installing dependencies...
deps_ok
[15:45:11] Downloading dataset...
fineweb_val_000000.bin: ok
fineweb_1024_bpe.model: ok
shards: 5/20
shards: 10/20
shards: 15/20
shards: 20/20
[15:45:32] Uploading code...
[15:45:48] Smoke testing...
[15:46:06] Running short raw trainability screen...
[15:47:26] Cleanup: terminating pod after abnormal exit (code=1)
[15:47:26] Terminating pod qfmet3wz4gcg1o...
{
  "podTerminate": null
}
