W0429 23:24:37.245000 489367 torch/distributed/run.py:803] 
W0429 23:24:37.245000 489367 torch/distributed/run.py:803] *****************************************
W0429 23:24:37.245000 489367 torch/distributed/run.py:803] Setting OMP_NUM_THREADS environment variable for each process to be 1 in default, to avoid your system being overloaded, please further tune the variable for optimal performance in your application as needed. 
W0429 23:24:37.245000 489367 torch/distributed/run.py:803] *****************************************
Hyperparameters:
  adam_eps: 1e-08
  adam_wd: 0.02
  artifact_dir: 
  attn_clip_sigmas: 13.0
  attn_out_gate_enabled: False
  attn_out_gate_src: proj
  awq_lite_bits: 8
  awq_lite_enabled: True
  awq_lite_group_size: 64
  awq_lite_group_top_k: 1
  beta1: 0.9
  beta2: 0.99
  caseops_enabled: True
  compressor: pergroup
  data_dir: /workspace/caseops_data/datasets/
  datasets_dir: /workspace/caseops_data/datasets/datasets/fineweb10B_sp8192_lossless_caps_caseops_v1_reserved
  distributed: True
  ema_decay: 0.9965
  embed_bits: 7
  embed_clip_sigmas: 14.0
  embed_lr: 0.6
  embed_wd: 0.085
  enable_looping_at: 0.35
  eval_seq_len: 2560
  eval_stride: 64
  fused_ce_enabled: True
  gate_window: 12
  gated_attn_enabled: False
  gated_attn_init_std: 0.01
  gated_attn_quant_gate: True
  global_ttt_batch_seqs: 32
  global_ttt_chunk_tokens: 32768
  global_ttt_epochs: 1
  global_ttt_grad_clip: 1.0
  global_ttt_lr: 0.001
  global_ttt_momentum: 0.9
  global_ttt_respect_doc_boundaries: True
  global_ttt_warmup_chunks: 0
  global_ttt_warmup_start_lr: 0.0
  gptq_calibration_batches: 16
  gptq_reserve_seconds: 4.0
  grad_accum_steps: 1
  grad_clip_norm: 0.3
  is_main_process: True
  iterations: 20000
  ln_scale: True
  local_rank: 0
  logfile: logs/alertcat1945_longctx_qk_seed1234.txt
  logit_softcap: 30.0
  loop_end: 5
  loop_start: 3
  lqer_asym_enabled: True
  lqer_asym_group: 64
  lqer_enabled: True
  lqer_factor_bits: 4
  lqer_gain_select: False
  lqer_rank: 4
  lqer_scope: all
  lqer_top_k: 3
  matrix_bits: 6
  matrix_clip_sigmas: 12.85
  matrix_lr: 0.026
  max_wallclock_seconds: 600.0
  min_lr: 0.1
  mlp_clip_sigmas: 11.5
  mlp_mult: 4.0
  model_dim: 512
  model_path: final_model.pt
  muon_backend_steps: 5
  muon_momentum: 0.97
  muon_momentum_warmup_start: 0.92
  muon_momentum_warmup_steps: 1500
  muon_row_normalize: True
  muon_wd: 0.095
  num_heads: 8
  num_kv_heads: 4
  num_layers: 11
  num_loops: 2
  parallel_final_lane: mean
  parallel_start_layer: 8
  phased_ttt_num_phases: 3
  phased_ttt_prefix_docs: 2500
  qk_gain_init: 5.25
  quantized_model_path: final_model.int6.ptz
  rank: 0
  rope_base: 10000.0
  rope_dims: 16
  rope_train_seq_len: 2048
  rope_yarn: False
  run_id: alertcat1945_longctx_qk_seed1234
  scalar_lr: 0.02
  seed: 1234
  skip_gates_enabled: True
  smear_gate_enabled: True
  sparse_attn_gate_enabled: True
  sparse_attn_gate_init_std: 0.0
  sparse_attn_gate_scale: 0.5
  tie_embeddings: True
  tied_embed_init_std: 0.005
  tied_embed_lr: 0.03
  tokenizer_path: /workspace/caseops_data/datasets/tokenizers/fineweb_8192_bpe_lossless_caps_caseops_v1_reserved.model
  train_batch_tokens: 786432
  train_files: /workspace/caseops_data/datasets/datasets/fineweb10B_sp8192_lossless_caps_caseops_v1_reserved/fineweb_train_*.bin
  train_log_every: 500
  train_seq_len: 2048
  ttt_batch_size: 64
  ttt_beta1: 0.0
  ttt_beta2: 0.99
  ttt_chunk_size: 48
  ttt_enabled: True
  ttt_eval_batches: 
  ttt_eval_seq_len: 2560
  ttt_grad_steps: 1
  ttt_k_lora: True
  ttt_local_lr_mult: 0.75
  ttt_lora_lr: 0.0001
  ttt_lora_rank: 80
  ttt_mask: no_qv
  ttt_mlp_lora: True
  ttt_o_lora: True
  ttt_optimizer: adam
  ttt_q_lora: False
  ttt_v_lora: False
  ttt_weight_decay: 0.5
  val_batch_tokens: 524288
  val_bytes_files: /workspace/caseops_data/datasets/datasets/fineweb10B_sp8192_lossless_caps_caseops_v1_reserved/fineweb_val_bytes_*.bin
  val_doc_fraction: 1.0
  val_files: /workspace/caseops_data/datasets/datasets/fineweb10B_sp8192_lossless_caps_caseops_v1_reserved/fineweb_val_*.bin
  val_loss_every: 0
  vocab_size: 8192
  warmdown_frac: 0.85
  warmup_steps: 20
  world_size: 8
  xsa_last_n: 11
train_shards: 80
val_tokens: 47851520
model_params:35945673
gptq:reserving 4s, effective=596000ms
warmup_cu_buckets:64,128,192,256 iters_each:3
warmup_step: 1/20
warmup_step: 2/20
warmup_step: 3/20
warmup_step: 4/20
warmup_step: 5/20
warmup_step: 6/20
warmup_step: 10/20
warmup_step: 20/20
loop_warmup:enabled encoder:[0, 1, 2, 3, 4, 5, 3, 4] decoder:[5, 3, 4, 5, 6, 7, 8, 9, 10]
loop_warmup_step: 1/20
loop_warmup_step: 2/20
loop_warmup_step: 3/20
loop_warmup_step: 4/20
loop_warmup_step: 5/20
loop_warmup_step: 6/20
loop_warmup_step: 10/20
loop_warmup_step: 20/20
1/20000 train_loss: 9.0017 train_time: 0.0m tok/s: 17228946
2/20000 train_loss: 12.9498 train_time: 0.0m tok/s: 8950695
3/20000 train_loss: 10.2473 train_time: 0.0m tok/s: 8778054
4/20000 train_loss: 8.7552 train_time: 0.0m tok/s: 8709137
5/20000 train_loss: 7.9398 train_time: 0.0m tok/s: 8644371
500/20000 train_loss: 2.5718 train_time: 0.8m tok/s: 8213699
1000/20000 train_loss: 2.8067 train_time: 1.6m tok/s: 8172155
1500/20000 train_loss: 2.6235 train_time: 2.4m tok/s: 8161397
2000/20000 train_loss: 2.6533 train_time: 3.2m tok/s: 8160309
layer_loop:enabled step:2163 frac:0.350 encoder:[0, 1, 2, 3, 4, 5, 3, 4] decoder:[5, 3, 4, 5, 6, 7, 8, 9, 10]
2500/20000 train_loss: 2.5405 train_time: 4.3m tok/s: 7680339
3000/20000 train_loss: 2.5558 train_time: 5.4m tok/s: 7228094
3500/20000 train_loss: 2.5565 train_time: 6.6m tok/s: 6936449
4000/20000 train_loss: 2.4008 train_time: 7.8m tok/s: 6734004
4500/20000 train_loss: 2.2751 train_time: 9.0m tok/s: 6582085
4916/20000 val_loss: 2.3496 val_bpb: 1.0736
stopping_early: wallclock_cap train_time: 596130ms step: 4916/20000
peak memory allocated: 41720 MiB reserved: 47014 MiB
ema:applying EMA weights
diagnostic pre-quantization post-ema val_loss:2.32424690 val_bpb:1.06199757 eval_time:9716ms
Serialized model: 135418111 bytes
Code size (uncompressed): 171669 bytes
Code size (compressed): 42742 bytes
GPTQ:collecting Hessians from calibration data...
GPTQ:collected 67 Hessians in 4.1s
Quantized weights:
  gate_int8_row: blocks.attn.attn_gate_w
  gptq (int6): blocks.attn.c_k.weight, blocks.attn.c_q.weight, blocks.attn.c_v.weight, blocks.attn.proj.weight, blocks.mlp.fc.weight, blocks.mlp.proj.weight
  gptq (int6)+lqer_asym: blocks.mlp.fc.weight
  gptq (int7)+awqgrpint8+lqer_asym: tok_emb.weight
  passthrough (float16): blocks.attn.q_gain, blocks.attn_scale, blocks.mlp_scale, blocks.resid_mix, parallel_post_lambdas, parallel_resid_lambdas, skip_gates, skip_weights, smear_gate.weight, smear_lambda, softcap_neg, softcap_pos
Serialize: per-group lrzip compression...
Serialize: per-group compression done in 122.0s
Serialized model quantized+pergroup: 15950172 bytes
Total submission size quantized+pergroup: 15992914 bytes
Deserialize: per-group lrzip decompression...
Deserialize: decompression done in 20.7s
diagnostic quantized val_loss:2.34326400 val_bpb:1.07068689 eval_time:86767ms
Deserialize: per-group lrzip decompression...
Deserialize: decompression done in 20.7s
ttt_lora:warming up compile (random tokens, no val data)
ttt_lora:compile warmup done (147.3s)

beginning TTT eval timer
ttt_phased: total_docs:50000 prefix_docs:2500 suffix_docs:47500 num_phases:3 boundaries:[833, 1666, 2500]
ttp: b777/782 bl:2.3091 bb:1.0821 rl:2.3091 rb:1.0821 dl:8452-9229 gd:0
ttp: b773/782 bl:2.1940 bb:1.0332 rl:2.2612 rb:1.0618 dl:6104-6447 gd:0
ttp: b768/782 bl:2.2327 bb:1.0398 rl:2.2541 rb:1.0563 dl:4859-5083 gd:0
ttp: b762/782 bl:2.3467 bb:1.0867 rl:2.2698 rb:1.0615 dl:4032-4142 gd:0
ttpp: phase:1/3 pd:1296 gd:833 t:234.7s
tttg: c1/131 lr:0.001000 t:2.0s
tttg: c2/131 lr:0.001000 t:2.1s
tttg: c3/131 lr:0.000999 t:2.2s
tttg: c4/131 lr:0.000999 t:2.2s
tttg: c5/131 lr:0.000998 t:2.3s
tttg: c6/131 lr:0.000996 t:2.4s
tttg: c7/131 lr:0.000995 t:2.5s
tttg: c8/131 lr:0.000993 t:2.6s
tttg: c9/131 lr:0.000991 t:2.6s
tttg: c10/131 lr:0.000988 t:2.7s
tttg: c11/131 lr:0.000985 t:2.8s
tttg: c12/131 lr:0.000982 t:2.9s
tttg: c13/131 lr:0.000979 t:3.0s
tttg: c14/131 lr:0.000976 t:3.0s
tttg: c15/131 lr:0.000972 t:3.1s
tttg: c16/131 lr:0.000968 t:3.2s
tttg: c17/131 lr:0.000963 t:3.3s
tttg: c18/131 lr:0.000958 t:3.3s
tttg: c19/131 lr:0.000953 t:3.4s
tttg: c20/131 lr:0.000948 t:3.5s
tttg: c21/131 lr:0.000943 t:3.6s
tttg: c22/131 lr:0.000937 t:3.7s
tttg: c23/131 lr:0.000931 t:3.7s
tttg: c24/131 lr:0.000925 t:3.8s
tttg: c25/131 lr:0.000918 t:3.9s
tttg: c26/131 lr:0.000911 t:4.0s
tttg: c27/131 lr:0.000905 t:4.1s
tttg: c28/131 lr:0.000897 t:4.1s
tttg: c29/131 lr:0.000890 t:4.2s
tttg: c30/131 lr:0.000882 t:4.3s
tttg: c31/131 lr:0.000874 t:4.4s
tttg: c32/131 lr:0.000866 t:4.4s
tttg: c33/131 lr:0.000858 t:4.5s
tttg: c34/131 lr:0.000849 t:4.6s
tttg: c35/131 lr:0.000841 t:4.7s
tttg: c36/131 lr:0.000832 t:4.8s
tttg: c37/131 lr:0.000822 t:4.8s
tttg: c38/131 lr:0.000813 t:4.9s
tttg: c39/131 lr:0.000804 t:5.0s
tttg: c40/131 lr:0.000794 t:5.1s
tttg: c41/131 lr:0.000784 t:5.2s
tttg: c42/131 lr:0.000774 t:5.3s
tttg: c43/131 lr:0.000764 t:5.3s
tttg: c44/131 lr:0.000753 t:5.4s
tttg: c45/131 lr:0.000743 t:5.5s
tttg: c46/131 lr:0.000732 t:5.6s
tttg: c47/131 lr:0.000722 t:5.6s
tttg: c48/131 lr:0.000711 t:5.7s
tttg: c49/131 lr:0.000700 t:5.8s
tttg: c50/131 lr:0.000689 t:5.9s
tttg: c51/131 lr:0.000677 t:6.0s
tttg: c52/131 lr:0.000666 t:6.0s
tttg: c53/131 lr:0.000655 t:6.1s
tttg: c54/131 lr:0.000643 t:6.2s
tttg: c55/131 lr:0.000631 t:6.3s
tttg: c56/131 lr:0.000620 t:6.4s
tttg: c57/131 lr:0.000608 t:6.4s
tttg: c58/131 lr:0.000596 t:6.5s
tttg: c59/131 lr:0.000584 t:6.6s
tttg: c60/131 lr:0.000572 t:6.7s
tttg: c61/131 lr:0.000560 t:6.8s
tttg: c62/131 lr:0.000548 t:6.8s
tttg: c63/131 lr:0.000536 t:6.9s
tttg: c64/131 lr:0.000524 t:7.0s
tttg: c65/131 lr:0.000512 t:7.1s
tttg: c66/131 lr:0.000500 t:7.2s
tttg: c67/131 lr:0.000488 t:7.2s
tttg: c68/131 lr:0.000476 t:7.3s
tttg: c69/131 lr:0.000464 t:7.4s
tttg: c70/131 lr:0.000452 t:7.5s
tttg: c71/131 lr:0.000440 t:7.5s
tttg: c72/131 lr:0.000428 t:7.6s
tttg: c73/131 lr:0.000416 t:7.7s
tttg: c74/131 lr:0.000404 t:7.8s
tttg: c75/131 lr:0.000392 t:7.9s
tttg: c76/131 lr:0.000380 t:7.9s
tttg: c77/131 lr:0.000369 t:8.0s
tttg: c78/131 lr:0.000357 t:8.1s
tttg: c79/131 lr:0.000345 t:8.2s
tttg: c80/131 lr:0.000334 t:8.3s
tttg: c81/131 lr:0.000323 t:8.3s
tttg: c82/131 lr:0.000311 t:8.4s
tttg: c83/131 lr:0.000300 t:8.5s
tttg: c84/131 lr:0.000289 t:8.6s
tttg: c85/131 lr:0.000278 t:8.7s
tttg: c86/131 lr:0.000268 t:8.7s
tttg: c87/131 lr:0.000257 t:8.8s
tttg: c88/131 lr:0.000247 t:8.9s
tttg: c89/131 lr:0.000236 t:9.0s
tttg: c90/131 lr:0.000226 t:9.1s
tttg: c91/131 lr:0.000216 t:9.1s
tttg: c92/131 lr:0.000206 t:9.2s
tttg: c93/131 lr:0.000196 t:9.3s
tttg: c94/131 lr:0.000187 t:9.4s
tttg: c95/131 lr:0.000178 t:9.5s
tttg: c96/131 lr:0.000168 t:9.5s
tttg: c97/131 lr:0.000159 t:9.6s
tttg: c98/131 lr:0.000151 t:9.7s
tttg: c99/131 lr:0.000142 t:9.8s
tttg: c100/131 lr:0.000134 t:9.9s
tttg: c101/131 lr:0.000126 t:9.9s
tttg: c102/131 lr:0.000118 t:10.0s
tttg: c103/131 lr:0.000110 t:10.1s
tttg: c104/131 lr:0.000103 t:10.2s
tttg: c105/131 lr:0.000095 t:10.3s
tttg: c106/131 lr:0.000089 t:10.3s
tttg: c107/131 lr:0.000082 t:10.4s
tttg: c108/131 lr:0.000075 t:10.5s
tttg: c109/131 lr:0.000069 t:10.6s
tttg: c110/131 lr:0.000063 t:10.7s
tttg: c111/131 lr:0.000057 t:10.7s
tttg: c112/131 lr:0.000052 t:10.8s
tttg: c113/131 lr:0.000047 t:10.9s
tttg: c114/131 lr:0.000042 t:11.0s
tttg: c115/131 lr:0.000037 t:11.0s
tttg: c116/131 lr:0.000032 t:11.1s
tttg: c117/131 lr:0.000028 t:11.2s
tttg: c118/131 lr:0.000024 t:11.3s
tttg: c119/131 lr:0.000021 t:11.4s
tttg: c120/131 lr:0.000018 t:11.4s
tttg: c121/131 lr:0.000015 t:11.5s
tttg: c122/131 lr:0.000012 t:11.6s
tttg: c123/131 lr:0.000009 t:11.7s
tttg: c124/131 lr:0.000007 t:11.8s
tttg: c125/131 lr:0.000005 t:11.8s
tttg: c126/131 lr:0.000004 t:11.9s
tttg: c127/131 lr:0.000002 t:12.0s
tttg: c128/131 lr:0.000001 t:12.1s
tttg: c129/131 lr:0.000001 t:12.2s
tttg: c130/131 lr:0.000000 t:12.2s
ttpr: phase:1/3 t:248.1s
ttp: b760/782 bl:2.3456 bb:1.0386 rl:2.2802 rb:1.0582 dl:3817-3916 gd:0
ttp: b750/782 bl:2.3835 bb:1.0709 rl:2.2906 rb:1.0595 dl:3090-3149 gd:0
ttpp: phase:2/3 pd:2128 gd:1666 t:361.1s
tttg: c1/219 lr:0.001000 t:0.1s
tttg: c2/219 lr:0.001000 t:0.2s
tttg: c3/219 lr:0.001000 t:0.3s
tttg: c4/219 lr:0.001000 t:0.3s
tttg: c5/219 lr:0.000999 t:0.4s
tttg: c6/219 lr:0.000999 t:0.5s
tttg: c7/219 lr:0.000998 t:0.6s
tttg: c8/219 lr:0.000997 t:0.6s
tttg: c9/219 lr:0.000997 t:0.7s
tttg: c10/219 lr:0.000996 t:0.8s
tttg: c11/219 lr:0.000995 t:0.9s
tttg: c12/219 lr:0.000994 t:1.0s
tttg: c13/219 lr:0.000993 t:1.1s
tttg: c14/219 lr:0.000991 t:1.1s
tttg: c15/219 lr:0.000990 t:1.2s
tttg: c16/219 lr:0.000988 t:1.3s
tttg: c17/219 lr:0.000987 t:1.4s
tttg: c18/219 lr:0.000985 t:1.5s
tttg: c19/219 lr:0.000983 t:1.5s
tttg: c20/219 lr:0.000981 t:1.6s
tttg: c21/219 lr:0.000979 t:1.7s
tttg: c22/219 lr:0.000977 t:1.8s
tttg: c23/219 lr:0.000975 t:1.8s
tttg: c24/219 lr:0.000973 t:1.9s
tttg: c25/219 lr:0.000970 t:2.0s
tttg: c26/219 lr:0.000968 t:2.1s
tttg: c27/219 lr:0.000965 t:2.2s
tttg: c28/219 lr:0.000963 t:2.2s
tttg: c29/219 lr:0.000960 t:2.3s
tttg: c30/219 lr:0.000957 t:2.4s
tttg: c31/219 lr:0.000954 t:2.5s
tttg: c32/219 lr:0.000951 t:2.6s
tttg: c33/219 lr:0.000948 t:2.6s
tttg: c34/219 lr:0.000945 t:2.7s
tttg: c35/219 lr:0.000941 t:2.8s
tttg: c36/219 lr:0.000938 t:2.9s
tttg: c37/219 lr:0.000934 t:3.0s
tttg: c38/219 lr:0.000931 t:3.0s
tttg: c39/219 lr:0.000927 t:3.1s
tttg: c40/219 lr:0.000923 t:3.2s
tttg: c41/219 lr:0.000919 t:3.3s
tttg: c42/219 lr:0.000915 t:3.3s
tttg: c43/219 lr:0.000911 t:3.4s
tttg: c44/219 lr:0.000907 t:3.5s
tttg: c45/219 lr:0.000903 t:3.6s
tttg: c46/219 lr:0.000898 t:3.7s
tttg: c47/219 lr:0.000894 t:3.7s
tttg: c48/219 lr:0.000890 t:3.8s
tttg: c49/219 lr:0.000885 t:3.9s
tttg: c50/219 lr:0.000880 t:4.0s
tttg: c51/219 lr:0.000876 t:4.1s
tttg: c52/219 lr:0.000871 t:4.1s
tttg: c53/219 lr:0.000866 t:4.2s
tttg: c54/219 lr:0.000861 t:4.3s
tttg: c55/219 lr:0.000856 t:4.4s
tttg: c56/219 lr:0.000851 t:4.5s
tttg: c57/219 lr:0.000846 t:4.5s
tttg: c58/219 lr:0.000841 t:4.6s
tttg: c59/219 lr:0.000835 t:4.7s
tttg: c60/219 lr:0.000830 t:4.8s
tttg: c61/219 lr:0.000824 t:4.9s
tttg: c62/219 lr:0.000819 t:4.9s
tttg: c63/219 lr:0.000813 t:5.0s
tttg: c64/219 lr:0.000808 t:5.1s
tttg: c65/219 lr:0.000802 t:5.2s
tttg: c66/219 lr:0.000796 t:5.2s
tttg: c67/219 lr:0.000790 t:5.3s
tttg: c68/219 lr:0.000784 t:5.4s
tttg: c69/219 lr:0.000779 t:5.5s
tttg: c70/219 lr:0.000773 t:5.6s
tttg: c71/219 lr:0.000766 t:5.6s
tttg: c72/219 lr:0.000760 t:5.7s
tttg: c73/219 lr:0.000754 t:5.8s
tttg: c74/219 lr:0.000748 t:5.9s
tttg: c75/219 lr:0.000742 t:6.0s
tttg: c76/219 lr:0.000735 t:6.0s
tttg: c77/219 lr:0.000729 t:6.1s
tttg: c78/219 lr:0.000722 t:6.2s
tttg: c79/219 lr:0.000716 t:6.3s
tttg: c80/219 lr:0.000709 t:6.4s
tttg: c81/219 lr:0.000703 t:6.4s
tttg: c82/219 lr:0.000696 t:6.5s
tttg: c83/219 lr:0.000690 t:6.6s
tttg: c84/219 lr:0.000683 t:6.7s
tttg: c85/219 lr:0.000676 t:6.7s
tttg: c86/219 lr:0.000670 t:6.8s
tttg: c87/219 lr:0.000663 t:6.9s
tttg: c88/219 lr:0.000656 t:7.0s
tttg: c89/219 lr:0.000649 t:7.1s
tttg: c90/219 lr:0.000642 t:7.1s
tttg: c91/219 lr:0.000635 t:7.2s
tttg: c92/219 lr:0.000628 t:7.3s
tttg: c93/219 lr:0.000621 t:7.4s
tttg: c94/219 lr:0.000614 t:7.4s
tttg: c95/219 lr:0.000607 t:7.5s
tttg: c96/219 lr:0.000600 t:7.6s
tttg: c97/219 lr:0.000593 t:7.7s
tttg: c98/219 lr:0.000586 t:7.8s
tttg: c99/219 lr:0.000579 t:7.8s
tttg: c100/219 lr:0.000572 t:7.9s
tttg: c101/219 lr:0.000565 t:8.0s
tttg: c102/219 lr:0.000558 t:8.1s
tttg: c103/219 lr:0.000550 t:8.2s
tttg: c104/219 lr:0.000543 t:8.2s
tttg: c105/219 lr:0.000536 t:8.3s
tttg: c106/219 lr:0.000529 t:8.4s
tttg: c107/219 lr:0.000522 t:8.5s
tttg: c108/219 lr:0.000514 t:8.5s
tttg: c109/219 lr:0.000507 t:8.6s
tttg: c110/219 lr:0.000500 t:8.7s
tttg: c111/219 lr:0.000493 t:8.8s
tttg: c112/219 lr:0.000486 t:8.9s
tttg: c113/219 lr:0.000478 t:8.9s
tttg: c114/219 lr:0.000471 t:9.0s
tttg: c115/219 lr:0.000464 t:9.1s
tttg: c116/219 lr:0.000457 t:9.2s
tttg: c117/219 lr:0.000450 t:9.3s
tttg: c118/219 lr:0.000442 t:9.3s
tttg: c119/219 lr:0.000435 t:9.4s
tttg: c120/219 lr:0.000428 t:9.5s
tttg: c121/219 lr:0.000421 t:9.6s
tttg: c122/219 lr:0.000414 t:9.6s
tttg: c123/219 lr:0.000407 t:9.7s
tttg: c124/219 lr:0.000400 t:9.8s
tttg: c125/219 lr:0.000393 t:9.9s
tttg: c126/219 lr:0.000386 t:10.0s
tttg: c127/219 lr:0.000379 t:10.1s
tttg: c128/219 lr:0.000372 t:10.1s
tttg: c129/219 lr:0.000365 t:10.2s
tttg: c130/219 lr:0.000358 t:10.3s
tttg: c131/219 lr:0.000351 t:10.4s
tttg: c132/219 lr:0.000344 t:10.4s
tttg: c133/219 lr:0.000337 t:10.5s
tttg: c134/219 lr:0.000330 t:10.6s
tttg: c135/219 lr:0.000324 t:10.7s
tttg: c136/219 lr:0.000317 t:10.8s
tttg: c137/219 lr:0.000310 t:10.8s
tttg: c138/219 lr:0.000304 t:10.9s
tttg: c139/219 lr:0.000297 t:11.0s
tttg: c140/219 lr:0.000291 t:11.1s
tttg: c141/219 lr:0.000284 t:11.1s
tttg: c142/219 lr:0.000278 t:11.2s
tttg: c143/219 lr:0.000271 t:11.3s
tttg: c144/219 lr:0.000265 t:11.4s
tttg: c145/219 lr:0.000258 t:11.5s
tttg: c146/219 lr:0.000252 t:11.5s
tttg: c147/219 lr:0.000246 t:11.6s
tttg: c148/219 lr:0.000240 t:11.7s
tttg: c149/219 lr:0.000234 t:11.8s
tttg: c150/219 lr:0.000227 t:11.9s
tttg: c151/219 lr:0.000221 t:11.9s
tttg: c152/219 lr:0.000216 t:12.0s
tttg: c153/219 lr:0.000210 t:12.1s
tttg: c154/219 lr:0.000204 t:12.2s
tttg: c155/219 lr:0.000198 t:12.3s
tttg: c156/219 lr:0.000192 t:12.3s
tttg: c157/219 lr:0.000187 t:12.4s
tttg: c158/219 lr:0.000181 t:12.5s
tttg: c159/219 lr:0.000176 t:12.6s
tttg: c160/219 lr:0.000170 t:12.7s
tttg: c161/219 lr:0.000165 t:12.7s
tttg: c162/219 lr:0.000159 t:12.8s
tttg: c163/219 lr:0.000154 t:12.9s
tttg: c164/219 lr:0.000149 t:13.0s
tttg: c165/219 lr:0.000144 t:13.0s
tttg: c166/219 lr:0.000139 t:13.1s
tttg: c167/219 lr:0.000134 t:13.2s
tttg: c168/219 lr:0.000129 t:13.3s
tttg: c169/219 lr:0.000124 t:13.4s
tttg: c170/219 lr:0.000120 t:13.4s
tttg: c171/219 lr:0.000115 t:13.5s
tttg: c172/219 lr:0.000110 t:13.6s
tttg: c173/219 lr:0.000106 t:13.7s
tttg: c174/219 lr:0.000102 t:13.8s
tttg: c175/219 lr:0.000097 t:13.8s
tttg: c176/219 lr:0.000093 t:13.9s
tttg: c177/219 lr:0.000089 t:14.0s
tttg: c178/219 lr:0.000085 t:14.1s
tttg: c179/219 lr:0.000081 t:14.1s
tttg: c180/219 lr:0.000077 t:14.2s
tttg: c181/219 lr:0.000073 t:14.3s
tttg: c182/219 lr:0.000069 t:14.4s
tttg: c183/219 lr:0.000066 t:14.5s
tttg: c184/219 lr:0.000062 t:14.5s
tttg: c185/219 lr:0.000059 t:14.6s
tttg: c186/219 lr:0.000055 t:14.7s
tttg: c187/219 lr:0.000052 t:14.8s
tttg: c188/219 lr:0.000049 t:14.9s
tttg: c189/219 lr:0.000046 t:14.9s
tttg: c190/219 lr:0.000043 t:15.0s
tttg: c191/219 lr:0.000040 t:15.1s
tttg: c192/219 lr:0.000037 t:15.2s
tttg: c193/219 lr:0.000035 t:15.3s
tttg: c194/219 lr:0.000032 t:15.3s
tttg: c195/219 lr:0.000030 t:15.4s
tttg: c196/219 lr:0.000027 t:15.5s
tttg: c197/219 lr:0.000025 t:15.6s
tttg: c198/219 lr:0.000023 t:15.7s
tttg: c199/219 lr:0.000021 t:15.7s
tttg: c200/219 lr:0.000019 t:15.8s
tttg: c201/219 lr:0.000017 t:15.9s
tttg: c202/219 lr:0.000015 t:16.0s
tttg: c203/219 lr:0.000013 t:16.1s
tttg: c204/219 lr:0.000012 t:16.1s
tttg: c205/219 lr:0.000010 t:16.2s
tttg: c206/219 lr:0.000009 t:16.3s
tttg: c207/219 lr:0.000007 t:16.4s
tttg: c208/219 lr:0.000006 t:16.4s
tttg: c209/219 lr:0.000005 t:16.5s
tttg: c210/219 lr:0.000004 t:16.6s
tttg: c211/219 lr:0.000003 t:16.7s
tttg: c212/219 lr:0.000003 t:16.8s
tttg: c213/219 lr:0.000002 t:16.8s
tttg: c214/219 lr:0.000001 t:16.9s
tttg: c215/219 lr:0.000001 t:17.0s
tttg: c216/219 lr:0.000000 t:17.1s
tttg: c217/219 lr:0.000000 t:17.2s
tttg: c218/219 lr:0.000000 t:17.2s
ttpr: phase:2/3 t:379.5s
ttp: b743/782 bl:2.3270 bb:1.0602 rl:2.2936 rb:1.0596 dl:2762-2805 gd:0
ttp: b738/782 bl:2.3082 bb:1.0452 rl:2.2946 rb:1.0585 dl:2583-2618 gd:0
ttpp: phase:3/3 pd:2960 gd:2500 t:394.2s
tttg: c1/289 lr:0.001000 t:0.1s
tttg: c2/289 lr:0.001000 t:0.2s
tttg: c3/289 lr:0.001000 t:0.2s
tttg: c4/289 lr:0.001000 t:0.3s
tttg: c5/289 lr:0.001000 t:0.4s
tttg: c6/289 lr:0.000999 t:0.5s
tttg: c7/289 lr:0.000999 t:0.6s
tttg: c8/289 lr:0.000999 t:0.6s
tttg: c9/289 lr:0.000998 t:0.7s
tttg: c10/289 lr:0.000998 t:0.8s
tttg: c11/289 lr:0.000997 t:0.9s
tttg: c12/289 lr:0.000996 t:0.9s
tttg: c13/289 lr:0.000996 t:1.0s
tttg: c14/289 lr:0.000995 t:1.1s
tttg: c15/289 lr:0.000994 t:1.2s
tttg: c16/289 lr:0.000993 t:1.3s
tttg: c17/289 lr:0.000992 t:1.3s
tttg: c18/289 lr:0.000991 t:1.4s
tttg: c19/289 lr:0.000990 t:1.5s
tttg: c20/289 lr:0.000989 t:1.6s
tttg: c21/289 lr:0.000988 t:1.7s
tttg: c22/289 lr:0.000987 t:1.7s
tttg: c23/289 lr:0.000986 t:1.8s
tttg: c24/289 lr:0.000984 t:1.9s
tttg: c25/289 lr:0.000983 t:2.0s
tttg: c26/289 lr:0.000982 t:2.0s
tttg: c27/289 lr:0.000980 t:2.1s
tttg: c28/289 lr:0.000978 t:2.2s
tttg: c29/289 lr:0.000977 t:2.3s
tttg: c30/289 lr:0.000975 t:2.4s
tttg: c31/289 lr:0.000973 t:2.4s
tttg: c32/289 lr:0.000972 t:2.5s
tttg: c33/289 lr:0.000970 t:2.6s
tttg: c34/289 lr:0.000968 t:2.7s
tttg: c35/289 lr:0.000966 t:2.8s
tttg: c36/289 lr:0.000964 t:2.8s
tttg: c37/289 lr:0.000962 t:2.9s
tttg: c38/289 lr:0.000960 t:3.0s
tttg: c39/289 lr:0.000958 t:3.1s
tttg: c40/289 lr:0.000955 t:3.2s
tttg: c41/289 lr:0.000953 t:3.2s
tttg: c42/289 lr:0.000951 t:3.3s
tttg: c43/289 lr:0.000948 t:3.4s
tttg: c44/289 lr:0.000946 t:3.5s
tttg: c45/289 lr:0.000944 t:3.6s
tttg: c46/289 lr:0.000941 t:3.6s
tttg: c47/289 lr:0.000938 t:3.7s
tttg: c48/289 lr:0.000936 t:3.8s
tttg: c49/289 lr:0.000933 t:3.9s
tttg: c50/289 lr:0.000930 t:4.0s
tttg: c51/289 lr:0.000927 t:4.0s
tttg: c52/289 lr:0.000925 t:4.1s
tttg: c53/289 lr:0.000922 t:4.2s
tttg: c54/289 lr:0.000919 t:4.3s
tttg: c55/289 lr:0.000916 t:4.3s
tttg: c56/289 lr:0.000913 t:4.4s
tttg: c57/289 lr:0.000910 t:4.5s
tttg: c58/289 lr:0.000906 t:4.6s
tttg: c59/289 lr:0.000903 t:4.7s
tttg: c60/289 lr:0.000900 t:4.7s
tttg: c61/289 lr:0.000897 t:4.8s
tttg: c62/289 lr:0.000893 t:4.9s
tttg: c63/289 lr:0.000890 t:5.0s
tttg: c64/289 lr:0.000887 t:5.1s
tttg: c65/289 lr:0.000883 t:5.1s
tttg: c66/289 lr:0.000879 t:5.2s
tttg: c67/289 lr:0.000876 t:5.3s
tttg: c68/289 lr:0.000872 t:5.4s
tttg: c69/289 lr:0.000869 t:5.5s
tttg: c70/289 lr:0.000865 t:5.5s
tttg: c71/289 lr:0.000861 t:5.6s
tttg: c72/289 lr:0.000857 t:5.7s
tttg: c73/289 lr:0.000854 t:5.8s
tttg: c74/289 lr:0.000850 t:5.9s
tttg: c75/289 lr:0.000846 t:5.9s
tttg: c76/289 lr:0.000842 t:6.0s
tttg: c77/289 lr:0.000838 t:6.1s
tttg: c78/289 lr:0.000834 t:6.2s
tttg: c79/289 lr:0.000830 t:6.2s
tttg: c80/289 lr:0.000826 t:6.3s
tttg: c81/289 lr:0.000821 t:6.4s
tttg: c82/289 lr:0.000817 t:6.5s
tttg: c83/289 lr:0.000813 t:6.6s
tttg: c84/289 lr:0.000809 t:6.6s
tttg: c85/289 lr:0.000804 t:6.7s
tttg: c86/289 lr:0.000800 t:6.8s
tttg: c87/289 lr:0.000796 t:6.9s
tttg: c88/289 lr:0.000791 t:7.0s
tttg: c89/289 lr:0.000787 t:7.0s
tttg: c90/289 lr:0.000782 t:7.1s
tttg: c91/289 lr:0.000778 t:7.2s
tttg: c92/289 lr:0.000773 t:7.3s
tttg: c93/289 lr:0.000769 t:7.3s
tttg: c94/289 lr:0.000764 t:7.4s
tttg: c95/289 lr:0.000759 t:7.5s
tttg: c96/289 lr:0.000755 t:7.6s
tttg: c97/289 lr:0.000750 t:7.7s
tttg: c98/289 lr:0.000745 t:7.7s
tttg: c99/289 lr:0.000740 t:7.8s
tttg: c100/289 lr:0.000736 t:7.9s
tttg: c101/289 lr:0.000731 t:8.0s
tttg: c102/289 lr:0.000726 t:8.1s
tttg: c103/289 lr:0.000721 t:8.1s
tttg: c104/289 lr:0.000716 t:8.2s
tttg: c105/289 lr:0.000711 t:8.3s
tttg: c106/289 lr:0.000706 t:8.4s
tttg: c107/289 lr:0.000701 t:8.5s
tttg: c108/289 lr:0.000696 t:8.5s
tttg: c109/289 lr:0.000691 t:8.6s
tttg: c110/289 lr:0.000686 t:8.7s
tttg: c111/289 lr:0.000681 t:8.8s
tttg: c112/289 lr:0.000676 t:8.9s
tttg: c113/289 lr:0.000671 t:8.9s
tttg: c114/289 lr:0.000666 t:9.0s
tttg: c115/289 lr:0.000661 t:9.1s
tttg: c116/289 lr:0.000656 t:9.2s
tttg: c117/289 lr:0.000650 t:9.2s
tttg: c118/289 lr:0.000645 t:9.3s
tttg: c119/289 lr:0.000640 t:9.4s
tttg: c120/289 lr:0.000635 t:9.5s
tttg: c121/289 lr:0.000629 t:9.6s
tttg: c122/289 lr:0.000624 t:9.6s
tttg: c123/289 lr:0.000619 t:9.7s
tttg: c124/289 lr:0.000614 t:9.8s
tttg: c125/289 lr:0.000608 t:9.9s
tttg: c126/289 lr:0.000603 t:10.0s
tttg: c127/289 lr:0.000598 t:10.0s
tttg: c128/289 lr:0.000592 t:10.1s
tttg: c129/289 lr:0.000587 t:10.2s
tttg: c130/289 lr:0.000581 t:10.3s
tttg: c131/289 lr:0.000576 t:10.4s
tttg: c132/289 lr:0.000571 t:10.4s
tttg: c133/289 lr:0.000565 t:10.5s
tttg: c134/289 lr:0.000560 t:10.6s
tttg: c135/289 lr:0.000554 t:10.7s
tttg: c136/289 lr:0.000549 t:10.8s
tttg: c137/289 lr:0.000544 t:10.8s
tttg: c138/289 lr:0.000538 t:10.9s
tttg: c139/289 lr:0.000533 t:11.0s
tttg: c140/289 lr:0.000527 t:11.1s
tttg: c141/289 lr:0.000522 t:11.1s
tttg: c142/289 lr:0.000516 t:11.2s
tttg: c143/289 lr:0.000511 t:11.3s
tttg: c144/289 lr:0.000505 t:11.4s
tttg: c145/289 lr:0.000500 t:11.5s
tttg: c146/289 lr:0.000495 t:11.5s
tttg: c147/289 lr:0.000489 t:11.6s
tttg: c148/289 lr:0.000484 t:11.7s
tttg: c149/289 lr:0.000478 t:11.8s
tttg: c150/289 lr:0.000473 t:11.9s
tttg: c151/289 lr:0.000467 t:12.0s
tttg: c152/289 lr:0.000462 t:12.0s
tttg: c153/289 lr:0.000456 t:12.1s
tttg: c154/289 lr:0.000451 t:12.2s
tttg: c155/289 lr:0.000446 t:12.3s
tttg: c156/289 lr:0.000440 t:12.4s
tttg: c157/289 lr:0.000435 t:12.4s
tttg: c158/289 lr:0.000429 t:12.5s
tttg: c159/289 lr:0.000424 t:12.6s
tttg: c160/289 lr:0.000419 t:12.7s
tttg: c161/289 lr:0.000413 t:12.8s
tttg: c162/289 lr:0.000408 t:12.8s
tttg: c163/289 lr:0.000402 t:12.9s
tttg: c164/289 lr:0.000397 t:13.0s
tttg: c165/289 lr:0.000392 t:13.1s
tttg: c166/289 lr:0.000386 t:13.2s
tttg: c167/289 lr:0.000381 t:13.2s
tttg: c168/289 lr:0.000376 t:13.3s
tttg: c169/289 lr:0.000371 t:13.4s
tttg: c170/289 lr:0.000365 t:13.5s
tttg: c171/289 lr:0.000360 t:13.6s
tttg: c172/289 lr:0.000355 t:13.6s
tttg: c173/289 lr:0.000350 t:13.7s
tttg: c174/289 lr:0.000344 t:13.8s
tttg: c175/289 lr:0.000339 t:13.9s
tttg: c176/289 lr:0.000334 t:14.0s
tttg: c177/289 lr:0.000329 t:14.0s
tttg: c178/289 lr:0.000324 t:14.1s
tttg: c179/289 lr:0.000319 t:14.2s
tttg: c180/289 lr:0.000314 t:14.3s
tttg: c181/289 lr:0.000309 t:14.4s
tttg: c182/289 lr:0.000304 t:14.4s
tttg: c183/289 lr:0.000299 t:14.5s
tttg: c184/289 lr:0.000294 t:14.6s
tttg: c185/289 lr:0.000289 t:14.7s
tttg: c186/289 lr:0.000284 t:14.8s
tttg: c187/289 lr:0.000279 t:14.8s
tttg: c188/289 lr:0.000274 t:14.9s
tttg: c189/289 lr:0.000269 t:15.0s
tttg: c190/289 lr:0.000264 t:15.1s
tttg: c191/289 lr:0.000260 t:15.2s
tttg: c192/289 lr:0.000255 t:15.2s
tttg: c193/289 lr:0.000250 t:15.3s
tttg: c194/289 lr:0.000245 t:15.4s
tttg: c195/289 lr:0.000241 t:15.5s
tttg: c196/289 lr:0.000236 t:15.6s
tttg: c197/289 lr:0.000231 t:15.6s
tttg: c198/289 lr:0.000227 t:15.7s
tttg: c199/289 lr:0.000222 t:15.8s
tttg: c200/289 lr:0.000218 t:15.9s
tttg: c201/289 lr:0.000213 t:16.0s
tttg: c202/289 lr:0.000209 t:16.0s
tttg: c203/289 lr:0.000204 t:16.1s
tttg: c204/289 lr:0.000200 t:16.2s
tttg: c205/289 lr:0.000196 t:16.3s
tttg: c206/289 lr:0.000191 t:16.4s
tttg: c207/289 lr:0.000187 t:16.4s
tttg: c208/289 lr:0.000183 t:16.5s
tttg: c209/289 lr:0.000179 t:16.6s
tttg: c210/289 lr:0.000174 t:16.7s
tttg: c211/289 lr:0.000170 t:16.8s
tttg: c212/289 lr:0.000166 t:16.8s
tttg: c213/289 lr:0.000162 t:16.9s
tttg: c214/289 lr:0.000158 t:17.0s
tttg: c215/289 lr:0.000154 t:17.1s
tttg: c216/289 lr:0.000150 t:17.1s
tttg: c217/289 lr:0.000146 t:17.2s
tttg: c218/289 lr:0.000143 t:17.3s
tttg: c219/289 lr:0.000139 t:17.4s
tttg: c220/289 lr:0.000135 t:17.5s
tttg: c221/289 lr:0.000131 t:17.5s
tttg: c222/289 lr:0.000128 t:17.6s
tttg: c223/289 lr:0.000124 t:17.7s
tttg: c224/289 lr:0.000121 t:17.8s
tttg: c225/289 lr:0.000117 t:17.9s
tttg: c226/289 lr:0.000113 t:17.9s
tttg: c227/289 lr:0.000110 t:18.0s
tttg: c228/289 lr:0.000107 t:18.1s
tttg: c229/289 lr:0.000103 t:18.2s
tttg: c230/289 lr:0.000100 t:18.3s
tttg: c231/289 lr:0.000097 t:18.3s
tttg: c232/289 lr:0.000094 t:18.4s
tttg: c233/289 lr:0.000090 t:18.5s
tttg: c234/289 lr:0.000087 t:18.6s
tttg: c235/289 lr:0.000084 t:18.6s
tttg: c236/289 lr:0.000081 t:18.7s
tttg: c237/289 lr:0.000078 t:18.8s
tttg: c238/289 lr:0.000075 t:18.9s
tttg: c239/289 lr:0.000073 t:19.0s
tttg: c240/289 lr:0.000070 t:19.0s
tttg: c241/289 lr:0.000067 t:19.1s
tttg: c242/289 lr:0.000064 t:19.2s
tttg: c243/289 lr:0.000062 t:19.3s
tttg: c244/289 lr:0.000059 t:19.3s
tttg: c245/289 lr:0.000056 t:19.4s
tttg: c246/289 lr:0.000054 t:19.5s
tttg: c247/289 lr:0.000052 t:19.6s
tttg: c248/289 lr:0.000049 t:19.7s
tttg: c249/289 lr:0.000047 t:19.7s
tttg: c250/289 lr:0.000045 t:19.8s
tttg: c251/289 lr:0.000042 t:19.9s
tttg: c252/289 lr:0.000040 t:20.0s
tttg: c253/289 lr:0.000038 t:20.1s
tttg: c254/289 lr:0.000036 t:20.1s
tttg: c255/289 lr:0.000034 t:20.2s
tttg: c256/289 lr:0.000032 t:20.3s
tttg: c257/289 lr:0.000030 t:20.4s
tttg: c258/289 lr:0.000028 t:20.4s
tttg: c259/289 lr:0.000027 t:20.5s
tttg: c260/289 lr:0.000025 t:20.6s
tttg: c261/289 lr:0.000023 t:20.7s
tttg: c262/289 lr:0.000022 t:20.8s
tttg: c263/289 lr:0.000020 t:20.8s
tttg: c264/289 lr:0.000018 t:20.9s
tttg: c265/289 lr:0.000017 t:21.0s
tttg: c266/289 lr:0.000016 t:21.1s
tttg: c267/289 lr:0.000014 t:21.2s
tttg: c268/289 lr:0.000013 t:21.2s
tttg: c269/289 lr:0.000012 t:21.3s
tttg: c270/289 lr:0.000011 t:21.4s
tttg: c271/289 lr:0.000010 t:21.5s
tttg: c272/289 lr:0.000009 t:21.6s
tttg: c273/289 lr:0.000008 t:21.6s
tttg: c274/289 lr:0.000007 t:21.7s
tttg: c275/289 lr:0.000006 t:21.8s
tttg: c276/289 lr:0.000005 t:21.9s
tttg: c277/289 lr:0.000004 t:22.0s
tttg: c278/289 lr:0.000004 t:22.0s
tttg: c279/289 lr:0.000003 t:22.1s
tttg: c280/289 lr:0.000002 t:22.2s
tttg: c281/289 lr:0.000002 t:22.3s
tttg: c282/289 lr:0.000001 t:22.4s
tttg: c283/289 lr:0.000001 t:22.4s
tttg: c284/289 lr:0.000001 t:22.5s
tttg: c285/289 lr:0.000000 t:22.6s
tttg: c286/289 lr:0.000000 t:22.7s
tttg: c287/289 lr:0.000000 t:22.8s
tttg: c288/289 lr:0.000000 t:22.8s
ttpr: phase:3/3 t:418.2s
ttp: b732/782 bl:2.3662 bb:1.0897 rl:2.2991 rb:1.0605 dl:2416-2441 gd:1
ttp: b724/782 bl:2.3141 bb:1.0567 rl:2.2999 rb:1.0603 dl:2203-2231 gd:1
ttp: b716/782 bl:2.2490 bb:1.0393 rl:2.2975 rb:1.0593 dl:2054-2069 gd:1
ttp: b706/782 bl:2.3991 bb:1.0729 rl:2.3017 rb:1.0599 dl:1898-1910 gd:1
ttp: b702/782 bl:2.4257 bb:1.0809 rl:2.3066 rb:1.0607 dl:1847-1858 gd:1
ttp: b693/782 bl:2.3339 bb:1.0484 rl:2.3076 rb:1.0603 dl:1746-1757 gd:1
ttp: b686/782 bl:2.4370 bb:1.0728 rl:2.3119 rb:1.0607 dl:1675-1685 gd:1
ttp: b675/782 bl:2.3624 bb:1.0565 rl:2.3134 rb:1.0606 dl:1578-1586 gd:1
ttp: b666/782 bl:2.4105 bb:1.0640 rl:2.3162 rb:1.0607 dl:1507-1514 gd:1
ttp: b661/782 bl:2.3974 bb:1.0838 rl:2.3184 rb:1.0613 dl:1474-1480 gd:1
ttp: b655/782 bl:2.3773 bb:1.0427 rl:2.3199 rb:1.0608 dl:1432-1439 gd:1
ttp: b648/782 bl:2.2817 bb:1.0069 rl:2.3189 rb:1.0595 dl:1387-1392 gd:1
ttp: b640/782 bl:2.3074 bb:1.0511 rl:2.3187 rb:1.0593 dl:1337-1343 gd:1
ttp: b632/782 bl:2.3446 bb:1.0315 rl:2.3192 rb:1.0587 dl:1290-1297 gd:1
ttp: b624/782 bl:2.3535 bb:1.0654 rl:2.3199 rb:1.0588 dl:1249-1255 gd:1
ttp: b610/782 bl:2.2491 bb:1.0057 rl:2.3186 rb:1.0578 dl:1177-1182 gd:1
ttp: b604/782 bl:2.3790 bb:1.0442 rl:2.3197 rb:1.0575 dl:1150-1154 gd:1
ttp: b594/782 bl:2.3328 bb:1.0650 rl:2.3199 rb:1.0577 dl:1107-1110 gd:1
ttp: b586/782 bl:2.2521 bb:1.0298 rl:2.3188 rb:1.0572 dl:1073-1076 gd:1
ttp: b578/782 bl:2.3460 bb:1.0299 rl:2.3192 rb:1.0568 dl:1041-1044 gd:1
ttp: b572/782 bl:2.3105 bb:1.0392 rl:2.3191 rb:1.0565 dl:1017-1021 gd:1
ttp: b565/782 bl:2.3775 bb:1.0300 rl:2.3199 rb:1.0561 dl:993-997 gd:1
ttp: b559/782 bl:2.2906 bb:1.0374 rl:2.3195 rb:1.0558 dl:972-975 gd:1
ttp: b549/782 bl:2.2549 bb:1.0195 rl:2.3187 rb:1.0554 dl:939-943 gd:1
ttp: b541/782 bl:2.3241 bb:1.0313 rl:2.3188 rb:1.0550 dl:915-918 gd:1
ttp: b530/782 bl:2.4075 bb:1.0828 rl:2.3198 rb:1.0554 dl:882-884 gd:1
ttp: b522/782 bl:2.3054 bb:1.0339 rl:2.3197 rb:1.0551 dl:858-860 gd:1
ttp: b518/782 bl:2.2360 bb:1.0065 rl:2.3187 rb:1.0546 dl:846-850 gd:1
ttp: b510/782 bl:2.3793 bb:1.0719 rl:2.3194 rb:1.0548 dl:823-826 gd:1
ttp: b499/782 bl:2.3355 bb:1.0545 rl:2.3195 rb:1.0548 dl:794-796 gd:1
ttp: b491/782 bl:2.2797 bb:1.0283 rl:2.3191 rb:1.0545 dl:773-776 gd:1
ttp: b483/782 bl:2.2538 bb:1.0283 rl:2.3185 rb:1.0542 dl:754-756 gd:1
ttp: b475/782 bl:2.3589 bb:1.0526 rl:2.3189 rb:1.0542 dl:735-737 gd:1
ttp: b467/782 bl:2.3504 bb:1.0535 rl:2.3192 rb:1.0542 dl:717-719 gd:1
ttp: b463/782 bl:2.3047 bb:1.0371 rl:2.3190 rb:1.0541 dl:708-710 gd:1
ttp: b456/782 bl:2.3480 bb:1.0401 rl:2.3193 rb:1.0539 dl:693-695 gd:1
ttp: b448/782 bl:2.3074 bb:1.0059 rl:2.3192 rb:1.0535 dl:677-678 gd:1
ttp: b435/782 bl:2.3139 bb:1.0220 rl:2.3191 rb:1.0533 dl:648-651 gd:1
ttp: b427/782 bl:2.2556 bb:1.0619 rl:2.3187 rb:1.0533 dl:634-636 gd:1
ttp: b419/782 bl:2.3165 bb:1.0502 rl:2.3186 rb:1.0533 dl:618-620 gd:1
ttp: b414/782 bl:2.1979 bb:1.0063 rl:2.3178 rb:1.0530 dl:609-611 gd:1
ttp: b406/782 bl:2.3046 bb:1.0613 rl:2.3177 rb:1.0530 dl:593-595 gd:1
ttp: b398/782 bl:2.2448 bb:1.0024 rl:2.3172 rb:1.0527 dl:579-581 gd:1
ttp: b385/782 bl:2.4034 bb:1.0718 rl:2.3177 rb:1.0528 dl:555-557 gd:1
ttp: b377/782 bl:2.2226 bb:1.0182 rl:2.3171 rb:1.0526 dl:542-544 gd:1
ttp: b369/782 bl:2.3473 bb:1.0605 rl:2.3173 rb:1.0526 dl:528-530 gd:1
ttp: b361/782 bl:2.3444 bb:1.0945 rl:2.3175 rb:1.0529 dl:515-517 gd:1
ttp: b353/782 bl:2.1946 bb:1.0036 rl:2.3168 rb:1.0526 dl:501-503 gd:1
ttp: b346/782 bl:2.3687 bb:1.0694 rl:2.3171 rb:1.0527 dl:491-492 gd:1
ttp: b338/782 bl:2.3505 bb:1.0948 rl:2.3173 rb:1.0529 dl:478-480 gd:1
ttp: b335/782 bl:2.3637 bb:1.0708 rl:2.3175 rb:1.0530 dl:474-476 gd:1
ttp: b327/782 bl:2.3290 bb:1.0829 rl:2.3176 rb:1.0532 dl:462-463 gd:1
ttp: b318/782 bl:2.3362 bb:1.0676 rl:2.3177 rb:1.0532 dl:448-450 gd:1
ttp: b307/782 bl:2.3325 bb:1.1276 rl:2.3177 rb:1.0536 dl:432-433 gd:1
ttp: b304/782 bl:2.3379 bb:1.0723 rl:2.3178 rb:1.0537 dl:427-429 gd:1
ttp: b295/782 bl:2.2610 bb:1.0607 rl:2.3176 rb:1.0537 dl:414-415 gd:1
ttp: b287/782 bl:2.3991 bb:1.0930 rl:2.3179 rb:1.0539 dl:402-403 gd:1
ttp: b279/782 bl:2.3062 bb:1.0897 rl:2.3179 rb:1.0540 dl:391-392 gd:1
ttp: b271/782 bl:2.3747 bb:1.1248 rl:2.3181 rb:1.0543 dl:380-382 gd:1
ttp: b263/782 bl:2.3805 bb:1.0768 rl:2.3183 rb:1.0544 dl:370-371 gd:1
ttp: b254/782 bl:2.3445 bb:1.1115 rl:2.3184 rb:1.0546 dl:358-360 gd:1
ttp: b246/782 bl:2.3462 bb:1.0966 rl:2.3186 rb:1.0547 dl:349-350 gd:1
ttp: b238/782 bl:2.3208 bb:1.1069 rl:2.3186 rb:1.0549 dl:338-340 gd:1
ttp: b229/782 bl:2.3613 bb:1.0642 rl:2.3187 rb:1.0549 dl:328-329 gd:1
ttp: b220/782 bl:2.4050 bb:1.1379 rl:2.3190 rb:1.0552 dl:317-318 gd:1
ttp: b210/782 bl:2.2537 bb:1.0806 rl:2.3188 rb:1.0553 dl:306-307 gd:1
ttp: b202/782 bl:2.3555 bb:1.1024 rl:2.3189 rb:1.0554 dl:298-299 gd:1
ttp: b195/782 bl:2.4191 bb:1.1283 rl:2.3192 rb:1.0557 dl:290-291 gd:1
ttp: b186/782 bl:2.4110 bb:1.1269 rl:2.3195 rb:1.0559 dl:280-281 gd:1
ttp: b178/782 bl:2.3393 bb:1.0943 rl:2.3195 rb:1.0560 dl:272-273 gd:1
ttp: b170/782 bl:2.3707 bb:1.1241 rl:2.3197 rb:1.0561 dl:264-265 gd:1
ttp: b164/782 bl:2.4332 bb:1.1510 rl:2.3200 rb:1.0564 dl:259-260 gd:1
ttp: b157/782 bl:2.3617 bb:1.1311 rl:2.3201 rb:1.0566 dl:252-253 gd:1
ttp: b147/782 bl:2.4607 bb:1.1191 rl:2.3204 rb:1.0567 dl:242-243 gd:1
ttp: b138/782 bl:2.3791 bb:1.1069 rl:2.3206 rb:1.0568 dl:233-234 gd:1
ttp: b130/782 bl:2.5640 bb:1.1750 rl:2.3211 rb:1.0571 dl:226-227 gd:1
ttp: b121/782 bl:2.4361 bb:1.1118 rl:2.3214 rb:1.0572 dl:218-219 gd:1
ttp: b113/782 bl:2.5464 bb:1.1322 rl:2.3219 rb:1.0574 dl:210-211 gd:1
ttp: b105/782 bl:2.4172 bb:1.1496 rl:2.3221 rb:1.0576 dl:203-204 gd:1
ttp: b97/782 bl:2.4585 bb:1.1636 rl:2.3223 rb:1.0578 dl:196-197 gd:1
ttp: b90/782 bl:2.4768 bb:1.2129 rl:2.3226 rb:1.0581 dl:190-190 gd:1
ttp: b81/782 bl:2.4725 bb:1.1221 rl:2.3229 rb:1.0582 dl:182-183 gd:1
ttp: b74/782 bl:2.4774 bb:1.1497 rl:2.3232 rb:1.0583 dl:175-176 gd:1
ttp: b65/782 bl:2.4556 bb:1.1647 rl:2.3234 rb:1.0585 dl:167-169 gd:1
ttp: b58/782 bl:2.5104 bb:1.2184 rl:2.3237 rb:1.0588 dl:161-162 gd:1
ttp: b50/782 bl:2.4022 bb:1.1641 rl:2.3238 rb:1.0589 dl:153-154 gd:1
ttp: b42/782 bl:2.4570 bb:1.1964 rl:2.3240 rb:1.0591 dl:145-146 gd:1
ttp: b33/782 bl:2.5895 bb:1.2203 rl:2.3244 rb:1.0593 dl:136-137 gd:1
ttp: b25/782 bl:2.5917 bb:1.1974 rl:2.3247 rb:1.0595 dl:128-129 gd:1
ttp: b17/782 bl:2.6569 bb:1.2624 rl:2.3251 rb:1.0597 dl:118-119 gd:1
ttp: b9/782 bl:2.7458 bb:1.2529 rl:2.3256 rb:1.0599 dl:105-107 gd:1
ttp: b1/782 bl:2.8393 bb:1.1819 rl:2.3260 rb:1.0600 dl:27-83 gd:1
quantized_ttt_phased val_loss:2.31738117 val_bpb:1.05895276 eval_time:513056ms
total_eval_time:513.1s
