logs/cuda/run_1775418082.txt
DDP enabled: 1 GPUs
Muon optimizer: matrix_lr=0.02 scalar_lr=0.015 embed_lr=0.025
params:32022220 L:8 d:512 h:8 kv:4 ws:1 ga:8 s:1337
warmup:1/5
warmup:2/5
warmup:3/5
warmup:4/5
warmup:5/5
step:0/10000 val_loss:6.9310 val_bpb:4.1724 train_time:0ms zero_frac:0.309
step:20/10000 loss:20.9215 t:19261ms avg:963.0ms
step:40/10000 loss:28.9808 t:39093ms avg:977.3ms
step:60/10000 loss:32.2476 t:59991ms avg:999.9ms
step:80/10000 loss:23.1653 t:81433ms avg:1017.9ms
step:100/10000 loss:10.3239 t:104238ms avg:1042.4ms
step:120/10000 loss:6.9836 t:131870ms avg:1098.9ms
step:140/10000 loss:6.0897 t:159136ms avg:1136.7ms
step:160/10000 loss:5.4190 t:186313ms avg:1164.5ms
step:180/10000 loss:5.2539 t:217277ms avg:1207.1ms
step:200/10000 loss:4.8880 t:256047ms avg:1280.2ms
step:200/10000 val_loss:4.7780 val_bpb:2.8763 train_time:256073ms zero_frac:0.318
step:220/10000 loss:4.5332 t:294808ms avg:1340.0ms
step:240/10000 loss:4.4809 t:335453ms avg:1397.7ms
step:260/10000 loss:4.2967 t:374379ms avg:1439.9ms
step:280/10000 loss:4.2787 t:413426ms avg:1476.5ms
step:290/10000 val_loss:4.0552 val_bpb:2.4412 train_time:432820ms zero_frac:0.320
stopping_early: wallclock_cap train_time:432820ms step:290/10000
artifact:10.07MB ternary:29360128(6330800B) fp:2141900(4283800B) code:176975
budget:10247063/16000000 (10.25/16.00MB) FITS
eval_feedback_passes:2
final_ternary_roundtrip val_loss:4.5634 val_bpb:2.7471
