nohup: ignoring input
W0327 11:12:04.030000 1181810 torch/distributed/run.py:852] 
W0327 11:12:04.030000 1181810 torch/distributed/run.py:852] *****************************************
W0327 11:12:04.030000 1181810 torch/distributed/run.py:852] Setting OMP_NUM_THREADS environment variable for each process to be 1 in default, to avoid your system being overloaded, please further tune the variable for optimal performance in your application as needed. 
W0327 11:12:04.030000 1181810 torch/distributed/run.py:852] *****************************************
logs/62ffbf72-0c84-4095-8e0f-8d72fd501651.txt
model_preset:frontier_lean run_profile:full_8gpu_600s
val_bpb:enabled tokenizer_kind=sentencepiece tokenizer_path=data/tokenizers/fineweb_1024_bpe.model
train_loader:dataset:fineweb10B_sp1024
val_loader:shards pattern=data/datasets/fineweb10B_sp1024/fineweb_val_*.bin tokens:62021632
model_params:27255900
param_breakdown:{"lexical": 1114625, "skip": 2560, "upper_global": 25974872, "value_embedding": 163843}
world_size:8 grad_accum_steps:1
flash_attn_3_loaded:True
sdp_backends:cudnn=False flash=True mem_efficient=False math=False
train_batch_tokens:786432 train_seq_len:2048 iterations:20000 warmup_steps:20 max_wallclock_seconds:600.000
activation_mode:leaky_relu2 export_quantizer:full_gptq_int5 ttt_optimizer:adamw
muon:banking_enabled:True bank_min_tensors:2
moonshot lower_replace_layers:0 local_shared_blocks:4 use_unet_skips:True
seed:1337
shard_order:computing perplexity ranking...
shard_order:ranked 80 shards by perplexity
warmup_step:1/20
warmup_step:2/20
warmup_step:3/20
warmup_step:4/20
warmup_step:5/20
warmup_step:6/20
warmup_step:7/20
warmup_step:8/20
warmup_step:9/20
warmup_step:10/20
warmup_step:11/20
warmup_step:12/20
warmup_step:13/20
warmup_step:14/20
warmup_step:15/20
warmup_step:16/20
warmup_step:17/20
warmup_step:18/20
warmup_step:19/20
warmup_step:20/20
step:0/20000 val_loss:6.9316 val_bpb:4.1053 train_time:0ms step_avg:0.01ms
step:1/20000 train_loss:6.9323 train_time:103ms step_avg:102.67ms
step:2/20000 train_loss:8.7066 train_time:181ms step_avg:90.53ms
step:3/20000 train_loss:7.9494 train_time:264ms step_avg:87.95ms
step:4/20000 train_loss:7.2404 train_time:348ms step_avg:86.89ms
step:5/20000 train_loss:6.9520 train_time:431ms step_avg:86.13ms
step:6/20000 train_loss:6.8650 train_time:515ms step_avg:85.77ms
step:7/20000 train_loss:6.7753 train_time:598ms step_avg:85.47ms
step:8/20000 train_loss:6.6130 train_time:681ms step_avg:85.16ms
step:9/20000 train_loss:6.2567 train_time:765ms step_avg:84.99ms
step:10/20000 train_loss:6.1096 train_time:849ms step_avg:84.85ms
step:500/20000 train_loss:2.3686 train_time:42279ms step_avg:84.56ms
step:1000/20000 train_loss:2.1728 train_time:84842ms step_avg:84.84ms
step:1500/20000 train_loss:2.3040 train_time:127425ms step_avg:84.95ms
step:2000/20000 train_loss:2.1075 train_time:169978ms step_avg:84.99ms
step:2500/20000 train_loss:2.0857 train_time:212479ms step_avg:84.99ms
step:3000/20000 train_loss:2.1408 train_time:254938ms step_avg:84.98ms
step:3500/20000 train_loss:2.0844 train_time:297392ms step_avg:84.97ms
step:4000/20000 train_loss:2.0965 train_time:339830ms step_avg:84.96ms
step:4000/20000 val_loss:2.0604 val_bpb:1.2203 train_time:339836ms step_avg:84.96ms
step:4500/20000 train_loss:2.0453 train_time:382315ms step_avg:84.96ms
step:5000/20000 train_loss:2.0196 train_time:424815ms step_avg:84.96ms
step:5500/20000 train_loss:2.1036 train_time:467290ms step_avg:84.96ms
step:6000/20000 train_loss:1.9789 train_time:509740ms step_avg:84.96ms
swa:start step:6400
step:6500/20000 train_loss:1.8704 train_time:552302ms step_avg:84.97ms
step:7000/20000 train_loss:1.9850 train_time:595067ms step_avg:85.01ms
step:7058/20000 val_loss:1.9267 val_bpb:1.1411 train_time:600036ms step_avg:85.01ms
stopping_early: wallclock_cap train_time:600036ms step:7058/20000
peak memory allocated: 20867 MiB reserved: 21208 MiB
ema:applying best EMA (decay=0.9970 bpb=inf)
DIAGNOSTIC post_average val_loss:1.9261 val_bpb:1.1407 eval_time:1979ms
gptq:calibrating hessians batches:256 batch_tokens:0 seq_len:2048
gptq:calibrated 68 layers in 3.0s
export_grid block:128 refine:3 damp:0.0100 mse:0.03408280
export_grid block:64 refine:3 damp:0.0100 mse:0.03408289
export_grid block:128 refine:3 damp:0.0050 mse:0.03447285
export_grid block:64 refine:3 damp:0.0050 mse:0.03447285
gptq_quantize: 66 GPTQ layers, 0 naive layers
mixed_precision: 25952256 int5 params, 0 int6 params
Serialized model research_export: 13244472 bytes
Code size: 195938 bytes
Total submission size research_export: 13440410 bytes
final_research_export_roundtrip val_loss:1.9564 val_bpb:1.1587 eval_time:10849ms
final_research_export_sliding skipped
final_research_export_exact val_loss:1.95643889 val_bpb:1.15871331
  ngram_pass1_total bpb:0.0133
  ngram_pass2: rescoring all chunks with full cache (237 chunks) self_exclude:False conf_gain:0.000
  ngram_pass2 chunk:1 p1:0.3072 p2:0.0000 delta:+0.3072
  ngram_pass2 chunk:2 p1:0.7261 p2:0.0000 delta:+0.7261
  ngram_pass2 chunk:3 p1:0.4769 p2:0.0000 delta:+0.4769
  ngram_pass2 chunk:4 p1:0.3676 p2:0.0000 delta:+0.3676
  ngram_pass2 chunk:5 p1:0.2586 p2:0.0000 delta:+0.2586
  ngram_pass2 chunk:10 p1:0.0791 p2:0.0000 delta:+0.0791
  ngram_pass2 chunk:20 p1:0.0090 p2:0.0000 delta:+0.0090
  ngram_pass2 chunk:30 p1:0.0049 p2:0.0000 delta:+0.0049
  ngram_pass2 chunk:40 p1:0.0015 p2:0.0000 delta:+0.0015
  ngram_pass2 chunk:50 p1:0.0004 p2:0.0000 delta:+0.0004
  ngram_pass2 chunk:60 p1:0.0007 p2:0.0000 delta:+0.0007
  ngram_pass2 chunk:70 p1:0.0004 p2:0.0000 delta:+0.0004
  ngram_pass2 chunk:80 p1:0.0001 p2:0.0000 delta:+0.0001
  ngram_pass2 chunk:90 p1:0.0002 p2:0.0000 delta:+0.0002
  ngram_pass2 chunk:100 p1:0.0000 p2:0.0000 delta:+0.0000
  ngram_pass2 chunk:110 p1:0.0000 p2:0.0000 delta:+0.0000
  ngram_pass2 chunk:120 p1:0.0000 p2:0.0000 delta:+0.0000
  ngram_pass2 chunk:130 p1:0.0000 p2:0.0000 delta:+0.0000
  ngram_pass2 chunk:140 p1:0.0000 p2:0.0000 delta:+0.0000
  ngram_pass2 chunk:150 p1:0.0000 p2:0.0000 delta:+0.0000
  ngram_pass2 chunk:160 p1:0.0000 p2:0.0000 delta:+0.0000
  ngram_pass2 chunk:170 p1:0.0000 p2:0.0000 delta:+0.0000
  ngram_pass2 chunk:180 p1:0.0000 p2:0.0000 delta:+0.0000
  ngram_pass2 chunk:190 p1:0.0000 p2:0.0000 delta:+0.0000
  ngram_pass2 chunk:200 p1:0.0000 p2:0.0000 delta:+0.0000
  ngram_pass2 chunk:210 p1:0.0000 p2:0.0000 delta:+0.0000
  ngram_pass2 chunk:220 p1:0.0000 p2:0.0000 delta:+0.0000
  ngram_pass2 chunk:230 p1:0.0000 p2:0.0000 delta:+0.0000
  ngram_pass2 chunk:237 p1:0.0000 p2:0.0000 delta:+0.0000
  ngram_pass2_total bpb:0.0000 improvement:+0.0133
final_ngram val_loss:0.0000 val_bpb:0.0000 eval_time:431706ms max_order:13 adaptive:True
final_ngram_exact val_loss:0.00000057 val_bpb:0.00000034
phase_timings:{"diagnostic_eval_ms": 1978.8378924131393, "ngram_eval_ms": 432059.29731577635, "quantize_ms": 21521.775077097118, "roundtrip_eval_ms": 53616.1310588941, "serialize_ms": 41138.53604719043, "skipped": {"diagnostic_eval": false, "export": false, "roundtrip_eval": false, "sliding_eval": false}, "sliding_eval_ms": 0.0}
