[06:10:09] ========================================================
[06:10:09] Cheap Multi-GPU Small SKC Orchestrator
[06:10:09] Artifacts: /Users/akhileshgogikar/parameter-golf/records/track_10min_16mb/2026-03-25_Ternary_Feedback_TTT/small_skc_multigpu_20260408_061008
[06:10:09] GPU count: 2
[06:10:09] Min mem  : 12GB
[06:10:09] Data     : 12 train shards
[06:10:09] ========================================================
[06:10:09] GC: terminating stale live pod paramgolf-small-20260408-060051 (slsvdki5bfz9ke, uptime=541s)
[06:10:09] Terminating pod slsvdki5bfz9ke...
{
  "podTerminate": null
}
0.34	NVIDIA RTX A4000	Low	16	RTX A4000
0.36	NVIDIA GeForce RTX 3080 Ti	Low	12	RTX 3080 Ti
0.38	NVIDIA GeForce RTX 4070 Ti	Low	12	RTX 4070 Ti
0.38	NVIDIA RTX A4500	Low	20	RTX A4500
0.44	NVIDIA GeForce RTX 3090	High	24	RTX 3090
0.54	NVIDIA GeForce RTX 3090 Ti	Low	24	RTX 3090 Ti
0.56	NVIDIA GeForce RTX 4080 SUPER	Low	16	RTX 4080 SUPER
0.68	NVIDIA GeForce RTX 4090	Medium	24	RTX 4090
0.98	NVIDIA RTX 5000 Ada Generation	Low	32	RTX 5000 Ada
1.38	NVIDIA GeForce RTX 5090	Medium	32	RTX 5090
1.38	NVIDIA L40	Low	48	L40
1.48	NVIDIA RTX 6000 Ada Generation	Low	48	RTX 6000 Ada
1.58	NVIDIA L40S	Low	48	L40S
2.38	NVIDIA A100 80GB PCIe	Low	80	A100 PCIe
2.78	NVIDIA A100-SXM4-80GB	Low	80	A100 SXM
1.18	NVIDIA GeForce RTX 4090	High	24	RTX 4090
1.72	NVIDIA L40S	Low	48	L40S
1.78	NVIDIA GeForce RTX 5090	High	32	RTX 5090
2.98	NVIDIA A100-SXM4-80GB	Low	80	A100 SXM
5.38	NVIDIA H100 80GB HBM3	High	80	H100 SXM
[06:10:13] Secure candidate: RTX 4090 (NVIDIA GeForce RTX 4090)  2x  mem=24GB  stock=High  price=$1.18/hr
[06:10:13] Trying 2xNVIDIA GeForce RTX 4090 on SECURE...
[06:10:15]   success: pod=ccwyfrpcifft03 cost=$1.18/hr
[06:10:15] Waiting for pod SSH readiness...
[06:10:41] Pod ready: root@209.170.80.132:10021
[06:10:41] Verifying GPU and runtime...
0, NVIDIA GeForce RTX 4090, 24564 MiB
1, NVIDIA GeForce RTX 4090, 24564 MiB
torch 2.4.1+cu124 cuda 12.4 gpus 2
[06:10:59] Installing tmux and preparing logs...
[06:11:12] Installing dependencies...
wrote:/workspace/install_setup.sh
[06:12:05] Preparing data...
wrote:/workspace/data_setup.sh
[06:12:56] Uploading code...
[06:13:17] Remote env overrides: <none>
[06:13:17] Smoke test...
==========================================================================
  Cheap Multi-GPU Small SKC Run
  RUN_ID : small_skc_2gpu_s42_20260408_111325
  MODEL  : SKC L=8 D=320 H=10/5
  SKC    : block=16 caps=8 cap_dim=32
  ENGRAM : buckets=16384 dim=112 orders=3
  TERNARY: train_align=1@0.85 thr_search=1 scale_search=1
  CURR   : 64 -> 128 -> 256 @ 35% / 65%
  BATCH  : 16384 tok/step  seq=2048
  VRAM   : min_gpu_mem=24GB  val_batch=262144
  BUDGET : 45s
  SEED   : 42
  GPUS   : 2
  EXPORT : turbo=1 hess=0 sliding=0 ngram=0
  SMOKE  : 1
==========================================================================
logs/cuda/small_skc_2gpu_s42_20260408_111325.txt
params:55669840 L:8 d:320 h:10 kv:5 ws:2 ga:4 s:42
[rank0]: Traceback (most recent call last):
[rank0]:   File "/workspace/train_gpt.py", line 2894, in <module>
[rank0]:     main()
[rank0]:   File "/workspace/train_gpt.py", line 2514, in main
[rank0]:     loss = model(x, y)
[rank0]:            ^^^^^^^^^^^
[rank0]:   File "/usr/local/lib/python3.11/dist-packages/torch/nn/modules/module.py", line 1553, in _wrapped_call_impl
[rank0]:     return self._call_impl(*args, **kwargs)
[rank0]:            ^^^^^^^^^^^^^^^^^^^^^^^^^^^^^^^^
[rank0]:   File "/usr/local/lib/python3.11/dist-packages/torch/nn/modules/module.py", line 1562, in _call_impl
[rank0]:     return forward_call(*args, **kwargs)
[rank0]:            ^^^^^^^^^^^^^^^^^^^^^^^^^^^^^
[rank0]:   File "/workspace/train_gpt.py", line 1785, in forward
[rank0]:     hidden, consistency_losses, _, jepa_loss = self._compute_hidden(input_ids, carry_capsules=carry_capsules)
[rank0]:                                                ^^^^^^^^^^^^^^^^^^^^^^^^^^^^^^^^^^^^^^^^^^^^^^^^^^^^^^^^^^^^^^
[rank0]:   File "/workspace/train_gpt.py", line 1673, in _compute_hidden
[rank0]:     x, x0 = self._apply_embedding(input_ids)
[rank0]:             ^^^^^^^^^^^^^^^^^^^^^^^^^^^^^^^^
[rank0]:   File "/workspace/train_gpt.py", line 1624, in _apply_embedding
[rank0]:     x = self.embed_proj(x)
[rank0]:         ^^^^^^^^^^^^^^^^^^
[rank0]:   File "/usr/local/lib/python3.11/dist-packages/torch/nn/modules/module.py", line 1553, in _wrapped_call_impl
[rank0]:     return self._call_impl(*args, **kwargs)
[rank0]:            ^^^^^^^^^^^^^^^^^^^^^^^^^^^^^^^^
[rank0]:   File "/usr/local/lib/python3.11/dist-packages/torch/nn/modules/module.py", line 1562, in _call_impl
[rank0]:     return forward_call(*args, **kwargs)
[rank0]:            ^^^^^^^^^^^^^^^^^^^^^^^^^^^^^
[rank0]:   File "/usr/local/lib/python3.11/dist-packages/torch/nn/modules/linear.py", line 117, in forward
[rank0]:     return F.linear(input, self.weight, self.bias)
[rank0]:            ^^^^^^^^^^^^^^^^^^^^^^^^^^^^^^^^^^^^^^^
[rank0]: RuntimeError: CUDA error: CUBLAS_STATUS_ALLOC_FAILED when calling `cublasCreate(handle)`
../aten/src/ATen/native/cuda/Indexing.cu:1284: indexSelectLargeIndex: block: [7,0,0], thread: [120,0,0] Assertion `srcIndex < srcSelectDimSize` failed.
../aten/src/ATen/native/cuda/Indexing.cu:1284: indexSelectLargeIndex: block: [7,0,0], thread: [121,0,0] Assertion `srcIndex < srcSelectDimSize` failed.
../aten/src/ATen/native/cuda/Indexing.cu:1284: indexSelectLargeIndex: block: [7,0,0], thread: [122,0,0] Assertion `srcIndex < srcSelectDimSize` failed.
../aten/src/ATen/native/cuda/Indexing.cu:1284: indexSelectLargeIndex: block: [7,0,0], thread: [123,0,0] Assertion `srcIndex < srcSelectDimSize` failed.
../aten/src/ATen/native/cuda/Indexing.cu:1284: indexSelectLargeIndex: block: [7,0,0], thread: [124,0,0] Assertion `srcIndex < srcSelectDimSize` failed.
../aten/src/ATen/native/cuda/Indexing.cu:1284: indexSelectLargeIndex: block: [7,0,0], thread: [125,0,0] Assertion `srcIndex < srcSelectDimSize` failed.
../aten/src/ATen/native/cuda/Indexing.cu:1284: indexSelectLargeIndex: block: [7,0,0], thread: [126,0,0] Assertion `srcIndex < srcSelectDimSize` failed.
../aten/src/ATen/native/cuda/Indexing.cu:1284: indexSelectLargeIndex: block: [7,0,0], thread: [127,0,0] Assertion `srcIndex < srcSelectDimSize` failed.
W0408 11:13:32.951000 140381515091968 torch/distributed/elastic/multiprocessing/api.py:858] Sending process 814 closing signal SIGTERM
E0408 11:13:33.316000 140381515091968 torch/distributed/elastic/multiprocessing/api.py:833] failed (exitcode: 1) local_rank: 0 (pid: 813) of binary: /usr/bin/python
Traceback (most recent call last):
  File "/usr/local/bin/torchrun", line 8, in <module>
    sys.exit(main())
             ^^^^^^
  File "/usr/local/lib/python3.11/dist-packages/torch/distributed/elastic/multiprocessing/errors/__init__.py", line 348, in wrapper
    return f(*args, **kwargs)
           ^^^^^^^^^^^^^^^^^^
  File "/usr/local/lib/python3.11/dist-packages/torch/distributed/run.py", line 901, in main
    run(args)
  File "/usr/local/lib/python3.11/dist-packages/torch/distributed/run.py", line 892, in run
    elastic_launch(
  File "/usr/local/lib/python3.11/dist-packages/torch/distributed/launcher/api.py", line 133, in __call__
    return launch_agent(self._config, self._entrypoint, list(args))
           ^^^^^^^^^^^^^^^^^^^^^^^^^^^^^^^^^^^^^^^^^^^^^^^^^^^^^^^^
  File "/usr/local/lib/python3.11/dist-packages/torch/distributed/launcher/api.py", line 264, in launch_agent
    raise ChildFailedError(
torch.distributed.elastic.multiprocessing.errors.ChildFailedError: 
============================================================
train_gpt.py FAILED
------------------------------------------------------------
Failures:
  <NO_OTHER_FAILURES>
------------------------------------------------------------
Root Cause (first observed failure):
[0]:
  time      : 2026-04-08_11:13:32
  host      : ea4eb1b841ee
  rank      : 0 (local_rank: 0)
  exitcode  : 1 (pid: 813)
  error_file: <N/A>
  traceback : To enable traceback see: https://pytorch.org/docs/stable/elastic/errors.html
============================================================
[06:13:44] Launching 10-minute run...
