====================================================================================================
Hyperparameters:
  adam_eps: 1e-08
  adam_wd: 0.02
  alpha: 0.3
  beta1: 0.9
  beta2: 0.95
  compressor: brotli
  data_dir: ./data/
  datasets_dir: ./data/datasets/fineweb10B_sp8192
  distributed: True
  ema_decay: 0.9965
  embed_bits: 8
  embed_clip_sigmas: 20.0
  embed_lr: 0.6
  embed_wd: 0.085
  embedding_dim: 512
  enable_looping_at: 0.35
  eval_only: False
  eval_seq_len: 2048
  eval_stride: 64
  gptq_calibration_batches: 64
  gptq_reserve_seconds: 12.0
  grad_accum_steps: 1
  grad_clip_norm: 0.3
  head_lr: 0.008
  is_main_process: True
  iterations: 20000
  ln_scale: True
  local_rank: 0
  logfile: logs/n4_swa_ttt_seed314.txt
  logit_softcap: 30.0
  loop_end: 5
  loop_start: 3
  matrix_bits: 6
  matrix_clip_sigmas: 12.85
  matrix_lr: 0.022
  max_wallclock_seconds: 600.0
  min_lr: 0.0
  mlp_mult: 4.0
  model_dim: 512
  model_path: final_n4_swa_ttt_seed314.pt
  muon_backend_steps: 5
  muon_beta2: 0.95
  muon_momentum: 0.99
  muon_momentum_warmup_start: 0.92
  muon_momentum_warmup_steps: 1500
  muon_row_normalize: True
  muon_wd: 0.095
  ngram_d_embed: 64
  ngram_d_hidden: 64
  ngram_enabled: True
  ngram_lr: 0.02
  ngram_n: 3
  ngram_num_layers: 2
  ngram_share_emb: True
  ngram_share_proj: True
  ngram_tie_output: True
  num_heads: 8
  num_kv_heads: 4
  num_layers: 11
  num_loops: 2
  parallel_residual_start: 7
  qk_gain_init: 5.0
  quantized_model_path: final_n4_swa_ttt_seed314.int6.ptz
  rank: 0
  rope_base: 10000.0
  rope_dims: 16
  run_id: n4_swa_ttt_seed314
  scalar_lr: 0.02
  seed: 314
  skip_gates_enabled: True
  sliding_window_enabled: True
  swa_last_early_layer: 4
  swa_window: 512
  tie_embeddings: True
  tied_embed_init_std: 0.005
  tied_embed_lr: 0.03
  tokenizer_path: ./data/tokenizers/fineweb_8192_bpe.model
  train_batch_tokens: 786432
  train_files: ./data/datasets/fineweb10B_sp8192/fineweb_train_*.bin
  train_log_every: 500
  train_seq_len: 2048
  ttt_chunk_tokens: 32768
  ttt_enabled: True
  ttt_epochs: 3
  ttt_lr: 0.005
  ttt_momentum: 0.9
  val_batch_tokens: 524288
  val_files: ./data/datasets/fineweb10B_sp8192/fineweb_val_*.bin
  val_loss_every: 4000
  vocab_size: 8192
  warmdown_frac: 0.72
  warmup_steps: 20
  world_size: 8
  xsa_last_n: 11
====================================================================================================
train_shards: 80
val_tokens: 40540160
model_params:35993752
gptq:reserving 12s, effective=588000ms
warmup_step: 1/20
warmup_step: 2/20
warmup_step: 3/20
warmup_step: 4/20
warmup_step: 5/20
warmup_step: 6/20
warmup_step: 10/20
warmup_step: 20/20
loop_warmup:enabled encoder:[0, 1, 2, 3, 4, 5, 3, 4] decoder:[5, 3, 4, 5, 6, 7, 8, 9, 10]
loop_warmup_step: 1/20
loop_warmup_step: 2/20
loop_warmup_step: 3/20
loop_warmup_step: 4/20
loop_warmup_step: 5/20
loop_warmup_step: 6/20
loop_warmup_step: 10/20
loop_warmup_step: 20/20
0/20000 val_loss: 9.0082 val_bpb: 3.4874
1/20000 train_loss: 9.0091 train_time: 0.0m tok/s: 8286610
2/20000 train_loss: 9.6132 train_time: 0.0m tok/s: 8294097
3/20000 train_loss: 8.9325 train_time: 0.0m tok/s: 8185192
4/20000 train_loss: 8.0362 train_time: 0.0m tok/s: 8139212
5/20000 train_loss: 7.3765 train_time: 0.0m tok/s: 8101062
500/20000 train_loss: 3.3807 train_time: 0.8m tok/s: 7942839
1000/20000 train_loss: 3.2858 train_time: 1.7m tok/s: 7942659
1500/20000 train_loss: 3.1904 train_time: 2.5m tok/s: 7940533
2000/20000 train_loss: 3.0753 train_time: 3.3m tok/s: 7938835
layer_loop:enabled step:2078 frac:0.350 encoder:[0, 1, 2, 3, 4, 5, 3, 4] decoder:[5, 3, 4, 5, 6, 7, 8, 9, 10]
2500/20000 train_loss: 3.1292 train_time: 4.5m tok/s: 7351484
3000/20000 train_loss: 2.9057 train_time: 5.7m tok/s: 6931296
3500/20000 train_loss: 2.9491 train_time: 6.9m tok/s: 6659556
4000/20000 train_loss: 2.8308 train_time: 8.1m tok/s: 6469616
4000/20000 val_loss: 2.8877 val_bpb: 1.1179
4500/20000 train_loss: 2.8521 train_time: 9.3m tok/s: 6329025
4698/20000 val_loss: 2.8121 val_bpb: 1.0887
stopping_early: wallclock_cap train_time: 588036ms step: 4698/20000
peak memory allocated: 39420 MiB reserved: 39458 MiB
ema:applying EMA weights
pre-quantization post-ema val_loss:2.80881211 val_bpb:1.08737870 eval_time:6655ms
Serialized model: 135631311 bytes
Code size: 19940 bytes
GPTQ:collecting Hessians from calibration data...
GPTQ:collected 70 Hessians in 12.8s
Quantized weights:
  gptq (int6): blocks.attn.c_k.weight, blocks.attn.c_q.weight, blocks.attn.c_v.weight, blocks.attn.proj.weight, blocks.mlp.fc.weight, blocks.mlp.proj.weight, ngram.fc_layers.0.weight, ngram.fc_layers.1.weight, ngram.out_proj.weight
  gptq (int8): tok_emb.weight
  passthrough (float16): alpha, blocks.attn.q_gain, blocks.attn_scale, blocks.mlp_scale, blocks.resid_mix, ngram.pad_emb, skip_gates, skip_weights
Serialized model quantized+brotli: 15967359 bytes
Total submission size quantized+brotli: 15987299 bytes
quantized val_loss:2.83819403 val_bpb:1.09875336 eval_time:8335ms
quantized_sliding_window val_loss:2.79520693 val_bpb:1.08211171 eval_time:91173ms
ttt:start chunks=1238 ttt_lr=0.005 ttt_epochs=3
quantized_ttt val_loss:2.79141690 val_bpb:1.08064447 eval_time:371098ms
