W0415 20:25:09.932000 8939 torch/distributed/run.py:851] 
W0415 20:25:09.932000 8939 torch/distributed/run.py:851] *****************************************
W0415 20:25:09.932000 8939 torch/distributed/run.py:851] Setting OMP_NUM_THREADS environment variable for each process to be 1 in default, to avoid your system being overloaded, please further tune the variable for optimal performance in your application as needed. 
W0415 20:25:09.932000 8939 torch/distributed/run.py:851] *****************************************
logs/da743896-c5f0-414e-8806-09cb6e0b202b.txt
val_bpb:enabled tokenizer_kind=sentencepiece tokenizer_path=./data/tokenizers/fineweb_1024_bpe.model
train_loader:dataset:fineweb10B_sp1024 train_shards:1
val_loader:shards pattern=./data/datasets/fineweb10B_sp1024/fineweb_val_*.bin tokens:62021632
model_params:17059912
world_size:8 grad_accum_steps:1
sdp_backends:cudnn=False flash=True mem_efficient=False math=False
attention_mode:gqa num_heads:8 num_kv_heads:4
tie_embeddings:True embed_lr:0.05 head_lr:0.0 matrix_lr:0.04 scalar_lr:0.04
train_batch_tokens:524288 train_seq_len:1024 iterations:20000 warmup_steps:20 max_wallclock_seconds:600.000
seed:1337
warmup_step:1/20
warmup_step:2/20
warmup_step:3/20
warmup_step:4/20
warmup_step:5/20
warmup_step:6/20
warmup_step:7/20
warmup_step:8/20
warmup_step:9/20
warmup_step:10/20
warmup_step:11/20
warmup_step:12/20
warmup_step:13/20
warmup_step:14/20
warmup_step:15/20
warmup_step:16/20
warmup_step:17/20
warmup_step:18/20
warmup_step:19/20
warmup_step:20/20
step:0/20000 val_loss:6.9357 val_bpb:4.1077 train_time:0ms step_avg:0.03ms
step:1/20000 train_loss:6.9370 train_time:43ms step_avg:42.66ms
step:2/20000 train_loss:16.8373 train_time:111ms step_avg:55.66ms
step:3/20000 train_loss:8.7589 train_time:197ms step_avg:65.53ms
step:4/20000 train_loss:6.6382 train_time:282ms step_avg:70.46ms
step:5/20000 train_loss:6.6134 train_time:367ms step_avg:73.44ms
step:6/20000 train_loss:7.4198 train_time:453ms step_avg:75.56ms
step:7/20000 train_loss:6.3503 train_time:539ms step_avg:76.95ms
step:8/20000 train_loss:6.1586 train_time:625ms step_avg:78.15ms
step:9/20000 train_loss:6.0683 train_time:711ms step_avg:78.97ms
step:10/20000 train_loss:5.9743 train_time:797ms step_avg:79.68ms
step:200/20000 train_loss:2.8300 train_time:16939ms step_avg:84.70ms
step:400/20000 train_loss:2.5812 train_time:34022ms step_avg:85.06ms
step:600/20000 train_loss:2.3668 train_time:51165ms step_avg:85.28ms
step:800/20000 train_loss:2.2451 train_time:68349ms step_avg:85.44ms
step:1000/20000 train_loss:2.9565 train_time:85552ms step_avg:85.55ms
step:1000/20000 val_loss:2.3511 val_bpb:1.3924 train_time:85613ms step_avg:85.61ms
step:1200/20000 train_loss:2.2003 train_time:102722ms step_avg:85.60ms
step:1400/20000 train_loss:2.1895 train_time:119900ms step_avg:85.64ms
step:1600/20000 train_loss:2.3184 train_time:137068ms step_avg:85.67ms
step:1800/20000 train_loss:2.1995 train_time:154223ms step_avg:85.68ms
step:2000/20000 train_loss:2.1870 train_time:171382ms step_avg:85.69ms
step:2000/20000 val_loss:2.3026 val_bpb:1.3638 train_time:171442ms step_avg:85.72ms
step:2200/20000 train_loss:1.9757 train_time:188550ms step_avg:85.70ms
step:2400/20000 train_loss:2.1364 train_time:205714ms step_avg:85.71ms
step:2600/20000 train_loss:2.1594 train_time:222871ms step_avg:85.72ms
step:2800/20000 train_loss:2.2456 train_time:240033ms step_avg:85.73ms
step:3000/20000 train_loss:2.2905 train_time:257272ms step_avg:85.76ms
step:3000/20000 val_loss:2.2995 val_bpb:1.3619 train_time:257333ms step_avg:85.78ms
step:3200/20000 train_loss:2.0436 train_time:274428ms step_avg:85.76ms
step:3400/20000 train_loss:2.0295 train_time:291588ms step_avg:85.76ms
step:3600/20000 train_loss:2.1375 train_time:308749ms step_avg:85.76ms
step:3800/20000 train_loss:2.0418 train_time:325918ms step_avg:85.77ms
step:4000/20000 train_loss:2.2231 train_time:343084ms step_avg:85.77ms
step:4000/20000 val_loss:2.3018 val_bpb:1.3633 train_time:343144ms step_avg:85.79ms
step:4200/20000 train_loss:2.1582 train_time:360314ms step_avg:85.79ms
step:4400/20000 train_loss:2.1188 train_time:377476ms step_avg:85.79ms
step:4600/20000 train_loss:2.0841 train_time:394647ms step_avg:85.79ms
step:4800/20000 train_loss:2.0715 train_time:411818ms step_avg:85.80ms
step:5000/20000 train_loss:2.0354 train_time:428983ms step_avg:85.80ms
step:5000/20000 val_loss:2.2939 val_bpb:1.3586 train_time:429043ms step_avg:85.81ms
step:5200/20000 train_loss:2.1629 train_time:446145ms step_avg:85.80ms
step:5400/20000 train_loss:2.1395 train_time:463301ms step_avg:85.80ms
step:5600/20000 train_loss:2.0110 train_time:480470ms step_avg:85.80ms
step:5800/20000 train_loss:2.1312 train_time:497631ms step_avg:85.80ms
step:6000/20000 train_loss:2.1106 train_time:514798ms step_avg:85.80ms
step:6000/20000 val_loss:2.2969 val_bpb:1.3604 train_time:514859ms step_avg:85.81ms
step:6200/20000 train_loss:1.7798 train_time:531963ms step_avg:85.80ms
step:6400/20000 train_loss:2.0429 train_time:549124ms step_avg:85.80ms
step:6600/20000 train_loss:1.8807 train_time:566292ms step_avg:85.80ms
step:6800/20000 train_loss:2.1040 train_time:583459ms step_avg:85.80ms
step:6993/20000 val_loss:2.2792 val_bpb:1.3499 train_time:600082ms step_avg:85.81ms
stopping_early: wallclock_cap train_time:600082ms step:6993/20000
peak memory allocated: 10134 MiB reserved: 10478 MiB
Serialized model: 67224983 bytes
Code size: 47686 bytes
Total submission size: 67272669 bytes
Serialized model int8+zlib: 15835191 bytes (payload:17178912 raw_torch:17224025 payload_ratio:3.91x)
Total submission size int8+zlib: 15882877 bytes
final_int8_zlib_roundtrip val_loss:2.2905 val_bpb:1.3566 eval_time:2854ms
final_int8_zlib_roundtrip_exact val_loss:2.29051328 val_bpb:1.35657098
