logs/ef221440-466e-452c-a4e2-3f3510a3831d.txt
val_bpb:enabled tokenizer_kind=sentencepiece tokenizer_path=./data/tokenizers/fineweb_1024_bpe.model
train_loader:dataset:fineweb10B_sp1024 train_shards:1
val_loader:shards pattern=./data/datasets/fineweb10B_sp1024/fineweb_val_*.bin tokens:62021632
model_params:18110536
world_size:1 grad_accum_steps:8
sdp_backends:cudnn=False flash=True mem_efficient=False math=False
attention_mode:gqa num_heads:8 num_kv_heads:4
tie_embeddings:False embed_lr:0.6 head_lr:0.008 matrix_lr:0.04 scalar_lr:0.04
train_batch_tokens:524288 train_seq_len:1024 iterations:20000 warmup_steps:20 max_wallclock_seconds:595.000
seed:1337
warmup_step:1/20
warmup_step:2/20
warmup_step:3/20
warmup_step:4/20
warmup_step:5/20
warmup_step:6/20
warmup_step:7/20
warmup_step:8/20
warmup_step:9/20
warmup_step:10/20
warmup_step:11/20
warmup_step:12/20
warmup_step:13/20
warmup_step:14/20
warmup_step:15/20
warmup_step:16/20
warmup_step:17/20
warmup_step:18/20
warmup_step:19/20
warmup_step:20/20
step:0/20000 val_loss:6.9315 val_bpb:4.1052 train_time:0ms step_avg:0.01ms
step:1/20000 train_loss:6.9315 train_time:331ms step_avg:331.45ms
step:2/20000 train_loss:6.3220 train_time:664ms step_avg:331.75ms
step:3/20000 train_loss:5.8065 train_time:998ms step_avg:332.63ms
step:4/20000 train_loss:5.3842 train_time:1334ms step_avg:333.40ms
step:5/20000 train_loss:4.9761 train_time:1670ms step_avg:333.93ms
step:6/20000 train_loss:4.9069 train_time:2005ms step_avg:334.16ms
step:7/20000 train_loss:4.6964 train_time:2340ms step_avg:334.34ms
step:8/20000 train_loss:4.5514 train_time:2675ms step_avg:334.43ms
step:9/20000 train_loss:4.4766 train_time:3013ms step_avg:334.80ms
step:10/20000 train_loss:4.4776 train_time:3349ms step_avg:334.89ms
step:200/20000 train_loss:2.6737 train_time:66982ms step_avg:334.91ms
step:400/20000 train_loss:2.5001 train_time:134063ms step_avg:335.16ms
step:600/20000 train_loss:2.4762 train_time:201331ms step_avg:335.55ms
step:800/20000 train_loss:2.2838 train_time:268465ms step_avg:335.58ms
step:1000/20000 train_loss:2.4199 train_time:335605ms step_avg:335.60ms
step:1000/20000 val_loss:2.3355 val_bpb:1.3832 train_time:335605ms step_avg:335.61ms
step:1200/20000 train_loss:2.2143 train_time:402752ms step_avg:335.63ms
step:1400/20000 train_loss:2.1754 train_time:469919ms step_avg:335.66ms
step:1600/20000 train_loss:2.1968 train_time:536919ms step_avg:335.57ms
step:1774/20000 val_loss:2.2783 val_bpb:1.3493 train_time:595206ms step_avg:335.52ms
stopping_early: wallclock_cap train_time:595206ms step:1774/20000
peak memory allocated: 10687 MiB reserved: 10762 MiB
Serialized model: 70377825 bytes
Code size: 47990 bytes
Total submission size: 70425815 bytes
Serialized model int8+zlib: 14736944 bytes (payload:18300960 raw_torch:18349953 payload_ratio:3.84x)
Total submission size int8+zlib: 14784934 bytes
final_int8_zlib_roundtrip val_loss:2.2949 val_bpb:1.3592 eval_time:11013ms
final_int8_zlib_roundtrip_exact val_loss:2.29490346 val_bpb:1.35917110
