W0426 17:43:34.312000 1025589 torch/distributed/run.py:803] 
W0426 17:43:34.312000 1025589 torch/distributed/run.py:803] *****************************************
W0426 17:43:34.312000 1025589 torch/distributed/run.py:803] Setting OMP_NUM_THREADS environment variable for each process to be 1 in default, to avoid your system being overloaded, please further tune the variable for optimal performance in your application as needed. 
W0426 17:43:34.312000 1025589 torch/distributed/run.py:803] *****************************************
logs/sp8192_recur_par_v2.txt
val_bpb:enabled tokenizer_kind=sentencepiece vocab_size=8192 meta_path=None
train_loader:dataset:fineweb10B_sp8192 train_shards:128
val_loader:shards pattern=./data/datasets/fineweb10B_sp8192/fineweb_val_*.bin tokens:40540160
model_params:37348444
mtp_num_heads:0 mtp_loss_weight:0.2 mtp_params:0
XSA:last_11 active_layers:[0, 1, 2, 3, 4, 5, 6, 7, 8, 9, 10]
sliding_window_attn:layers=[0, 1, 2, 3, 4, 5] window_size=256 full_attn_layers=5
world_size:8 grad_accum_steps:1
sdp_backends:cudnn=False flash=True mem_efficient=False math=False
attention_mode:gqa num_heads:8 num_kv_heads:4
tie_embeddings:True embed_lr:0.035 head_lr:0.0 matrix_lr:0.025 scalar_lr:0.025
train_batch_tokens:786432 train_seq_len:2048 iterations:20000 warmup_steps:20 max_wallclock_seconds:600.000
seed:1337
warmup_step:1/20
warmup_step:2/20
warmup_step:3/20
warmup_step:4/20
warmup_step:5/20
warmup_step:6/20
warmup_step:7/20
warmup_step:8/20
warmup_step:9/20
warmup_step:10/20
warmup_step:11/20
warmup_step:12/20
warmup_step:13/20
warmup_step:14/20
warmup_step:15/20
warmup_step:16/20
warmup_step:17/20
warmup_step:18/20
warmup_step:19/20
warmup_step:20/20
step:0/20000 val_loss:8.9993 val_bpb:3.4839 train_time:0ms step_avg:0.01ms
step:1/20000 train_loss:9.0014 train_time:130ms step_avg:129.70ms
step:2/20000 train_loss:9.6884 train_time:170ms step_avg:85.14ms
step:3/20000 train_loss:9.7822 train_time:262ms step_avg:87.17ms
step:4/20000 train_loss:9.4882 train_time:354ms step_avg:88.44ms
step:5/20000 train_loss:9.1736 train_time:445ms step_avg:89.02ms
step:6/20000 train_loss:9.0658 train_time:538ms step_avg:89.74ms
step:7/20000 train_loss:8.6065 train_time:630ms step_avg:89.96ms
step:8/20000 train_loss:7.9364 train_time:723ms step_avg:90.36ms
step:9/20000 train_loss:7.7476 train_time:816ms step_avg:90.64ms
step:10/20000 train_loss:7.5153 train_time:908ms step_avg:90.77ms
step:500/20000 train_loss:3.3160 train_time:46931ms step_avg:93.86ms
step:1000/20000 train_loss:3.0542 train_time:94173ms step_avg:94.17ms
step:1500/20000 train_loss:3.2665 train_time:141426ms step_avg:94.28ms
step:2000/20000 train_loss:3.1084 train_time:188626ms step_avg:94.31ms
step:2500/20000 train_loss:3.2667 train_time:235805ms step_avg:94.32ms
step:3000/20000 train_loss:2.9862 train_time:282978ms step_avg:94.33ms
recurrence:activated step:3180 time:300019ms
step:3500/20000 train_loss:3.0929 train_time:368580ms step_avg:105.31ms
step:4000/20000 train_loss:3.0016 train_time:422629ms step_avg:105.66ms
step:4000/20000 val_loss:2.9848 val_bpb:1.1555 train_time:422681ms step_avg:105.67ms
step:4500/20000 train_loss:3.0176 train_time:476505ms step_avg:105.89ms
swa:start step:5000
step:5000/20000 train_loss:2.8410 train_time:530545ms step_avg:106.11ms
late_qat:enabled step:5124 scale:0.1498
step:5500/20000 train_loss:2.8231 train_time:585449ms step_avg:106.45ms
step:5633/20000 val_loss:2.8343 val_bpb:1.0972 train_time:600123ms step_avg:106.54ms
stopping_early: wallclock_cap train_time:600123ms step:5633/20000
peak memory allocated: 30025 MiB reserved: 30052 MiB
ema:applying EMA weights
DIAGNOSTIC post_ema val_loss:2.8304 val_bpb:1.0957 eval_time:1775ms
Serialized model: 138402230 bytes
Code size: 123085 bytes
gptq:building non-banked model for Hessian collection...
gptq:generating autoregressive calibration data (64 seqs x 2048 tokens, temp=0.8)...
gptq:generated 64 sequences in 240.2s
gptq:collecting hessians from autoregressive data...
gptq:collected hessians for 68 layers (AR self-gen)
prune: 25553422 candidates of 31719424 total weights, unpruned=15.53MB target=15.9MB
prune: already fits, no pruning needed
Serialized model int6+brotli: 16164235 bytes
Total submission size int6+brotli: 16287320 bytes
[rank6]:W0426 18:02:22.869000 1025664 torch/_dynamo/convert_frame.py:1358] [0/8] torch._dynamo hit config.recompile_limit (8)
[rank6]:W0426 18:02:22.869000 1025664 torch/_dynamo/convert_frame.py:1358] [0/8]    function: 'forward' (/workspace/parameter-golf/train_gpt_swa.py:1205)
[rank6]:W0426 18:02:22.869000 1025664 torch/_dynamo/convert_frame.py:1358] [0/8]    last reason: 0/7: self._modules['blocks']._modules['0']._modules['attn']._modules['rotary']._cos_cached is None  # self._cos_cached is None  # orkspace/parameter-golf/train_gpt_swa.py:737 in forward
[rank6]:W0426 18:02:22.869000 1025664 torch/_dynamo/convert_frame.py:1358] [0/8] To log all recompilation reasons, use TORCH_LOGS="recompiles".
[rank6]:W0426 18:02:22.869000 1025664 torch/_dynamo/convert_frame.py:1358] [0/8] To diagnose recompilation issues, see https://pytorch.org/docs/main/torch.compiler_troubleshooting.html
[rank6]: Traceback (most recent call last):
[rank6]:   File "/workspace/parameter-golf/train_gpt_swa.py", line 2506, in <module>
[rank6]:     main()
[rank6]:   File "/workspace/parameter-golf/train_gpt_swa.py", line 2436, in main
[rank6]:     q_val_loss, q_val_bpb = eval_val(
[rank6]:                             ^^^^^^^^^
[rank6]:   File "/workspace/parameter-golf/train_gpt_swa.py", line 493, in eval_val
[rank6]:     batch_loss = model(x, y).detach()
[rank6]:                  ^^^^^^^^^^^
[rank6]:   File "/usr/local/lib/python3.12/dist-packages/torch/_dynamo/eval_frame.py", line 414, in __call__
[rank6]:     return super().__call__(*args, **kwargs)
[rank6]:            ^^^^^^^^^^^^^^^^^^^^^^^^^^^^^^^^^
[rank6]:   File "/usr/local/lib/python3.12/dist-packages/torch/nn/modules/module.py", line 1775, in _wrapped_call_impl
[rank6]:     return self._call_impl(*args, **kwargs)
[rank6]:            ^^^^^^^^^^^^^^^^^^^^^^^^^^^^^^^^
[rank6]:   File "/usr/local/lib/python3.12/dist-packages/torch/nn/modules/module.py", line 1786, in _call_impl
[rank6]:     return forward_call(*args, **kwargs)
[rank6]:            ^^^^^^^^^^^^^^^^^^^^^^^^^^^^^
[rank6]:   File "/usr/local/lib/python3.12/dist-packages/torch/_dynamo/eval_frame.py", line 832, in compile_wrapper
[rank6]:     return fn(*args, **kwargs)
[rank6]:            ^^^^^^^^^^^^^^^^^^^
[rank6]:   File "/usr/local/lib/python3.12/dist-packages/torch/nn/modules/module.py", line 1775, in _wrapped_call_impl
[rank6]:     return self._call_impl(*args, **kwargs)
[rank6]:            ^^^^^^^^^^^^^^^^^^^^^^^^^^^^^^^^
[rank6]:   File "/usr/local/lib/python3.12/dist-packages/torch/nn/modules/module.py", line 1786, in _call_impl
[rank6]:     return forward_call(*args, **kwargs)
[rank6]:            ^^^^^^^^^^^^^^^^^^^^^^^^^^^^^
[rank6]:   File "/usr/local/lib/python3.12/dist-packages/torch/_dynamo/convert_frame.py", line 1875, in __call__
[rank6]:     result = self._torchdynamo_orig_backend(
[rank6]:              ^^^^^^^^^^^^^^^^^^^^^^^^^^^^^^^
[rank6]:   File "/usr/local/lib/python3.12/dist-packages/torch/_dynamo/convert_frame.py", line 688, in __call__
[rank6]:     result = _compile(
[rank6]:              ^^^^^^^^^
[rank6]:   File "/usr/local/lib/python3.12/dist-packages/torch/_dynamo/convert_frame.py", line 1375, in _compile
[rank6]:     raise FailOnRecompileLimitHit(
[rank6]: torch._dynamo.exc.FailOnRecompileLimitHit: recompile_limit reached with fullgraph=True. Excessive recompilations can degrade performance due to the compilation overhead of each recompilation. To monitor recompilations, enable TORCH_LOGS=recompiles. If recompilations are expected, consider increasing torch._dynamo.config.cache_size_limit to an appropriate value.
[rank1]:W0426 18:02:22.890000 1025659 torch/_dynamo/convert_frame.py:1358] [0/8] torch._dynamo hit config.recompile_limit (8)
[rank1]:W0426 18:02:22.890000 1025659 torch/_dynamo/convert_frame.py:1358] [0/8]    function: 'forward' (/workspace/parameter-golf/train_gpt_swa.py:1205)
[rank1]:W0426 18:02:22.890000 1025659 torch/_dynamo/convert_frame.py:1358] [0/8]    last reason: 0/7: self._modules['blocks']._modules['0']._modules['attn']._modules['rotary']._cos_cached is None  # self._cos_cached is None  # orkspace/parameter-golf/train_gpt_swa.py:737 in forward
[rank1]:W0426 18:02:22.890000 1025659 torch/_dynamo/convert_frame.py:1358] [0/8] To log all recompilation reasons, use TORCH_LOGS="recompiles".
[rank1]:W0426 18:02:22.890000 1025659 torch/_dynamo/convert_frame.py:1358] [0/8] To diagnose recompilation issues, see https://pytorch.org/docs/main/torch.compiler_troubleshooting.html
[rank2]:W0426 18:02:22.915000 1025660 torch/_dynamo/convert_frame.py:1358] [0/8] torch._dynamo hit config.recompile_limit (8)
[rank2]:W0426 18:02:22.915000 1025660 torch/_dynamo/convert_frame.py:1358] [0/8]    function: 'forward' (/workspace/parameter-golf/train_gpt_swa.py:1205)
[rank2]:W0426 18:02:22.915000 1025660 torch/_dynamo/convert_frame.py:1358] [0/8]    last reason: 0/7: self._modules['blocks']._modules['0']._modules['attn']._modules['rotary']._cos_cached is None  # self._cos_cached is None  # orkspace/parameter-golf/train_gpt_swa.py:737 in forward
[rank2]:W0426 18:02:22.915000 1025660 torch/_dynamo/convert_frame.py:1358] [0/8] To log all recompilation reasons, use TORCH_LOGS="recompiles".
[rank2]:W0426 18:02:22.915000 1025660 torch/_dynamo/convert_frame.py:1358] [0/8] To diagnose recompilation issues, see https://pytorch.org/docs/main/torch.compiler_troubleshooting.html
[rank0]:W0426 18:02:22.925000 1025658 torch/_dynamo/convert_frame.py:1358] [0/8] torch._dynamo hit config.recompile_limit (8)
[rank0]:W0426 18:02:22.925000 1025658 torch/_dynamo/convert_frame.py:1358] [0/8]    function: 'forward' (/workspace/parameter-golf/train_gpt_swa.py:1205)
[rank0]:W0426 18:02:22.925000 1025658 torch/_dynamo/convert_frame.py:1358] [0/8]    last reason: 0/7: self._modules['blocks']._modules['0']._modules['attn']._modules['rotary']._cos_cached is None  # self._cos_cached is None  # orkspace/parameter-golf/train_gpt_swa.py:737 in forward
[rank0]:W0426 18:02:22.925000 1025658 torch/_dynamo/convert_frame.py:1358] [0/8] To log all recompilation reasons, use TORCH_LOGS="recompiles".
[rank0]:W0426 18:02:22.925000 1025658 torch/_dynamo/convert_frame.py:1358] [0/8] To diagnose recompilation issues, see https://pytorch.org/docs/main/torch.compiler_troubleshooting.html
[rank2]: Traceback (most recent call last):
[rank2]:   File "/workspace/parameter-golf/train_gpt_swa.py", line 2506, in <module>
[rank2]:     main()
[rank2]:   File "/workspace/parameter-golf/train_gpt_swa.py", line 2436, in main
[rank2]:     q_val_loss, q_val_bpb = eval_val(
[rank2]:                             ^^^^^^^^^
[rank2]:   File "/workspace/parameter-golf/train_gpt_swa.py", line 493, in eval_val
[rank2]:     batch_loss = model(x, y).detach()
[rank2]:                  ^^^^^^^^^^^
[rank2]:   File "/usr/local/lib/python3.12/dist-packages/torch/_dynamo/eval_frame.py", line 414, in __call__
[rank2]:     return super().__call__(*args, **kwargs)
[rank2]:            ^^^^^^^^^^^^^^^^^^^^^^^^^^^^^^^^^
[rank2]:   File "/usr/local/lib/python3.12/dist-packages/torch/nn/modules/module.py", line 1775, in _wrapped_call_impl
[rank2]:     return self._call_impl(*args, **kwargs)
[rank2]:            ^^^^^^^^^^^^^^^^^^^^^^^^^^^^^^^^
[rank2]:   File "/usr/local/lib/python3.12/dist-packages/torch/nn/modules/module.py", line 1786, in _call_impl
[rank2]:     return forward_call(*args, **kwargs)
[rank2]:            ^^^^^^^^^^^^^^^^^^^^^^^^^^^^^
[rank2]:   File "/usr/local/lib/python3.12/dist-packages/torch/_dynamo/eval_frame.py", line 832, in compile_wrapper
[rank2]:     return fn(*args, **kwargs)
[rank2]:            ^^^^^^^^^^^^^^^^^^^
[rank2]:   File "/usr/local/lib/python3.12/dist-packages/torch/nn/modules/module.py", line 1775, in _wrapped_call_impl
[rank2]:     return self._call_impl(*args, **kwargs)
[rank2]:            ^^^^^^^^^^^^^^^^^^^^^^^^^^^^^^^^
[rank2]:   File "/usr/local/lib/python3.12/dist-packages/torch/nn/modules/module.py", line 1786, in _call_impl
[rank2]:     return forward_call(*args, **kwargs)
[rank2]:            ^^^^^^^^^^^^^^^^^^^^^^^^^^^^^
[rank2]:   File "/usr/local/lib/python3.12/dist-packages/torch/_dynamo/convert_frame.py", line 1875, in __call__
[rank2]:     result = self._torchdynamo_orig_backend(
[rank2]:              ^^^^^^^^^^^^^^^^^^^^^^^^^^^^^^^
[rank2]:   File "/usr/local/lib/python3.12/dist-packages/torch/_dynamo/convert_frame.py", line 688, in __call__
[rank2]:     result = _compile(
[rank2]:              ^^^^^^^^^
[rank2]:   File "/usr/local/lib/python3.12/dist-packages/torch/_dynamo/convert_frame.py", line 1375, in _compile
[rank2]:     raise FailOnRecompileLimitHit(
[rank2]: torch._dynamo.exc.FailOnRecompileLimitHit: recompile_limit reached with fullgraph=True. Excessive recompilations can degrade performance due to the compilation overhead of each recompilation. To monitor recompilations, enable TORCH_LOGS=recompiles. If recompilations are expected, consider increasing torch._dynamo.config.cache_size_limit to an appropriate value.
[rank0]: Traceback (most recent call last):
[rank0]:   File "/workspace/parameter-golf/train_gpt_swa.py", line 2506, in <module>
[rank0]:     main()
[rank0]:   File "/workspace/parameter-golf/train_gpt_swa.py", line 2436, in main
[rank0]:     q_val_loss, q_val_bpb = eval_val(
[rank0]:                             ^^^^^^^^^
[rank0]:   File "/workspace/parameter-golf/train_gpt_swa.py", line 493, in eval_val
[rank0]:     batch_loss = model(x, y).detach()
[rank0]:                  ^^^^^^^^^^^
[rank0]:   File "/usr/local/lib/python3.12/dist-packages/torch/_dynamo/eval_frame.py", line 414, in __call__
[rank0]:     return super().__call__(*args, **kwargs)
[rank0]:            ^^^^^^^^^^^^^^^^^^^^^^^^^^^^^^^^^
[rank0]:   File "/usr/local/lib/python3.12/dist-packages/torch/nn/modules/module.py", line 1775, in _wrapped_call_impl
[rank0]:     return self._call_impl(*args, **kwargs)
[rank0]:            ^^^^^^^^^^^^^^^^^^^^^^^^^^^^^^^^
[rank0]:   File "/usr/local/lib/python3.12/dist-packages/torch/nn/modules/module.py", line 1786, in _call_impl
[rank0]:     return forward_call(*args, **kwargs)
[rank0]:            ^^^^^^^^^^^^^^^^^^^^^^^^^^^^^
[rank0]:   File "/usr/local/lib/python3.12/dist-packages/torch/_dynamo/eval_frame.py", line 832, in compile_wrapper
[rank0]:     return fn(*args, **kwargs)
[rank0]:            ^^^^^^^^^^^^^^^^^^^
[rank0]:   File "/usr/local/lib/python3.12/dist-packages/torch/nn/modules/module.py", line 1775, in _wrapped_call_impl
[rank0]:     return self._call_impl(*args, **kwargs)
[rank0]:            ^^^^^^^^^^^^^^^^^^^^^^^^^^^^^^^^
[rank0]:   File "/usr/local/lib/python3.12/dist-packages/torch/nn/modules/module.py", line 1786, in _call_impl
[rank0]:     return forward_call(*args, **kwargs)
[rank0]:            ^^^^^^^^^^^^^^^^^^^^^^^^^^^^^
[rank0]:   File "/usr/local/lib/python3.12/dist-packages/torch/_dynamo/convert_frame.py", line 1875, in __call__
[rank0]:     result = self._torchdynamo_orig_backend(
[rank0]:              ^^^^^^^^^^^^^^^^^^^^^^^^^^^^^^^
[rank0]:   File "/usr/local/lib/python3.12/dist-packages/torch/_dynamo/convert_frame.py", line 688, in __call__
[rank0]:     result = _compile(
[rank0]:              ^^^^^^^^^
[rank0]:   File "/usr/local/lib/python3.12/dist-packages/torch/_dynamo/convert_frame.py", line 1375, in _compile
[rank0]:     raise FailOnRecompileLimitHit(
[rank0]: torch._dynamo.exc.FailOnRecompileLimitHit: recompile_limit reached with fullgraph=True. Excessive recompilations can degrade performance due to the compilation overhead of each recompilation. To monitor recompilations, enable TORCH_LOGS=recompiles. If recompilations are expected, consider increasing torch._dynamo.config.cache_size_limit to an appropriate value.
[rank1]: Traceback (most recent call last):
[rank1]:   File "/workspace/parameter-golf/train_gpt_swa.py", line 2506, in <module>
[rank1]:     main()
[rank1]:   File "/workspace/parameter-golf/train_gpt_swa.py", line 2436, in main
[rank1]:     q_val_loss, q_val_bpb = eval_val(
[rank1]:                             ^^^^^^^^^
[rank1]:   File "/workspace/parameter-golf/train_gpt_swa.py", line 493, in eval_val
[rank1]:     batch_loss = model(x, y).detach()
[rank1]:                  ^^^^^^^^^^^
[rank1]:   File "/usr/local/lib/python3.12/dist-packages/torch/_dynamo/eval_frame.py", line 414, in __call__
[rank1]:     return super().__call__(*args, **kwargs)
[rank1]:            ^^^^^^^^^^^^^^^^^^^^^^^^^^^^^^^^^
[rank1]:   File "/usr/local/lib/python3.12/dist-packages/torch/nn/modules/module.py", line 1775, in _wrapped_call_impl
[rank1]:     return self._call_impl(*args, **kwargs)
[rank1]:            ^^^^^^^^^^^^^^^^^^^^^^^^^^^^^^^^
[rank1]:   File "/usr/local/lib/python3.12/dist-packages/torch/nn/modules/module.py", line 1786, in _call_impl
[rank1]:     return forward_call(*args, **kwargs)
[rank1]:            ^^^^^^^^^^^^^^^^^^^^^^^^^^^^^
[rank1]:   File "/usr/local/lib/python3.12/dist-packages/torch/_dynamo/eval_frame.py", line 832, in compile_wrapper
[rank1]:     return fn(*args, **kwargs)
[rank1]:            ^^^^^^^^^^^^^^^^^^^
[rank1]:   File "/usr/local/lib/python3.12/dist-packages/torch/nn/modules/module.py", line 1775, in _wrapped_call_impl
[rank1]:     return self._call_impl(*args, **kwargs)
[rank1]:            ^^^^^^^^^^^^^^^^^^^^^^^^^^^^^^^^
[rank1]:   File "/usr/local/lib/python3.12/dist-packages/torch/nn/modules/module.py", line 1786, in _call_impl
[rank1]:     return forward_call(*args, **kwargs)
[rank1]:            ^^^^^^^^^^^^^^^^^^^^^^^^^^^^^
[rank1]:   File "/usr/local/lib/python3.12/dist-packages/torch/_dynamo/convert_frame.py", line 1875, in __call__
[rank1]:     result = self._torchdynamo_orig_backend(
[rank1]:              ^^^^^^^^^^^^^^^^^^^^^^^^^^^^^^^
[rank1]:   File "/usr/local/lib/python3.12/dist-packages/torch/_dynamo/convert_frame.py", line 688, in __call__
[rank1]:     result = _compile(
[rank1]:              ^^^^^^^^^
[rank1]:   File "/usr/local/lib/python3.12/dist-packages/torch/_dynamo/convert_frame.py", line 1375, in _compile
[rank1]:     raise FailOnRecompileLimitHit(
[rank1]: torch._dynamo.exc.FailOnRecompileLimitHit: recompile_limit reached with fullgraph=True. Excessive recompilations can degrade performance due to the compilation overhead of each recompilation. To monitor recompilations, enable TORCH_LOGS=recompiles. If recompilations are expected, consider increasing torch._dynamo.config.cache_size_limit to an appropriate value.
[rank7]:W0426 18:02:22.949000 1025665 torch/_dynamo/convert_frame.py:1358] [0/8] torch._dynamo hit config.recompile_limit (8)
[rank7]:W0426 18:02:22.949000 1025665 torch/_dynamo/convert_frame.py:1358] [0/8]    function: 'forward' (/workspace/parameter-golf/train_gpt_swa.py:1205)
[rank7]:W0426 18:02:22.949000 1025665 torch/_dynamo/convert_frame.py:1358] [0/8]    last reason: 0/7: self._modules['blocks']._modules['0']._modules['attn']._modules['rotary']._cos_cached is None  # self._cos_cached is None  # orkspace/parameter-golf/train_gpt_swa.py:737 in forward
[rank7]:W0426 18:02:22.949000 1025665 torch/_dynamo/convert_frame.py:1358] [0/8] To log all recompilation reasons, use TORCH_LOGS="recompiles".
[rank7]:W0426 18:02:22.949000 1025665 torch/_dynamo/convert_frame.py:1358] [0/8] To diagnose recompilation issues, see https://pytorch.org/docs/main/torch.compiler_troubleshooting.html
[rank4]:W0426 18:02:22.959000 1025662 torch/_dynamo/convert_frame.py:1358] [0/8] torch._dynamo hit config.recompile_limit (8)
[rank4]:W0426 18:02:22.959000 1025662 torch/_dynamo/convert_frame.py:1358] [0/8]    function: 'forward' (/workspace/parameter-golf/train_gpt_swa.py:1205)
[rank4]:W0426 18:02:22.959000 1025662 torch/_dynamo/convert_frame.py:1358] [0/8]    last reason: 0/7: self._modules['blocks']._modules['0']._modules['attn']._modules['rotary']._cos_cached is None  # self._cos_cached is None  # orkspace/parameter-golf/train_gpt_swa.py:737 in forward
[rank4]:W0426 18:02:22.959000 1025662 torch/_dynamo/convert_frame.py:1358] [0/8] To log all recompilation reasons, use TORCH_LOGS="recompiles".
[rank4]:W0426 18:02:22.959000 1025662 torch/_dynamo/convert_frame.py:1358] [0/8] To diagnose recompilation issues, see https://pytorch.org/docs/main/torch.compiler_troubleshooting.html
[rank4]: Traceback (most recent call last):
[rank4]:   File "/workspace/parameter-golf/train_gpt_swa.py", line 2506, in <module>
[rank4]:     main()
[rank4]:   File "/workspace/parameter-golf/train_gpt_swa.py", line 2436, in main
[rank4]:     q_val_loss, q_val_bpb = eval_val(
[rank4]:                             ^^^^^^^^^
[rank4]:   File "/workspace/parameter-golf/train_gpt_swa.py", line 493, in eval_val
[rank4]:     batch_loss = model(x, y).detach()
[rank4]:                  ^^^^^^^^^^^
[rank4]:   File "/usr/local/lib/python3.12/dist-packages/torch/_dynamo/eval_frame.py", line 414, in __call__
[rank4]:     return super().__call__(*args, **kwargs)
[rank4]:            ^^^^^^^^^^^^^^^^^^^^^^^^^^^^^^^^^
[rank4]:   File "/usr/local/lib/python3.12/dist-packages/torch/nn/modules/module.py", line 1775, in _wrapped_call_impl
[rank4]:     return self._call_impl(*args, **kwargs)
[rank4]:            ^^^^^^^^^^^^^^^^^^^^^^^^^^^^^^^^
[rank4]:   File "/usr/local/lib/python3.12/dist-packages/torch/nn/modules/module.py", line 1786, in _call_impl
[rank4]:     return forward_call(*args, **kwargs)
[rank4]:            ^^^^^^^^^^^^^^^^^^^^^^^^^^^^^
[rank4]:   File "/usr/local/lib/python3.12/dist-packages/torch/_dynamo/eval_frame.py", line 832, in compile_wrapper
[rank4]:     return fn(*args, **kwargs)
[rank4]:            ^^^^^^^^^^^^^^^^^^^
[rank4]:   File "/usr/local/lib/python3.12/dist-packages/torch/nn/modules/module.py", line 1775, in _wrapped_call_impl
[rank4]:     return self._call_impl(*args, **kwargs)
[rank4]:            ^^^^^^^^^^^^^^^^^^^^^^^^^^^^^^^^
[rank4]:   File "/usr/local/lib/python3.12/dist-packages/torch/nn/modules/module.py", line 1786, in _call_impl
[rank4]:     return forward_call(*args, **kwargs)
[rank4]:            ^^^^^^^^^^^^^^^^^^^^^^^^^^^^^
[rank4]:   File "/usr/local/lib/python3.12/dist-packages/torch/_dynamo/convert_frame.py", line 1875, in __call__
[rank4]:     result = self._torchdynamo_orig_backend(
[rank4]:              ^^^^^^^^^^^^^^^^^^^^^^^^^^^^^^^
[rank4]:   File "/usr/local/lib/python3.12/dist-packages/torch/_dynamo/convert_frame.py", line 688, in __call__
[rank4]:     result = _compile(
[rank4]:              ^^^^^^^^^
[rank4]:   File "/usr/local/lib/python3.12/dist-packages/torch/_dynamo/convert_frame.py", line 1375, in _compile
[rank4]:     raise FailOnRecompileLimitHit(
[rank4]: torch._dynamo.exc.FailOnRecompileLimitHit: recompile_limit reached with fullgraph=True. Excessive recompilations can degrade performance due to the compilation overhead of each recompilation. To monitor recompilations, enable TORCH_LOGS=recompiles. If recompilations are expected, consider increasing torch._dynamo.config.cache_size_limit to an appropriate value.
[rank3]:W0426 18:02:22.991000 1025661 torch/_dynamo/convert_frame.py:1358] [0/8] torch._dynamo hit config.recompile_limit (8)
[rank3]:W0426 18:02:22.991000 1025661 torch/_dynamo/convert_frame.py:1358] [0/8]    function: 'forward' (/workspace/parameter-golf/train_gpt_swa.py:1205)
[rank3]:W0426 18:02:22.991000 1025661 torch/_dynamo/convert_frame.py:1358] [0/8]    last reason: 0/7: self._modules['blocks']._modules['0']._modules['attn']._modules['rotary']._cos_cached is None  # self._cos_cached is None  # orkspace/parameter-golf/train_gpt_swa.py:737 in forward
[rank3]:W0426 18:02:22.991000 1025661 torch/_dynamo/convert_frame.py:1358] [0/8] To log all recompilation reasons, use TORCH_LOGS="recompiles".
[rank3]:W0426 18:02:22.991000 1025661 torch/_dynamo/convert_frame.py:1358] [0/8] To diagnose recompilation issues, see https://pytorch.org/docs/main/torch.compiler_troubleshooting.html
[rank3]: Traceback (most recent call last):
[rank3]:   File "/workspace/parameter-golf/train_gpt_swa.py", line 2506, in <module>
[rank3]:     main()
[rank3]:   File "/workspace/parameter-golf/train_gpt_swa.py", line 2436, in main
[rank3]:     q_val_loss, q_val_bpb = eval_val(
[rank3]:                             ^^^^^^^^^
[rank3]:   File "/workspace/parameter-golf/train_gpt_swa.py", line 493, in eval_val
[rank3]:     batch_loss = model(x, y).detach()
[rank3]:                  ^^^^^^^^^^^
[rank3]:   File "/usr/local/lib/python3.12/dist-packages/torch/_dynamo/eval_frame.py", line 414, in __call__
[rank3]:     return super().__call__(*args, **kwargs)
[rank3]:            ^^^^^^^^^^^^^^^^^^^^^^^^^^^^^^^^^
[rank3]:   File "/usr/local/lib/python3.12/dist-packages/torch/nn/modules/module.py", line 1775, in _wrapped_call_impl
[rank3]:     return self._call_impl(*args, **kwargs)
[rank3]:            ^^^^^^^^^^^^^^^^^^^^^^^^^^^^^^^^
[rank3]:   File "/usr/local/lib/python3.12/dist-packages/torch/nn/modules/module.py", line 1786, in _call_impl
[rank3]:     return forward_call(*args, **kwargs)
[rank3]:            ^^^^^^^^^^^^^^^^^^^^^^^^^^^^^
[rank3]:   File "/usr/local/lib/python3.12/dist-packages/torch/_dynamo/eval_frame.py", line 832, in compile_wrapper
[rank3]:     return fn(*args, **kwargs)
[rank3]:            ^^^^^^^^^^^^^^^^^^^
[rank3]:   File "/usr/local/lib/python3.12/dist-packages/torch/nn/modules/module.py", line 1775, in _wrapped_call_impl
[rank3]:     return self._call_impl(*args, **kwargs)
[rank3]:            ^^^^^^^^^^^^^^^^^^^^^^^^^^^^^^^^
[rank3]:   File "/usr/local/lib/python3.12/dist-packages/torch/nn/modules/module.py", line 1786, in _call_impl
[rank3]:     return forward_call(*args, **kwargs)
[rank3]:            ^^^^^^^^^^^^^^^^^^^^^^^^^^^^^
[rank3]:   File "/usr/local/lib/python3.12/dist-packages/torch/_dynamo/convert_frame.py", line 1875, in __call__
[rank3]:     result = self._torchdynamo_orig_backend(
[rank3]:              ^^^^^^^^^^^^^^^^^^^^^^^^^^^^^^^
[rank3]:   File "/usr/local/lib/python3.12/dist-packages/torch/_dynamo/convert_frame.py", line 688, in __call__
[rank3]:     result = _compile(
[rank3]:              ^^^^^^^^^
[rank3]:   File "/usr/local/lib/python3.12/dist-packages/torch/_dynamo/convert_frame.py", line 1375, in _compile
[rank3]:     raise FailOnRecompileLimitHit(
[rank3]: torch._dynamo.exc.FailOnRecompileLimitHit: recompile_limit reached with fullgraph=True. Excessive recompilations can degrade performance due to the compilation overhead of each recompilation. To monitor recompilations, enable TORCH_LOGS=recompiles. If recompilations are expected, consider increasing torch._dynamo.config.cache_size_limit to an appropriate value.
[rank7]: Traceback (most recent call last):
[rank7]:   File "/workspace/parameter-golf/train_gpt_swa.py", line 2506, in <module>
[rank7]:     main()
[rank7]:   File "/workspace/parameter-golf/train_gpt_swa.py", line 2436, in main
[rank7]:     q_val_loss, q_val_bpb = eval_val(
[rank7]:                             ^^^^^^^^^
[rank7]:   File "/workspace/parameter-golf/train_gpt_swa.py", line 493, in eval_val
[rank7]:     batch_loss = model(x, y).detach()
[rank7]:                  ^^^^^^^^^^^
[rank7]:   File "/usr/local/lib/python3.12/dist-packages/torch/_dynamo/eval_frame.py", line 414, in __call__
[rank7]:     return super().__call__(*args, **kwargs)
[rank7]:            ^^^^^^^^^^^^^^^^^^^^^^^^^^^^^^^^^
[rank7]:   File "/usr/local/lib/python3.12/dist-packages/torch/nn/modules/module.py", line 1775, in _wrapped_call_impl
[rank7]:     return self._call_impl(*args, **kwargs)
[rank7]:            ^^^^^^^^^^^^^^^^^^^^^^^^^^^^^^^^
[rank7]:   File "/usr/local/lib/python3.12/dist-packages/torch/nn/modules/module.py", line 1786, in _call_impl
[rank7]:     return forward_call(*args, **kwargs)
[rank7]:            ^^^^^^^^^^^^^^^^^^^^^^^^^^^^^
[rank7]:   File "/usr/local/lib/python3.12/dist-packages/torch/_dynamo/eval_frame.py", line 832, in compile_wrapper
[rank7]:     return fn(*args, **kwargs)
[rank7]:            ^^^^^^^^^^^^^^^^^^^
[rank7]:   File "/usr/local/lib/python3.12/dist-packages/torch/nn/modules/module.py", line 1775, in _wrapped_call_impl
[rank7]:     return self._call_impl(*args, **kwargs)
[rank7]:            ^^^^^^^^^^^^^^^^^^^^^^^^^^^^^^^^
[rank7]:   File "/usr/local/lib/python3.12/dist-packages/torch/nn/modules/module.py", line 1786, in _call_impl
[rank7]:     return forward_call(*args, **kwargs)
[rank7]:            ^^^^^^^^^^^^^^^^^^^^^^^^^^^^^
[rank7]:   File "/usr/local/lib/python3.12/dist-packages/torch/_dynamo/convert_frame.py", line 1875, in __call__
[rank7]:     result = self._torchdynamo_orig_backend(
[rank7]:              ^^^^^^^^^^^^^^^^^^^^^^^^^^^^^^^
[rank7]:   File "/usr/local/lib/python3.12/dist-packages/torch/_dynamo/convert_frame.py", line 688, in __call__
[rank7]:     result = _compile(
[rank7]:              ^^^^^^^^^
[rank7]:   File "/usr/local/lib/python3.12/dist-packages/torch/_dynamo/convert_frame.py", line 1375, in _compile
[rank7]:     raise FailOnRecompileLimitHit(
[rank7]: torch._dynamo.exc.FailOnRecompileLimitHit: recompile_limit reached with fullgraph=True. Excessive recompilations can degrade performance due to the compilation overhead of each recompilation. To monitor recompilations, enable TORCH_LOGS=recompiles. If recompilations are expected, consider increasing torch._dynamo.config.cache_size_limit to an appropriate value.
[rank5]:W0426 18:02:23.019000 1025663 torch/_dynamo/convert_frame.py:1358] [0/8] torch._dynamo hit config.recompile_limit (8)
[rank5]:W0426 18:02:23.019000 1025663 torch/_dynamo/convert_frame.py:1358] [0/8]    function: 'forward' (/workspace/parameter-golf/train_gpt_swa.py:1205)
[rank5]:W0426 18:02:23.019000 1025663 torch/_dynamo/convert_frame.py:1358] [0/8]    last reason: 0/7: self._modules['blocks']._modules['0']._modules['attn']._modules['rotary']._cos_cached is None  # self._cos_cached is None  # orkspace/parameter-golf/train_gpt_swa.py:737 in forward
[rank5]:W0426 18:02:23.019000 1025663 torch/_dynamo/convert_frame.py:1358] [0/8] To log all recompilation reasons, use TORCH_LOGS="recompiles".
[rank5]:W0426 18:02:23.019000 1025663 torch/_dynamo/convert_frame.py:1358] [0/8] To diagnose recompilation issues, see https://pytorch.org/docs/main/torch.compiler_troubleshooting.html
[rank5]: Traceback (most recent call last):
[rank5]:   File "/workspace/parameter-golf/train_gpt_swa.py", line 2506, in <module>
[rank5]:     main()
[rank5]:   File "/workspace/parameter-golf/train_gpt_swa.py", line 2436, in main
[rank5]:     q_val_loss, q_val_bpb = eval_val(
[rank5]:                             ^^^^^^^^^
[rank5]:   File "/workspace/parameter-golf/train_gpt_swa.py", line 493, in eval_val
[rank5]:     batch_loss = model(x, y).detach()
[rank5]:                  ^^^^^^^^^^^
[rank5]:   File "/usr/local/lib/python3.12/dist-packages/torch/_dynamo/eval_frame.py", line 414, in __call__
[rank5]:     return super().__call__(*args, **kwargs)
[rank5]:            ^^^^^^^^^^^^^^^^^^^^^^^^^^^^^^^^^
[rank5]:   File "/usr/local/lib/python3.12/dist-packages/torch/nn/modules/module.py", line 1775, in _wrapped_call_impl
[rank5]:     return self._call_impl(*args, **kwargs)
[rank5]:            ^^^^^^^^^^^^^^^^^^^^^^^^^^^^^^^^
[rank5]:   File "/usr/local/lib/python3.12/dist-packages/torch/nn/modules/module.py", line 1786, in _call_impl
[rank5]:     return forward_call(*args, **kwargs)
[rank5]:            ^^^^^^^^^^^^^^^^^^^^^^^^^^^^^
[rank5]:   File "/usr/local/lib/python3.12/dist-packages/torch/_dynamo/eval_frame.py", line 832, in compile_wrapper
[rank5]:     return fn(*args, **kwargs)
[rank5]:            ^^^^^^^^^^^^^^^^^^^
[rank5]:   File "/usr/local/lib/python3.12/dist-packages/torch/nn/modules/module.py", line 1775, in _wrapped_call_impl
[rank5]:     return self._call_impl(*args, **kwargs)
[rank5]:            ^^^^^^^^^^^^^^^^^^^^^^^^^^^^^^^^
[rank5]:   File "/usr/local/lib/python3.12/dist-packages/torch/nn/modules/module.py", line 1786, in _call_impl
[rank5]:     return forward_call(*args, **kwargs)
[rank5]:            ^^^^^^^^^^^^^^^^^^^^^^^^^^^^^
[rank5]:   File "/usr/local/lib/python3.12/dist-packages/torch/_dynamo/convert_frame.py", line 1875, in __call__
[rank5]:     result = self._torchdynamo_orig_backend(
[rank5]:              ^^^^^^^^^^^^^^^^^^^^^^^^^^^^^^^
[rank5]:   File "/usr/local/lib/python3.12/dist-packages/torch/_dynamo/convert_frame.py", line 688, in __call__
[rank5]:     result = _compile(
[rank5]:              ^^^^^^^^^
[rank5]:   File "/usr/local/lib/python3.12/dist-packages/torch/_dynamo/convert_frame.py", line 1375, in _compile
[rank5]:     raise FailOnRecompileLimitHit(
[rank5]: torch._dynamo.exc.FailOnRecompileLimitHit: recompile_limit reached with fullgraph=True. Excessive recompilations can degrade performance due to the compilation overhead of each recompilation. To monitor recompilations, enable TORCH_LOGS=recompiles. If recompilations are expected, consider increasing torch._dynamo.config.cache_size_limit to an appropriate value.
[rank0]:[W426 18:02:29.123279574 ProcessGroupNCCL.cpp:1524] Warning: WARNING: destroy_process_group() was not called before program exit, which can leak resources. For more info, please see https://pytorch.org/docs/stable/distributed.html#shutdown (function operator())
W0426 18:02:30.383000 1025589 torch/distributed/elastic/multiprocessing/api.py:908] Sending process 1025658 closing signal SIGTERM
W0426 18:02:30.385000 1025589 torch/distributed/elastic/multiprocessing/api.py:908] Sending process 1025659 closing signal SIGTERM
W0426 18:02:30.387000 1025589 torch/distributed/elastic/multiprocessing/api.py:908] Sending process 1025660 closing signal SIGTERM
W0426 18:02:30.388000 1025589 torch/distributed/elastic/multiprocessing/api.py:908] Sending process 1025661 closing signal SIGTERM
W0426 18:02:30.389000 1025589 torch/distributed/elastic/multiprocessing/api.py:908] Sending process 1025662 closing signal SIGTERM
W0426 18:02:30.390000 1025589 torch/distributed/elastic/multiprocessing/api.py:908] Sending process 1025663 closing signal SIGTERM
W0426 18:02:30.391000 1025589 torch/distributed/elastic/multiprocessing/api.py:908] Sending process 1025664 closing signal SIGTERM
E0426 18:02:31.236000 1025589 torch/distributed/elastic/multiprocessing/api.py:882] failed (exitcode: 1) local_rank: 7 (pid: 1025665) of binary: /usr/local/bin/python
Traceback (most recent call last):
  File "/usr/local/bin/torchrun", line 7, in <module>
    sys.exit(main())
             ^^^^^^
  File "/usr/local/lib/python3.12/dist-packages/torch/distributed/elastic/multiprocessing/errors/__init__.py", line 357, in wrapper
    return f(*args, **kwargs)
           ^^^^^^^^^^^^^^^^^^
  File "/usr/local/lib/python3.12/dist-packages/torch/distributed/run.py", line 936, in main
    run(args)
  File "/usr/local/lib/python3.12/dist-packages/torch/distributed/run.py", line 927, in run
    elastic_launch(
  File "/usr/local/lib/python3.12/dist-packages/torch/distributed/launcher/api.py", line 156, in __call__
    return launch_agent(self._config, self._entrypoint, list(args))
           ^^^^^^^^^^^^^^^^^^^^^^^^^^^^^^^^^^^^^^^^^^^^^^^^^^^^^^^^
  File "/usr/local/lib/python3.12/dist-packages/torch/distributed/launcher/api.py", line 293, in launch_agent
    raise ChildFailedError(
torch.distributed.elastic.multiprocessing.errors.ChildFailedError: 
============================================================
train_gpt_swa.py FAILED
------------------------------------------------------------
Failures:
  <NO_OTHER_FAILURES>
------------------------------------------------------------
Root Cause (first observed failure):
[0]:
  time      : 2026-04-26_18:02:30
  host      : ee8e8e813eb4
  rank      : 7 (local_rank: 7)
  exitcode  : 1 (pid: 1025665)
  error_file: <N/A>
  traceback : To enable traceback see: https://pytorch.org/docs/stable/elastic/errors.html
============================================================
