W0428 07:34:54.768000 106582 torch/distributed/run.py:803] 
W0428 07:34:54.768000 106582 torch/distributed/run.py:803] *****************************************
W0428 07:34:54.768000 106582 torch/distributed/run.py:803] Setting OMP_NUM_THREADS environment variable for each process to be 1 in default, to avoid your system being overloaded, please further tune the variable for optimal performance in your application as needed. 
W0428 07:34:54.768000 106582 torch/distributed/run.py:803] *****************************************
logs/v13f_hparam_tune.txt
val_bpb:enabled tokenizer_kind=sentencepiece vocab_size=8192 meta_path=None
train_loader:dataset:fineweb10B_sp8192 train_shards:128
val_loader:shards pattern=./data/datasets/fineweb10B_sp8192/fineweb_val_*.bin tokens:40538112
model_params:36341337
mtp_num_heads:0 mtp_loss_weight:0.2 mtp_params:0
XSA:last_11 active_layers:[0, 1, 2, 3, 4, 5, 6, 7, 8, 9, 10]
sliding_window_attn:layers=[0, 1, 2, 3, 4, 5] window_size=256 full_attn_layers=5
world_size:8 grad_accum_steps:1
sdp_backends:cudnn=False flash=True mem_efficient=False math=False
attention_mode:gqa num_heads:8 num_kv_heads:4
tie_embeddings:True embed_lr:0.035 head_lr:0.0 matrix_lr:0.022 scalar_lr:0.025
train_batch_tokens:786432 train_seq_len:4096 iterations:20000 warmup_steps:20 max_wallclock_seconds:600.000
seed:1337
warmup_step:1/20
warmup_step:2/20
warmup_step:3/20
warmup_step:4/20
warmup_step:5/20
warmup_step:6/20
warmup_step:7/20
warmup_step:8/20
warmup_step:9/20
warmup_step:10/20
warmup_step:11/20
warmup_step:12/20
warmup_step:13/20
warmup_step:14/20
warmup_step:15/20
warmup_step:16/20
warmup_step:17/20
warmup_step:18/20
warmup_step:19/20
warmup_step:20/20
step:0/20000 val_loss:8.9999 val_bpb:3.4841 train_time:0ms step_avg:0.02ms
step:1/20000 train_loss:9.0023 train_time:121ms step_avg:121.29ms
step:2/20000 train_loss:9.7148 train_time:224ms step_avg:111.99ms
step:3/20000 train_loss:9.9645 train_time:330ms step_avg:110.00ms
step:4/20000 train_loss:9.6209 train_time:436ms step_avg:109.01ms
step:5/20000 train_loss:9.2231 train_time:542ms step_avg:108.44ms
step:6/20000 train_loss:8.9381 train_time:649ms step_avg:108.13ms
step:7/20000 train_loss:8.5144 train_time:756ms step_avg:108.00ms
step:8/20000 train_loss:7.9693 train_time:862ms step_avg:107.79ms
step:9/20000 train_loss:7.8837 train_time:969ms step_avg:107.69ms
step:10/20000 train_loss:7.6086 train_time:1079ms step_avg:107.91ms
step:500/20000 train_loss:3.2956 train_time:54103ms step_avg:108.21ms
step:1000/20000 train_loss:3.0131 train_time:108432ms step_avg:108.43ms
step:1500/20000 train_loss:3.2420 train_time:162693ms step_avg:108.46ms
step:2000/20000 train_loss:3.0723 train_time:216852ms step_avg:108.43ms
step:2500/20000 train_loss:3.2036 train_time:271021ms step_avg:108.41ms
looping:activated step:2769 time:300098ms encoder:[0, 1, 2, 3, 4, 5] decoder:[4, 5, 6, 7, 8, 9, 10]
step:3000/20000 train_loss:2.8941 train_time:348380ms step_avg:116.13ms
step:3500/20000 train_loss:3.0341 train_time:409814ms step_avg:117.09ms
step:4000/20000 train_loss:2.9220 train_time:471229ms step_avg:117.81ms
step:4000/20000 val_loss:2.9172 val_bpb:1.1293 train_time:471234ms step_avg:117.81ms
swa:start step:4300
late_qat:enabled step:4469 scale:0.1499
step:4500/20000 train_loss:2.9429 train_time:532775ms step_avg:118.39ms
step:5000/20000 train_loss:2.7695 train_time:594678ms step_avg:118.94ms
step:5044/20000 val_loss:2.8175 val_bpb:1.0908 train_time:600071ms step_avg:118.97ms
stopping_early: wallclock_cap train_time:600071ms step:5044/20000
peak memory allocated: 29529 MiB reserved: 30430 MiB
ema:applying EMA weights
DIAGNOSTIC post_ema val_loss:2.8149 val_bpb:1.0897 eval_time:1940ms
Serialized model: 136325631 bytes
Code size: 108645 bytes
gptq:looping_active=True for calibration (recur_layers=4,5)
gptq:registered embedding Hessian hook on final_norm
gptq:collecting hessians from training data (256 batches)...
gptq:collected hessians for 67 layers in 60.5s
gptq:collected embedding Hessian from 256 batches
prune: 25457007 candidates of 31719424 total weights, unpruned=14.85MB target=15.2MB
prune: already fits, no pruning needed
Serialized model int6+brotli: 15462651 bytes
Total submission size int6+brotli: 15571296 bytes
eval: looping_active=True (recur_layers=4,5)
final_int6_roundtrip val_loss:2.8650 val_bpb:1.1091 eval_time:46660ms
final_int6_roundtrip_exact val_loss:2.86499835 val_bpb:1.10912629
final_int6_sliding_window val_loss:2.8373 val_bpb:1.0985 stride:64 eval_time:170212ms
final_int6_sliding_window_exact val_loss:2.83732992 val_bpb:1.09846151
final_int8_zlib_roundtrip_exact val_loss:2.83732992 val_bpb:1.09846151
hf_upload:failed Client error '401 Unauthorized' for url 'https://huggingface.co/api/repos/create' (Request ID: Root=1-69f067ae-4a28240031da3e2d778c9d10;18ed840f-0c52-4ecb-b139-6777f6fef941)
For more information check: https://developer.mozilla.org/en-US/docs/Web/HTTP/Status/401

Invalid username or password.
