W0429 23:04:43.969000 20758 torch/distributed/run.py:803] 
W0429 23:04:43.969000 20758 torch/distributed/run.py:803] *****************************************
W0429 23:04:43.969000 20758 torch/distributed/run.py:803] Setting OMP_NUM_THREADS environment variable for each process to be 1 in default, to avoid your system being overloaded, please further tune the variable for optimal performance in your application as needed. 
W0429 23:04:43.969000 20758 torch/distributed/run.py:803] *****************************************
Hyperparameters:
  adam_eps: 1e-08
  adam_wd: 0.02
  beta1: 0.9
  beta2: 0.95
  compressor: brotli
  data_dir: /workspace/data/
  datasets_dir: /workspace/data/datasets/fineweb10B_sp8192
  distributed: True
  ema_decay: 0.9965
  embed_bits: 8
  embed_clip_sigmas: 20.0
  embed_lr: 0.6
  embed_wd: 0.085
  embedding_dim: 512
  enable_looping_at: 0.35
  etlb_clip: 3.0
  etlb_enabled: False
  etlb_lr: 0.05
  etlb_steps: 5
  eval_seq_len: 2048
  eval_stride: 64
  gptq_calibration_batches: 64
  gptq_reserve_seconds: 12.0
  grad_accum_steps: 2
  grad_clip_norm: 0.3
  head_lr: 0.008
  is_main_process: True
  iterations: 4500
  ln_scale: True
  local_rank: 0
  logfile: logs/08_ppm_ws4_seed314.txt
  logit_softcap: 30.0
  loop_end: 5
  loop_start: 3
  matrix_bits: 6
  matrix_clip_sigmas: 12.85
  matrix_lr: 0.022
  max_wallclock_seconds: 0.0
  min_lr: 0.0
  mlp_mult: 4.0
  model_dim: 512
  model_path: final_model.pt
  muon_backend_steps: 5
  muon_beta2: 0.95
  muon_momentum: 0.99
  muon_momentum_warmup_start: 0.92
  muon_momentum_warmup_steps: 1500
  muon_row_normalize: True
  muon_wd: 0.095
  num_heads: 8
  num_kv_heads: 4
  num_layers: 11
  num_loops: 2
  parallel_residual_start: 7
  ppm_h: 0.9
  ppm_l: 0.05
  ppm_mixer_enabled: True
  ppm_order: 4
  ppm_t: 0.9
  qk_gain_init: 5.25
  quantized_model_path: final_model.int6.ptz
  rank: 0
  rope_base: 10000.0
  rope_dims: 16
  rope_train_seq_len: 2048
  run_id: 08_ppm_ws4_seed314
  scalar_lr: 0.02
  seed: 314
  skip_gates_enabled: True
  sliding_window_enabled: True
  tie_embeddings: True
  tied_embed_init_std: 0.005
  tied_embed_lr: 0.03
  tokenizer_path: /workspace/data/tokenizers/fineweb_8192_bpe.model
  train_batch_tokens: 786432
  train_files: /workspace/data/datasets/fineweb10B_sp8192/fineweb_train_*.bin
  train_log_every: 500
  train_seq_len: 2048
  ttt_chunk_tokens: 32768
  ttt_enabled: True
  ttt_epochs: 3
  ttt_lr: 0.005
  ttt_momentum: 0.9
  val_batch_tokens: 524288
  val_files: /workspace/data/datasets/fineweb10B_sp8192/fineweb_val_*.bin
  val_loss_every: 4000
  vocab_size: 8192
  warmdown_frac: 0.72
  warmup_steps: 20
  world_size: 4
  xsa_last_n: 11
train_shards: 80
val_tokens: 40540160
model_params:35944536
warmup_step: 1/20
warmup_step: 2/20
warmup_step: 3/20
warmup_step: 4/20
warmup_step: 5/20
warmup_step: 6/20
warmup_step: 10/20
warmup_step: 20/20
loop_warmup:enabled encoder:[0, 1, 2, 3, 4, 5, 3, 4] decoder:[5, 3, 4, 5, 6, 7, 8, 9, 10]
loop_warmup_step: 1/20
loop_warmup_step: 2/20
loop_warmup_step: 3/20
loop_warmup_step: 4/20
loop_warmup_step: 5/20
loop_warmup_step: 6/20
loop_warmup_step: 10/20
loop_warmup_step: 20/20
0/4500 val_loss: 9.0096 val_bpb: 3.4879
1/4500 train_loss: 9.0101 train_time: 0.0m tok/s: 4218630
2/4500 train_loss: 12.3513 train_time: 0.0m tok/s: 4177491
3/4500 train_loss: 11.2659 train_time: 0.0m tok/s: 4142470
4/4500 train_loss: 9.5124 train_time: 0.0m tok/s: 4123588
5/4500 train_loss: 8.3314 train_time: 0.0m tok/s: 4090661
500/4500 train_loss: 3.3431 train_time: 1.7m tok/s: 3756061
1000/4500 train_loss: 3.2491 train_time: 3.7m tok/s: 3570878
1500/4500 train_loss: 3.1282 train_time: 5.6m tok/s: 3494188
layer_loop:enabled step:1575 frac:0.350 encoder:[0, 1, 2, 3, 4, 5, 3, 4] decoder:[5, 3, 4, 5, 6, 7, 8, 9, 10]
2000/4500 train_loss: 3.0813 train_time: 8.4m tok/s: 3107290
2500/4500 train_loss: 3.0673 train_time: 11.4m tok/s: 2874114
3000/4500 train_loss: 3.0040 train_time: 14.4m tok/s: 2736430
3500/4500 train_loss: 2.9650 train_time: 17.3m tok/s: 2647109
4000/4500 train_loss: 2.8920 train_time: 20.3m tok/s: 2583584
4000/4500 val_loss: 2.8626 val_bpb: 1.1082
4500/4500 train_loss: 2.8051 train_time: 23.2m tok/s: 2537925
4500/4500 val_loss: 2.8128 val_bpb: 1.0889
peak memory allocated: 39195 MiB reserved: 39230 MiB
ema:applying EMA weights
pre-quantization post-ema val_loss:2.80977234 val_bpb:1.08775044 eval_time:9047ms
Serialized model: 135431033 bytes
Code size: 66546 bytes
GPTQ:collecting Hessians from calibration data...
GPTQ:collected 67 Hessians in 12.9s
Quantized weights:
  gptq (int6): blocks.attn.c_k.weight, blocks.attn.c_q.weight, blocks.attn.c_v.weight, blocks.attn.proj.weight, blocks.mlp.fc.weight, blocks.mlp.proj.weight
  gptq (int8): tok_emb.weight
  passthrough (float16): blocks.attn.q_gain, blocks.attn_scale, blocks.mlp_scale, blocks.resid_mix, skip_gates, skip_weights
Serialized model quantized+brotli: 15977842 bytes
Total submission size quantized+brotli: 16044388 bytes
quantized val_loss:2.84036957 val_bpb:1.09959558 eval_time:10838ms
ppm_mixer val_bpb:0.99668774 eval_time:348863ms order=4 H=0.9 L=0.05 T=0.9 N_bytes=40540160
quantized_sliding_window val_loss:2.79751631 val_bpb:1.08300574 eval_time:556144ms
ttt:start chunks=1238 ttt_lr=0.005 ttt_epochs=3
quantized_ttt val_loss:2.79371741 val_bpb:1.08153507 eval_time:392223ms
