====================================================================================================
Hyperparameters:
  adam_eps: 1e-08
  adam_wd: 0.02
  beta1: 0.9
  beta2: 0.95
  bigram_dim: 128
  bigram_vocab_size: 0
  compressor: brotli
  data_dir: /workspace/data
  datasets_dir: /workspace/data/datasets/fineweb10B_sp8192
  distributed: True
  dtg_enabled: False
  ema_decay: 0.9965
  embed_bits: 8
  embed_clip_sigmas: 20.0
  embed_lr: 0.6
  embed_wd: 0.085
  embedding_dim: 512
  enable_looping_at: 0.35
  etlb_clip: 3.0
  etlb_enabled: False
  etlb_lr: 0.05
  etlb_steps: 5
  eval_seq_len: 2048
  eval_stride: 64
  gated_attention: False
  gptq_blocksize: 128
  gptq_calibration_batches: 256
  gptq_dampening: 0.01
  gptq_enabled: True
  gptq_reserve_seconds: 12.0
  grad_accum_steps: 1
  grad_clip_norm: 0.3
  head_lr: 0.008
  is_main_process: True
  iterations: 20000
  late_qat_threshold: 0.15
  lawa_enabled: False
  lawa_freq: 100
  lawa_k: 10
  lbfgs_slot_clamp: 5.0
  lbfgs_slot_enabled: False
  lbfgs_slot_focal: 128
  lbfgs_slot_history: 20
  lbfgs_slot_iters: 25
  lbfgs_slot_lr: 1.0
  ln_scale: True
  local_rank: 0
  logfile: logs/C_frz0_s44.txt
  logit_softcap: 30.0
  loop_end: 5
  loop_start: 3
  matrix_bits: 6
  matrix_clip_sigmas: 12.85
  matrix_lr: 0.022
  max_wallclock_seconds: 600.0
  min_lr: 0.0
  mlp_mult: 4.0
  model_dim: 512
  model_path: final_model.pt
  mtp_loss_weight: 0.2
  mtp_num_heads: 0
  muon_backend_steps: 5
  muon_beta2: 0.95
  muon_momentum: 0.99
  muon_momentum_warmup_start: 0.92
  muon_momentum_warmup_steps: 1500
  muon_row_normalize: True
  muon_wd: 0.095
  num_heads: 8
  num_kv_heads: 4
  num_layers: 11
  num_loops: 2
  parallel_residual_start: 7
  prequant_ttt_chunk_tokens: 32768
  prequant_ttt_enabled: True
  prequant_ttt_epochs: 21
  prequant_ttt_freeze_blocks: 0
  prequant_ttt_grad_clip: 1.0
  prequant_ttt_lr: 0.001
  prequant_ttt_wd: 0.0
  qat_enabled: False
  qk_gain_init: 5.25
  quantized_model_path: final_model.int6.ptz
  rank: 0
  rope_base: 10000.0
  rope_dims: 16
  rope_train_seq_len: 2048
  run_id: C_frz0_s44
  scalar_lr: 0.02
  seed: 44
  skip_gates_enabled: True
  sliding_window_enabled: True
  swa_enabled: True
  swa_every: 50
  tie_embeddings: True
  tied_embed_init_std: 0.005
  tied_embed_lr: 0.03
  tokenizer_path: /workspace/data/tokenizers/fineweb_8192_bpe.model
  train_batch_tokens: 786432
  train_files: /workspace/data/datasets/fineweb10B_sp8192/fineweb_train_*.bin
  train_log_every: 500
  train_seq_len: 2048
  ttt_batch_seqs: 32
  ttt_chunk_tokens: 32768
  ttt_ema_decay: 0.7
  ttt_ema_enabled: False
  ttt_enabled: False
  ttt_epochs: 1
  ttt_freeze_blocks: 2
  ttt_grad_clip: 1.0
  ttt_lr: 0.005
  ttt_momentum: 0.9
  val_batch_tokens: 524288
  val_files: /workspace/data/datasets/fineweb10B_sp8192/fineweb_val_*.bin
  val_loss_every: 4000
  value_residual: False
  ve_dim: 128
  ve_enabled: False
  ve_layers: 9,10
  vocab_size: 8192
  warmdown_frac: 0.72
  warmup_steps: 20
  wd_taper_final_mult: 1.0
  wd_taper_start_frac: 1.0
  world_size: 8
  xsa_last_n: 11
====================================================================================================
Running Python 3.11.10 | packaged by conda-forge | (main, Oct 16 2024, 01:27:36) [GCC 13.3.0]
Running PyTorch 2.5.1+cu124
Tue Apr 21 02:33:10 2026       
+-----------------------------------------------------------------------------------------+
| NVIDIA-SMI 580.126.09             Driver Version: 580.126.09     CUDA Version: 13.0     |
+-----------------------------------------+------------------------+----------------------+
| GPU  Name                 Persistence-M | Bus-Id          Disp.A | Volatile Uncorr. ECC |
| Fan  Temp   Perf          Pwr:Usage/Cap |           Memory-Usage | GPU-Util  Compute M. |
|                                         |                        |               MIG M. |
|=========================================+========================+======================|
|   0  NVIDIA H100 80GB HBM3          On  |   00000000:0A:00.0 Off |                    0 |
| N/A   43C    P0            133W /  700W |    3410MiB /  81559MiB |      0%      Default |
|                                         |                        |             Disabled |
+-----------------------------------------+------------------------+----------------------+
|   1  NVIDIA H100 80GB HBM3          On  |   00000000:18:00.0 Off |                    0 |
| N/A   33C    P0            122W /  700W |    3458MiB /  81559MiB |      6%      Default |
|                                         |                        |             Disabled |
+-----------------------------------------+------------------------+----------------------+
|   2  NVIDIA H100 80GB HBM3          On  |   00000000:3F:00.0 Off |                    0 |
| N/A   33C    P0            118W /  700W |    3458MiB /  81559MiB |      0%      Default |
|                                         |                        |             Disabled |
+-----------------------------------------+------------------------+----------------------+
|   3  NVIDIA H100 80GB HBM3          On  |   00000000:48:00.0 Off |                    0 |
| N/A   44C    P0            132W /  700W |    3458MiB /  81559MiB |      0%      Default |
|                                         |                        |             Disabled |
+-----------------------------------------+------------------------+----------------------+
|   4  NVIDIA H100 80GB HBM3          On  |   00000000:87:00.0 Off |                    0 |
| N/A   41C    P0            122W /  700W |    3458MiB /  81559MiB |      0%      Default |
|                                         |                        |             Disabled |
+-----------------------------------------+------------------------+----------------------+
|   5  NVIDIA H100 80GB HBM3          On  |   00000000:90:00.0 Off |                    0 |
| N/A   33C    P0            122W /  700W |    3458MiB /  81559MiB |      0%      Default |
|                                         |                        |             Disabled |
+-----------------------------------------+------------------------+----------------------+
|   6  NVIDIA H100 80GB HBM3          On  |   00000000:BE:00.0 Off |                    0 |
| N/A   32C    P0            120W /  700W |    3458MiB /  81559MiB |      0%      Default |
|                                         |                        |             Disabled |
+-----------------------------------------+------------------------+----------------------+
|   7  NVIDIA H100 80GB HBM3          On  |   00000000:C7:00.0 Off |                    0 |
| N/A   42C    P0            128W /  700W |    3218MiB /  81559MiB |      0%      Default |
|                                         |                        |             Disabled |
+-----------------------------------------+------------------------+----------------------+

+-----------------------------------------------------------------------------------------+
| Processes:                                                                              |
|  GPU   GI   CI              PID   Type   Process name                        GPU Memory |
|        ID   ID                                                               Usage      |
|=========================================================================================|
|    0   N/A  N/A           52920      C   /opt/conda/bin/python3                 3400MiB |
|    1   N/A  N/A           52921      C   /opt/conda/bin/python3                 3448MiB |
|    2   N/A  N/A           52922      C   /opt/conda/bin/python3                 3448MiB |
|    3   N/A  N/A           52923      C   /opt/conda/bin/python3                 3448MiB |
|    4   N/A  N/A           52924      C   /opt/conda/bin/python3                 3448MiB |
|    5   N/A  N/A           52925      C   /opt/conda/bin/python3                 3448MiB |
|    6   N/A  N/A           52926      C   /opt/conda/bin/python3                 3448MiB |
|    7   N/A  N/A           52927      C   /opt/conda/bin/python3                 3208MiB |
+-----------------------------------------------------------------------------------------+

====================================================================================================
val_bpb:byte_sidecar:enabled
train_shards: 80
val_tokens: 47851520
model_params:35944536
gptq:reserving 12s, effective=588000ms
warmup_step: 1/20
warmup_step: 2/20
warmup_step: 3/20
warmup_step: 4/20
warmup_step: 5/20
warmup_step: 6/20
warmup_step: 10/20
warmup_step: 20/20
loop_warmup:enabled encoder:[0, 1, 2, 3, 4, 5, 3, 4] decoder:[5, 3, 4, 5, 6, 7, 8, 9, 10]
loop_warmup_step: 1/20
loop_warmup_step: 2/20
loop_warmup_step: 3/20
loop_warmup_step: 4/20
loop_warmup_step: 5/20
loop_warmup_step: 6/20
loop_warmup_step: 10/20
loop_warmup_step: 20/20
0/20000 val_loss: 9.0084 val_bpb: 4.1165
1/20000 train_loss: 9.0109 train_time: 0.0m tok/s: 7826135
2/20000 train_loss: 12.6527 train_time: 0.0m tok/s: 7637355
3/20000 train_loss: 9.8863 train_time: 0.0m tok/s: 7546431
4/20000 train_loss: 8.2451 train_time: 0.0m tok/s: 7516112
5/20000 train_loss: 7.6743 train_time: 0.0m tok/s: 7490669
500/20000 train_loss: 2.8899 train_time: 0.9m tok/s: 7296938
1000/20000 train_loss: 2.8114 train_time: 1.8m tok/s: 7290604
1500/20000 train_loss: 2.6531 train_time: 2.7m tok/s: 7287704
layer_loop:enabled step:1907 frac:0.350 encoder:[0, 1, 2, 3, 4, 5, 3, 4] decoder:[5, 3, 4, 5, 6, 7, 8, 9, 10]
2000/20000 train_loss: 2.6415 train_time: 3.7m tok/s: 7124008
2500/20000 train_loss: 2.6501 train_time: 5.0m tok/s: 6532085
3000/20000 train_loss: 2.5351 train_time: 6.4m tok/s: 6187092
3500/20000 train_loss: 2.3674 train_time: 7.7m tok/s: 5963463
4000/20000 train_loss: 2.3752 train_time: 9.0m tok/s: 5806623
4000/20000 val_loss: 2.4075 val_bpb: 1.1001
4290/20000 val_loss: 2.3820 val_bpb: 1.0885
stopping_early: wallclock_cap train_time: 588160ms step: 4290/20000
peak memory allocated: 47293 MiB reserved: 48816 MiB
ema:applying EMA weights
pre-quantization post-ema val_loss:2.37946064 val_bpb:1.08732066 eval_time:10951ms
prequant_ttt:start epochs=21 lr=0.001 freeze_blocks=0 wd=0.0 parallel=8gpus
prequant_ttt:compiled forward pass
prequant_ttt:epoch 1/21 chunk 1457/1461 lr=0.001000
prequant_ttt:epoch 1/21 val_bpb=1.095235 lr=0.001000 time=60.4s
prequant_ttt:epoch 2/21 chunk 1457/1461 lr=0.000995
prequant_ttt:epoch 2/21 val_bpb=1.089838 lr=0.000995 time=21.5s
prequant_ttt:epoch 3/21 chunk 1457/1461 lr=0.000980
prequant_ttt:epoch 3/21 val_bpb=1.085080 lr=0.000980 time=22.3s
prequant_ttt:epoch 4/21 chunk 1457/1461 lr=0.000955
prequant_ttt:epoch 4/21 val_bpb=1.084330 lr=0.000955 time=22.5s
prequant_ttt:epoch 5/21 chunk 1457/1461 lr=0.000922
prequant_ttt:epoch 5/21 val_bpb=1.080316 lr=0.000922 time=21.6s
prequant_ttt:epoch 6/21 chunk 1457/1461 lr=0.000880
prequant_ttt:epoch 6/21 val_bpb=1.072894 lr=0.000880 time=21.6s
prequant_ttt:epoch 7/21 chunk 1457/1461 lr=0.000831
prequant_ttt:epoch 7/21 val_bpb=1.068104 lr=0.000831 time=21.6s
prequant_ttt:epoch 8/21 chunk 1457/1461 lr=0.000775
prequant_ttt:epoch 8/21 val_bpb=1.064882 lr=0.000775 time=22.5s
prequant_ttt:epoch 9/21 chunk 1457/1461 lr=0.000714
prequant_ttt:epoch 9/21 val_bpb=1.060133 lr=0.000714 time=21.6s
prequant_ttt:epoch 10/21 chunk 1457/1461 lr=0.000650
prequant_ttt:epoch 10/21 val_bpb=1.055691 lr=0.000650 time=21.6s
prequant_ttt:epoch 11/21 chunk 1457/1461 lr=0.000584
prequant_ttt:epoch 11/21 val_bpb=1.050319 lr=0.000584 time=21.6s
prequant_ttt:epoch 12/21 chunk 1457/1461 lr=0.000516
prequant_ttt:epoch 12/21 val_bpb=1.044475 lr=0.000516 time=21.6s
prequant_ttt:epoch 13/21 chunk 1457/1461 lr=0.000450
prequant_ttt:epoch 13/21 val_bpb=1.042109 lr=0.000450 time=21.6s
prequant_ttt:epoch 14/21 chunk 1457/1461 lr=0.000386
prequant_ttt:epoch 14/21 val_bpb=1.033012 lr=0.000386 time=21.6s
prequant_ttt:epoch 15/21 chunk 1457/1461 lr=0.000325
prequant_ttt:epoch 15/21 val_bpb=1.030174 lr=0.000325 time=21.6s
prequant_ttt:epoch 16/21 chunk 1457/1461 lr=0.000269
prequant_ttt:epoch 16/21 val_bpb=1.025804 lr=0.000269 time=21.6s
prequant_ttt:epoch 17/21 chunk 1457/1461 lr=0.000220
prequant_ttt:epoch 17/21 val_bpb=1.021707 lr=0.000220 time=21.6s
prequant_ttt:epoch 18/21 chunk 1457/1461 lr=0.000178
prequant_ttt:epoch 18/21 val_bpb=1.018205 lr=0.000178 time=21.6s
prequant_ttt:epoch 19/21 chunk 1457/1461 lr=0.000145
prequant_ttt:epoch 19/21 val_bpb=1.015355 lr=0.000145 time=21.6s
prequant_ttt:epoch 20/21 chunk 1457/1461 lr=0.000120
prequant_ttt:epoch 20/21 val_bpb=1.012571 lr=0.000120 time=21.6s
prequant_ttt:epoch 21/21 chunk 1457/1461 lr=0.000105
prequant_ttt:epoch 21/21 val_bpb=1.010316 lr=0.000105 time=21.6s
prequant_ttt:done in 494.5s (8 gpus)
post-prequant-ttt val_loss:2.21039032 val_bpb:1.01006212 eval_time:12013ms
Serialized model: 135430628 bytes
Code size: 24930 bytes
GPTQ:collecting Hessians from calibration data...
GPTQ:collected 67 Hessians in 51.9s
Quantized weights:
  gptq (int6): blocks.attn.c_k.weight, blocks.attn.c_q.weight, blocks.attn.c_v.weight, blocks.attn.proj.weight, blocks.mlp.fc.weight, blocks.mlp.proj.weight
  gptq (int8): tok_emb.weight
  passthrough (float16): blocks.attn.q_gain, blocks.attn_scale, blocks.mlp_scale, blocks.resid_mix, skip_gates, skip_weights
Serialized model quantized+brotli: 15971655 bytes
Total submission size quantized+brotli: 15996585 bytes
quantized val_loss:2.26947482 val_bpb:1.03706143 eval_time:16764ms
quantized_sliding_window val_loss:2.24908921 val_bpb:1.02774600 eval_time:110720ms
