W0320 19:18:38.981000 323998 torch/distributed/run.py:803] 
W0320 19:18:38.981000 323998 torch/distributed/run.py:803] *****************************************
W0320 19:18:38.981000 323998 torch/distributed/run.py:803] Setting OMP_NUM_THREADS environment variable for each process to be 1 in default, to avoid your system being overloaded, please further tune the variable for optimal performance in your application as needed. 
W0320 19:18:38.981000 323998 torch/distributed/run.py:803] *****************************************
logs/95609554-b923-4b00-9e25-c50ef3555d22.txt
val_bpb:enabled tokenizer_kind=sentencepiece tokenizer_path=./data/tokenizers/fineweb_1024_bpe.model
train_loader:dataset:fineweb10B_sp1024 train_shards:80
val_loader:shards pattern=./data/datasets/fineweb10B_sp1024/fineweb_val_*.bin tokens:62021632
model_params:26829913
mtp_num_heads:0 mtp_loss_weight:0.2 mtp_params:0
world_size:8 grad_accum_steps:1
sdp_backends:cudnn=False flash=True mem_efficient=False math=False
attention_mode:gqa num_heads:8 num_kv_heads:4
tie_embeddings:True embed_lr:0.035 head_lr:0.0 matrix_lr:0.025 scalar_lr:0.025
train_batch_tokens:786432 train_seq_len:2048 iterations:9000 warmup_steps:20 max_wallclock_seconds:600.000
seed:7
warmup_step:1/20
warmup_step:2/20
warmup_step:3/20
warmup_step:4/20
warmup_step:5/20
warmup_step:6/20
warmup_step:7/20
warmup_step:8/20
warmup_step:9/20
warmup_step:10/20
warmup_step:11/20
warmup_step:12/20
warmup_step:13/20
warmup_step:14/20
warmup_step:15/20
warmup_step:16/20
warmup_step:17/20
warmup_step:18/20
warmup_step:19/20
warmup_step:20/20
step:0/9000 val_loss:6.9295 val_bpb:4.1040 train_time:0ms step_avg:0.01ms
step:1/9000 train_loss:6.9300 train_time:128ms step_avg:128.05ms
step:2/9000 train_loss:8.5683 train_time:197ms step_avg:98.34ms
step:3/9000 train_loss:7.8631 train_time:282ms step_avg:94.00ms
step:4/9000 train_loss:7.2126 train_time:367ms step_avg:91.87ms
step:5/9000 train_loss:6.9992 train_time:453ms step_avg:90.63ms
step:6/9000 train_loss:6.9499 train_time:538ms step_avg:89.72ms
step:7/9000 train_loss:6.8334 train_time:624ms step_avg:89.10ms
step:8/9000 train_loss:6.8532 train_time:709ms step_avg:88.59ms
step:9/9000 train_loss:6.5761 train_time:794ms step_avg:88.20ms
step:10/9000 train_loss:6.2490 train_time:879ms step_avg:87.89ms
step:200/9000 train_loss:2.4228 train_time:16397ms step_avg:81.98ms
step:400/9000 train_loss:2.4308 train_time:32811ms step_avg:82.03ms
step:600/9000 train_loss:2.3400 train_time:49106ms step_avg:81.84ms
step:800/9000 train_loss:2.2412 train_time:65487ms step_avg:81.86ms
step:1000/9000 train_loss:2.2745 train_time:81766ms step_avg:81.77ms
step:1000/9000 val_loss:2.2291 val_bpb:1.3202 train_time:81790ms step_avg:81.79ms
step:1200/9000 train_loss:2.3570 train_time:98145ms step_avg:81.79ms
step:1400/9000 train_loss:2.1865 train_time:114513ms step_avg:81.80ms
step:1600/9000 train_loss:2.0741 train_time:130805ms step_avg:81.75ms
step:1800/9000 train_loss:2.1597 train_time:147160ms step_avg:81.76ms
step:2000/9000 train_loss:2.0714 train_time:163431ms step_avg:81.72ms
step:2000/9000 val_loss:2.1330 val_bpb:1.2633 train_time:163456ms step_avg:81.73ms
step:2200/9000 train_loss:2.1441 train_time:179791ms step_avg:81.72ms
step:2400/9000 train_loss:2.0673 train_time:196051ms step_avg:81.69ms
step:2600/9000 train_loss:2.1097 train_time:212378ms step_avg:81.68ms
step:2800/9000 train_loss:2.1613 train_time:228712ms step_avg:81.68ms
step:3000/9000 train_loss:2.1632 train_time:244973ms step_avg:81.66ms
step:3000/9000 val_loss:2.0949 val_bpb:1.2407 train_time:244997ms step_avg:81.67ms
step:3200/9000 train_loss:2.1787 train_time:261302ms step_avg:81.66ms
step:3400/9000 train_loss:2.0260 train_time:277546ms step_avg:81.63ms
step:3600/9000 train_loss:2.1052 train_time:293886ms step_avg:81.63ms
step:3800/9000 train_loss:2.0801 train_time:310144ms step_avg:81.62ms
step:4000/9000 train_loss:1.9925 train_time:326493ms step_avg:81.62ms
step:4000/9000 val_loss:2.0805 val_bpb:1.2322 train_time:326516ms step_avg:81.63ms
step:4200/9000 train_loss:2.1688 train_time:342825ms step_avg:81.63ms
step:4400/9000 train_loss:2.0626 train_time:359059ms step_avg:81.60ms
step:4600/9000 train_loss:1.8670 train_time:375353ms step_avg:81.60ms
step:4800/9000 train_loss:2.4498 train_time:391607ms step_avg:81.58ms
step:5000/9000 train_loss:2.1279 train_time:407929ms step_avg:81.59ms
step:5000/9000 val_loss:2.0479 val_bpb:1.2129 train_time:407953ms step_avg:81.59ms
step:5200/9000 train_loss:2.0629 train_time:424165ms step_avg:81.57ms
step:5400/9000 train_loss:2.0699 train_time:440478ms step_avg:81.57ms
step:5600/9000 train_loss:1.9779 train_time:456809ms step_avg:81.57ms
step:5800/9000 train_loss:2.0269 train_time:473063ms step_avg:81.56ms
swa:start step:6000
step:6000/9000 train_loss:1.9627 train_time:489407ms step_avg:81.57ms
step:6000/9000 val_loss:2.0069 val_bpb:1.1886 train_time:489525ms step_avg:81.59ms
step:6200/9000 train_loss:1.9775 train_time:505760ms step_avg:81.57ms
step:6400/9000 train_loss:2.0253 train_time:522125ms step_avg:81.58ms
step:6600/9000 train_loss:1.8733 train_time:538419ms step_avg:81.58ms
step:6800/9000 train_loss:2.0489 train_time:554808ms step_avg:81.59ms
step:7000/9000 train_loss:1.8107 train_time:571191ms step_avg:81.60ms
step:7000/9000 val_loss:1.9515 val_bpb:1.1558 train_time:571264ms step_avg:81.61ms
step:7200/9000 train_loss:1.8973 train_time:587485ms step_avg:81.60ms
step:7353/9000 val_loss:1.9338 val_bpb:1.1453 train_time:599991ms step_avg:81.60ms
stopping_early: wallclock_cap train_time:599991ms step:7353/9000
peak memory allocated: 19710 MiB reserved: 19930 MiB
swa:applying averaged 7 checkpoints
Serialized model: 105783807 bytes
Code size: 68212 bytes
Serialized model int6+zstd: 15754036 bytes
Total submission size int6+zstd: 15822248 bytes
ttt:start lr=0.002 momentum=0.9 epochs=3
ttt_epoch:1/3 loss:1.9530 time:14.5s
ttt_epoch:2/3 loss:1.9515 time:28.7s
ttt_epoch:3/3 loss:1.9507 time:43.0s
ttt:done elapsed=43.1s
ttt:elapsed=43.1s
final_int6_roundtrip val_loss:1.9496 val_bpb:1.1547 eval_time:1811ms
final_int6_roundtrip_exact val_loss:1.94962690 val_bpb:1.15467887
final_int6_sliding_window val_loss:1.9118 val_bpb:1.1323 stride:64 eval_time:68995ms
final_int6_sliding_window_exact val_loss:1.91180141 val_bpb:1.13227948
