Running baseline (L=8 D=512 C=128 MODE=validate SMOKE=0)
logs/cuda/run_1775423894.txt
Muon optimizer: matrix_lr=0.02 scalar_lr=0.015 embed_lr=0.025
params:31954700 L:8 d:512 h:8 kv:4 ws:1 ga:8 s:1337
step:0/10000 val_loss:6.9319 val_bpb:4.1729 train_time:0ms zero_frac:0.414
step:20/10000 loss:11.8678 t:20157ms avg:1007.9ms
step:40/10000 loss:6.8713 t:40737ms avg:1018.4ms
step:60/10000 loss:7.0131 t:62796ms avg:1046.6ms
step:80/10000 loss:6.9769 t:84647ms avg:1058.1ms
step:100/10000 loss:6.9730 t:108303ms avg:1083.0ms
step:120/10000 loss:6.9218 t:135240ms avg:1127.0ms
step:140/10000 loss:6.8997 t:162430ms avg:1160.2ms
step:160/10000 loss:7.0059 t:189614ms avg:1185.1ms
step:180/10000 loss:6.8606 t:221572ms avg:1231.0ms
step:200/10000 loss:6.9264 t:259617ms avg:1298.1ms
step:200/10000 val_loss:6.7023 val_bpb:4.0347 train_time:259635ms zero_frac:0.419
step:220/10000 loss:6.9062 t:297746ms avg:1353.4ms
step:240/10000 loss:6.8728 t:335818ms avg:1399.2ms
step:260/10000 loss:6.8694 t:374315ms avg:1439.7ms
step:280/10000 loss:6.8616 t:412712ms avg:1474.0ms
step:290/10000 val_loss:6.6955 val_bpb:4.0306 train_time:431884ms zero_frac:0.419
stopping_early: wallclock_cap train_time:431884ms step:290/10000
artifact:9.95MB ternary:29360128(6330800B) fp:2070284(4140568B) code:185213
budget:10134093/16000000 (10.13/16.00MB) FITS
eval_feedback_passes:2
final_ternary_roundtrip val_loss:6.6965 val_bpb:4.0312
=== DONE baseline ===
Log      : logs/ablation_baseline_distill_002.log
Artifact : logs/ablation_baseline_distill_002_model.ternary.ptz
Submit   : logs/ablation_baseline_distill_002_submission.json
