Hyperparameters:
  adam_eps: 1e-08
  adam_wd: 0.02
  beta1: 0.9
  beta2: 0.95
  compressor: brotli
  data_dir: /root/parameter-golf/data
  datasets_dir: /root/parameter-golf/data/datasets/fineweb10B_sp8192
  distributed: True
  ema_decay: 0.9965
  embed_bits: 8
  embed_clip_sigmas: 20.0
  embed_lr: 0.6
  embed_wd: 0.085
  embedding_dim: 512
  enable_looping_at: 0.35
  etlb_clip: 3.0
  etlb_enabled: False
  etlb_lr: 0.05
  etlb_steps: 5
  eval_seq_len: 2048
  eval_stride: 64
  gptq_calibration_batches: 64
  gptq_reserve_seconds: 12.0
  grad_accum_steps: 1
  grad_clip_norm: 0.3
  head_lr: 0.008
  is_main_process: True
  iterations: 20000
  ln_scale: True
  local_rank: 0
  logfile: logs/sp8192_delta_geo_ruler_8x_verify_20260430_210822.txt
  logit_softcap: 30.0
  loop_end: 5
  loop_start: 3
  matrix_bits: 6
  matrix_clip_sigmas: 12.85
  matrix_lr: 0.022
  max_wallclock_seconds: 600.0
  min_lr: 0.0
  mlp_mult: 4.0
  model_dim: 512
  model_path: final_model.pt
  muon_backend_steps: 5
  muon_beta2: 0.95
  muon_momentum: 0.99
  muon_momentum_warmup_start: 0.92
  muon_momentum_warmup_steps: 1500
  muon_row_normalize: True
  muon_wd: 0.095
  num_heads: 8
  num_kv_heads: 4
  num_layers: 11
  num_loops: 2
  parallel_residual_start: 7
  qk_gain_init: 5.25
  quantized_model_path: final_model.int6.ptz
  rank: 0
  rope_base: 10000.0
  rope_dims: 16
  rope_train_seq_len: 2048
  ruler_anchor_stride: 64
  ruler_init_alpha: 0.005
  ruler_layers: (9, 10)
  ruler_mode: delta
  ruler_norm: 1.0
  ruler_offsets: (1, 3, 7, 15, 31, 63, 127, 255)
  ruler_token_scale: 2.0
  run_id: sp8192_delta_geo_ruler_8x_verify_20260430_210822
  scalar_lr: 0.02
  seed: 42
  skip_gates_enabled: True
  sliding_window_enabled: True
  tie_embeddings: True
  tied_embed_init_std: 0.005
  tied_embed_lr: 0.03
  tokenizer_path: /root/parameter-golf/data/tokenizers/fineweb_8192_bpe.model
  train_batch_tokens: 786432
  train_files: /root/parameter-golf/data/datasets/fineweb10B_sp8192/fineweb_train_*.bin
  train_log_every: 500
  train_seq_len: 2048
  ttt_chunk_tokens: 32768
  ttt_enabled: False
  ttt_epochs: 3
  ttt_lr: 0.005
  ttt_momentum: 0.9
  ttt_trainable: all
  val_batch_tokens: 524288
  val_files: /root/parameter-golf/data/datasets/fineweb10B_sp8192/fineweb_val_*.bin
  val_loss_every: 4000
  vocab_size: 8192
  warmdown_frac: 0.72
  warmup_steps: 20
  world_size: 8
  xsa_last_n: 11
train_shards: 80
val_tokens: 40540160
model_params:35944624
gptq:reserving 12s, effective=588000ms
warmup_step: 1/20
warmup_step: 2/20
warmup_step: 3/20
warmup_step: 4/20
warmup_step: 5/20
warmup_step: 6/20
warmup_step: 10/20
warmup_step: 20/20
loop_warmup:enabled encoder:[0, 1, 2, 3, 4, 5, 3, 4] decoder:[5, 3, 4, 5, 6, 7, 8, 9, 10]
loop_warmup_step: 1/20
loop_warmup_step: 2/20
loop_warmup_step: 3/20
loop_warmup_step: 4/20
loop_warmup_step: 5/20
loop_warmup_step: 6/20
loop_warmup_step: 10/20
loop_warmup_step: 20/20
0/20000 val_loss: 9.0084 val_bpb: 3.4874
1/20000 train_loss: 9.0098 train_time: 0.0m tok/s: 6653918
2/20000 train_loss: 12.2842 train_time: 0.0m tok/s: 6537126
3/20000 train_loss: 10.9181 train_time: 0.0m tok/s: 6489881
4/20000 train_loss: 9.3834 train_time: 0.0m tok/s: 6464607
5/20000 train_loss: 8.2708 train_time: 0.0m tok/s: 6447771
500/20000 train_loss: 3.3722 train_time: 1.0m tok/s: 6377375
1000/20000 train_loss: 3.2820 train_time: 2.1m tok/s: 6379544
1500/20000 train_loss: 3.1819 train_time: 3.1m tok/s: 6385822
layer_loop:enabled step:1672 frac:0.350 encoder:[0, 1, 2, 3, 4, 5, 3, 4] decoder:[5, 3, 4, 5, 6, 7, 8, 9, 10]
2000/20000 train_loss: 3.0289 train_time: 4.5m tok/s: 5864949
2500/20000 train_loss: 3.0843 train_time: 6.1m tok/s: 5396525
3000/20000 train_loss: 2.8456 train_time: 7.7m tok/s: 5135443
3500/20000 train_loss: 2.8646 train_time: 9.2m tok/s: 4964927
3674/20000 val_loss: 2.8331 val_bpb: 1.0968
stopping_early: wallclock_cap train_time: 588024ms step: 3674/20000
peak memory allocated: 43506 MiB reserved: 43770 MiB
ema:applying EMA weights
pre-quantization post-ema val_loss:2.83101399 val_bpb:1.09597374 eval_time:19708ms
Serialized model: 135431675 bytes
Code size: 17650 bytes
GPTQ:collecting Hessians from calibration data...
GPTQ:collected 67 Hessians in 15.1s
Quantized weights:
  gptq (int6): blocks.attn.c_k.weight, blocks.attn.c_q.weight, blocks.attn.c_v.weight, blocks.attn.proj.weight, blocks.mlp.fc.weight, blocks.mlp.proj.weight
  gptq (int8): tok_emb.weight
  passthrough (float16): blocks.attn.q_gain, blocks.attn_scale, blocks.mlp_scale, blocks.resid_mix, ruler_gates, skip_gates, skip_weights
Serialized model quantized+brotli: 15977543 bytes
Total submission size quantized+brotli: 15995193 bytes
quantized val_loss:2.85799878 val_bpb:1.10642039 eval_time:165112ms
quantized_sliding_window val_loss:2.81504162 val_bpb:1.08979034 eval_time:451146ms
