Running baseline (L=8 D=512 C=128 MODE=screen SMOKE=1)
logs/cuda/run_1775451349.txt
Muon optimizer: matrix_lr=0.02 scalar_lr=0.015 embed_lr=0.025
params:31954700 L:8 d:512 h:8 kv:4 ws:1 ga:8 s:1337
step:1/10000 loss:7.0866 t:1582ms avg:1581.9ms
step:2/10000 loss:6.8051 t:2628ms avg:1314.1ms
step:3/10000 loss:8.2176 t:3707ms avg:1235.7ms
step:4/10000 loss:7.5891 t:4798ms avg:1199.4ms
step:5/10000 loss:24.9554 t:5914ms avg:1182.8ms
step:6/10000 loss:10.7867 t:7082ms avg:1180.4ms
step:7/10000 loss:13.0649 t:8346ms avg:1192.2ms
step:8/10000 loss:16.7926 t:9529ms avg:1191.2ms
step:9/10000 loss:12.6955 t:10692ms avg:1187.9ms
step:10/10000 loss:12.1452 t:12060ms avg:1206.0ms
step:11/10000 loss:12.4412 t:13550ms avg:1231.8ms
step:12/10000 loss:9.3404 t:14939ms avg:1244.9ms
step:13/10000 loss:15.9680 t:16327ms avg:1255.9ms
step:14/10000 loss:14.8114 t:17880ms avg:1277.2ms
step:15/10000 loss:13.1789 t:19381ms avg:1292.1ms
step:16/10000 loss:36.9386 t:20938ms avg:1308.6ms
step:17/10000 loss:26.2187 t:22362ms avg:1315.4ms
step:18/10000 loss:13.0011 t:24348ms avg:1352.7ms
step:19/10000 loss:12.6378 t:26400ms avg:1389.5ms
step:20/10000 loss:11.5891 t:28529ms avg:1426.5ms
step:21/10000 loss:9.7863 t:30718ms avg:1462.8ms
step:22/10000 loss:8.7663 t:32692ms avg:1486.0ms
step:23/10000 loss:8.0350 t:34632ms avg:1505.7ms
step:24/10000 loss:7.4712 t:36544ms avg:1522.7ms
step:25/10000 loss:7.3228 t:38490ms avg:1539.6ms
step:26/10000 loss:7.1559 t:40414ms avg:1554.4ms
step:27/10000 loss:7.0542 t:42377ms avg:1569.5ms
step:28/10000 loss:7.0180 t:44312ms avg:1582.6ms
step:29/10000 loss:6.9593 t:46210ms avg:1593.5ms
step:30/10000 loss:6.9912 t:48117ms avg:1603.9ms
step:30/10000 val_loss:6.7347 val_bpb:4.0542 train_time:48122ms zero_frac:0.414
stopping_early: wallclock_cap train_time:48122ms step:30/10000
artifact:9.93MB ternary:29360128(6632290B) fp:2070284(4140568B) code:185213
budget:10115321/16000000 (10.12/16.00MB) FITS
eval_feedback_passes:2
final_ternary_roundtrip val_loss:6.7343 val_bpb:4.0540
=== DONE baseline ===
Log      : logs/ablation_baseline.log
Artifact : logs/ablation_baseline_model.ternary.ptz
Submit   : logs/ablation_baseline_submission.json
