W0428 02:18:40.671000 245349 torch/distributed/run.py:803] 
W0428 02:18:40.671000 245349 torch/distributed/run.py:803] *****************************************
W0428 02:18:40.671000 245349 torch/distributed/run.py:803] Setting OMP_NUM_THREADS environment variable for each process to be 1 in default, to avoid your system being overloaded, please further tune the variable for optimal performance in your application as needed. 
W0428 02:18:40.671000 245349 torch/distributed/run.py:803] *****************************************
Hyperparameters:
  adam_eps: 1e-08
  adam_wd: 0.02
  artifact_dir: 
  attn_clip_sigmas: 13.0
  attn_out_gate_enabled: False
  attn_out_gate_src: proj
  beta1: 0.9
  beta2: 0.95
  caseops_enabled: True
  compressor: brotli
  data_dir: ./data
  datasets_dir: /runpod-volume/caseops_data/datasets/datasets/fineweb10B_sp8192_lossless_caps_caseops_v1_reserved
  distributed: True
  ema_decay: 0.9965
  embed_bits: 7
  embed_clip_sigmas: 15.0
  embed_lr: 0.6
  embed_wd: 0.085
  enable_looping_at: 0.35
  eval_seq_len: 2048
  eval_stride: 64
  fused_ce_enabled: True
  gate_window: 12
  gated_attn_enabled: False
  gated_attn_init_std: 0.01
  gated_attn_quant_gate: False
  global_ttt_batch_seqs: 32
  global_ttt_chunk_tokens: 32768
  global_ttt_epochs: 1
  global_ttt_grad_clip: 1.0
  global_ttt_lr: 0.001
  global_ttt_momentum: 0.9
  global_ttt_respect_doc_boundaries: True
  global_ttt_warmup_chunks: 0
  global_ttt_warmup_start_lr: 0.0
  gptq_calibration_batches: 16
  gptq_reserve_seconds: 0.5
  grad_accum_steps: 1
  grad_clip_norm: 0.3
  is_main_process: True
  iterations: 20000
  ln_scale: True
  local_rank: 0
  logfile: logs/dex_ppm_s314_20260428_021839.txt
  logit_softcap: 30.0
  loop_end: 5
  loop_start: 3
  lqer_asym_enabled: True
  lqer_asym_group: 64
  lqer_enabled: True
  lqer_factor_bits: 4
  lqer_rank: 4
  lqer_top_k: 3
  matrix_bits: 6
  matrix_clip_sigmas: 12.85
  matrix_lr: 0.026
  max_wallclock_seconds: 600.0
  min_lr: 0.1
  mlp_clip_sigmas: 12.0
  mlp_mult: 4.0
  model_dim: 512
  model_path: final_model.pt
  muon_backend_steps: 5
  muon_momentum: 0.97
  muon_momentum_warmup_start: 0.92
  muon_momentum_warmup_steps: 1500
  muon_row_normalize: True
  muon_wd: 0.095
  num_heads: 8
  num_kv_heads: 4
  num_layers: 11
  num_loops: 2
  parallel_final_lane: mean
  parallel_start_layer: 8
  phased_ttt_num_phases: 3
  phased_ttt_prefix_docs: 2000
  ppm_conf_threshold: 0.9
  ppm_enabled: True
  ppm_lambda_hi: 0.9
  ppm_lambda_lo: 0.05
  ppm_order: 5
  ppm_subset_tokens: 8000000
  qk_gain_init: 5.0
  quantized_model_path: final_model.int6.ptz
  rank: 0
  rope_base: 10000.0
  rope_dims: 16
  rope_train_seq_len: 2048
  rope_yarn: False
  run_id: dex_ppm_s314_20260428_021839
  scalar_lr: 0.02
  seed: 314
  skip_gates_enabled: True
  smear_gate_enabled: True
  sparse_attn_gate_enabled: True
  sparse_attn_gate_init_std: 0.0
  sparse_attn_gate_scale: 1.0
  tie_embeddings: True
  tied_embed_init_std: 0.005
  tied_embed_lr: 0.03
  tokenizer_path: /runpod-volume/caseops_data/datasets/tokenizers/fineweb_8192_bpe_lossless_caps_caseops_v1_reserved.model
  train_batch_tokens: 786432
  train_files: /runpod-volume/caseops_data/datasets/datasets/fineweb10B_sp8192_lossless_caps_caseops_v1_reserved/fineweb_train_*.bin
  train_log_every: 500
  train_seq_len: 2048
  ttt_batch_size: 64
  ttt_beta1: 0.0
  ttt_beta2: 0.999
  ttt_chunk_size: 48
  ttt_enabled: True
  ttt_eval_batches: 
  ttt_eval_seq_len: 2048
  ttt_grad_steps: 1
  ttt_k_lora: True
  ttt_lora_lr: 0.0001
  ttt_lora_rank: 96
  ttt_mlp_lora: True
  ttt_o_lora: True
  ttt_optimizer: adam
  ttt_weight_decay: 1.0
  val_batch_tokens: 524288
  val_bytes_files: /runpod-volume/caseops_data/datasets/datasets/fineweb10B_sp8192_lossless_caps_caseops_v1_reserved/fineweb_val_bytes_*.bin
  val_doc_fraction: 1.0
  val_files: /runpod-volume/caseops_data/datasets/datasets/fineweb10B_sp8192_lossless_caps_caseops_v1_reserved/fineweb_val_*.bin
  val_loss_every: 4000
  vocab_size: 8192
  warmdown_frac: 0.75
  warmup_steps: 20
  world_size: 8
  xsa_last_n: 11
train_shards: 1499
val_tokens: 47851520
model_params:35945671
gptq:reserving 0s, effective=599500ms
warmup_cu_buckets:64,128,192,256 iters_each:3
warmup_step: 1/20
warmup_step: 2/20
warmup_step: 3/20
warmup_step: 4/20
warmup_step: 5/20
warmup_step: 6/20
warmup_step: 10/20
warmup_step: 20/20
loop_warmup:enabled encoder:[0, 1, 2, 3, 4, 5, 3, 4] decoder:[5, 3, 4, 5, 6, 7, 8, 9, 10]
loop_warmup_step: 1/20
loop_warmup_step: 2/20
loop_warmup_step: 3/20
loop_warmup_step: 4/20
loop_warmup_step: 5/20
loop_warmup_step: 6/20
loop_warmup_step: 10/20
loop_warmup_step: 20/20
0/20000 val_loss: 8.9980 val_bpb: 4.1115
1/20000 train_loss: 8.9988 train_time: 0.0m tok/s: 12444960
2/20000 train_loss: 12.8365 train_time: 0.0m tok/s: 11591109
3/20000 train_loss: 10.2102 train_time: 0.0m tok/s: 10310668
4/20000 train_loss: 8.6648 train_time: 0.0m tok/s: 9797536
5/20000 train_loss: 7.9220 train_time: 0.0m tok/s: 9477946
500/20000 train_loss: 2.7337 train_time: 0.8m tok/s: 8364926
1000/20000 train_loss: 2.7903 train_time: 1.6m tok/s: 8342740
1500/20000 train_loss: 2.7332 train_time: 2.4m tok/s: 8337609
2000/20000 train_loss: 2.5031 train_time: 3.1m tok/s: 8337364
layer_loop:enabled step:2225 frac:0.350 encoder:[0, 1, 2, 3, 4, 5, 3, 4] decoder:[5, 3, 4, 5, 6, 7, 8, 9, 10]
2500/20000 train_loss: 2.6836 train_time: 4.1m tok/s: 7920681
3000/20000 train_loss: 2.4967 train_time: 5.3m tok/s: 7420649
3500/20000 train_loss: 2.3763 train_time: 6.5m tok/s: 7101615
4000/20000 train_loss: 2.5214 train_time: 7.6m tok/s: 6880547
4000/20000 val_loss: 2.4393 val_bpb: 1.1146
4500/20000 train_loss: 2.3985 train_time: 8.8m tok/s: 6718104
5000/20000 train_loss: 2.2772 train_time: 9.9m tok/s: 6593409
5016/20000 val_loss: 2.3538 val_bpb: 1.0755
stopping_early: wallclock_cap train_time: 599628ms step: 5016/20000
peak memory allocated: 41709 MiB reserved: 47026 MiB
ema:applying EMA weights
diagnostic pre-quantization post-ema val_loss:2.33058132 val_bpb:1.06491680 eval_time:7383ms
Serialized model: 135417533 bytes
Code size (uncompressed): 160841 bytes
Code size (compressed): 33080 bytes
GPTQ:collecting Hessians from calibration data...
GPTQ:collected 67 Hessians in 3.5s
Quantized weights:
  gptq (int6): blocks.attn.c_k.weight, blocks.attn.c_q.weight, blocks.attn.c_v.weight, blocks.attn.proj.weight, blocks.mlp.fc.weight, blocks.mlp.proj.weight
  gptq (int6)+lqer_asym: blocks.mlp.fc.weight
  gptq (int7)+lqer_asym: tok_emb.weight
  passthrough (float16): blocks.attn.attn_gate_w, blocks.attn.q_gain, blocks.attn_scale, blocks.mlp_scale, blocks.resid_mix, parallel_post_lambdas, parallel_resid_lambdas, skip_gates, skip_weights, smear_gate.weight, smear_lambda
Serialized model quantized+brotli: 15920425 bytes
Total submission size quantized+brotli: 15953505 bytes
diagnostic quantized val_loss:2.35017278 val_bpb:1.07386876 eval_time:11178ms
ttt_lora:warming up compile (random tokens, no val data)
ttt_lora:compile warmup done (107.5s)

beginning TTT eval timer
ttt_phased: total_docs:50000 prefix_docs:2000 suffix_docs:48000 num_phases:3 boundaries:[666, 1333, 2000]
ttp: b782/782 bl:2.1454 bb:1.0159 rl:2.1454 rb:1.0159 dl:30339-97114 gd:0
ttpp: phase:1/3 pd:1104 gd:666 t:218.7s
tttg: c1/111 lr:0.001000 t:0.3s
tttg: c2/111 lr:0.001000 t:0.4s
tttg: c3/111 lr:0.000999 t:0.5s
tttg: c4/111 lr:0.000998 t:0.6s
tttg: c5/111 lr:0.000997 t:0.7s
tttg: c6/111 lr:0.000995 t:0.7s
tttg: c7/111 lr:0.000993 t:0.8s
tttg: c8/111 lr:0.000990 t:0.9s
tttg: c9/111 lr:0.000987 t:1.0s
tttg: c10/111 lr:0.000984 t:1.0s
tttg: c11/111 lr:0.000980 t:1.1s
tttg: c12/111 lr:0.000976 t:1.2s
tttg: c13/111 lr:0.000971 t:1.2s
tttg: c14/111 lr:0.000966 t:1.3s
tttg: c15/111 lr:0.000961 t:1.4s
tttg: c16/111 lr:0.000955 t:1.5s
tttg: c17/111 lr:0.000949 t:1.6s
tttg: c18/111 lr:0.000942 t:1.6s
tttg: c19/111 lr:0.000935 t:1.7s
tttg: c20/111 lr:0.000928 t:1.8s
tttg: c21/111 lr:0.000921 t:1.9s
tttg: c22/111 lr:0.000913 t:2.0s
tttg: c23/111 lr:0.000905 t:2.1s
tttg: c24/111 lr:0.000896 t:2.2s
tttg: c25/111 lr:0.000887 t:2.3s
tttg: c26/111 lr:0.000878 t:2.3s
tttg: c27/111 lr:0.000868 t:2.4s
tttg: c28/111 lr:0.000859 t:2.5s
tttg: c29/111 lr:0.000848 t:2.6s
tttg: c30/111 lr:0.000838 t:2.6s
tttg: c31/111 lr:0.000827 t:2.7s
tttg: c32/111 lr:0.000817 t:2.8s
tttg: c33/111 lr:0.000805 t:2.9s
tttg: c34/111 lr:0.000794 t:3.0s
tttg: c35/111 lr:0.000782 t:3.0s
tttg: c36/111 lr:0.000770 t:3.1s
tttg: c37/111 lr:0.000758 t:3.2s
tttg: c38/111 lr:0.000746 t:3.2s
tttg: c39/111 lr:0.000733 t:3.3s
tttg: c40/111 lr:0.000721 t:3.4s
tttg: c41/111 lr:0.000708 t:3.5s
tttg: c42/111 lr:0.000695 t:3.5s
tttg: c43/111 lr:0.000681 t:3.6s
tttg: c44/111 lr:0.000668 t:3.7s
tttg: c45/111 lr:0.000655 t:3.8s
tttg: c46/111 lr:0.000641 t:3.9s
tttg: c47/111 lr:0.000627 t:3.9s
tttg: c48/111 lr:0.000613 t:4.0s
tttg: c49/111 lr:0.000599 t:4.1s
tttg: c50/111 lr:0.000585 t:4.2s
tttg: c51/111 lr:0.000571 t:4.3s
tttg: c52/111 lr:0.000557 t:4.3s
tttg: c53/111 lr:0.000543 t:4.4s
tttg: c54/111 lr:0.000529 t:4.5s
tttg: c55/111 lr:0.000514 t:4.6s
tttg: c56/111 lr:0.000500 t:4.6s
tttg: c57/111 lr:0.000486 t:4.7s
tttg: c58/111 lr:0.000471 t:4.8s
tttg: c59/111 lr:0.000457 t:4.9s
tttg: c60/111 lr:0.000443 t:4.9s
tttg: c61/111 lr:0.000429 t:5.0s
tttg: c62/111 lr:0.000415 t:5.1s
tttg: c63/111 lr:0.000401 t:5.2s
tttg: c64/111 lr:0.000387 t:5.2s
tttg: c65/111 lr:0.000373 t:5.3s
tttg: c66/111 lr:0.000359 t:5.4s
tttg: c67/111 lr:0.000345 t:5.5s
tttg: c68/111 lr:0.000332 t:5.5s
tttg: c69/111 lr:0.000319 t:5.6s
tttg: c70/111 lr:0.000305 t:5.7s
tttg: c71/111 lr:0.000292 t:5.8s
tttg: c72/111 lr:0.000279 t:5.9s
tttg: c73/111 lr:0.000267 t:5.9s
tttg: c74/111 lr:0.000254 t:6.0s
tttg: c75/111 lr:0.000242 t:6.1s
tttg: c76/111 lr:0.000230 t:6.2s
tttg: c77/111 lr:0.000218 t:6.2s
tttg: c78/111 lr:0.000206 t:6.3s
tttg: c79/111 lr:0.000195 t:6.4s
tttg: c80/111 lr:0.000183 t:6.5s
tttg: c81/111 lr:0.000173 t:6.6s
tttg: c82/111 lr:0.000162 t:6.6s
tttg: c83/111 lr:0.000152 t:6.7s
tttg: c84/111 lr:0.000141 t:6.8s
tttg: c85/111 lr:0.000132 t:6.8s
tttg: c86/111 lr:0.000122 t:6.9s
tttg: c87/111 lr:0.000113 t:7.0s
tttg: c88/111 lr:0.000104 t:7.1s
tttg: c89/111 lr:0.000095 t:7.2s
tttg: c90/111 lr:0.000087 t:7.2s
tttg: c91/111 lr:0.000079 t:7.3s
tttg: c92/111 lr:0.000072 t:7.4s
tttg: c93/111 lr:0.000065 t:7.4s
tttg: c94/111 lr:0.000058 t:7.5s
tttg: c95/111 lr:0.000051 t:7.6s
tttg: c96/111 lr:0.000045 t:7.7s
tttg: c97/111 lr:0.000039 t:7.8s
tttg: c98/111 lr:0.000034 t:7.8s
tttg: c99/111 lr:0.000029 t:7.9s
tttg: c100/111 lr:0.000024 t:8.0s
tttg: c101/111 lr:0.000020 t:8.1s
tttg: c102/111 lr:0.000016 t:8.1s
tttg: c103/111 lr:0.000013 t:8.2s
tttg: c104/111 lr:0.000010 t:8.3s
tttg: c105/111 lr:0.000007 t:8.3s
tttg: c106/111 lr:0.000005 t:8.4s
tttg: c107/111 lr:0.000003 t:8.5s
tttg: c108/111 lr:0.000002 t:8.6s
tttg: c109/111 lr:0.000001 t:8.7s
tttg: c110/111 lr:0.000000 t:8.7s
ttpr: phase:1/3 t:229.5s
ttp: b760/782 bl:2.3526 bb:1.0417 rl:2.1950 rb:1.0224 dl:3817-3916 gd:0
ttpp: phase:2/3 pd:1808 gd:1333 t:303.9s
tttg: c1/185 lr:0.001000 t:0.2s
tttg: c2/185 lr:0.001000 t:0.3s
tttg: c3/185 lr:0.001000 t:0.3s
tttg: c4/185 lr:0.000999 t:0.4s
tttg: c5/185 lr:0.000999 t:0.5s
tttg: c6/185 lr:0.000998 t:0.5s
tttg: c7/185 lr:0.000997 t:0.6s
tttg: c8/185 lr:0.000996 t:0.7s
tttg: c9/185 lr:0.000995 t:0.8s
tttg: c10/185 lr:0.000994 t:0.8s
tttg: c11/185 lr:0.000993 t:0.9s
tttg: c12/185 lr:0.000991 t:1.0s
tttg: c13/185 lr:0.000990 t:1.1s
tttg: c14/185 lr:0.000988 t:1.1s
tttg: c15/185 lr:0.000986 t:1.2s
tttg: c16/185 lr:0.000984 t:1.3s
tttg: c17/185 lr:0.000981 t:1.4s
tttg: c18/185 lr:0.000979 t:1.5s
tttg: c19/185 lr:0.000977 t:1.5s
tttg: c20/185 lr:0.000974 t:1.6s
tttg: c21/185 lr:0.000971 t:1.7s
tttg: c22/185 lr:0.000968 t:1.7s
tttg: c23/185 lr:0.000965 t:1.8s
tttg: c24/185 lr:0.000962 t:1.9s
tttg: c25/185 lr:0.000959 t:2.0s
tttg: c26/185 lr:0.000955 t:2.1s
tttg: c27/185 lr:0.000952 t:2.1s
tttg: c28/185 lr:0.000948 t:2.2s
tttg: c29/185 lr:0.000944 t:2.3s
tttg: c30/185 lr:0.000940 t:2.4s
tttg: c31/185 lr:0.000936 t:2.4s
tttg: c32/185 lr:0.000932 t:2.5s
tttg: c33/185 lr:0.000927 t:2.6s
tttg: c34/185 lr:0.000923 t:2.7s
tttg: c35/185 lr:0.000918 t:2.7s
tttg: c36/185 lr:0.000913 t:2.8s
tttg: c37/185 lr:0.000908 t:2.9s
tttg: c38/185 lr:0.000904 t:3.0s
tttg: c39/185 lr:0.000898 t:3.0s
tttg: c40/185 lr:0.000893 t:3.1s
tttg: c41/185 lr:0.000888 t:3.2s
tttg: c42/185 lr:0.000882 t:3.3s
tttg: c43/185 lr:0.000877 t:3.3s
tttg: c44/185 lr:0.000871 t:3.4s
tttg: c45/185 lr:0.000865 t:3.5s
tttg: c46/185 lr:0.000860 t:3.6s
tttg: c47/185 lr:0.000854 t:3.6s
tttg: c48/185 lr:0.000847 t:3.7s
tttg: c49/185 lr:0.000841 t:3.8s
tttg: c50/185 lr:0.000835 t:3.9s
tttg: c51/185 lr:0.000829 t:3.9s
tttg: c52/185 lr:0.000822 t:4.0s
tttg: c53/185 lr:0.000816 t:4.1s
tttg: c54/185 lr:0.000809 t:4.2s
tttg: c55/185 lr:0.000802 t:4.2s
tttg: c56/185 lr:0.000795 t:4.3s
tttg: c57/185 lr:0.000788 t:4.4s
tttg: c58/185 lr:0.000781 t:4.5s
tttg: c59/185 lr:0.000774 t:4.5s
tttg: c60/185 lr:0.000767 t:4.6s
tttg: c61/185 lr:0.000760 t:4.7s
tttg: c62/185 lr:0.000752 t:4.8s
tttg: c63/185 lr:0.000745 t:4.8s
tttg: c64/185 lr:0.000738 t:4.9s
tttg: c65/185 lr:0.000730 t:5.0s
tttg: c66/185 lr:0.000722 t:5.1s
tttg: c67/185 lr:0.000715 t:5.2s
tttg: c68/185 lr:0.000707 t:5.2s
tttg: c69/185 lr:0.000699 t:5.3s
tttg: c70/185 lr:0.000691 t:5.4s
tttg: c71/185 lr:0.000683 t:5.5s
tttg: c72/185 lr:0.000675 t:5.5s
tttg: c73/185 lr:0.000667 t:5.6s
tttg: c74/185 lr:0.000659 t:5.7s
tttg: c75/185 lr:0.000651 t:5.8s
tttg: c76/185 lr:0.000643 t:5.8s
tttg: c77/185 lr:0.000635 t:5.9s
tttg: c78/185 lr:0.000627 t:6.0s
tttg: c79/185 lr:0.000618 t:6.1s
tttg: c80/185 lr:0.000610 t:6.2s
tttg: c81/185 lr:0.000602 t:6.2s
tttg: c82/185 lr:0.000593 t:6.3s
tttg: c83/185 lr:0.000585 t:6.4s
tttg: c84/185 lr:0.000577 t:6.5s
tttg: c85/185 lr:0.000568 t:6.5s
tttg: c86/185 lr:0.000560 t:6.6s
tttg: c87/185 lr:0.000551 t:6.7s
tttg: c88/185 lr:0.000543 t:6.8s
tttg: c89/185 lr:0.000534 t:6.8s
tttg: c90/185 lr:0.000526 t:6.9s
tttg: c91/185 lr:0.000517 t:7.0s
tttg: c92/185 lr:0.000509 t:7.1s
tttg: c93/185 lr:0.000500 t:7.1s
tttg: c94/185 lr:0.000491 t:7.2s
tttg: c95/185 lr:0.000483 t:7.3s
tttg: c96/185 lr:0.000474 t:7.4s
tttg: c97/185 lr:0.000466 t:7.4s
tttg: c98/185 lr:0.000457 t:7.5s
tttg: c99/185 lr:0.000449 t:7.6s
tttg: c100/185 lr:0.000440 t:7.7s
tttg: c101/185 lr:0.000432 t:7.7s
tttg: c102/185 lr:0.000423 t:7.8s
tttg: c103/185 lr:0.000415 t:7.9s
tttg: c104/185 lr:0.000407 t:8.0s
tttg: c105/185 lr:0.000398 t:8.0s
tttg: c106/185 lr:0.000390 t:8.1s
tttg: c107/185 lr:0.000382 t:8.2s
tttg: c108/185 lr:0.000373 t:8.3s
tttg: c109/185 lr:0.000365 t:8.3s
tttg: c110/185 lr:0.000357 t:8.4s
tttg: c111/185 lr:0.000349 t:8.5s
tttg: c112/185 lr:0.000341 t:8.6s
tttg: c113/185 lr:0.000333 t:8.7s
tttg: c114/185 lr:0.000325 t:8.7s
tttg: c115/185 lr:0.000317 t:8.8s
tttg: c116/185 lr:0.000309 t:8.9s
tttg: c117/185 lr:0.000301 t:9.0s
tttg: c118/185 lr:0.000293 t:9.0s
tttg: c119/185 lr:0.000285 t:9.1s
tttg: c120/185 lr:0.000278 t:9.2s
tttg: c121/185 lr:0.000270 t:9.3s
tttg: c122/185 lr:0.000262 t:9.3s
tttg: c123/185 lr:0.000255 t:9.4s
tttg: c124/185 lr:0.000248 t:9.5s
tttg: c125/185 lr:0.000240 t:9.6s
tttg: c126/185 lr:0.000233 t:9.7s
tttg: c127/185 lr:0.000226 t:9.7s
tttg: c128/185 lr:0.000219 t:9.8s
tttg: c129/185 lr:0.000212 t:9.9s
tttg: c130/185 lr:0.000205 t:10.0s
tttg: c131/185 lr:0.000198 t:10.0s
tttg: c132/185 lr:0.000191 t:10.1s
tttg: c133/185 lr:0.000184 t:10.2s
tttg: c134/185 lr:0.000178 t:10.2s
tttg: c135/185 lr:0.000171 t:10.3s
tttg: c136/185 lr:0.000165 t:10.4s
tttg: c137/185 lr:0.000159 t:10.5s
tttg: c138/185 lr:0.000153 t:10.6s
tttg: c139/185 lr:0.000146 t:10.6s
tttg: c140/185 lr:0.000140 t:10.7s
tttg: c141/185 lr:0.000135 t:10.8s
tttg: c142/185 lr:0.000129 t:10.9s
tttg: c143/185 lr:0.000123 t:10.9s
tttg: c144/185 lr:0.000118 t:11.0s
tttg: c145/185 lr:0.000112 t:11.1s
tttg: c146/185 lr:0.000107 t:11.2s
tttg: c147/185 lr:0.000102 t:11.3s
tttg: c148/185 lr:0.000096 t:11.3s
tttg: c149/185 lr:0.000092 t:11.4s
tttg: c150/185 lr:0.000087 t:11.5s
tttg: c151/185 lr:0.000082 t:11.6s
tttg: c152/185 lr:0.000077 t:11.6s
tttg: c153/185 lr:0.000073 t:11.7s
tttg: c154/185 lr:0.000068 t:11.8s
tttg: c155/185 lr:0.000064 t:11.9s
tttg: c156/185 lr:0.000060 t:11.9s
tttg: c157/185 lr:0.000056 t:12.0s
tttg: c158/185 lr:0.000052 t:12.1s
tttg: c159/185 lr:0.000048 t:12.2s
tttg: c160/185 lr:0.000045 t:12.2s
tttg: c161/185 lr:0.000041 t:12.3s
tttg: c162/185 lr:0.000038 t:12.4s
tttg: c163/185 lr:0.000035 t:12.5s
tttg: c164/185 lr:0.000032 t:12.5s
tttg: c165/185 lr:0.000029 t:12.6s
tttg: c166/185 lr:0.000026 t:12.7s
tttg: c167/185 lr:0.000023 t:12.8s
tttg: c168/185 lr:0.000021 t:12.8s
tttg: c169/185 lr:0.000019 t:12.9s
tttg: c170/185 lr:0.000016 t:13.0s
tttg: c171/185 lr:0.000014 t:13.1s
tttg: c172/185 lr:0.000012 t:13.1s
tttg: c173/185 lr:0.000010 t:13.2s
tttg: c174/185 lr:0.000009 t:13.3s
tttg: c175/185 lr:0.000007 t:13.4s
tttg: c176/185 lr:0.000006 t:13.4s
tttg: c177/185 lr:0.000005 t:13.5s
tttg: c178/185 lr:0.000004 t:13.6s
tttg: c179/185 lr:0.000003 t:13.7s
tttg: c180/185 lr:0.000002 t:13.7s
tttg: c181/185 lr:0.000001 t:13.8s
tttg: c182/185 lr:0.000001 t:13.9s
tttg: c183/185 lr:0.000000 t:14.0s
tttg: c184/185 lr:0.000000 t:14.0s
ttpr: phase:2/3 t:320.0s
ttp: b752/782 bl:2.3337 bb:1.0728 rl:2.2182 rb:1.0309 dl:3222-3283 gd:0
ttpp: phase:3/3 pd:2448 gd:2000 t:337.3s
tttg: c1/250 lr:0.001000 t:0.1s
tttg: c2/250 lr:0.001000 t:0.2s
tttg: c3/250 lr:0.001000 t:0.2s
tttg: c4/250 lr:0.001000 t:0.3s
tttg: c5/250 lr:0.000999 t:0.4s
tttg: c6/250 lr:0.000999 t:0.5s
tttg: c7/250 lr:0.000999 t:0.5s
tttg: c8/250 lr:0.000998 t:0.6s
tttg: c9/250 lr:0.000997 t:0.7s
tttg: c10/250 lr:0.000997 t:0.8s
tttg: c11/250 lr:0.000996 t:0.8s
tttg: c12/250 lr:0.000995 t:0.9s
tttg: c13/250 lr:0.000994 t:1.0s
tttg: c14/250 lr:0.000993 t:1.1s
tttg: c15/250 lr:0.000992 t:1.1s
tttg: c16/250 lr:0.000991 t:1.2s
tttg: c17/250 lr:0.000990 t:1.3s
tttg: c18/250 lr:0.000989 t:1.4s
tttg: c19/250 lr:0.000987 t:1.4s
tttg: c20/250 lr:0.000986 t:1.5s
tttg: c21/250 lr:0.000984 t:1.6s
tttg: c22/250 lr:0.000983 t:1.7s
tttg: c23/250 lr:0.000981 t:1.7s
tttg: c24/250 lr:0.000979 t:1.8s
tttg: c25/250 lr:0.000977 t:1.9s
tttg: c26/250 lr:0.000975 t:2.0s
tttg: c27/250 lr:0.000973 t:2.1s
tttg: c28/250 lr:0.000971 t:2.1s
tttg: c29/250 lr:0.000969 t:2.2s
tttg: c30/250 lr:0.000967 t:2.3s
tttg: c31/250 lr:0.000965 t:2.4s
tttg: c32/250 lr:0.000962 t:2.4s
tttg: c33/250 lr:0.000960 t:2.5s
tttg: c34/250 lr:0.000957 t:2.6s
tttg: c35/250 lr:0.000955 t:2.7s
tttg: c36/250 lr:0.000952 t:2.8s
tttg: c37/250 lr:0.000949 t:2.8s
tttg: c38/250 lr:0.000947 t:2.9s
tttg: c39/250 lr:0.000944 t:3.0s
tttg: c40/250 lr:0.000941 t:3.1s
tttg: c41/250 lr:0.000938 t:3.1s
tttg: c42/250 lr:0.000935 t:3.2s
tttg: c43/250 lr:0.000931 t:3.3s
tttg: c44/250 lr:0.000928 t:3.4s
tttg: c45/250 lr:0.000925 t:3.4s
tttg: c46/250 lr:0.000922 t:3.5s
tttg: c47/250 lr:0.000918 t:3.6s
tttg: c48/250 lr:0.000915 t:3.7s
tttg: c49/250 lr:0.000911 t:3.7s
tttg: c50/250 lr:0.000907 t:3.8s
tttg: c51/250 lr:0.000904 t:3.9s
tttg: c52/250 lr:0.000900 t:4.0s
tttg: c53/250 lr:0.000896 t:4.0s
tttg: c54/250 lr:0.000892 t:4.1s
tttg: c55/250 lr:0.000888 t:4.2s
tttg: c56/250 lr:0.000884 t:4.3s
tttg: c57/250 lr:0.000880 t:4.4s
tttg: c58/250 lr:0.000876 t:4.4s
tttg: c59/250 lr:0.000872 t:4.5s
tttg: c60/250 lr:0.000868 t:4.6s
tttg: c61/250 lr:0.000863 t:4.7s
tttg: c62/250 lr:0.000859 t:4.7s
tttg: c63/250 lr:0.000855 t:4.8s
tttg: c64/250 lr:0.000850 t:4.9s
tttg: c65/250 lr:0.000846 t:5.0s
tttg: c66/250 lr:0.000841 t:5.0s
tttg: c67/250 lr:0.000836 t:5.1s
tttg: c68/250 lr:0.000832 t:5.2s
tttg: c69/250 lr:0.000827 t:5.3s
tttg: c70/250 lr:0.000822 t:5.4s
tttg: c71/250 lr:0.000817 t:5.4s
tttg: c72/250 lr:0.000812 t:5.5s
tttg: c73/250 lr:0.000807 t:5.6s
tttg: c74/250 lr:0.000803 t:5.7s
tttg: c75/250 lr:0.000797 t:5.7s
tttg: c76/250 lr:0.000792 t:5.8s
tttg: c77/250 lr:0.000787 t:5.9s
tttg: c78/250 lr:0.000782 t:6.0s
tttg: c79/250 lr:0.000777 t:6.1s
tttg: c80/250 lr:0.000772 t:6.1s
tttg: c81/250 lr:0.000766 t:6.2s
tttg: c82/250 lr:0.000761 t:6.3s
tttg: c83/250 lr:0.000755 t:6.4s
tttg: c84/250 lr:0.000750 t:6.4s
tttg: c85/250 lr:0.000745 t:6.5s
tttg: c86/250 lr:0.000739 t:6.6s
tttg: c87/250 lr:0.000733 t:6.7s
tttg: c88/250 lr:0.000728 t:6.7s
tttg: c89/250 lr:0.000722 t:6.8s
tttg: c90/250 lr:0.000717 t:6.9s
tttg: c91/250 lr:0.000711 t:7.0s
tttg: c92/250 lr:0.000705 t:7.1s
tttg: c93/250 lr:0.000699 t:7.1s
tttg: c94/250 lr:0.000694 t:7.2s
tttg: c95/250 lr:0.000688 t:7.3s
tttg: c96/250 lr:0.000682 t:7.4s
tttg: c97/250 lr:0.000676 t:7.4s
tttg: c98/250 lr:0.000670 t:7.5s
tttg: c99/250 lr:0.000664 t:7.6s
tttg: c100/250 lr:0.000658 t:7.7s
tttg: c101/250 lr:0.000652 t:7.7s
tttg: c102/250 lr:0.000646 t:7.8s
tttg: c103/250 lr:0.000640 t:7.9s
tttg: c104/250 lr:0.000634 t:8.0s
tttg: c105/250 lr:0.000628 t:8.0s
tttg: c106/250 lr:0.000622 t:8.1s
tttg: c107/250 lr:0.000616 t:8.2s
tttg: c108/250 lr:0.000610 t:8.3s
tttg: c109/250 lr:0.000603 t:8.4s
tttg: c110/250 lr:0.000597 t:8.4s
tttg: c111/250 lr:0.000591 t:8.5s
tttg: c112/250 lr:0.000585 t:8.6s
tttg: c113/250 lr:0.000579 t:8.7s
tttg: c114/250 lr:0.000572 t:8.7s
tttg: c115/250 lr:0.000566 t:8.8s
tttg: c116/250 lr:0.000560 t:8.9s
tttg: c117/250 lr:0.000554 t:9.0s
tttg: c118/250 lr:0.000547 t:9.0s
tttg: c119/250 lr:0.000541 t:9.1s
tttg: c120/250 lr:0.000535 t:9.2s
tttg: c121/250 lr:0.000528 t:9.3s
tttg: c122/250 lr:0.000522 t:9.3s
tttg: c123/250 lr:0.000516 t:9.4s
tttg: c124/250 lr:0.000509 t:9.5s
tttg: c125/250 lr:0.000503 t:9.6s
tttg: c126/250 lr:0.000497 t:9.6s
tttg: c127/250 lr:0.000491 t:9.7s
tttg: c128/250 lr:0.000484 t:9.8s
tttg: c129/250 lr:0.000478 t:9.9s
tttg: c130/250 lr:0.000472 t:9.9s
tttg: c131/250 lr:0.000465 t:10.0s
tttg: c132/250 lr:0.000459 t:10.1s
tttg: c133/250 lr:0.000453 t:10.2s
tttg: c134/250 lr:0.000446 t:10.2s
tttg: c135/250 lr:0.000440 t:10.3s
tttg: c136/250 lr:0.000434 t:10.4s
tttg: c137/250 lr:0.000428 t:10.5s
tttg: c138/250 lr:0.000421 t:10.6s
tttg: c139/250 lr:0.000415 t:10.6s
tttg: c140/250 lr:0.000409 t:10.7s
tttg: c141/250 lr:0.000403 t:10.8s
tttg: c142/250 lr:0.000397 t:10.9s
tttg: c143/250 lr:0.000390 t:10.9s
tttg: c144/250 lr:0.000384 t:11.0s
tttg: c145/250 lr:0.000378 t:11.1s
tttg: c146/250 lr:0.000372 t:11.2s
tttg: c147/250 lr:0.000366 t:11.2s
tttg: c148/250 lr:0.000360 t:11.3s
tttg: c149/250 lr:0.000354 t:11.4s
tttg: c150/250 lr:0.000348 t:11.5s
tttg: c151/250 lr:0.000342 t:11.5s
tttg: c152/250 lr:0.000336 t:11.6s
tttg: c153/250 lr:0.000330 t:11.7s
tttg: c154/250 lr:0.000324 t:11.8s
tttg: c155/250 lr:0.000318 t:11.8s
tttg: c156/250 lr:0.000312 t:11.9s
tttg: c157/250 lr:0.000306 t:12.0s
tttg: c158/250 lr:0.000301 t:12.1s
tttg: c159/250 lr:0.000295 t:12.1s
tttg: c160/250 lr:0.000289 t:12.2s
tttg: c161/250 lr:0.000283 t:12.3s
tttg: c162/250 lr:0.000278 t:12.4s
tttg: c163/250 lr:0.000272 t:12.4s
tttg: c164/250 lr:0.000267 t:12.5s
tttg: c165/250 lr:0.000261 t:12.6s
tttg: c166/250 lr:0.000255 t:12.7s
tttg: c167/250 lr:0.000250 t:12.8s
tttg: c168/250 lr:0.000245 t:12.9s
tttg: c169/250 lr:0.000239 t:12.9s
tttg: c170/250 lr:0.000234 t:13.0s
tttg: c171/250 lr:0.000228 t:13.1s
tttg: c172/250 lr:0.000223 t:13.2s
tttg: c173/250 lr:0.000218 t:13.2s
tttg: c174/250 lr:0.000213 t:13.3s
tttg: c175/250 lr:0.000208 t:13.4s
tttg: c176/250 lr:0.000203 t:13.5s
tttg: c177/250 lr:0.000197 t:13.5s
tttg: c178/250 lr:0.000193 t:13.6s
tttg: c179/250 lr:0.000188 t:13.7s
tttg: c180/250 lr:0.000183 t:13.8s
tttg: c181/250 lr:0.000178 t:13.8s
tttg: c182/250 lr:0.000173 t:13.9s
tttg: c183/250 lr:0.000168 t:14.0s
tttg: c184/250 lr:0.000164 t:14.1s
tttg: c185/250 lr:0.000159 t:14.1s
tttg: c186/250 lr:0.000154 t:14.2s
tttg: c187/250 lr:0.000150 t:14.3s
tttg: c188/250 lr:0.000145 t:14.4s
tttg: c189/250 lr:0.000141 t:14.5s
tttg: c190/250 lr:0.000137 t:14.5s
tttg: c191/250 lr:0.000132 t:14.6s
tttg: c192/250 lr:0.000128 t:14.7s
tttg: c193/250 lr:0.000124 t:14.8s
tttg: c194/250 lr:0.000120 t:14.8s
tttg: c195/250 lr:0.000116 t:14.9s
tttg: c196/250 lr:0.000112 t:15.0s
tttg: c197/250 lr:0.000108 t:15.0s
tttg: c198/250 lr:0.000104 t:15.1s
tttg: c199/250 lr:0.000100 t:15.2s
tttg: c200/250 lr:0.000096 t:15.3s
tttg: c201/250 lr:0.000093 t:15.4s
tttg: c202/250 lr:0.000089 t:15.4s
tttg: c203/250 lr:0.000085 t:15.5s
tttg: c204/250 lr:0.000082 t:15.6s
tttg: c205/250 lr:0.000078 t:15.7s
tttg: c206/250 lr:0.000075 t:15.7s
tttg: c207/250 lr:0.000072 t:15.8s
tttg: c208/250 lr:0.000069 t:15.9s
tttg: c209/250 lr:0.000065 t:16.0s
tttg: c210/250 lr:0.000062 t:16.0s
tttg: c211/250 lr:0.000059 t:16.1s
tttg: c212/250 lr:0.000056 t:16.2s
tttg: c213/250 lr:0.000053 t:16.3s
tttg: c214/250 lr:0.000051 t:16.3s
tttg: c215/250 lr:0.000048 t:16.4s
tttg: c216/250 lr:0.000045 t:16.5s
tttg: c217/250 lr:0.000043 t:16.6s
tttg: c218/250 lr:0.000040 t:16.7s
tttg: c219/250 lr:0.000038 t:16.7s
tttg: c220/250 lr:0.000035 t:16.8s
tttg: c221/250 lr:0.000033 t:16.9s
tttg: c222/250 lr:0.000031 t:17.0s
tttg: c223/250 lr:0.000029 t:17.0s
tttg: c224/250 lr:0.000027 t:17.1s
tttg: c225/250 lr:0.000025 t:17.2s
tttg: c226/250 lr:0.000023 t:17.3s
tttg: c227/250 lr:0.000021 t:17.3s
tttg: c228/250 lr:0.000019 t:17.4s
tttg: c229/250 lr:0.000017 t:17.5s
tttg: c230/250 lr:0.000016 t:17.6s
tttg: c231/250 lr:0.000014 t:17.6s
tttg: c232/250 lr:0.000013 t:17.7s
tttg: c233/250 lr:0.000011 t:17.8s
tttg: c234/250 lr:0.000010 t:17.8s
tttg: c235/250 lr:0.000009 t:17.9s
tttg: c236/250 lr:0.000008 t:18.0s
tttg: c237/250 lr:0.000007 t:18.1s
tttg: c238/250 lr:0.000006 t:18.2s
tttg: c239/250 lr:0.000005 t:18.2s
tttg: c240/250 lr:0.000004 t:18.3s
tttg: c241/250 lr:0.000003 t:18.4s
tttg: c242/250 lr:0.000003 t:18.5s
tttg: c243/250 lr:0.000002 t:18.5s
tttg: c244/250 lr:0.000001 t:18.6s
tttg: c245/250 lr:0.000001 t:18.7s
tttg: c246/250 lr:0.000001 t:18.8s
tttg: c247/250 lr:0.000000 t:18.9s
tttg: c248/250 lr:0.000000 t:18.9s
tttg: c249/250 lr:0.000000 t:19.0s
ttpr: phase:3/3 t:358.3s
ttp: b740/782 bl:2.2645 bb:1.0395 rl:2.2238 rb:1.0320 dl:2653-2686 gd:1
ttp: b732/782 bl:2.3683 bb:1.0906 rl:2.2381 rb:1.0378 dl:2416-2441 gd:1
ttp: b725/782 bl:2.3201 bb:1.0437 rl:2.2450 rb:1.0383 dl:2232-2254 gd:1
ttp: b718/782 bl:2.2915 bb:1.0285 rl:2.2484 rb:1.0376 dl:2089-2106 gd:1
ttp: b709/782 bl:2.4462 bb:1.0942 rl:2.2608 rb:1.0413 dl:1937-1952 gd:1
ttp: b701/782 bl:2.3107 bb:1.0360 rl:2.2636 rb:1.0410 dl:1835-1847 gd:1
ttp: b692/782 bl:2.2888 bb:1.0275 rl:2.2649 rb:1.0403 dl:1737-1746 gd:1
ttp: b684/782 bl:2.3692 bb:1.0437 rl:2.2697 rb:1.0404 dl:1658-1665 gd:1
ttp: b678/782 bl:2.3486 bb:1.0280 rl:2.2731 rb:1.0399 dl:1601-1610 gd:1
ttp: b670/782 bl:2.3496 bb:1.0692 rl:2.2761 rb:1.0410 dl:1537-1544 gd:1
ttp: b656/782 bl:2.3288 bb:1.1110 rl:2.2780 rb:1.0434 dl:1439-1445 gd:1
ttp: b649/782 bl:2.2862 bb:1.0164 rl:2.2782 rb:1.0425 dl:1392-1398 gd:1
ttp: b641/782 bl:2.2953 bb:1.0273 rl:2.2788 rb:1.0420 dl:1343-1349 gd:1
ttp: b635/782 bl:2.3439 bb:1.0577 rl:2.2807 rb:1.0425 dl:1308-1314 gd:1
ttp: b627/782 bl:2.3784 bb:1.0709 rl:2.2834 rb:1.0433 dl:1266-1271 gd:1
ttp: b619/782 bl:2.3255 bb:1.0605 rl:2.2845 rb:1.0437 dl:1221-1226 gd:1
ttp: b611/782 bl:2.2984 bb:1.0263 rl:2.2848 rb:1.0433 dl:1182-1186 gd:1
ttp: b604/782 bl:2.3829 bb:1.0459 rl:2.2871 rb:1.0434 dl:1150-1154 gd:1
ttp: b595/782 bl:2.3525 bb:1.0619 rl:2.2885 rb:1.0438 dl:1110-1115 gd:1
ttp: b587/782 bl:2.4066 bb:1.0680 rl:2.2910 rb:1.0443 dl:1077-1081 gd:1
ttp: b580/782 bl:2.3113 bb:1.0140 rl:2.2914 rb:1.0437 dl:1048-1052 gd:1
ttp: b575/782 bl:2.2912 bb:1.0427 rl:2.2914 rb:1.0436 dl:1029-1033 gd:1
ttp: b567/782 bl:2.2650 bb:1.0168 rl:2.2909 rb:1.0431 dl:1001-1004 gd:1
ttp: b561/782 bl:2.2430 bb:1.0117 rl:2.2901 rb:1.0426 dl:979-983 gd:1
ttp: b552/782 bl:2.2735 bb:1.0185 rl:2.2898 rb:1.0422 dl:949-952 gd:1
ttp: b543/782 bl:2.3372 bb:1.0581 rl:2.2905 rb:1.0424 dl:921-924 gd:1
ttp: b534/782 bl:2.3259 bb:1.0418 rl:2.2911 rb:1.0424 dl:893-896 gd:1
ttp: b528/782 bl:2.3348 bb:1.0436 rl:2.2917 rb:1.0424 dl:875-878 gd:1
ttp: b519/782 bl:2.2972 bb:1.0421 rl:2.2918 rb:1.0424 dl:850-852 gd:1
ttp: b511/782 bl:2.3914 bb:1.0520 rl:2.2932 rb:1.0426 dl:826-829 gd:1
ttp: b502/782 bl:2.3160 bb:1.0263 rl:2.2934 rb:1.0424 dl:802-804 gd:1
ttp: b495/782 bl:2.3110 bb:1.0323 rl:2.2937 rb:1.0422 dl:783-785 gd:1
ttp: b489/782 bl:2.3890 bb:1.0748 rl:2.2948 rb:1.0426 dl:769-771 gd:1
ttp: b478/782 bl:2.3349 bb:1.0752 rl:2.2953 rb:1.0430 dl:742-744 gd:1
ttp: b470/782 bl:2.3508 bb:1.0580 rl:2.2959 rb:1.0432 dl:724-726 gd:1
ttp: b464/782 bl:2.2722 bb:1.0182 rl:2.2956 rb:1.0429 dl:710-712 gd:1
ttp: b457/782 bl:2.2568 bb:1.0332 rl:2.2952 rb:1.0428 dl:695-697 gd:1
ttp: b449/782 bl:2.4157 bb:1.0614 rl:2.2965 rb:1.0430 dl:678-680 gd:1
ttp: b440/782 bl:2.2427 bb:0.9872 rl:2.2959 rb:1.0424 dl:659-662 gd:1
ttp: b432/782 bl:2.3406 bb:1.0403 rl:2.2964 rb:1.0424 dl:643-645 gd:1
ttp: b424/782 bl:2.3469 bb:1.0641 rl:2.2968 rb:1.0426 dl:629-630 gd:1
ttp: b417/782 bl:2.2621 bb:1.0450 rl:2.2965 rb:1.0426 dl:615-617 gd:1
ttp: b409/782 bl:2.3286 bb:1.0687 rl:2.2968 rb:1.0428 dl:598-601 gd:1
ttp: b401/782 bl:2.2541 bb:1.0357 rl:2.2964 rb:1.0428 dl:584-586 gd:1
ttp: b393/782 bl:2.3011 bb:1.0568 rl:2.2965 rb:1.0429 dl:570-571 gd:1
ttp: b385/782 bl:2.4087 bb:1.0741 rl:2.2973 rb:1.0431 dl:555-557 gd:1
ttp: b378/782 bl:2.4266 bb:1.0529 rl:2.2983 rb:1.0432 dl:544-545 gd:1
ttp: b371/782 bl:2.2604 bb:1.1037 rl:2.2980 rb:1.0436 dl:532-533 gd:1
ttp: b361/782 bl:2.3524 bb:1.0982 rl:2.2984 rb:1.0440 dl:515-517 gd:1
ttp: b354/782 bl:2.3159 bb:1.0715 rl:2.2985 rb:1.0442 dl:503-504 gd:1
ttp: b345/782 bl:2.3625 bb:1.0755 rl:2.2990 rb:1.0444 dl:489-491 gd:1
ttp: b336/782 bl:2.4094 bb:1.0858 rl:2.2997 rb:1.0447 dl:476-477 gd:1
ttp: b332/782 bl:2.3030 bb:1.0425 rl:2.2997 rb:1.0446 dl:469-471 gd:1
ttp: b325/782 bl:2.3493 bb:1.0807 rl:2.3000 rb:1.0449 dl:459-461 gd:1
ttp: b315/782 bl:2.3927 bb:1.0993 rl:2.3005 rb:1.0452 dl:444-445 gd:1
ttp: b307/782 bl:2.3335 bb:1.1281 rl:2.3007 rb:1.0456 dl:432-433 gd:1
ttp: b302/782 bl:2.3047 bb:1.0600 rl:2.3007 rb:1.0457 dl:424-426 gd:1
ttp: b293/782 bl:2.4309 bb:1.0960 rl:2.3014 rb:1.0460 dl:410-412 gd:1
ttp: b285/782 bl:2.3766 bb:1.0827 rl:2.3018 rb:1.0461 dl:399-400 gd:1
ttp: b277/782 bl:2.2702 bb:1.0691 rl:2.3016 rb:1.0463 dl:388-389 gd:1
ttp: b266/782 bl:2.3807 bb:1.1077 rl:2.3020 rb:1.0465 dl:374-375 gd:1
ttp: b259/782 bl:2.3434 bb:1.0990 rl:2.3022 rb:1.0468 dl:365-366 gd:1
ttp: b219/782 bl:2.3450 bb:1.1220 rl:2.3024 rb:1.0471 dl:316-317 gd:1
ttp: b211/782 bl:2.4031 bb:1.0947 rl:2.3028 rb:1.0472 dl:307-308 gd:1
ttp: b203/782 bl:2.4323 bb:1.1096 rl:2.3032 rb:1.0475 dl:299-300 gd:1
ttp: b195/782 bl:2.4261 bb:1.1315 rl:2.3037 rb:1.0478 dl:290-291 gd:1
ttp: b187/782 bl:2.4581 bb:1.1359 rl:2.3042 rb:1.0481 dl:281-282 gd:1
ttp: b179/782 bl:2.3646 bb:1.1273 rl:2.3044 rb:1.0483 dl:273-274 gd:1
ttp: b171/782 bl:2.4688 bb:1.1384 rl:2.3050 rb:1.0486 dl:266-266 gd:1
ttp: b163/782 bl:2.3761 bb:1.1194 rl:2.3052 rb:1.0488 dl:257-259 gd:1
ttp: b155/782 bl:2.4067 bb:1.1127 rl:2.3055 rb:1.0490 dl:250-251 gd:1
ttp: b147/782 bl:2.4710 bb:1.1240 rl:2.3060 rb:1.0492 dl:242-243 gd:1
ttp: b139/782 bl:2.4448 bb:1.1389 rl:2.3064 rb:1.0495 dl:234-235 gd:1
ttp: b131/782 bl:2.3897 bb:1.1539 rl:2.3066 rb:1.0498 dl:227-228 gd:1
ttp: b125/782 bl:2.4775 bb:1.1415 rl:2.3071 rb:1.0500 dl:222-222 gd:1
ttp: b117/782 bl:2.4792 bb:1.2046 rl:2.3075 rb:1.0504 dl:214-215 gd:1
ttp: b109/782 bl:2.4945 bb:1.1888 rl:2.3080 rb:1.0507 dl:207-208 gd:1
ttp: b102/782 bl:2.5853 bb:1.1983 rl:2.3087 rb:1.0511 dl:201-202 gd:1
ttp: b96/782 bl:2.4832 bb:1.2056 rl:2.3091 rb:1.0514 dl:195-196 gd:1
ttp: b90/782 bl:2.4706 bb:1.2098 rl:2.3094 rb:1.0517 dl:190-190 gd:1
ttp: b81/782 bl:2.4743 bb:1.1229 rl:2.3098 rb:1.0519 dl:182-183 gd:1
ttp: b75/782 bl:2.5787 bb:1.1956 rl:2.3103 rb:1.0522 dl:176-177 gd:1
ttp: b65/782 bl:2.4701 bb:1.1716 rl:2.3107 rb:1.0524 dl:167-169 gd:1
ttp: b56/782 bl:2.5360 bb:1.2155 rl:2.3111 rb:1.0527 dl:159-160 gd:1
ttp: b48/782 bl:2.5195 bb:1.2148 rl:2.3115 rb:1.0530 dl:151-152 gd:1
ttp: b39/782 bl:2.4562 bb:1.1889 rl:2.3117 rb:1.0532 dl:142-143 gd:1
ttp: b30/782 bl:2.5993 bb:1.2674 rl:2.3122 rb:1.0535 dl:133-134 gd:1
ttp: b22/782 bl:2.5613 bb:1.1990 rl:2.3125 rb:1.0537 dl:124-126 gd:1
ttp: b14/782 bl:2.6003 bb:1.1870 rl:2.3129 rb:1.0539 dl:114-115 gd:1
ttp: b6/782 bl:2.7187 bb:1.2122 rl:2.3134 rb:1.0541 dl:99-101 gd:1
ppm_mix bytes=27048621 mix_bpb=0.901319 ppm_only=2.076814 nn_only=0.972196
ppm_mix_time:107.6s subset=8000000 tokens
quantized_ttt_phased val_loss:2.32211254 val_bpb:1.06111615 eval_time:575931ms
total_eval_time:575.9s
