W0422 19:16:56.356000 108647 torch/distributed/run.py:803] 
W0422 19:16:56.356000 108647 torch/distributed/run.py:803] *****************************************
W0422 19:16:56.356000 108647 torch/distributed/run.py:803] Setting OMP_NUM_THREADS environment variable for each process to be 1 in default, to avoid your system being overloaded, please further tune the variable for optimal performance in your application as needed. 
W0422 19:16:56.356000 108647 torch/distributed/run.py:803] *****************************************
Hyperparameters:
  adam_eps: 1e-08
  adam_wd: 0.02
  artifact_dir: /runpod/runs/030-025b-seed314-new-ttt/seed_2025
  attn_clip_sigmas: 13.0
  attn_out_gate_enabled: False
  attn_out_gate_src: proj
  beta1: 0.9
  beta2: 0.95
  caseops_enabled: True
  compressor: brotli
  data_dir: /runpod/data
  datasets_dir: /runpod/data/datasets/fineweb10B_sp8192_caseops/datasets/datasets/fineweb10B_sp8192_lossless_caps_caseops_v1_reserved
  distributed: True
  ema_decay: 0.9965
  embed_bits: 7
  embed_clip_sigmas: 15.0
  embed_lr: 0.6
  embed_wd: 0.085
  enable_looping_at: 0.35
  eval_seq_len: 2048
  eval_stride: 64
  gate_window: 12
  gated_attn_enabled: True
  gated_attn_init_std: 0.005
  gated_attn_quant_gate: True
  global_ttt_batch_seqs: 32
  global_ttt_chunk_tokens: 32768
  global_ttt_epochs: 1
  global_ttt_grad_clip: 1.0
  global_ttt_lr: 0.001
  global_ttt_momentum: 0.9
  global_ttt_respect_doc_boundaries: True
  global_ttt_warmup_chunks: 0
  global_ttt_warmup_start_lr: 0.0
  gptq_calibration_batches: 16
  gptq_reserve_seconds: 4.0
  grad_accum_steps: 1
  grad_clip_norm: 0.3
  is_main_process: True
  iterations: 20000
  ln_scale: True
  local_rank: 0
  logfile: /runpod/runs/030-025b-seed314-new-ttt/seed_2025/ba4def30-1fef-412a-9a67-8c889eaf2d06.txt
  logit_softcap: 30.0
  loop_depth_upgrade_at: 0.0
  loop_end: 5
  loop_start: 3
  matrix_bits: 6
  matrix_clip_sigmas: 12.85
  matrix_lr: 0.026
  max_wallclock_seconds: 600.0
  min_lr: 0.0
  mlp_clip_sigmas: 12.0
  mlp_mult: 4.0
  model_dim: 512
  model_path: /runpod/runs/030-025b-seed314-new-ttt/seed_2025/final_model.pt
  muon_backend_steps: 5
  muon_momentum: 0.97
  muon_momentum_warmup_start: 0.92
  muon_momentum_warmup_steps: 1500
  muon_row_normalize: True
  muon_wd: 0.095
  num_heads: 8
  num_kv_heads: 4
  num_layers: 11
  num_loops: 2
  parallel_final_lane: mean
  parallel_start_layer: 8
  phased_ttt_num_phases: 3
  phased_ttt_prefix_docs: 2000
  qk_gain_init: 5.0
  quantized_model_path: /runpod/runs/030-025b-seed314-new-ttt/seed_2025/final_model.int6.ptz
  rank: 0
  recur_alpha_enabled: True
  recur_diag_p2p_cos: False
  rope_base: 10000.0
  rope_dims: 16
  rope_train_seq_len: 2048
  rope_yarn: False
  run_id: ba4def30-1fef-412a-9a67-8c889eaf2d06
  scalar_lr: 0.02
  seed: 2025
  skip_gates_enabled: True
  smear_gate_enabled: False
  spinquant_enabled: False
  spinquant_seed: 42
  spinquant_sites: attn_in,attn_proj_in,mlp_in,mlp_proj_in
  tie_embeddings: True
  tied_embed_init_std: 0.005
  tied_embed_lr: 0.03
  tokenizer_path: /runpod/data/datasets/fineweb10B_sp8192_caseops/datasets/tokenizers/fineweb_8192_bpe_lossless_caps_caseops_v1_reserved.model
  train_batch_tokens: 786432
  train_files: /runpod/data/datasets/fineweb10B_sp8192_caseops/datasets/datasets/fineweb10B_sp8192_lossless_caps_caseops_v1_reserved/fineweb_train_*.bin
  train_log_every: 100
  train_seq_len: 2048
  ttt_batch_size: 64
  ttt_beta1: 0.0
  ttt_beta2: 0.999
  ttt_chunk_size: 48
  ttt_enabled: True
  ttt_eval_batches: 
  ttt_eval_seq_len: 2048
  ttt_grad_steps: 1
  ttt_k_lora: True
  ttt_lora_alpha: 144
  ttt_lora_lr: 0.0001
  ttt_lora_rank: 96
  ttt_mlp_lora: True
  ttt_o_lora: True
  ttt_optimizer: adam
  ttt_weight_decay: 1.0
  val_batch_tokens: 524288
  val_bytes_files: /runpod/data/datasets/fineweb10B_sp8192_caseops/datasets/datasets/fineweb10B_sp8192_lossless_caps_caseops_v1_reserved/fineweb_val_bytes_*.bin
  val_doc_fraction: 1.0
  val_files: /runpod/data/datasets/fineweb10B_sp8192_caseops/datasets/datasets/fineweb10B_sp8192_lossless_caps_caseops_v1_reserved/fineweb_val_*.bin
  val_loss_every: 4000
  vocab_size: 8192
  warmdown_frac: 0.75
  warmup_steps: 20
  world_size: 8
  xsa_last_n: 11
train_shards: 80
val_tokens: 47851520
model_params:35989658
recur_alpha: enabled=True num_loops=2 loop_start=3 loop_end=5 diag_p2p_cos=False
gptq:reserving 4s, effective=596000ms
warmup_cu_buckets:64,128,192,256 iters_each:3
warmup_step: 1/20
warmup_step: 2/20
warmup_step: 3/20
warmup_step: 4/20
warmup_step: 5/20
warmup_step: 6/20
warmup_step: 10/20
warmup_step: 20/20
loop_warmup:enabled encoder:[0, 1, 2, 3, 4, 5, 3, 4] decoder:[5, 3, 4, 5, 6, 7, 8, 9, 10]
loop_warmup_step: 1/20
loop_warmup_step: 2/20
loop_warmup_step: 3/20
loop_warmup_step: 4/20
loop_warmup_step: 5/20
loop_warmup_step: 6/20
loop_warmup_step: 10/20
loop_warmup_step: 20/20
0/20000 val_loss: 9.0148 val_bpb: 4.1192
1/20000 train_loss: 9.0157 train_time: 0.0m tok/s: 12602737
recur_alpha: beta=[1.59375, 1.8828125, 1.9921875] alpha=[[0.251953125, -0.02099609375, -0.01239013671875], [0.06689453125, -0.34765625, 0.0031280517578125], [0.138671875, 0.2412109375, 0.0272216796875]] grad_norm=0.000000
2/20000 train_loss: 12.9409 train_time: 0.0m tok/s: 10671599
recur_alpha: beta=[1.59375, 1.8828125, 1.9921875] alpha=[[0.251953125, -0.02099609375, -0.01239013671875], [0.06689453125, -0.34765625, 0.0031280517578125], [0.138671875, 0.2412109375, 0.0272216796875]] grad_norm=0.000000
3/20000 train_loss: 10.2260 train_time: 0.0m tok/s: 9313127
recur_alpha: beta=[1.59375, 1.8828125, 1.9921875] alpha=[[0.251953125, -0.02099609375, -0.01239013671875], [0.06689453125, -0.34765625, 0.0031280517578125], [0.138671875, 0.2412109375, 0.0272216796875]] grad_norm=0.000000
4/20000 train_loss: 8.7208 train_time: 0.0m tok/s: 8791175
recur_alpha: beta=[1.59375, 1.8828125, 1.9921875] alpha=[[0.251953125, -0.02099609375, -0.01239013671875], [0.06689453125, -0.34765625, 0.0031280517578125], [0.138671875, 0.2412109375, 0.0272216796875]] grad_norm=0.000000
5/20000 train_loss: 7.9359 train_time: 0.0m tok/s: 8499224
recur_alpha: beta=[1.59375, 1.8828125, 1.9921875] alpha=[[0.251953125, -0.02099609375, -0.01239013671875], [0.06689453125, -0.34765625, 0.0031280517578125], [0.138671875, 0.2412109375, 0.0272216796875]] grad_norm=0.000000
100/20000 train_loss: 3.6105 train_time: 0.2m tok/s: 8266121
recur_alpha: beta=[1.59375, 1.8828125, 1.9921875] alpha=[[0.251953125, -0.02099609375, -0.01239013671875], [0.06689453125, -0.34765625, 0.0031280517578125], [0.138671875, 0.2412109375, 0.0272216796875]] grad_norm=0.000000
200/20000 train_loss: 3.1637 train_time: 0.3m tok/s: 8082301
recur_alpha: beta=[1.59375, 1.8828125, 1.9921875] alpha=[[0.251953125, -0.02099609375, -0.01239013671875], [0.06689453125, -0.34765625, 0.0031280517578125], [0.138671875, 0.2412109375, 0.0272216796875]] grad_norm=0.000000
300/20000 train_loss: 2.9267 train_time: 0.5m tok/s: 8039311
recur_alpha: beta=[1.59375, 1.8828125, 1.9921875] alpha=[[0.251953125, -0.02099609375, -0.01239013671875], [0.06689453125, -0.34765625, 0.0031280517578125], [0.138671875, 0.2412109375, 0.0272216796875]] grad_norm=0.000000
400/20000 train_loss: 2.5859 train_time: 0.7m tok/s: 7983958
recur_alpha: beta=[1.59375, 1.8828125, 1.9921875] alpha=[[0.251953125, -0.02099609375, -0.01239013671875], [0.06689453125, -0.34765625, 0.0031280517578125], [0.138671875, 0.2412109375, 0.0272216796875]] grad_norm=0.000000
500/20000 train_loss: 2.5802 train_time: 0.8m tok/s: 8017758
recur_alpha: beta=[1.59375, 1.8828125, 1.9921875] alpha=[[0.251953125, -0.02099609375, -0.01239013671875], [0.06689453125, -0.34765625, 0.0031280517578125], [0.138671875, 0.2412109375, 0.0272216796875]] grad_norm=0.000000
600/20000 train_loss: 2.6732 train_time: 1.0m tok/s: 7998080
recur_alpha: beta=[1.59375, 1.8828125, 1.9921875] alpha=[[0.251953125, -0.02099609375, -0.01239013671875], [0.06689453125, -0.34765625, 0.0031280517578125], [0.138671875, 0.2412109375, 0.0272216796875]] grad_norm=0.000000
700/20000 train_loss: 2.8818 train_time: 1.1m tok/s: 7990786
recur_alpha: beta=[1.59375, 1.8828125, 1.9921875] alpha=[[0.251953125, -0.02099609375, -0.01239013671875], [0.06689453125, -0.34765625, 0.0031280517578125], [0.138671875, 0.2412109375, 0.0272216796875]] grad_norm=0.000000
800/20000 train_loss: 2.7122 train_time: 1.3m tok/s: 7982327
recur_alpha: beta=[1.59375, 1.8828125, 1.9921875] alpha=[[0.251953125, -0.02099609375, -0.01239013671875], [0.06689453125, -0.34765625, 0.0031280517578125], [0.138671875, 0.2412109375, 0.0272216796875]] grad_norm=0.000000
900/20000 train_loss: 2.7605 train_time: 1.5m tok/s: 7978691
recur_alpha: beta=[1.59375, 1.8828125, 1.9921875] alpha=[[0.251953125, -0.02099609375, -0.01239013671875], [0.06689453125, -0.34765625, 0.0031280517578125], [0.138671875, 0.2412109375, 0.0272216796875]] grad_norm=0.000000
1000/20000 train_loss: 2.8088 train_time: 1.6m tok/s: 8003543
recur_alpha: beta=[1.59375, 1.8828125, 1.9921875] alpha=[[0.251953125, -0.02099609375, -0.01239013671875], [0.06689453125, -0.34765625, 0.0031280517578125], [0.138671875, 0.2412109375, 0.0272216796875]] grad_norm=0.000000
1100/20000 train_loss: 2.7691 train_time: 1.8m tok/s: 7997371
recur_alpha: beta=[1.59375, 1.8828125, 1.9921875] alpha=[[0.251953125, -0.02099609375, -0.01239013671875], [0.06689453125, -0.34765625, 0.0031280517578125], [0.138671875, 0.2412109375, 0.0272216796875]] grad_norm=0.000000
1200/20000 train_loss: 2.7683 train_time: 2.0m tok/s: 7993226
recur_alpha: beta=[1.59375, 1.8828125, 1.9921875] alpha=[[0.251953125, -0.02099609375, -0.01239013671875], [0.06689453125, -0.34765625, 0.0031280517578125], [0.138671875, 0.2412109375, 0.0272216796875]] grad_norm=0.000000
1300/20000 train_loss: 2.8308 train_time: 2.1m tok/s: 7988213
recur_alpha: beta=[1.59375, 1.8828125, 1.9921875] alpha=[[0.251953125, -0.02099609375, -0.01239013671875], [0.06689453125, -0.34765625, 0.0031280517578125], [0.138671875, 0.2412109375, 0.0272216796875]] grad_norm=0.000000
1400/20000 train_loss: 2.5984 train_time: 2.3m tok/s: 7983829
recur_alpha: beta=[1.59375, 1.8828125, 1.9921875] alpha=[[0.251953125, -0.02099609375, -0.01239013671875], [0.06689453125, -0.34765625, 0.0031280517578125], [0.138671875, 0.2412109375, 0.0272216796875]] grad_norm=0.000000
1500/20000 train_loss: 2.6368 train_time: 2.5m tok/s: 8000619
recur_alpha: beta=[1.59375, 1.8828125, 1.9921875] alpha=[[0.251953125, -0.02099609375, -0.01239013671875], [0.06689453125, -0.34765625, 0.0031280517578125], [0.138671875, 0.2412109375, 0.0272216796875]] grad_norm=0.000000
1600/20000 train_loss: 2.7087 train_time: 2.6m tok/s: 7996469
recur_alpha: beta=[1.59375, 1.8828125, 1.9921875] alpha=[[0.251953125, -0.02099609375, -0.01239013671875], [0.06689453125, -0.34765625, 0.0031280517578125], [0.138671875, 0.2412109375, 0.0272216796875]] grad_norm=0.000000
1700/20000 train_loss: 2.6851 train_time: 2.8m tok/s: 7993311
recur_alpha: beta=[1.59375, 1.8828125, 1.9921875] alpha=[[0.251953125, -0.02099609375, -0.01239013671875], [0.06689453125, -0.34765625, 0.0031280517578125], [0.138671875, 0.2412109375, 0.0272216796875]] grad_norm=0.000000
1800/20000 train_loss: 2.6512 train_time: 3.0m tok/s: 7990085
recur_alpha: beta=[1.59375, 1.8828125, 1.9921875] alpha=[[0.251953125, -0.02099609375, -0.01239013671875], [0.06689453125, -0.34765625, 0.0031280517578125], [0.138671875, 0.2412109375, 0.0272216796875]] grad_norm=0.000000
1900/20000 train_loss: 2.7462 train_time: 3.1m tok/s: 8002843
recur_alpha: beta=[1.59375, 1.8828125, 1.9921875] alpha=[[0.251953125, -0.02099609375, -0.01239013671875], [0.06689453125, -0.34765625, 0.0031280517578125], [0.138671875, 0.2412109375, 0.0272216796875]] grad_norm=0.000000
2000/20000 train_loss: 2.6698 train_time: 3.3m tok/s: 7995133
recur_alpha: beta=[1.59375, 1.8828125, 1.9921875] alpha=[[0.251953125, -0.02099609375, -0.01239013671875], [0.06689453125, -0.34765625, 0.0031280517578125], [0.138671875, 0.2412109375, 0.0272216796875]] grad_norm=0.000000
2100/20000 train_loss: 2.6863 train_time: 3.4m tok/s: 7993058
recur_alpha: beta=[1.59375, 1.8828125, 1.9921875] alpha=[[0.251953125, -0.02099609375, -0.01239013671875], [0.06689453125, -0.34765625, 0.0031280517578125], [0.138671875, 0.2412109375, 0.0272216796875]] grad_norm=0.000000
layer_loop:enabled step:2121 frac:0.350 depth:3 encoder:[0, 1, 2, 3, 4, 5, 3, 4] decoder:[5, 3, 4, 5, 6, 7, 8, 9, 10]
2200/20000 train_loss: 2.5258 train_time: 3.7m tok/s: 7861450
recur_alpha: beta=[1.59375, 1.8828125, 1.9921875] alpha=[[0.251953125, -0.02099609375, -0.01239013671875], [0.06689453125, -0.34765625, 0.0031280517578125], [0.138671875, 0.2412109375, 0.0272216796875]] grad_norm=0.000000
2300/20000 train_loss: 2.6026 train_time: 3.9m tok/s: 7713505
recur_alpha: beta=[1.59375, 1.8828125, 1.9921875] alpha=[[0.251953125, -0.02099609375, -0.01239013671875], [0.06689453125, -0.34765625, 0.0031280517578125], [0.138671875, 0.2412109375, 0.0272216796875]] grad_norm=0.000000
2400/20000 train_loss: 2.6266 train_time: 4.1m tok/s: 7592055
recur_alpha: beta=[1.59375, 1.8828125, 1.9921875] alpha=[[0.251953125, -0.02099609375, -0.01239013671875], [0.06689453125, -0.34765625, 0.0031280517578125], [0.138671875, 0.2412109375, 0.0272216796875]] grad_norm=0.000000
2500/20000 train_loss: 2.5515 train_time: 4.4m tok/s: 7474452
recur_alpha: beta=[1.59375, 1.8828125, 1.9921875] alpha=[[0.251953125, -0.02099609375, -0.01239013671875], [0.06689453125, -0.34765625, 0.0031280517578125], [0.138671875, 0.2412109375, 0.0272216796875]] grad_norm=0.000000
2600/20000 train_loss: 2.5190 train_time: 4.6m tok/s: 7368350
recur_alpha: beta=[1.59375, 1.8828125, 1.9921875] alpha=[[0.251953125, -0.02099609375, -0.01239013671875], [0.06689453125, -0.34765625, 0.0031280517578125], [0.138671875, 0.2412109375, 0.0272216796875]] grad_norm=0.000000
2700/20000 train_loss: 2.5066 train_time: 4.9m tok/s: 7273900
recur_alpha: beta=[1.59375, 1.8828125, 1.9921875] alpha=[[0.251953125, -0.02099609375, -0.01239013671875], [0.06689453125, -0.34765625, 0.0031280517578125], [0.138671875, 0.2412109375, 0.0272216796875]] grad_norm=0.000000
2800/20000 train_loss: 2.5615 train_time: 5.1m tok/s: 7188244
recur_alpha: beta=[1.59375, 1.8828125, 1.9921875] alpha=[[0.251953125, -0.02099609375, -0.01239013671875], [0.06689453125, -0.34765625, 0.0031280517578125], [0.138671875, 0.2412109375, 0.0272216796875]] grad_norm=0.000000
2900/20000 train_loss: 2.5401 train_time: 5.3m tok/s: 7117036
recur_alpha: beta=[1.59375, 1.8828125, 1.9921875] alpha=[[0.251953125, -0.02099609375, -0.01239013671875], [0.06689453125, -0.34765625, 0.0031280517578125], [0.138671875, 0.2412109375, 0.0272216796875]] grad_norm=0.000000
3000/20000 train_loss: 2.5701 train_time: 5.6m tok/s: 7045366
recur_alpha: beta=[1.59375, 1.8828125, 1.9921875] alpha=[[0.251953125, -0.02099609375, -0.01239013671875], [0.06689453125, -0.34765625, 0.0031280517578125], [0.138671875, 0.2412109375, 0.0272216796875]] grad_norm=0.000000
3100/20000 train_loss: 2.4944 train_time: 5.8m tok/s: 6979640
recur_alpha: beta=[1.59375, 1.8828125, 1.9921875] alpha=[[0.251953125, -0.02099609375, -0.01239013671875], [0.06689453125, -0.34765625, 0.0031280517578125], [0.138671875, 0.2412109375, 0.0272216796875]] grad_norm=0.000000
3200/20000 train_loss: 2.4678 train_time: 6.1m tok/s: 6918996
recur_alpha: beta=[1.59375, 1.8828125, 1.9921875] alpha=[[0.251953125, -0.02099609375, -0.01239013671875], [0.06689453125, -0.34765625, 0.0031280517578125], [0.138671875, 0.2412109375, 0.0272216796875]] grad_norm=0.000000
3300/20000 train_loss: 2.6552 train_time: 6.3m tok/s: 6868821
recur_alpha: beta=[1.59375, 1.8828125, 1.9921875] alpha=[[0.251953125, -0.02099609375, -0.01239013671875], [0.06689453125, -0.34765625, 0.0031280517578125], [0.138671875, 0.2412109375, 0.0272216796875]] grad_norm=0.000000
3400/20000 train_loss: 2.5566 train_time: 6.5m tok/s: 6816674
recur_alpha: beta=[1.59375, 1.8828125, 1.9921875] alpha=[[0.251953125, -0.02099609375, -0.01239013671875], [0.06689453125, -0.34765625, 0.0031280517578125], [0.138671875, 0.2412109375, 0.0272216796875]] grad_norm=0.000000
3500/20000 train_loss: 2.5615 train_time: 6.8m tok/s: 6733356
recur_alpha: beta=[1.59375, 1.8828125, 1.9921875] alpha=[[0.251953125, -0.02099609375, -0.01239013671875], [0.06689453125, -0.34765625, 0.0031280517578125], [0.138671875, 0.2412109375, 0.0272216796875]] grad_norm=0.000000
3600/20000 train_loss: 2.4633 train_time: 7.1m tok/s: 6655385
recur_alpha: beta=[1.59375, 1.8828125, 1.9921875] alpha=[[0.251953125, -0.02099609375, -0.01239013671875], [0.06689453125, -0.34765625, 0.0031280517578125], [0.138671875, 0.2412109375, 0.0272216796875]] grad_norm=0.000000
3700/20000 train_loss: 2.5439 train_time: 7.3m tok/s: 6616026
recur_alpha: beta=[1.59375, 1.8828125, 1.9921875] alpha=[[0.251953125, -0.02099609375, -0.01239013671875], [0.06689453125, -0.34765625, 0.0031280517578125], [0.138671875, 0.2412109375, 0.0272216796875]] grad_norm=0.000000
3800/20000 train_loss: 2.4900 train_time: 7.6m tok/s: 6583896
recur_alpha: beta=[1.59375, 1.8828125, 1.9921875] alpha=[[0.251953125, -0.02099609375, -0.01239013671875], [0.06689453125, -0.34765625, 0.0031280517578125], [0.138671875, 0.2412109375, 0.0272216796875]] grad_norm=0.000000
3900/20000 train_loss: 2.6128 train_time: 7.8m tok/s: 6549415
recur_alpha: beta=[1.59375, 1.8828125, 1.9921875] alpha=[[0.251953125, -0.02099609375, -0.01239013671875], [0.06689453125, -0.34765625, 0.0031280517578125], [0.138671875, 0.2412109375, 0.0272216796875]] grad_norm=0.000000
4000/20000 train_loss: 2.4030 train_time: 8.0m tok/s: 6516979
recur_alpha: beta=[1.59375, 1.8828125, 1.9921875] alpha=[[0.251953125, -0.02099609375, -0.01239013671875], [0.06689453125, -0.34765625, 0.0031280517578125], [0.138671875, 0.2412109375, 0.0272216796875]] grad_norm=0.000000
4000/20000 val_loss: 2.4250 val_bpb: 1.1081
4100/20000 train_loss: 2.4072 train_time: 8.3m tok/s: 6486702
recur_alpha: beta=[1.59375, 1.8828125, 1.9921875] alpha=[[0.251953125, -0.02099609375, -0.01239013671875], [0.06689453125, -0.34765625, 0.0031280517578125], [0.138671875, 0.2412109375, 0.0272216796875]] grad_norm=0.000000
4200/20000 train_loss: 2.3631 train_time: 8.5m tok/s: 6457686
recur_alpha: beta=[1.59375, 1.8828125, 1.9921875] alpha=[[0.251953125, -0.02099609375, -0.01239013671875], [0.06689453125, -0.34765625, 0.0031280517578125], [0.138671875, 0.2412109375, 0.0272216796875]] grad_norm=0.000000
4300/20000 train_loss: 2.4967 train_time: 8.8m tok/s: 6434221
recur_alpha: beta=[1.59375, 1.8828125, 1.9921875] alpha=[[0.251953125, -0.02099609375, -0.01239013671875], [0.06689453125, -0.34765625, 0.0031280517578125], [0.138671875, 0.2412109375, 0.0272216796875]] grad_norm=0.000000
4400/20000 train_loss: 2.4412 train_time: 9.0m tok/s: 6408025
recur_alpha: beta=[1.59375, 1.8828125, 1.9921875] alpha=[[0.251953125, -0.02099609375, -0.01239013671875], [0.06689453125, -0.34765625, 0.0031280517578125], [0.138671875, 0.2412109375, 0.0272216796875]] grad_norm=0.000000
4500/20000 train_loss: 2.2736 train_time: 9.2m tok/s: 6383387
recur_alpha: beta=[1.59375, 1.8828125, 1.9921875] alpha=[[0.251953125, -0.02099609375, -0.01239013671875], [0.06689453125, -0.34765625, 0.0031280517578125], [0.138671875, 0.2412109375, 0.0272216796875]] grad_norm=0.000000
4600/20000 train_loss: 2.3618 train_time: 9.5m tok/s: 6359845
recur_alpha: beta=[1.59375, 1.8828125, 1.9921875] alpha=[[0.251953125, -0.02099609375, -0.01239013671875], [0.06689453125, -0.34765625, 0.0031280517578125], [0.138671875, 0.2412109375, 0.0272216796875]] grad_norm=0.000000
4700/20000 train_loss: 2.3108 train_time: 9.7m tok/s: 6337510
recur_alpha: beta=[1.59375, 1.8828125, 1.9921875] alpha=[[0.251953125, -0.02099609375, -0.01239013671875], [0.06689453125, -0.34765625, 0.0031280517578125], [0.138671875, 0.2412109375, 0.0272216796875]] grad_norm=0.000000
4791/20000 val_loss: 2.3391 val_bpb: 1.0688
stopping_early: wallclock_cap train_time: 596094ms step: 4791/20000
peak memory allocated: 40048 MiB reserved: 45358 MiB
ema:applying EMA weights
diagnostic pre-quantization post-ema val_loss:2.33780738 val_bpb:1.06821738 eval_time:7827ms
Serialized model: 135593533 bytes
Code size (uncompressed): 163261 bytes
Code size (compressed): 31415 bytes
GPTQ:collecting Hessians from calibration data...
GPTQ:collected 67 Hessians in 3.7s
Quantized weights:
  gate_int8_row: blocks.attn.attn_gate_w
  gptq (int6): blocks.attn.c_k.weight, blocks.attn.c_q.weight, blocks.attn.c_v.weight, blocks.attn.proj.weight, blocks.mlp.fc.weight, blocks.mlp.proj.weight
  gptq (int7): tok_emb.weight
  passthrough (float16): blocks.attn.q_gain, blocks.attn_scale, blocks.mlp_scale, blocks.resid_mix, parallel_post_lambdas, parallel_resid_lambdas, recur_alpha, recur_beta, skip_gates, skip_weights
Serialized model quantized+brotli: 15945467 bytes
Total submission size quantized+brotli: 15976882 bytes
diagnostic quantized val_loss:2.35794260 val_bpb:1.07741779 eval_time:11459ms
ttt_lora:warming up compile (random tokens, no val data)
ttt_lora:compile warmup done (95.1s)

beginning TTT eval timer
ttt_phased: total_docs:50000 prefix_docs:2000 suffix_docs:48000 num_phases:3 boundaries:[666, 1333, 2000]
ttp: b776/782 bl:2.2646 bb:1.0737 rl:2.2646 rb:1.0737 dl:7534-8350 gd:0
ttp: b773/782 bl:2.2075 bb:1.0396 rl:2.2393 rb:1.0585 dl:6104-6447 gd:0
ttp: b769/782 bl:2.3360 bb:1.0875 rl:2.2652 rb:1.0664 dl:5097-5309 gd:0
ttpp: phase:1/3 pd:1104 gd:666 t:203.6s
tttg: c1/111 lr:0.001000 t:0.4s
tttg: c2/111 lr:0.001000 t:0.5s
tttg: c3/111 lr:0.000999 t:0.6s
tttg: c4/111 lr:0.000998 t:0.6s
tttg: c5/111 lr:0.000997 t:0.7s
tttg: c6/111 lr:0.000995 t:0.8s
tttg: c7/111 lr:0.000993 t:0.9s
tttg: c8/111 lr:0.000990 t:1.0s
tttg: c9/111 lr:0.000987 t:1.1s
tttg: c10/111 lr:0.000984 t:1.2s
tttg: c11/111 lr:0.000980 t:1.3s
tttg: c12/111 lr:0.000976 t:1.4s
tttg: c13/111 lr:0.000971 t:1.5s
tttg: c14/111 lr:0.000966 t:1.6s
tttg: c15/111 lr:0.000961 t:1.7s
tttg: c16/111 lr:0.000955 t:1.8s
tttg: c17/111 lr:0.000949 t:1.9s
tttg: c18/111 lr:0.000942 t:2.0s
tttg: c19/111 lr:0.000935 t:2.1s
tttg: c20/111 lr:0.000928 t:2.2s
tttg: c21/111 lr:0.000921 t:2.3s
tttg: c22/111 lr:0.000913 t:2.4s
tttg: c23/111 lr:0.000905 t:2.5s
tttg: c24/111 lr:0.000896 t:2.6s
tttg: c25/111 lr:0.000887 t:2.7s
tttg: c26/111 lr:0.000878 t:2.8s
tttg: c27/111 lr:0.000868 t:2.9s
tttg: c28/111 lr:0.000859 t:3.0s
tttg: c29/111 lr:0.000848 t:3.1s
tttg: c30/111 lr:0.000838 t:3.2s
tttg: c31/111 lr:0.000827 t:3.3s
tttg: c32/111 lr:0.000817 t:3.4s
tttg: c33/111 lr:0.000805 t:3.5s
tttg: c34/111 lr:0.000794 t:3.6s
tttg: c35/111 lr:0.000782 t:3.7s
tttg: c36/111 lr:0.000770 t:3.8s
tttg: c37/111 lr:0.000758 t:3.9s
tttg: c38/111 lr:0.000746 t:4.0s
tttg: c39/111 lr:0.000733 t:4.1s
tttg: c40/111 lr:0.000721 t:4.2s
tttg: c41/111 lr:0.000708 t:4.3s
tttg: c42/111 lr:0.000695 t:4.4s
tttg: c43/111 lr:0.000681 t:4.5s
tttg: c44/111 lr:0.000668 t:4.6s
tttg: c45/111 lr:0.000655 t:4.7s
tttg: c46/111 lr:0.000641 t:4.8s
tttg: c47/111 lr:0.000627 t:4.9s
tttg: c48/111 lr:0.000613 t:5.0s
tttg: c49/111 lr:0.000599 t:5.1s
tttg: c50/111 lr:0.000585 t:5.2s
tttg: c51/111 lr:0.000571 t:5.3s
tttg: c52/111 lr:0.000557 t:5.4s
tttg: c53/111 lr:0.000543 t:5.5s
tttg: c54/111 lr:0.000529 t:5.6s
tttg: c55/111 lr:0.000514 t:5.7s
tttg: c56/111 lr:0.000500 t:5.8s
tttg: c57/111 lr:0.000486 t:5.9s
tttg: c58/111 lr:0.000471 t:6.0s
tttg: c59/111 lr:0.000457 t:6.1s
tttg: c60/111 lr:0.000443 t:6.2s
tttg: c61/111 lr:0.000429 t:6.3s
tttg: c62/111 lr:0.000415 t:6.4s
tttg: c63/111 lr:0.000401 t:6.5s
tttg: c64/111 lr:0.000387 t:6.6s
tttg: c65/111 lr:0.000373 t:6.7s
tttg: c66/111 lr:0.000359 t:6.8s
tttg: c67/111 lr:0.000345 t:6.9s
tttg: c68/111 lr:0.000332 t:7.0s
tttg: c69/111 lr:0.000319 t:7.1s
tttg: c70/111 lr:0.000305 t:7.2s
tttg: c71/111 lr:0.000292 t:7.3s
tttg: c72/111 lr:0.000279 t:7.4s
tttg: c73/111 lr:0.000267 t:7.5s
tttg: c74/111 lr:0.000254 t:7.6s
tttg: c75/111 lr:0.000242 t:7.7s
tttg: c76/111 lr:0.000230 t:7.8s
tttg: c77/111 lr:0.000218 t:7.9s
tttg: c78/111 lr:0.000206 t:8.0s
tttg: c79/111 lr:0.000195 t:8.1s
tttg: c80/111 lr:0.000183 t:8.2s
tttg: c81/111 lr:0.000173 t:8.3s
tttg: c82/111 lr:0.000162 t:8.4s
tttg: c83/111 lr:0.000152 t:8.5s
tttg: c84/111 lr:0.000141 t:8.6s
tttg: c85/111 lr:0.000132 t:8.7s
tttg: c86/111 lr:0.000122 t:8.8s
tttg: c87/111 lr:0.000113 t:8.9s
tttg: c88/111 lr:0.000104 t:9.0s
tttg: c89/111 lr:0.000095 t:9.1s
tttg: c90/111 lr:0.000087 t:9.2s
tttg: c91/111 lr:0.000079 t:9.3s
tttg: c92/111 lr:0.000072 t:9.4s
tttg: c93/111 lr:0.000065 t:9.5s
tttg: c94/111 lr:0.000058 t:9.6s
tttg: c95/111 lr:0.000051 t:9.7s
tttg: c96/111 lr:0.000045 t:9.8s
tttg: c97/111 lr:0.000039 t:9.9s
tttg: c98/111 lr:0.000034 t:10.0s
tttg: c99/111 lr:0.000029 t:10.1s
tttg: c100/111 lr:0.000024 t:10.2s
tttg: c101/111 lr:0.000020 t:10.3s
tttg: c102/111 lr:0.000016 t:10.4s
tttg: c103/111 lr:0.000013 t:10.5s
tttg: c104/111 lr:0.000010 t:10.6s
tttg: c105/111 lr:0.000007 t:10.7s
tttg: c106/111 lr:0.000005 t:10.8s
tttg: c107/111 lr:0.000003 t:10.9s
tttg: c108/111 lr:0.000002 t:11.0s
tttg: c109/111 lr:0.000001 t:11.1s
tttg: c110/111 lr:0.000000 t:11.2s
ttpr: phase:1/3 t:217.7s
ttp: b757/782 bl:2.2895 bb:1.0657 rl:2.2690 rb:1.0663 dl:3550-3633 gd:0
ttp: b755/782 bl:2.3904 bb:1.0797 rl:2.2848 rb:1.0681 dl:3397-3466 gd:0
ttpp: phase:2/3 pd:1808 gd:1333 t:282.0s
tttg: c1/185 lr:0.001000 t:0.1s
tttg: c2/185 lr:0.001000 t:0.1s
tttg: c3/185 lr:0.001000 t:0.2s
tttg: c4/185 lr:0.000999 t:0.3s
tttg: c5/185 lr:0.000999 t:0.4s
tttg: c6/185 lr:0.000998 t:0.5s
tttg: c7/185 lr:0.000997 t:0.6s
tttg: c8/185 lr:0.000996 t:0.7s
tttg: c9/185 lr:0.000995 t:0.7s
tttg: c10/185 lr:0.000994 t:0.8s
tttg: c11/185 lr:0.000993 t:0.9s
tttg: c12/185 lr:0.000991 t:1.0s
tttg: c13/185 lr:0.000990 t:1.1s
tttg: c14/185 lr:0.000988 t:1.2s
tttg: c15/185 lr:0.000986 t:1.3s
tttg: c16/185 lr:0.000984 t:1.4s
tttg: c17/185 lr:0.000981 t:1.5s
tttg: c18/185 lr:0.000979 t:1.6s
tttg: c19/185 lr:0.000977 t:1.7s
tttg: c20/185 lr:0.000974 t:1.8s
tttg: c21/185 lr:0.000971 t:1.9s
tttg: c22/185 lr:0.000968 t:2.0s
tttg: c23/185 lr:0.000965 t:2.1s
tttg: c24/185 lr:0.000962 t:2.2s
tttg: c25/185 lr:0.000959 t:2.3s
tttg: c26/185 lr:0.000955 t:2.4s
tttg: c27/185 lr:0.000952 t:2.5s
tttg: c28/185 lr:0.000948 t:2.6s
tttg: c29/185 lr:0.000944 t:2.7s
tttg: c30/185 lr:0.000940 t:2.8s
tttg: c31/185 lr:0.000936 t:2.9s
tttg: c32/185 lr:0.000932 t:3.0s
tttg: c33/185 lr:0.000927 t:3.1s
tttg: c34/185 lr:0.000923 t:3.2s
tttg: c35/185 lr:0.000918 t:3.3s
tttg: c36/185 lr:0.000913 t:3.4s
tttg: c37/185 lr:0.000908 t:3.5s
tttg: c38/185 lr:0.000904 t:3.6s
tttg: c39/185 lr:0.000898 t:3.7s
tttg: c40/185 lr:0.000893 t:3.8s
tttg: c41/185 lr:0.000888 t:3.9s
tttg: c42/185 lr:0.000882 t:4.0s
tttg: c43/185 lr:0.000877 t:4.1s
tttg: c44/185 lr:0.000871 t:4.2s
tttg: c45/185 lr:0.000865 t:4.3s
tttg: c46/185 lr:0.000860 t:4.4s
tttg: c47/185 lr:0.000854 t:4.5s
tttg: c48/185 lr:0.000847 t:4.6s
tttg: c49/185 lr:0.000841 t:4.6s
tttg: c50/185 lr:0.000835 t:4.7s
tttg: c51/185 lr:0.000829 t:4.8s
tttg: c52/185 lr:0.000822 t:4.9s
tttg: c53/185 lr:0.000816 t:5.0s
tttg: c54/185 lr:0.000809 t:5.1s
tttg: c55/185 lr:0.000802 t:5.2s
tttg: c56/185 lr:0.000795 t:5.3s
tttg: c57/185 lr:0.000788 t:5.4s
tttg: c58/185 lr:0.000781 t:5.5s
tttg: c59/185 lr:0.000774 t:5.6s
tttg: c60/185 lr:0.000767 t:5.7s
tttg: c61/185 lr:0.000760 t:5.8s
tttg: c62/185 lr:0.000752 t:5.9s
tttg: c63/185 lr:0.000745 t:6.0s
tttg: c64/185 lr:0.000738 t:6.1s
tttg: c65/185 lr:0.000730 t:6.2s
tttg: c66/185 lr:0.000722 t:6.3s
tttg: c67/185 lr:0.000715 t:6.4s
tttg: c68/185 lr:0.000707 t:6.5s
tttg: c69/185 lr:0.000699 t:6.6s
tttg: c70/185 lr:0.000691 t:6.7s
tttg: c71/185 lr:0.000683 t:6.8s
tttg: c72/185 lr:0.000675 t:6.9s
tttg: c73/185 lr:0.000667 t:7.0s
tttg: c74/185 lr:0.000659 t:7.1s
tttg: c75/185 lr:0.000651 t:7.2s
tttg: c76/185 lr:0.000643 t:7.3s
tttg: c77/185 lr:0.000635 t:7.4s
tttg: c78/185 lr:0.000627 t:7.5s
tttg: c79/185 lr:0.000618 t:7.6s
tttg: c80/185 lr:0.000610 t:7.7s
tttg: c81/185 lr:0.000602 t:7.8s
tttg: c82/185 lr:0.000593 t:7.9s
tttg: c83/185 lr:0.000585 t:8.0s
tttg: c84/185 lr:0.000577 t:8.1s
tttg: c85/185 lr:0.000568 t:8.2s
tttg: c86/185 lr:0.000560 t:8.3s
tttg: c87/185 lr:0.000551 t:8.4s
tttg: c88/185 lr:0.000543 t:8.5s
tttg: c89/185 lr:0.000534 t:8.6s
tttg: c90/185 lr:0.000526 t:8.7s
tttg: c91/185 lr:0.000517 t:8.8s
tttg: c92/185 lr:0.000509 t:8.9s
tttg: c93/185 lr:0.000500 t:9.0s
tttg: c94/185 lr:0.000491 t:9.1s
tttg: c95/185 lr:0.000483 t:9.2s
tttg: c96/185 lr:0.000474 t:9.3s
tttg: c97/185 lr:0.000466 t:9.4s
tttg: c98/185 lr:0.000457 t:9.5s
tttg: c99/185 lr:0.000449 t:9.6s
tttg: c100/185 lr:0.000440 t:9.7s
tttg: c101/185 lr:0.000432 t:9.8s
tttg: c102/185 lr:0.000423 t:9.9s
tttg: c103/185 lr:0.000415 t:10.0s
tttg: c104/185 lr:0.000407 t:10.1s
tttg: c105/185 lr:0.000398 t:10.2s
tttg: c106/185 lr:0.000390 t:10.2s
tttg: c107/185 lr:0.000382 t:10.3s
tttg: c108/185 lr:0.000373 t:10.4s
tttg: c109/185 lr:0.000365 t:10.5s
tttg: c110/185 lr:0.000357 t:10.6s
tttg: c111/185 lr:0.000349 t:10.7s
tttg: c112/185 lr:0.000341 t:10.8s
tttg: c113/185 lr:0.000333 t:10.9s
tttg: c114/185 lr:0.000325 t:11.0s
tttg: c115/185 lr:0.000317 t:11.1s
tttg: c116/185 lr:0.000309 t:11.2s
tttg: c117/185 lr:0.000301 t:11.3s
tttg: c118/185 lr:0.000293 t:11.4s
tttg: c119/185 lr:0.000285 t:11.5s
tttg: c120/185 lr:0.000278 t:11.6s
tttg: c121/185 lr:0.000270 t:11.7s
tttg: c122/185 lr:0.000262 t:11.8s
tttg: c123/185 lr:0.000255 t:11.9s
tttg: c124/185 lr:0.000248 t:12.0s
tttg: c125/185 lr:0.000240 t:12.1s
tttg: c126/185 lr:0.000233 t:12.2s
tttg: c127/185 lr:0.000226 t:12.3s
tttg: c128/185 lr:0.000219 t:12.4s
tttg: c129/185 lr:0.000212 t:12.5s
tttg: c130/185 lr:0.000205 t:12.6s
tttg: c131/185 lr:0.000198 t:12.7s
tttg: c132/185 lr:0.000191 t:12.8s
tttg: c133/185 lr:0.000184 t:12.9s
tttg: c134/185 lr:0.000178 t:13.0s
tttg: c135/185 lr:0.000171 t:13.1s
tttg: c136/185 lr:0.000165 t:13.2s
tttg: c137/185 lr:0.000159 t:13.3s
tttg: c138/185 lr:0.000153 t:13.4s
tttg: c139/185 lr:0.000146 t:13.5s
tttg: c140/185 lr:0.000140 t:13.6s
tttg: c141/185 lr:0.000135 t:13.7s
tttg: c142/185 lr:0.000129 t:13.8s
tttg: c143/185 lr:0.000123 t:13.9s
tttg: c144/185 lr:0.000118 t:14.0s
tttg: c145/185 lr:0.000112 t:14.1s
tttg: c146/185 lr:0.000107 t:14.2s
tttg: c147/185 lr:0.000102 t:14.3s
tttg: c148/185 lr:0.000096 t:14.4s
tttg: c149/185 lr:0.000092 t:14.5s
tttg: c150/185 lr:0.000087 t:14.6s
tttg: c151/185 lr:0.000082 t:14.7s
tttg: c152/185 lr:0.000077 t:14.8s
tttg: c153/185 lr:0.000073 t:14.9s
tttg: c154/185 lr:0.000068 t:15.0s
tttg: c155/185 lr:0.000064 t:15.1s
tttg: c156/185 lr:0.000060 t:15.2s
tttg: c157/185 lr:0.000056 t:15.3s
tttg: c158/185 lr:0.000052 t:15.4s
tttg: c159/185 lr:0.000048 t:15.5s
tttg: c160/185 lr:0.000045 t:15.6s
tttg: c161/185 lr:0.000041 t:15.7s
tttg: c162/185 lr:0.000038 t:15.8s
tttg: c163/185 lr:0.000035 t:15.9s
tttg: c164/185 lr:0.000032 t:16.0s
tttg: c165/185 lr:0.000029 t:16.1s
tttg: c166/185 lr:0.000026 t:16.2s
tttg: c167/185 lr:0.000023 t:16.3s
tttg: c168/185 lr:0.000021 t:16.4s
tttg: c169/185 lr:0.000019 t:16.5s
tttg: c170/185 lr:0.000016 t:16.6s
tttg: c171/185 lr:0.000014 t:16.7s
tttg: c172/185 lr:0.000012 t:16.8s
tttg: c173/185 lr:0.000010 t:16.9s
tttg: c174/185 lr:0.000009 t:17.0s
tttg: c175/185 lr:0.000007 t:17.1s
tttg: c176/185 lr:0.000006 t:17.2s
tttg: c177/185 lr:0.000005 t:17.3s
tttg: c178/185 lr:0.000004 t:17.4s
tttg: c179/185 lr:0.000003 t:17.5s
tttg: c180/185 lr:0.000002 t:17.6s
tttg: c181/185 lr:0.000001 t:17.7s
tttg: c182/185 lr:0.000001 t:17.8s
tttg: c183/185 lr:0.000000 t:17.9s
tttg: c184/185 lr:0.000000 t:18.0s
ttpr: phase:2/3 t:303.0s
ttp: b746/782 bl:2.4204 bb:1.0665 rl:2.2982 rb:1.0679 dl:2884-2943 gd:0
ttp: b745/782 bl:2.2432 bb:1.0270 rl:2.2933 rb:1.0642 dl:2842-2883 gd:0
ttpp: phase:3/3 pd:2448 gd:2000 t:320.2s
tttg: c1/250 lr:0.001000 t:0.1s
tttg: c2/250 lr:0.001000 t:0.1s
tttg: c3/250 lr:0.001000 t:0.2s
tttg: c4/250 lr:0.001000 t:0.3s
tttg: c5/250 lr:0.000999 t:0.4s
tttg: c6/250 lr:0.000999 t:0.5s
tttg: c7/250 lr:0.000999 t:0.6s
tttg: c8/250 lr:0.000998 t:0.7s
tttg: c9/250 lr:0.000997 t:0.7s
tttg: c10/250 lr:0.000997 t:0.8s
tttg: c11/250 lr:0.000996 t:0.9s
tttg: c12/250 lr:0.000995 t:1.0s
tttg: c13/250 lr:0.000994 t:1.1s
tttg: c14/250 lr:0.000993 t:1.2s
tttg: c15/250 lr:0.000992 t:1.3s
tttg: c16/250 lr:0.000991 t:1.4s
tttg: c17/250 lr:0.000990 t:1.5s
tttg: c18/250 lr:0.000989 t:1.6s
tttg: c19/250 lr:0.000987 t:1.7s
tttg: c20/250 lr:0.000986 t:1.8s
tttg: c21/250 lr:0.000984 t:1.9s
tttg: c22/250 lr:0.000983 t:2.0s
tttg: c23/250 lr:0.000981 t:2.2s
tttg: c24/250 lr:0.000979 t:2.3s
tttg: c25/250 lr:0.000977 t:2.4s
tttg: c26/250 lr:0.000975 t:2.5s
tttg: c27/250 lr:0.000973 t:2.5s
tttg: c28/250 lr:0.000971 t:2.7s
tttg: c29/250 lr:0.000969 t:2.8s
tttg: c30/250 lr:0.000967 t:2.9s
tttg: c31/250 lr:0.000965 t:3.0s
tttg: c32/250 lr:0.000962 t:3.1s
tttg: c33/250 lr:0.000960 t:3.2s
tttg: c34/250 lr:0.000957 t:3.3s
tttg: c35/250 lr:0.000955 t:3.4s
tttg: c36/250 lr:0.000952 t:3.5s
tttg: c37/250 lr:0.000949 t:3.6s
tttg: c38/250 lr:0.000947 t:3.7s
tttg: c39/250 lr:0.000944 t:3.8s
tttg: c40/250 lr:0.000941 t:3.9s
tttg: c41/250 lr:0.000938 t:4.0s
tttg: c42/250 lr:0.000935 t:4.1s
tttg: c43/250 lr:0.000931 t:4.2s
tttg: c44/250 lr:0.000928 t:4.3s
tttg: c45/250 lr:0.000925 t:4.4s
tttg: c46/250 lr:0.000922 t:4.5s
tttg: c47/250 lr:0.000918 t:4.6s
tttg: c48/250 lr:0.000915 t:4.7s
tttg: c49/250 lr:0.000911 t:4.8s
tttg: c50/250 lr:0.000907 t:4.9s
tttg: c51/250 lr:0.000904 t:5.0s
tttg: c52/250 lr:0.000900 t:5.1s
tttg: c53/250 lr:0.000896 t:5.2s
tttg: c54/250 lr:0.000892 t:5.3s
tttg: c55/250 lr:0.000888 t:5.4s
tttg: c56/250 lr:0.000884 t:5.5s
tttg: c57/250 lr:0.000880 t:5.6s
tttg: c58/250 lr:0.000876 t:5.7s
tttg: c59/250 lr:0.000872 t:5.8s
tttg: c60/250 lr:0.000868 t:5.9s
tttg: c61/250 lr:0.000863 t:6.0s
tttg: c62/250 lr:0.000859 t:6.1s
tttg: c63/250 lr:0.000855 t:6.2s
tttg: c64/250 lr:0.000850 t:6.3s
tttg: c65/250 lr:0.000846 t:6.4s
tttg: c66/250 lr:0.000841 t:6.5s
tttg: c67/250 lr:0.000836 t:6.6s
tttg: c68/250 lr:0.000832 t:6.7s
tttg: c69/250 lr:0.000827 t:6.8s
tttg: c70/250 lr:0.000822 t:6.9s
tttg: c71/250 lr:0.000817 t:7.0s
tttg: c72/250 lr:0.000812 t:7.1s
tttg: c73/250 lr:0.000807 t:7.2s
tttg: c74/250 lr:0.000803 t:7.3s
tttg: c75/250 lr:0.000797 t:7.4s
tttg: c76/250 lr:0.000792 t:7.5s
tttg: c77/250 lr:0.000787 t:7.6s
tttg: c78/250 lr:0.000782 t:7.7s
tttg: c79/250 lr:0.000777 t:7.8s
tttg: c80/250 lr:0.000772 t:7.9s
tttg: c81/250 lr:0.000766 t:8.0s
tttg: c82/250 lr:0.000761 t:8.1s
tttg: c83/250 lr:0.000755 t:8.2s
tttg: c84/250 lr:0.000750 t:8.3s
tttg: c85/250 lr:0.000745 t:8.4s
tttg: c86/250 lr:0.000739 t:8.5s
tttg: c87/250 lr:0.000733 t:8.6s
tttg: c88/250 lr:0.000728 t:8.7s
tttg: c89/250 lr:0.000722 t:8.8s
tttg: c90/250 lr:0.000717 t:8.9s
tttg: c91/250 lr:0.000711 t:9.0s
tttg: c92/250 lr:0.000705 t:9.1s
tttg: c93/250 lr:0.000699 t:9.2s
tttg: c94/250 lr:0.000694 t:9.3s
tttg: c95/250 lr:0.000688 t:9.4s
tttg: c96/250 lr:0.000682 t:9.5s
tttg: c97/250 lr:0.000676 t:9.6s
tttg: c98/250 lr:0.000670 t:9.7s
tttg: c99/250 lr:0.000664 t:9.8s
tttg: c100/250 lr:0.000658 t:9.9s
tttg: c101/250 lr:0.000652 t:10.0s
tttg: c102/250 lr:0.000646 t:10.1s
tttg: c103/250 lr:0.000640 t:10.2s
tttg: c104/250 lr:0.000634 t:10.3s
tttg: c105/250 lr:0.000628 t:10.4s
tttg: c106/250 lr:0.000622 t:10.5s
tttg: c107/250 lr:0.000616 t:10.6s
tttg: c108/250 lr:0.000610 t:10.7s
tttg: c109/250 lr:0.000603 t:10.8s
tttg: c110/250 lr:0.000597 t:10.9s
tttg: c111/250 lr:0.000591 t:11.0s
tttg: c112/250 lr:0.000585 t:11.1s
tttg: c113/250 lr:0.000579 t:11.2s
tttg: c114/250 lr:0.000572 t:11.3s
tttg: c115/250 lr:0.000566 t:11.4s
tttg: c116/250 lr:0.000560 t:11.5s
tttg: c117/250 lr:0.000554 t:11.6s
tttg: c118/250 lr:0.000547 t:11.7s
tttg: c119/250 lr:0.000541 t:11.8s
tttg: c120/250 lr:0.000535 t:11.9s
tttg: c121/250 lr:0.000528 t:12.0s
tttg: c122/250 lr:0.000522 t:12.1s
tttg: c123/250 lr:0.000516 t:12.2s
tttg: c124/250 lr:0.000509 t:12.3s
tttg: c125/250 lr:0.000503 t:12.4s
tttg: c126/250 lr:0.000497 t:12.5s
tttg: c127/250 lr:0.000491 t:12.6s
tttg: c128/250 lr:0.000484 t:12.7s
tttg: c129/250 lr:0.000478 t:12.8s
tttg: c130/250 lr:0.000472 t:12.9s
tttg: c131/250 lr:0.000465 t:13.0s
tttg: c132/250 lr:0.000459 t:13.1s
tttg: c133/250 lr:0.000453 t:13.2s
tttg: c134/250 lr:0.000446 t:13.3s
tttg: c135/250 lr:0.000440 t:13.4s
tttg: c136/250 lr:0.000434 t:13.5s
tttg: c137/250 lr:0.000428 t:13.6s
tttg: c138/250 lr:0.000421 t:13.7s
tttg: c139/250 lr:0.000415 t:13.8s
tttg: c140/250 lr:0.000409 t:13.9s
tttg: c141/250 lr:0.000403 t:14.0s
tttg: c142/250 lr:0.000397 t:14.1s
tttg: c143/250 lr:0.000390 t:14.2s
tttg: c144/250 lr:0.000384 t:14.3s
tttg: c145/250 lr:0.000378 t:14.4s
tttg: c146/250 lr:0.000372 t:14.5s
tttg: c147/250 lr:0.000366 t:14.6s
tttg: c148/250 lr:0.000360 t:14.7s
tttg: c149/250 lr:0.000354 t:14.8s
tttg: c150/250 lr:0.000348 t:14.9s
tttg: c151/250 lr:0.000342 t:15.0s
tttg: c152/250 lr:0.000336 t:15.1s
tttg: c153/250 lr:0.000330 t:15.2s
tttg: c154/250 lr:0.000324 t:15.3s
tttg: c155/250 lr:0.000318 t:15.4s
tttg: c156/250 lr:0.000312 t:15.5s
tttg: c157/250 lr:0.000306 t:15.6s
tttg: c158/250 lr:0.000301 t:15.7s
tttg: c159/250 lr:0.000295 t:15.8s
tttg: c160/250 lr:0.000289 t:15.9s
tttg: c161/250 lr:0.000283 t:16.0s
tttg: c162/250 lr:0.000278 t:16.1s
tttg: c163/250 lr:0.000272 t:16.2s
tttg: c164/250 lr:0.000267 t:16.3s
tttg: c165/250 lr:0.000261 t:16.4s
tttg: c166/250 lr:0.000255 t:16.5s
tttg: c167/250 lr:0.000250 t:16.6s
tttg: c168/250 lr:0.000245 t:16.7s
tttg: c169/250 lr:0.000239 t:16.8s
tttg: c170/250 lr:0.000234 t:16.9s
tttg: c171/250 lr:0.000228 t:17.0s
tttg: c172/250 lr:0.000223 t:17.1s
tttg: c173/250 lr:0.000218 t:17.2s
tttg: c174/250 lr:0.000213 t:17.3s
tttg: c175/250 lr:0.000208 t:17.4s
tttg: c176/250 lr:0.000203 t:17.5s
tttg: c177/250 lr:0.000197 t:17.6s
tttg: c178/250 lr:0.000193 t:17.7s
tttg: c179/250 lr:0.000188 t:17.8s
tttg: c180/250 lr:0.000183 t:17.9s
tttg: c181/250 lr:0.000178 t:18.0s
tttg: c182/250 lr:0.000173 t:18.1s
tttg: c183/250 lr:0.000168 t:18.2s
tttg: c184/250 lr:0.000164 t:18.3s
tttg: c185/250 lr:0.000159 t:18.4s
tttg: c186/250 lr:0.000154 t:18.5s
tttg: c187/250 lr:0.000150 t:18.6s
tttg: c188/250 lr:0.000145 t:18.7s
tttg: c189/250 lr:0.000141 t:18.8s
tttg: c190/250 lr:0.000137 t:18.9s
tttg: c191/250 lr:0.000132 t:19.0s
tttg: c192/250 lr:0.000128 t:19.1s
tttg: c193/250 lr:0.000124 t:19.2s
tttg: c194/250 lr:0.000120 t:19.3s
tttg: c195/250 lr:0.000116 t:19.4s
tttg: c196/250 lr:0.000112 t:19.5s
tttg: c197/250 lr:0.000108 t:19.6s
tttg: c198/250 lr:0.000104 t:19.7s
tttg: c199/250 lr:0.000100 t:19.8s
tttg: c200/250 lr:0.000096 t:19.9s
tttg: c201/250 lr:0.000093 t:20.0s
tttg: c202/250 lr:0.000089 t:20.1s
tttg: c203/250 lr:0.000085 t:20.2s
tttg: c204/250 lr:0.000082 t:20.3s
tttg: c205/250 lr:0.000078 t:20.4s
tttg: c206/250 lr:0.000075 t:20.5s
tttg: c207/250 lr:0.000072 t:20.6s
tttg: c208/250 lr:0.000069 t:20.7s
tttg: c209/250 lr:0.000065 t:22.4s
tttg: c210/250 lr:0.000062 t:22.5s
tttg: c211/250 lr:0.000059 t:22.5s
tttg: c212/250 lr:0.000056 t:22.6s
tttg: c213/250 lr:0.000053 t:22.7s
tttg: c214/250 lr:0.000051 t:22.8s
tttg: c215/250 lr:0.000048 t:22.9s
tttg: c216/250 lr:0.000045 t:23.0s
tttg: c217/250 lr:0.000043 t:23.1s
tttg: c218/250 lr:0.000040 t:23.2s
tttg: c219/250 lr:0.000038 t:23.3s
tttg: c220/250 lr:0.000035 t:23.4s
tttg: c221/250 lr:0.000033 t:23.5s
tttg: c222/250 lr:0.000031 t:23.6s
tttg: c223/250 lr:0.000029 t:23.7s
tttg: c224/250 lr:0.000027 t:23.8s
tttg: c225/250 lr:0.000025 t:23.9s
tttg: c226/250 lr:0.000023 t:24.0s
tttg: c227/250 lr:0.000021 t:24.2s
tttg: c228/250 lr:0.000019 t:24.3s
tttg: c229/250 lr:0.000017 t:24.4s
tttg: c230/250 lr:0.000016 t:24.5s
tttg: c231/250 lr:0.000014 t:24.6s
tttg: c232/250 lr:0.000013 t:24.7s
tttg: c233/250 lr:0.000011 t:24.8s
tttg: c234/250 lr:0.000010 t:24.9s
tttg: c235/250 lr:0.000009 t:25.0s
tttg: c236/250 lr:0.000008 t:25.1s
tttg: c237/250 lr:0.000007 t:25.2s
tttg: c238/250 lr:0.000006 t:25.3s
tttg: c239/250 lr:0.000005 t:25.4s
tttg: c240/250 lr:0.000004 t:25.5s
tttg: c241/250 lr:0.000003 t:25.6s
tttg: c242/250 lr:0.000003 t:25.7s
tttg: c243/250 lr:0.000002 t:25.8s
tttg: c244/250 lr:0.000001 t:25.9s
tttg: c245/250 lr:0.000001 t:26.0s
tttg: c246/250 lr:0.000001 t:26.1s
tttg: c247/250 lr:0.000000 t:26.2s
tttg: c248/250 lr:0.000000 t:26.3s
tttg: c249/250 lr:0.000000 t:26.4s
ttpr: phase:3/3 t:350.0s
ttp: b736/782 bl:2.2527 bb:1.0614 rl:2.2904 rb:1.0640 dl:2526-2550 gd:1
ttp: b734/782 bl:2.2712 bb:1.0333 rl:2.2891 rb:1.0619 dl:2469-2495 gd:1
ttp: b727/782 bl:2.2719 bb:1.0470 rl:2.2881 rb:1.0610 dl:2277-2305 gd:1
ttp: b714/782 bl:2.3156 bb:1.0257 rl:2.2894 rb:1.0592 dl:2018-2035 gd:1
ttp: b707/782 bl:2.3633 bb:1.0502 rl:2.2927 rb:1.0588 dl:1910-1923 gd:1
ttp: b698/782 bl:2.2553 bb:1.0323 rl:2.2912 rb:1.0578 dl:1803-1814 gd:1
ttp: b694/782 bl:2.3190 bb:1.0605 rl:2.2923 rb:1.0579 dl:1758-1769 gd:1
ttp: b684/782 bl:2.3797 bb:1.0484 rl:2.2952 rb:1.0575 dl:1658-1665 gd:1
ttp: b672/782 bl:2.3368 bb:1.0515 rl:2.2965 rb:1.0573 dl:1553-1562 gd:1
ttp: b664/782 bl:2.3477 bb:1.0303 rl:2.2980 rb:1.0565 dl:1493-1499 gd:1
ttp: b656/782 bl:2.3355 bb:1.1141 rl:2.2990 rb:1.0580 dl:1439-1445 gd:1
ttp: b648/782 bl:2.2899 bb:1.0105 rl:2.2988 rb:1.0568 dl:1387-1392 gd:1
ttp: b640/782 bl:2.3152 bb:1.0547 rl:2.2992 rb:1.0567 dl:1337-1343 gd:1
ttp: b632/782 bl:2.3537 bb:1.0356 rl:2.3004 rb:1.0562 dl:1290-1297 gd:1
ttp: b624/782 bl:2.3655 bb:1.0708 rl:2.3018 rb:1.0565 dl:1249-1255 gd:1
ttp: b616/782 bl:2.4069 bb:1.0440 rl:2.3039 rb:1.0563 dl:1205-1211 gd:1
ttp: b608/782 bl:2.3601 bb:1.0844 rl:2.3050 rb:1.0568 dl:1168-1172 gd:1
ttp: b601/782 bl:2.3390 bb:1.0240 rl:2.3056 rb:1.0562 dl:1137-1141 gd:1
ttp: b593/782 bl:2.3011 bb:1.0158 rl:2.3056 rb:1.0554 dl:1103-1107 gd:1
ttp: b585/782 bl:2.2881 bb:1.0378 rl:2.3053 rb:1.0551 dl:1069-1073 gd:1
ttp: b577/782 bl:2.2964 bb:1.0336 rl:2.3051 rb:1.0548 dl:1037-1041 gd:1
ttp: b569/782 bl:2.3136 bb:1.0461 rl:2.3053 rb:1.0547 dl:1007-1010 gd:1
ttp: b561/782 bl:2.2564 bb:1.0178 rl:2.3045 rb:1.0541 dl:979-983 gd:1
ttp: b553/782 bl:2.2919 bb:1.0333 rl:2.3044 rb:1.0538 dl:952-955 gd:1
ttp: b546/782 bl:2.3354 bb:1.0383 rl:2.3048 rb:1.0536 dl:930-934 gd:1
ttp: b538/782 bl:2.3492 bb:1.0517 rl:2.3054 rb:1.0536 dl:905-909 gd:1
ttp: b530/782 bl:2.4186 bb:1.0878 rl:2.3068 rb:1.0540 dl:882-884 gd:1
ttp: b522/782 bl:2.3131 bb:1.0374 rl:2.3068 rb:1.0538 dl:858-860 gd:1
ttp: b514/782 bl:2.3163 bb:1.0693 rl:2.3069 rb:1.0540 dl:835-838 gd:1
ttp: b506/782 bl:2.3548 bb:1.0168 rl:2.3075 rb:1.0535 dl:812-814 gd:1
ttp: b498/782 bl:2.3597 bb:1.0546 rl:2.3080 rb:1.0536 dl:791-794 gd:1
ttp: b490/782 bl:2.3931 bb:1.0568 rl:2.3089 rb:1.0536 dl:771-773 gd:1
ttp: b483/782 bl:2.2626 bb:1.0323 rl:2.3085 rb:1.0534 dl:754-756 gd:1
ttp: b476/782 bl:2.2839 bb:1.0351 rl:2.3082 rb:1.0532 dl:738-740 gd:1
ttp: b468/782 bl:2.3743 bb:1.0687 rl:2.3088 rb:1.0534 dl:719-721 gd:1
ttp: b460/782 bl:2.2575 bb:1.0561 rl:2.3084 rb:1.0534 dl:701-703 gd:1
ttp: b452/782 bl:2.2692 bb:1.0156 rl:2.3080 rb:1.0530 dl:685-687 gd:1
ttp: b444/782 bl:2.3206 bb:1.0692 rl:2.3081 rb:1.0532 dl:668-670 gd:1
ttp: b436/782 bl:2.2801 bb:1.0532 rl:2.3079 rb:1.0532 dl:651-653 gd:1
ttp: b428/782 bl:2.3160 bb:1.0553 rl:2.3080 rb:1.0532 dl:636-638 gd:1
ttp: b420/782 bl:2.3681 bb:1.0571 rl:2.3084 rb:1.0532 dl:620-622 gd:1
ttp: b412/782 bl:2.3346 bb:1.0468 rl:2.3086 rb:1.0532 dl:605-607 gd:1
ttp: b404/782 bl:2.3764 bb:1.0642 rl:2.3091 rb:1.0533 dl:590-592 gd:1
ttp: b397/782 bl:2.3643 bb:1.0485 rl:2.3095 rb:1.0532 dl:577-579 gd:1
ttp: b390/782 bl:2.3576 bb:1.0622 rl:2.3098 rb:1.0533 dl:564-566 gd:1
ttp: b381/782 bl:2.4271 bb:1.1033 rl:2.3106 rb:1.0536 dl:549-550 gd:1
ttp: b373/782 bl:2.4207 bb:1.1046 rl:2.3113 rb:1.0539 dl:535-537 gd:1
ttp: b365/782 bl:2.3448 bb:1.0419 rl:2.3115 rb:1.0539 dl:522-524 gd:1
ttp: b357/782 bl:2.3382 bb:1.0719 rl:2.3116 rb:1.0540 dl:508-510 gd:1
ttp: b349/782 bl:2.3617 bb:1.0299 rl:2.3119 rb:1.0538 dl:495-496 gd:1
ttp: b341/782 bl:2.3059 bb:1.0801 rl:2.3119 rb:1.0540 dl:483-485 gd:1
ttp: b330/782 bl:2.2502 bb:1.0723 rl:2.3116 rb:1.0541 dl:466-468 gd:1
ttp: b321/782 bl:2.3645 bb:1.0794 rl:2.3118 rb:1.0542 dl:453-455 gd:1
ttp: b313/782 bl:2.2972 bb:1.0824 rl:2.3118 rb:1.0543 dl:440-442 gd:1
ttp: b305/782 bl:2.3470 bb:1.0909 rl:2.3119 rb:1.0545 dl:429-430 gd:1
ttp: b297/782 bl:2.4049 bb:1.0866 rl:2.3124 rb:1.0546 dl:417-418 gd:1
ttp: b288/782 bl:2.2439 bb:1.0213 rl:2.3121 rb:1.0545 dl:403-405 gd:1
ttp: b280/782 bl:2.3466 bb:1.0941 rl:2.3122 rb:1.0547 dl:392-394 gd:1
ttp: b272/782 bl:2.3750 bb:1.0970 rl:2.3125 rb:1.0548 dl:382-383 gd:1
ttp: b263/782 bl:2.4004 bb:1.0858 rl:2.3128 rb:1.0550 dl:370-371 gd:1
ttp: b255/782 bl:2.3671 bb:1.0917 rl:2.3131 rb:1.0551 dl:360-361 gd:1
ttp: b247/782 bl:2.3519 bb:1.0947 rl:2.3132 rb:1.0553 dl:350-351 gd:1
ttp: b239/782 bl:2.3876 bb:1.1086 rl:2.3135 rb:1.0555 dl:340-341 gd:1
ttp: b231/782 bl:2.3231 bb:1.0913 rl:2.3135 rb:1.0556 dl:330-331 gd:1
ttp: b223/782 bl:2.3398 bb:1.1296 rl:2.3136 rb:1.0558 dl:321-322 gd:1
ttp: b214/782 bl:2.3497 bb:1.1244 rl:2.3137 rb:1.0561 dl:310-312 gd:1
ttp: b203/782 bl:2.4403 bb:1.1133 rl:2.3141 rb:1.0562 dl:299-300 gd:1
ttp: b195/782 bl:2.4321 bb:1.1343 rl:2.3145 rb:1.0565 dl:290-291 gd:1
ttp: b185/782 bl:2.4338 bb:1.1159 rl:2.3149 rb:1.0567 dl:279-280 gd:1
ttp: b178/782 bl:2.3494 bb:1.0990 rl:2.3150 rb:1.0568 dl:272-273 gd:1
ttp: b171/782 bl:2.4844 bb:1.1456 rl:2.3154 rb:1.0570 dl:266-266 gd:1
ttp: b165/782 bl:2.3563 bb:1.1190 rl:2.3156 rb:1.0572 dl:260-260 gd:1
ttp: b156/782 bl:2.3174 bb:1.1570 rl:2.3156 rb:1.0574 dl:251-252 gd:1
ttp: b148/782 bl:2.3351 bb:1.1049 rl:2.3156 rb:1.0575 dl:243-244 gd:1
ttp: b140/782 bl:2.4378 bb:1.1382 rl:2.3159 rb:1.0577 dl:235-236 gd:1
ttp: b130/782 bl:2.5744 bb:1.1797 rl:2.3165 rb:1.0580 dl:226-227 gd:1
ttp: b121/782 bl:2.4395 bb:1.1134 rl:2.3168 rb:1.0582 dl:218-219 gd:1
ttp: b111/782 bl:2.4310 bb:1.1853 rl:2.3171 rb:1.0584 dl:208-210 gd:1
ttp: b101/782 bl:2.5313 bb:1.1635 rl:2.3175 rb:1.0586 dl:200-201 gd:1
ttp: b92/782 bl:2.4380 bb:1.1600 rl:2.3178 rb:1.0588 dl:191-192 gd:1
ttp: b84/782 bl:2.5262 bb:1.2012 rl:2.3182 rb:1.0591 dl:184-185 gd:1
ttp: b74/782 bl:2.4854 bb:1.1534 rl:2.3185 rb:1.0593 dl:175-176 gd:1
ttp: b64/782 bl:2.5370 bb:1.1571 rl:2.3188 rb:1.0594 dl:166-167 gd:1
ttp: b57/782 bl:2.4636 bb:1.1601 rl:2.3191 rb:1.0596 dl:160-161 gd:1
ttp: b47/782 bl:2.4423 bb:1.1401 rl:2.3193 rb:1.0597 dl:150-151 gd:1
ttp: b37/782 bl:2.5777 bb:1.2150 rl:2.3196 rb:1.0599 dl:140-141 gd:1
ttp: b30/782 bl:2.5973 bb:1.2664 rl:2.3200 rb:1.0602 dl:133-134 gd:1
ttp: b21/782 bl:2.6150 bb:1.2336 rl:2.3204 rb:1.0604 dl:123-124 gd:1
ttp: b12/782 bl:2.5803 bb:1.1934 rl:2.3207 rb:1.0606 dl:110-112 gd:1
ttp: b3/782 bl:2.6600 bb:1.1850 rl:2.3210 rb:1.0607 dl:89-93 gd:1
quantized_ttt_phased val_loss:2.32926558 val_bpb:1.06438348 eval_time:453433ms
total_eval_time:453.4s
