# cmd: torchrun --standalone --nproc_per_node=1 /root/parameter-golf/train_gpt.py
# env:DATA_PATH=/root/parameter-golf/data/datasets/fineweb10B_sp1024
# env:ITERATIONS=1000
# env:MAX_WALLCLOCK_SECONDS=600.0
# env:NCCL_IB_DISABLE=1
# env:RUN_ID=hf_verify_sp1024_1gpu_wd0_seed1341
# env:SEED=1341
# env:TOKENIZER_PATH=/root/parameter-golf/data/tokenizers/fineweb_1024_bpe.model
# env:TRAIN_BATCH_TOKENS=131072
# env:TRAIN_LOG_EVERY=50
# env:VAL_LOSS_EVERY=200
# env:VOCAB_SIZE=1024
# env:WEIGHT_DECAY=0
logs/hf_verify_sp1024_1gpu_wd0_seed1341.txt
val_bpb:enabled tokenizer_kind=sentencepiece tokenizer_path=/root/parameter-golf/data/tokenizers/fineweb_1024_bpe.model
train_loader:dataset:fineweb10B_sp1024 train_shards:80
val_loader:shards pattern=/root/parameter-golf/data/datasets/fineweb10B_sp1024/fineweb_val_*.bin tokens:62021632
model_params:17059912
world_size:1 grad_accum_steps:8
sdp_backends:cudnn=False flash=True mem_efficient=False math=False
attention_mode:gqa num_heads:8 num_kv_heads:4
tie_embeddings:True enable_lora:False lora_rank:128 embed_lr:0.05 head_lr:0.0 matrix_lr:0.04 scalar_lr:0.04 weight_decay:0.0
train_batch_tokens:131072 train_seq_len:1024 iterations:1000 warmup_steps:20 max_wallclock_seconds:600.000
seed:1341
warmup_step:1/20
warmup_step:2/20
warmup_step:3/20
warmup_step:4/20
warmup_step:5/20
warmup_step:6/20
warmup_step:7/20
warmup_step:8/20
warmup_step:9/20
warmup_step:10/20
warmup_step:11/20
warmup_step:12/20
warmup_step:13/20
warmup_step:14/20
warmup_step:15/20
warmup_step:16/20
warmup_step:17/20
warmup_step:18/20
warmup_step:19/20
warmup_step:20/20
step:0/1000 val_loss:6.9351 val_bpb:4.1074 train_time:0ms step_avg:0.01ms
step:1/1000 train_loss:6.9380 train_time:235ms step_avg:235.35ms
step:2/1000 train_loss:16.3721 train_time:468ms step_avg:233.86ms
step:3/1000 train_loss:7.8255 train_time:701ms step_avg:233.52ms
step:4/1000 train_loss:7.0600 train_time:933ms step_avg:233.24ms
step:5/1000 train_loss:7.2518 train_time:1166ms step_avg:233.11ms
step:6/1000 train_loss:6.9247 train_time:1398ms step_avg:232.99ms
step:7/1000 train_loss:6.5887 train_time:1630ms step_avg:232.89ms
step:8/1000 train_loss:6.3707 train_time:1865ms step_avg:233.10ms
step:9/1000 train_loss:6.2059 train_time:2097ms step_avg:233.04ms
step:10/1000 train_loss:6.0573 train_time:2330ms step_avg:232.98ms
step:50/1000 train_loss:4.0038 train_time:11628ms step_avg:232.55ms
step:100/1000 train_loss:3.6993 train_time:23311ms step_avg:233.11ms
step:150/1000 train_loss:3.2542 train_time:34941ms step_avg:232.94ms
step:200/1000 train_loss:3.0351 train_time:46571ms step_avg:232.85ms
step:200/1000 val_loss:3.0532 val_bpb:1.8083 train_time:46572ms step_avg:232.86ms
step:250/1000 train_loss:2.8883 train_time:58380ms step_avg:233.52ms
step:300/1000 train_loss:2.8657 train_time:70005ms step_avg:233.35ms
step:350/1000 train_loss:2.7315 train_time:81620ms step_avg:233.20ms
step:400/1000 train_loss:2.8032 train_time:93247ms step_avg:233.12ms
step:400/1000 val_loss:2.7521 val_bpb:1.6300 train_time:93248ms step_avg:233.12ms
step:450/1000 train_loss:2.6282 train_time:105017ms step_avg:233.37ms
step:500/1000 train_loss:2.7208 train_time:116649ms step_avg:233.30ms
step:550/1000 train_loss:2.6472 train_time:128272ms step_avg:233.22ms
step:600/1000 train_loss:2.6767 train_time:139923ms step_avg:233.21ms
step:600/1000 val_loss:2.6337 val_bpb:1.5599 train_time:139924ms step_avg:233.21ms
step:650/1000 train_loss:2.5820 train_time:151597ms step_avg:233.23ms
step:700/1000 train_loss:2.4290 train_time:163241ms step_avg:233.20ms
step:750/1000 train_loss:2.5717 train_time:174861ms step_avg:233.15ms
step:800/1000 train_loss:2.5511 train_time:186568ms step_avg:233.21ms
step:800/1000 val_loss:2.5662 val_bpb:1.5199 train_time:186569ms step_avg:233.21ms
step:850/1000 train_loss:2.5964 train_time:198190ms step_avg:233.17ms
step:900/1000 train_loss:2.5456 train_time:209821ms step_avg:233.13ms
step:950/1000 train_loss:2.5197 train_time:221435ms step_avg:233.09ms
step:1000/1000 train_loss:2.4847 train_time:233422ms step_avg:233.42ms
step:1000/1000 val_loss:2.4963 val_bpb:1.4785 train_time:233422ms step_avg:233.42ms
peak memory allocated: 3258 MiB reserved: 3502 MiB
Serialized model: 67224578 bytes
Code size: 71622 bytes
Total submission size: 67296200 bytes
Serialized model int8+zlib: 14915594 bytes (payload:17178912 raw_torch:17223564 payload_ratio:3.91x)
Total submission size int8+zlib: 14987216 bytes
/root/parameter-golf/train_gpt.py:1657: FutureWarning: You are using `torch.load` with `weights_only=False` (the current default value), which uses the default pickle module implicitly. It is possible to construct malicious pickle data which will execute arbitrary code during unpickling (See https://github.com/pytorch/pytorch/blob/main/SECURITY.md#untrusted-models for more details). In a future release, the default value for `weights_only` will be flipped to `True`. This limits the functions that could be executed during unpickling. Arbitrary objects will no longer be allowed to be loaded via this mode unless they are explicitly allowlisted by the user via `torch.serialization.add_safe_globals`. We recommend you start setting `weights_only=True` for any use case where you don't have full control of the loaded file. Please open an issue on GitHub for any issues related to this experimental feature.
  quant_state = torch.load(io.BytesIO(zlib.decompress(quant_blob_disk)), map_location="cpu")
final_int8_zlib_roundtrip val_loss:2.4978 val_bpb:1.4793 eval_time:22442ms
final_int8_zlib_roundtrip_exact val_loss:2.49775620 val_bpb:1.47931191
