 _____                             _ 
                  | |                
                  |_|                
W0325 17:22:42.564000 145618 torch/distributed/run.py:803] 
W0325 17:22:42.564000 145618 torch/distributed/run.py:803] *****************************************
W0325 17:22:42.564000 145618 torch/distributed/run.py:803] Setting OMP_NUM_THREADS environment variable for each process to be 1 in default, to avoid your system being overloaded, please further tune the variable for optimal performance in your application as needed. 
W0325 17:22:42.564000 145618 torch/distributed/run.py:803] *****************************************
logs/f1_car02_iso_backoff_7gram_adaptive_s2045_20260325_172241.txt
val_bpb:enabled tokenizer_kind=sentencepiece tokenizer_path=./data/tokenizers/fineweb_1024_bpe.model
train_loader:dataset:fineweb10B_sp1024 train_shards:80
val_loader:shards pattern=./data/datasets/fineweb10B_sp1024/fineweb_val_*.bin tokens:62021632
model_params:26928220
f1_corr:rank=0 params=0 est_int6_bytes~0
mlp_act:leaky_relu_sq mlp_leaky_slope:0.5
XSA:last_4 world_size:8 grad_accum_steps:1
num_heads:8 num_kv_heads:4 embed_lr:0.035 matrix_lr:0.025
train_batch_tokens:786432 train_seq_len:2048 iterations:20000 warmup_steps:20 max_wallclock_seconds:600.000
compile:enabled=1 fullgraph=0
seed:2045
ngram_eval:order=7 alpha=0.3 min_count=2 buckets=4194304
warmup_step:1/20
warmup_step:2/20
warmup_step:3/20
warmup_step:4/20
warmup_step:5/20
warmup_step:6/20
warmup_step:7/20
warmup_step:8/20
warmup_step:9/20
warmup_step:10/20
warmup_step:11/20
warmup_step:12/20
warmup_step:13/20
warmup_step:14/20
warmup_step:15/20
warmup_step:16/20
warmup_step:17/20
warmup_step:18/20
warmup_step:19/20
warmup_step:20/20
step:0/20000 val_loss:6.9303 val_bpb:4.1045 train_time:0ms step_avg:0.01ms
step:1/20000 train_loss:6.9322 train_time:153ms step_avg:153.26ms
step:2/20000 train_loss:8.7644 train_time:235ms step_avg:117.25ms
step:3/20000 train_loss:7.8956 train_time:321ms step_avg:106.84ms
step:4/20000 train_loss:7.1978 train_time:406ms step_avg:101.54ms
step:5/20000 train_loss:6.9514 train_time:492ms step_avg:98.35ms
step:6/20000 train_loss:6.9441 train_time:578ms step_avg:96.27ms
step:7/20000 train_loss:6.8031 train_time:664ms step_avg:94.84ms
step:8/20000 train_loss:6.6954 train_time:749ms step_avg:93.67ms
step:9/20000 train_loss:6.3692 train_time:835ms step_avg:92.80ms
step:10/20000 train_loss:6.0680 train_time:921ms step_avg:92.10ms
step:500/20000 train_loss:2.3787 train_time:43872ms step_avg:87.74ms
step:1000/20000 train_loss:2.2573 train_time:87871ms step_avg:87.87ms
step:1500/20000 train_loss:2.2048 train_time:131883ms step_avg:87.92ms
step:2000/20000 train_loss:2.0492 train_time:175903ms step_avg:87.95ms
step:2500/20000 train_loss:2.1564 train_time:219944ms step_avg:87.98ms
step:3000/20000 train_loss:2.1489 train_time:263982ms step_avg:87.99ms
step:3500/20000 train_loss:2.1641 train_time:308068ms step_avg:88.02ms
step:4000/20000 train_loss:1.9566 train_time:352064ms step_avg:88.02ms
step:4000/20000 val_loss:2.0472 val_bpb:1.2124 train_time:352069ms step_avg:88.02ms
step:4500/20000 train_loss:2.1061 train_time:396047ms step_avg:88.01ms
step:5000/20000 train_loss:2.0885 train_time:440020ms step_avg:88.00ms
late_qat:enabled step:5069 scale:0.4998
step:5500/20000 train_loss:2.0032 train_time:483992ms step_avg:88.00ms
step:6000/20000 train_loss:1.9250 train_time:527949ms step_avg:87.99ms
swa:start step:6150
step:6500/20000 train_loss:2.0651 train_time:572178ms step_avg:88.03ms
step:6815/20000 val_loss:1.9224 val_bpb:1.1385 train_time:600046ms step_avg:88.05ms
stopping_early: wallclock_cap train_time:600046ms step:6815/20000
peak memory allocated: 20672 MiB reserved: 20718 MiB
gptq:calibrating with training data...
gptq:calibrated 68 layers in 3.6s
ema:applying EMA weights
DIAGNOSTIC post_ema val_loss:1.9208 val_bpb:1.1376 eval_time:2034ms
Serialized model: 106047497 bytes
Code size: 106211 bytes
gptq_quantize: 66 GPTQ layers, 0 naive layers
gptq_quantize: 66 GPTQ layers, 0 naive layers
gptq_quantize: 66 GPTQ layers, 0 naive layers
gptq_quantize: 66 GPTQ layers, 0 naive layers
gptq_quantize: 66 GPTQ layers, 0 naive layers
gptq_quantize: 66 GPTQ layers, 0 naive layers
gptq_quantize: 66 GPTQ layers, 0 naive layers
gptq_quantize: 66 GPTQ layers, 0 naive layers
Serialized model int6+zstd: 15603992 bytes
Total submission size int6+zstd: 15710203 bytes
Total submission size int8+zlib: 15710203 bytes
final_int6_roundtrip val_loss:1.9303 val_bpb:1.1432 eval_time:36664ms
final_int6_roundtrip_exact val_loss:1.93028990 val_bpb:1.14322640
final_int6_sliding_window val_loss:1.8905 val_bpb:1.1196 stride:64 eval_time:99161ms
final_int6_sliding_window_exact val_loss:1.89047707 val_bpb:1.11964997
final_int8_zlib_roundtrip_exact val_loss:1.89047707 val_bpb:1.11964997
ngram_eval:progress windows=64032/121136 (52.9%) bpb=1.070049 t=73s
ngram_eval:progress windows=64032/121136 (52.9%) bpb=1.037658 t=73s
ngram_eval:progress windows=64032/121136 (52.9%) bpb=1.071769 t=73s
ngram_eval:progress windows=64032/121136 (52.9%) bpb=1.049297 t=73s
ngram_eval:progress windows=64032/121136 (52.9%) bpb=1.054094 t=73s
ngram_eval:progress windows=64032/121136 (52.9%) bpb=1.050572 t=74s
ngram_eval:progress windows=64032/121136 (52.9%) bpb=1.060942 t=74s
ngram_eval:progress windows=64032/121136 (52.9%) bpb=1.057432 t=75s
final_int6_sliding_window_ngram7 val_loss:1.6243 val_bpb:0.9620 eval_time:141734ms
final_int6_sliding_window_ngram7_exact val_loss:1.62433905 val_bpb:0.96202763
Connection to 100.65.33.119 closed.
