W0413 00:53:43.664000 103112 torch/distributed/run.py:803] 
W0413 00:53:43.664000 103112 torch/distributed/run.py:803] *****************************************
W0413 00:53:43.664000 103112 torch/distributed/run.py:803] Setting OMP_NUM_THREADS environment variable for each process to be 1 in default, to avoid your system being overloaded, please further tune the variable for optimal performance in your application as needed. 
W0413 00:53:43.664000 103112 torch/distributed/run.py:803] *****************************************
Hyperparameters:
  adam_eps: 1e-08
  adam_wd: 0.02
  beta1: 0.9
  beta2: 0.95
  compressor: brotli
  data_dir: ./data/
  datasets_dir: ./data/datasets/fineweb10B_sp8192
  distributed: True
  ema_decay: 0.997
  embed_bits: 8
  embed_clip_sigmas: 20.0
  embed_lr: 0.6
  embed_wd: 0.095
  embedding_dim: 512
  enable_looping_at: 0.35
  eval_seq_len: 2048
  eval_stride: 64
  gptq_calibration_batches: 64
  gptq_reserve_seconds: 13.0
  grad_accum_steps: 1
  grad_clip_norm: 0.3
  hash_embed_enabled: True
  hash_embed_size: 16384
  head_lr: 0.008
  is_main_process: True
  iterations: 20000
  ln_scale: True
  local_rank: 0
  logfile: logs/8417e04a-cb72-4fc2-8a25-26bb5bf31ca4.txt
  logit_softcap: 30.0
  loop_end: 5
  loop_start: 3
  matrix_bits: 6
  matrix_clip_sigmas: 12.85
  matrix_lr: 0.022
  max_wallclock_seconds: 600.0
  min_lr: 0.0
  mlp_mult: 4.0
  model_dim: 512
  model_path: final_model.pt
  muon_backend_steps: 5
  muon_beta2: 0.95
  muon_momentum: 0.97
  muon_momentum_warmup_start: 0.92
  muon_momentum_warmup_steps: 1500
  muon_row_normalize: True
  muon_wd: 0.095
  num_heads: 8
  num_kv_heads: 4
  num_layers: 11
  num_loops: 2
  parallel_final_lane: mean
  parallel_freeze_lane0: False
  parallel_identity_init: True
  parallel_mlp_read_mix: False
  parallel_residual: True
  parallel_residual_start: 8
  parallel_skip_lane0_only: True
  parallel_start_layer: 8
  parallel_start_layer_is_physical: True
  qk_gain_init: 5.0
  quantized_model_path: final_model.int6.ptz
  rank: 0
  rope_base: 10000.0
  rope_dims: 16
  rope_train_seq_len: 2048
  run_id: 8417e04a-cb72-4fc2-8a25-26bb5bf31ca4
  scalar_lr: 0.02
  seed: 1337
  skip_gates_enabled: True
  sliding_window_enabled: True
  tie_embeddings: True
  tied_embed_init_std: 0.005
  tied_embed_lr: 0.03
  tokenizer_path: ./data/tokenizers/fineweb_8192_bpe.model
  train_batch_tokens: 786432
  train_files: ./data/datasets/fineweb10B_sp8192/fineweb_train_*.bin
  train_log_every: 500
  train_seq_len: 2048
  ttt_adamw_wd: 0.0
  ttt_batch_seqs: 32
  ttt_chunk_tokens: 32768
  ttt_enabled: True
  ttt_epochs: 3
  ttt_freeze_blocks: 0
  ttt_grad_clip: 1.0
  ttt_lr: 0.01
  ttt_momentum: 0.9
  ttt_optimizer: sgd
  val_batch_tokens: 524288
  val_files: ./data/datasets/fineweb10B_sp8192/fineweb_val_*.bin
  val_loss_every: 4000
  vocab_size: 8192
  warmdown_frac: 0.667
  warmup_steps: 20
  world_size: 8
  xsa_last_n: 11
train_shards: 80
val_tokens: 40540160
model_params:35944602
parallel_residual:active=1 start_layer=8 start_mode=physical final_lane=mean freeze_lane0=0 identity_init=1 skip_lane0_only=1 mlp_read_mix=0
gptq:reserving 13s, effective=587000ms
warmup_step: 1/20
warmup_step: 2/20
warmup_step: 3/20
warmup_step: 4/20
warmup_step: 5/20
warmup_step: 6/20
warmup_step: 10/20
warmup_step: 20/20
loop_warmup:enabled encoder:[0, 1, 2, 3, 4, 5, 3, 4] decoder:[5, 3, 4, 5, 6, 7, 8, 9, 10]
loop_warmup_step: 1/20
loop_warmup_step: 2/20
loop_warmup_step: 3/20
loop_warmup_step: 4/20
loop_warmup_step: 5/20
loop_warmup_step: 6/20
loop_warmup_step: 10/20
loop_warmup_step: 20/20
0/20000 val_loss: 9.0095 val_bpb: 3.4878
1/20000 train_loss: 9.0103 train_time: 0.0m tok/s: 8310235
2/20000 train_loss: 12.3889 train_time: 0.0m tok/s: 13069122
3/20000 train_loss: 11.1292 train_time: 0.0m tok/s: 10952417
4/20000 train_loss: 9.5969 train_time: 0.0m tok/s: 9875428
5/20000 train_loss: 8.4219 train_time: 0.0m tok/s: 9572091
500/20000 train_loss: 3.3681 train_time: 0.8m tok/s: 8015719
1000/20000 train_loss: 3.2743 train_time: 1.6m tok/s: 7992840
1500/20000 train_loss: 3.1761 train_time: 2.5m tok/s: 7991826
2000/20000 train_loss: 3.0924 train_time: 3.3m tok/s: 7998008
layer_loop:enabled step:2089 frac:0.350 encoder:[0, 1, 2, 3, 4, 5, 3, 4] decoder:[5, 3, 4, 5, 6, 7, 8, 9, 10]
2500/20000 train_loss: 3.1424 train_time: 4.4m tok/s: 7430458
3000/20000 train_loss: 2.9150 train_time: 5.6m tok/s: 7011663
3500/20000 train_loss: 2.9542 train_time: 6.8m tok/s: 6741498
4000/20000 train_loss: 2.8339 train_time: 8.0m tok/s: 6552396
4000/20000 val_loss: 2.8894 val_bpb: 1.1186
4500/20000 train_loss: 2.8468 train_time: 9.2m tok/s: 6412976
4745/20000 val_loss: 2.7956 val_bpb: 1.0823
stopping_early: wallclock_cap train_time: 587180ms step: 4745/20000
peak memory allocated: 39972 MiB reserved: 40024 MiB
ema:applying EMA weights
parallel_residual:converged active=1 start_layer=8 start_mode=physical final_lane=mean freeze_lane0=0 identity_init=1 skip_lane0_only=1 mlp_read_mix=0 used_layers=3
parallel_residual layer:14 physical:8 attn_resid:3.2508 attn_to_attn:-0.3672 attn_to_mlp:0.4779 mlp_resid:0.4243 mlp_to_attn:0.0263 mlp_to_mlp:0.6252
parallel_residual layer:15 physical:9 attn_resid:0.7172 attn_to_attn:-0.0746 attn_to_mlp:0.3969 mlp_resid:0.4664 mlp_to_attn:0.2109 mlp_to_mlp:0.5664
parallel_residual layer:16 physical:10 attn_resid:-0.0339 attn_to_attn:0.1468 attn_to_mlp:0.1468 mlp_resid:0.5235 mlp_to_attn:0.5712 mlp_to_mlp:0.5712
pre-quantization post-ema val_loss:2.79557113 val_bpb:1.08225270 eval_time:6243ms
Serialized model: 135409136 bytes
Code size: 23191 bytes
GPTQ:collecting Hessians from calibration data...
GPTQ:collected 67 Hessians in 12.6s
Quantized weights:
  gptq (int6): blocks.attn.c_k.weight, blocks.attn.c_q.weight, blocks.attn.c_v.weight, blocks.attn.proj.weight, blocks.mlp.fc.weight, blocks.mlp.proj.weight
  gptq (int8): tok_emb.weight
  passthrough (float16): blocks.attn.q_gain, blocks.attn_scale, blocks.mlp_scale, blocks.resid_mix, parallel_post_lambdas, parallel_resid_lambdas, skip_gates, skip_weights
Serialized model quantized+brotli: 15960628 bytes
Total submission size quantized+brotli: 15983819 bytes
quantized val_loss:2.82196286 val_bpb:1.09246976 eval_time:29284ms
quantized_sliding_window val_loss:2.77849593 val_bpb:1.07564236 eval_time:124671ms
ttt_sliding:start chunks=1238 chunk_tokens=32768 total_windows=633409 stride=64 ttt_lr=0.01 ttt_epochs=3 freeze_blocks=0 optimizer=sgd hash_embed=True
ttt_sliding:params unfrozen=44333210 frozen=0
  ttt_chunk [1/1238] bpb=1.111309 time=46.3s
  ttt_chunk [11/1238] bpb=1.067088 time=70.5s
  ttt_chunk [21/1238] bpb=1.103087 time=73.1s
  ttt_chunk [31/1238] bpb=1.096945 time=75.8s
  ttt_chunk [41/1238] bpb=1.090075 time=78.4s
  ttt_chunk [51/1238] bpb=1.083189 time=81.0s
  ttt_chunk [61/1238] bpb=1.074716 time=83.7s
  ttt_chunk [71/1238] bpb=1.081960 time=86.3s
  ttt_chunk [81/1238] bpb=1.075413 time=88.9s
  ttt_chunk [91/1238] bpb=1.072101 time=91.6s
  ttt_chunk [101/1238] bpb=1.071789 time=94.3s
  ttt_chunk [111/1238] bpb=1.070028 time=97.0s
  ttt_chunk [121/1238] bpb=1.073103 time=99.6s
  ttt_chunk [131/1238] bpb=1.076775 time=102.2s
  ttt_chunk [141/1238] bpb=1.077485 time=104.8s
  ttt_chunk [151/1238] bpb=1.077241 time=107.5s
  ttt_chunk [161/1238] bpb=1.077876 time=110.1s
  ttt_chunk [171/1238] bpb=1.077727 time=112.7s
  ttt_chunk [181/1238] bpb=1.076406 time=115.4s
  ttt_chunk [191/1238] bpb=1.076113 time=118.0s
  ttt_chunk [201/1238] bpb=1.073676 time=120.6s
  ttt_chunk [211/1238] bpb=1.078113 time=123.2s
  ttt_chunk [221/1238] bpb=1.078522 time=125.8s
  ttt_chunk [231/1238] bpb=1.080276 time=128.4s
  ttt_chunk [241/1238] bpb=1.078525 time=131.0s
  ttt_chunk [251/1238] bpb=1.078542 time=133.7s
  ttt_chunk [261/1238] bpb=1.079616 time=136.3s
  ttt_chunk [271/1238] bpb=1.080011 time=138.9s
  ttt_chunk [281/1238] bpb=1.079360 time=141.5s
  ttt_chunk [291/1238] bpb=1.080478 time=144.2s
  ttt_chunk [301/1238] bpb=1.080631 time=146.8s
  ttt_chunk [311/1238] bpb=1.079524 time=149.4s
  ttt_chunk [321/1238] bpb=1.079376 time=152.0s
  ttt_chunk [331/1238] bpb=1.079655 time=154.6s
  ttt_chunk [341/1238] bpb=1.078734 time=157.3s
  ttt_chunk [351/1238] bpb=1.079433 time=159.9s
  ttt_chunk [361/1238] bpb=1.078418 time=162.5s
  ttt_chunk [371/1238] bpb=1.076881 time=165.2s
  ttt_chunk [381/1238] bpb=1.077275 time=167.8s
  ttt_chunk [391/1238] bpb=1.076899 time=170.4s
  ttt_chunk [401/1238] bpb=1.076994 time=173.0s
  ttt_chunk [411/1238] bpb=1.077535 time=175.7s
  ttt_chunk [421/1238] bpb=1.077036 time=178.3s
  ttt_chunk [431/1238] bpb=1.077208 time=180.9s
  ttt_chunk [441/1238] bpb=1.077265 time=183.5s
  ttt_chunk [451/1238] bpb=1.078411 time=186.1s
  ttt_chunk [461/1238] bpb=1.076651 time=188.8s
  ttt_chunk [471/1238] bpb=1.076575 time=191.4s
  ttt_chunk [481/1238] bpb=1.076742 time=194.1s
  ttt_chunk [491/1238] bpb=1.077207 time=196.7s
  ttt_chunk [501/1238] bpb=1.076779 time=199.3s
  ttt_chunk [511/1238] bpb=1.076372 time=201.9s
  ttt_chunk [521/1238] bpb=1.075884 time=204.5s
  ttt_chunk [531/1238] bpb=1.075858 time=207.2s
  ttt_chunk [541/1238] bpb=1.075931 time=209.8s
  ttt_chunk [551/1238] bpb=1.075472 time=212.4s
  ttt_chunk [561/1238] bpb=1.074787 time=215.0s
  ttt_chunk [571/1238] bpb=1.074243 time=217.7s
  ttt_chunk [581/1238] bpb=1.074578 time=220.3s
  ttt_chunk [591/1238] bpb=1.074786 time=222.9s
  ttt_chunk [601/1238] bpb=1.074672 time=225.5s
  ttt_chunk [611/1238] bpb=1.075267 time=228.1s
  ttt_chunk [621/1238] bpb=1.076132 time=230.8s
  ttt_chunk [631/1238] bpb=1.076166 time=233.4s
  ttt_chunk [641/1238] bpb=1.076596 time=236.0s
  ttt_chunk [651/1238] bpb=1.076911 time=238.6s
  ttt_chunk [661/1238] bpb=1.076232 time=241.2s
  ttt_chunk [671/1238] bpb=1.076007 time=243.9s
  ttt_chunk [681/1238] bpb=1.077332 time=246.5s
  ttt_chunk [691/1238] bpb=1.077501 time=249.2s
  ttt_chunk [701/1238] bpb=1.077259 time=251.8s
  ttt_chunk [711/1238] bpb=1.077947 time=254.4s
  ttt_chunk [721/1238] bpb=1.078238 time=257.1s
  ttt_chunk [731/1238] bpb=1.077592 time=259.7s
  ttt_chunk [741/1238] bpb=1.077275 time=262.3s
  ttt_chunk [751/1238] bpb=1.076351 time=264.9s
  ttt_chunk [761/1238] bpb=1.075745 time=267.6s
  ttt_chunk [771/1238] bpb=1.074736 time=270.2s
  ttt_chunk [781/1238] bpb=1.074732 time=272.8s
  ttt_chunk [791/1238] bpb=1.075066 time=275.5s
  ttt_chunk [801/1238] bpb=1.075362 time=278.1s
  ttt_chunk [811/1238] bpb=1.074860 time=280.7s
  ttt_chunk [821/1238] bpb=1.073635 time=283.4s
  ttt_chunk [831/1238] bpb=1.073298 time=286.0s
  ttt_chunk [841/1238] bpb=1.072810 time=288.6s
  ttt_chunk [851/1238] bpb=1.072505 time=291.2s
  ttt_chunk [861/1238] bpb=1.072152 time=293.9s
  ttt_chunk [871/1238] bpb=1.072041 time=296.5s
  ttt_chunk [881/1238] bpb=1.071559 time=299.2s
  ttt_chunk [891/1238] bpb=1.071033 time=301.8s
  ttt_chunk [901/1238] bpb=1.071379 time=304.4s
  ttt_chunk [911/1238] bpb=1.071055 time=307.0s
  ttt_chunk [921/1238] bpb=1.071296 time=309.6s
  ttt_chunk [931/1238] bpb=1.071982 time=312.3s
  ttt_chunk [941/1238] bpb=1.072346 time=314.9s
  ttt_chunk [951/1238] bpb=1.072260 time=317.6s
  ttt_chunk [961/1238] bpb=1.073072 time=320.2s
  ttt_chunk [971/1238] bpb=1.073457 time=322.8s
  ttt_chunk [981/1238] bpb=1.073823 time=325.4s
  ttt_chunk [991/1238] bpb=1.073583 time=328.1s
  ttt_chunk [1001/1238] bpb=1.073608 time=330.7s
  ttt_chunk [1011/1238] bpb=1.073942 time=333.3s
  ttt_chunk [1021/1238] bpb=1.074637 time=336.0s
  ttt_chunk [1031/1238] bpb=1.075081 time=338.6s
  ttt_chunk [1041/1238] bpb=1.075539 time=341.2s
  ttt_chunk [1051/1238] bpb=1.075455 time=343.8s
  ttt_chunk [1061/1238] bpb=1.075448 time=346.5s
  ttt_chunk [1071/1238] bpb=1.075596 time=349.1s
  ttt_chunk [1081/1238] bpb=1.075483 time=351.8s
  ttt_chunk [1091/1238] bpb=1.075678 time=354.4s
  ttt_chunk [1101/1238] bpb=1.076203 time=357.1s
  ttt_chunk [1111/1238] bpb=1.076498 time=359.7s
  ttt_chunk [1121/1238] bpb=1.076657 time=362.3s
  ttt_chunk [1131/1238] bpb=1.076296 time=365.0s
  ttt_chunk [1141/1238] bpb=1.075962 time=367.6s
  ttt_chunk [1151/1238] bpb=1.075970 time=370.3s
  ttt_chunk [1161/1238] bpb=1.076097 time=372.9s
  ttt_chunk [1171/1238] bpb=1.075866 time=375.5s
  ttt_chunk [1181/1238] bpb=1.075382 time=378.2s
  ttt_chunk [1191/1238] bpb=1.075513 time=380.8s
  ttt_chunk [1201/1238] bpb=1.075587 time=383.5s
  ttt_chunk [1211/1238] bpb=1.075254 time=386.1s
  ttt_chunk [1221/1238] bpb=1.074799 time=388.7s
  ttt_chunk [1231/1238] bpb=1.074433 time=391.4s
  ttt_chunk [1238/1238] bpb=1.074445 time=414.6s
ttt_sliding:done val_loss=2.775560 val_bpb=1.07450565 elapsed=415.0s
legal_ttt_exact val_loss:2.77555969 val_bpb:1.07450565 eval_time:415268ms
