[15:25:13] ========================================================
[15:25:13] TTT+Engram Ablation Orchestrator
[15:25:13] Artifacts: /Users/akhileshgogikar/parameter-golf/records/track_10min_16mb/2026-04-13_TTT_Engram_Ablation/ablation_20260413_152513
[15:25:13] GPUs: 2  Min VRAM: 22GB
[15:25:13] ========================================================
[15:25:14] Balance: $29.7893833041
[15:25:14] GPU candidates:
0.44	NVIDIA GeForce RTX 3090	High	24	RTX 3090
0.54	NVIDIA GeForce RTX 3090 Ti	Low	24	RTX 3090 Ti
0.66	NVIDIA RTX A6000	Low	48	RTX A6000
0.68	NVIDIA GeForce RTX 4090	High	24	RTX 4090
0.98	NVIDIA RTX 5000 Ada Generation	Low	32	RTX 5000 Ada
1.38	NVIDIA L40	Low	48	L40
1.48	NVIDIA RTX 6000 Ada Generation	Low	48	RTX 6000 Ada
1.58	NVIDIA L40S	Low	48	L40S
2	NVIDIA A100-SXM4-40GB	Low	40	A100 SXM 40GB
5.18	NVIDIA H100 NVL	Low	94	H100 NVL
[15:25:15] Trying 2x RTX 3090 (NVIDIA GeForce RTX 3090) $0.44/hr stock=High...
[15:25:16]   SUCCESS: pod=fpbyr2w76g7lgu cost=$0.44/hr
[15:25:16] Waiting for SSH readiness...
[15:26:02] Pod ready: root@216.249.100.66:10684
[15:26:02] Verifying GPU...
0, NVIDIA GeForce RTX 3090, 24576 MiB
1, NVIDIA GeForce RTX 3090, 24576 MiB
[15:26:07] Installing deps...
DEPS_OK
[15:26:15] Downloading data...
[15:26:25]   SSH attempt 1/10 failed, retrying in 15s...
[15:26:45]   SSH attempt 2/10 failed, retrying in 15s...
[15:27:06]   SSH attempt 3/10 failed, retrying in 15s...
[15:27:25]   SSH attempt 4/10 failed, retrying in 15s...
[15:27:45] Terminating pod fpbyr2w76g7lgu...
{
  "podTerminate": null
}
