Device: cuda
Loading data/datasets/fineweb10B_sp8192/fineweb_val_000000.bin...
  40,540,803 tokens
  vocab_size: 8192
  train: 4,000,000  eval: 300,000
  model: 5,387,776 params
  step 50/2000  loss=10.4684  (3s, 14.6 steps/s)
  step 100/2000  loss=7.3164  (6s, 15.5 steps/s)
  step 150/2000  loss=7.1052  (9s, 15.9 steps/s)
  step 200/2000  loss=6.8763  (12s, 16.1 steps/s)
  step 250/2000  loss=6.8983  (15s, 16.2 steps/s)
  step 300/2000  loss=6.8450  (18s, 16.3 steps/s)
  step 350/2000  loss=6.7265  (21s, 16.3 steps/s)
  step 400/2000  loss=6.7280  (25s, 16.3 steps/s)
  step 450/2000  loss=6.5343  (28s, 16.3 steps/s)
  step 500/2000  loss=6.5446  (31s, 16.4 steps/s)
  step 550/2000  loss=6.4909  (34s, 16.4 steps/s)
  step 600/2000  loss=6.3600  (37s, 16.4 steps/s)
  step 650/2000  loss=6.3713  (40s, 16.4 steps/s)
  step 700/2000  loss=6.3219  (43s, 16.4 steps/s)
  step 750/2000  loss=6.1647  (46s, 16.4 steps/s)
  step 800/2000  loss=6.2913  (49s, 16.4 steps/s)
  step 850/2000  loss=6.2756  (52s, 16.4 steps/s)
  step 900/2000  loss=6.1529  (55s, 16.4 steps/s)
  step 950/2000  loss=6.1601  (58s, 16.4 steps/s)
  step 1000/2000  loss=6.1052  (61s, 16.4 steps/s)
  step 1050/2000  loss=6.0882  (64s, 16.4 steps/s)
  step 1100/2000  loss=6.0726  (67s, 16.4 steps/s)
  step 1150/2000  loss=6.0605  (70s, 16.4 steps/s)
  step 1200/2000  loss=5.9195  (73s, 16.4 steps/s)
  step 1250/2000  loss=5.9867  (76s, 16.4 steps/s)
  step 1300/2000  loss=5.9567  (79s, 16.4 steps/s)
  step 1350/2000  loss=5.9186  (82s, 16.4 steps/s)
  step 1400/2000  loss=5.7486  (85s, 16.4 steps/s)
  step 1450/2000  loss=5.6696  (89s, 16.4 steps/s)
  step 1500/2000  loss=5.7640  (92s, 16.4 steps/s)
  step 1550/2000  loss=5.6253  (95s, 16.4 steps/s)
  step 1600/2000  loss=5.5381  (98s, 16.4 steps/s)
  step 1650/2000  loss=5.6459  (101s, 16.4 steps/s)
  step 1700/2000  loss=5.4538  (104s, 16.4 steps/s)
  step 1750/2000  loss=5.5710  (107s, 16.4 steps/s)
  step 1800/2000  loss=5.5721  (110s, 16.3 steps/s)
  step 1850/2000  loss=5.5313  (113s, 16.3 steps/s)
  step 1900/2000  loss=5.3968  (116s, 16.3 steps/s)
  step 1950/2000  loss=5.5032  (119s, 16.3 steps/s)
  step 2000/2000  loss=5.4469  (122s, 16.3 steps/s)
Training done: 122s, final loss 5.4469

--- EVAL SWEEP ---
  BASELINE (no ngram): bpt=8.12311 (4s)
  order=4 alpha=0.00  bpt=8.12311  delta=+0.00000  (16s)
  order=4 alpha=0.05  bpt=8.11736  delta=-0.00575  (56s)
  order=4 alpha=0.10  bpt=8.11494  delta=-0.00817  (56s)
  order=4 alpha=0.15  bpt=8.11586  delta=-0.00725  (56s)
  order=4 alpha=0.20  bpt=8.12008  delta=-0.00303  (56s)
  order=4 alpha=0.25  bpt=8.12756  delta=+0.00445  (56s)
  order=4 alpha=0.30  bpt=8.13822  delta=+0.01511  (55s)
