W0325 01:42:36.498000 984 torch/distributed/run.py:803] 
W0325 01:42:36.498000 984 torch/distributed/run.py:803] *****************************************
W0325 01:42:36.498000 984 torch/distributed/run.py:803] Setting OMP_NUM_THREADS environment variable for each process to be 1 in default, to avoid your system being overloaded, please further tune the variable for optimal performance in your application as needed. 
W0325 01:42:36.498000 984 torch/distributed/run.py:803] *****************************************
logs/1b66bfa0-5304-4879-99c6-c0cd49e1ac89.txt
val_bpb:enabled tokenizer_kind=sentencepiece tokenizer_path=./data/tokenizers/fineweb_1024_bpe.model
train_loader:dataset:fineweb10B_sp1024 train_shards:80
val_loader:shards pattern=./data/datasets/fineweb10B_sp1024/fineweb_val_*.bin tokens:62021632
model_params:26993756
mtp_num_heads:0 mtp_loss_weight:0.2 mtp_params:0
XSA:last_4 active_layers:[7, 8, 9, 10]
world_size:8 grad_accum_steps:1
sdp_backends:cudnn=False flash=True mem_efficient=False math=False
attention_mode:gqa num_heads:8 num_kv_heads:4
tie_embeddings:True embed_lr:0.035 head_lr:0.0 matrix_lr:0.025 scalar_lr:0.025
train_batch_tokens:786432 train_seq_len:2048 iterations:20000 warmup_steps:20 max_wallclock_seconds:600.000
seed:1337
warmup_step:1/20
warmup_step:2/20
warmup_step:3/20
warmup_step:4/20
warmup_step:5/20
warmup_step:6/20
warmup_step:7/20
warmup_step:8/20
warmup_step:9/20
warmup_step:10/20
warmup_step:11/20
warmup_step:12/20
warmup_step:13/20
warmup_step:14/20
warmup_step:15/20
warmup_step:16/20
warmup_step:17/20
warmup_step:18/20
warmup_step:19/20
warmup_step:20/20
step:0/20000 val_loss:6.9279 val_bpb:4.1031 train_time:0ms step_avg:0.02ms
step:1/20000 train_loss:6.9299 train_time:143ms step_avg:143.22ms
step:2/20000 train_loss:8.5594 train_time:223ms step_avg:111.74ms
step:3/20000 train_loss:7.8266 train_time:308ms step_avg:102.73ms
step:4/20000 train_loss:7.2366 train_time:393ms step_avg:98.17ms
step:5/20000 train_loss:7.0730 train_time:478ms step_avg:95.52ms
step:6/20000 train_loss:6.8416 train_time:562ms step_avg:93.60ms
step:7/20000 train_loss:6.7290 train_time:646ms step_avg:92.31ms
step:8/20000 train_loss:6.7557 train_time:731ms step_avg:91.33ms
step:9/20000 train_loss:6.4112 train_time:815ms step_avg:90.57ms
step:10/20000 train_loss:6.0904 train_time:900ms step_avg:89.98ms
step:500/20000 train_loss:2.3854 train_time:43108ms step_avg:86.22ms
step:1000/20000 train_loss:2.2559 train_time:86481ms step_avg:86.48ms
step:1500/20000 train_loss:2.2038 train_time:129880ms step_avg:86.59ms
step:2000/20000 train_loss:2.0501 train_time:173293ms step_avg:86.65ms
step:2500/20000 train_loss:2.1526 train_time:216649ms step_avg:86.66ms
step:3000/20000 train_loss:2.1476 train_time:259981ms step_avg:86.66ms
step:3500/20000 train_loss:2.1622 train_time:303312ms step_avg:86.66ms
step:4000/20000 train_loss:1.9593 train_time:346696ms step_avg:86.67ms
step:4000/20000 val_loss:2.0496 val_bpb:1.2139 train_time:346701ms step_avg:86.68ms
step:4500/20000 train_loss:2.1082 train_time:390008ms step_avg:86.67ms
step:5000/20000 train_loss:2.0902 train_time:433303ms step_avg:86.66ms
step:5500/20000 train_loss:2.0053 train_time:476597ms step_avg:86.65ms
step:6000/20000 train_loss:1.9267 train_time:519879ms step_avg:86.65ms
swa:start step:6250
late_qat:enabled step:6399 scale:0.1499
step:6500/20000 train_loss:2.0656 train_time:563362ms step_avg:86.67ms
step:6921/20000 val_loss:1.9205 val_bpb:1.1374 train_time:600065ms step_avg:86.70ms
stopping_early: wallclock_cap train_time:600065ms step:6921/20000
peak memory allocated: 20673 MiB reserved: 20718 MiB
ema:applying EMA weights
DIAGNOSTIC post_ema val_loss:1.9189 val_bpb:1.1365 eval_time:1993ms
Serialized model: 106178569 bytes
Code size: 71793 bytes
Serialized model int6+zstd: 15549968 bytes
Total submission size int6+zstd: 15621761 bytes
Total submission size int8+zlib: 15621761 bytes
final_int6_roundtrip val_loss:1.9325 val_bpb:1.1445 eval_time:37543ms
final_int6_roundtrip_exact val_loss:1.93247536 val_bpb:1.14452076
ttt: starting 30 epochs, lr=0.0005, cosine+perlayer
ttt_epoch:5/30 avg_loss:1.8904
ttt_epoch:10/30 avg_loss:1.8641
ttt_epoch:15/30 avg_loss:1.8430
ttt_epoch:20/30 avg_loss:1.8240
ttt_epoch:25/30 avg_loss:1.8064
ttt_epoch:30/30 avg_loss:1.7862
ttt: completed in 494473ms
final_int6_sliding_window val_loss:1.8139 val_bpb:1.0743 stride:64 eval_time:95327ms
final_int6_sliding_window_exact val_loss:1.81385719 val_bpb:1.07427124
final_int8_zlib_roundtrip_exact val_loss:1.81385719 val_bpb:1.07427124
