logs/fba46bab-5555-4546-a125-743c6ca935f0.txt
val_bpb:enabled tokenizer_kind=sentencepiece tokenizer_path=./data/tokenizers/fineweb_1024_bpe.model
train_loader:dataset:fineweb10B_sp1024 train_shards:80
val_loader:shards pattern=./data/datasets/fineweb10B_sp1024/fineweb_val_*.bin tokens:62021632
model_params:30807237
world_size:1 grad_accum_steps:8
sdp_backends:cudnn=False flash=True mem_efficient=False math=False
attention_mode:gqa num_heads:8 num_kv_heads:4
tie_embeddings:True embed_lr:0.035 head_lr:0.0 matrix_lr:0.025 scalar_lr:0.025
train_batch_tokens:524288 train_seq_len:2048 iterations:20000 warmup_steps:20 max_wallclock_seconds:600.000
seed:1337
features: smeargate=True bigramhash=True value_residual=True gated_attn=True rope_dims=16 xsa_last_n=11 ve_dim=0 ve_layers=9,10 ln_scale=False ema=False(decay=0.997) swa=False(every=50,thresh=0.2) late_qat=True(time_frac=0.15) weight_decay=0.04 grad_clip=0.3
warmup_step:1/20
warmup_step:2/20
warmup_step:3/20
warmup_step:4/20
warmup_step:5/20
warmup_step:6/20
warmup_step:7/20
warmup_step:8/20
warmup_step:9/20
warmup_step:10/20
warmup_step:11/20
warmup_step:12/20
warmup_step:13/20
warmup_step:14/20
warmup_step:15/20
warmup_step:16/20
warmup_step:17/20
warmup_step:18/20
warmup_step:19/20
warmup_step:20/20
step:0/20000 val_loss:6.9299 val_bpb:4.1043 train_time:0ms step_avg:0.01ms
step:1/20000 train_loss:6.9309 train_time:712ms step_avg:712.38ms
step:2/20000 train_loss:8.7521 train_time:1354ms step_avg:677.01ms
step:3/20000 train_loss:7.7738 train_time:2046ms step_avg:681.94ms
step:4/20000 train_loss:7.3015 train_time:2764ms step_avg:690.88ms
step:5/20000 train_loss:7.0246 train_time:3590ms step_avg:718.07ms
step:6/20000 train_loss:6.9193 train_time:4287ms step_avg:714.57ms
step:7/20000 train_loss:6.6863 train_time:4975ms step_avg:710.73ms
step:8/20000 train_loss:6.5626 train_time:5676ms step_avg:709.54ms
step:9/20000 train_loss:6.2532 train_time:6367ms step_avg:707.43ms
step:10/20000 train_loss:5.9629 train_time:7178ms step_avg:717.80ms
step:200/20000 train_loss:2.6318 train_time:123693ms step_avg:618.47ms
step:400/20000 train_loss:2.2610 train_time:245533ms step_avg:613.83ms
step:600/20000 train_loss:2.3733 train_time:367795ms step_avg:612.99ms
step:800/20000 train_loss:2.2006 train_time:490652ms step_avg:613.32ms
step:832 QAT activated (time_frac=0.850, scale=0.4889)
step:980/20000 val_loss:2.1146 val_bpb:1.2524 train_time:600599ms step_avg:612.86ms
stopping_early: wallclock_cap train_time:600599ms step:980/20000
peak memory allocated: 15807 MiB reserved: 15838 MiB
raw model val_bpb:1.2524
Using raw weights (val_bpb=1.2524)
Serialized model: 119611839 bytes
Code size: 80019 bytes
Total submission size: 119691858 bytes
Collecting Hessians for GPTQ...
GPTQ: collecting Hessians for 66 layers with 256 calibration samples
