[06:27:21] ========================================================
[06:27:21] Cheap Multi-GPU Small SKC Orchestrator
[06:27:21] Artifacts: /Users/akhileshgogikar/parameter-golf/records/track_10min_16mb/2026-03-25_Ternary_Feedback_TTT/small_skc_multigpu_20260411_062721
[06:27:21] GPU count: 2
[06:27:21] Min mem  : 24GB
[06:27:21] Data     : 24 train shards
[06:27:21] ========================================================
0.44	NVIDIA GeForce RTX 3090	High	24	RTX 3090
0.54	NVIDIA GeForce RTX 3090 Ti	Low	24	RTX 3090 Ti
0.66	NVIDIA RTX A6000	Low	48	RTX A6000
0.68	NVIDIA GeForce RTX 4090	High	24	RTX 4090
0.98	NVIDIA RTX 5000 Ada Generation	Low	32	RTX 5000 Ada
1.38	NVIDIA L40	Low	48	L40
1.48	NVIDIA RTX 6000 Ada Generation	Low	48	RTX 6000 Ada
1.58	NVIDIA L40S	Low	48	L40S
2	NVIDIA A100-SXM4-40GB	Low	40	A100 SXM 40GB
2.38	NVIDIA A100 80GB PCIe	Low	80	A100 PCIe
2.78	NVIDIA A100-SXM4-80GB	Low	80	A100 SXM
5.18	NVIDIA H100 NVL	Low	94	H100 NVL
0.54	NVIDIA RTX A5000	Low	24	RTX A5000
0.88	NVIDIA A40	High	48	A40
0.92	NVIDIA GeForce RTX 3090	Low	24	RTX 3090
0.98	NVIDIA RTX A6000	Low	48	RTX A6000
1.18	NVIDIA GeForce RTX 4090	High	24	RTX 4090
1.72	NVIDIA L40S	Low	48	L40S
2.98	NVIDIA A100-SXM4-80GB	Medium	80	A100 SXM
5.98	NVIDIA H100 80GB HBM3	High	80	H100 SXM
6.14	NVIDIA H100 NVL	Low	94	H100 NVL
7.18	NVIDIA H200	Low	141	H200 SXM
[06:27:26] Secure candidate: A40 (NVIDIA A40)  2x  mem=48GB  stock=High  price=$0.88/hr
[06:27:26] Trying 2xNVIDIA A40 on SECURE...
[06:27:28]   success: pod=6bvcdt8x7aexgj cost=$0.88/hr
[06:27:28] Waiting for pod SSH readiness...
[06:28:01] Pod ready: root@194.68.245.130:22078
[06:28:01] Verifying GPU and runtime...
0, NVIDIA A40, 46068 MiB
1, NVIDIA A40, 46068 MiB
torch 2.4.1+cu124 cuda 12.4 gpus 2
[06:28:22] Installing tmux and preparing logs...
[06:28:43] Installing dependencies...
wrote:/workspace/install_setup.sh
[06:29:35] Preparing data (Fast Assets: Tokenizer + Val Shard)...
wrote:/workspace/data_setup_fast.sh
[06:29:53] Uploading code...
[06:30:06] Jump-starting Parallel Setup: Shard Download (Background) + Compilation (Foreground)...
wrote:/workspace/data_setup_full.sh
[06:30:14] Starting GPU watchdog...
[06:30:14] Starting Smoke test (Graph Capture) in foreground...
[06:30:14] GPU watchdog: started (10m grace period for compilation)
ERROR: //train_gpt.py not found
=== SMOKE DONE ===
[06:30:19] Waiting for background shard downloads to complete...
[06:30:52] Launching 10-minute run...
[07:39:09] FATAL: Full run did not complete in time
[07:39:09] Terminating pod 6bvcdt8x7aexgj...
{
  "podTerminate": null
}
