W0319 17:03:56.431000 485483 site-packages/torch/distributed/run.py:792] 
W0319 17:03:56.431000 485483 site-packages/torch/distributed/run.py:792] *****************************************
W0319 17:03:56.431000 485483 site-packages/torch/distributed/run.py:792] Setting OMP_NUM_THREADS environment variable for each process to be 1 in default, to avoid your system being overloaded, please further tune the variable for optimal performance in your application as needed. 
W0319 17:03:56.431000 485483 site-packages/torch/distributed/run.py:792] *****************************************
logs/8e58d4b3-b55b-40e0-9ff5-af3c6a4f902d.txt
val_bpb:enabled tokenizer_kind=sentencepiece tokenizer_path=./data/tokenizers/fineweb_1024_bpe.model
train_loader:dataset:fineweb10B_sp1024 train_shards:10
val_loader:shards pattern=./data/datasets/fineweb10B_sp1024/fineweb_val_*.bin tokens:62021632
model_params:17059912
world_size:8 grad_accum_steps:1
sdp_backends:cudnn=False flash=True mem_efficient=False math=False
attention_mode:gqa num_heads:8 num_kv_heads:4
tie_embeddings:True embed_lr:0.05 head_lr:0.0 matrix_lr:0.04 scalar_lr:0.04
train_batch_tokens:524288 train_seq_len:1024 iterations:20000 warmup_steps:20 max_wallclock_seconds:600.000
seed:42
post_qat:reserving 45.0s (main_loop:555.0s)
warmup_step:1/20
warmup_step:2/20
warmup_step:3/20
warmup_step:4/20
warmup_step:5/20
warmup_step:6/20
warmup_step:7/20
warmup_step:8/20
warmup_step:9/20
warmup_step:10/20
warmup_step:11/20
warmup_step:12/20
warmup_step:13/20
warmup_step:14/20
warmup_step:15/20
warmup_step:16/20
warmup_step:17/20
warmup_step:18/20
warmup_step:19/20
warmup_step:20/20
step:0/20000 val_loss:6.9360 val_bpb:4.1079 train_time:0ms step_avg:0.01ms
step:1/20000 train_loss:6.9352 train_time:27ms step_avg:27.44ms
step:2/20000 train_loss:16.4259 train_time:64ms step_avg:31.85ms
step:3/20000 train_loss:7.9488 train_time:104ms step_avg:34.54ms
step:4/20000 train_loss:6.8432 train_time:142ms step_avg:35.46ms
step:5/20000 train_loss:6.9515 train_time:181ms step_avg:36.23ms
step:6/20000 train_loss:7.6213 train_time:220ms step_avg:36.70ms
step:7/20000 train_loss:6.4341 train_time:260ms step_avg:37.13ms
step:8/20000 train_loss:6.2135 train_time:299ms step_avg:37.40ms
step:9/20000 train_loss:6.0901 train_time:337ms step_avg:37.49ms
step:10/20000 train_loss:5.9863 train_time:377ms step_avg:37.71ms
step:200/20000 train_loss:2.8566 train_time:7966ms step_avg:39.83ms
step:400/20000 train_loss:2.3627 train_time:15971ms step_avg:39.93ms
step:600/20000 train_loss:2.5464 train_time:23974ms step_avg:39.96ms
step:800/20000 train_loss:2.2968 train_time:31982ms step_avg:39.98ms
step:1000/20000 train_loss:2.3760 train_time:40008ms step_avg:40.01ms
step:1000/20000 val_loss:2.3345 val_bpb:1.3826 train_time:40025ms step_avg:40.03ms
step:1200/20000 train_loss:2.3886 train_time:48039ms step_avg:40.03ms
step:1400/20000 train_loss:2.4293 train_time:56059ms step_avg:40.04ms
step:1600/20000 train_loss:2.0985 train_time:64077ms step_avg:40.05ms
step:1800/20000 train_loss:2.1976 train_time:72095ms step_avg:40.05ms
step:2000/20000 train_loss:2.2385 train_time:80120ms step_avg:40.06ms
step:2000/20000 val_loss:2.2367 val_bpb:1.3247 train_time:80134ms step_avg:40.07ms
step:2200/20000 train_loss:2.3408 train_time:88150ms step_avg:40.07ms
step:2400/20000 train_loss:2.3558 train_time:96191ms step_avg:40.08ms
step:2600/20000 train_loss:2.2106 train_time:104230ms step_avg:40.09ms
step:2800/20000 train_loss:2.1691 train_time:112268ms step_avg:40.10ms
step:3000/20000 train_loss:3.1847 train_time:120308ms step_avg:40.10ms
step:3000/20000 val_loss:2.1965 val_bpb:1.3009 train_time:120325ms step_avg:40.11ms
step:3200/20000 train_loss:2.2669 train_time:128345ms step_avg:40.11ms
step:3400/20000 train_loss:2.0930 train_time:136378ms step_avg:40.11ms
step:3600/20000 train_loss:2.2060 train_time:144395ms step_avg:40.11ms
step:3800/20000 train_loss:2.1446 train_time:152417ms step_avg:40.11ms
step:4000/20000 train_loss:2.2698 train_time:160451ms step_avg:40.11ms
step:4000/20000 val_loss:2.1699 val_bpb:1.2852 train_time:160469ms step_avg:40.12ms
step:4200/20000 train_loss:2.2188 train_time:168551ms step_avg:40.13ms
step:4400/20000 train_loss:2.1674 train_time:176577ms step_avg:40.13ms
step:4600/20000 train_loss:2.2007 train_time:184605ms step_avg:40.13ms
step:4800/20000 train_loss:2.1362 train_time:192671ms step_avg:40.14ms
step:5000/20000 train_loss:2.2229 train_time:200728ms step_avg:40.15ms
step:5000/20000 val_loss:2.1565 val_bpb:1.2772 train_time:200744ms step_avg:40.15ms
step:5200/20000 train_loss:2.2823 train_time:208767ms step_avg:40.15ms
step:5400/20000 train_loss:2.2342 train_time:216805ms step_avg:40.15ms
step:5600/20000 train_loss:2.1440 train_time:224843ms step_avg:40.15ms
step:5800/20000 train_loss:2.1833 train_time:232906ms step_avg:40.16ms
step:6000/20000 train_loss:2.1047 train_time:240943ms step_avg:40.16ms
step:6000/20000 val_loss:2.1438 val_bpb:1.2697 train_time:240960ms step_avg:40.16ms
step:6200/20000 train_loss:2.0849 train_time:248998ms step_avg:40.16ms
step:6400/20000 train_loss:1.8748 train_time:257030ms step_avg:40.16ms
step:6600/20000 train_loss:2.0830 train_time:265055ms step_avg:40.16ms
step:6800/20000 train_loss:2.1347 train_time:273098ms step_avg:40.16ms
step:7000/20000 train_loss:2.0896 train_time:281155ms step_avg:40.17ms
step:7000/20000 val_loss:2.1342 val_bpb:1.2640 train_time:281171ms step_avg:40.17ms
step:7200/20000 train_loss:1.9733 train_time:289210ms step_avg:40.17ms
step:7400/20000 train_loss:1.9095 train_time:297249ms step_avg:40.17ms
step:7600/20000 train_loss:2.1636 train_time:305311ms step_avg:40.17ms
step:7800/20000 train_loss:2.1261 train_time:313371ms step_avg:40.18ms
step:8000/20000 train_loss:2.0595 train_time:321423ms step_avg:40.18ms
step:8000/20000 val_loss:2.1272 val_bpb:1.2599 train_time:321440ms step_avg:40.18ms
step:8200/20000 train_loss:2.1938 train_time:329466ms step_avg:40.18ms
step:8400/20000 train_loss:2.1825 train_time:337579ms step_avg:40.19ms
step:8600/20000 train_loss:2.2025 train_time:345623ms step_avg:40.19ms
step:8800/20000 train_loss:2.0772 train_time:353656ms step_avg:40.19ms
step:9000/20000 train_loss:2.1006 train_time:361698ms step_avg:40.19ms
step:9000/20000 val_loss:2.1213 val_bpb:1.2564 train_time:361714ms step_avg:40.19ms
step:9200/20000 train_loss:2.1806 train_time:369733ms step_avg:40.19ms
step:9400/20000 train_loss:2.0185 train_time:377773ms step_avg:40.19ms
step:9600/20000 train_loss:2.0142 train_time:385811ms step_avg:40.19ms
step:9800/20000 train_loss:2.0709 train_time:393828ms step_avg:40.19ms
step:10000/20000 train_loss:2.0239 train_time:401847ms step_avg:40.18ms
step:10000/20000 val_loss:2.1169 val_bpb:1.2538 train_time:401863ms step_avg:40.19ms
step:10200/20000 train_loss:2.1306 train_time:409866ms step_avg:40.18ms
step:10400/20000 train_loss:2.0973 train_time:417896ms step_avg:40.18ms
step:10600/20000 train_loss:2.0723 train_time:425920ms step_avg:40.18ms
step:10800/20000 train_loss:2.1211 train_time:433940ms step_avg:40.18ms
step:11000/20000 train_loss:2.0936 train_time:441965ms step_avg:40.18ms
step:11000/20000 val_loss:2.1125 val_bpb:1.2512 train_time:441981ms step_avg:40.18ms
step:11200/20000 train_loss:2.1347 train_time:449983ms step_avg:40.18ms
step:11400/20000 train_loss:2.2217 train_time:458007ms step_avg:40.18ms
step:11600/20000 train_loss:2.0844 train_time:466034ms step_avg:40.18ms
step:11800/20000 train_loss:2.1680 train_time:474058ms step_avg:40.17ms
step:12000/20000 train_loss:2.0737 train_time:482081ms step_avg:40.17ms
step:12000/20000 val_loss:2.1074 val_bpb:1.2481 train_time:482098ms step_avg:40.17ms
step:12200/20000 train_loss:2.2398 train_time:490116ms step_avg:40.17ms
step:12400/20000 train_loss:2.0506 train_time:498219ms step_avg:40.18ms
step:12600/20000 train_loss:2.0877 train_time:506242ms step_avg:40.18ms
step:12800/20000 train_loss:2.0556 train_time:514269ms step_avg:40.18ms
step:13000/20000 train_loss:1.9132 train_time:522302ms step_avg:40.18ms
step:13000/20000 val_loss:2.0949 val_bpb:1.2407 train_time:522318ms step_avg:40.18ms
step:13200/20000 train_loss:2.0567 train_time:530335ms step_avg:40.18ms
step:13400/20000 train_loss:2.0867 train_time:538379ms step_avg:40.18ms
step:13600/20000 train_loss:2.0385 train_time:546406ms step_avg:40.18ms
step:13800/20000 train_loss:2.0495 train_time:554436ms step_avg:40.18ms
step:13815/20000 val_loss:2.0641 val_bpb:1.2225 train_time:555053ms step_avg:40.18ms
stopping_early: wallclock_cap train_time:555053ms step:13815/20000
peak memory allocated: 9608 MiB reserved: 9670 MiB
post_qat:starting reserved_seconds=45.0 lr=0.001
post_qat:eligible_params=55
post_qat step:1 loss:2.1015 elapsed:62ms
post_qat step:2 loss:2.1834 elapsed:396ms
post_qat step:3 loss:2.1478 elapsed:529ms
post_qat step:4 loss:2.4984 elapsed:663ms
post_qat step:5 loss:2.0243 elapsed:796ms
post_qat step:20 loss:2.0567 elapsed:2712ms
post_qat step:40 loss:2.0125 elapsed:5323ms
post_qat step:60 loss:1.9941 elapsed:7934ms
post_qat step:80 loss:2.0589 elapsed:10544ms
post_qat step:100 loss:2.1791 elapsed:13155ms
post_qat step:120 loss:2.0622 elapsed:15766ms
post_qat step:140 loss:2.1234 elapsed:18377ms
post_qat step:160 loss:2.0441 elapsed:20987ms
post_qat step:180 loss:1.9634 elapsed:23598ms
post_qat step:200 loss:2.0937 elapsed:26253ms
post_qat step:220 loss:2.0102 elapsed:28864ms
post_qat step:240 loss:2.0379 elapsed:31475ms
post_qat step:260 loss:2.0219 elapsed:34086ms
post_qat step:280 loss:2.0194 elapsed:36697ms
post_qat step:300 loss:1.9142 elapsed:39308ms
post_qat step:320 loss:1.9843 elapsed:41919ms
post_qat step:340 loss:2.0624 elapsed:44530ms
post_qat:wallclock_stop at step 343 elapsed:45055ms
post_qat:done steps=343
Serialized model: 67224578 bytes
Code size: 50902 bytes
Total submission size: 67275480 bytes
Serialized model int8+zlib: 15836763 bytes (payload:17178912 raw_torch:17223564 payload_ratio:3.91x)
Total submission size int8+zlib: 15887665 bytes
final_int8_zlib_roundtrip val_loss:2.0677 val_bpb:1.2246 eval_time:1269ms
final_int8_zlib_roundtrip_exact val_loss:2.06767457 val_bpb:1.22459335
