W0409 17:14:58.166000 2578 torch/distributed/run.py:793] 
W0409 17:14:58.166000 2578 torch/distributed/run.py:793] *****************************************
W0409 17:14:58.166000 2578 torch/distributed/run.py:793] Setting OMP_NUM_THREADS environment variable for each process to be 1 in default, to avoid your system being overloaded, please further tune the variable for optimal performance in your application as needed. 
W0409 17:14:58.166000 2578 torch/distributed/run.py:793] *****************************************
logs/improved_8xH100_v2.txt
val_bpb:enabled tokenizer_kind=sentencepiece tokenizer_path=./data/tokenizers/fineweb_1024_bpe.model
train_loader:dataset:fineweb10B_sp1024 train_shards:10
val_loader:shards pattern=./data/datasets/fineweb10B_sp1024/fineweb_val_*.bin tokens:62021632
model_params:26501720
world_size:8 grad_accum_steps:1
sdp_backends:cudnn=False flash=True mem_efficient=False math=False
attention_mode:gqa num_heads:8 num_kv_heads:4
tie_embeddings:True embed_lr:0.05 head_lr:0.0 matrix_lr:0.04 scalar_lr:0.04
train_batch_tokens:786432 train_seq_len:2048 iterations:20000 warmup_steps:20 max_wallclock_seconds:600.000
seed:1337
warmup_step:1/20
warmup_step:2/20
warmup_step:3/20
warmup_step:4/20
warmup_step:5/20
warmup_step:6/20
warmup_step:7/20
warmup_step:8/20
warmup_step:9/20
warmup_step:10/20
warmup_step:11/20
warmup_step:12/20
warmup_step:13/20
warmup_step:14/20
warmup_step:15/20
warmup_step:16/20
warmup_step:17/20
warmup_step:18/20
warmup_step:19/20
warmup_step:20/20
step:0/20000 val_loss:6.9348 val_bpb:4.1072 train_time:0ms step_avg:0.02ms
step:1/20000 train_loss:6.9367 train_time:84ms step_avg:84.47ms
step:2/20000 train_loss:15.8387 train_time:177ms step_avg:88.72ms
step:3/20000 train_loss:7.8273 train_time:283ms step_avg:94.19ms
step:4/20000 train_loss:6.9829 train_time:388ms step_avg:97.03ms
step:5/20000 train_loss:7.2098 train_time:493ms step_avg:98.66ms
step:6/20000 train_loss:7.0155 train_time:599ms step_avg:99.77ms
step:7/20000 train_loss:6.6244 train_time:704ms step_avg:100.53ms
step:8/20000 train_loss:6.3427 train_time:810ms step_avg:101.21ms
step:9/20000 train_loss:6.1464 train_time:915ms step_avg:101.69ms
step:10/20000 train_loss:5.9388 train_time:1024ms step_avg:102.37ms
step:200/20000 train_loss:2.4595 train_time:21324ms step_avg:106.62ms
step:400/20000 train_loss:2.4696 train_time:42814ms step_avg:107.04ms
step:600/20000 train_loss:2.3562 train_time:64292ms step_avg:107.15ms
step:800/20000 train_loss:2.2396 train_time:85844ms step_avg:107.30ms
step:1000/20000 train_loss:2.2641 train_time:107328ms step_avg:107.33ms
step:1000/20000 val_loss:2.2175 val_bpb:1.3133 train_time:107369ms step_avg:107.37ms
step:1200/20000 train_loss:2.3336 train_time:128830ms step_avg:107.36ms
step:1400/20000 train_loss:2.1942 train_time:150314ms step_avg:107.37ms
step:1600/20000 train_loss:2.1607 train_time:171792ms step_avg:107.37ms
step:1800/20000 train_loss:2.1093 train_time:193224ms step_avg:107.35ms
step:2000/20000 train_loss:2.1491 train_time:214586ms step_avg:107.29ms
step:2000/20000 val_loss:2.1153 val_bpb:1.2528 train_time:214626ms step_avg:107.31ms
step:2200/20000 train_loss:2.1496 train_time:236000ms step_avg:107.27ms
step:2400/20000 train_loss:2.1448 train_time:257350ms step_avg:107.23ms
step:2600/20000 train_loss:2.1214 train_time:278739ms step_avg:107.21ms
step:2800/20000 train_loss:2.0912 train_time:300122ms step_avg:107.19ms
step:3000/20000 train_loss:2.1143 train_time:321440ms step_avg:107.15ms
step:3000/20000 val_loss:2.0728 val_bpb:1.2277 train_time:321481ms step_avg:107.16ms
step:3200/20000 train_loss:1.8621 train_time:342814ms step_avg:107.13ms
step:3400/20000 train_loss:2.0851 train_time:364123ms step_avg:107.10ms
step:3600/20000 train_loss:2.0459 train_time:385484ms step_avg:107.08ms
step:3800/20000 train_loss:2.0354 train_time:406787ms step_avg:107.05ms
step:4000/20000 train_loss:1.9573 train_time:428156ms step_avg:107.04ms
step:4000/20000 val_loss:2.0393 val_bpb:1.2078 train_time:428196ms step_avg:107.05ms
step:4200/20000 train_loss:2.0584 train_time:449527ms step_avg:107.03ms
step:4400/20000 train_loss:2.0660 train_time:470840ms step_avg:107.01ms
step:4600/20000 train_loss:1.9518 train_time:492209ms step_avg:107.00ms
step:4800/20000 train_loss:2.0180 train_time:513515ms step_avg:106.98ms
step:5000/20000 train_loss:2.0138 train_time:534887ms step_avg:106.98ms
step:5000/20000 val_loss:2.0022 val_bpb:1.1858 train_time:534928ms step_avg:106.99ms
step:5200/20000 train_loss:2.0057 train_time:556193ms step_avg:106.96ms
step:5400/20000 train_loss:2.0007 train_time:577564ms step_avg:106.96ms
step:5600/20000 train_loss:1.9287 train_time:598929ms step_avg:106.95ms
step:5611/20000 val_loss:1.9845 val_bpb:1.1753 train_time:600139ms step_avg:106.96ms
stopping_early: wallclock_cap train_time:600139ms step:5611/20000
peak memory allocated: 24326 MiB reserved: 24870 MiB
Serialized model: 104999074 bytes
Code size: 47642 bytes
Total submission size: 105046716 bytes
Serialized model int8+zlib: 24409272 bytes (payload:26658144 raw_torch:26712716 payload_ratio:3.94x)
Total submission size int8+zlib: 24456914 bytes
/workspace/parameter-golf/records/track_10min_16mb/2026-03-17_NaiveBaseline/train_gpt.py:1098: FutureWarning: You are using `torch.load` with `weights_only=False` (the current default value), which uses the default pickle module implicitly. It is possible to construct malicious pickle data which will execute arbitrary code during unpickling (See https://github.com/pytorch/pytorch/blob/main/SECURITY.md#untrusted-models for more details). In a future release, the default value for `weights_only` will be flipped to `True`. This limits the functions that could be executed during unpickling. Arbitrary objects will no longer be allowed to be loaded via this mode unless they are explicitly allowlisted by the user via `torch.serialization.add_safe_globals`. We recommend you start setting `weights_only=True` for any use case where you don't have full control of the loaded file. Please open an issue on GitHub for any issues related to this experimental feature.
  quant_state = torch.load(io.BytesIO(zlib.decompress(quant_blob_disk)), map_location="cpu")
/workspace/parameter-golf/records/track_10min_16mb/2026-03-17_NaiveBaseline/train_gpt.py:1098: FutureWarning: You are using `torch.load` with `weights_only=False` (the current default value), which uses the default pickle module implicitly. It is possible to construct malicious pickle data which will execute arbitrary code during unpickling (See https://github.com/pytorch/pytorch/blob/main/SECURITY.md#untrusted-models for more details). In a future release, the default value for `weights_only` will be flipped to `True`. This limits the functions that could be executed during unpickling. Arbitrary objects will no longer be allowed to be loaded via this mode unless they are explicitly allowlisted by the user via `torch.serialization.add_safe_globals`. We recommend you start setting `weights_only=True` for any use case where you don't have full control of the loaded file. Please open an issue on GitHub for any issues related to this experimental feature.
  quant_state = torch.load(io.BytesIO(zlib.decompress(quant_blob_disk)), map_location="cpu")
/workspace/parameter-golf/records/track_10min_16mb/2026-03-17_NaiveBaseline/train_gpt.py:1098: FutureWarning: You are using `torch.load` with `weights_only=False` (the current default value), which uses the default pickle module implicitly. It is possible to construct malicious pickle data which will execute arbitrary code during unpickling (See https://github.com/pytorch/pytorch/blob/main/SECURITY.md#untrusted-models for more details). In a future release, the default value for `weights_only` will be flipped to `True`. This limits the functions that could be executed during unpickling. Arbitrary objects will no longer be allowed to be loaded via this mode unless they are explicitly allowlisted by the user via `torch.serialization.add_safe_globals`. We recommend you start setting `weights_only=True` for any use case where you don't have full control of the loaded file. Please open an issue on GitHub for any issues related to this experimental feature.
  quant_state = torch.load(io.BytesIO(zlib.decompress(quant_blob_disk)), map_location="cpu")
/workspace/parameter-golf/records/track_10min_16mb/2026-03-17_NaiveBaseline/train_gpt.py:1098: FutureWarning: You are using `torch.load` with `weights_only=False` (the current default value), which uses the default pickle module implicitly. It is possible to construct malicious pickle data which will execute arbitrary code during unpickling (See https://github.com/pytorch/pytorch/blob/main/SECURITY.md#untrusted-models for more details). In a future release, the default value for `weights_only` will be flipped to `True`. This limits the functions that could be executed during unpickling. Arbitrary objects will no longer be allowed to be loaded via this mode unless they are explicitly allowlisted by the user via `torch.serialization.add_safe_globals`. We recommend you start setting `weights_only=True` for any use case where you don't have full control of the loaded file. Please open an issue on GitHub for any issues related to this experimental feature.
  quant_state = torch.load(io.BytesIO(zlib.decompress(quant_blob_disk)), map_location="cpu")
/workspace/parameter-golf/records/track_10min_16mb/2026-03-17_NaiveBaseline/train_gpt.py:1098: FutureWarning: You are using `torch.load` with `weights_only=False` (the current default value), which uses the default pickle module implicitly. It is possible to construct malicious pickle data which will execute arbitrary code during unpickling (See https://github.com/pytorch/pytorch/blob/main/SECURITY.md#untrusted-models for more details). In a future release, the default value for `weights_only` will be flipped to `True`. This limits the functions that could be executed during unpickling. Arbitrary objects will no longer be allowed to be loaded via this mode unless they are explicitly allowlisted by the user via `torch.serialization.add_safe_globals`. We recommend you start setting `weights_only=True` for any use case where you don't have full control of the loaded file. Please open an issue on GitHub for any issues related to this experimental feature.
  quant_state = torch.load(io.BytesIO(zlib.decompress(quant_blob_disk)), map_location="cpu")
/workspace/parameter-golf/records/track_10min_16mb/2026-03-17_NaiveBaseline/train_gpt.py:1098: FutureWarning: You are using `torch.load` with `weights_only=False` (the current default value), which uses the default pickle module implicitly. It is possible to construct malicious pickle data which will execute arbitrary code during unpickling (See https://github.com/pytorch/pytorch/blob/main/SECURITY.md#untrusted-models for more details). In a future release, the default value for `weights_only` will be flipped to `True`. This limits the functions that could be executed during unpickling. Arbitrary objects will no longer be allowed to be loaded via this mode unless they are explicitly allowlisted by the user via `torch.serialization.add_safe_globals`. We recommend you start setting `weights_only=True` for any use case where you don't have full control of the loaded file. Please open an issue on GitHub for any issues related to this experimental feature.
  quant_state = torch.load(io.BytesIO(zlib.decompress(quant_blob_disk)), map_location="cpu")
/workspace/parameter-golf/records/track_10min_16mb/2026-03-17_NaiveBaseline/train_gpt.py:1098: FutureWarning: You are using `torch.load` with `weights_only=False` (the current default value), which uses the default pickle module implicitly. It is possible to construct malicious pickle data which will execute arbitrary code during unpickling (See https://github.com/pytorch/pytorch/blob/main/SECURITY.md#untrusted-models for more details). In a future release, the default value for `weights_only` will be flipped to `True`. This limits the functions that could be executed during unpickling. Arbitrary objects will no longer be allowed to be loaded via this mode unless they are explicitly allowlisted by the user via `torch.serialization.add_safe_globals`. We recommend you start setting `weights_only=True` for any use case where you don't have full control of the loaded file. Please open an issue on GitHub for any issues related to this experimental feature.
  quant_state = torch.load(io.BytesIO(zlib.decompress(quant_blob_disk)), map_location="cpu")
/workspace/parameter-golf/records/track_10min_16mb/2026-03-17_NaiveBaseline/train_gpt.py:1098: FutureWarning: You are using `torch.load` with `weights_only=False` (the current default value), which uses the default pickle module implicitly. It is possible to construct malicious pickle data which will execute arbitrary code during unpickling (See https://github.com/pytorch/pytorch/blob/main/SECURITY.md#untrusted-models for more details). In a future release, the default value for `weights_only` will be flipped to `True`. This limits the functions that could be executed during unpickling. Arbitrary objects will no longer be allowed to be loaded via this mode unless they are explicitly allowlisted by the user via `torch.serialization.add_safe_globals`. We recommend you start setting `weights_only=True` for any use case where you don't have full control of the loaded file. Please open an issue on GitHub for any issues related to this experimental feature.
  quant_state = torch.load(io.BytesIO(zlib.decompress(quant_blob_disk)), map_location="cpu")
final_int8_zlib_roundtrip val_loss:1.9908 val_bpb:1.1791 eval_time:2199ms
final_int8_zlib_roundtrip_exact val_loss:1.99078677 val_bpb:1.17905606
