W0429 07:08:28.854000 176839 torch/distributed/run.py:803] 
W0429 07:08:28.854000 176839 torch/distributed/run.py:803] *****************************************
W0429 07:08:28.854000 176839 torch/distributed/run.py:803] Setting OMP_NUM_THREADS environment variable for each process to be 1 in default, to avoid your system being overloaded, please further tune the variable for optimal performance in your application as needed. 
W0429 07:08:28.854000 176839 torch/distributed/run.py:803] *****************************************
Hyperparameters:
  adam_eps: 1e-08
  adam_wd: 0.02
  artifact_dir: 
  attn_clip_sigmas: 13.0
  beta1: 0.9
  beta2: 0.95
  compressor: brotli
  data_dir: ./data/
  datasets_dir: ./data/datasets/fineweb10B_sp8192
  distributed: True
  ema_decay: 0.9965
  embed_bits: 7
  embed_clip_sigmas: 15.0
  embed_lr: 0.6
  embed_wd: 0.085
  enable_looping_at: 0.35
  eval_seq_len: 2048
  eval_stride: 64
  gate_attn_out: True
  gate_attn_width: 12
  global_ttt_batch_seqs: 32
  global_ttt_chunk_tokens: 32768
  global_ttt_epochs: 1
  global_ttt_grad_clip: 1.0
  global_ttt_lr: 0.001
  global_ttt_momentum: 0.9
  global_ttt_respect_doc_boundaries: True
  global_ttt_warmup_chunks: 0
  global_ttt_warmup_start_lr: 0.0
  gptq_calibration_batches: 16
  gptq_reserve_seconds: 4.0
  grad_accum_steps: 1
  grad_clip_norm: 0.3
  is_main_process: True
  iterations: 20000
  ln_scale: True
  local_rank: 0
  logfile: logs/72e6922b-39dd-4342-89c3-77e726bd7d5c.txt
  logit_softcap: 30.0
  loop_end: 5
  loop_start: 3
  lqer_asym_enabled: True
  lqer_asym_group: 64
  lqer_enabled: True
  lqer_factor_bits: 4
  lqer_rank: 4
  lqer_top_k: 3
  matrix_bits: 6
  matrix_clip_sigmas: 12.85
  matrix_lr: 0.026
  max_wallclock_seconds: 600.0
  min_lr: 0.0
  mlp_clip_sigmas: 12.0
  mlp_mult: 4.0
  model_dim: 512
  model_path: final_model.pt
  muon_backend_steps: 5
  muon_momentum: 0.97
  muon_momentum_warmup_start: 0.92
  muon_momentum_warmup_steps: 1500
  muon_row_normalize: True
  muon_wd: 0.095
  num_heads: 8
  num_kv_heads: 4
  num_layers: 11
  num_loops: 2
  parallel_final_lane: mean
  parallel_start_layer: 8
  phased_ttt_enabled: True
  phased_ttt_num_phases: 3
  phased_ttt_prefix_docs: 2000
  polar_express_ns: True
  qk_gain_init: 5.0
  quantized_model_path: final_model.int6.ptz
  rank: 0
  rope_base: 10000.0
  rope_dims: 16
  rope_train_seq_len: 2048
  rope_yarn: False
  run_id: 72e6922b-39dd-4342-89c3-77e726bd7d5c
  scalar_lr: 0.02
  seed: 1337
  skip_gates_enabled: True
  sliding_window_enabled: False
  smear_gate_enabled: True
  smear_gate_width: 12
  tie_embeddings: True
  tied_embed_init_std: 0.005
  tied_embed_lr: 0.03
  tokenizer_path: ./data/tokenizers/fineweb_8192_bpe.model
  train_batch_tokens: 786432
  train_files: ./data/datasets/fineweb10B_sp8192/fineweb_train_*.bin
  train_log_every: 500
  train_seq_len: 2048
  ttt_batch_size: 64
  ttt_beta1: 0.0
  ttt_beta2: 0.999
  ttt_chunk_size: 32
  ttt_enabled: True
  ttt_eval_batches: 
  ttt_eval_seq_len: 2048
  ttt_grad_steps: 1
  ttt_k_lora: True
  ttt_lora_lr: 0.0001
  ttt_lora_rank: 128
  ttt_mlp_lora: True
  ttt_o_lora: True
  ttt_optimizer: adam
  ttt_weight_decay: 1.0
  val_batch_tokens: 524288
  val_doc_fraction: 1.0
  val_files: ./data/datasets/fineweb10B_sp8192/fineweb_val_*.bin
  val_loss_every: 4000
  vocab_size: 8192
  warmdown_frac: 0.75
  warmup_steps: 20
  world_size: 8
  xsa_last_n: 11
train_shards: 128
val_tokens: 40540160
model_params:35945671
gptq:reserving 4s, effective=596000ms
warmup_cu_buckets:64,128,192,256 iters_each:3
warmup_step: 1/20
warmup_step: 2/20
warmup_step: 3/20
warmup_step: 4/20
warmup_step: 5/20
warmup_step: 6/20
warmup_step: 10/20
warmup_step: 20/20
loop_warmup:enabled encoder:[0, 1, 2, 3, 4, 5, 3, 4] decoder:[5, 3, 4, 5, 6, 7, 8, 9, 10]
loop_warmup_step: 1/20
loop_warmup_step: 2/20
loop_warmup_step: 3/20
loop_warmup_step: 4/20
loop_warmup_step: 5/20
loop_warmup_step: 6/20
loop_warmup_step: 10/20
loop_warmup_step: 20/20
0/20000 val_loss: 9.0085 val_bpb: 3.4874
1/20000 train_loss: 9.0082 train_time: 0.0m tok/s: 12417446
2/20000 train_loss: 12.2689 train_time: 0.0m tok/s: 11450232
3/20000 train_loss: 11.2815 train_time: 0.0m tok/s: 10263303
4/20000 train_loss: 9.6228 train_time: 0.0m tok/s: 9697219
5/20000 train_loss: 8.1808 train_time: 0.0m tok/s: 9400593
500/20000 train_loss: 3.2521 train_time: 0.8m tok/s: 8102270
1000/20000 train_loss: 3.0197 train_time: 1.6m tok/s: 8062527
1500/20000 train_loss: 3.0247 train_time: 2.4m tok/s: 8052510
2000/20000 train_loss: 2.9734 train_time: 3.3m tok/s: 8052196
layer_loop:enabled step:2136 frac:0.350 encoder:[0, 1, 2, 3, 4, 5, 3, 4] decoder:[5, 3, 4, 5, 6, 7, 8, 9, 10]
2500/20000 train_loss: 3.0632 train_time: 4.3m tok/s: 7549009
3000/20000 train_loss: 2.9033 train_time: 5.5m tok/s: 7115676
3500/20000 train_loss: 2.9680 train_time: 6.8m tok/s: 6794362
4000/20000 train_loss: 2.8999 train_time: 7.9m tok/s: 6606157
4000/20000 val_loss: 2.8734 val_bpb: 1.1124
4500/20000 train_loss: 2.8454 train_time: 9.1m tok/s: 6466137
4842/20000 val_loss: 2.7685 val_bpb: 1.0717
stopping_early: wallclock_cap train_time: 596064ms step: 4842/20000
peak memory allocated: 40141 MiB reserved: 44206 MiB
ema:applying EMA weights
diagnostic pre-quantization post-ema val_loss:2.76742558 val_bpb:1.07132216 eval_time:6781ms
Serialized model: 135418173 bytes
Code size (uncompressed): 129630 bytes
Code size (compressed): 29190 bytes
GPTQ:collecting Hessians from calibration data...
GPTQ:collected 67 Hessians in 3.5s
Quantized weights:
  gptq (int6): blocks.attn.c_k.weight, blocks.attn.c_q.weight, blocks.attn.c_v.weight, blocks.attn.proj.weight, blocks.mlp.fc.weight, blocks.mlp.proj.weight
  gptq (int6)+lqer_asym: blocks.mlp.fc.weight
  gptq (int7)+lqer_asym: tok_emb.weight
  passthrough (float16): blocks.attn.attn_gate_proj.weight, blocks.attn.q_gain, blocks.attn_scale, blocks.mlp_scale, blocks.resid_mix, parallel_post_lambdas, parallel_resid_lambdas, skip_gates, skip_weights, smear_gate.weight, smear_lambda
Serialized model quantized+brotli: 15914381 bytes
Total submission size quantized+brotli: 15943571 bytes
diagnostic quantized val_loss:2.79299293 val_bpb:1.08121976 eval_time:10682ms
ttt_lora:warming up compile (random tokens, no val data)
ttt_lora:compile warmup done (209.3s)

beginning TTT eval timer
ttt_phased: total_docs:50000 prefix_docs:2000 suffix_docs:48000 num_phases:3 boundaries:[666, 1333, 2000]
ttp: b782/782 bl:2.5542 bb:1.0312 rl:2.5542 rb:1.0312 dl:26524-79464 gd:0
ttpp: phase:1/3 pd:1104 gd:666 t:273.3s
tttg: c1/95 lr:0.001000 t:0.3s
tttg: c2/95 lr:0.001000 t:0.4s
tttg: c3/95 lr:0.000999 t:0.5s
tttg: c4/95 lr:0.000997 t:0.5s
tttg: c5/95 lr:0.000996 t:0.6s
tttg: c6/95 lr:0.000993 t:0.7s
tttg: c7/95 lr:0.000990 t:0.8s
tttg: c8/95 lr:0.000986 t:0.8s
tttg: c9/95 lr:0.000982 t:0.9s
tttg: c10/95 lr:0.000978 t:1.0s
tttg: c11/95 lr:0.000972 t:1.1s
tttg: c12/95 lr:0.000967 t:1.1s
tttg: c13/95 lr:0.000960 t:1.2s
tttg: c14/95 lr:0.000954 t:1.3s
tttg: c15/95 lr:0.000946 t:1.4s
tttg: c16/95 lr:0.000938 t:1.5s
tttg: c17/95 lr:0.000930 t:1.5s
tttg: c18/95 lr:0.000921 t:1.6s
tttg: c19/95 lr:0.000912 t:1.7s
tttg: c20/95 lr:0.000903 t:1.8s
tttg: c21/95 lr:0.000892 t:1.9s
tttg: c22/95 lr:0.000882 t:1.9s
tttg: c23/95 lr:0.000871 t:2.0s
tttg: c24/95 lr:0.000859 t:2.1s
tttg: c25/95 lr:0.000848 t:2.2s
tttg: c26/95 lr:0.000835 t:2.2s
tttg: c27/95 lr:0.000823 t:2.3s
tttg: c28/95 lr:0.000810 t:2.4s
tttg: c29/95 lr:0.000797 t:2.5s
tttg: c30/95 lr:0.000783 t:2.6s
tttg: c31/95 lr:0.000769 t:2.6s
tttg: c32/95 lr:0.000755 t:2.7s
tttg: c33/95 lr:0.000740 t:2.8s
tttg: c34/95 lr:0.000726 t:2.9s
tttg: c35/95 lr:0.000710 t:2.9s
tttg: c36/95 lr:0.000695 t:3.0s
tttg: c37/95 lr:0.000680 t:3.1s
tttg: c38/95 lr:0.000664 t:3.2s
tttg: c39/95 lr:0.000648 t:3.3s
tttg: c40/95 lr:0.000632 t:3.3s
tttg: c41/95 lr:0.000616 t:3.4s
tttg: c42/95 lr:0.000600 t:3.5s
tttg: c43/95 lr:0.000583 t:3.6s
tttg: c44/95 lr:0.000567 t:3.6s
tttg: c45/95 lr:0.000550 t:3.7s
tttg: c46/95 lr:0.000533 t:3.8s
tttg: c47/95 lr:0.000517 t:3.9s
tttg: c48/95 lr:0.000500 t:4.0s
tttg: c49/95 lr:0.000483 t:4.0s
tttg: c50/95 lr:0.000467 t:4.1s
tttg: c51/95 lr:0.000450 t:4.2s
tttg: c52/95 lr:0.000433 t:4.3s
tttg: c53/95 lr:0.000417 t:4.3s
tttg: c54/95 lr:0.000400 t:4.4s
tttg: c55/95 lr:0.000384 t:4.5s
tttg: c56/95 lr:0.000368 t:4.6s
tttg: c57/95 lr:0.000352 t:4.7s
tttg: c58/95 lr:0.000336 t:4.7s
tttg: c59/95 lr:0.000320 t:4.8s
tttg: c60/95 lr:0.000305 t:4.9s
tttg: c61/95 lr:0.000290 t:5.0s
tttg: c62/95 lr:0.000274 t:5.0s
tttg: c63/95 lr:0.000260 t:5.1s
tttg: c64/95 lr:0.000245 t:5.2s
tttg: c65/95 lr:0.000231 t:5.3s
tttg: c66/95 lr:0.000217 t:5.4s
tttg: c67/95 lr:0.000203 t:5.4s
tttg: c68/95 lr:0.000190 t:5.5s
tttg: c69/95 lr:0.000177 t:5.6s
tttg: c70/95 lr:0.000165 t:5.7s
tttg: c71/95 lr:0.000152 t:5.8s
tttg: c72/95 lr:0.000141 t:5.8s
tttg: c73/95 lr:0.000129 t:5.9s
tttg: c74/95 lr:0.000118 t:6.0s
tttg: c75/95 lr:0.000108 t:6.1s
tttg: c76/95 lr:0.000097 t:6.1s
tttg: c77/95 lr:0.000088 t:6.2s
tttg: c78/95 lr:0.000079 t:6.3s
tttg: c79/95 lr:0.000070 t:6.4s
tttg: c80/95 lr:0.000062 t:6.5s
tttg: c81/95 lr:0.000054 t:6.5s
tttg: c82/95 lr:0.000046 t:6.6s
tttg: c83/95 lr:0.000040 t:6.7s
tttg: c84/95 lr:0.000033 t:6.8s
tttg: c85/95 lr:0.000028 t:6.8s
tttg: c86/95 lr:0.000022 t:6.9s
tttg: c87/95 lr:0.000018 t:7.0s
tttg: c88/95 lr:0.000014 t:7.1s
tttg: c89/95 lr:0.000010 t:7.2s
tttg: c90/95 lr:0.000007 t:7.2s
tttg: c91/95 lr:0.000004 t:7.3s
tttg: c92/95 lr:0.000003 t:7.4s
tttg: c93/95 lr:0.000001 t:7.5s
tttg: c94/95 lr:0.000000 t:7.5s
ttpr: phase:1/3 t:283.7s
ttp: b762/782 bl:2.8200 bb:1.0733 rl:2.6198 rb:1.0421 dl:3431-3533 gd:0
ttpp: phase:2/3 pd:1808 gd:1333 t:414.1s
tttg: c1/158 lr:0.001000 t:0.1s
tttg: c2/158 lr:0.001000 t:0.2s
tttg: c3/158 lr:0.001000 t:0.2s
tttg: c4/158 lr:0.000999 t:0.3s
tttg: c5/158 lr:0.000998 t:0.4s
tttg: c6/158 lr:0.000997 t:0.5s
tttg: c7/158 lr:0.000996 t:0.5s
tttg: c8/158 lr:0.000995 t:0.6s
tttg: c9/158 lr:0.000994 t:0.7s
tttg: c10/158 lr:0.000992 t:0.8s
tttg: c11/158 lr:0.000990 t:0.8s
tttg: c12/158 lr:0.000988 t:0.9s
tttg: c13/158 lr:0.000986 t:1.0s
tttg: c14/158 lr:0.000983 t:1.1s
tttg: c15/158 lr:0.000981 t:1.2s
tttg: c16/158 lr:0.000978 t:1.2s
tttg: c17/158 lr:0.000975 t:1.3s
tttg: c18/158 lr:0.000971 t:1.4s
tttg: c19/158 lr:0.000968 t:1.5s
tttg: c20/158 lr:0.000964 t:1.5s
tttg: c21/158 lr:0.000960 t:1.6s
tttg: c22/158 lr:0.000957 t:1.7s
tttg: c23/158 lr:0.000952 t:1.8s
tttg: c24/158 lr:0.000948 t:1.8s
tttg: c25/158 lr:0.000943 t:1.9s
tttg: c26/158 lr:0.000939 t:2.0s
tttg: c27/158 lr:0.000934 t:2.1s
tttg: c28/158 lr:0.000929 t:2.2s
tttg: c29/158 lr:0.000924 t:2.2s
tttg: c30/158 lr:0.000918 t:2.3s
tttg: c31/158 lr:0.000913 t:2.4s
tttg: c32/158 lr:0.000907 t:2.5s
tttg: c33/158 lr:0.000901 t:2.6s
tttg: c34/158 lr:0.000895 t:2.6s
tttg: c35/158 lr:0.000889 t:2.7s
tttg: c36/158 lr:0.000882 t:2.8s
tttg: c37/158 lr:0.000876 t:2.9s
tttg: c38/158 lr:0.000869 t:2.9s
tttg: c39/158 lr:0.000862 t:3.0s
tttg: c40/158 lr:0.000855 t:3.1s
tttg: c41/158 lr:0.000848 t:3.2s
tttg: c42/158 lr:0.000841 t:3.2s
tttg: c43/158 lr:0.000834 t:3.3s
tttg: c44/158 lr:0.000826 t:3.4s
tttg: c45/158 lr:0.000818 t:3.5s
tttg: c46/158 lr:0.000811 t:3.6s
tttg: c47/158 lr:0.000803 t:3.6s
tttg: c48/158 lr:0.000795 t:3.7s
tttg: c49/158 lr:0.000787 t:3.8s
tttg: c50/158 lr:0.000778 t:3.9s
tttg: c51/158 lr:0.000770 t:4.0s
tttg: c52/158 lr:0.000761 t:4.0s
tttg: c53/158 lr:0.000753 t:4.1s
tttg: c54/158 lr:0.000744 t:4.2s
tttg: c55/158 lr:0.000735 t:4.3s
tttg: c56/158 lr:0.000727 t:4.3s
tttg: c57/158 lr:0.000718 t:4.4s
tttg: c58/158 lr:0.000709 t:4.5s
tttg: c59/158 lr:0.000699 t:4.6s
tttg: c60/158 lr:0.000690 t:4.6s
tttg: c61/158 lr:0.000681 t:4.7s
tttg: c62/158 lr:0.000672 t:4.8s
tttg: c63/158 lr:0.000662 t:4.9s
tttg: c64/158 lr:0.000653 t:5.0s
tttg: c65/158 lr:0.000643 t:5.0s
tttg: c66/158 lr:0.000633 t:5.1s
tttg: c67/158 lr:0.000624 t:5.2s
tttg: c68/158 lr:0.000614 t:5.3s
tttg: c69/158 lr:0.000604 t:5.4s
tttg: c70/158 lr:0.000594 t:5.4s
tttg: c71/158 lr:0.000585 t:5.5s
tttg: c72/158 lr:0.000575 t:5.6s
tttg: c73/158 lr:0.000565 t:5.7s
tttg: c74/158 lr:0.000555 t:5.7s
tttg: c75/158 lr:0.000545 t:5.8s
tttg: c76/158 lr:0.000535 t:5.9s
tttg: c77/158 lr:0.000525 t:6.0s
tttg: c78/158 lr:0.000515 t:6.1s
tttg: c79/158 lr:0.000505 t:6.1s
tttg: c80/158 lr:0.000495 t:6.2s
tttg: c81/158 lr:0.000485 t:6.3s
tttg: c82/158 lr:0.000475 t:6.4s
tttg: c83/158 lr:0.000465 t:6.4s
tttg: c84/158 lr:0.000455 t:6.5s
tttg: c85/158 lr:0.000445 t:6.6s
tttg: c86/158 lr:0.000435 t:6.7s
tttg: c87/158 lr:0.000425 t:6.8s
tttg: c88/158 lr:0.000415 t:6.8s
tttg: c89/158 lr:0.000406 t:6.9s
tttg: c90/158 lr:0.000396 t:7.0s
tttg: c91/158 lr:0.000386 t:7.1s
tttg: c92/158 lr:0.000376 t:7.1s
tttg: c93/158 lr:0.000367 t:7.2s
tttg: c94/158 lr:0.000357 t:7.3s
tttg: c95/158 lr:0.000347 t:7.4s
tttg: c96/158 lr:0.000338 t:7.5s
tttg: c97/158 lr:0.000328 t:7.5s
tttg: c98/158 lr:0.000319 t:7.6s
tttg: c99/158 lr:0.000310 t:7.7s
tttg: c100/158 lr:0.000301 t:7.8s
tttg: c101/158 lr:0.000291 t:7.9s
tttg: c102/158 lr:0.000282 t:7.9s
tttg: c103/158 lr:0.000273 t:8.0s
tttg: c104/158 lr:0.000265 t:8.1s
tttg: c105/158 lr:0.000256 t:8.2s
tttg: c106/158 lr:0.000247 t:8.2s
tttg: c107/158 lr:0.000239 t:8.3s
tttg: c108/158 lr:0.000230 t:8.4s
tttg: c109/158 lr:0.000222 t:8.5s
tttg: c110/158 lr:0.000213 t:8.6s
tttg: c111/158 lr:0.000205 t:8.6s
tttg: c112/158 lr:0.000197 t:8.7s
tttg: c113/158 lr:0.000189 t:8.8s
tttg: c114/158 lr:0.000182 t:8.9s
tttg: c115/158 lr:0.000174 t:8.9s
tttg: c116/158 lr:0.000166 t:9.0s
tttg: c117/158 lr:0.000159 t:9.1s
tttg: c118/158 lr:0.000152 t:9.2s
tttg: c119/158 lr:0.000145 t:9.3s
tttg: c120/158 lr:0.000138 t:9.3s
tttg: c121/158 lr:0.000131 t:9.4s
tttg: c122/158 lr:0.000124 t:9.5s
tttg: c123/158 lr:0.000118 t:9.6s
tttg: c124/158 lr:0.000111 t:9.7s
tttg: c125/158 lr:0.000105 t:9.7s
tttg: c126/158 lr:0.000099 t:9.8s
tttg: c127/158 lr:0.000093 t:9.9s
tttg: c128/158 lr:0.000087 t:10.0s
tttg: c129/158 lr:0.000082 t:10.0s
tttg: c130/158 lr:0.000076 t:10.1s
tttg: c131/158 lr:0.000071 t:10.2s
tttg: c132/158 lr:0.000066 t:10.3s
tttg: c133/158 lr:0.000061 t:10.4s
tttg: c134/158 lr:0.000057 t:10.4s
tttg: c135/158 lr:0.000052 t:10.5s
tttg: c136/158 lr:0.000048 t:10.6s
tttg: c137/158 lr:0.000043 t:10.7s
tttg: c138/158 lr:0.000040 t:10.7s
tttg: c139/158 lr:0.000036 t:10.8s
tttg: c140/158 lr:0.000032 t:10.9s
tttg: c141/158 lr:0.000029 t:11.0s
tttg: c142/158 lr:0.000025 t:11.1s
tttg: c143/158 lr:0.000022 t:11.1s
tttg: c144/158 lr:0.000019 t:11.2s
tttg: c145/158 lr:0.000017 t:11.3s
tttg: c146/158 lr:0.000014 t:11.4s
tttg: c147/158 lr:0.000012 t:11.4s
tttg: c148/158 lr:0.000010 t:11.5s
tttg: c149/158 lr:0.000008 t:11.6s
tttg: c150/158 lr:0.000006 t:11.7s
tttg: c151/158 lr:0.000005 t:11.8s
tttg: c152/158 lr:0.000004 t:11.8s
tttg: c153/158 lr:0.000003 t:11.9s
tttg: c154/158 lr:0.000002 t:12.0s
tttg: c155/158 lr:0.000001 t:12.1s
tttg: c156/158 lr:0.000000 t:12.1s
tttg: c157/158 lr:0.000000 t:12.2s
ttpr: phase:2/3 t:429.1s
ttp: b746/782 bl:2.6720 bb:1.0521 rl:2.6276 rb:1.0436 dl:2459-2501 gd:0
ttp: b745/782 bl:2.7794 bb:1.0864 rl:2.6471 rb:1.0492 dl:2421-2458 gd:0
ttpp: phase:3/3 pd:2448 gd:2000 t:449.9s
tttg: c1/213 lr:0.001000 t:0.1s
tttg: c2/213 lr:0.001000 t:0.2s
tttg: c3/213 lr:0.001000 t:0.2s
tttg: c4/213 lr:0.001000 t:0.3s
tttg: c5/213 lr:0.000999 t:0.4s
tttg: c6/213 lr:0.000999 t:0.5s
tttg: c7/213 lr:0.000998 t:0.6s
tttg: c8/213 lr:0.000997 t:0.6s
tttg: c9/213 lr:0.000996 t:0.7s
tttg: c10/213 lr:0.000996 t:0.8s
tttg: c11/213 lr:0.000995 t:0.9s
tttg: c12/213 lr:0.000993 t:1.0s
tttg: c13/213 lr:0.000992 t:1.0s
tttg: c14/213 lr:0.000991 t:1.1s
tttg: c15/213 lr:0.000989 t:1.2s
tttg: c16/213 lr:0.000988 t:1.3s
tttg: c17/213 lr:0.000986 t:1.4s
tttg: c18/213 lr:0.000984 t:1.5s
tttg: c19/213 lr:0.000982 t:1.5s
tttg: c20/213 lr:0.000980 t:1.6s
tttg: c21/213 lr:0.000978 t:1.7s
tttg: c22/213 lr:0.000976 t:1.8s
tttg: c23/213 lr:0.000974 t:1.9s
tttg: c24/213 lr:0.000971 t:2.0s
tttg: c25/213 lr:0.000969 t:2.0s
tttg: c26/213 lr:0.000966 t:2.1s
tttg: c27/213 lr:0.000963 t:2.2s
tttg: c28/213 lr:0.000961 t:2.3s
tttg: c29/213 lr:0.000958 t:2.4s
tttg: c30/213 lr:0.000955 t:2.4s
tttg: c31/213 lr:0.000951 t:2.5s
tttg: c32/213 lr:0.000948 t:2.6s
tttg: c33/213 lr:0.000945 t:2.7s
tttg: c34/213 lr:0.000941 t:2.8s
tttg: c35/213 lr:0.000938 t:2.9s
tttg: c36/213 lr:0.000934 t:2.9s
tttg: c37/213 lr:0.000931 t:3.0s
tttg: c38/213 lr:0.000927 t:3.1s
tttg: c39/213 lr:0.000923 t:3.2s
tttg: c40/213 lr:0.000919 t:3.3s
tttg: c41/213 lr:0.000915 t:3.4s
tttg: c42/213 lr:0.000911 t:3.5s
tttg: c43/213 lr:0.000906 t:3.5s
tttg: c44/213 lr:0.000902 t:3.6s
tttg: c45/213 lr:0.000897 t:3.7s
tttg: c46/213 lr:0.000893 t:3.8s
tttg: c47/213 lr:0.000888 t:3.9s
tttg: c48/213 lr:0.000884 t:4.0s
tttg: c49/213 lr:0.000879 t:4.0s
tttg: c50/213 lr:0.000874 t:4.1s
tttg: c51/213 lr:0.000869 t:4.2s
tttg: c52/213 lr:0.000864 t:4.3s
tttg: c53/213 lr:0.000859 t:4.4s
tttg: c54/213 lr:0.000854 t:4.5s
tttg: c55/213 lr:0.000848 t:4.5s
tttg: c56/213 lr:0.000843 t:4.6s
tttg: c57/213 lr:0.000837 t:4.7s
tttg: c58/213 lr:0.000832 t:4.8s
tttg: c59/213 lr:0.000826 t:4.9s
tttg: c60/213 lr:0.000821 t:5.0s
tttg: c61/213 lr:0.000815 t:5.0s
tttg: c62/213 lr:0.000809 t:5.1s
tttg: c63/213 lr:0.000803 t:5.2s
tttg: c64/213 lr:0.000797 t:5.3s
tttg: c65/213 lr:0.000791 t:5.4s
tttg: c66/213 lr:0.000785 t:5.5s
tttg: c67/213 lr:0.000779 t:5.5s
tttg: c68/213 lr:0.000773 t:5.6s
tttg: c69/213 lr:0.000767 t:5.7s
tttg: c70/213 lr:0.000761 t:5.8s
tttg: c71/213 lr:0.000754 t:5.9s
tttg: c72/213 lr:0.000748 t:6.0s
tttg: c73/213 lr:0.000741 t:6.0s
tttg: c74/213 lr:0.000735 t:6.1s
tttg: c75/213 lr:0.000728 t:6.2s
tttg: c76/213 lr:0.000722 t:6.3s
tttg: c77/213 lr:0.000715 t:6.4s
tttg: c78/213 lr:0.000708 t:6.5s
tttg: c79/213 lr:0.000702 t:6.5s
tttg: c80/213 lr:0.000695 t:6.6s
tttg: c81/213 lr:0.000688 t:6.7s
tttg: c82/213 lr:0.000681 t:6.8s
tttg: c83/213 lr:0.000674 t:6.9s
tttg: c84/213 lr:0.000667 t:7.0s
tttg: c85/213 lr:0.000660 t:7.0s
tttg: c86/213 lr:0.000653 t:7.1s
tttg: c87/213 lr:0.000646 t:7.2s
tttg: c88/213 lr:0.000639 t:7.3s
tttg: c89/213 lr:0.000632 t:7.4s
tttg: c90/213 lr:0.000625 t:7.5s
tttg: c91/213 lr:0.000617 t:7.6s
tttg: c92/213 lr:0.000610 t:7.6s
tttg: c93/213 lr:0.000603 t:7.7s
tttg: c94/213 lr:0.000596 t:7.8s
tttg: c95/213 lr:0.000588 t:7.9s
tttg: c96/213 lr:0.000581 t:8.0s
tttg: c97/213 lr:0.000574 t:8.1s
tttg: c98/213 lr:0.000566 t:8.1s
tttg: c99/213 lr:0.000559 t:8.2s
tttg: c100/213 lr:0.000552 t:8.3s
tttg: c101/213 lr:0.000544 t:8.4s
tttg: c102/213 lr:0.000537 t:8.5s
tttg: c103/213 lr:0.000530 t:8.6s
tttg: c104/213 lr:0.000522 t:8.6s
tttg: c105/213 lr:0.000515 t:8.7s
tttg: c106/213 lr:0.000507 t:8.8s
tttg: c107/213 lr:0.000500 t:8.9s
tttg: c108/213 lr:0.000493 t:9.0s
tttg: c109/213 lr:0.000485 t:9.1s
tttg: c110/213 lr:0.000478 t:9.1s
tttg: c111/213 lr:0.000470 t:9.2s
tttg: c112/213 lr:0.000463 t:9.3s
tttg: c113/213 lr:0.000456 t:9.4s
tttg: c114/213 lr:0.000448 t:9.5s
tttg: c115/213 lr:0.000441 t:9.5s
tttg: c116/213 lr:0.000434 t:9.6s
tttg: c117/213 lr:0.000426 t:9.7s
tttg: c118/213 lr:0.000419 t:9.8s
tttg: c119/213 lr:0.000412 t:9.9s
tttg: c120/213 lr:0.000404 t:10.0s
tttg: c121/213 lr:0.000397 t:10.0s
tttg: c122/213 lr:0.000390 t:10.1s
tttg: c123/213 lr:0.000383 t:10.2s
tttg: c124/213 lr:0.000375 t:10.3s
tttg: c125/213 lr:0.000368 t:10.4s
tttg: c126/213 lr:0.000361 t:10.5s
tttg: c127/213 lr:0.000354 t:10.5s
tttg: c128/213 lr:0.000347 t:10.6s
tttg: c129/213 lr:0.000340 t:10.7s
tttg: c130/213 lr:0.000333 t:10.8s
tttg: c131/213 lr:0.000326 t:10.9s
tttg: c132/213 lr:0.000319 t:10.9s
tttg: c133/213 lr:0.000312 t:11.0s
tttg: c134/213 lr:0.000305 t:11.1s
tttg: c135/213 lr:0.000298 t:11.2s
tttg: c136/213 lr:0.000292 t:11.3s
tttg: c137/213 lr:0.000285 t:11.4s
tttg: c138/213 lr:0.000278 t:11.4s
tttg: c139/213 lr:0.000272 t:11.5s
tttg: c140/213 lr:0.000265 t:11.6s
tttg: c141/213 lr:0.000259 t:11.7s
tttg: c142/213 lr:0.000252 t:11.8s
tttg: c143/213 lr:0.000246 t:11.9s
tttg: c144/213 lr:0.000239 t:11.9s
tttg: c145/213 lr:0.000233 t:12.0s
tttg: c146/213 lr:0.000227 t:12.1s
tttg: c147/213 lr:0.000221 t:12.2s
tttg: c148/213 lr:0.000215 t:12.3s
tttg: c149/213 lr:0.000209 t:12.4s
tttg: c150/213 lr:0.000203 t:12.5s
tttg: c151/213 lr:0.000197 t:12.6s
tttg: c152/213 lr:0.000191 t:12.6s
tttg: c153/213 lr:0.000185 t:12.7s
tttg: c154/213 lr:0.000179 t:12.8s
tttg: c155/213 lr:0.000174 t:12.9s
tttg: c156/213 lr:0.000168 t:13.0s
tttg: c157/213 lr:0.000163 t:13.0s
tttg: c158/213 lr:0.000157 t:13.1s
tttg: c159/213 lr:0.000152 t:13.2s
tttg: c160/213 lr:0.000146 t:13.3s
tttg: c161/213 lr:0.000141 t:13.4s
tttg: c162/213 lr:0.000136 t:13.4s
tttg: c163/213 lr:0.000131 t:13.5s
tttg: c164/213 lr:0.000126 t:13.6s
tttg: c165/213 lr:0.000121 t:13.7s
tttg: c166/213 lr:0.000116 t:13.8s
tttg: c167/213 lr:0.000112 t:13.9s
tttg: c168/213 lr:0.000107 t:14.0s
tttg: c169/213 lr:0.000103 t:14.0s
tttg: c170/213 lr:0.000098 t:14.1s
tttg: c171/213 lr:0.000094 t:14.2s
tttg: c172/213 lr:0.000089 t:14.3s
tttg: c173/213 lr:0.000085 t:14.4s
tttg: c174/213 lr:0.000081 t:14.4s
tttg: c175/213 lr:0.000077 t:14.5s
tttg: c176/213 lr:0.000073 t:14.6s
tttg: c177/213 lr:0.000069 t:14.7s
tttg: c178/213 lr:0.000066 t:14.8s
tttg: c179/213 lr:0.000062 t:14.9s
tttg: c180/213 lr:0.000059 t:14.9s
tttg: c181/213 lr:0.000055 t:15.0s
tttg: c182/213 lr:0.000052 t:15.1s
tttg: c183/213 lr:0.000049 t:15.2s
tttg: c184/213 lr:0.000045 t:15.3s
tttg: c185/213 lr:0.000042 t:15.4s
tttg: c186/213 lr:0.000039 t:15.5s
tttg: c187/213 lr:0.000037 t:15.5s
tttg: c188/213 lr:0.000034 t:15.6s
tttg: c189/213 lr:0.000031 t:15.7s
tttg: c190/213 lr:0.000029 t:15.8s
tttg: c191/213 lr:0.000026 t:15.9s
tttg: c192/213 lr:0.000024 t:15.9s
tttg: c193/213 lr:0.000022 t:16.0s
tttg: c194/213 lr:0.000020 t:16.1s
tttg: c195/213 lr:0.000018 t:16.2s
tttg: c196/213 lr:0.000016 t:16.3s
tttg: c197/213 lr:0.000014 t:16.4s
tttg: c198/213 lr:0.000012 t:16.4s
tttg: c199/213 lr:0.000011 t:16.5s
tttg: c200/213 lr:0.000009 t:16.6s
tttg: c201/213 lr:0.000008 t:16.7s
tttg: c202/213 lr:0.000007 t:16.8s
tttg: c203/213 lr:0.000005 t:16.9s
tttg: c204/213 lr:0.000004 t:16.9s
tttg: c205/213 lr:0.000004 t:17.0s
tttg: c206/213 lr:0.000003 t:17.1s
tttg: c207/213 lr:0.000002 t:17.2s
tttg: c208/213 lr:0.000001 t:17.3s
tttg: c209/213 lr:0.000001 t:17.4s
tttg: c210/213 lr:0.000000 t:17.4s
tttg: c211/213 lr:0.000000 t:17.5s
tttg: c212/213 lr:0.000000 t:17.6s
ttpr: phase:3/3 t:470.4s
ttp: b742/782 bl:2.7806 bb:1.0651 rl:2.6617 rb:1.0510 dl:2319-2353 gd:1
ttp: b731/782 bl:2.7655 bb:1.0555 rl:2.6707 rb:1.0514 dl:2017-2041 gd:1
ttp: b723/782 bl:2.7745 bb:1.0585 rl:2.6784 rb:1.0519 dl:1861-1885 gd:1
ttp: b716/782 bl:2.8006 bb:1.0335 rl:2.6863 rb:1.0506 dl:1739-1754 gd:1
ttp: b711/782 bl:2.7647 bb:1.0411 rl:2.6909 rb:1.0501 dl:1673-1683 gd:1
ttp: b703/782 bl:2.9066 bb:1.0994 rl:2.7022 rb:1.0527 dl:1582-1594 gd:1
ttp: b695/782 bl:2.7738 bb:1.0754 rl:2.7056 rb:1.0538 dl:1504-1513 gd:1
ttp: b686/782 bl:2.7969 bb:1.0508 rl:2.7095 rb:1.0537 dl:1422-1432 gd:1
ttp: b678/782 bl:2.7720 bb:1.0434 rl:2.7120 rb:1.0533 dl:1361-1368 gd:1
ttp: b670/782 bl:2.8198 bb:1.0543 rl:2.7159 rb:1.0533 dl:1308-1315 gd:1
ttp: b662/782 bl:2.7986 bb:1.0679 rl:2.7187 rb:1.0538 dl:1258-1263 gd:1
ttp: b654/782 bl:2.7223 bb:1.0334 rl:2.7189 rb:1.0531 dl:1209-1215 gd:1
ttp: b647/782 bl:2.7390 bb:1.0427 rl:2.7195 rb:1.0528 dl:1171-1177 gd:1
ttp: b639/782 bl:2.8418 bb:1.0765 rl:2.7229 rb:1.0535 dl:1129-1134 gd:1
ttp: b631/782 bl:2.7544 bb:1.0576 rl:2.7237 rb:1.0536 dl:1092-1096 gd:1
ttp: b623/782 bl:2.7771 bb:1.0689 rl:2.7250 rb:1.0540 dl:1055-1060 gd:1
ttp: b615/782 bl:2.8300 bb:1.0626 rl:2.7275 rb:1.0542 dl:1020-1023 gd:1
ttp: b607/782 bl:2.6852 bb:1.0349 rl:2.7265 rb:1.0538 dl:986-990 gd:1
ttp: b599/782 bl:2.7309 bb:1.0489 rl:2.7266 rb:1.0537 dl:954-958 gd:1
ttp: b591/782 bl:2.6597 bb:1.0050 rl:2.7253 rb:1.0527 dl:927-930 gd:1
ttp: b582/782 bl:2.8464 bb:1.0857 rl:2.7276 rb:1.0533 dl:897-901 gd:1
ttp: b573/782 bl:2.9144 bb:1.0666 rl:2.7309 rb:1.0536 dl:868-871 gd:1
ttp: b565/782 bl:2.7615 bb:1.0582 rl:2.7314 rb:1.0536 dl:843-846 gd:1
ttp: b557/782 bl:2.7860 bb:1.0388 rl:2.7323 rb:1.0534 dl:818-821 gd:1
ttp: b549/782 bl:2.7541 bb:1.0596 rl:2.7327 rb:1.0535 dl:795-798 gd:1
ttp: b542/782 bl:2.8174 bb:1.0673 rl:2.7339 rb:1.0537 dl:777-779 gd:1
ttp: b534/782 bl:2.8057 bb:1.0672 rl:2.7350 rb:1.0539 dl:757-759 gd:1
ttp: b526/782 bl:2.7576 bb:1.0530 rl:2.7353 rb:1.0539 dl:737-739 gd:1
ttp: b505/782 bl:2.7595 bb:1.0543 rl:2.7356 rb:1.0539 dl:686-688 gd:1
ttp: b497/782 bl:2.8289 bb:1.0786 rl:2.7367 rb:1.0542 dl:668-671 gd:1
ttp: b489/782 bl:2.7878 bb:1.0779 rl:2.7373 rb:1.0545 dl:651-653 gd:1
ttp: b481/782 bl:2.7826 bb:1.0940 rl:2.7379 rb:1.0549 dl:635-637 gd:1
ttp: b473/782 bl:2.8211 bb:1.0734 rl:2.7388 rb:1.0551 dl:618-620 gd:1
ttp: b465/782 bl:2.7960 bb:1.0547 rl:2.7394 rb:1.0551 dl:602-604 gd:1
ttp: b457/782 bl:2.7561 bb:1.0465 rl:2.7396 rb:1.0550 dl:587-589 gd:1
ttp: b449/782 bl:2.7868 bb:1.0490 rl:2.7400 rb:1.0550 dl:573-575 gd:1
ttp: b441/782 bl:2.6961 bb:1.0378 rl:2.7396 rb:1.0548 dl:559-560 gd:1
ttp: b433/782 bl:2.7700 bb:1.0631 rl:2.7399 rb:1.0549 dl:544-545 gd:1
ttp: b425/782 bl:2.7466 bb:1.0450 rl:2.7399 rb:1.0548 dl:530-532 gd:1
ttp: b417/782 bl:2.8057 bb:1.0521 rl:2.7405 rb:1.0548 dl:516-517 gd:1
ttp: b409/782 bl:2.6953 bb:1.0413 rl:2.7401 rb:1.0547 dl:503-505 gd:1
ttp: b401/782 bl:2.7330 bb:1.0579 rl:2.7401 rb:1.0547 dl:490-492 gd:1
ttp: b393/782 bl:2.8395 bb:1.0814 rl:2.7408 rb:1.0549 dl:478-479 gd:1
ttp: b385/782 bl:2.8674 bb:1.0926 rl:2.7418 rb:1.0552 dl:466-467 gd:1
ttp: b377/782 bl:2.7933 bb:1.0831 rl:2.7422 rb:1.0554 dl:454-455 gd:1
ttp: b369/782 bl:2.9112 bb:1.0806 rl:2.7433 rb:1.0556 dl:443-444 gd:1
ttp: b361/782 bl:2.7894 bb:1.0665 rl:2.7437 rb:1.0556 dl:432-433 gd:1
ttp: b353/782 bl:2.7846 bb:1.0912 rl:2.7439 rb:1.0559 dl:420-422 gd:1
ttp: b345/782 bl:2.8524 bb:1.1062 rl:2.7446 rb:1.0562 dl:410-412 gd:1
ttp: b337/782 bl:2.8241 bb:1.0753 rl:2.7451 rb:1.0563 dl:399-400 gd:1
ttp: b329/782 bl:2.8174 bb:1.0989 rl:2.7455 rb:1.0565 dl:389-390 gd:1
ttp: b321/782 bl:2.7913 bb:1.0969 rl:2.7458 rb:1.0568 dl:378-380 gd:1
ttp: b313/782 bl:2.8223 bb:1.0869 rl:2.7462 rb:1.0569 dl:368-369 gd:1
ttp: b305/782 bl:2.8506 bb:1.0814 rl:2.7468 rb:1.0571 dl:358-359 gd:1
ttp: b297/782 bl:2.7934 bb:1.0583 rl:2.7470 rb:1.0571 dl:348-349 gd:1
ttp: b289/782 bl:2.8356 bb:1.1225 rl:2.7475 rb:1.0574 dl:339-340 gd:1
ttp: b281/782 bl:2.9036 bb:1.1448 rl:2.7482 rb:1.0578 dl:329-330 gd:1
ttp: b273/782 bl:2.7610 bb:1.0576 rl:2.7483 rb:1.0578 dl:321-322 gd:1
ttp: b265/782 bl:2.8151 bb:1.0836 rl:2.7486 rb:1.0579 dl:312-313 gd:1
ttp: b257/782 bl:2.9087 bb:1.1075 rl:2.7493 rb:1.0582 dl:302-304 gd:1
ttp: b249/782 bl:2.8862 bb:1.1496 rl:2.7499 rb:1.0585 dl:294-295 gd:1
ttp: b241/782 bl:2.8969 bb:1.1222 rl:2.7505 rb:1.0588 dl:286-287 gd:1
ttp: b233/782 bl:2.8478 bb:1.1189 rl:2.7509 rb:1.0590 dl:278-279 gd:1
ttp: b225/782 bl:2.8724 bb:1.1187 rl:2.7514 rb:1.0593 dl:270-271 gd:1
ttp: b217/782 bl:2.8644 bb:1.1220 rl:2.7518 rb:1.0595 dl:262-263 gd:1
ttp: b209/782 bl:2.9151 bb:1.1541 rl:2.7524 rb:1.0598 dl:254-255 gd:1
ttp: b201/782 bl:2.8582 bb:1.1140 rl:2.7528 rb:1.0600 dl:247-248 gd:1
ttp: b193/782 bl:2.8624 bb:1.1533 rl:2.7531 rb:1.0603 dl:240-241 gd:1
ttp: b185/782 bl:2.8679 bb:1.1257 rl:2.7535 rb:1.0605 dl:233-234 gd:1
ttp: b177/782 bl:2.9076 bb:1.1409 rl:2.7540 rb:1.0608 dl:226-227 gd:1
ttp: b170/782 bl:2.9932 bb:1.1704 rl:2.7547 rb:1.0611 dl:220-221 gd:1
ttp: b162/782 bl:2.9479 bb:1.1438 rl:2.7553 rb:1.0614 dl:213-214 gd:1
ttp: b153/782 bl:3.0037 bb:1.1587 rl:2.7560 rb:1.0616 dl:206-207 gd:1
ttp: b146/782 bl:2.8873 bb:1.1462 rl:2.7564 rb:1.0619 dl:200-201 gd:1
ttp: b139/782 bl:2.9793 bb:1.1530 rl:2.7570 rb:1.0621 dl:195-195 gd:1
ttp: b130/782 bl:3.1303 bb:1.2304 rl:2.7580 rb:1.0625 dl:187-188 gd:1
ttp: b122/782 bl:2.8860 bb:1.1547 rl:2.7583 rb:1.0628 dl:181-182 gd:1
ttp: b113/782 bl:3.0198 bb:1.1874 rl:2.7589 rb:1.0631 dl:175-176 gd:1
ttp: b106/782 bl:2.9444 bb:1.1893 rl:2.7593 rb:1.0633 dl:170-171 gd:1
ttp: b99/782 bl:2.9842 bb:1.1865 rl:2.7599 rb:1.0636 dl:164-165 gd:1
ttp: b91/782 bl:3.0170 bb:1.2075 rl:2.7604 rb:1.0639 dl:158-159 gd:1
ttp: b83/782 bl:3.0166 bb:1.2054 rl:2.7609 rb:1.0642 dl:152-153 gd:1
ttp: b75/782 bl:3.0841 bb:1.2109 rl:2.7616 rb:1.0645 dl:146-147 gd:1
ttp: b69/782 bl:3.0859 bb:1.2243 rl:2.7622 rb:1.0648 dl:142-142 gd:1
ttp: b61/782 bl:2.9235 bb:1.1429 rl:2.7625 rb:1.0649 dl:135-136 gd:1
ttp: b54/782 bl:3.0775 bb:1.2602 rl:2.7631 rb:1.0652 dl:130-130 gd:1
ttp: b44/782 bl:3.1233 bb:1.2170 rl:2.7636 rb:1.0655 dl:122-122 gd:1
ttp: b34/782 bl:3.0678 bb:1.2419 rl:2.7641 rb:1.0657 dl:114-115 gd:1
ttp: b27/782 bl:3.0910 bb:1.2340 rl:2.7646 rb:1.0660 dl:107-108 gd:1
ttp: b19/782 bl:3.1393 bb:1.2261 rl:2.7651 rb:1.0662 dl:100-101 gd:1
ttp: b11/782 bl:3.2162 bb:1.2569 rl:2.7656 rb:1.0664 dl:90-92 gd:1
ttp: b5/782 bl:3.3118 bb:1.2918 rl:2.7662 rb:1.0667 dl:80-82 gd:1
quantized_ttt_phased val_loss:2.76352917 val_bpb:1.06984826 eval_time:595536ms
total_eval_time:595.5s
