
*****************************************
Setting OMP_NUM_THREADS environment variable for each process to be 1 in default, to avoid your system being overloaded, please further tune the variable for optimal performance in your application as needed. 
*****************************************
logs/leadercore10l_curriculum_base.txt
val_bpb:enabled tokenizer_kind=sentencepiece tokenizer_path=/tmp/parameter-golf-data/tokenizers/fineweb_1024_bpe.model
train_loader:dataset:fineweb10B_sp1024 train_shards:80
val_loader:shards pattern=/tmp/parameter-golf-data/datasets/fineweb10B_sp1024/fineweb_val_*.bin tokens:62021632
model_params:18897488
world_size:8 grad_accum_steps:1
sdp_backends:cudnn=False flash=True mem_efficient=False math=False
attention_mode:gqa num_heads:8 num_kv_heads:4
tie_embeddings:True embed_lr:0.1 head_lr:0.0 matrix_lr:0.04 scalar_lr:0.04
train_batch_tokens:524288 train_seq_len:1024 iterations:20000 warmup_steps:20 max_wallclock_seconds:600.000
curriculum:enabled short_seq_len:512 switch_fraction:0.30 switch_time_ms:180000 boundary_align:True
lr_floor_scale:0.150
seed:1337
warmup_step:1/20
warmup_step:2/20
warmup_step:3/20
warmup_step:4/20
warmup_step:5/20
warmup_step:6/20
warmup_step:7/20
warmup_step:8/20
warmup_step:9/20
warmup_step:10/20
warmup_step:11/20
warmup_step:12/20
warmup_step:13/20
warmup_step:14/20
warmup_step:15/20
warmup_step:16/20
warmup_step:17/20
warmup_step:18/20
warmup_step:19/20
warmup_step:20/20
step:1/20000 train_loss:6.9338 train_time:74ms step_avg:74.28ms
step:2/20000 train_loss:23.6486 train_time:187ms step_avg:93.60ms
step:3/20000 train_loss:9.4472 train_time:291ms step_avg:96.94ms
step:4/20000 train_loss:6.3475 train_time:394ms step_avg:98.39ms
step:5/20000 train_loss:6.2389 train_time:492ms step_avg:98.40ms
step:6/20000 train_loss:7.4835 train_time:588ms step_avg:97.92ms
step:7/20000 train_loss:6.4838 train_time:677ms step_avg:96.70ms
step:8/20000 train_loss:6.4704 train_time:756ms step_avg:94.50ms
step:9/20000 train_loss:6.5081 train_time:825ms step_avg:91.64ms
step:10/20000 train_loss:6.4268 train_time:889ms step_avg:88.94ms
step:200/20000 train_loss:2.8621 train_time:10605ms step_avg:53.02ms
step:400/20000 train_loss:2.6652 train_time:20291ms step_avg:50.73ms
step:600/20000 train_loss:2.5901 train_time:29966ms step_avg:49.94ms
step:800/20000 train_loss:2.3239 train_time:39660ms step_avg:49.57ms
step:1000/20000 train_loss:2.3124 train_time:49382ms step_avg:49.38ms
step:1200/20000 train_loss:2.2668 train_time:59175ms step_avg:49.31ms
step:1400/20000 train_loss:2.2994 train_time:69399ms step_avg:49.57ms
step:1600/20000 train_loss:2.3346 train_time:79060ms step_avg:49.41ms
step:1800/20000 train_loss:2.2435 train_time:88714ms step_avg:49.29ms
step:2000/20000 train_loss:2.3460 train_time:98382ms step_avg:49.19ms
step:2200/20000 train_loss:2.2218 train_time:108440ms step_avg:49.29ms
step:2400/20000 train_loss:2.3230 train_time:118338ms step_avg:49.31ms
step:2600/20000 train_loss:2.3222 train_time:128027ms step_avg:49.24ms
step:2800/20000 train_loss:2.2912 train_time:137690ms step_avg:49.17ms
step:3000/20000 train_loss:2.2131 train_time:147356ms step_avg:49.12ms
step:3200/20000 train_loss:2.3297 train_time:157062ms step_avg:49.08ms
step:3400/20000 train_loss:2.3129 train_time:166767ms step_avg:49.05ms
step:3600/20000 train_loss:2.2672 train_time:176499ms step_avg:49.03ms
curriculum:switch step:3672 train_time:179981ms active_seq_len:1024
step:3800/20000 train_loss:2.2483 train_time:229099ms step_avg:60.29ms
step:4000/20000 train_loss:2.2618 train_time:238760ms step_avg:59.69ms
step:4200/20000 train_loss:2.2327 train_time:248427ms step_avg:59.15ms
step:4400/20000 train_loss:2.2923 train_time:258103ms step_avg:58.66ms
step:4600/20000 train_loss:2.0914 train_time:267773ms step_avg:58.21ms
step:4800/20000 train_loss:2.2391 train_time:277489ms step_avg:57.81ms
step:5000/20000 train_loss:2.0308 train_time:287192ms step_avg:57.44ms
step:5200/20000 train_loss:2.1176 train_time:296912ms step_avg:57.10ms
step:5400/20000 train_loss:2.2544 train_time:306633ms step_avg:56.78ms
step:5600/20000 train_loss:2.1318 train_time:316455ms step_avg:56.51ms
step:5800/20000 train_loss:2.1519 train_time:326192ms step_avg:56.24ms
step:6000/20000 train_loss:2.9064 train_time:335916ms step_avg:55.99ms
step:6200/20000 train_loss:2.2285 train_time:345659ms step_avg:55.75ms
step:6400/20000 train_loss:2.3945 train_time:355417ms step_avg:55.53ms
step:6600/20000 train_loss:2.1833 train_time:365192ms step_avg:55.33ms
step:6800/20000 train_loss:2.2642 train_time:374932ms step_avg:55.14ms
step:7000/20000 train_loss:2.1212 train_time:384717ms step_avg:54.96ms
step:7200/20000 train_loss:2.1836 train_time:394497ms step_avg:54.79ms
step:7400/20000 train_loss:2.1396 train_time:404230ms step_avg:54.63ms
step:7600/20000 train_loss:2.1537 train_time:413985ms step_avg:54.47ms
step:7800/20000 train_loss:2.0926 train_time:423775ms step_avg:54.33ms
step:8000/20000 train_loss:2.1397 train_time:433507ms step_avg:54.19ms
step:8200/20000 train_loss:2.2798 train_time:443245ms step_avg:54.05ms
step:8400/20000 train_loss:2.1442 train_time:453014ms step_avg:53.93ms
step:8600/20000 train_loss:2.1820 train_time:462807ms step_avg:53.81ms
step:8800/20000 train_loss:2.2165 train_time:472586ms step_avg:53.70ms
step:9000/20000 train_loss:2.1667 train_time:482334ms step_avg:53.59ms
step:9200/20000 train_loss:2.1861 train_time:492107ms step_avg:53.49ms
step:9400/20000 train_loss:2.1851 train_time:501879ms step_avg:53.39ms
step:9600/20000 train_loss:2.0857 train_time:511649ms step_avg:53.30ms
step:9800/20000 train_loss:2.1653 train_time:521411ms step_avg:53.21ms
step:10000/20000 train_loss:2.0434 train_time:531142ms step_avg:53.11ms
step:10200/20000 train_loss:2.0692 train_time:540884ms step_avg:53.03ms
step:10400/20000 train_loss:2.1463 train_time:550624ms step_avg:52.94ms
step:10600/20000 train_loss:2.0713 train_time:560371ms step_avg:52.87ms
step:10800/20000 train_loss:2.2582 train_time:570216ms step_avg:52.80ms
step:11000/20000 train_loss:2.1408 train_time:579940ms step_avg:52.72ms
step:11200/20000 train_loss:2.1046 train_time:589668ms step_avg:52.65ms
step:11400/20000 train_loss:2.0806 train_time:599402ms step_avg:52.58ms
step:11412/20000 val_loss:2.0581 val_bpb:1.2189 train_time:600005ms step_avg:52.58ms
stopping_early: wallclock_cap train_time:600005ms step:11412/20000
peak memory allocated: 11333 MiB reserved: 11836 MiB
Serialized model: 74573987 bytes
Code size: 59160 bytes
Total submission size: 74633147 bytes
Serialized model int8+zlib: 15187288 bytes (payload:19564864 raw_torch:19614779 payload_ratio:3.81x)
Total submission size int8+zlib: 15246448 bytes
final_eval_mode:non_overlapping_validity_safe
temp_search: temp=0.85 val_bpb=1.2196
temp_search: temp=0.90 val_bpb=1.2196
temp_search: temp=0.95 val_bpb=1.2196
temp_search: temp=1.00 val_bpb=1.2196
temp_search: temp=1.05 val_bpb=1.2196
temp_search: temp=1.10 val_bpb=1.2196
temp_search: temp=1.15 val_bpb=1.2196
temp_search_fine: temp=0.81 val_bpb=1.2196
temp_search_fine: temp=0.82 val_bpb=1.2196
temp_search_fine: temp=0.83 val_bpb=1.2196
temp_search_fine: temp=0.84 val_bpb=1.2196
temp_search_fine: temp=0.86 val_bpb=1.2196
temp_search_fine: temp=0.87 val_bpb=1.2196
temp_search_fine: temp=0.88 val_bpb=1.2196
temp_search_fine: temp=0.89 val_bpb=1.2196
temp_search: best_temp=0.85
temp_rerefine: temp=0.84 val_bpb=1.2196
temp_rerefine: temp=0.86 val_bpb=1.2196
temp_rerefine: best_temp=0.85
final_int8_zlib_roundtrip val_loss:2.0593 val_bpb:1.2196 eval_time:1541ms
final_int8_zlib_roundtrip_exact val_loss:2.05925323 val_bpb:1.21960576
