[12:20:06] ========================================================
[12:20:06] Cheap Multi-GPU Small SKC Orchestrator
[12:20:06] Artifacts: /Users/akhileshgogikar/parameter-golf/records/track_10min_16mb/2026-03-25_Ternary_Feedback_TTT/small_skc_multigpu_20260413_122006
[12:20:06] GPU count: 2
[12:20:06] Min mem  : 20GB
[12:20:06] Data     : 24 train shards
[12:20:06] ========================================================
[12:20:07] GC: terminating stale live pod paramgolf-small-20260413-121403 (fcm1nkmafo3l2p, uptime=328s)
[12:20:07] Terminating pod fcm1nkmafo3l2p...
{
  "podTerminate": null
}
0.38	NVIDIA RTX A4500	Low	20	RTX A4500
0.44	NVIDIA GeForce RTX 3090	High	24	RTX 3090
0.66	NVIDIA RTX A6000	Low	48	RTX A6000
0.68	NVIDIA GeForce RTX 4090	Medium	24	RTX 4090
0.5	NVIDIA RTX A4500	Low	20	RTX A4500
1.18	NVIDIA GeForce RTX 4090	Low	24	RTX 4090
[12:20:12] Candidate: RTX 3090 (NVIDIA GeForce RTX 3090)  2x  mem=24GB  stock=High  price=$0.44/hr
[12:20:12] Trying 2xNVIDIA GeForce RTX 3090 on COMMUNITY...
[12:20:13]   success: pod=m8t7bo7adf7ud9 cost=$0.44/hr
[12:20:13] Waiting for pod SSH readiness...
[12:20:49] Pod SSH preliminary success. Waiting 15s for stability...
[12:21:08] Pod ready and stable: root@107.150.186.62:10906
[12:21:08] Verifying GPU and runtime...
0, NVIDIA GeForce RTX 3090, 24576 MiB
1, NVIDIA GeForce RTX 3090, 24576 MiB
torch 2.4.1+cu124 cuda 12.4 gpus 2
[12:21:26] Installing tmux and preparing logs...
[12:21:37] Installing dependencies...
wrote:/workspace/install_setup.sh
[12:22:10] Preparing data (Fast Assets: Tokenizer + Val Shard)...
wrote:/workspace/data_setup_fast.sh
[12:22:28] Uploading code...
[12:22:38] Jump-starting Parallel Setup: Shard Download (Background) + Compilation (Foreground)...
wrote:/workspace/data_setup_full.sh
[12:22:50] Starting GPU watchdog...
[12:22:50] Starting Eager Smoke test (Fat-Script) in foreground...
[12:22:50] GPU watchdog: started (10m grace period for compilation)
wrote:/workspace/launch_eager.sh
==========================================================================
  SKC FINAL LOCKED — 2×GPU
  FLAGS: TIE_EMBEDDINGS=1 FP_STORAGE=fp4
  MODEL: L=12 D=600
  BUDGET: 16MB Compliance Verified
==========================================================================
logs/cuda/skc_final_locked_20260413_172303.txt
budget_lower_bound: total_lb=7156901 ternary_lb=1329667 fp16=5580518 code=246716 cap=16000000
params:8683574 L:12 d:600 h:8 kv:2 ws:2 ga:1 s:42
competition_config: SP8192 arch=skc_competition parallel_residual=False recurrence_depth=0 start_frac=0.65 layers=all export_mode=ternary_lzma ttt=off
=== SMOKE DONE ===
[12:24:03] Waiting for background shard downloads to complete...
[12:24:20] Launching 10-minute eager training run (Fat-Script)...
[12:33:54] GPU watchdog: 0% util detected after warmup (streak 1/3)
[12:34:57] GPU watchdog: 0% util detected after warmup (streak 2/3)
[12:36:01] GPU watchdog: 0% util detected after warmup (streak 3/3)
[12:36:01] FATAL: GPU usage stuck at 0% for too long. Terminating pod.
[12:36:01] Terminating pod m8t7bo7adf7ud9...
{
  "podTerminate": null
}
