logs/cuda/run_1775417044.txt
DDP enabled: 1 GPUs
Muon optimizer: matrix_lr=0.02 scalar_lr=0.015 embed_lr=0.025
params:32022220 L:8 d:512 h:8 kv:4 ws:1 ga:8 s:1337
warmup:1/5
warmup:2/5
warmup:3/5
warmup:4/5
warmup:5/5
step:0/10000 val_loss:6.9310 val_bpb:4.1724 train_time:0ms zero_frac:0.309
step:20/10000 loss:20.9562 t:20879ms avg:1044.0ms
step:40/10000 loss:28.1738 t:41765ms avg:1044.1ms
step:60/10000 loss:27.3540 t:64447ms avg:1074.1ms
step:80/10000 loss:23.5191 t:87341ms avg:1091.8ms
step:100/10000 loss:8.4828 t:114010ms avg:1140.1ms
step:120/10000 loss:6.2166 t:142227ms avg:1185.2ms
step:140/10000 loss:6.1048 t:169488ms avg:1210.6ms
step:160/10000 loss:5.3891 t:195997ms avg:1225.0ms
step:180/10000 loss:5.2243 t:230420ms avg:1280.1ms
step:200/10000 loss:4.7948 t:269557ms avg:1347.8ms
step:200/10000 val_loss:4.6114 val_bpb:2.7760 train_time:269567ms zero_frac:0.318
step:220/10000 loss:4.5027 t:311631ms avg:1416.5ms
step:240/10000 loss:4.4740 t:351703ms avg:1465.4ms
step:260/10000 loss:4.3414 t:388996ms avg:1496.1ms
step:280/10000 loss:4.3769 t:426419ms avg:1522.9ms
step:280/10000 val_loss:4.1506 val_bpb:2.4986 train_time:426426ms zero_frac:0.319
stopping_early: wallclock_cap train_time:426426ms step:280/10000
lawa:applied k=3 snapshots for serialization
artifact:10.07MB ternary:29360128(6330800B) fp:2141900(4283800B) code:176975
budget:10248687/16000000 (10.25/16.00MB) FITS
eval_feedback_passes:2
final_ternary_roundtrip val_loss:12.0422 val_bpb:7.2492
