Uploading train_gpt.py (50651 bytes)...
[modal] Launching torchrun on 8xH100...
[modal] Script size: 50651 bytes
logs/autoresearch_seed7.txt
val_bpb:enabled tokenizer_kind=sentencepiece tokenizer_path=/data/tokenizers/fineweb_1024_bpe.model
train_loader:dataset:fineweb10B_sp1024 train_shards:80
val_loader:shards pattern=/data/datasets/fineweb10B_sp1024/fineweb_val_*.bin tokens:62021632
model_params:18897488
world_size:8 grad_accum_steps:1
sdp_backends:cudnn=False flash=True mem_efficient=False math=False
attention_mode:gqa num_heads:8 num_kv_heads:4
tie_embeddings:True embed_lr:0.1 head_lr:0.0 matrix_lr:0.04 scalar_lr:0.04
train_batch_tokens:524288 train_seq_len:1024 iterations:20000 warmup_steps:20 max_wallclock_seconds:600.000
seed:7
warmup_step:1/20
warmup_step:2/20
warmup_step:3/20
warmup_step:4/20
warmup_step:5/20
warmup_step:6/20
warmup_step:7/20
warmup_step:8/20
warmup_step:9/20
warmup_step:10/20
warmup_step:11/20
warmup_step:12/20
warmup_step:13/20
warmup_step:14/20
warmup_step:15/20
warmup_step:16/20
warmup_step:17/20
warmup_step:18/20
warmup_step:19/20
warmup_step:20/20
step:1/20000 train_loss:6.9356 train_time:62ms step_avg:61.86ms
step:2/20000 train_loss:24.6999 train_time:95ms step_avg:47.50ms
step:3/20000 train_loss:10.1887 train_time:152ms step_avg:50.53ms
step:4/20000 train_loss:6.3509 train_time:209ms step_avg:52.36ms
step:5/20000 train_loss:6.1613 train_time:265ms step_avg:52.91ms
step:6/20000 train_loss:7.3943 train_time:322ms step_avg:53.71ms
step:7/20000 train_loss:6.4498 train_time:378ms step_avg:53.98ms
step:8/20000 train_loss:6.4479 train_time:433ms step_avg:54.18ms
step:9/20000 train_loss:6.4421 train_time:489ms step_avg:54.38ms
step:10/20000 train_loss:6.3911 train_time:546ms step_avg:54.58ms
step:200/20000 train_loss:2.9923 train_time:11187ms step_avg:55.94ms
step:400/20000 train_loss:2.3911 train_time:22383ms step_avg:55.96ms
step:600/20000 train_loss:2.5637 train_time:33561ms step_avg:55.94ms
step:800/20000 train_loss:2.3095 train_time:44726ms step_avg:55.91ms
step:1000/20000 train_loss:2.3803 train_time:55897ms step_avg:55.90ms
step:1200/20000 train_loss:2.3957 train_time:67089ms step_avg:55.91ms
step:1400/20000 train_loss:2.4471 train_time:78361ms step_avg:55.97ms
step:1600/20000 train_loss:2.1183 train_time:89534ms step_avg:55.96ms
step:1800/20000 train_loss:2.2184 train_time:100725ms step_avg:55.96ms
step:2000/20000 train_loss:2.2727 train_time:111901ms step_avg:55.95ms
step:2200/20000 train_loss:2.1041 train_time:123128ms step_avg:55.97ms
step:2400/20000 train_loss:2.2233 train_time:134305ms step_avg:55.96ms
step:2600/20000 train_loss:2.4433 train_time:145503ms step_avg:55.96ms
step:2800/20000 train_loss:2.2682 train_time:156722ms step_avg:55.97ms
step:3000/20000 train_loss:2.2586 train_time:167942ms step_avg:55.98ms
step:3200/20000 train_loss:2.2221 train_time:179127ms step_avg:55.98ms
step:3400/20000 train_loss:2.2022 train_time:190344ms step_avg:55.98ms
step:3600/20000 train_loss:2.1621 train_time:201561ms step_avg:55.99ms
step:3800/20000 train_loss:2.2567 train_time:212768ms step_avg:55.99ms
step:4000/20000 train_loss:2.2032 train_time:223986ms step_avg:56.00ms
step:4200/20000 train_loss:2.2174 train_time:235428ms step_avg:56.05ms
step:4400/20000 train_loss:2.1621 train_time:246608ms step_avg:56.05ms
step:4600/20000 train_loss:2.0172 train_time:257793ms step_avg:56.04ms
step:4800/20000 train_loss:2.3120 train_time:268979ms step_avg:56.04ms
step:5000/20000 train_loss:2.0823 train_time:280166ms step_avg:56.03ms
step:5200/20000 train_loss:2.2283 train_time:291375ms step_avg:56.03ms
step:5400/20000 train_loss:2.2431 train_time:302608ms step_avg:56.04ms
step:5600/20000 train_loss:2.2401 train_time:313810ms step_avg:56.04ms
step:5800/20000 train_loss:2.1984 train_time:324986ms step_avg:56.03ms
step:6000/20000 train_loss:2.2699 train_time:336173ms step_avg:56.03ms
step:6200/20000 train_loss:2.1450 train_time:347397ms step_avg:56.03ms
step:6400/20000 train_loss:2.2222 train_time:358568ms step_avg:56.03ms
step:6600/20000 train_loss:2.1837 train_time:369742ms step_avg:56.02ms
step:6800/20000 train_loss:2.2438 train_time:380990ms step_avg:56.03ms
step:7000/20000 train_loss:2.2822 train_time:392177ms step_avg:56.03ms
step:7200/20000 train_loss:2.2617 train_time:403379ms step_avg:56.02ms
step:7400/20000 train_loss:2.1783 train_time:414573ms step_avg:56.02ms
step:7600/20000 train_loss:2.0562 train_time:425773ms step_avg:56.02ms
step:7800/20000 train_loss:2.2005 train_time:436954ms step_avg:56.02ms
step:8000/20000 train_loss:2.1786 train_time:448119ms step_avg:56.01ms
step:8200/20000 train_loss:2.2389 train_time:459288ms step_avg:56.01ms
step:8400/20000 train_loss:2.1836 train_time:470549ms step_avg:56.02ms
step:8600/20000 train_loss:2.1790 train_time:481711ms step_avg:56.01ms
step:8800/20000 train_loss:2.1397 train_time:492853ms step_avg:56.01ms
step:9000/20000 train_loss:2.0548 train_time:504058ms step_avg:56.01ms
step:9200/20000 train_loss:2.1027 train_time:515217ms step_avg:56.00ms
step:9400/20000 train_loss:2.1405 train_time:526337ms step_avg:55.99ms
step:9600/20000 train_loss:2.1456 train_time:537498ms step_avg:55.99ms
step:9800/20000 train_loss:2.0591 train_time:548668ms step_avg:55.99ms
step:10000/20000 train_loss:2.0868 train_time:559877ms step_avg:55.99ms
step:10200/20000 train_loss:2.0281 train_time:571053ms step_avg:55.99ms
step:10400/20000 train_loss:2.0473 train_time:582216ms step_avg:55.98ms
step:10600/20000 train_loss:1.9154 train_time:593363ms step_avg:55.98ms
step:10719/20000 val_loss:2.0392 val_bpb:1.2077 train_time:600063ms step_avg:55.98ms
stopping_early: wallclock_cap train_time:600063ms step:10719/20000
peak memory allocated: 11329 MiB reserved: 11514 MiB
Serialized model: 74573987 bytes
Code size: 50651 bytes
Total submission size: 74624638 bytes
Serialized model int8+zlib: 15340664 bytes (payload:19552576 raw_torch:19602363 payload_ratio:3.81x)
Total submission size int8+zlib: 15391315 bytes
eval_seq_len:1408 (NTK-scaled RoPE, 62020993 tokens)
final_int8_zlib_roundtrip val_loss:2.0254 val_bpb:1.1996 eval_time:83823ms
final_int8_zlib_roundtrip_exact val_loss:2.02539598 val_bpb:1.19955427
[modal] Exit code: 0

[local] Done. Log saved to run_seed7.log
