[14:15:28] ========================================================
[14:15:28] Cheap Multi-GPU Small SKC Orchestrator
[14:15:28] Artifacts: /Users/akhileshgogikar/parameter-golf/records/track_10min_16mb/2026-03-25_Ternary_Feedback_TTT/small_skc_multigpu_20260410_141528
[14:15:28] GPU count: 2
[14:15:28] Min mem  : 24GB
[14:15:28] Data     : 12 train shards
[14:15:28] ========================================================
[14:15:29] GC: terminating stale live pod paramgolf-small-20260410-140617 (sl7tax2rlvgcdb, uptime=524s)
[14:15:29] Terminating pod sl7tax2rlvgcdb...
{
  "podTerminate": null
}
0.44	NVIDIA GeForce RTX 3090	High	24	RTX 3090
0.68	NVIDIA GeForce RTX 4090	Medium	24	RTX 4090
0.98	NVIDIA RTX 5000 Ada Generation	Low	32	RTX 5000 Ada
1.38	NVIDIA L40	Low	48	L40
1.48	NVIDIA RTX 6000 Ada Generation	Low	48	RTX 6000 Ada
1.58	NVIDIA L40S	Low	48	L40S
2	NVIDIA A100-SXM4-40GB	Low	40	A100 SXM 40GB
2.38	NVIDIA A100 80GB PCIe	Low	80	A100 PCIe
5.18	NVIDIA H100 NVL	Low	94	H100 NVL
0.88	NVIDIA A40	Low	48	A40
0.98	NVIDIA RTX A6000	Low	48	RTX A6000
1.18	NVIDIA GeForce RTX 4090	Medium	24	RTX 4090
1.72	NVIDIA L40S	Low	48	L40S
2.98	NVIDIA A100-SXM4-80GB	Medium	80	A100 SXM
5.98	NVIDIA H100 80GB HBM3	High	80	H100 SXM
[14:15:32] Secure candidate: RTX 4090 (NVIDIA GeForce RTX 4090)  2x  mem=24GB  stock=Medium  price=$1.18/hr
[14:15:32] Trying 2xNVIDIA GeForce RTX 4090 on SECURE...
[14:15:33]   success: pod=q3iwhgfvlllqfk cost=$1.18/hr
[14:15:33] Waiting for pod SSH readiness...
[14:15:58] Pod ready: root@149.36.0.77:21263
[14:15:58] Verifying GPU and runtime...
0, NVIDIA GeForce RTX 4090, 23028 MiB
1, NVIDIA GeForce RTX 4090, 23028 MiB
torch 2.4.1+cu124 cuda 12.4 gpus 2
[14:16:11] Installing tmux and preparing logs...
[14:16:20] Installing dependencies...
wrote:/workspace/install_setup.sh
[14:16:48] Preparing data...
wrote:/workspace/data_setup.sh
[14:17:31] Uploading code...
[14:17:43] Remote env overrides: TRAIN_BATCH_TOKENS=4096 MAX_WALLCLOCK_SECONDS=120 
[14:17:43] Smoke test...
==========================================================================
  Cheap Multi-GPU Small SKC Run
  RUN_ID : small_skc_2gpu_s42_20260410_191746
  MODEL  : SKC L=8 D=640 H=8/2
  SKC    : block=64 caps=24 cap_dim=96
  ENGRAM : buckets=16384 dim=112 orders=3
  TERNARY: train_align=0@0.0 thr_search=0 scale_search=0
  CURR   : 64 -> 128 -> 256 -> 512 -> 1024 @ 24% / 76%
  BATCH  : 4096 tok/step  seq=2048
  VRAM   : min_gpu_mem=23GB  val_batch=16384
  BUDGET : 10s
  SEED   : 42
  GPUS   : 2
  EXPORT : turbo=1 sliding=0 ngram=0
  SMOKE  : 1
==========================================================================
logs/cuda/small_skc_2gpu_s42_20260410_191746.txt
params:6185767 L:8 d:640 h:8 kv:2 ws:2 ga:1 s:42
probe:ema_init_start
ema:enabled decay=0.997 start_fraction=0.2
step:0 curr_seq_len_jump:64
[rank0]: Traceback (most recent call last):
[rank0]:   File "/workspace/train_gpt.py", line 4651, in <module>
[rank0]:     main()
[rank0]:   File "/workspace/train_gpt.py", line 4103, in main
[rank0]:     loss = model(x, y, elapsed_fraction=elapsed_frac, feedback_passes=feedback_passes)
[rank0]:            ^^^^^^^^^^^^^^^^^^^^^^^^^^^^^^^^^^^^^^^^^^^^^^^^^^^^^^^^^^^^^^^^^^^^^^^^^^^
[rank0]:   File "/usr/local/lib/python3.11/dist-packages/torch/nn/modules/module.py", line 1553, in _wrapped_call_impl
[rank0]:     return self._call_impl(*args, **kwargs)
[rank0]:            ^^^^^^^^^^^^^^^^^^^^^^^^^^^^^^^^
[rank0]:   File "/usr/local/lib/python3.11/dist-packages/torch/nn/modules/module.py", line 1562, in _call_impl
[rank0]:     return forward_call(*args, **kwargs)
[rank0]:            ^^^^^^^^^^^^^^^^^^^^^^^^^^^^^
[rank0]:   File "/usr/local/lib/python3.11/dist-packages/torch/nn/parallel/distributed.py", line 1636, in forward
[rank0]:     else self._run_ddp_forward(*inputs, **kwargs)
[rank0]:          ^^^^^^^^^^^^^^^^^^^^^^^^^^^^^^^^^^^^^^^^
[rank0]:   File "/usr/local/lib/python3.11/dist-packages/torch/nn/parallel/distributed.py", line 1454, in _run_ddp_forward
[rank0]:     return self.module(*inputs, **kwargs)  # type: ignore[index]
[rank0]:            ^^^^^^^^^^^^^^^^^^^^^^^^^^^^^^
[rank0]:   File "/usr/local/lib/python3.11/dist-packages/torch/nn/modules/module.py", line 1553, in _wrapped_call_impl
[rank0]:     return self._call_impl(*args, **kwargs)
[rank0]:            ^^^^^^^^^^^^^^^^^^^^^^^^^^^^^^^^
[rank0]:   File "/usr/local/lib/python3.11/dist-packages/torch/nn/modules/module.py", line 1562, in _call_impl
[rank0]:     return forward_call(*args, **kwargs)
[rank0]:            ^^^^^^^^^^^^^^^^^^^^^^^^^^^^^
[rank0]:   File "/usr/local/lib/python3.11/dist-packages/torch/_dynamo/eval_frame.py", line 433, in _fn
[rank0]:     return fn(*args, **kwargs)
[rank0]:            ^^^^^^^^^^^^^^^^^^^
[rank0]:   File "/usr/local/lib/python3.11/dist-packages/torch/nn/modules/module.py", line 1553, in _wrapped_call_impl
[rank0]:     return self._call_impl(*args, **kwargs)
[rank0]:            ^^^^^^^^^^^^^^^^^^^^^^^^^^^^^^^^
[rank0]:   File "/usr/local/lib/python3.11/dist-packages/torch/nn/modules/module.py", line 1562, in _call_impl
[rank0]:     return forward_call(*args, **kwargs)
[rank0]:            ^^^^^^^^^^^^^^^^^^^^^^^^^^^^^
[rank0]:   File "/usr/local/lib/python3.11/dist-packages/torch/_dynamo/convert_frame.py", line 1110, in __call__
[rank0]:     return hijacked_callback(
[rank0]:            ^^^^^^^^^^^^^^^^^^
[rank0]:   File "/usr/local/lib/python3.11/dist-packages/torch/_dynamo/convert_frame.py", line 948, in __call__
[rank0]:     result = self._inner_convert(
[rank0]:              ^^^^^^^^^^^^^^^^^^^^
[rank0]:   File "/usr/local/lib/python3.11/dist-packages/torch/_dynamo/convert_frame.py", line 472, in __call__
[rank0]:     return _compile(
[rank0]:            ^^^^^^^^^
[rank0]:   File "/usr/local/lib/python3.11/dist-packages/torch/_utils_internal.py", line 84, in wrapper_function
[rank0]:     return StrobelightCompileTimeProfiler.profile_compile_time(
[rank0]:            ^^^^^^^^^^^^^^^^^^^^^^^^^^^^^^^^^^^^^^^^^^^^^^^^^^^^
[rank0]:   File "/usr/local/lib/python3.11/dist-packages/torch/_strobelight/compile_time_profiler.py", line 129, in profile_compile_time
[rank0]:     return func(*args, **kwargs)
[rank0]:            ^^^^^^^^^^^^^^^^^^^^^
[rank0]:   File "/usr/lib/python3.11/contextlib.py", line 81, in inner
[rank0]:     return func(*args, **kwds)
[rank0]:            ^^^^^^^^^^^^^^^^^^^
[rank0]:   File "/usr/local/lib/python3.11/dist-packages/torch/_dynamo/convert_frame.py", line 817, in _compile
[rank0]:     guarded_code = compile_inner(code, one_graph, hooks, transform)
[rank0]:                    ^^^^^^^^^^^^^^^^^^^^^^^^^^^^^^^^^^^^^^^^^^^^^^^^
[rank0]:   File "/usr/local/lib/python3.11/dist-packages/torch/_dynamo/utils.py", line 231, in time_wrapper
[rank0]:     r = func(*args, **kwargs)
[rank0]:         ^^^^^^^^^^^^^^^^^^^^^
[rank0]:   File "/usr/local/lib/python3.11/dist-packages/torch/_dynamo/convert_frame.py", line 636, in compile_inner
[rank0]:     out_code = transform_code_object(code, transform)
[rank0]:                ^^^^^^^^^^^^^^^^^^^^^^^^^^^^^^^^^^^^^^
[rank0]:   File "/usr/local/lib/python3.11/dist-packages/torch/_dynamo/bytecode_transformation.py", line 1185, in transform_code_object
[rank0]:     transformations(instructions, code_options)
[rank0]:   File "/usr/local/lib/python3.11/dist-packages/torch/_dynamo/convert_frame.py", line 178, in _fn
[rank0]:     return fn(*args, **kwargs)
[rank0]:            ^^^^^^^^^^^^^^^^^^^
[rank0]:   File "/usr/local/lib/python3.11/dist-packages/torch/_dynamo/convert_frame.py", line 582, in transform
[rank0]:     tracer.run()
[rank0]:   File "/usr/local/lib/python3.11/dist-packages/torch/_dynamo/symbolic_convert.py", line 2451, in run
[rank0]:     super().run()
[rank0]:   File "/usr/local/lib/python3.11/dist-packages/torch/_dynamo/symbolic_convert.py", line 893, in run
[rank0]:     while self.step():
[rank0]:           ^^^^^^^^^^^
[rank0]:   File "/usr/local/lib/python3.11/dist-packages/torch/_dynamo/symbolic_convert.py", line 805, in step
[rank0]:     self.dispatch_table[inst.opcode](self, inst)
[rank0]:   File "/usr/local/lib/python3.11/dist-packages/torch/_dynamo/symbolic_convert.py", line 499, in wrapper
[rank0]:     return inner_fn(self, inst)
[rank0]:            ^^^^^^^^^^^^^^^^^^^^
[rank0]:   File "/usr/local/lib/python3.11/dist-packages/torch/_dynamo/symbolic_convert.py", line 2059, in CALL
[rank0]:     self.call_function(fn, args, kwargs)
[rank0]:   File "/usr/local/lib/python3.11/dist-packages/torch/_dynamo/symbolic_convert.py", line 743, in call_function
[rank0]:     self.push(fn.call_function(self, args, kwargs))
[rank0]:               ^^^^^^^^^^^^^^^^^^^^^^^^^^^^^^^^^^^^
[rank0]:   File "/usr/local/lib/python3.11/dist-packages/torch/_dynamo/variables/functions.py", line 344, in call_function
[rank0]:     return super().call_function(tx, args, kwargs)
[rank0]:            ^^^^^^^^^^^^^^^^^^^^^^^^^^^^^^^^^^^^^^^
[rank0]:   File "/usr/local/lib/python3.11/dist-packages/torch/_dynamo/variables/functions.py", line 293, in call_function
[rank0]:     return super().call_function(tx, args, kwargs)
[rank0]:            ^^^^^^^^^^^^^^^^^^^^^^^^^^^^^^^^^^^^^^^
[rank0]:   File "/usr/local/lib/python3.11/dist-packages/torch/_dynamo/variables/functions.py", line 90, in call_function
[rank0]:     return tx.inline_user_function_return(self, [*self.self_args(), *args], kwargs)
[rank0]:            ^^^^^^^^^^^^^^^^^^^^^^^^^^^^^^^^^^^^^^^^^^^^^^^^^^^^^^^^^^^^^^^^^^^^^^^^
[rank0]:   File "/usr/local/lib/python3.11/dist-packages/torch/_dynamo/symbolic_convert.py", line 749, in inline_user_function_return
[rank0]:     return InliningInstructionTranslator.inline_call(self, fn, args, kwargs)
[rank0]:            ^^^^^^^^^^^^^^^^^^^^^^^^^^^^^^^^^^^^^^^^^^^^^^^^^^^^^^^^^^^^^^^^^
[rank0]:   File "/usr/local/lib/python3.11/dist-packages/torch/_dynamo/symbolic_convert.py", line 2666, in inline_call
[rank0]:     return cls.inline_call_(parent, func, args, kwargs)
[rank0]:            ^^^^^^^^^^^^^^^^^^^^^^^^^^^^^^^^^^^^^^^^^^^^
[rank0]:   File "/usr/local/lib/python3.11/dist-packages/torch/_dynamo/symbolic_convert.py", line 2782, in inline_call_
[rank0]:     tracer.run()
[rank0]:   File "/usr/local/lib/python3.11/dist-packages/torch/_dynamo/symbolic_convert.py", line 893, in run
[rank0]:     while self.step():
[rank0]:           ^^^^^^^^^^^
[rank0]:   File "/usr/local/lib/python3.11/dist-packages/torch/_dynamo/symbolic_convert.py", line 805, in step
[rank0]:     self.dispatch_table[inst.opcode](self, inst)
[rank0]:   File "/usr/local/lib/python3.11/dist-packages/torch/_dynamo/symbolic_convert.py", line 499, in wrapper
[rank0]:     return inner_fn(self, inst)
[rank0]:            ^^^^^^^^^^^^^^^^^^^^
[rank0]:   File "/usr/local/lib/python3.11/dist-packages/torch/_dynamo/symbolic_convert.py", line 2059, in CALL
[rank0]:     self.call_function(fn, args, kwargs)
[rank0]:   File "/usr/local/lib/python3.11/dist-packages/torch/_dynamo/symbolic_convert.py", line 743, in call_function
[rank0]:     self.push(fn.call_function(self, args, kwargs))
[rank0]:               ^^^^^^^^^^^^^^^^^^^^^^^^^^^^^^^^^^^^
[rank0]:   File "/usr/local/lib/python3.11/dist-packages/torch/_dynamo/variables/nn_module.py", line 437, in call_function
[rank0]:     return tx.inline_user_function_return(
[rank0]:            ^^^^^^^^^^^^^^^^^^^^^^^^^^^^^^^
[rank0]:   File "/usr/local/lib/python3.11/dist-packages/torch/_dynamo/symbolic_convert.py", line 749, in inline_user_function_return
[rank0]:     return InliningInstructionTranslator.inline_call(self, fn, args, kwargs)
[rank0]:            ^^^^^^^^^^^^^^^^^^^^^^^^^^^^^^^^^^^^^^^^^^^^^^^^^^^^^^^^^^^^^^^^^
[rank0]:   File "/usr/local/lib/python3.11/dist-packages/torch/_dynamo/symbolic_convert.py", line 2666, in inline_call
[rank0]:     return cls.inline_call_(parent, func, args, kwargs)
[rank0]:            ^^^^^^^^^^^^^^^^^^^^^^^^^^^^^^^^^^^^^^^^^^^^
[rank0]:   File "/usr/local/lib/python3.11/dist-packages/torch/_dynamo/symbolic_convert.py", line 2782, in inline_call_
[rank0]:     tracer.run()
[rank0]:   File "/usr/local/lib/python3.11/dist-packages/torch/_dynamo/symbolic_convert.py", line 893, in run
[rank0]:     while self.step():
[rank0]:           ^^^^^^^^^^^
[rank0]:   File "/usr/local/lib/python3.11/dist-packages/torch/_dynamo/symbolic_convert.py", line 805, in step
[rank0]:     self.dispatch_table[inst.opcode](self, inst)
[rank0]:   File "/usr/local/lib/python3.11/dist-packages/torch/_dynamo/symbolic_convert.py", line 499, in wrapper
[rank0]:     return inner_fn(self, inst)
[rank0]:            ^^^^^^^^^^^^^^^^^^^^
[rank0]:   File "/usr/local/lib/python3.11/dist-packages/torch/_dynamo/symbolic_convert.py", line 1500, in CALL_FUNCTION_EX
[rank0]:     self.call_function(fn, argsvars.items, kwargsvars)
[rank0]:   File "/usr/local/lib/python3.11/dist-packages/torch/_dynamo/symbolic_convert.py", line 743, in call_function
[rank0]:     self.push(fn.call_function(self, args, kwargs))
[rank0]:               ^^^^^^^^^^^^^^^^^^^^^^^^^^^^^^^^^^^^
[rank0]:   File "/usr/local/lib/python3.11/dist-packages/torch/_dynamo/variables/functions.py", line 344, in call_function
[rank0]:     return super().call_function(tx, args, kwargs)
[rank0]:            ^^^^^^^^^^^^^^^^^^^^^^^^^^^^^^^^^^^^^^^
[rank0]:   File "/usr/local/lib/python3.11/dist-packages/torch/_dynamo/variables/functions.py", line 293, in call_function
[rank0]:     return super().call_function(tx, args, kwargs)
[rank0]:            ^^^^^^^^^^^^^^^^^^^^^^^^^^^^^^^^^^^^^^^
[rank0]:   File "/usr/local/lib/python3.11/dist-packages/torch/_dynamo/variables/functions.py", line 90, in call_function
[rank0]:     return tx.inline_user_function_return(self, [*self.self_args(), *args], kwargs)
[rank0]:            ^^^^^^^^^^^^^^^^^^^^^^^^^^^^^^^^^^^^^^^^^^^^^^^^^^^^^^^^^^^^^^^^^^^^^^^^
[rank0]:   File "/usr/local/lib/python3.11/dist-packages/torch/_dynamo/symbolic_convert.py", line 749, in inline_user_function_return
[rank0]:     return InliningInstructionTranslator.inline_call(self, fn, args, kwargs)
[rank0]:            ^^^^^^^^^^^^^^^^^^^^^^^^^^^^^^^^^^^^^^^^^^^^^^^^^^^^^^^^^^^^^^^^^
[rank0]:   File "/usr/local/lib/python3.11/dist-packages/torch/_dynamo/symbolic_convert.py", line 2666, in inline_call
[rank0]:     return cls.inline_call_(parent, func, args, kwargs)
[rank0]:            ^^^^^^^^^^^^^^^^^^^^^^^^^^^^^^^^^^^^^^^^^^^^
[rank0]:   File "/usr/local/lib/python3.11/dist-packages/torch/_dynamo/symbolic_convert.py", line 2782, in inline_call_
[rank0]:     tracer.run()
[rank0]:   File "/usr/local/lib/python3.11/dist-packages/torch/_dynamo/symbolic_convert.py", line 893, in run
[rank0]:     while self.step():
[rank0]:           ^^^^^^^^^^^
[rank0]:   File "/usr/local/lib/python3.11/dist-packages/torch/_dynamo/symbolic_convert.py", line 805, in step
[rank0]:     self.dispatch_table[inst.opcode](self, inst)
[rank0]:   File "/usr/local/lib/python3.11/dist-packages/torch/_dynamo/symbolic_convert.py", line 499, in wrapper
[rank0]:     return inner_fn(self, inst)
[rank0]:            ^^^^^^^^^^^^^^^^^^^^
[rank0]:   File "/usr/local/lib/python3.11/dist-packages/torch/_dynamo/symbolic_convert.py", line 2059, in CALL
[rank0]:     self.call_function(fn, args, kwargs)
[rank0]:   File "/usr/local/lib/python3.11/dist-packages/torch/_dynamo/symbolic_convert.py", line 743, in call_function
[rank0]:     self.push(fn.call_function(self, args, kwargs))
[rank0]:               ^^^^^^^^^^^^^^^^^^^^^^^^^^^^^^^^^^^^
[rank0]:   File "/usr/local/lib/python3.11/dist-packages/torch/_dynamo/variables/functions.py", line 344, in call_function
[rank0]:     return super().call_function(tx, args, kwargs)
[rank0]:            ^^^^^^^^^^^^^^^^^^^^^^^^^^^^^^^^^^^^^^^
[rank0]:   File "/usr/local/lib/python3.11/dist-packages/torch/_dynamo/variables/functions.py", line 293, in call_function
[rank0]:     return super().call_function(tx, args, kwargs)
[rank0]:            ^^^^^^^^^^^^^^^^^^^^^^^^^^^^^^^^^^^^^^^
[rank0]:   File "/usr/local/lib/python3.11/dist-packages/torch/_dynamo/variables/functions.py", line 90, in call_function
[rank0]:     return tx.inline_user_function_return(self, [*self.self_args(), *args], kwargs)
[rank0]:            ^^^^^^^^^^^^^^^^^^^^^^^^^^^^^^^^^^^^^^^^^^^^^^^^^^^^^^^^^^^^^^^^^^^^^^^^
[rank0]:   File "/usr/local/lib/python3.11/dist-packages/torch/_dynamo/symbolic_convert.py", line 749, in inline_user_function_return
[rank0]:     return InliningInstructionTranslator.inline_call(self, fn, args, kwargs)
[rank0]:            ^^^^^^^^^^^^^^^^^^^^^^^^^^^^^^^^^^^^^^^^^^^^^^^^^^^^^^^^^^^^^^^^^
[rank0]:   File "/usr/local/lib/python3.11/dist-packages/torch/_dynamo/symbolic_convert.py", line 2666, in inline_call
[rank0]:     return cls.inline_call_(parent, func, args, kwargs)
[rank0]:            ^^^^^^^^^^^^^^^^^^^^^^^^^^^^^^^^^^^^^^^^^^^^
[rank0]:   File "/usr/local/lib/python3.11/dist-packages/torch/_dynamo/symbolic_convert.py", line 2782, in inline_call_
[rank0]:     tracer.run()
[rank0]:   File "/usr/local/lib/python3.11/dist-packages/torch/_dynamo/symbolic_convert.py", line 893, in run
[rank0]:     while self.step():
[rank0]:           ^^^^^^^^^^^
[rank0]:   File "/usr/local/lib/python3.11/dist-packages/torch/_dynamo/symbolic_convert.py", line 805, in step
[rank0]:     self.dispatch_table[inst.opcode](self, inst)
[rank0]:   File "/usr/local/lib/python3.11/dist-packages/torch/_dynamo/symbolic_convert.py", line 499, in wrapper
[rank0]:     return inner_fn(self, inst)
[rank0]:            ^^^^^^^^^^^^^^^^^^^^
[rank0]:   File "/usr/local/lib/python3.11/dist-packages/torch/_dynamo/symbolic_convert.py", line 2059, in CALL
[rank0]:     self.call_function(fn, args, kwargs)
[rank0]:   File "/usr/local/lib/python3.11/dist-packages/torch/_dynamo/symbolic_convert.py", line 743, in call_function
[rank0]:     self.push(fn.call_function(self, args, kwargs))
[rank0]:               ^^^^^^^^^^^^^^^^^^^^^^^^^^^^^^^^^^^^
[rank0]:   File "/usr/local/lib/python3.11/dist-packages/torch/_dynamo/variables/nn_module.py", line 437, in call_function
[rank0]:     return tx.inline_user_function_return(
[rank0]:            ^^^^^^^^^^^^^^^^^^^^^^^^^^^^^^^
[rank0]:   File "/usr/local/lib/python3.11/dist-packages/torch/_dynamo/symbolic_convert.py", line 749, in inline_user_function_return
[rank0]:     return InliningInstructionTranslator.inline_call(self, fn, args, kwargs)
[rank0]:            ^^^^^^^^^^^^^^^^^^^^^^^^^^^^^^^^^^^^^^^^^^^^^^^^^^^^^^^^^^^^^^^^^
[rank0]:   File "/usr/local/lib/python3.11/dist-packages/torch/_dynamo/symbolic_convert.py", line 2666, in inline_call
[rank0]:     return cls.inline_call_(parent, func, args, kwargs)
[rank0]:            ^^^^^^^^^^^^^^^^^^^^^^^^^^^^^^^^^^^^^^^^^^^^
[rank0]:   File "/usr/local/lib/python3.11/dist-packages/torch/_dynamo/symbolic_convert.py", line 2782, in inline_call_
[rank0]:     tracer.run()
[rank0]:   File "/usr/local/lib/python3.11/dist-packages/torch/_dynamo/symbolic_convert.py", line 893, in run
[rank0]:     while self.step():
[rank0]:           ^^^^^^^^^^^
[rank0]:   File "/usr/local/lib/python3.11/dist-packages/torch/_dynamo/symbolic_convert.py", line 805, in step
[rank0]:     self.dispatch_table[inst.opcode](self, inst)
[rank0]:   File "/usr/local/lib/python3.11/dist-packages/torch/_dynamo/symbolic_convert.py", line 499, in wrapper
[rank0]:     return inner_fn(self, inst)
[rank0]:            ^^^^^^^^^^^^^^^^^^^^
[rank0]:   File "/usr/local/lib/python3.11/dist-packages/torch/_dynamo/symbolic_convert.py", line 1500, in CALL_FUNCTION_EX
[rank0]:     self.call_function(fn, argsvars.items, kwargsvars)
[rank0]:   File "/usr/local/lib/python3.11/dist-packages/torch/_dynamo/symbolic_convert.py", line 743, in call_function
[rank0]:     self.push(fn.call_function(self, args, kwargs))
[rank0]:               ^^^^^^^^^^^^^^^^^^^^^^^^^^^^^^^^^^^^
[rank0]:   File "/usr/local/lib/python3.11/dist-packages/torch/_dynamo/variables/functions.py", line 344, in call_function
[rank0]:     return super().call_function(tx, args, kwargs)
[rank0]:            ^^^^^^^^^^^^^^^^^^^^^^^^^^^^^^^^^^^^^^^
[rank0]:   File "/usr/local/lib/python3.11/dist-packages/torch/_dynamo/variables/functions.py", line 293, in call_function
[rank0]:     return super().call_function(tx, args, kwargs)
[rank0]:            ^^^^^^^^^^^^^^^^^^^^^^^^^^^^^^^^^^^^^^^
[rank0]:   File "/usr/local/lib/python3.11/dist-packages/torch/_dynamo/variables/functions.py", line 90, in call_function
[rank0]:     return tx.inline_user_function_return(self, [*self.self_args(), *args], kwargs)
[rank0]:            ^^^^^^^^^^^^^^^^^^^^^^^^^^^^^^^^^^^^^^^^^^^^^^^^^^^^^^^^^^^^^^^^^^^^^^^^
[rank0]:   File "/usr/local/lib/python3.11/dist-packages/torch/_dynamo/symbolic_convert.py", line 749, in inline_user_function_return
[rank0]:     return InliningInstructionTranslator.inline_call(self, fn, args, kwargs)
[rank0]:            ^^^^^^^^^^^^^^^^^^^^^^^^^^^^^^^^^^^^^^^^^^^^^^^^^^^^^^^^^^^^^^^^^
[rank0]:   File "/usr/local/lib/python3.11/dist-packages/torch/_dynamo/symbolic_convert.py", line 2666, in inline_call
[rank0]:     return cls.inline_call_(parent, func, args, kwargs)
[rank0]:            ^^^^^^^^^^^^^^^^^^^^^^^^^^^^^^^^^^^^^^^^^^^^
[rank0]:   File "/usr/local/lib/python3.11/dist-packages/torch/_dynamo/symbolic_convert.py", line 2782, in inline_call_
[rank0]:     tracer.run()
[rank0]:   File "/usr/local/lib/python3.11/dist-packages/torch/_dynamo/symbolic_convert.py", line 893, in run
[rank0]:     while self.step():
[rank0]:           ^^^^^^^^^^^
[rank0]:   File "/usr/local/lib/python3.11/dist-packages/torch/_dynamo/symbolic_convert.py", line 805, in step
[rank0]:     self.dispatch_table[inst.opcode](self, inst)
[rank0]:   File "/usr/local/lib/python3.11/dist-packages/torch/_dynamo/symbolic_convert.py", line 499, in wrapper
[rank0]:     return inner_fn(self, inst)
[rank0]:            ^^^^^^^^^^^^^^^^^^^^
[rank0]:   File "/usr/local/lib/python3.11/dist-packages/torch/_dynamo/symbolic_convert.py", line 2059, in CALL
[rank0]:     self.call_function(fn, args, kwargs)
[rank0]:   File "/usr/local/lib/python3.11/dist-packages/torch/_dynamo/symbolic_convert.py", line 743, in call_function
[rank0]:     self.push(fn.call_function(self, args, kwargs))
[rank0]:               ^^^^^^^^^^^^^^^^^^^^^^^^^^^^^^^^^^^^
[rank0]:   File "/usr/local/lib/python3.11/dist-packages/torch/_dynamo/variables/functions.py", line 293, in call_function
[rank0]:     return super().call_function(tx, args, kwargs)
[rank0]:            ^^^^^^^^^^^^^^^^^^^^^^^^^^^^^^^^^^^^^^^
[rank0]:   File "/usr/local/lib/python3.11/dist-packages/torch/_dynamo/variables/functions.py", line 90, in call_function
[rank0]:     return tx.inline_user_function_return(self, [*self.self_args(), *args], kwargs)
[rank0]:            ^^^^^^^^^^^^^^^^^^^^^^^^^^^^^^^^^^^^^^^^^^^^^^^^^^^^^^^^^^^^^^^^^^^^^^^^
[rank0]:   File "/usr/local/lib/python3.11/dist-packages/torch/_dynamo/symbolic_convert.py", line 749, in inline_user_function_return
[rank0]:     return InliningInstructionTranslator.inline_call(self, fn, args, kwargs)
[rank0]:            ^^^^^^^^^^^^^^^^^^^^^^^^^^^^^^^^^^^^^^^^^^^^^^^^^^^^^^^^^^^^^^^^^
[rank0]:   File "/usr/local/lib/python3.11/dist-packages/torch/_dynamo/symbolic_convert.py", line 2666, in inline_call
[rank0]:     return cls.inline_call_(parent, func, args, kwargs)
[rank0]:            ^^^^^^^^^^^^^^^^^^^^^^^^^^^^^^^^^^^^^^^^^^^^
[rank0]:   File "/usr/local/lib/python3.11/dist-packages/torch/_dynamo/symbolic_convert.py", line 2782, in inline_call_
[rank0]:     tracer.run()
[rank0]:   File "/usr/local/lib/python3.11/dist-packages/torch/_dynamo/symbolic_convert.py", line 893, in run
[rank0]:     while self.step():
[rank0]:           ^^^^^^^^^^^
[rank0]:   File "/usr/local/lib/python3.11/dist-packages/torch/_dynamo/symbolic_convert.py", line 805, in step
[rank0]:     self.dispatch_table[inst.opcode](self, inst)
[rank0]:   File "/usr/local/lib/python3.11/dist-packages/torch/_dynamo/symbolic_convert.py", line 499, in wrapper
[rank0]:     return inner_fn(self, inst)
[rank0]:            ^^^^^^^^^^^^^^^^^^^^
[rank0]:   File "/usr/local/lib/python3.11/dist-packages/torch/_dynamo/symbolic_convert.py", line 2059, in CALL
[rank0]:     self.call_function(fn, args, kwargs)
[rank0]:   File "/usr/local/lib/python3.11/dist-packages/torch/_dynamo/symbolic_convert.py", line 743, in call_function
[rank0]:     self.push(fn.call_function(self, args, kwargs))
[rank0]:               ^^^^^^^^^^^^^^^^^^^^^^^^^^^^^^^^^^^^
[rank0]:   File "/usr/local/lib/python3.11/dist-packages/torch/_dynamo/variables/misc.py", line 680, in call_function
[rank0]:     return self.obj.call_method(tx, self.name, args, kwargs)
[rank0]:            ^^^^^^^^^^^^^^^^^^^^^^^^^^^^^^^^^^^^^^^^^^^^^^^^^
[rank0]:   File "/usr/local/lib/python3.11/dist-packages/torch/_dynamo/variables/tensor.py", line 1058, in call_method
[rank0]:     return wrap_fx_proxy(
[rank0]:            ^^^^^^^^^^^^^^
[rank0]:   File "/usr/local/lib/python3.11/dist-packages/torch/_dynamo/variables/builder.py", line 1713, in wrap_fx_proxy
[rank0]:     return wrap_fx_proxy_cls(target_cls=TensorVariable, **kwargs)
[rank0]:            ^^^^^^^^^^^^^^^^^^^^^^^^^^^^^^^^^^^^^^^^^^^^^^^^^^^^^^
[rank0]:   File "/usr/local/lib/python3.11/dist-packages/torch/_dynamo/variables/builder.py", line 1798, in wrap_fx_proxy_cls
[rank0]:     example_value = get_fake_value(proxy.node, tx, allow_non_graph_fake=True)
[rank0]:                     ^^^^^^^^^^^^^^^^^^^^^^^^^^^^^^^^^^^^^^^^^^^^^^^^^^^^^^^^^
[rank0]:   File "/usr/local/lib/python3.11/dist-packages/torch/_dynamo/utils.py", line 1853, in get_fake_value
[rank0]:     raise TorchRuntimeError(str(e)).with_traceback(e.__traceback__) from None
[rank0]:   File "/usr/local/lib/python3.11/dist-packages/torch/_dynamo/utils.py", line 1785, in get_fake_value
[rank0]:     ret_val = wrap_fake_exception(
[rank0]:               ^^^^^^^^^^^^^^^^^^^^
[rank0]:   File "/usr/local/lib/python3.11/dist-packages/torch/_dynamo/utils.py", line 1300, in wrap_fake_exception
[rank0]:     return fn()
[rank0]:            ^^^^
[rank0]:   File "/usr/local/lib/python3.11/dist-packages/torch/_dynamo/utils.py", line 1786, in <lambda>
[rank0]:     lambda: run_node(tx.output, node, args, kwargs, nnmodule)
[rank0]:             ^^^^^^^^^^^^^^^^^^^^^^^^^^^^^^^^^^^^^^^^^^^^^^^^^
[rank0]:   File "/usr/local/lib/python3.11/dist-packages/torch/_dynamo/utils.py", line 1921, in run_node
[rank0]:     raise RuntimeError(make_error_message(e)).with_traceback(
[rank0]:   File "/usr/local/lib/python3.11/dist-packages/torch/_dynamo/utils.py", line 1905, in run_node
[rank0]:     return getattr(args[0], node.target)(*args[1:], **kwargs)
[rank0]:            ^^^^^^^^^^^^^^^^^^^^^^^^^^^^^
[rank0]: torch._dynamo.exc.TorchRuntimeError: Failed running call_method bit_length(*(s6,), **{}):
[rank0]: 'SymInt' object has no attribute 'bit_length'

[rank0]: from user code:
[rank0]:    File "/workspace/train_gpt.py", line 2821, in forward
[rank0]:     hidden, consistency_losses, _, jepa_loss, block_aux = self._compute_hidden(
[rank0]:   File "/workspace/train_gpt.py", line 2728, in _compute_hidden
[rank0]:     return self.latent_corrector(
[rank0]:   File "/usr/local/lib/python3.11/dist-packages/torch/nn/modules/module.py", line 1562, in _call_impl
[rank0]:     return forward_call(*args, **kwargs)
[rank0]:   File "/workspace/train_gpt.py", line 2262, in forward
[rank0]:     x, v_out, blk_aux = backbone.run_block(
[rank0]:   File "/workspace/train_gpt.py", line 2205, in run_block
[rank0]:     x, v_out, aux_loss = block(x, x0, v0=v0, prev_capsules=prev_capsules, elapsed_fraction=elapsed_fraction,
[rank0]:   File "/usr/local/lib/python3.11/dist-packages/torch/nn/modules/module.py", line 1562, in _call_impl
[rank0]:     return forward_call(*args, **kwargs)
[rank0]:   File "/workspace/train_gpt.py", line 2074, in forward
[rank0]:     s_wht = causal_wht_blockwise(s_blocks.view(B, T_pad, self.capsule_dim), self.block_size)
[rank0]:   File "/workspace/train_gpt.py", line 1896, in causal_wht_blockwise
[rank0]:     h = block_size.bit_length() - 1

[rank0]: Set TORCH_LOGS="+dynamo" and TORCHDYNAMO_VERBOSE=1 for more information


[rank0]: You can suppress this exception and fall back to eager by setting:
[rank0]:     import torch._dynamo
[rank0]:     torch._dynamo.config.suppress_errors = True

W0410 19:18:04.906000 140140476137472 torch/distributed/elastic/multiprocessing/api.py:858] Sending process 828 closing signal SIGTERM
E0410 19:18:05.225000 140140476137472 torch/distributed/elastic/multiprocessing/api.py:833] failed (exitcode: 1) local_rank: 0 (pid: 827) of binary: /usr/bin/python3
Traceback (most recent call last):
  File "<frozen runpy>", line 198, in _run_module_as_main
  File "<frozen runpy>", line 88, in _run_code
  File "/usr/local/lib/python3.11/dist-packages/torch/distributed/run.py", line 905, in <module>
    main()
  File "/usr/local/lib/python3.11/dist-packages/torch/distributed/elastic/multiprocessing/errors/__init__.py", line 348, in wrapper
    return f(*args, **kwargs)
           ^^^^^^^^^^^^^^^^^^
  File "/usr/local/lib/python3.11/dist-packages/torch/distributed/run.py", line 901, in main
    run(args)
  File "/usr/local/lib/python3.11/dist-packages/torch/distributed/run.py", line 892, in run
    elastic_launch(
  File "/usr/local/lib/python3.11/dist-packages/torch/distributed/launcher/api.py", line 133, in __call__
    return launch_agent(self._config, self._entrypoint, list(args))
           ^^^^^^^^^^^^^^^^^^^^^^^^^^^^^^^^^^^^^^^^^^^^^^^^^^^^^^^^
  File "/usr/local/lib/python3.11/dist-packages/torch/distributed/launcher/api.py", line 264, in launch_agent
    raise ChildFailedError(
torch.distributed.elastic.multiprocessing.errors.ChildFailedError: 
============================================================
train_gpt.py FAILED
------------------------------------------------------------
Failures:
  <NO_OTHER_FAILURES>
------------------------------------------------------------
Root Cause (first observed failure):
[0]:
  time      : 2026-04-10_19:18:04
  host      : 46f38f37078d
  rank      : 0 (local_rank: 0)
  exitcode  : 1 (pid: 827)
  error_file: <N/A>
  traceback : To enable traceback see: https://pytorch.org/docs/stable/elastic/errors.html
============================================================
[14:18:10] Launching 10-minute run...
[14:18:29] progress » step:0 curr_seq_len_jump:64
[14:18:44] progress » step:0 curr_seq_len_jump:64
[14:18:59] progress » step:0 curr_seq_len_jump:64
[14:19:14] progress » step:0 curr_seq_len_jump:64
[14:19:29] progress » step:0 curr_seq_len_jump:64
[14:19:45] progress » step:0 curr_seq_len_jump:64
[14:20:03] progress » step:0 curr_seq_len_jump:64
[14:20:19] progress » step:0 curr_seq_len_jump:64
[14:20:36] progress » step:0 curr_seq_len_jump:64
[14:20:52] progress » step:0 curr_seq_len_jump:64
[14:21:09] progress » step:0 curr_seq_len_jump:64
[14:21:25] progress » step:0 curr_seq_len_jump:64
[14:21:40] progress » step:0 curr_seq_len_jump:64
[14:21:56] progress » step:0 curr_seq_len_jump:64
[14:22:11] progress » step:0 curr_seq_len_jump:64
[14:22:26] progress » step:0 curr_seq_len_jump:64
[14:22:41] progress » step:0 curr_seq_len_jump:64
[14:23:02] progress » step:0 curr_seq_len_jump:64
[14:23:23] progress » step:0 curr_seq_len_jump:64
[14:23:44] progress » step:0 curr_seq_len_jump:64
[14:24:06] progress » step:0 curr_seq_len_jump:64
[14:24:27] progress » step:0 curr_seq_len_jump:64
[14:24:48] progress » step:0 curr_seq_len_jump:64
[14:25:09] progress » step:0 curr_seq_len_jump:64
[14:25:30] progress » step:0 curr_seq_len_jump:64
[14:25:53] progress » step:0 curr_seq_len_jump:64
[14:26:14] progress » step:0 curr_seq_len_jump:64
[14:26:37] progress » step:0 curr_seq_len_jump:64
[14:26:58] progress » step:0 curr_seq_len_jump:64
[14:27:19] progress » step:0 curr_seq_len_jump:64
[14:27:39] progress » step:0 curr_seq_len_jump:64
[14:28:03] progress » step:0 curr_seq_len_jump:64
[14:28:24] progress » step:0 curr_seq_len_jump:64
[14:28:46] progress » step:0 curr_seq_len_jump:64
[14:29:08] progress » step:0 curr_seq_len_jump:64
[14:29:29] progress » step:0 curr_seq_len_jump:64
[14:29:51] progress » step:0 curr_seq_len_jump:64
[14:30:12] progress » step:0 curr_seq_len_jump:64
[14:30:33] progress » step:0 curr_seq_len_jump:64
[14:30:55] progress » step:0 curr_seq_len_jump:64
[14:31:16] progress » step:0 curr_seq_len_jump:64
[14:31:37] progress » step:0 curr_seq_len_jump:64
[14:31:58] progress » step:0 curr_seq_len_jump:64
[14:32:20] progress » step:0 curr_seq_len_jump:64
[14:32:41] progress » step:0 curr_seq_len_jump:64
[14:33:02] progress » step:0 curr_seq_len_jump:64
[14:33:23] progress » step:0 curr_seq_len_jump:64
[14:33:44] progress » step:0 curr_seq_len_jump:64
[14:34:07] progress » step:0 curr_seq_len_jump:64
[14:34:28] progress » step:0 curr_seq_len_jump:64
[14:34:49] progress » step:0 curr_seq_len_jump:64
[14:35:11] progress » step:0 curr_seq_len_jump:64
[14:35:33] progress » step:0 curr_seq_len_jump:64
[14:35:54] progress » step:0 curr_seq_len_jump:64
[14:36:15] progress » step:0 curr_seq_len_jump:64
[14:36:36] progress » step:0 curr_seq_len_jump:64
[14:36:58] progress » step:0 curr_seq_len_jump:64
[14:37:20] progress » step:0 curr_seq_len_jump:64
[14:37:41] progress » step:0 curr_seq_len_jump:64
[14:38:03] progress » step:0 curr_seq_len_jump:64
[14:38:24] progress » step:0 curr_seq_len_jump:64
[14:38:45] progress » step:0 curr_seq_len_jump:64
[14:39:07] progress » step:0 curr_seq_len_jump:64
[14:39:28] progress » step:0 curr_seq_len_jump:64
[14:39:50] progress » step:0 curr_seq_len_jump:64
[14:40:11] progress » step:0 curr_seq_len_jump:64
[14:40:32] progress » step:0 curr_seq_len_jump:64
[14:40:56] progress » step:0 curr_seq_len_jump:64
[14:41:17] progress » step:0 curr_seq_len_jump:64
[14:41:39] progress » step:0 curr_seq_len_jump:64
[14:42:00] progress » step:0 curr_seq_len_jump:64
[14:42:22] progress » step:0 curr_seq_len_jump:64
[14:42:44] progress » step:0 curr_seq_len_jump:64
[14:43:05] progress » step:0 curr_seq_len_jump:64
[14:43:26] progress » step:0 curr_seq_len_jump:64
[14:43:48] progress » step:0 curr_seq_len_jump:64
[14:44:09] progress » step:0 curr_seq_len_jump:64
[14:44:30] progress » step:0 curr_seq_len_jump:64
[14:44:51] progress » step:0 curr_seq_len_jump:64
[14:45:12] progress » step:0 curr_seq_len_jump:64
[14:45:35] progress » step:0 curr_seq_len_jump:64
[14:45:57] progress » step:0 curr_seq_len_jump:64
[14:46:18] progress » step:0 curr_seq_len_jump:64
[14:46:40] progress » step:0 curr_seq_len_jump:64
[14:47:01] progress » step:0 curr_seq_len_jump:64
[14:47:22] progress » step:0 curr_seq_len_jump:64
[14:47:43] progress » step:0 curr_seq_len_jump:64
[14:48:04] progress » step:0 curr_seq_len_jump:64
[14:48:25] progress » step:0 curr_seq_len_jump:64
[14:48:47] progress » step:0 curr_seq_len_jump:64
[14:49:10] progress » step:0 curr_seq_len_jump:64
[14:49:31] progress » step:0 curr_seq_len_jump:64
[14:49:52] progress » step:0 curr_seq_len_jump:64
[14:50:14] progress » step:0 curr_seq_len_jump:64
[14:50:35] progress » step:0 curr_seq_len_jump:64
[14:50:57] progress » step:0 curr_seq_len_jump:64
[14:51:19] progress » step:0 curr_seq_len_jump:64
[14:52:06] progress » step:0 curr_seq_len_jump:64
[14:52:28] progress » step:0 curr_seq_len_jump:64
[14:52:49] progress » step:0 curr_seq_len_jump:64
[14:53:10] progress » step:0 curr_seq_len_jump:64
[14:53:31] progress » step:0 curr_seq_len_jump:64
[14:53:51] progress » step:0 curr_seq_len_jump:64
[14:54:12] progress » step:0 curr_seq_len_jump:64
[14:54:33] progress » step:0 curr_seq_len_jump:64
[14:54:54] progress » step:0 curr_seq_len_jump:64
[14:55:15] progress » step:0 curr_seq_len_jump:64
[14:55:36] progress » step:0 curr_seq_len_jump:64
[14:55:57] progress » step:0 curr_seq_len_jump:64
[14:56:20] progress » step:0 curr_seq_len_jump:64
[14:56:41] progress » step:0 curr_seq_len_jump:64
[14:57:02] progress » step:0 curr_seq_len_jump:64
[14:57:23] progress » step:0 curr_seq_len_jump:64
[14:57:44] progress » step:0 curr_seq_len_jump:64
[14:58:05] progress » step:0 curr_seq_len_jump:64
[14:58:27] progress » step:0 curr_seq_len_jump:64
[14:58:48] progress » step:0 curr_seq_len_jump:64
[14:59:09] progress » step:0 curr_seq_len_jump:64
[14:59:30] progress » step:0 curr_seq_len_jump:64
[14:59:51] progress » step:0 curr_seq_len_jump:64
[15:00:12] progress » step:0 curr_seq_len_jump:64
[15:00:33] progress » step:0 curr_seq_len_jump:64
[15:00:54] progress » step:0 curr_seq_len_jump:64
[15:01:14] progress » step:0 curr_seq_len_jump:64
[15:01:35] progress » step:0 curr_seq_len_jump:64
[15:01:56] progress » step:0 curr_seq_len_jump:64
[15:02:18] progress » step:0 curr_seq_len_jump:64
[15:02:39] progress » step:0 curr_seq_len_jump:64
[15:03:00] progress » step:0 curr_seq_len_jump:64
[15:03:20] progress » step:0 curr_seq_len_jump:64
[15:03:42] progress » step:0 curr_seq_len_jump:64
[15:04:03] progress » step:0 curr_seq_len_jump:64
[15:04:24] progress » step:0 curr_seq_len_jump:64
[15:04:45] progress » step:0 curr_seq_len_jump:64
[15:05:06] progress » step:0 curr_seq_len_jump:64
[15:05:28] progress » step:0 curr_seq_len_jump:64
[15:05:49] progress » step:0 curr_seq_len_jump:64
[15:06:10] progress » step:0 curr_seq_len_jump:64
[15:06:31] progress » step:0 curr_seq_len_jump:64
[15:06:52] progress » step:0 curr_seq_len_jump:64
[15:07:13] progress » step:0 curr_seq_len_jump:64
[15:07:34] progress » step:0 curr_seq_len_jump:64
[15:07:55] progress » step:0 curr_seq_len_jump:64
[15:08:16] progress » step:0 curr_seq_len_jump:64
[15:08:38] progress » step:0 curr_seq_len_jump:64
[15:08:59] progress » step:0 curr_seq_len_jump:64
[15:09:20] progress » step:0 curr_seq_len_jump:64
[15:09:41] progress » step:0 curr_seq_len_jump:64
[15:10:02] progress » step:0 curr_seq_len_jump:64
[15:10:25] progress » step:0 curr_seq_len_jump:64
[15:10:45] progress » step:0 curr_seq_len_jump:64
[15:11:06] progress » step:0 curr_seq_len_jump:64
[15:11:27] progress » step:0 curr_seq_len_jump:64
[15:11:48] progress » step:0 curr_seq_len_jump:64
[15:12:09] progress » step:0 curr_seq_len_jump:64
[15:12:30] progress » step:0 curr_seq_len_jump:64
[15:12:51] progress » step:0 curr_seq_len_jump:64
[15:13:13] progress » step:0 curr_seq_len_jump:64
[15:13:33] progress » step:0 curr_seq_len_jump:64
[15:13:54] progress » step:0 curr_seq_len_jump:64
[15:14:15] progress » step:0 curr_seq_len_jump:64
[15:14:36] progress » step:0 curr_seq_len_jump:64
[15:14:57] progress » step:0 curr_seq_len_jump:64
[15:15:19] progress » step:0 curr_seq_len_jump:64
[15:15:40] progress » step:0 curr_seq_len_jump:64
[15:16:01] progress » step:0 curr_seq_len_jump:64
[15:16:22] progress » step:0 curr_seq_len_jump:64
[15:16:43] progress » step:0 curr_seq_len_jump:64
[15:17:04] progress » step:0 curr_seq_len_jump:64
[15:17:25] progress » step:0 curr_seq_len_jump:64
[15:17:46] progress » step:0 curr_seq_len_jump:64
[15:18:07] progress » step:0 curr_seq_len_jump:64
[15:18:28] progress » step:0 curr_seq_len_jump:64
[15:18:49] progress » step:0 curr_seq_len_jump:64
[15:19:10] progress » step:0 curr_seq_len_jump:64
[15:19:31] progress » step:0 curr_seq_len_jump:64
[15:19:53] progress » step:0 curr_seq_len_jump:64
[15:20:14] progress » step:0 curr_seq_len_jump:64
[15:20:35] progress » step:0 curr_seq_len_jump:64
[15:20:56] progress » step:0 curr_seq_len_jump:64
[15:20:56] FATAL: Full run did not complete in time
[15:20:56] Terminating pod q3iwhgfvlllqfk...
{
  "podTerminate": null
}
