Wrote /kaggle/working/hash1024_clean_probe_ddp.py
W0324 20:45:56.340000 389 torch/distributed/run.py:803] 
W0324 20:45:56.340000 389 torch/distributed/run.py:803] *****************************************
W0324 20:45:56.340000 389 torch/distributed/run.py:803] Setting OMP_NUM_THREADS environment variable for each process to be 1 in default, to avoid your system being overloaded, please further tune the variable for optimal performance in your application as needed. 
W0324 20:45:56.340000 389 torch/distributed/run.py:803] *****************************************
[W324 20:45:56.497042976 socket.cpp:209] [c10d] The hostname of the client socket cannot be retrieved. err=-3
[W324 20:45:58.291558016 socket.cpp:209] [c10d] The hostname of the client socket cannot be retrieved. err=-3
[W324 20:45:58.297397977 socket.cpp:209] [c10d] The hostname of the client socket cannot be retrieved. err=-3
Loading train shard: /kaggle/working/parameter-golf/data/datasets/fineweb10B_sp1024/fineweb_train_000000.bin
Loading train shard: /kaggle/working/parameter-golf/data/datasets/fineweb10B_sp1024/fineweb_train_000000.bin
Loading 1 val shards...
Loading 1 val shards...
Loaded train tokens: 99,999,745
Loaded val tokens:   62,021,633
FRO params:  16,925,824
Adam params: 1,550,530
step 0000 | time 0.9s | train_loss 69.5081 | tok/s 8854 | mean_Rt 0.0630 | lr_mult 0.100 | radial_gain 0.00985 | hash_gain 0.01985 | max_mem 1.25 GB
step 0100 | time 22.3s | train_loss 6.0440 | tok/s 37176 | mean_Rt 0.2879 | lr_mult 1.000 | radial_gain -0.00228 | hash_gain 0.00634 | max_mem 1.35 GB
step 0200 | time 43.8s | train_loss 4.9943 | tok/s 37635 | mean_Rt 0.4165 | lr_mult 1.000 | radial_gain -0.00113 | hash_gain 0.07384 | max_mem 1.35 GB
VALIDATION-EMA | step 0200 | val_loss 13.0583 | val_bpb 5.8889 | best 5.8889
step 0300 | time 66.9s | train_loss 4.6834 | tok/s 36866 | mean_Rt 0.4859 | lr_mult 0.999 | radial_gain -0.00134 | hash_gain 0.21500 | max_mem 1.35 GB
step 0400 | time 88.6s | train_loss 4.6895 | tok/s 37091 | mean_Rt 0.5506 | lr_mult 0.993 | radial_gain -0.00210 | hash_gain 0.35982 | max_mem 1.35 GB
VALIDATION-EMA | step 0400 | val_loss 7.1456 | val_bpb 3.2224 | best 3.2224
step 0500 | time 112.0s | train_loss 4.3740 | tok/s 36657 | mean_Rt 0.6034 | lr_mult 0.980 | radial_gain -0.00078 | hash_gain 0.49302 | max_mem 1.35 GB
step 0600 | time 134.1s | train_loss 4.0461 | tok/s 36726 | mean_Rt 0.6393 | lr_mult 0.961 | radial_gain 0.00029 | hash_gain 0.57932 | max_mem 1.35 GB
VALIDATION-EMA | step 0600 | val_loss 5.3327 | val_bpb 2.4049 | best 2.4049
step 0700 | time 157.8s | train_loss 4.1071 | tok/s 36393 | mean_Rt 0.6759 | lr_mult 0.935 | radial_gain 0.00053 | hash_gain 0.62181 | max_mem 1.35 GB
step 0800 | time 179.5s | train_loss 3.9754 | tok/s 36562 | mean_Rt 0.6808 | lr_mult 0.905 | radial_gain 0.00080 | hash_gain 0.66287 | max_mem 1.35 GB
VALIDATION-EMA | step 0800 | val_loss 4.5027 | val_bpb 2.0306 | best 2.0306
step 0900 | time 202.6s | train_loss 3.9982 | tok/s 36440 | mean_Rt 0.7108 | lr_mult 0.868 | radial_gain 0.00306 | hash_gain 0.67222 | max_mem 1.35 GB
step 1000 | time 224.4s | train_loss 4.0481 | tok/s 36549 | mean_Rt 0.7355 | lr_mult 0.827 | radial_gain 0.00170 | hash_gain 0.69332 | max_mem 1.35 GB
VALIDATION-EMA | step 1000 | val_loss 4.0887 | val_bpb 1.8439 | best 1.8439
step 1100 | time 247.6s | train_loss 4.0020 | tok/s 36427 | mean_Rt 0.7566 | lr_mult 0.782 | radial_gain 0.00004 | hash_gain 0.70885 | max_mem 1.35 GB
step 1200 | time 269.5s | train_loss 3.9542 | tok/s 36508 | mean_Rt 0.7816 | lr_mult 0.733 | radial_gain 0.00052 | hash_gain 0.71839 | max_mem 1.35 GB
VALIDATION-EMA | step 1200 | val_loss 3.8910 | val_bpb 1.7547 | best 1.7547
step 1300 | time 292.9s | train_loss 3.8924 | tok/s 36392 | mean_Rt 0.7902 | lr_mult 0.681 | radial_gain -0.00141 | hash_gain 0.72550 | max_mem 1.35 GB
step 1400 | time 314.7s | train_loss 3.7084 | tok/s 36475 | mean_Rt 0.8126 | lr_mult 0.627 | radial_gain -0.00042 | hash_gain 0.73255 | max_mem 1.35 GB
VALIDATION-EMA | step 1400 | val_loss 3.7822 | val_bpb 1.7057 | best 1.7057
step 1500 | time 338.0s | train_loss 3.7467 | tok/s 36383 | mean_Rt 0.7904 | lr_mult 0.571 | radial_gain 0.00083 | hash_gain 0.73790 | max_mem 1.35 GB
step 1600 | time 359.6s | train_loss 3.8960 | tok/s 36469 | mean_Rt 0.8365 | lr_mult 0.514 | radial_gain 0.00009 | hash_gain 0.73575 | max_mem 1.35 GB
VALIDATION-EMA | step 1600 | val_loss 3.7176 | val_bpb 1.6765 | best 1.6765
step 1700 | time 382.7s | train_loss 3.6320 | tok/s 36409 | mean_Rt 0.8488 | lr_mult 0.457 | radial_gain -0.00124 | hash_gain 0.73751 | max_mem 1.35 GB
step 1800 | time 404.4s | train_loss 3.5519 | tok/s 36486 | mean_Rt 0.8536 | lr_mult 0.401 | radial_gain -0.00068 | hash_gain 0.73941 | max_mem 1.35 GB
VALIDATION-EMA | step 1800 | val_loss 3.6715 | val_bpb 1.6557 | best 1.6557
step 1900 | time 427.6s | train_loss 3.5764 | tok/s 36420 | mean_Rt 0.8472 | lr_mult 0.345 | radial_gain 0.00319 | hash_gain 0.73489 | max_mem 1.35 GB
step 2000 | time 449.5s | train_loss 3.5120 | tok/s 36469 | mean_Rt 0.8468 | lr_mult 0.292 | radial_gain 0.00160 | hash_gain 0.73037 | max_mem 1.35 GB
VALIDATION-EMA | step 2000 | val_loss 3.6411 | val_bpb 1.6420 | best 1.6420
step 2100 | time 472.7s | train_loss 3.6984 | tok/s 36414 | mean_Rt 0.8701 | lr_mult 0.242 | radial_gain 0.00146 | hash_gain 0.72535 | max_mem 1.35 GB
step 2200 | time 494.7s | train_loss 3.5860 | tok/s 36451 | mean_Rt 0.8178 | lr_mult 0.195 | radial_gain 0.00163 | hash_gain 0.71774 | max_mem 1.35 GB
VALIDATION-EMA | step 2200 | val_loss 3.6149 | val_bpb 1.6302 | best 1.6302
step 2300 | time 518.1s | train_loss 3.8700 | tok/s 36384 | mean_Rt 0.8832 | lr_mult 0.152 | radial_gain 0.00239 | hash_gain 0.71388 | max_mem 1.35 GB
step 2400 | time 539.9s | train_loss 3.5667 | tok/s 36431 | mean_Rt 0.8920 | lr_mult 0.113 | radial_gain 0.00180 | hash_gain 0.70869 | max_mem 1.35 GB
VALIDATION-EMA | step 2400 | val_loss 3.5942 | val_bpb 1.6209 | best 1.6209
step 2500 | time 563.3s | train_loss 3.6075 | tok/s 36369 | mean_Rt 0.8994 | lr_mult 0.079 | radial_gain 0.00137 | hash_gain 0.70320 | max_mem 1.35 GB
step 2600 | time 585.3s | train_loss 3.4261 | tok/s 36407 | mean_Rt 0.8992 | lr_mult 0.051 | radial_gain 0.00161 | hash_gain 0.69925 | max_mem 1.35 GB
VALIDATION-EMA | step 2600 | val_loss 3.5767 | val_bpb 1.6130 | best 1.6130

Finished at step 2663 in 600.2s
Final train loss: 3.5058
Best observed val_bpb: 1.6130

=== MIXED EXPORT ARTIFACT AUDIT ===
Parameters:        18,476,354
Source Code:       24,987 bytes
Compressed model:  15,918,192 bytes
Total artifact:    15,943,179 bytes
Headroom:          56,821 bytes
PASS ✅
CompletedProcess(args=['torchrun', '--standalone', '--nproc_per_node=2', '/kaggle/working/hash1024_clean_probe_ddp.py'], returncode=0)
