logs/cod_training_recipe_20260319_012138_9154_smoke_mlx_local_20260319_012620.txt
Code size: 53250 bytes
run_id:cod_training_recipe_20260319_012138_9154_smoke_mlx_local_20260319_012620
mlx_version:0.31.1
train_loader:shards pattern=/Users/calmdentist/Desktop/parameter-golf/data/datasets/fineweb10B_sp1024/fineweb_train_*.bin
val_loader:shards pattern=/Users/calmdentist/Desktop/parameter-golf/data/datasets/fineweb10B_sp1024/fineweb_val_*.bin tokens:262144
WARNING: train_loader:subset dataset:fineweb10B_sp1024 train_shards:1/195 new epochs will arrive sooner than the full dataset
tokenizer_path:/Users/calmdentist/Desktop/parameter-golf/data/tokenizers/fineweb_1024_bpe.model
model_params:17059912 vocab_size:1024 layers:9 dim:512 heads:8 kv_heads:4 seq_len:1024 tie_embeddings:True
iterations:50 train_batch_tokens:8192 grad_accum_steps:8 microbatch_tokens:1024 microbatch_batch_size:1 val_batch_size:8192 warmup_steps:64 max_wallclock_seconds:0.000
mlx_max_microbatch_tokens:2048
optimizer:muon+adam muon_matrix_params:54 scalar_params:37 embed_lr:0.05 embed_lr_floor_ratio:0.05 matrix_lr:0.05 matrix_lr_floor_ratio:0.01 matrix_int8_snap_interval:8 matrix_int8_snap_start_lr_mul:0.5 matrix_int8_snap_min_numel:131072 matrix_int8_snap_tensors:54 scalar_lr:0.04 scalar_lr_floor_ratio:0.25 muon_momentum:0.95 muon_steps:5
val_bpb:enabled tokenizer_kind=sentencepiece tokenizer_path=/Users/calmdentist/Desktop/parameter-golf/data/tokenizers/fineweb_1024_bpe.model
compute_dtype:mlx.core.bfloat16 compile:True
dtypes tok_emb:mlx.core.bfloat16 linear_weight:mlx.core.float32 skip_weights:mlx.core.float32
warmup_step:10/64
warmup_step:20/64
warmup_step:30/64
warmup_step:40/64
warmup_step:50/64
warmup_step:60/64
warmup_step:64/64
step:1/50 train_loss:6.9428 train_time:139ms step_avg:138.92ms tok_s:58980
step:2/50 train_loss:7.0657 train_time:559ms step_avg:279.50ms tok_s:19507
step:3/50 train_loss:6.9007 train_time:967ms step_avg:322.30ms tok_s:20092
step:4/50 train_loss:6.5522 train_time:1376ms step_avg:344.10ms tok_s:20014
step:5/50 train_loss:6.2564 train_time:1784ms step_avg:356.89ms tok_s:20087
step:6/50 train_loss:6.0235 train_time:2192ms step_avg:365.32ms tok_s:20114
step:7/50 train_loss:5.8381 train_time:2602ms step_avg:371.74ms tok_s:19978
step:8/50 matrix_int8_snap base_lr_mul:0.1680 tensors:54
step:8/50 train_loss:5.8713 train_time:3469ms step_avg:433.65ms tok_s:9451
step:9/50 train_loss:5.8457 train_time:3608ms step_avg:400.92ms tok_s:59091
step:10/50 train_loss:5.8263 train_time:4017ms step_avg:401.70ms tok_s:20048
step:16/50 matrix_int8_snap base_lr_mul:0.1367 tensors:54
step:20/50 train_loss:5.6422 train_time:8298ms step_avg:414.88ms tok_s:20121
step:24/50 matrix_int8_snap base_lr_mul:0.1055 tensors:54
step:30/50 train_loss:5.4582 train_time:12573ms step_avg:419.09ms tok_s:20052
step:32/50 matrix_int8_snap base_lr_mul:0.0742 tensors:54
step:40/50 matrix_int8_snap base_lr_mul:0.0430 tensors:54
step:40/50 train_loss:5.3493 train_time:17322ms step_avg:433.05ms tok_s:9318
step:48/50 matrix_int8_snap base_lr_mul:0.0117 tensors:54
step:50/50 train_loss:5.1883 train_time:21342ms step_avg:426.83ms tok_s:20013
step:50/50 val_loss:5.1241 val_bpb:3.0344 train_time:24152ms step_avg:483.05ms
saved_model:logs/cod_training_recipe_20260319_012138_9154_smoke_mlx_local_20260319_012620_mlx_model.npz bytes:67212188
serialized_model_int8_zlib:5401613 bytes (payload:17178912 raw_pickle:17188361 payload_ratio:3.91x)
Serialized model: 67212188 bytes
Serialized model int8+zlib: 5401613 bytes
Total submission size int8+zlib: 5454863 bytes
final_int8_zlib_roundtrip val_loss:5.1347 val_bpb:3.0406 eval_time:2513ms
final_int8_zlib_roundtrip_exact val_loss:5.13469458 val_bpb:3.04063857
