W0419 02:32:52.275000 4820 torch/distributed/run.py:851]
W0419 02:32:52.275000 4820 torch/distributed/run.py:851] *****************************************
W0419 02:32:52.275000 4820 torch/distributed/run.py:851] Setting OMP_NUM_THREADS environment variable for each process to be 1 in default, to avoid your system being overloaded, please further tune the variable for optimal performance in your application as needed.
W0419 02:32:52.275000 4820 torch/distributed/run.py:851] *****************************************
Hyperparameters:
  adam_eps: 1e-08
  adam_wd: 0.02
  beta1: 0.9
  beta2: 0.95
  compressor: brotli
  data_dir: /workspace/parameter-golf/data
  datasets_dir: /workspace/parameter-golf/data/datasets/fineweb10B_sp8192
  distributed: True
  ema_decay: 0.997
  embed_bits: 8
  embed_clip_sigmas: 20.0
  embed_lr: 0.6
  embed_wd: 0.085
  embedding_dim: 512
  enable_looping_at: 0.5
  eval_seq_len: 2048
  eval_stride: 64
  gptq_calibration_batches: 64
  gptq_reserve_seconds: 12.0
  grad_accum_steps: 1
  grad_clip_norm: 0.3
  head_lr: 0.008
  is_main_process: True
  iterations: 20000
  ln_scale: True
  local_rank: 0
  logfile: logs/sp8192_qk4_ttt_8xh100_seed1337_train.txt
  logit_softcap: 30.0
  loop_end: 5
  loop_start: 4
  matrix_bits: 6
  matrix_clip_sigmas: 12.86
  matrix_lr: 0.02
  max_wallclock_seconds: 600.0
  min_lr: 0.0
  mlp_mult: 4.0
  model_dim: 512
  model_path: final_model.pt
  muon_backend_steps: 5
  muon_beta2: 0.95
  muon_momentum: 0.99
  muon_momentum_warmup_start: 0.92
  muon_momentum_warmup_steps: 1500
  muon_row_normalize: True
  muon_wd: 0.085
  num_heads: 8
  num_kv_heads: 4
  num_layers: 11
  num_loops: 2
  qk_gain_init: 4.0
  quantized_model_path: final_model.int6.ptz
  rank: 0
  rope_base: 10000.0
  rope_dims: 16
  rope_train_seq_len: 2048
  run_id: sp8192_qk4_ttt_8xh100_seed1337_train
  scalar_lr: 0.02
  seed: 1337
  skip_gates_enabled: True
  sliding_window_enabled: True
  tie_embeddings: True
  tied_embed_init_std: 0.005
  tied_embed_lr: 0.03
  tokenizer_path: /workspace/parameter-golf/data/tokenizers/fineweb_8192_bpe.model
  train_batch_tokens: 786432
  train_files: /workspace/parameter-golf/data/datasets/fineweb10B_sp8192/fineweb_train_*.bin
  train_log_every: 500
  train_seq_len: 2048
  val_batch_tokens: 524288
  val_files: /workspace/parameter-golf/data/datasets/fineweb10B_sp8192/fineweb_val_*.bin
  val_loss_every: 4000
  vocab_size: 8192
  warmdown_frac: 0.667
  warmup_steps: 20
  world_size: 8
  xsa_last_n: 11
train_shards: 128
val_tokens: 40540160
model_params:35943512
gptq:reserving 12s, effective=588000ms
warmup_step: 1/20
warmup_step: 2/20
warmup_step: 3/20
warmup_step: 4/20
warmup_step: 5/20
warmup_step: 6/20
warmup_step: 10/20
warmup_step: 20/20
loop_warmup:enabled encoder:[0, 1, 2, 3, 4, 5, 4] decoder:[5, 4, 5, 6, 7, 8, 9, 10]
loop_warmup_step: 1/20
loop_warmup_step: 2/20
loop_warmup_step: 3/20
loop_warmup_step: 4/20
loop_warmup_step: 5/20
loop_warmup_step: 6/20
loop_warmup_step: 10/20
loop_warmup_step: 20/20
0/20000 val_loss: 9.0047 val_bpb: 3.4860
1/20000 train_loss: 9.0067 train_time: 0.0m tok/s: 8217238
2/20000 train_loss: 12.2901 train_time: 0.0m tok/s: 7900387
3/20000 train_loss: 11.0758 train_time: 0.0m tok/s: 7714004
4/20000 train_loss: 9.3856 train_time: 0.0m tok/s: 7641163
5/20000 train_loss: 8.3022 train_time: 0.0m tok/s: 7610995
500/20000 train_loss: 3.3404 train_time: 0.9m tok/s: 7686952
1000/20000 train_loss: 3.1888 train_time: 1.7m tok/s: 7669749
1500/20000 train_loss: 3.0986 train_time: 2.6m tok/s: 7673663
2000/20000 train_loss: 3.0716 train_time: 3.4m tok/s: 7671668
2500/20000 train_loss: 3.0998 train_time: 4.3m tok/s: 7673972
layer_loop:enabled step:2870 frac:0.500 encoder:[0, 1, 2, 3, 4, 5, 4] decoder:[5, 4, 5, 6, 7, 8, 9, 10]
3000/20000 train_loss: 3.0008 train_time: 5.2m tok/s: 7554880
3500/20000 train_loss: 3.0072 train_time: 6.4m tok/s: 7194110
4000/20000 train_loss: 2.9599 train_time: 7.6m tok/s: 6942538
4000/20000 val_loss: 2.9189 val_bpb: 1.1300
4500/20000 train_loss: 2.8095 train_time: 8.7m tok/s: 6751763
4955/20000 val_loss: 2.8207 val_bpb: 1.0920
stopping_early: wallclock_cap train_time: 588054ms step: 4955/20000
peak memory allocated: 35373 MiB reserved: 35474 MiB
ema:applying EMA weights
pre-quantization post-ema val_loss:2.81846308 val_bpb:1.09111489 eval_time:7465ms
Serialized model: 135426937 bytes
Code size: 15516 bytes
GPTQ:collecting Hessians from calibration data...
GPTQ:collected 67 Hessians in 11.4s
Quantized weights:
  gptq (int6): blocks.attn.c_k.weight, blocks.attn.c_q.weight, blocks.attn.c_v.weight, blocks.attn.proj.weight, blocks.mlp.fc.weight, blocks.mlp.proj.weight
  gptq (int8): tok_emb.weight
  passthrough (float16): blocks.attn.q_gain, blocks.attn_scale, blocks.mlp_scale, blocks.resid_mix, skip_gates, skip_weights
Serialized model quantized+brotli: 15969046 bytes
Total submission size quantized+brotli: 15984562 bytes
quantized val_loss:2.84796275 val_bpb:1.10253513 eval_time:27895ms
quantized_sliding_window val_loss:2.80492930 val_bpb:1.08587554 eval_time:124334ms
