logs/6df55bf6-4f57-46fd-8976-d3b58c42017b.txt
val_bpb:enabled tokenizer_kind=sentencepiece tokenizer_path=./data/tokenizers/fineweb_1024_bpe.model
train_loader:dataset:fineweb10B_sp1024_chunk_selected_1gpu train_shards:10
val_loader:shards pattern=./data/datasets/fineweb10B_sp1024/fineweb10B_sp1024_chunk_selected_1gpu/fineweb_val_*.bin tokens:62021632
model_params:17059912
world_size:1 grad_accum_steps:8
sdp_backends:cudnn=False flash=True mem_efficient=False math=False
attention_mode:gqa num_heads:8 num_kv_heads:4
tie_embeddings:True embed_lr:0.05 head_lr:0.0 matrix_lr:0.04 scalar_lr:0.04
train_batch_tokens:524288 train_seq_len:1024 iterations:20000 warmup_steps:20 max_wallclock_seconds:600.000
seed:1337
warmup_step:1/20
warmup_step:2/20
warmup_step:3/20
warmup_step:4/20
warmup_step:5/20
warmup_step:6/20
warmup_step:7/20
warmup_step:8/20
warmup_step:9/20
warmup_step:10/20
warmup_step:11/20
warmup_step:12/20
warmup_step:13/20
warmup_step:14/20
warmup_step:15/20
warmup_step:16/20
warmup_step:17/20
warmup_step:18/20
warmup_step:19/20
warmup_step:20/20
step:0/20000 val_loss:6.9357 val_bpb:4.1077 train_time:0ms step_avg:0.01ms
step:1/20000 train_loss:6.9377 train_time:319ms step_avg:318.62ms
step:2/20000 train_loss:16.8621 train_time:638ms step_avg:318.94ms
step:3/20000 train_loss:9.1179 train_time:957ms step_avg:319.13ms
step:4/20000 train_loss:6.6143 train_time:1278ms step_avg:319.49ms
step:5/20000 train_loss:6.6261 train_time:1598ms step_avg:319.61ms
step:6/20000 train_loss:6.6138 train_time:1918ms step_avg:319.59ms
step:7/20000 train_loss:6.4125 train_time:2238ms step_avg:319.75ms
step:8/20000 train_loss:6.1660 train_time:2558ms step_avg:319.76ms
step:9/20000 train_loss:6.0814 train_time:2878ms step_avg:319.75ms
step:10/20000 train_loss:5.9655 train_time:3197ms step_avg:319.72ms
step:200/20000 train_loss:2.7257 train_time:65346ms step_avg:326.73ms
step:400/20000 train_loss:2.4579 train_time:130624ms step_avg:326.56ms
step:600/20000 train_loss:2.3238 train_time:195807ms step_avg:326.34ms
step:800/20000 train_loss:2.2041 train_time:261025ms step_avg:326.28ms
step:1000/20000 train_loss:2.1868 train_time:326314ms step_avg:326.31ms
step:1000/20000 val_loss:2.3279 val_bpb:1.3787 train_time:326314ms step_avg:326.31ms
step:1200/20000 train_loss:2.1423 train_time:391423ms step_avg:326.19ms
step:1400/20000 train_loss:2.1231 train_time:456570ms step_avg:326.12ms
step:1600/20000 train_loss:2.0798 train_time:521840ms step_avg:326.15ms
step:1800/20000 train_loss:2.0606 train_time:587027ms step_avg:326.13ms
step:1840/20000 val_loss:2.2119 val_bpb:1.3100 train_time:600059ms step_avg:326.12ms
stopping_early: wallclock_cap train_time:600059ms step:1840/20000
peak memory allocated: 10940 MiB reserved: 10952 MiB
Serialized model: 67224983 bytes
Code size: 47686 bytes
Total submission size: 67272669 bytes
Serialized model int8+zlib: 14707516 bytes (payload:17178912 raw_torch:17224025 payload_ratio:3.91x)
Total submission size int8+zlib: 14755202 bytes
final_int8_zlib_roundtrip val_loss:2.2140 val_bpb:1.3112 eval_time:10518ms
final_int8_zlib_roundtrip_exact val_loss:2.21398135 val_bpb:1.31124446
