
*****************************************
Setting OMP_NUM_THREADS environment variable for each process to be 1 in default, to avoid your system being overloaded, please further tune the variable for optimal performance in your application as needed. 
*****************************************
Hyperparameters:
  adam_eps: 1e-08
  adam_wd: 0.02
  agree_add_boost: 0.0
  artifact_dir: 
  asym_logit_rescale: True
  attn_clip_sigmas: 13.0
  attn_out_gate_enabled: False
  attn_out_gate_src: proj
  beta1: 0.9
  beta2: 0.99
  caseops_enabled: True
  compressor: pergroup
  data_dir: ./data
  datasets_dir: ./data/datasets/fineweb10B_sp8192_lossless_caps_caseops_v1_reserved
  distributed: True
  ema_decay: 0.9965
  embed_bits: 7
  embed_clip_sigmas: 14.0
  embed_lr: 0.6
  embed_wd: 0.085
  enable_looping_at: 0.35
  eval_seq_len: 2560
  eval_stride: 64
  fused_ce_enabled: True
  gate_window: 12
  gated_attn_enabled: False
  gated_attn_init_std: 0.01
  gated_attn_quant_gate: False
  global_ttt_batch_seqs: 32
  global_ttt_chunk_tokens: 32768
  global_ttt_epochs: 1
  global_ttt_grad_clip: 1.0
  global_ttt_lr: 0.001
  global_ttt_momentum: 0.9
  global_ttt_muon_nesterov: True
  global_ttt_muon_ns_steps: 5
  global_ttt_optimizer: sgd
  global_ttt_respect_doc_boundaries: True
  global_ttt_warmup_chunks: 0
  global_ttt_warmup_start_lr: 0.0
  gptq_calibration_batches: 32
  gptq_reserve_seconds: 0.5
  grad_accum_steps: 1
  grad_clip_norm: 0.3
  is_main_process: True
  iterations: 20000
  ln_scale: True
  local_rank: 0
  logfile: logs/b0cb443e-cd3a-41cb-857d-aeae845fe26c.txt
  logit_softcap: 30.0
  loop_end: 5
  loop_start: 3
  lqer_asym_enabled: True
  lqer_asym_group: 32
  lqer_enabled: True
  lqer_factor_bits: 4
  lqer_rank: 4
  lqer_top_k: 3
  matrix_bits: 6
  matrix_clip_sigmas: 12.85
  matrix_lr: 0.028
  max_wallclock_seconds: 600.0
  min_lr: 0.1
  mlp_clip_sigmas: 11.5
  mlp_mult: 4.0
  model_dim: 512
  model_path: final_model.pt
  muon_backend_steps: 5
  muon_huber_delta: 0.1
  muon_huber_wd: False
  muon_momentum: 0.97
  muon_momentum_warmup_start: 0.92
  muon_momentum_warmup_steps: 1500
  muon_row_normalize: True
  muon_wd: 0.095
  ngram_hint_precompute_outside: False
  ngram_tilt_enabled: True
  num_heads: 8
  num_kv_heads: 4
  num_layers: 11
  num_loops: 2
  optrot_enabled: False
  parallel_final_lane: mean
  parallel_start_layer: 8
  phased_ttt_num_phases: 1
  phased_ttt_prefix_docs: 2500
  qk_gain_init: 5.0
  qk_gain_schedule: []
  quantized_model_path: final_model.int6.ptz
  rank: 0
  rope_base: 10000.0
  rope_dims: 16
  rope_train_seq_len: 2048
  rope_yarn: False
  run_id: b0cb443e-cd3a-41cb-857d-aeae845fe26c
  scalar_lr: 0.02
  seed: 314
  skip_gates_enabled: True
  smear_gate_enabled: True
  sparse_attn_gate_enabled: True
  sparse_attn_gate_init_std: 0.0
  sparse_attn_gate_scale: 0.5
  tie_embeddings: True
  tied_embed_init_std: 0.005
  tied_embed_lr: 0.03
  token_boost: 2.625
  token_order: 16
  token_threshold: 0.8
  tokenizer_path: ./data/tokenizers/fineweb_8192_bpe_lossless_caps_caseops_v1_reserved.model
  train_batch_tokens: 786432
  train_files: ./data/datasets/fineweb10B_sp8192_lossless_caps_caseops_v1_reserved/fineweb_train_*.bin
  train_log_every: 500
  train_seq_len: 2048
  ttt_batch_size: 64
  ttt_beta1: 0.0
  ttt_beta2: 0.99
  ttt_chunk_size: 48
  ttt_enabled: True
  ttt_eval_batches: 
  ttt_eval_seq_len: 2560
  ttt_grad_steps: 1
  ttt_grad_steps_clean: False
  ttt_k_lora: False
  ttt_lora_lr: 8e-05
  ttt_lora_rank: 80
  ttt_mlp_lora: True
  ttt_o_lora: True
  ttt_optimizer: adam
  ttt_weight_decay: 2.0
  val_batch_tokens: 524288
  val_bytes_files: ./data/datasets/fineweb10B_sp8192_lossless_caps_caseops_v1_reserved/fineweb_val_bytes_*.bin
  val_doc_fraction: 1.0
  val_files: ./data/datasets/fineweb10B_sp8192_lossless_caps_caseops_v1_reserved/fineweb_val_*.bin
  val_loss_every: 4000
  vocab_size: 8192
  warmdown_frac: 0.85
  warmup_steps: 20
  within_boost: 0.0
  within_tau: 99.0
  word_boost: 0.0
  word_normalize: strip_punct_lower
  word_order: 4
  word_tau: 99.0
  world_size: 8
  xsa_last_n: 11
train_shards: 80
val_tokens: 47851520
model_params:35945673
gptq:reserving 0s, effective=599500ms
warmup_cu_buckets:64,128,192,256 iters_each:3
warmup_step: 1/20
warmup_step: 2/20
warmup_step: 3/20
warmup_step: 4/20
warmup_step: 5/20
warmup_step: 6/20
warmup_step: 10/20
warmup_step: 20/20
loop_warmup:enabled encoder:[0, 1, 2, 3, 4, 5, 3, 4] decoder:[5, 3, 4, 5, 6, 7, 8, 9, 10]
loop_warmup_step: 1/20
loop_warmup_step: 2/20
loop_warmup_step: 3/20
loop_warmup_step: 4/20
loop_warmup_step: 5/20
loop_warmup_step: 6/20
loop_warmup_step: 10/20
loop_warmup_step: 20/20
0/20000 val_loss: 8.9980 val_bpb: 4.1114
1/20000 train_loss: 8.9988 train_time: 0.0m tok/s: 11970188
2/20000 train_loss: 12.8477 train_time: 0.0m tok/s: 11385329
3/20000 train_loss: 10.2191 train_time: 0.0m tok/s: 10141173
4/20000 train_loss: 8.6644 train_time: 0.0m tok/s: 9731797
5/20000 train_loss: 7.9046 train_time: 0.0m tok/s: 9447647
500/20000 train_loss: 2.5642 train_time: 0.8m tok/s: 8304997
1000/20000 train_loss: 2.8051 train_time: 1.6m tok/s: 8260350
1500/20000 train_loss: 2.6179 train_time: 2.4m tok/s: 8252341
2000/20000 train_loss: 2.6529 train_time: 3.2m tok/s: 8250782
layer_loop:enabled step:2201 frac:0.350 encoder:[0, 1, 2, 3, 4, 5, 3, 4] decoder:[5, 3, 4, 5, 6, 7, 8, 9, 10]
2500/20000 train_loss: 2.5482 train_time: 4.2m tok/s: 7810162
3000/20000 train_loss: 2.5615 train_time: 5.4m tok/s: 7328498
3500/20000 train_loss: 2.5652 train_time: 6.5m tok/s: 7020442
4000/20000 train_loss: 2.4074 train_time: 7.7m tok/s: 6808778
4000/20000 val_loss: 2.4236 val_bpb: 1.1074
4500/20000 train_loss: 2.2808 train_time: 8.9m tok/s: 6652822
4983/20000 val_loss: 2.3482 val_bpb: 1.0730
stopping_early: wallclock_cap train_time: 599593ms step: 4983/20000
peak memory allocated: 41697 MiB reserved: 41720 MiB
ema:applying EMA weights
diagnostic pre-quantization post-ema val_loss:2.32186939 val_bpb:1.06091124 eval_time:9394ms
Serialized model: 135418111 bytes
Code size (uncompressed): 191274 bytes
Code size (compressed): 37155 bytes
GPTQ:collecting Hessians from calibration data...
GPTQ:collected 67 Hessians in 6.9s
Quantized weights:
  gptq (int6): blocks.attn.c_k.weight, blocks.attn.c_q.weight, blocks.attn.c_v.weight, blocks.attn.proj.weight, blocks.mlp.fc.weight, blocks.mlp.proj.weight
  gptq (int6)+lqer_asym: blocks.mlp.fc.weight
  gptq (int7)+lqer_asym: tok_emb.weight
  passthrough (float16): blocks.attn.attn_gate_w, blocks.attn.q_gain, blocks.attn_scale, blocks.mlp_scale, blocks.resid_mix, parallel_post_lambdas, parallel_resid_lambdas, skip_gates, skip_weights, smear_gate.weight, smear_lambda, softcap_neg, softcap_pos
pergroup:similarity sort done in 48.6s (67 tensors)
pergroup:Q 35913728 raw → 15675267 (lrzip) (43.6%)
pergroup:remainder 272611 raw → 123969 brotli
pergroup:total frame 15908150 bytes
Serialized model quantized+pergroup: 15908150 bytes
Total submission size quantized+pergroup: 15945305 bytes
diagnostic quantized val_loss:2.34003906 val_bpb:1.06921334 eval_time:11693ms
ttt_grad_steps: 1  ttt_grad_steps_clean: False
ttt_lora:warming up compile (random tokens, no val data)
ttt_lora:compile warmup done (94.5s)

beginning TTT eval timer
ngram_tilt:hints total=47851520 gated=628130 token_gate=628130 within_gate=0 word_gate=0 agree2plus=0
ngram_tilt:precompute_done elapsed=196.79s total_targets=47851520
ttt_phased: total_docs:50000 prefix_docs:2500 suffix_docs:47500 num_phases:1 boundaries:[2500]
ttp: b782/782 bl:2.1296 bb:1.0084 rl:2.1296 rb:1.0084 dl:30339-97114 gd:0
ttpp: phase:1/1 pd:2960 gd:2500 t:221.0s
tttg: c1/289 lr:0.001000 t:0.3s
tttg: c2/289 lr:0.001000 t:0.4s
tttg: c3/289 lr:0.001000 t:0.5s
tttg: c4/289 lr:0.001000 t:0.6s
tttg: c5/289 lr:0.001000 t:0.6s
tttg: c6/289 lr:0.000999 t:0.7s
tttg: c7/289 lr:0.000999 t:0.8s
tttg: c8/289 lr:0.000999 t:0.9s
tttg: c9/289 lr:0.000998 t:0.9s
tttg: c10/289 lr:0.000998 t:1.0s
tttg: c11/289 lr:0.000997 t:1.1s
tttg: c12/289 lr:0.000996 t:1.2s
tttg: c13/289 lr:0.000996 t:1.2s
tttg: c14/289 lr:0.000995 t:1.3s
tttg: c15/289 lr:0.000994 t:1.4s
tttg: c16/289 lr:0.000993 t:1.5s
tttg: c17/289 lr:0.000992 t:1.5s
tttg: c18/289 lr:0.000991 t:1.6s
tttg: c19/289 lr:0.000990 t:1.7s
tttg: c20/289 lr:0.000989 t:1.8s
tttg: c21/289 lr:0.000988 t:1.9s
tttg: c22/289 lr:0.000987 t:1.9s
tttg: c23/289 lr:0.000986 t:2.0s
tttg: c24/289 lr:0.000984 t:2.1s
tttg: c25/289 lr:0.000983 t:2.2s
tttg: c26/289 lr:0.000982 t:2.3s
tttg: c27/289 lr:0.000980 t:2.3s
tttg: c28/289 lr:0.000978 t:2.4s
tttg: c29/289 lr:0.000977 t:2.5s
tttg: c30/289 lr:0.000975 t:2.6s
tttg: c31/289 lr:0.000973 t:2.7s
tttg: c32/289 lr:0.000972 t:2.7s
tttg: c33/289 lr:0.000970 t:2.8s
tttg: c34/289 lr:0.000968 t:2.9s
tttg: c35/289 lr:0.000966 t:3.0s
tttg: c36/289 lr:0.000964 t:3.0s
tttg: c37/289 lr:0.000962 t:3.1s
tttg: c38/289 lr:0.000960 t:3.2s
tttg: c39/289 lr:0.000958 t:3.3s
tttg: c40/289 lr:0.000955 t:3.4s
tttg: c41/289 lr:0.000953 t:3.4s
tttg: c42/289 lr:0.000951 t:3.5s
tttg: c43/289 lr:0.000948 t:3.6s
tttg: c44/289 lr:0.000946 t:3.7s
tttg: c45/289 lr:0.000944 t:3.8s
tttg: c46/289 lr:0.000941 t:3.9s
tttg: c47/289 lr:0.000938 t:3.9s
tttg: c48/289 lr:0.000936 t:4.0s
tttg: c49/289 lr:0.000933 t:4.1s
tttg: c50/289 lr:0.000930 t:4.2s
tttg: c51/289 lr:0.000927 t:4.3s
tttg: c52/289 lr:0.000925 t:4.3s
tttg: c53/289 lr:0.000922 t:4.4s
tttg: c54/289 lr:0.000919 t:4.5s
tttg: c55/289 lr:0.000916 t:4.6s
tttg: c56/289 lr:0.000913 t:4.6s
tttg: c57/289 lr:0.000910 t:4.7s
tttg: c58/289 lr:0.000906 t:4.8s
tttg: c59/289 lr:0.000903 t:4.9s
tttg: c60/289 lr:0.000900 t:5.0s
tttg: c61/289 lr:0.000897 t:5.0s
tttg: c62/289 lr:0.000893 t:5.1s
tttg: c63/289 lr:0.000890 t:5.2s
tttg: c64/289 lr:0.000887 t:5.3s
tttg: c65/289 lr:0.000883 t:5.4s
tttg: c66/289 lr:0.000879 t:5.5s
tttg: c67/289 lr:0.000876 t:5.5s
tttg: c68/289 lr:0.000872 t:5.6s
tttg: c69/289 lr:0.000869 t:5.7s
tttg: c70/289 lr:0.000865 t:5.8s
tttg: c71/289 lr:0.000861 t:5.8s
tttg: c72/289 lr:0.000857 t:5.9s
tttg: c73/289 lr:0.000854 t:6.0s
tttg: c74/289 lr:0.000850 t:6.1s
tttg: c75/289 lr:0.000846 t:6.2s
tttg: c76/289 lr:0.000842 t:6.2s
tttg: c77/289 lr:0.000838 t:6.3s
tttg: c78/289 lr:0.000834 t:6.4s
tttg: c79/289 lr:0.000830 t:6.5s
tttg: c80/289 lr:0.000826 t:6.6s
tttg: c81/289 lr:0.000821 t:6.6s
tttg: c82/289 lr:0.000817 t:6.7s
tttg: c83/289 lr:0.000813 t:6.8s
tttg: c84/289 lr:0.000809 t:6.9s
tttg: c85/289 lr:0.000804 t:6.9s
tttg: c86/289 lr:0.000800 t:7.0s
tttg: c87/289 lr:0.000796 t:7.1s
tttg: c88/289 lr:0.000791 t:7.2s
tttg: c89/289 lr:0.000787 t:7.3s
tttg: c90/289 lr:0.000782 t:7.3s
tttg: c91/289 lr:0.000778 t:7.4s
tttg: c92/289 lr:0.000773 t:7.5s
tttg: c93/289 lr:0.000769 t:7.6s
tttg: c94/289 lr:0.000764 t:7.7s
tttg: c95/289 lr:0.000759 t:7.7s
tttg: c96/289 lr:0.000755 t:7.8s
tttg: c97/289 lr:0.000750 t:7.9s
tttg: c98/289 lr:0.000745 t:8.0s
tttg: c99/289 lr:0.000740 t:8.1s
tttg: c100/289 lr:0.000736 t:8.1s
tttg: c101/289 lr:0.000731 t:8.2s
tttg: c102/289 lr:0.000726 t:8.3s
tttg: c103/289 lr:0.000721 t:8.4s
tttg: c104/289 lr:0.000716 t:8.5s
tttg: c105/289 lr:0.000711 t:8.5s
tttg: c106/289 lr:0.000706 t:8.6s
tttg: c107/289 lr:0.000701 t:8.7s
tttg: c108/289 lr:0.000696 t:8.8s
tttg: c109/289 lr:0.000691 t:8.9s
tttg: c110/289 lr:0.000686 t:8.9s
tttg: c111/289 lr:0.000681 t:9.0s
tttg: c112/289 lr:0.000676 t:9.1s
tttg: c113/289 lr:0.000671 t:9.2s
tttg: c114/289 lr:0.000666 t:9.3s
tttg: c115/289 lr:0.000661 t:9.4s
tttg: c116/289 lr:0.000656 t:9.4s
tttg: c117/289 lr:0.000650 t:9.5s
tttg: c118/289 lr:0.000645 t:9.6s
tttg: c119/289 lr:0.000640 t:9.7s
tttg: c120/289 lr:0.000635 t:9.8s
tttg: c121/289 lr:0.000629 t:9.8s
tttg: c122/289 lr:0.000624 t:9.9s
tttg: c123/289 lr:0.000619 t:10.0s
tttg: c124/289 lr:0.000614 t:10.1s
tttg: c125/289 lr:0.000608 t:10.2s
tttg: c126/289 lr:0.000603 t:10.2s
tttg: c127/289 lr:0.000598 t:10.3s
tttg: c128/289 lr:0.000592 t:10.4s
tttg: c129/289 lr:0.000587 t:10.5s
tttg: c130/289 lr:0.000581 t:10.6s
tttg: c131/289 lr:0.000576 t:10.6s
tttg: c132/289 lr:0.000571 t:10.7s
tttg: c133/289 lr:0.000565 t:10.8s
tttg: c134/289 lr:0.000560 t:10.9s
tttg: c135/289 lr:0.000554 t:10.9s
tttg: c136/289 lr:0.000549 t:11.0s
tttg: c137/289 lr:0.000544 t:11.1s
tttg: c138/289 lr:0.000538 t:11.2s
tttg: c139/289 lr:0.000533 t:11.3s
tttg: c140/289 lr:0.000527 t:11.3s
tttg: c141/289 lr:0.000522 t:11.4s
tttg: c142/289 lr:0.000516 t:11.5s
tttg: c143/289 lr:0.000511 t:11.6s
tttg: c144/289 lr:0.000505 t:11.6s
tttg: c145/289 lr:0.000500 t:11.7s
tttg: c146/289 lr:0.000495 t:11.8s
tttg: c147/289 lr:0.000489 t:11.9s
tttg: c148/289 lr:0.000484 t:11.9s
tttg: c149/289 lr:0.000478 t:12.0s
tttg: c150/289 lr:0.000473 t:12.1s
tttg: c151/289 lr:0.000467 t:12.2s
tttg: c152/289 lr:0.000462 t:12.3s
tttg: c153/289 lr:0.000456 t:12.4s
tttg: c154/289 lr:0.000451 t:12.4s
tttg: c155/289 lr:0.000446 t:12.5s
tttg: c156/289 lr:0.000440 t:12.6s
tttg: c157/289 lr:0.000435 t:12.7s
tttg: c158/289 lr:0.000429 t:12.8s
tttg: c159/289 lr:0.000424 t:12.8s
tttg: c160/289 lr:0.000419 t:12.9s
tttg: c161/289 lr:0.000413 t:13.0s
tttg: c162/289 lr:0.000408 t:13.1s
tttg: c163/289 lr:0.000402 t:13.1s
tttg: c164/289 lr:0.000397 t:13.2s
tttg: c165/289 lr:0.000392 t:13.3s
tttg: c166/289 lr:0.000386 t:13.4s
tttg: c167/289 lr:0.000381 t:13.5s
tttg: c168/289 lr:0.000376 t:13.5s
tttg: c169/289 lr:0.000371 t:13.6s
tttg: c170/289 lr:0.000365 t:13.7s
tttg: c171/289 lr:0.000360 t:13.8s
tttg: c172/289 lr:0.000355 t:13.9s
tttg: c173/289 lr:0.000350 t:13.9s
tttg: c174/289 lr:0.000344 t:14.0s
tttg: c175/289 lr:0.000339 t:14.1s
tttg: c176/289 lr:0.000334 t:14.2s
tttg: c177/289 lr:0.000329 t:14.3s
tttg: c178/289 lr:0.000324 t:14.3s
tttg: c179/289 lr:0.000319 t:14.4s
tttg: c180/289 lr:0.000314 t:14.5s
tttg: c181/289 lr:0.000309 t:14.6s
tttg: c182/289 lr:0.000304 t:14.7s
tttg: c183/289 lr:0.000299 t:14.7s
tttg: c184/289 lr:0.000294 t:14.8s
tttg: c185/289 lr:0.000289 t:14.9s
tttg: c186/289 lr:0.000284 t:15.0s
tttg: c187/289 lr:0.000279 t:15.1s
tttg: c188/289 lr:0.000274 t:15.1s
tttg: c189/289 lr:0.000269 t:15.2s
tttg: c190/289 lr:0.000264 t:15.3s
tttg: c191/289 lr:0.000260 t:15.4s
tttg: c192/289 lr:0.000255 t:15.5s
tttg: c193/289 lr:0.000250 t:15.5s
tttg: c194/289 lr:0.000245 t:15.6s
tttg: c195/289 lr:0.000241 t:15.7s
tttg: c196/289 lr:0.000236 t:15.8s
tttg: c197/289 lr:0.000231 t:15.9s
tttg: c198/289 lr:0.000227 t:15.9s
tttg: c199/289 lr:0.000222 t:16.0s
tttg: c200/289 lr:0.000218 t:16.1s
tttg: c201/289 lr:0.000213 t:16.2s
tttg: c202/289 lr:0.000209 t:16.2s
tttg: c203/289 lr:0.000204 t:16.3s
tttg: c204/289 lr:0.000200 t:16.4s
tttg: c205/289 lr:0.000196 t:16.5s
tttg: c206/289 lr:0.000191 t:16.6s
tttg: c207/289 lr:0.000187 t:16.6s
tttg: c208/289 lr:0.000183 t:16.7s
tttg: c209/289 lr:0.000179 t:16.8s
tttg: c210/289 lr:0.000174 t:16.9s
tttg: c211/289 lr:0.000170 t:17.0s
tttg: c212/289 lr:0.000166 t:17.0s
tttg: c213/289 lr:0.000162 t:17.1s
tttg: c214/289 lr:0.000158 t:17.2s
tttg: c215/289 lr:0.000154 t:17.3s
tttg: c216/289 lr:0.000150 t:17.4s
tttg: c217/289 lr:0.000146 t:17.4s
tttg: c218/289 lr:0.000143 t:17.5s
tttg: c219/289 lr:0.000139 t:17.6s
tttg: c220/289 lr:0.000135 t:17.7s
tttg: c221/289 lr:0.000131 t:17.8s
tttg: c222/289 lr:0.000128 t:17.8s
tttg: c223/289 lr:0.000124 t:17.9s
tttg: c224/289 lr:0.000121 t:18.0s
tttg: c225/289 lr:0.000117 t:18.1s
tttg: c226/289 lr:0.000113 t:18.1s
tttg: c227/289 lr:0.000110 t:18.2s
tttg: c228/289 lr:0.000107 t:18.3s
tttg: c229/289 lr:0.000103 t:18.4s
tttg: c230/289 lr:0.000100 t:18.5s
tttg: c231/289 lr:0.000097 t:18.5s
tttg: c232/289 lr:0.000094 t:18.6s
tttg: c233/289 lr:0.000090 t:18.7s
tttg: c234/289 lr:0.000087 t:18.8s
tttg: c235/289 lr:0.000084 t:18.9s
tttg: c236/289 lr:0.000081 t:19.0s
tttg: c237/289 lr:0.000078 t:19.0s
tttg: c238/289 lr:0.000075 t:19.1s
tttg: c239/289 lr:0.000073 t:19.2s
tttg: c240/289 lr:0.000070 t:19.3s
tttg: c241/289 lr:0.000067 t:19.3s
tttg: c242/289 lr:0.000064 t:19.4s
tttg: c243/289 lr:0.000062 t:19.5s
tttg: c244/289 lr:0.000059 t:19.6s
tttg: c245/289 lr:0.000056 t:19.7s
tttg: c246/289 lr:0.000054 t:19.7s
tttg: c247/289 lr:0.000052 t:19.8s
tttg: c248/289 lr:0.000049 t:19.9s
tttg: c249/289 lr:0.000047 t:20.0s
tttg: c250/289 lr:0.000045 t:20.0s
tttg: c251/289 lr:0.000042 t:20.1s
tttg: c252/289 lr:0.000040 t:20.2s
tttg: c253/289 lr:0.000038 t:20.3s
tttg: c254/289 lr:0.000036 t:20.4s
tttg: c255/289 lr:0.000034 t:20.5s
tttg: c256/289 lr:0.000032 t:20.6s
tttg: c257/289 lr:0.000030 t:20.6s
tttg: c258/289 lr:0.000028 t:20.7s
tttg: c259/289 lr:0.000027 t:20.8s
tttg: c260/289 lr:0.000025 t:20.9s
tttg: c261/289 lr:0.000023 t:20.9s
tttg: c262/289 lr:0.000022 t:21.0s
tttg: c263/289 lr:0.000020 t:21.1s
tttg: c264/289 lr:0.000018 t:21.2s
tttg: c265/289 lr:0.000017 t:21.3s
tttg: c266/289 lr:0.000016 t:21.3s
tttg: c267/289 lr:0.000014 t:21.4s
tttg: c268/289 lr:0.000013 t:21.5s
tttg: c269/289 lr:0.000012 t:21.6s
tttg: c270/289 lr:0.000011 t:21.6s
tttg: c271/289 lr:0.000010 t:21.7s
tttg: c272/289 lr:0.000009 t:21.8s
tttg: c273/289 lr:0.000008 t:21.9s
tttg: c274/289 lr:0.000007 t:22.0s
tttg: c275/289 lr:0.000006 t:22.1s
tttg: c276/289 lr:0.000005 t:22.1s
tttg: c277/289 lr:0.000004 t:22.2s
tttg: c278/289 lr:0.000004 t:22.3s
tttg: c279/289 lr:0.000003 t:22.4s
tttg: c280/289 lr:0.000002 t:22.5s
tttg: c281/289 lr:0.000002 t:22.5s
tttg: c282/289 lr:0.000001 t:22.6s
tttg: c283/289 lr:0.000001 t:22.7s
tttg: c284/289 lr:0.000001 t:22.8s
tttg: c285/289 lr:0.000000 t:22.8s
tttg: c286/289 lr:0.000000 t:22.9s
tttg: c287/289 lr:0.000000 t:23.0s
tttg: c288/289 lr:0.000000 t:23.1s
ttpr: phase:1/1 t:245.5s
ttp: b732/782 bl:2.3662 bb:1.0896 rl:2.1686 rb:1.0221 dl:2416-2441 gd:1
ttp: b606/782 bl:2.3551 bb:1.0641 rl:2.1822 rb:1.0253 dl:1159-1164 gd:1
ttp: b598/782 bl:2.3500 bb:1.0629 rl:2.1933 rb:1.0279 dl:1124-1129 gd:1
ttp: b590/782 bl:2.3029 bb:1.0552 rl:2.1999 rb:1.0296 dl:1089-1093 gd:1
ttp: b582/782 bl:2.3453 bb:1.0302 rl:2.2079 rb:1.0296 dl:1056-1060 gd:1
ttp: b572/782 bl:2.3086 bb:1.0383 rl:2.2130 rb:1.0301 dl:1017-1021 gd:1
ttp: b564/782 bl:2.2808 bb:1.0148 rl:2.2162 rb:1.0293 dl:990-993 gd:1
ttp: b557/782 bl:2.3315 bb:1.0473 rl:2.2212 rb:1.0301 dl:965-968 gd:1
ttp: b548/782 bl:2.2337 bb:1.0435 rl:2.2217 rb:1.0307 dl:937-939 gd:1
ttp: b540/782 bl:2.3463 bb:1.0718 rl:2.2264 rb:1.0322 dl:912-915 gd:1
ttp: b531/782 bl:2.2919 bb:1.0404 rl:2.2288 rb:1.0325 dl:884-887 gd:1
ttp: b523/782 bl:2.3063 bb:1.0145 rl:2.2314 rb:1.0319 dl:860-863 gd:1
ttp: b519/782 bl:2.2835 bb:1.0359 rl:2.2330 rb:1.0320 dl:850-852 gd:1
ttp: b511/782 bl:2.3797 bb:1.0469 rl:2.2375 rb:1.0325 dl:826-829 gd:1
ttp: b503/782 bl:2.3450 bb:1.0624 rl:2.2405 rb:1.0334 dl:804-807 gd:1
ttp: b495/782 bl:2.3015 bb:1.0280 rl:2.2422 rb:1.0332 dl:783-785 gd:1
ttp: b486/782 bl:2.3987 bb:1.0777 rl:2.2462 rb:1.0344 dl:761-764 gd:1
ttp: b478/782 bl:2.3310 bb:1.0734 rl:2.2482 rb:1.0353 dl:742-744 gd:1
ttp: b470/782 bl:2.3400 bb:1.0531 rl:2.2504 rb:1.0358 dl:724-726 gd:1
ttp: b462/782 bl:2.3253 bb:1.0321 rl:2.2520 rb:1.0357 dl:706-708 gd:1
ttp: b455/782 bl:2.2955 bb:1.0346 rl:2.2529 rb:1.0357 dl:691-693 gd:1
ttp: b447/782 bl:2.3202 bb:1.0659 rl:2.2543 rb:1.0363 dl:674-676 gd:1
ttp: b439/782 bl:2.3159 bb:1.0334 rl:2.2555 rb:1.0362 dl:657-659 gd:1
ttp: b431/782 bl:2.3669 bb:1.0500 rl:2.2576 rb:1.0365 dl:642-643 gd:1
ttp: b423/782 bl:2.2985 bb:1.0487 rl:2.2583 rb:1.0367 dl:626-629 gd:1
ttp: b415/782 bl:2.2752 bb:1.0539 rl:2.2586 rb:1.0370 dl:611-613 gd:1
ttp: b407/782 bl:2.2602 bb:1.0347 rl:2.2586 rb:1.0370 dl:595-597 gd:1
ttp: b399/782 bl:2.2774 bb:1.0278 rl:2.2589 rb:1.0368 dl:581-582 gd:1
ttp: b390/782 bl:2.3435 bb:1.0558 rl:2.2602 rb:1.0371 dl:564-566 gd:1
ttp: b382/782 bl:2.2909 bb:1.0824 rl:2.2606 rb:1.0377 dl:550-552 gd:1
ttp: b374/782 bl:2.2969 bb:1.0355 rl:2.2611 rb:1.0377 dl:537-538 gd:1
ttp: b366/782 bl:2.3310 bb:1.0678 rl:2.2620 rb:1.0381 dl:524-525 gd:1
ttp: b358/782 bl:2.4024 bb:1.0782 rl:2.2638 rb:1.0386 dl:510-512 gd:1
ttp: b350/782 bl:2.3222 bb:1.0554 rl:2.2646 rb:1.0388 dl:497-498 gd:1
ttp: b343/782 bl:2.2135 bb:1.0417 rl:2.2640 rb:1.0389 dl:486-488 gd:1
ttp: b334/782 bl:2.3711 bb:1.0658 rl:2.2652 rb:1.0392 dl:472-474 gd:1
ttp: b326/782 bl:2.3044 bb:1.0552 rl:2.2656 rb:1.0394 dl:461-462 gd:1
ttp: b318/782 bl:2.3368 bb:1.0679 rl:2.2664 rb:1.0397 dl:448-450 gd:1
ttp: b309/782 bl:2.4040 bb:1.1031 rl:2.2678 rb:1.0403 dl:435-437 gd:1
ttp: b301/782 bl:2.3367 bb:1.0848 rl:2.2685 rb:1.0407 dl:422-424 gd:1
ttp: b293/782 bl:2.4236 bb:1.0928 rl:2.2699 rb:1.0412 dl:410-412 gd:1
ttp: b285/782 bl:2.3658 bb:1.0778 rl:2.2708 rb:1.0416 dl:399-400 gd:1
ttp: b278/782 bl:2.2536 bb:1.0556 rl:2.2707 rb:1.0417 dl:389-391 gd:1
ttp: b270/782 bl:2.3098 bb:1.0568 rl:2.2710 rb:1.0418 dl:379-380 gd:1
ttp: b261/782 bl:2.4176 bb:1.1128 rl:2.2722 rb:1.0424 dl:367-369 gd:1
ttp: b253/782 bl:2.3209 bb:1.1024 rl:2.2726 rb:1.0429 dl:357-358 gd:1
ttp: b245/782 bl:2.3694 bb:1.1092 rl:2.2733 rb:1.0434 dl:347-349 gd:1
ttp: b237/782 bl:2.3279 bb:1.0935 rl:2.2737 rb:1.0437 dl:337-338 gd:1
ttp: b229/782 bl:2.3599 bb:1.0636 rl:2.2743 rb:1.0439 dl:328-329 gd:1
ttp: b221/782 bl:2.3958 bb:1.1164 rl:2.2752 rb:1.0444 dl:318-320 gd:1
ttp: b212/782 bl:2.3532 bb:1.0742 rl:2.2757 rb:1.0446 dl:308-309 gd:1
ttp: b204/782 bl:2.4572 bb:1.1529 rl:2.2768 rb:1.0452 dl:300-301 gd:1
ttp: b196/782 bl:2.4338 bb:1.1106 rl:2.2778 rb:1.0456 dl:291-292 gd:1
ttp: b188/782 bl:2.3308 bb:1.0945 rl:2.2781 rb:1.0459 dl:282-283 gd:1
ttp: b180/782 bl:2.4119 bb:1.1050 rl:2.2789 rb:1.0463 dl:274-275 gd:1
ttp: b173/782 bl:2.4634 bb:1.1279 rl:2.2799 rb:1.0467 dl:267-268 gd:1
ttp: b164/782 bl:2.4253 bb:1.1473 rl:2.2807 rb:1.0472 dl:259-260 gd:1
ttp: b157/782 bl:2.3426 bb:1.1220 rl:2.2810 rb:1.0476 dl:252-253 gd:1
ttp: b149/782 bl:2.3535 bb:1.1464 rl:2.2813 rb:1.0481 dl:244-245 gd:1
ttp: b140/782 bl:2.4263 bb:1.1328 rl:2.2820 rb:1.0485 dl:235-236 gd:1
ttp: b131/782 bl:2.3895 bb:1.1538 rl:2.2825 rb:1.0489 dl:227-228 gd:1
ttp: b121/782 bl:2.4265 bb:1.1075 rl:2.2831 rb:1.0492 dl:218-219 gd:1
ttp: b115/782 bl:2.4491 bb:1.1590 rl:2.2838 rb:1.0496 dl:212-213 gd:1
ttp: b107/782 bl:2.4314 bb:1.1644 rl:2.2844 rb:1.0501 dl:205-206 gd:1
ttp: b99/782 bl:2.4823 bb:1.1691 rl:2.2852 rb:1.0505 dl:198-199 gd:1
ttp: b91/782 bl:2.4562 bb:1.1513 rl:2.2859 rb:1.0509 dl:190-191 gd:1
ttp: b84/782 bl:2.5104 bb:1.1937 rl:2.2867 rb:1.0514 dl:184-185 gd:1
ttp: b76/782 bl:2.4893 bb:1.1691 rl:2.2874 rb:1.0518 dl:177-178 gd:1
ttp: b68/782 bl:2.5003 bb:1.1669 rl:2.2881 rb:1.0522 dl:170-171 gd:1
ttp: b60/782 bl:2.4579 bb:1.1814 rl:2.2886 rb:1.0526 dl:163-164 gd:1
ttp: b52/782 bl:2.6717 bb:1.2471 rl:2.2898 rb:1.0531 dl:155-156 gd:1
ttp: b44/782 bl:2.5615 bb:1.1953 rl:2.2906 rb:1.0535 dl:147-148 gd:1
ttp: b36/782 bl:2.5283 bb:1.2200 rl:2.2912 rb:1.0540 dl:139-140 gd:1
ttp: b28/782 bl:2.6050 bb:1.2082 rl:2.2920 rb:1.0544 dl:131-132 gd:1
ttp: b20/782 bl:2.5843 bb:1.2375 rl:2.2927 rb:1.0548 dl:122-123 gd:1
ttp: b12/782 bl:2.5363 bb:1.1731 rl:2.2932 rb:1.0550 dl:110-112 gd:1
ttp: b4/782 bl:2.7372 bb:1.2265 rl:2.2940 rb:1.0553 dl:93-96 gd:1
quantized_ttt_phased val_loss:2.31227656 val_bpb:1.05662016 eval_time:567066ms
total_eval_time:567.1s
