
*****************************************
Setting OMP_NUM_THREADS environment variable for each process to be 1 in default, to avoid your system being overloaded, please further tune the variable for optimal performance in your application as needed. 
*****************************************
Hyperparameters:
  adam_eps: 1e-08
  adam_wd: 0.02
  agree_add_boost: 0.0
  artifact_dir: 
  asym_logit_rescale: True
  attn_clip_sigmas: 13.0
  attn_out_gate_enabled: False
  attn_out_gate_src: proj
  beta1: 0.9
  beta2: 0.99
  caseops_enabled: True
  compressor: pergroup
  data_dir: ./data
  datasets_dir: ./data/datasets/fineweb10B_sp8192_lossless_caps_caseops_v1_reserved
  distributed: True
  ema_decay: 0.9965
  embed_bits: 7
  embed_clip_sigmas: 14.0
  embed_lr: 0.6
  embed_wd: 0.085
  enable_looping_at: 0.35
  eval_seq_len: 2560
  eval_stride: 64
  fused_ce_enabled: True
  gate_window: 12
  gated_attn_enabled: False
  gated_attn_init_std: 0.01
  gated_attn_quant_gate: False
  global_ttt_batch_seqs: 32
  global_ttt_chunk_tokens: 32768
  global_ttt_epochs: 1
  global_ttt_grad_clip: 1.0
  global_ttt_lr: 0.001
  global_ttt_momentum: 0.9
  global_ttt_muon_nesterov: True
  global_ttt_muon_ns_steps: 5
  global_ttt_optimizer: sgd
  global_ttt_respect_doc_boundaries: True
  global_ttt_warmup_chunks: 0
  global_ttt_warmup_start_lr: 0.0
  gptq_calibration_batches: 32
  gptq_reserve_seconds: 0.5
  grad_accum_steps: 1
  grad_clip_norm: 0.3
  is_main_process: True
  iterations: 20000
  ln_scale: True
  local_rank: 0
  logfile: logs/f8eff9d6-8bc0-493c-acab-376f68c7546a.txt
  logit_softcap: 30.0
  loop_end: 5
  loop_start: 3
  lqer_asym_enabled: True
  lqer_asym_group: 32
  lqer_enabled: True
  lqer_factor_bits: 4
  lqer_rank: 4
  lqer_top_k: 3
  matrix_bits: 6
  matrix_clip_sigmas: 12.85
  matrix_lr: 0.028
  max_wallclock_seconds: 600.0
  min_lr: 0.1
  mlp_clip_sigmas: 11.5
  mlp_mult: 4.0
  model_dim: 512
  model_path: final_model.pt
  muon_backend_steps: 5
  muon_huber_delta: 0.1
  muon_huber_wd: False
  muon_momentum: 0.97
  muon_momentum_warmup_start: 0.92
  muon_momentum_warmup_steps: 1500
  muon_row_normalize: True
  muon_wd: 0.095
  ngram_hint_precompute_outside: False
  ngram_tilt_enabled: True
  num_heads: 8
  num_kv_heads: 4
  num_layers: 11
  num_loops: 2
  optrot_enabled: False
  parallel_final_lane: mean
  parallel_start_layer: 8
  phased_ttt_num_phases: 1
  phased_ttt_prefix_docs: 2500
  qk_gain_init: 5.0
  qk_gain_schedule: []
  quantized_model_path: final_model.int6.ptz
  rank: 0
  rope_base: 10000.0
  rope_dims: 16
  rope_train_seq_len: 2048
  rope_yarn: False
  run_id: f8eff9d6-8bc0-493c-acab-376f68c7546a
  scalar_lr: 0.02
  seed: 0
  skip_gates_enabled: True
  smear_gate_enabled: True
  sparse_attn_gate_enabled: True
  sparse_attn_gate_init_std: 0.0
  sparse_attn_gate_scale: 0.5
  tie_embeddings: True
  tied_embed_init_std: 0.005
  tied_embed_lr: 0.03
  token_boost: 2.625
  token_order: 16
  token_threshold: 0.8
  tokenizer_path: ./data/tokenizers/fineweb_8192_bpe_lossless_caps_caseops_v1_reserved.model
  train_batch_tokens: 786432
  train_files: ./data/datasets/fineweb10B_sp8192_lossless_caps_caseops_v1_reserved/fineweb_train_*.bin
  train_log_every: 500
  train_seq_len: 2048
  ttt_batch_size: 64
  ttt_beta1: 0.0
  ttt_beta2: 0.99
  ttt_chunk_size: 48
  ttt_enabled: True
  ttt_eval_batches: 
  ttt_eval_seq_len: 2560
  ttt_grad_steps: 1
  ttt_grad_steps_clean: False
  ttt_k_lora: False
  ttt_lora_lr: 8e-05
  ttt_lora_rank: 80
  ttt_mlp_lora: True
  ttt_o_lora: True
  ttt_optimizer: adam
  ttt_weight_decay: 2.0
  val_batch_tokens: 524288
  val_bytes_files: ./data/datasets/fineweb10B_sp8192_lossless_caps_caseops_v1_reserved/fineweb_val_bytes_*.bin
  val_doc_fraction: 1.0
  val_files: ./data/datasets/fineweb10B_sp8192_lossless_caps_caseops_v1_reserved/fineweb_val_*.bin
  val_loss_every: 4000
  vocab_size: 8192
  warmdown_frac: 0.85
  warmup_steps: 20
  within_boost: 0.0
  within_tau: 99.0
  word_boost: 0.0
  word_normalize: strip_punct_lower
  word_order: 4
  word_tau: 99.0
  world_size: 8
  xsa_last_n: 11
train_shards: 80
val_tokens: 47851520
model_params:35945673
gptq:reserving 0s, effective=599500ms
warmup_cu_buckets:64,128,192,256 iters_each:3
warmup_step: 1/20
warmup_step: 2/20
warmup_step: 3/20
warmup_step: 4/20
warmup_step: 5/20
warmup_step: 6/20
warmup_step: 10/20
warmup_step: 20/20
loop_warmup:enabled encoder:[0, 1, 2, 3, 4, 5, 3, 4] decoder:[5, 3, 4, 5, 6, 7, 8, 9, 10]
loop_warmup_step: 1/20
loop_warmup_step: 2/20
loop_warmup_step: 3/20
loop_warmup_step: 4/20
loop_warmup_step: 5/20
loop_warmup_step: 6/20
loop_warmup_step: 10/20
loop_warmup_step: 20/20
0/20000 val_loss: 9.0094 val_bpb: 4.1166
1/20000 train_loss: 9.0105 train_time: 0.0m tok/s: 12104542
2/20000 train_loss: 12.9517 train_time: 0.0m tok/s: 11408054
3/20000 train_loss: 10.2479 train_time: 0.0m tok/s: 10257076
4/20000 train_loss: 8.7433 train_time: 0.0m tok/s: 9740181
5/20000 train_loss: 7.9713 train_time: 0.0m tok/s: 9478968
500/20000 train_loss: 2.5714 train_time: 0.8m tok/s: 8322865
1000/20000 train_loss: 2.8072 train_time: 1.6m tok/s: 8256697
1500/20000 train_loss: 2.6222 train_time: 2.4m tok/s: 8257776
2000/20000 train_loss: 2.6548 train_time: 3.2m tok/s: 8259646
layer_loop:enabled step:2204 frac:0.350 encoder:[0, 1, 2, 3, 4, 5, 3, 4] decoder:[5, 3, 4, 5, 6, 7, 8, 9, 10]
2500/20000 train_loss: 2.5461 train_time: 4.2m tok/s: 7826665
3000/20000 train_loss: 2.5579 train_time: 5.3m tok/s: 7350180
3500/20000 train_loss: 2.5612 train_time: 6.5m tok/s: 7043746
4000/20000 train_loss: 2.4082 train_time: 7.7m tok/s: 6830515
4000/20000 val_loss: 2.4250 val_bpb: 1.1080
4500/20000 train_loss: 2.2855 train_time: 8.8m tok/s: 6674366
4997/20000 val_loss: 2.3480 val_bpb: 1.0729
stopping_early: wallclock_cap train_time: 599608ms step: 4997/20000
peak memory allocated: 41697 MiB reserved: 41720 MiB
ema:applying EMA weights
diagnostic pre-quantization post-ema val_loss:2.32218526 val_bpb:1.06105556 eval_time:9310ms
Serialized model: 135418111 bytes
Code size (uncompressed): 191274 bytes
Code size (compressed): 37155 bytes
GPTQ:collecting Hessians from calibration data...
GPTQ:collected 67 Hessians in 6.9s
Quantized weights:
  gptq (int6): blocks.attn.c_k.weight, blocks.attn.c_q.weight, blocks.attn.c_v.weight, blocks.attn.proj.weight, blocks.mlp.fc.weight, blocks.mlp.proj.weight
  gptq (int6)+lqer_asym: blocks.mlp.fc.weight
  gptq (int7)+lqer_asym: tok_emb.weight
  passthrough (float16): blocks.attn.attn_gate_w, blocks.attn.q_gain, blocks.attn_scale, blocks.mlp_scale, blocks.resid_mix, parallel_post_lambdas, parallel_resid_lambdas, skip_gates, skip_weights, smear_gate.weight, smear_lambda, softcap_neg, softcap_pos
pergroup:similarity sort done in 48.5s (67 tensors)
pergroup:Q 35913728 raw → 15673155 (lrzip) (43.6%)
pergroup:remainder 272611 raw → 123598 brotli
pergroup:total frame 15905667 bytes
Serialized model quantized+pergroup: 15905667 bytes
Total submission size quantized+pergroup: 15942822 bytes
diagnostic quantized val_loss:2.34043377 val_bpb:1.06939370 eval_time:10881ms
ttt_grad_steps: 1  ttt_grad_steps_clean: False
ttt_lora:warming up compile (random tokens, no val data)
ttt_lora:compile warmup done (92.0s)

beginning TTT eval timer
ngram_tilt:hints total=47851520 gated=628130 token_gate=628130 within_gate=0 word_gate=0 agree2plus=0
ngram_tilt:precompute_done elapsed=197.72s total_targets=47851520
ttt_phased: total_docs:50000 prefix_docs:2500 suffix_docs:47500 num_phases:1 boundaries:[2500]
ttp: b780/782 bl:2.2263 bb:1.0725 rl:2.2263 rb:1.0725 dl:13091-17244 gd:0
ttp: b762/782 bl:2.3418 bb:1.0844 rl:2.2515 rb:1.0752 dl:4032-4142 gd:0
ttp: b756/782 bl:2.3200 bb:1.0325 rl:2.2622 rb:1.0681 dl:3466-3549 gd:0
ttp: b750/782 bl:2.3765 bb:1.0678 rl:2.2763 rb:1.0680 dl:3090-3149 gd:0
ttp: b744/782 bl:2.3944 bb:1.0772 rl:2.2881 rb:1.0690 dl:2806-2842 gd:0
ttp: b738/782 bl:2.3041 bb:1.0434 rl:2.2895 rb:1.0668 dl:2583-2618 gd:0
ttpp: phase:1/1 pd:2960 gd:2500 t:220.1s
tttg: c1/289 lr:0.001000 t:0.3s
tttg: c2/289 lr:0.001000 t:0.3s
tttg: c3/289 lr:0.001000 t:0.4s
tttg: c4/289 lr:0.001000 t:0.5s
tttg: c5/289 lr:0.001000 t:0.6s
tttg: c6/289 lr:0.000999 t:0.6s
tttg: c7/289 lr:0.000999 t:0.7s
tttg: c8/289 lr:0.000999 t:0.8s
tttg: c9/289 lr:0.000998 t:0.9s
tttg: c10/289 lr:0.000998 t:1.0s
tttg: c11/289 lr:0.000997 t:1.0s
tttg: c12/289 lr:0.000996 t:1.1s
tttg: c13/289 lr:0.000996 t:1.2s
tttg: c14/289 lr:0.000995 t:1.3s
tttg: c15/289 lr:0.000994 t:1.3s
tttg: c16/289 lr:0.000993 t:1.4s
tttg: c17/289 lr:0.000992 t:1.5s
tttg: c18/289 lr:0.000991 t:1.6s
tttg: c19/289 lr:0.000990 t:1.6s
tttg: c20/289 lr:0.000989 t:1.7s
tttg: c21/289 lr:0.000988 t:1.8s
tttg: c22/289 lr:0.000987 t:1.9s
tttg: c23/289 lr:0.000986 t:2.0s
tttg: c24/289 lr:0.000984 t:2.0s
tttg: c25/289 lr:0.000983 t:2.1s
tttg: c26/289 lr:0.000982 t:2.2s
tttg: c27/289 lr:0.000980 t:2.3s
tttg: c28/289 lr:0.000978 t:2.3s
tttg: c29/289 lr:0.000977 t:2.4s
tttg: c30/289 lr:0.000975 t:2.5s
tttg: c31/289 lr:0.000973 t:2.6s
tttg: c32/289 lr:0.000972 t:2.6s
tttg: c33/289 lr:0.000970 t:2.7s
tttg: c34/289 lr:0.000968 t:2.8s
tttg: c35/289 lr:0.000966 t:2.9s
tttg: c36/289 lr:0.000964 t:3.0s
tttg: c37/289 lr:0.000962 t:3.0s
tttg: c38/289 lr:0.000960 t:3.1s
tttg: c39/289 lr:0.000958 t:3.2s
tttg: c40/289 lr:0.000955 t:3.3s
tttg: c41/289 lr:0.000953 t:3.3s
tttg: c42/289 lr:0.000951 t:3.4s
tttg: c43/289 lr:0.000948 t:3.5s
tttg: c44/289 lr:0.000946 t:3.6s
tttg: c45/289 lr:0.000944 t:3.7s
tttg: c46/289 lr:0.000941 t:3.7s
tttg: c47/289 lr:0.000938 t:3.8s
tttg: c48/289 lr:0.000936 t:3.9s
tttg: c49/289 lr:0.000933 t:4.0s
tttg: c50/289 lr:0.000930 t:4.0s
tttg: c51/289 lr:0.000927 t:4.1s
tttg: c52/289 lr:0.000925 t:4.2s
tttg: c53/289 lr:0.000922 t:4.3s
tttg: c54/289 lr:0.000919 t:4.3s
tttg: c55/289 lr:0.000916 t:4.4s
tttg: c56/289 lr:0.000913 t:4.5s
tttg: c57/289 lr:0.000910 t:4.6s
tttg: c58/289 lr:0.000906 t:4.6s
tttg: c59/289 lr:0.000903 t:4.7s
tttg: c60/289 lr:0.000900 t:4.8s
tttg: c61/289 lr:0.000897 t:4.9s
tttg: c62/289 lr:0.000893 t:5.0s
tttg: c63/289 lr:0.000890 t:5.0s
tttg: c64/289 lr:0.000887 t:5.1s
tttg: c65/289 lr:0.000883 t:5.2s
tttg: c66/289 lr:0.000879 t:5.3s
tttg: c67/289 lr:0.000876 t:5.3s
tttg: c68/289 lr:0.000872 t:5.4s
tttg: c69/289 lr:0.000869 t:5.5s
tttg: c70/289 lr:0.000865 t:5.6s
tttg: c71/289 lr:0.000861 t:5.6s
tttg: c72/289 lr:0.000857 t:5.7s
tttg: c73/289 lr:0.000854 t:5.8s
tttg: c74/289 lr:0.000850 t:5.9s
tttg: c75/289 lr:0.000846 t:6.0s
tttg: c76/289 lr:0.000842 t:6.0s
tttg: c77/289 lr:0.000838 t:6.1s
tttg: c78/289 lr:0.000834 t:6.2s
tttg: c79/289 lr:0.000830 t:6.3s
tttg: c80/289 lr:0.000826 t:6.4s
tttg: c81/289 lr:0.000821 t:6.4s
tttg: c82/289 lr:0.000817 t:6.5s
tttg: c83/289 lr:0.000813 t:6.6s
tttg: c84/289 lr:0.000809 t:6.7s
tttg: c85/289 lr:0.000804 t:6.8s
tttg: c86/289 lr:0.000800 t:6.8s
tttg: c87/289 lr:0.000796 t:6.9s
tttg: c88/289 lr:0.000791 t:7.0s
tttg: c89/289 lr:0.000787 t:7.1s
tttg: c90/289 lr:0.000782 t:7.2s
tttg: c91/289 lr:0.000778 t:7.3s
tttg: c92/289 lr:0.000773 t:7.3s
tttg: c93/289 lr:0.000769 t:7.4s
tttg: c94/289 lr:0.000764 t:7.5s
tttg: c95/289 lr:0.000759 t:7.6s
tttg: c96/289 lr:0.000755 t:7.7s
tttg: c97/289 lr:0.000750 t:7.7s
tttg: c98/289 lr:0.000745 t:7.8s
tttg: c99/289 lr:0.000740 t:7.9s
tttg: c100/289 lr:0.000736 t:8.0s
tttg: c101/289 lr:0.000731 t:8.1s
tttg: c102/289 lr:0.000726 t:8.2s
tttg: c103/289 lr:0.000721 t:8.3s
tttg: c104/289 lr:0.000716 t:8.3s
tttg: c105/289 lr:0.000711 t:8.4s
tttg: c106/289 lr:0.000706 t:8.5s
tttg: c107/289 lr:0.000701 t:8.6s
tttg: c108/289 lr:0.000696 t:8.6s
tttg: c109/289 lr:0.000691 t:8.7s
tttg: c110/289 lr:0.000686 t:8.8s
tttg: c111/289 lr:0.000681 t:8.9s
tttg: c112/289 lr:0.000676 t:9.0s
tttg: c113/289 lr:0.000671 t:9.0s
tttg: c114/289 lr:0.000666 t:9.1s
tttg: c115/289 lr:0.000661 t:9.2s
tttg: c116/289 lr:0.000656 t:9.3s
tttg: c117/289 lr:0.000650 t:9.4s
tttg: c118/289 lr:0.000645 t:9.4s
tttg: c119/289 lr:0.000640 t:9.5s
tttg: c120/289 lr:0.000635 t:9.6s
tttg: c121/289 lr:0.000629 t:9.7s
tttg: c122/289 lr:0.000624 t:9.8s
tttg: c123/289 lr:0.000619 t:9.8s
tttg: c124/289 lr:0.000614 t:9.9s
tttg: c125/289 lr:0.000608 t:10.0s
tttg: c126/289 lr:0.000603 t:10.1s
tttg: c127/289 lr:0.000598 t:10.2s
tttg: c128/289 lr:0.000592 t:10.2s
tttg: c129/289 lr:0.000587 t:10.3s
tttg: c130/289 lr:0.000581 t:10.4s
tttg: c131/289 lr:0.000576 t:10.5s
tttg: c132/289 lr:0.000571 t:10.6s
tttg: c133/289 lr:0.000565 t:10.6s
tttg: c134/289 lr:0.000560 t:10.7s
tttg: c135/289 lr:0.000554 t:10.8s
tttg: c136/289 lr:0.000549 t:10.9s
tttg: c137/289 lr:0.000544 t:11.0s
tttg: c138/289 lr:0.000538 t:11.1s
tttg: c139/289 lr:0.000533 t:11.1s
tttg: c140/289 lr:0.000527 t:11.2s
tttg: c141/289 lr:0.000522 t:11.3s
tttg: c142/289 lr:0.000516 t:11.4s
tttg: c143/289 lr:0.000511 t:11.4s
tttg: c144/289 lr:0.000505 t:11.5s
tttg: c145/289 lr:0.000500 t:11.6s
tttg: c146/289 lr:0.000495 t:11.7s
tttg: c147/289 lr:0.000489 t:11.8s
tttg: c148/289 lr:0.000484 t:11.8s
tttg: c149/289 lr:0.000478 t:11.9s
tttg: c150/289 lr:0.000473 t:12.0s
tttg: c151/289 lr:0.000467 t:12.1s
tttg: c152/289 lr:0.000462 t:12.1s
tttg: c153/289 lr:0.000456 t:12.2s
tttg: c154/289 lr:0.000451 t:12.3s
tttg: c155/289 lr:0.000446 t:12.4s
tttg: c156/289 lr:0.000440 t:12.5s
tttg: c157/289 lr:0.000435 t:12.5s
tttg: c158/289 lr:0.000429 t:12.6s
tttg: c159/289 lr:0.000424 t:12.7s
tttg: c160/289 lr:0.000419 t:12.8s
tttg: c161/289 lr:0.000413 t:12.9s
tttg: c162/289 lr:0.000408 t:12.9s
tttg: c163/289 lr:0.000402 t:13.0s
tttg: c164/289 lr:0.000397 t:13.1s
tttg: c165/289 lr:0.000392 t:13.2s
tttg: c166/289 lr:0.000386 t:13.2s
tttg: c167/289 lr:0.000381 t:13.3s
tttg: c168/289 lr:0.000376 t:13.4s
tttg: c169/289 lr:0.000371 t:13.5s
tttg: c170/289 lr:0.000365 t:13.5s
tttg: c171/289 lr:0.000360 t:13.6s
tttg: c172/289 lr:0.000355 t:13.7s
tttg: c173/289 lr:0.000350 t:13.8s
tttg: c174/289 lr:0.000344 t:13.9s
tttg: c175/289 lr:0.000339 t:14.0s
tttg: c176/289 lr:0.000334 t:14.0s
tttg: c177/289 lr:0.000329 t:14.1s
tttg: c178/289 lr:0.000324 t:14.2s
tttg: c179/289 lr:0.000319 t:14.3s
tttg: c180/289 lr:0.000314 t:14.4s
tttg: c181/289 lr:0.000309 t:14.4s
tttg: c182/289 lr:0.000304 t:14.5s
tttg: c183/289 lr:0.000299 t:14.6s
tttg: c184/289 lr:0.000294 t:14.7s
tttg: c185/289 lr:0.000289 t:14.7s
tttg: c186/289 lr:0.000284 t:14.8s
tttg: c187/289 lr:0.000279 t:14.9s
tttg: c188/289 lr:0.000274 t:15.0s
tttg: c189/289 lr:0.000269 t:15.1s
tttg: c190/289 lr:0.000264 t:15.1s
tttg: c191/289 lr:0.000260 t:15.2s
tttg: c192/289 lr:0.000255 t:15.3s
tttg: c193/289 lr:0.000250 t:15.4s
tttg: c194/289 lr:0.000245 t:15.5s
tttg: c195/289 lr:0.000241 t:15.5s
tttg: c196/289 lr:0.000236 t:15.6s
tttg: c197/289 lr:0.000231 t:15.7s
tttg: c198/289 lr:0.000227 t:15.8s
tttg: c199/289 lr:0.000222 t:15.9s
tttg: c200/289 lr:0.000218 t:16.0s
tttg: c201/289 lr:0.000213 t:16.0s
tttg: c202/289 lr:0.000209 t:16.1s
tttg: c203/289 lr:0.000204 t:16.2s
tttg: c204/289 lr:0.000200 t:16.3s
tttg: c205/289 lr:0.000196 t:16.4s
tttg: c206/289 lr:0.000191 t:16.5s
tttg: c207/289 lr:0.000187 t:16.5s
tttg: c208/289 lr:0.000183 t:16.6s
tttg: c209/289 lr:0.000179 t:16.7s
tttg: c210/289 lr:0.000174 t:16.8s
tttg: c211/289 lr:0.000170 t:16.8s
tttg: c212/289 lr:0.000166 t:16.9s
tttg: c213/289 lr:0.000162 t:17.0s
tttg: c214/289 lr:0.000158 t:17.1s
tttg: c215/289 lr:0.000154 t:17.2s
tttg: c216/289 lr:0.000150 t:17.3s
tttg: c217/289 lr:0.000146 t:17.3s
tttg: c218/289 lr:0.000143 t:17.4s
tttg: c219/289 lr:0.000139 t:17.5s
tttg: c220/289 lr:0.000135 t:17.6s
tttg: c221/289 lr:0.000131 t:17.7s
tttg: c222/289 lr:0.000128 t:17.8s
tttg: c223/289 lr:0.000124 t:17.8s
tttg: c224/289 lr:0.000121 t:17.9s
tttg: c225/289 lr:0.000117 t:18.0s
tttg: c226/289 lr:0.000113 t:18.1s
tttg: c227/289 lr:0.000110 t:18.2s
tttg: c228/289 lr:0.000107 t:18.2s
tttg: c229/289 lr:0.000103 t:18.3s
tttg: c230/289 lr:0.000100 t:18.4s
tttg: c231/289 lr:0.000097 t:18.5s
tttg: c232/289 lr:0.000094 t:18.5s
tttg: c233/289 lr:0.000090 t:18.6s
tttg: c234/289 lr:0.000087 t:18.7s
tttg: c235/289 lr:0.000084 t:18.8s
tttg: c236/289 lr:0.000081 t:18.9s
tttg: c237/289 lr:0.000078 t:18.9s
tttg: c238/289 lr:0.000075 t:19.0s
tttg: c239/289 lr:0.000073 t:19.1s
tttg: c240/289 lr:0.000070 t:19.2s
tttg: c241/289 lr:0.000067 t:19.3s
tttg: c242/289 lr:0.000064 t:19.3s
tttg: c243/289 lr:0.000062 t:19.4s
tttg: c244/289 lr:0.000059 t:19.5s
tttg: c245/289 lr:0.000056 t:19.6s
tttg: c246/289 lr:0.000054 t:19.7s
tttg: c247/289 lr:0.000052 t:19.8s
tttg: c248/289 lr:0.000049 t:19.8s
tttg: c249/289 lr:0.000047 t:19.9s
tttg: c250/289 lr:0.000045 t:20.0s
tttg: c251/289 lr:0.000042 t:20.1s
tttg: c252/289 lr:0.000040 t:20.2s
tttg: c253/289 lr:0.000038 t:20.2s
tttg: c254/289 lr:0.000036 t:20.3s
tttg: c255/289 lr:0.000034 t:20.4s
tttg: c256/289 lr:0.000032 t:20.5s
tttg: c257/289 lr:0.000030 t:20.6s
tttg: c258/289 lr:0.000028 t:20.7s
tttg: c259/289 lr:0.000027 t:20.7s
tttg: c260/289 lr:0.000025 t:20.8s
tttg: c261/289 lr:0.000023 t:20.9s
tttg: c262/289 lr:0.000022 t:21.0s
tttg: c263/289 lr:0.000020 t:21.1s
tttg: c264/289 lr:0.000018 t:21.1s
tttg: c265/289 lr:0.000017 t:21.2s
tttg: c266/289 lr:0.000016 t:21.3s
tttg: c267/289 lr:0.000014 t:21.4s
tttg: c268/289 lr:0.000013 t:21.5s
tttg: c269/289 lr:0.000012 t:21.5s
tttg: c270/289 lr:0.000011 t:21.6s
tttg: c271/289 lr:0.000010 t:21.7s
tttg: c272/289 lr:0.000009 t:21.8s
tttg: c273/289 lr:0.000008 t:21.9s
tttg: c274/289 lr:0.000007 t:21.9s
tttg: c275/289 lr:0.000006 t:22.0s
tttg: c276/289 lr:0.000005 t:22.1s
tttg: c277/289 lr:0.000004 t:22.2s
tttg: c278/289 lr:0.000004 t:22.3s
tttg: c279/289 lr:0.000003 t:22.3s
tttg: c280/289 lr:0.000002 t:22.4s
tttg: c281/289 lr:0.000002 t:22.5s
tttg: c282/289 lr:0.000001 t:22.6s
tttg: c283/289 lr:0.000001 t:22.7s
tttg: c284/289 lr:0.000001 t:22.8s
tttg: c285/289 lr:0.000000 t:22.8s
tttg: c286/289 lr:0.000000 t:22.9s
tttg: c287/289 lr:0.000000 t:23.0s
tttg: c288/289 lr:0.000000 t:23.1s
ttpr: phase:1/1 t:244.6s
ttp: b733/782 bl:2.3740 bb:1.0629 rl:2.2957 rb:1.0665 dl:2441-2468 gd:1
ttp: b725/782 bl:2.3093 bb:1.0388 rl:2.2965 rb:1.0647 dl:2232-2254 gd:1
ttp: b722/782 bl:2.3410 bb:1.0490 rl:2.2991 rb:1.0637 dl:2163-2185 gd:1
ttp: b719/782 bl:2.3153 bb:1.0426 rl:2.3000 rb:1.0626 dl:2106-2125 gd:1
ttp: b716/782 bl:2.2424 bb:1.0362 rl:2.2971 rb:1.0613 dl:2054-2069 gd:1
ttp: b713/782 bl:2.2485 bb:1.0105 rl:2.2949 rb:1.0589 dl:2002-2017 gd:1
ttp: b710/782 bl:2.2186 bb:1.0387 rl:2.2917 rb:1.0580 dl:1952-1966 gd:1
ttp: b707/782 bl:2.3498 bb:1.0442 rl:2.2940 rb:1.0575 dl:1910-1923 gd:1
ttp: b704/782 bl:2.2781 bb:1.0351 rl:2.2934 rb:1.0566 dl:1872-1885 gd:1
ttp: b697/782 bl:2.3211 bb:1.0299 rl:2.2943 rb:1.0556 dl:1790-1803 gd:1
ttp: b690/782 bl:2.2901 bb:1.0631 rl:2.2942 rb:1.0559 dl:1715-1725 gd:1
ttp: b684/782 bl:2.3622 bb:1.0407 rl:2.2963 rb:1.0554 dl:1658-1665 gd:1
ttp: b677/782 bl:2.3035 bb:1.0320 rl:2.2965 rb:1.0547 dl:1595-1601 gd:1
ttp: b670/782 bl:2.3359 bb:1.0629 rl:2.2975 rb:1.0549 dl:1537-1544 gd:1
ttp: b662/782 bl:2.2900 bb:1.0236 rl:2.2973 rb:1.0541 dl:1480-1486 gd:1
ttp: b655/782 bl:2.3733 bb:1.0409 rl:2.2991 rb:1.0538 dl:1432-1439 gd:1
ttp: b649/782 bl:2.2805 bb:1.0139 rl:2.2987 rb:1.0529 dl:1392-1398 gd:1
ttp: b641/782 bl:2.2815 bb:1.0211 rl:2.2983 rb:1.0522 dl:1343-1349 gd:1
ttp: b634/782 bl:2.3777 bb:1.0467 rl:2.2999 rb:1.0521 dl:1302-1308 gd:1
ttp: b627/782 bl:2.3718 bb:1.0679 rl:2.3013 rb:1.0524 dl:1266-1271 gd:1
ttp: b619/782 bl:2.3182 bb:1.0572 rl:2.3016 rb:1.0525 dl:1221-1226 gd:1
ttp: b612/782 bl:2.2289 bb:1.0098 rl:2.3004 rb:1.0517 dl:1186-1190 gd:1
ttp: b604/782 bl:2.3695 bb:1.0401 rl:2.3015 rb:1.0515 dl:1150-1154 gd:1
ttp: b596/782 bl:2.2816 bb:1.0431 rl:2.3012 rb:1.0514 dl:1115-1119 gd:1
ttp: b588/782 bl:2.3085 bb:1.0390 rl:2.3013 rb:1.0512 dl:1081-1086 gd:1
ttp: b580/782 bl:2.3064 bb:1.0119 rl:2.3014 rb:1.0506 dl:1048-1052 gd:1
ttp: b572/782 bl:2.3076 bb:1.0379 rl:2.3015 rb:1.0504 dl:1017-1021 gd:1
ttp: b564/782 bl:2.2837 bb:1.0162 rl:2.3012 rb:1.0500 dl:990-993 gd:1
ttp: b556/782 bl:2.3719 bb:1.0663 rl:2.3021 rb:1.0502 dl:961-965 gd:1
ttp: b547/782 bl:2.3275 bb:1.0461 rl:2.3024 rb:1.0501 dl:934-937 gd:1
ttp: b538/782 bl:2.3305 bb:1.0434 rl:2.3028 rb:1.0501 dl:905-909 gd:1
ttp: b530/782 bl:2.3929 bb:1.0763 rl:2.3038 rb:1.0504 dl:882-884 gd:1
ttp: b521/782 bl:2.3462 bb:1.0634 rl:2.3042 rb:1.0505 dl:854-858 gd:1
ttp: b514/782 bl:2.3030 bb:1.0631 rl:2.3042 rb:1.0506 dl:835-838 gd:1
ttp: b506/782 bl:2.3401 bb:1.0105 rl:2.3046 rb:1.0502 dl:812-814 gd:1
ttp: b499/782 bl:2.3258 bb:1.0501 rl:2.3048 rb:1.0502 dl:794-796 gd:1
ttp: b490/782 bl:2.3813 bb:1.0516 rl:2.3055 rb:1.0502 dl:771-773 gd:1
ttp: b482/782 bl:2.3254 bb:1.0454 rl:2.3057 rb:1.0502 dl:752-754 gd:1
ttp: b473/782 bl:2.2586 bb:1.0277 rl:2.3053 rb:1.0500 dl:730-733 gd:1
ttp: b465/782 bl:2.3809 bb:1.0619 rl:2.3059 rb:1.0501 dl:712-714 gd:1
ttp: b456/782 bl:2.3430 bb:1.0378 rl:2.3062 rb:1.0500 dl:693-695 gd:1
ttp: b448/782 bl:2.3081 bb:1.0062 rl:2.3062 rb:1.0496 dl:677-678 gd:1
ttp: b440/782 bl:2.2283 bb:0.9809 rl:2.3056 rb:1.0491 dl:659-662 gd:1
ttp: b431/782 bl:2.3637 bb:1.0486 rl:2.3060 rb:1.0491 dl:642-643 gd:1
ttp: b423/782 bl:2.3051 bb:1.0517 rl:2.3060 rb:1.0491 dl:626-629 gd:1
ttp: b416/782 bl:2.3726 bb:1.0432 rl:2.3065 rb:1.0491 dl:613-615 gd:1
ttp: b407/782 bl:2.2650 bb:1.0369 rl:2.3062 rb:1.0490 dl:595-597 gd:1
ttp: b399/782 bl:2.2805 bb:1.0292 rl:2.3061 rb:1.0488 dl:581-582 gd:1
ttp: b392/782 bl:2.2437 bb:1.0321 rl:2.3057 rb:1.0487 dl:568-570 gd:1
ttp: b384/782 bl:2.3349 bb:1.0503 rl:2.3058 rb:1.0488 dl:554-555 gd:1
ttp: b376/782 bl:2.3112 bb:1.0366 rl:2.3059 rb:1.0487 dl:540-542 gd:1
ttp: b367/782 bl:2.2847 bb:1.0782 rl:2.3058 rb:1.0488 dl:525-527 gd:1
ttp: b359/782 bl:2.2477 bb:1.0321 rl:2.3054 rb:1.0487 dl:512-513 gd:1
ttp: b351/782 bl:2.3512 bb:1.0763 rl:2.3057 rb:1.0489 dl:498-499 gd:1
ttp: b343/782 bl:2.2136 bb:1.0417 rl:2.3052 rb:1.0489 dl:486-488 gd:1
ttp: b335/782 bl:2.3528 bb:1.0658 rl:2.3054 rb:1.0489 dl:474-476 gd:1
ttp: b327/782 bl:2.3241 bb:1.0806 rl:2.3055 rb:1.0491 dl:462-463 gd:1
ttp: b319/782 bl:2.3933 bb:1.0792 rl:2.3059 rb:1.0492 dl:450-451 gd:1
ttp: b311/782 bl:2.3381 bb:1.0777 rl:2.3061 rb:1.0494 dl:438-439 gd:1
ttp: b303/782 bl:2.3838 bb:1.0873 rl:2.3064 rb:1.0495 dl:426-427 gd:1
ttp: b295/782 bl:2.2549 bb:1.0579 rl:2.3062 rb:1.0496 dl:414-415 gd:1
ttp: b287/782 bl:2.3952 bb:1.0912 rl:2.3066 rb:1.0497 dl:402-403 gd:1
ttp: b279/782 bl:2.3008 bb:1.0872 rl:2.3066 rb:1.0499 dl:391-392 gd:1
ttp: b271/782 bl:2.3626 bb:1.1190 rl:2.3068 rb:1.0501 dl:380-382 gd:1
ttp: b263/782 bl:2.3779 bb:1.0757 rl:2.3070 rb:1.0502 dl:370-371 gd:1
ttp: b255/782 bl:2.3603 bb:1.0886 rl:2.3072 rb:1.0504 dl:360-361 gd:1
ttp: b247/782 bl:2.3382 bb:1.0883 rl:2.3074 rb:1.0505 dl:350-351 gd:1
ttp: b239/782 bl:2.3716 bb:1.1012 rl:2.3076 rb:1.0507 dl:340-341 gd:1
ttp: b231/782 bl:2.2906 bb:1.0760 rl:2.3075 rb:1.0508 dl:330-331 gd:1
ttp: b223/782 bl:2.3152 bb:1.1177 rl:2.3075 rb:1.0510 dl:321-322 gd:1
ttp: b215/782 bl:2.3850 bb:1.0932 rl:2.3078 rb:1.0511 dl:312-313 gd:1
ttp: b207/782 bl:2.3396 bb:1.1243 rl:2.3079 rb:1.0513 dl:303-304 gd:1
ttp: b198/782 bl:2.3937 bb:1.0590 rl:2.3081 rb:1.0513 dl:294-295 gd:1
ttp: b191/782 bl:2.4076 bb:1.0953 rl:2.3084 rb:1.0515 dl:285-286 gd:1
ttp: b182/782 bl:2.3391 bb:1.1121 rl:2.3085 rb:1.0516 dl:276-277 gd:1
ttp: b174/782 bl:2.4272 bb:1.1448 rl:2.3088 rb:1.0519 dl:268-269 gd:1
ttp: b164/782 bl:2.4268 bb:1.1480 rl:2.3091 rb:1.0521 dl:259-260 gd:1
ttp: b158/782 bl:2.3317 bb:1.1024 rl:2.3092 rb:1.0522 dl:253-254 gd:1
ttp: b149/782 bl:2.3618 bb:1.1504 rl:2.3093 rb:1.0524 dl:244-245 gd:1
ttp: b141/782 bl:2.4680 bb:1.1263 rl:2.3097 rb:1.0526 dl:236-237 gd:1
ttp: b133/782 bl:2.3570 bb:1.1306 rl:2.3098 rb:1.0528 dl:229-230 gd:1
ttp: b124/782 bl:2.3638 bb:1.1547 rl:2.3099 rb:1.0530 dl:220-222 gd:1
ttp: b117/782 bl:2.4710 bb:1.2007 rl:2.3102 rb:1.0533 dl:214-215 gd:1
ttp: b110/782 bl:2.3558 bb:1.1180 rl:2.3103 rb:1.0534 dl:208-208 gd:1
ttp: b101/782 bl:2.4991 bb:1.1487 rl:2.3107 rb:1.0536 dl:200-201 gd:1
ttp: b93/782 bl:2.4722 bb:1.1858 rl:2.3110 rb:1.0538 dl:192-193 gd:1
ttp: b86/782 bl:2.4528 bb:1.1316 rl:2.3112 rb:1.0539 dl:186-187 gd:1
ttp: b78/782 bl:2.5356 bb:1.1871 rl:2.3116 rb:1.0542 dl:179-180 gd:1
ttp: b71/782 bl:2.4595 bb:1.1755 rl:2.3118 rb:1.0543 dl:173-173 gd:1
ttp: b63/782 bl:2.5163 bb:1.2003 rl:2.3122 rb:1.0546 dl:166-166 gd:1
ttp: b54/782 bl:2.4615 bb:1.2075 rl:2.3124 rb:1.0548 dl:157-158 gd:1
ttp: b46/782 bl:2.5311 bb:1.2086 rl:2.3127 rb:1.0550 dl:149-150 gd:1
ttp: b37/782 bl:2.5672 bb:1.2100 rl:2.3130 rb:1.0552 dl:140-141 gd:1
ttp: b30/782 bl:2.5752 bb:1.2556 rl:2.3134 rb:1.0554 dl:133-134 gd:1
ttp: b22/782 bl:2.5420 bb:1.1899 rl:2.3136 rb:1.0556 dl:124-126 gd:1
ttp: b14/782 bl:2.5918 bb:1.1832 rl:2.3139 rb:1.0557 dl:114-115 gd:1
ttp: b6/782 bl:2.7068 bb:1.2068 rl:2.3143 rb:1.0559 dl:99-101 gd:1
quantized_ttt_phased val_loss:2.31265572 val_bpb:1.05679341 eval_time:567097ms
total_eval_time:567.1s
