[ttt] stageb_v2_scalar_lqtop1_embed150_wd082_qkg5125_seed999_ttt_rank80_p2500 2026-05-01T12:41:22+00:00
ARTIFACT_DIR=/workspace/pg_stageb_v2_forced/artifacts
ATTN_CLIP_SIGMAS=13.0
CASEOPS_ENABLED=1
DATA_PATH=/workspace/pg_stageb_v2_forced/datasets/fineweb10B_sp8192_lossless_caps_caseops_v1_reserved
EMBED_CLIP_SIGMAS=15.0
EVAL_SEQ_LEN=2048
GATED_ATTN_QUANT_GATE=1
MATRIX_CLIP_SIGMAS=12.65
MLP_CLIP_SIGMAS=11.75
NPROC_PER_NODE=8
QK_GAIN_INIT=5.125
RUN_ID=stageb_v2_scalar_lqtop1_embed150_wd082_qkg5125_seed999_ttt_rank80_p2500
SCALAR_QUANT_ENABLED=1
SEED=999
SPARSE_ATTN_GATE_SCALE=0.75
TOKENIZER_PATH=/workspace/pg_stageb_v2_forced/tokenizers/fineweb_8192_bpe_lossless_caps_caseops_v1_reserved.model
WARMDOWN_FRAC=0.82
W0501 12:41:23.703000 133637 torch/distributed/run.py:803] 
W0501 12:41:23.703000 133637 torch/distributed/run.py:803] *****************************************
W0501 12:41:23.703000 133637 torch/distributed/run.py:803] Setting OMP_NUM_THREADS environment variable for each process to be 1 in default, to avoid your system being overloaded, please further tune the variable for optimal performance in your application as needed. 
W0501 12:41:23.703000 133637 torch/distributed/run.py:803] *****************************************
Hyperparameters:
  adam_eps: 1e-08
  adam_wd: 0.02
  artifact_dir: /workspace/pg_stageb_v2_forced/artifacts
  attn_clip_sigmas: 13.0
  attn_out_gate_enabled: False
  attn_out_gate_src: proj
  beta1: 0.9
  beta2: 0.95
  caseops_enabled: True
  compressor: brotli
  data_dir: ./data/
  datasets_dir: /workspace/pg_stageb_v2_forced/datasets/fineweb10B_sp8192_lossless_caps_caseops_v1_reserved
  distributed: True
  ema_decay: 0.9965
  embed_bits: 7
  embed_clip_sigmas: 15.0
  embed_lr: 0.6
  embed_wd: 0.085
  enable_looping_at: 0.35
  eval_seq_len: 2048
  eval_stride: 64
  fused_ce_enabled: True
  fused_mlp_enabled: True
  gate_window: 12
  gated_attn_enabled: False
  gated_attn_init_std: 0.01
  gated_attn_quant_gate: True
  global_ttt_batch_seqs: 32
  global_ttt_chunk_tokens: 32768
  global_ttt_epochs: 1
  global_ttt_grad_clip: 1.0
  global_ttt_lr: 0.001
  global_ttt_momentum: 0.9
  global_ttt_respect_doc_boundaries: True
  global_ttt_warmup_chunks: 0
  global_ttt_warmup_start_lr: 0.0
  gptq_calibration_batches: 20
  gptq_reserve_seconds: 8.0
  grad_accum_steps: 1
  grad_clip_norm: 0.3
  is_main_process: True
  iterations: 20000
  ln_scale: True
  local_rank: 0
  logfile: /workspace/pg_stageb_v2_forced/artifacts/stageb_v2_scalar_lqtop1_embed150_wd082_qkg5125_seed999_ttt_rank80_p2500.txt
  logit_softcap: 30.0
  loop_end: 5
  loop_start: 3
  lqer_asym_enabled: True
  lqer_asym_group: 64
  lqer_enabled: True
  lqer_factor_bits: 4
  lqer_rank: 4
  lqer_top_k: 1
  matrix_bits: 6
  matrix_clip_sigmas: 12.65
  matrix_lr: 0.026
  max_wallclock_seconds: 600.0
  min_lr: 0.1
  mlp_clip_sigmas: 11.75
  mlp_mult: 4.0
  model_dim: 512
  model_path: /workspace/pg_stageb_v2_forced/artifacts/final_model.pt
  muon_backend_steps: 5
  muon_momentum: 0.97
  muon_momentum_warmup_start: 0.92
  muon_momentum_warmup_steps: 1500
  muon_row_normalize: True
  muon_wd: 0.095
  ngram_mix_alpha: 0.0
  ngram_row_k: 8.0
  ngram_smooth: 0.05
  ngram_unigram_mix: 0.05
  num_heads: 8
  num_kv_heads: 4
  num_layers: 11
  num_loops: 2
  parallel_final_lane: mean
  parallel_start_layer: 8
  phased_ttt_num_phases: 3
  phased_ttt_prefix_docs: 2500
  qk_gain_init: 5.125
  quantized_model_path: /workspace/pg_stageb_v2_forced/artifacts/final_model.int6.ptz
  rank: 0
  rope_base: 10000.0
  rope_dims: 16
  rope_train_seq_len: 2048
  rope_yarn: False
  run_id: stageb_v2_scalar_lqtop1_embed150_wd082_qkg5125_seed999_ttt_rank80_p2500
  scalar_lr: 0.02
  scalar_quant_enabled: True
  seed: 999
  skip_gates_enabled: True
  smear_gate_enabled: True
  sparse_attn_gate_enabled: True
  sparse_attn_gate_init_std: 0.0
  sparse_attn_gate_scale: 0.75
  tie_embeddings: True
  tied_embed_init_std: 0.005
  tied_embed_lr: 0.03
  tokenizer_path: /workspace/pg_stageb_v2_forced/tokenizers/fineweb_8192_bpe_lossless_caps_caseops_v1_reserved.model
  train_batch_tokens: 786432
  train_files: /workspace/pg_stageb_v2_forced/datasets/fineweb10B_sp8192_lossless_caps_caseops_v1_reserved/fineweb_train_*.bin
  train_log_every: 100
  train_seq_len: 2048
  ttt_batch_size: 64
  ttt_beta1: 0.0
  ttt_beta2: 0.99
  ttt_chunk_size: 48
  ttt_enabled: True
  ttt_eval_batches: 
  ttt_eval_seq_len: 2048
  ttt_grad_steps: 1
  ttt_k_lora: True
  ttt_lora_lr: 0.0001
  ttt_lora_rank: 80
  ttt_mlp_lora: True
  ttt_o_lora: True
  ttt_optimizer: adam
  ttt_weight_decay: 0.5
  val_batch_tokens: 524288
  val_bytes_files: /workspace/pg_stageb_v2_forced/datasets/fineweb10B_sp8192_lossless_caps_caseops_v1_reserved/fineweb_val_bytes_*.bin
  val_doc_fraction: 1.0
  val_files: /workspace/pg_stageb_v2_forced/datasets/fineweb10B_sp8192_lossless_caps_caseops_v1_reserved/fineweb_val_*.bin
  val_loss_every: 0
  vocab_size: 8192
  warmdown_frac: 0.82
  warmup_steps: 20
  world_size: 8
  xsa_last_n: 11
train_shards: 80
val_tokens: 47851520
TTT_EVAL_ONLY=1 — skipping training + GPTQ, loading saved artifact for TTT eval
ttt_lora_alpha: 144.0
ttt_warm_start_a: True
ttt_weight_decay: 0.5
ttt_lora:warming up compile (random tokens, no val data)
ttt_lora:compile warmup done (104.3s)

beginning TTT eval timer
ttt_phased: total_docs:50000 prefix_docs:2500 suffix_docs:47500 num_phases:3 boundaries:[833, 1666, 2500]
ttp: b781/782 bl:2.1557 bb:1.0547 rl:2.1557 rb:1.0547 dl:17258-30330 gd:0
ttpp: phase:1/3 pd:1296 gd:833 t:215.0s
tttg: c1/131 lr:0.001000 t:0.4s
tttg: c2/131 lr:0.001000 t:0.5s
tttg: c3/131 lr:0.000999 t:0.6s
tttg: c4/131 lr:0.000999 t:0.6s
tttg: c5/131 lr:0.000998 t:0.7s
tttg: c6/131 lr:0.000996 t:0.8s
tttg: c7/131 lr:0.000995 t:0.9s
tttg: c8/131 lr:0.000993 t:0.9s
tttg: c9/131 lr:0.000991 t:1.0s
tttg: c10/131 lr:0.000988 t:1.1s
tttg: c11/131 lr:0.000985 t:2.2s
tttg: c12/131 lr:0.000982 t:2.2s
tttg: c13/131 lr:0.000979 t:2.3s
tttg: c14/131 lr:0.000976 t:2.4s
tttg: c15/131 lr:0.000972 t:2.5s
tttg: c16/131 lr:0.000968 t:2.5s
tttg: c17/131 lr:0.000963 t:2.6s
tttg: c18/131 lr:0.000958 t:2.7s
tttg: c19/131 lr:0.000953 t:2.8s
tttg: c20/131 lr:0.000948 t:2.8s
tttg: c21/131 lr:0.000943 t:2.9s
tttg: c22/131 lr:0.000937 t:3.0s
tttg: c23/131 lr:0.000931 t:3.0s
tttg: c24/131 lr:0.000925 t:3.1s
tttg: c25/131 lr:0.000918 t:3.2s
tttg: c26/131 lr:0.000911 t:3.3s
tttg: c27/131 lr:0.000905 t:3.4s
tttg: c28/131 lr:0.000897 t:3.4s
tttg: c29/131 lr:0.000890 t:3.5s
tttg: c30/131 lr:0.000882 t:3.6s
tttg: c31/131 lr:0.000874 t:3.7s
tttg: c32/131 lr:0.000866 t:3.7s
tttg: c33/131 lr:0.000858 t:3.8s
tttg: c34/131 lr:0.000849 t:3.9s
tttg: c35/131 lr:0.000841 t:4.0s
tttg: c36/131 lr:0.000832 t:4.0s
tttg: c37/131 lr:0.000822 t:4.1s
tttg: c38/131 lr:0.000813 t:4.2s
tttg: c39/131 lr:0.000804 t:4.3s
tttg: c40/131 lr:0.000794 t:4.3s
tttg: c41/131 lr:0.000784 t:4.4s
tttg: c42/131 lr:0.000774 t:4.5s
tttg: c43/131 lr:0.000764 t:4.6s
tttg: c44/131 lr:0.000753 t:4.6s
tttg: c45/131 lr:0.000743 t:4.7s
tttg: c46/131 lr:0.000732 t:4.8s
tttg: c47/131 lr:0.000722 t:4.9s
tttg: c48/131 lr:0.000711 t:4.9s
tttg: c49/131 lr:0.000700 t:5.0s
tttg: c50/131 lr:0.000689 t:5.1s
tttg: c51/131 lr:0.000677 t:5.2s
tttg: c52/131 lr:0.000666 t:5.2s
tttg: c53/131 lr:0.000655 t:5.3s
tttg: c54/131 lr:0.000643 t:5.4s
tttg: c55/131 lr:0.000631 t:5.5s
tttg: c56/131 lr:0.000620 t:5.5s
tttg: c57/131 lr:0.000608 t:5.6s
tttg: c58/131 lr:0.000596 t:5.7s
tttg: c59/131 lr:0.000584 t:5.8s
tttg: c60/131 lr:0.000572 t:5.8s
tttg: c61/131 lr:0.000560 t:5.9s
tttg: c62/131 lr:0.000548 t:6.0s
tttg: c63/131 lr:0.000536 t:6.1s
tttg: c64/131 lr:0.000524 t:6.1s
tttg: c65/131 lr:0.000512 t:6.2s
tttg: c66/131 lr:0.000500 t:6.3s
tttg: c67/131 lr:0.000488 t:6.4s
tttg: c68/131 lr:0.000476 t:6.4s
tttg: c69/131 lr:0.000464 t:6.5s
tttg: c70/131 lr:0.000452 t:6.6s
tttg: c71/131 lr:0.000440 t:6.7s
tttg: c72/131 lr:0.000428 t:6.8s
tttg: c73/131 lr:0.000416 t:6.8s
tttg: c74/131 lr:0.000404 t:6.9s
tttg: c75/131 lr:0.000392 t:7.0s
tttg: c76/131 lr:0.000380 t:7.1s
tttg: c77/131 lr:0.000369 t:7.1s
tttg: c78/131 lr:0.000357 t:7.2s
tttg: c79/131 lr:0.000345 t:7.3s
tttg: c80/131 lr:0.000334 t:7.4s
tttg: c81/131 lr:0.000323 t:7.4s
tttg: c82/131 lr:0.000311 t:7.5s
tttg: c83/131 lr:0.000300 t:7.6s
tttg: c84/131 lr:0.000289 t:7.7s
tttg: c85/131 lr:0.000278 t:7.7s
tttg: c86/131 lr:0.000268 t:7.8s
tttg: c87/131 lr:0.000257 t:7.9s
tttg: c88/131 lr:0.000247 t:8.0s
tttg: c89/131 lr:0.000236 t:8.0s
tttg: c90/131 lr:0.000226 t:8.1s
tttg: c91/131 lr:0.000216 t:8.2s
tttg: c92/131 lr:0.000206 t:8.3s
tttg: c93/131 lr:0.000196 t:8.4s
tttg: c94/131 lr:0.000187 t:8.4s
tttg: c95/131 lr:0.000178 t:8.5s
tttg: c96/131 lr:0.000168 t:8.6s
tttg: c97/131 lr:0.000159 t:8.7s
tttg: c98/131 lr:0.000151 t:8.8s
tttg: c99/131 lr:0.000142 t:8.8s
tttg: c100/131 lr:0.000134 t:8.9s
tttg: c101/131 lr:0.000126 t:9.0s
tttg: c102/131 lr:0.000118 t:9.0s
tttg: c103/131 lr:0.000110 t:9.1s
tttg: c104/131 lr:0.000103 t:9.2s
tttg: c105/131 lr:0.000095 t:9.3s
tttg: c106/131 lr:0.000089 t:9.3s
tttg: c107/131 lr:0.000082 t:9.4s
tttg: c108/131 lr:0.000075 t:9.5s
tttg: c109/131 lr:0.000069 t:9.6s
tttg: c110/131 lr:0.000063 t:9.7s
tttg: c111/131 lr:0.000057 t:9.7s
tttg: c112/131 lr:0.000052 t:9.8s
tttg: c113/131 lr:0.000047 t:9.9s
tttg: c114/131 lr:0.000042 t:10.0s
tttg: c115/131 lr:0.000037 t:10.0s
tttg: c116/131 lr:0.000032 t:10.1s
tttg: c117/131 lr:0.000028 t:10.2s
tttg: c118/131 lr:0.000024 t:10.3s
tttg: c119/131 lr:0.000021 t:10.3s
tttg: c120/131 lr:0.000018 t:10.4s
tttg: c121/131 lr:0.000015 t:10.5s
tttg: c122/131 lr:0.000012 t:10.6s
tttg: c123/131 lr:0.000009 t:10.6s
tttg: c124/131 lr:0.000007 t:10.7s
tttg: c125/131 lr:0.000005 t:10.8s
tttg: c126/131 lr:0.000004 t:10.9s
tttg: c127/131 lr:0.000002 t:10.9s
tttg: c128/131 lr:0.000001 t:11.0s
tttg: c129/131 lr:0.000001 t:11.1s
tttg: c130/131 lr:0.000000 t:11.2s
ttpr: phase:1/3 t:227.9s
ttp: b755/782 bl:2.3907 bb:1.0798 rl:2.1873 rb:1.0584 dl:3397-3466 gd:0
ttp: b752/782 bl:2.3350 bb:1.0734 rl:2.2040 rb:1.0601 dl:3222-3283 gd:0
ttpp: phase:2/3 pd:2128 gd:1666 t:300.1s
tttg: c1/219 lr:0.001000 t:0.1s
tttg: c2/219 lr:0.001000 t:0.1s
tttg: c3/219 lr:0.001000 t:0.2s
tttg: c4/219 lr:0.001000 t:0.3s
tttg: c5/219 lr:0.000999 t:0.4s
tttg: c6/219 lr:0.000999 t:0.4s
tttg: c7/219 lr:0.000998 t:0.5s
tttg: c8/219 lr:0.000997 t:0.6s
tttg: c9/219 lr:0.000997 t:0.7s
tttg: c10/219 lr:0.000996 t:0.7s
tttg: c11/219 lr:0.000995 t:0.8s
tttg: c12/219 lr:0.000994 t:0.9s
tttg: c13/219 lr:0.000993 t:1.0s
tttg: c14/219 lr:0.000991 t:1.0s
tttg: c15/219 lr:0.000990 t:1.1s
tttg: c16/219 lr:0.000988 t:1.2s
tttg: c17/219 lr:0.000987 t:1.3s
tttg: c18/219 lr:0.000985 t:1.4s
tttg: c19/219 lr:0.000983 t:1.4s
tttg: c20/219 lr:0.000981 t:1.5s
tttg: c21/219 lr:0.000979 t:1.6s
tttg: c22/219 lr:0.000977 t:1.7s
tttg: c23/219 lr:0.000975 t:1.7s
tttg: c24/219 lr:0.000973 t:1.8s
tttg: c25/219 lr:0.000970 t:1.9s
tttg: c26/219 lr:0.000968 t:2.0s
tttg: c27/219 lr:0.000965 t:2.0s
tttg: c28/219 lr:0.000963 t:2.1s
tttg: c29/219 lr:0.000960 t:2.2s
tttg: c30/219 lr:0.000957 t:2.3s
tttg: c31/219 lr:0.000954 t:2.3s
tttg: c32/219 lr:0.000951 t:2.4s
tttg: c33/219 lr:0.000948 t:2.5s
tttg: c34/219 lr:0.000945 t:2.6s
tttg: c35/219 lr:0.000941 t:2.6s
tttg: c36/219 lr:0.000938 t:2.7s
tttg: c37/219 lr:0.000934 t:2.8s
tttg: c38/219 lr:0.000931 t:2.9s
tttg: c39/219 lr:0.000927 t:2.9s
tttg: c40/219 lr:0.000923 t:3.0s
tttg: c41/219 lr:0.000919 t:3.1s
tttg: c42/219 lr:0.000915 t:3.2s
tttg: c43/219 lr:0.000911 t:3.3s
tttg: c44/219 lr:0.000907 t:3.3s
tttg: c45/219 lr:0.000903 t:3.4s
tttg: c46/219 lr:0.000898 t:3.5s
tttg: c47/219 lr:0.000894 t:3.6s
tttg: c48/219 lr:0.000890 t:3.6s
tttg: c49/219 lr:0.000885 t:3.7s
tttg: c50/219 lr:0.000880 t:3.8s
tttg: c51/219 lr:0.000876 t:3.9s
tttg: c52/219 lr:0.000871 t:4.0s
tttg: c53/219 lr:0.000866 t:4.0s
tttg: c54/219 lr:0.000861 t:4.1s
tttg: c55/219 lr:0.000856 t:4.2s
tttg: c56/219 lr:0.000851 t:4.3s
tttg: c57/219 lr:0.000846 t:4.3s
tttg: c58/219 lr:0.000841 t:4.4s
tttg: c59/219 lr:0.000835 t:4.5s
tttg: c60/219 lr:0.000830 t:4.6s
tttg: c61/219 lr:0.000824 t:4.6s
tttg: c62/219 lr:0.000819 t:4.7s
tttg: c63/219 lr:0.000813 t:4.8s
tttg: c64/219 lr:0.000808 t:4.9s
tttg: c65/219 lr:0.000802 t:4.9s
tttg: c66/219 lr:0.000796 t:5.0s
tttg: c67/219 lr:0.000790 t:5.1s
tttg: c68/219 lr:0.000784 t:5.2s
tttg: c69/219 lr:0.000779 t:5.3s
tttg: c70/219 lr:0.000773 t:5.3s
tttg: c71/219 lr:0.000766 t:5.4s
tttg: c72/219 lr:0.000760 t:5.5s
tttg: c73/219 lr:0.000754 t:5.6s
tttg: c74/219 lr:0.000748 t:5.6s
tttg: c75/219 lr:0.000742 t:5.7s
tttg: c76/219 lr:0.000735 t:5.8s
tttg: c77/219 lr:0.000729 t:5.9s
tttg: c78/219 lr:0.000722 t:5.9s
tttg: c79/219 lr:0.000716 t:6.0s
tttg: c80/219 lr:0.000709 t:6.1s
tttg: c81/219 lr:0.000703 t:6.2s
tttg: c82/219 lr:0.000696 t:6.2s
tttg: c83/219 lr:0.000690 t:6.3s
tttg: c84/219 lr:0.000683 t:6.4s
tttg: c85/219 lr:0.000676 t:6.5s
tttg: c86/219 lr:0.000670 t:6.6s
tttg: c87/219 lr:0.000663 t:6.6s
tttg: c88/219 lr:0.000656 t:6.7s
tttg: c89/219 lr:0.000649 t:6.8s
tttg: c90/219 lr:0.000642 t:6.9s
tttg: c91/219 lr:0.000635 t:6.9s
tttg: c92/219 lr:0.000628 t:7.0s
tttg: c93/219 lr:0.000621 t:7.1s
tttg: c94/219 lr:0.000614 t:7.2s
tttg: c95/219 lr:0.000607 t:7.2s
tttg: c96/219 lr:0.000600 t:7.3s
tttg: c97/219 lr:0.000593 t:7.4s
tttg: c98/219 lr:0.000586 t:7.5s
tttg: c99/219 lr:0.000579 t:7.5s
tttg: c100/219 lr:0.000572 t:7.6s
tttg: c101/219 lr:0.000565 t:7.7s
tttg: c102/219 lr:0.000558 t:7.8s
tttg: c103/219 lr:0.000550 t:7.9s
tttg: c104/219 lr:0.000543 t:7.9s
tttg: c105/219 lr:0.000536 t:8.0s
tttg: c106/219 lr:0.000529 t:8.1s
tttg: c107/219 lr:0.000522 t:8.2s
tttg: c108/219 lr:0.000514 t:8.3s
tttg: c109/219 lr:0.000507 t:8.3s
tttg: c110/219 lr:0.000500 t:8.4s
tttg: c111/219 lr:0.000493 t:8.5s
tttg: c112/219 lr:0.000486 t:8.6s
tttg: c113/219 lr:0.000478 t:8.6s
tttg: c114/219 lr:0.000471 t:8.7s
tttg: c115/219 lr:0.000464 t:8.8s
tttg: c116/219 lr:0.000457 t:8.9s
tttg: c117/219 lr:0.000450 t:8.9s
tttg: c118/219 lr:0.000442 t:9.0s
tttg: c119/219 lr:0.000435 t:9.1s
tttg: c120/219 lr:0.000428 t:9.2s
tttg: c121/219 lr:0.000421 t:9.2s
tttg: c122/219 lr:0.000414 t:9.3s
tttg: c123/219 lr:0.000407 t:9.4s
tttg: c124/219 lr:0.000400 t:9.5s
tttg: c125/219 lr:0.000393 t:9.6s
tttg: c126/219 lr:0.000386 t:9.6s
tttg: c127/219 lr:0.000379 t:9.7s
tttg: c128/219 lr:0.000372 t:9.8s
tttg: c129/219 lr:0.000365 t:9.9s
tttg: c130/219 lr:0.000358 t:9.9s
tttg: c131/219 lr:0.000351 t:10.0s
tttg: c132/219 lr:0.000344 t:10.1s
tttg: c133/219 lr:0.000337 t:10.2s
tttg: c134/219 lr:0.000330 t:10.2s
tttg: c135/219 lr:0.000324 t:10.3s
tttg: c136/219 lr:0.000317 t:10.4s
tttg: c137/219 lr:0.000310 t:10.5s
tttg: c138/219 lr:0.000304 t:10.5s
tttg: c139/219 lr:0.000297 t:10.6s
tttg: c140/219 lr:0.000291 t:10.7s
tttg: c141/219 lr:0.000284 t:10.8s
tttg: c142/219 lr:0.000278 t:10.9s
tttg: c143/219 lr:0.000271 t:10.9s
tttg: c144/219 lr:0.000265 t:11.0s
tttg: c145/219 lr:0.000258 t:11.1s
tttg: c146/219 lr:0.000252 t:11.1s
tttg: c147/219 lr:0.000246 t:11.2s
tttg: c148/219 lr:0.000240 t:11.3s
tttg: c149/219 lr:0.000234 t:11.4s
tttg: c150/219 lr:0.000227 t:11.5s
tttg: c151/219 lr:0.000221 t:11.5s
tttg: c152/219 lr:0.000216 t:11.6s
tttg: c153/219 lr:0.000210 t:11.7s
tttg: c154/219 lr:0.000204 t:11.8s
tttg: c155/219 lr:0.000198 t:11.8s
tttg: c156/219 lr:0.000192 t:11.9s
tttg: c157/219 lr:0.000187 t:12.0s
tttg: c158/219 lr:0.000181 t:12.1s
tttg: c159/219 lr:0.000176 t:12.1s
tttg: c160/219 lr:0.000170 t:12.2s
tttg: c161/219 lr:0.000165 t:12.3s
tttg: c162/219 lr:0.000159 t:12.4s
tttg: c163/219 lr:0.000154 t:12.4s
tttg: c164/219 lr:0.000149 t:12.5s
tttg: c165/219 lr:0.000144 t:12.6s
tttg: c166/219 lr:0.000139 t:12.7s
tttg: c167/219 lr:0.000134 t:12.7s
tttg: c168/219 lr:0.000129 t:12.8s
tttg: c169/219 lr:0.000124 t:12.9s
tttg: c170/219 lr:0.000120 t:13.0s
tttg: c171/219 lr:0.000115 t:13.1s
tttg: c172/219 lr:0.000110 t:13.1s
tttg: c173/219 lr:0.000106 t:13.2s
tttg: c174/219 lr:0.000102 t:13.3s
tttg: c175/219 lr:0.000097 t:13.4s
tttg: c176/219 lr:0.000093 t:13.4s
tttg: c177/219 lr:0.000089 t:13.5s
tttg: c178/219 lr:0.000085 t:13.6s
tttg: c179/219 lr:0.000081 t:13.7s
tttg: c180/219 lr:0.000077 t:13.7s
tttg: c181/219 lr:0.000073 t:13.8s
tttg: c182/219 lr:0.000069 t:13.9s
tttg: c183/219 lr:0.000066 t:14.0s
tttg: c184/219 lr:0.000062 t:14.0s
tttg: c185/219 lr:0.000059 t:14.1s
tttg: c186/219 lr:0.000055 t:14.2s
tttg: c187/219 lr:0.000052 t:14.3s
tttg: c188/219 lr:0.000049 t:14.4s
tttg: c189/219 lr:0.000046 t:14.4s
tttg: c190/219 lr:0.000043 t:14.5s
tttg: c191/219 lr:0.000040 t:14.6s
tttg: c192/219 lr:0.000037 t:14.7s
tttg: c193/219 lr:0.000035 t:14.7s
tttg: c194/219 lr:0.000032 t:14.8s
tttg: c195/219 lr:0.000030 t:14.9s
tttg: c196/219 lr:0.000027 t:15.0s
tttg: c197/219 lr:0.000025 t:15.0s
tttg: c198/219 lr:0.000023 t:15.1s
tttg: c199/219 lr:0.000021 t:15.2s
tttg: c200/219 lr:0.000019 t:15.3s
tttg: c201/219 lr:0.000017 t:15.3s
tttg: c202/219 lr:0.000015 t:15.4s
tttg: c203/219 lr:0.000013 t:15.5s
tttg: c204/219 lr:0.000012 t:15.6s
tttg: c205/219 lr:0.000010 t:15.6s
tttg: c206/219 lr:0.000009 t:15.7s
tttg: c207/219 lr:0.000007 t:15.8s
tttg: c208/219 lr:0.000006 t:15.9s
tttg: c209/219 lr:0.000005 t:15.9s
tttg: c210/219 lr:0.000004 t:16.0s
tttg: c211/219 lr:0.000003 t:16.1s
tttg: c212/219 lr:0.000003 t:16.2s
tttg: c213/219 lr:0.000002 t:16.2s
tttg: c214/219 lr:0.000001 t:16.3s
tttg: c215/219 lr:0.000001 t:16.4s
tttg: c216/219 lr:0.000000 t:16.5s
tttg: c217/219 lr:0.000000 t:16.6s
tttg: c218/219 lr:0.000000 t:16.6s
ttpr: phase:2/3 t:318.5s
ttp: b742/782 bl:2.3300 bb:1.0490 rl:2.2150 rb:1.0591 dl:2730-2762 gd:0
ttp: b739/782 bl:2.2954 bb:1.0241 rl:2.2212 rb:1.0562 dl:2619-2652 gd:0
ttpp: phase:3/3 pd:2960 gd:2500 t:333.8s
tttg: c1/289 lr:0.001000 t:0.1s
tttg: c2/289 lr:0.001000 t:0.1s
tttg: c3/289 lr:0.001000 t:0.2s
tttg: c4/289 lr:0.001000 t:0.3s
tttg: c5/289 lr:0.001000 t:0.4s
tttg: c6/289 lr:0.000999 t:0.4s
tttg: c7/289 lr:0.000999 t:0.5s
tttg: c8/289 lr:0.000999 t:0.6s
tttg: c9/289 lr:0.000998 t:0.7s
tttg: c10/289 lr:0.000998 t:0.7s
tttg: c11/289 lr:0.000997 t:0.8s
tttg: c12/289 lr:0.000996 t:0.9s
tttg: c13/289 lr:0.000996 t:1.0s
tttg: c14/289 lr:0.000995 t:1.0s
tttg: c15/289 lr:0.000994 t:1.1s
tttg: c16/289 lr:0.000993 t:1.2s
tttg: c17/289 lr:0.000992 t:1.3s
tttg: c18/289 lr:0.000991 t:1.4s
tttg: c19/289 lr:0.000990 t:1.4s
tttg: c20/289 lr:0.000989 t:1.5s
tttg: c21/289 lr:0.000988 t:1.6s
tttg: c22/289 lr:0.000987 t:1.7s
tttg: c23/289 lr:0.000986 t:1.7s
tttg: c24/289 lr:0.000984 t:1.8s
tttg: c25/289 lr:0.000983 t:1.9s
tttg: c26/289 lr:0.000982 t:2.0s
tttg: c27/289 lr:0.000980 t:2.0s
tttg: c28/289 lr:0.000978 t:2.1s
tttg: c29/289 lr:0.000977 t:2.2s
tttg: c30/289 lr:0.000975 t:2.3s
tttg: c31/289 lr:0.000973 t:2.3s
tttg: c32/289 lr:0.000972 t:2.4s
tttg: c33/289 lr:0.000970 t:2.5s
tttg: c34/289 lr:0.000968 t:2.6s
tttg: c35/289 lr:0.000966 t:2.6s
tttg: c36/289 lr:0.000964 t:2.7s
tttg: c37/289 lr:0.000962 t:2.8s
tttg: c38/289 lr:0.000960 t:2.9s
tttg: c39/289 lr:0.000958 t:3.0s
tttg: c40/289 lr:0.000955 t:3.0s
tttg: c41/289 lr:0.000953 t:3.1s
tttg: c42/289 lr:0.000951 t:3.2s
tttg: c43/289 lr:0.000948 t:3.3s
tttg: c44/289 lr:0.000946 t:3.3s
tttg: c45/289 lr:0.000944 t:3.4s
tttg: c46/289 lr:0.000941 t:3.5s
tttg: c47/289 lr:0.000938 t:3.6s
tttg: c48/289 lr:0.000936 t:3.6s
tttg: c49/289 lr:0.000933 t:3.7s
tttg: c50/289 lr:0.000930 t:3.8s
tttg: c51/289 lr:0.000927 t:3.9s
tttg: c52/289 lr:0.000925 t:3.9s
tttg: c53/289 lr:0.000922 t:4.0s
tttg: c54/289 lr:0.000919 t:4.1s
tttg: c55/289 lr:0.000916 t:4.2s
tttg: c56/289 lr:0.000913 t:4.2s
tttg: c57/289 lr:0.000910 t:4.3s
tttg: c58/289 lr:0.000906 t:4.4s
tttg: c59/289 lr:0.000903 t:4.5s
tttg: c60/289 lr:0.000900 t:4.5s
tttg: c61/289 lr:0.000897 t:4.6s
tttg: c62/289 lr:0.000893 t:4.7s
tttg: c63/289 lr:0.000890 t:4.8s
tttg: c64/289 lr:0.000887 t:4.9s
tttg: c65/289 lr:0.000883 t:4.9s
tttg: c66/289 lr:0.000879 t:5.0s
tttg: c67/289 lr:0.000876 t:5.1s
tttg: c68/289 lr:0.000872 t:5.2s
tttg: c69/289 lr:0.000869 t:5.2s
tttg: c70/289 lr:0.000865 t:5.3s
tttg: c71/289 lr:0.000861 t:5.4s
tttg: c72/289 lr:0.000857 t:5.5s
tttg: c73/289 lr:0.000854 t:5.5s
tttg: c74/289 lr:0.000850 t:5.6s
tttg: c75/289 lr:0.000846 t:5.7s
tttg: c76/289 lr:0.000842 t:5.8s
tttg: c77/289 lr:0.000838 t:5.8s
tttg: c78/289 lr:0.000834 t:5.9s
tttg: c79/289 lr:0.000830 t:6.0s
tttg: c80/289 lr:0.000826 t:6.1s
tttg: c81/289 lr:0.000821 t:6.1s
tttg: c82/289 lr:0.000817 t:6.2s
tttg: c83/289 lr:0.000813 t:6.3s
tttg: c84/289 lr:0.000809 t:6.4s
tttg: c85/289 lr:0.000804 t:6.4s
tttg: c86/289 lr:0.000800 t:6.5s
tttg: c87/289 lr:0.000796 t:6.6s
tttg: c88/289 lr:0.000791 t:6.7s
tttg: c89/289 lr:0.000787 t:6.8s
tttg: c90/289 lr:0.000782 t:6.8s
tttg: c91/289 lr:0.000778 t:6.9s
tttg: c92/289 lr:0.000773 t:7.0s
tttg: c93/289 lr:0.000769 t:7.1s
tttg: c94/289 lr:0.000764 t:7.1s
tttg: c95/289 lr:0.000759 t:7.2s
tttg: c96/289 lr:0.000755 t:7.3s
tttg: c97/289 lr:0.000750 t:7.4s
tttg: c98/289 lr:0.000745 t:7.4s
tttg: c99/289 lr:0.000740 t:7.5s
tttg: c100/289 lr:0.000736 t:7.6s
tttg: c101/289 lr:0.000731 t:7.7s
tttg: c102/289 lr:0.000726 t:7.7s
tttg: c103/289 lr:0.000721 t:7.8s
tttg: c104/289 lr:0.000716 t:7.9s
tttg: c105/289 lr:0.000711 t:8.0s
tttg: c106/289 lr:0.000706 t:8.1s
tttg: c107/289 lr:0.000701 t:8.1s
tttg: c108/289 lr:0.000696 t:8.2s
tttg: c109/289 lr:0.000691 t:8.3s
tttg: c110/289 lr:0.000686 t:8.4s
tttg: c111/289 lr:0.000681 t:8.4s
tttg: c112/289 lr:0.000676 t:8.5s
tttg: c113/289 lr:0.000671 t:8.6s
tttg: c114/289 lr:0.000666 t:8.7s
tttg: c115/289 lr:0.000661 t:8.7s
tttg: c116/289 lr:0.000656 t:8.8s
tttg: c117/289 lr:0.000650 t:8.9s
tttg: c118/289 lr:0.000645 t:9.0s
tttg: c119/289 lr:0.000640 t:9.0s
tttg: c120/289 lr:0.000635 t:9.1s
tttg: c121/289 lr:0.000629 t:9.2s
tttg: c122/289 lr:0.000624 t:9.3s
tttg: c123/289 lr:0.000619 t:9.3s
tttg: c124/289 lr:0.000614 t:9.4s
tttg: c125/289 lr:0.000608 t:9.5s
tttg: c126/289 lr:0.000603 t:9.6s
tttg: c127/289 lr:0.000598 t:9.6s
tttg: c128/289 lr:0.000592 t:9.7s
tttg: c129/289 lr:0.000587 t:9.8s
tttg: c130/289 lr:0.000581 t:9.9s
tttg: c131/289 lr:0.000576 t:9.9s
tttg: c132/289 lr:0.000571 t:10.0s
tttg: c133/289 lr:0.000565 t:10.1s
tttg: c134/289 lr:0.000560 t:10.2s
tttg: c135/289 lr:0.000554 t:10.2s
tttg: c136/289 lr:0.000549 t:10.3s
tttg: c137/289 lr:0.000544 t:10.4s
tttg: c138/289 lr:0.000538 t:10.5s
tttg: c139/289 lr:0.000533 t:10.6s
tttg: c140/289 lr:0.000527 t:10.6s
tttg: c141/289 lr:0.000522 t:10.7s
tttg: c142/289 lr:0.000516 t:10.8s
tttg: c143/289 lr:0.000511 t:10.9s
tttg: c144/289 lr:0.000505 t:10.9s
tttg: c145/289 lr:0.000500 t:11.0s
tttg: c146/289 lr:0.000495 t:11.1s
tttg: c147/289 lr:0.000489 t:11.2s
tttg: c148/289 lr:0.000484 t:11.2s
tttg: c149/289 lr:0.000478 t:11.3s
tttg: c150/289 lr:0.000473 t:11.4s
tttg: c151/289 lr:0.000467 t:11.5s
tttg: c152/289 lr:0.000462 t:11.5s
tttg: c153/289 lr:0.000456 t:11.6s
tttg: c154/289 lr:0.000451 t:11.7s
tttg: c155/289 lr:0.000446 t:11.8s
tttg: c156/289 lr:0.000440 t:11.8s
tttg: c157/289 lr:0.000435 t:11.9s
tttg: c158/289 lr:0.000429 t:12.0s
tttg: c159/289 lr:0.000424 t:12.1s
tttg: c160/289 lr:0.000419 t:12.1s
tttg: c161/289 lr:0.000413 t:12.2s
tttg: c162/289 lr:0.000408 t:12.3s
tttg: c163/289 lr:0.000402 t:12.4s
tttg: c164/289 lr:0.000397 t:12.5s
tttg: c165/289 lr:0.000392 t:12.5s
tttg: c166/289 lr:0.000386 t:12.6s
tttg: c167/289 lr:0.000381 t:12.7s
tttg: c168/289 lr:0.000376 t:12.8s
tttg: c169/289 lr:0.000371 t:12.8s
tttg: c170/289 lr:0.000365 t:12.9s
tttg: c171/289 lr:0.000360 t:13.0s
tttg: c172/289 lr:0.000355 t:13.1s
tttg: c173/289 lr:0.000350 t:13.1s
tttg: c174/289 lr:0.000344 t:13.2s
tttg: c175/289 lr:0.000339 t:13.3s
tttg: c176/289 lr:0.000334 t:13.4s
tttg: c177/289 lr:0.000329 t:13.4s
tttg: c178/289 lr:0.000324 t:13.5s
tttg: c179/289 lr:0.000319 t:13.6s
tttg: c180/289 lr:0.000314 t:13.7s
tttg: c181/289 lr:0.000309 t:13.7s
tttg: c182/289 lr:0.000304 t:13.8s
tttg: c183/289 lr:0.000299 t:13.9s
tttg: c184/289 lr:0.000294 t:14.0s
tttg: c185/289 lr:0.000289 t:14.0s
tttg: c186/289 lr:0.000284 t:14.1s
tttg: c187/289 lr:0.000279 t:14.2s
tttg: c188/289 lr:0.000274 t:14.3s
tttg: c189/289 lr:0.000269 t:14.3s
tttg: c190/289 lr:0.000264 t:14.4s
tttg: c191/289 lr:0.000260 t:14.5s
tttg: c192/289 lr:0.000255 t:14.6s
tttg: c193/289 lr:0.000250 t:14.6s
tttg: c194/289 lr:0.000245 t:14.7s
tttg: c195/289 lr:0.000241 t:14.8s
tttg: c196/289 lr:0.000236 t:14.9s
tttg: c197/289 lr:0.000231 t:14.9s
tttg: c198/289 lr:0.000227 t:15.0s
tttg: c199/289 lr:0.000222 t:15.1s
tttg: c200/289 lr:0.000218 t:15.2s
tttg: c201/289 lr:0.000213 t:15.3s
tttg: c202/289 lr:0.000209 t:15.3s
tttg: c203/289 lr:0.000204 t:15.4s
tttg: c204/289 lr:0.000200 t:15.5s
tttg: c205/289 lr:0.000196 t:15.6s
tttg: c206/289 lr:0.000191 t:15.6s
tttg: c207/289 lr:0.000187 t:15.7s
tttg: c208/289 lr:0.000183 t:15.8s
tttg: c209/289 lr:0.000179 t:15.9s
tttg: c210/289 lr:0.000174 t:15.9s
tttg: c211/289 lr:0.000170 t:16.0s
tttg: c212/289 lr:0.000166 t:16.1s
tttg: c213/289 lr:0.000162 t:16.2s
tttg: c214/289 lr:0.000158 t:16.2s
tttg: c215/289 lr:0.000154 t:16.3s
tttg: c216/289 lr:0.000150 t:16.4s
tttg: c217/289 lr:0.000146 t:16.5s
tttg: c218/289 lr:0.000143 t:16.5s
tttg: c219/289 lr:0.000139 t:16.6s
tttg: c220/289 lr:0.000135 t:16.7s
tttg: c221/289 lr:0.000131 t:16.8s
tttg: c222/289 lr:0.000128 t:16.8s
tttg: c223/289 lr:0.000124 t:16.9s
tttg: c224/289 lr:0.000121 t:17.0s
tttg: c225/289 lr:0.000117 t:17.1s
tttg: c226/289 lr:0.000113 t:17.1s
tttg: c227/289 lr:0.000110 t:17.2s
tttg: c228/289 lr:0.000107 t:17.3s
tttg: c229/289 lr:0.000103 t:17.4s
tttg: c230/289 lr:0.000100 t:17.4s
tttg: c231/289 lr:0.000097 t:17.5s
tttg: c232/289 lr:0.000094 t:17.6s
tttg: c233/289 lr:0.000090 t:17.7s
tttg: c234/289 lr:0.000087 t:17.7s
tttg: c235/289 lr:0.000084 t:17.8s
tttg: c236/289 lr:0.000081 t:17.9s
tttg: c237/289 lr:0.000078 t:18.0s
tttg: c238/289 lr:0.000075 t:18.0s
tttg: c239/289 lr:0.000073 t:18.1s
tttg: c240/289 lr:0.000070 t:18.2s
tttg: c241/289 lr:0.000067 t:18.3s
tttg: c242/289 lr:0.000064 t:18.4s
tttg: c243/289 lr:0.000062 t:18.4s
tttg: c244/289 lr:0.000059 t:18.5s
tttg: c245/289 lr:0.000056 t:18.6s
tttg: c246/289 lr:0.000054 t:18.7s
tttg: c247/289 lr:0.000052 t:18.7s
tttg: c248/289 lr:0.000049 t:18.8s
tttg: c249/289 lr:0.000047 t:18.9s
tttg: c250/289 lr:0.000045 t:19.0s
tttg: c251/289 lr:0.000042 t:19.0s
tttg: c252/289 lr:0.000040 t:19.1s
tttg: c253/289 lr:0.000038 t:19.2s
tttg: c254/289 lr:0.000036 t:19.3s
tttg: c255/289 lr:0.000034 t:19.3s
tttg: c256/289 lr:0.000032 t:19.4s
tttg: c257/289 lr:0.000030 t:19.5s
tttg: c258/289 lr:0.000028 t:19.6s
tttg: c259/289 lr:0.000027 t:19.6s
tttg: c260/289 lr:0.000025 t:19.7s
tttg: c261/289 lr:0.000023 t:19.8s
tttg: c262/289 lr:0.000022 t:19.9s
tttg: c263/289 lr:0.000020 t:20.0s
tttg: c264/289 lr:0.000018 t:20.0s
tttg: c265/289 lr:0.000017 t:20.1s
tttg: c266/289 lr:0.000016 t:20.2s
tttg: c267/289 lr:0.000014 t:20.3s
tttg: c268/289 lr:0.000013 t:20.3s
tttg: c269/289 lr:0.000012 t:20.4s
tttg: c270/289 lr:0.000011 t:20.5s
tttg: c271/289 lr:0.000010 t:20.6s
tttg: c272/289 lr:0.000009 t:20.6s
tttg: c273/289 lr:0.000008 t:20.7s
tttg: c274/289 lr:0.000007 t:20.8s
tttg: c275/289 lr:0.000006 t:20.9s
tttg: c276/289 lr:0.000005 t:20.9s
tttg: c277/289 lr:0.000004 t:21.0s
tttg: c278/289 lr:0.000004 t:21.1s
tttg: c279/289 lr:0.000003 t:21.2s
tttg: c280/289 lr:0.000002 t:21.2s
tttg: c281/289 lr:0.000002 t:21.3s
tttg: c282/289 lr:0.000001 t:21.4s
tttg: c283/289 lr:0.000001 t:21.5s
tttg: c284/289 lr:0.000001 t:21.5s
tttg: c285/289 lr:0.000000 t:21.6s
tttg: c286/289 lr:0.000000 t:21.7s
tttg: c287/289 lr:0.000000 t:21.8s
tttg: c288/289 lr:0.000000 t:21.9s
ttpr: phase:3/3 t:357.4s
ttp: b732/782 bl:2.3740 bb:1.0932 rl:2.2314 rb:1.0588 dl:2416-2441 gd:1
ttp: b723/782 bl:2.2984 bb:1.0318 rl:2.2352 rb:1.0571 dl:2185-2203 gd:1
ttp: b716/782 bl:2.2530 bb:1.0411 rl:2.2361 rb:1.0563 dl:2054-2069 gd:1
ttp: b705/782 bl:2.3666 bb:1.0637 rl:2.2419 rb:1.0567 dl:1885-1898 gd:1
ttp: b696/782 bl:2.3113 bb:1.0526 rl:2.2447 rb:1.0565 dl:1779-1790 gd:1
ttp: b688/782 bl:2.4010 bb:1.0749 rl:2.2504 rb:1.0572 dl:1696-1706 gd:1
ttp: b680/782 bl:2.2831 bb:1.0282 rl:2.2515 rb:1.0562 dl:1618-1628 gd:1
ttp: b673/782 bl:2.3663 bb:1.0622 rl:2.2552 rb:1.0564 dl:1562-1571 gd:1
ttp: b667/782 bl:2.3684 bb:1.0706 rl:2.2585 rb:1.0568 dl:1514-1521 gd:1
ttp: b659/782 bl:2.3123 bb:1.0435 rl:2.2600 rb:1.0564 dl:1459-1466 gd:1
ttp: b652/782 bl:2.2515 bb:1.0234 rl:2.2598 rb:1.0555 dl:1411-1419 gd:1
ttp: b644/782 bl:2.3663 bb:1.0505 rl:2.2624 rb:1.0554 dl:1362-1367 gd:1
ttp: b636/782 bl:2.3835 bb:1.0683 rl:2.2653 rb:1.0557 dl:1314-1320 gd:1
ttp: b628/782 bl:2.3222 bb:1.0304 rl:2.2665 rb:1.0551 dl:1271-1276 gd:1
ttp: b620/782 bl:2.3490 bb:1.0581 rl:2.2682 rb:1.0552 dl:1226-1231 gd:1
ttp: b613/782 bl:2.3407 bb:1.0421 rl:2.2697 rb:1.0549 dl:1190-1195 gd:1
ttp: b605/782 bl:2.2476 bb:1.0250 rl:2.2693 rb:1.0544 dl:1154-1159 gd:1
ttp: b597/782 bl:2.3712 bb:1.0544 rl:2.2711 rb:1.0544 dl:1119-1124 gd:1
ttp: b589/782 bl:2.2818 bb:1.0133 rl:2.2713 rb:1.0536 dl:1086-1089 gd:1
ttp: b581/782 bl:2.3193 bb:1.0349 rl:2.2721 rb:1.0533 dl:1052-1056 gd:1
ttp: b574/782 bl:2.3722 bb:1.0646 rl:2.2736 rb:1.0535 dl:1025-1029 gd:1
ttp: b566/782 bl:2.3044 bb:1.0293 rl:2.2741 rb:1.0531 dl:997-1001 gd:1
ttp: b558/782 bl:2.3722 bb:1.0610 rl:2.2755 rb:1.0532 dl:968-972 gd:1
ttp: b550/782 bl:2.3685 bb:1.0597 rl:2.2768 rb:1.0533 dl:943-946 gd:1
ttp: b542/782 bl:2.3269 bb:1.0391 rl:2.2774 rb:1.0531 dl:918-921 gd:1
ttp: b534/782 bl:2.3249 bb:1.0413 rl:2.2780 rb:1.0530 dl:893-896 gd:1
ttp: b526/782 bl:2.3273 bb:1.0258 rl:2.2786 rb:1.0526 dl:869-872 gd:1
ttp: b519/782 bl:2.2951 bb:1.0412 rl:2.2788 rb:1.0525 dl:850-852 gd:1
ttp: b511/782 bl:2.3897 bb:1.0513 rl:2.2801 rb:1.0525 dl:826-829 gd:1
ttp: b503/782 bl:2.3567 bb:1.0677 rl:2.2809 rb:1.0526 dl:804-807 gd:1
ttp: b495/782 bl:2.3140 bb:1.0336 rl:2.2813 rb:1.0524 dl:783-785 gd:1
ttp: b487/782 bl:2.2825 bb:1.0687 rl:2.2813 rb:1.0526 dl:764-766 gd:1
ttp: b479/782 bl:2.4122 bb:1.0839 rl:2.2826 rb:1.0529 dl:744-747 gd:1
ttp: b471/782 bl:2.4060 bb:1.0863 rl:2.2837 rb:1.0532 dl:726-728 gd:1
ttp: b463/782 bl:2.3150 bb:1.0417 rl:2.2840 rb:1.0531 dl:708-710 gd:1
ttp: b455/782 bl:2.3097 bb:1.0410 rl:2.2843 rb:1.0530 dl:691-693 gd:1
ttp: b447/782 bl:2.3273 bb:1.0691 rl:2.2846 rb:1.0532 dl:674-676 gd:1
ttp: b439/782 bl:2.3277 bb:1.0386 rl:2.2850 rb:1.0530 dl:657-659 gd:1
ttp: b431/782 bl:2.3801 bb:1.0559 rl:2.2858 rb:1.0531 dl:642-643 gd:1
ttp: b423/782 bl:2.3071 bb:1.0527 rl:2.2859 rb:1.0531 dl:626-629 gd:1
ttp: b415/782 bl:2.2875 bb:1.0596 rl:2.2859 rb:1.0531 dl:611-613 gd:1
ttp: b407/782 bl:2.2759 bb:1.0419 rl:2.2859 rb:1.0530 dl:595-597 gd:1
ttp: b399/782 bl:2.2899 bb:1.0334 rl:2.2859 rb:1.0529 dl:581-582 gd:1
ttp: b390/782 bl:2.3516 bb:1.0595 rl:2.2863 rb:1.0529 dl:564-566 gd:1
ttp: b381/782 bl:2.4289 bb:1.1041 rl:2.2873 rb:1.0533 dl:549-550 gd:1
ttp: b373/782 bl:2.4191 bb:1.1038 rl:2.2881 rb:1.0536 dl:535-537 gd:1
ttp: b365/782 bl:2.3402 bb:1.0399 rl:2.2884 rb:1.0535 dl:522-524 gd:1
ttp: b357/782 bl:2.3334 bb:1.0698 rl:2.2887 rb:1.0536 dl:508-510 gd:1
ttp: b349/782 bl:2.3597 bb:1.0291 rl:2.2891 rb:1.0534 dl:495-496 gd:1
ttp: b339/782 bl:2.3375 bb:1.0793 rl:2.2894 rb:1.0536 dl:480-482 gd:1
ttp: b330/782 bl:2.2485 bb:1.0714 rl:2.2892 rb:1.0537 dl:466-468 gd:1
ttp: b322/782 bl:2.3714 bb:1.0584 rl:2.2896 rb:1.0537 dl:455-457 gd:1
ttp: b314/782 bl:2.2539 bb:1.0630 rl:2.2894 rb:1.0538 dl:442-444 gd:1
ttp: b306/782 bl:2.3936 bb:1.0641 rl:2.2899 rb:1.0538 dl:430-432 gd:1
ttp: b298/782 bl:2.4217 bb:1.1028 rl:2.2905 rb:1.0540 dl:418-420 gd:1
ttp: b290/782 bl:2.3408 bb:1.0722 rl:2.2908 rb:1.0541 dl:406-407 gd:1
ttp: b282/782 bl:2.3204 bb:1.0709 rl:2.2909 rb:1.0542 dl:395-396 gd:1
ttp: b274/782 bl:2.3048 bb:1.0714 rl:2.2910 rb:1.0543 dl:384-385 gd:1
ttp: b269/782 bl:2.3464 bb:1.1133 rl:2.2912 rb:1.0545 dl:378-379 gd:1
ttp: b259/782 bl:2.3401 bb:1.0974 rl:2.2914 rb:1.0547 dl:365-366 gd:1
ttp: b252/782 bl:2.3880 bb:1.0703 rl:2.2918 rb:1.0547 dl:356-357 gd:1
ttp: b244/782 bl:2.3428 bb:1.1148 rl:2.2920 rb:1.0550 dl:346-347 gd:1
ttp: b236/782 bl:2.3357 bb:1.0750 rl:2.2921 rb:1.0550 dl:336-337 gd:1
ttp: b230/782 bl:2.4660 bb:1.1572 rl:2.2927 rb:1.0554 dl:329-330 gd:1
ttp: b223/782 bl:2.3336 bb:1.1266 rl:2.2929 rb:1.0556 dl:321-322 gd:1
ttp: b215/782 bl:2.3961 bb:1.0983 rl:2.2932 rb:1.0558 dl:312-313 gd:1
ttp: b207/782 bl:2.3627 bb:1.1354 rl:2.2935 rb:1.0560 dl:303-304 gd:1
ttp: b199/782 bl:2.4360 bb:1.1461 rl:2.2939 rb:1.0563 dl:295-296 gd:1
ttp: b191/782 bl:2.4212 bb:1.1015 rl:2.2943 rb:1.0565 dl:285-286 gd:1
ttp: b183/782 bl:2.3268 bb:1.0716 rl:2.2944 rb:1.0565 dl:277-278 gd:1
ttp: b175/782 bl:2.3868 bb:1.1533 rl:2.2947 rb:1.0568 dl:269-270 gd:1
ttp: b168/782 bl:2.4489 bb:1.1848 rl:2.2951 rb:1.0571 dl:263-263 gd:1
ttp: b160/782 bl:2.3968 bb:1.1193 rl:2.2954 rb:1.0573 dl:255-255 gd:1
ttp: b151/782 bl:2.4704 bb:1.1420 rl:2.2958 rb:1.0575 dl:246-247 gd:1
ttp: b143/782 bl:2.4188 bb:1.1722 rl:2.2961 rb:1.0578 dl:238-239 gd:1
ttp: b135/782 bl:2.4340 bb:1.1795 rl:2.2965 rb:1.0580 dl:231-232 gd:1
ttp: b127/782 bl:2.4722 bb:1.1858 rl:2.2969 rb:1.0583 dl:223-224 gd:1
ttp: b119/782 bl:2.3761 bb:1.1569 rl:2.2971 rb:1.0585 dl:216-217 gd:1
ttp: b112/782 bl:2.4805 bb:1.1839 rl:2.2975 rb:1.0588 dl:210-210 gd:1
ttp: b102/782 bl:2.5904 bb:1.2007 rl:2.2981 rb:1.0591 dl:201-202 gd:1
ttp: b95/782 bl:2.3339 bb:1.1410 rl:2.2981 rb:1.0593 dl:194-195 gd:1
ttp: b85/782 bl:2.5032 bb:1.1988 rl:2.2985 rb:1.0595 dl:185-186 gd:1
ttp: b77/782 bl:2.5222 bb:1.2388 rl:2.2990 rb:1.0598 dl:178-179 gd:1
ttp: b69/782 bl:2.4707 bb:1.2061 rl:2.2993 rb:1.0601 dl:171-172 gd:1
ttp: b61/782 bl:2.4523 bb:1.2139 rl:2.2995 rb:1.0603 dl:164-165 gd:1
ttp: b53/782 bl:2.5229 bb:1.2022 rl:2.2999 rb:1.0605 dl:156-157 gd:1
ttp: b44/782 bl:2.5618 bb:1.1954 rl:2.3003 rb:1.0607 dl:147-148 gd:1
ttp: b36/782 bl:2.5385 bb:1.2249 rl:2.3006 rb:1.0610 dl:139-140 gd:1
ttp: b28/782 bl:2.6086 bb:1.2099 rl:2.3010 rb:1.0612 dl:131-132 gd:1
ttp: b20/782 bl:2.5916 bb:1.2410 rl:2.3014 rb:1.0614 dl:122-123 gd:1
ttp: b12/782 bl:2.5753 bb:1.1911 rl:2.3017 rb:1.0615 dl:110-112 gd:1
ttp: b4/782 bl:2.7607 bb:1.2370 rl:2.3021 rb:1.0617 dl:93-96 gd:1
quantized_ttt_phased val_loss:2.32508172 val_bpb:1.06247161 eval_time:454766ms
total_eval_time:454.8s
real 581.81
user 3805.26
sys 800.59
