NCCL version 2.27.5+cuda12.9
logs/h100_batch_20260501T002059Z_01_best4x_ttt_disabled_qk525.txt
val_bpb:enabled tokenizer_kind=sentencepiece tokenizer_path=/workspace/parameter-golf/data/tokenizers/fineweb_1024_bpe.model
train_loader:dataset:fineweb10B_sp1024 train_shards:80
val_loader:shards pattern=/workspace/parameter-golf/data/datasets/fineweb10B_sp1024/fineweb_val_*.bin tokens:62021632
model_params:17059912
torch_compile:enabled:1
world_size:4 grad_accum_steps:2
local_sgd:enabled:0 sync_steps:1 average_optimizer_states:0
sdp_backends:cudnn=False flash=True mem_efficient=False math=0
attention_mode:gqa num_heads:8 num_kv_heads:4 attn_norm_mode:baseline attn_norm_eps:1e-06
sparse_attention:mode:dense window:256 global_tokens:4 block_size:64
structured_sparsity:mlp_block_groups:1 mtp_num_tokens:1 mtp_loss_weight:0.0
candidate_impl:autoregressive_gpt
layer_order:encoder=[0, 1, 2, 3] decoder=[4, 5, 6, 7, 8] virtual_depth:9
tie_embeddings:True embed_lr:0.05 head_lr:0.0 matrix_lr:0.04 scalar_lr:0.04
moe:num_experts:1 top_k:1
train_batch_tokens:2097152 train_seq_len:1024 iterations:20000 warmup_steps:20 max_wallclock_seconds:600.000
artifact_budget:state:within-budget total_bytes:13442586 limit_bytes:16000000 headroom_bytes:2557414 quantization:int8-per-row-zlib-projection compression_ratio:0.78
artifact_budget_component:name:embeddings params:524288 raw_quantized_bytes:524288 estimated_bytes:408945
artifact_budget_component:name:attention_blocks params:7077888 raw_quantized_bytes:7077888 estimated_bytes:5520753
artifact_budget_component:name:mlp_blocks params:9437184 raw_quantized_bytes:9437184 estimated_bytes:7361004
artifact_budget_component:name:control_tensors params:9225 raw_quantized_bytes:20178 estimated_bytes:20178
artifact_budget_component:name:quantization_overhead params:0 raw_quantized_bytes:118208 estimated_bytes:118208
seed:1337
warmup_step:1/20
warmup_step:2/20
warmup_step:3/20
warmup_step:4/20
warmup_step:5/20
warmup_step:6/20
warmup_step:7/20
warmup_step:8/20
warmup_step:9/20
warmup_step:10/20
warmup_step:11/20
warmup_step:12/20
warmup_step:13/20
warmup_step:14/20
warmup_step:15/20
warmup_step:16/20
warmup_step:17/20
warmup_step:18/20
warmup_step:19/20
warmup_step:20/20
step:1/20000 train_loss:6.9377 train_time:298ms step_avg:298.11ms
step:2/20000 train_loss:16.6716 train_time:566ms step_avg:283.17ms
step:3/20000 train_loss:8.7020 train_time:861ms step_avg:286.85ms
step:4/20000 train_loss:6.5785 train_time:1154ms step_avg:288.54ms
step:5/20000 train_loss:6.6984 train_time:1448ms step_avg:289.69ms
step:6/20000 train_loss:6.5435 train_time:1745ms step_avg:290.81ms
step:7/20000 train_loss:6.3841 train_time:2039ms step_avg:291.31ms
step:8/20000 train_loss:6.2163 train_time:2333ms step_avg:291.66ms
step:9/20000 train_loss:6.0935 train_time:2628ms step_avg:292.04ms
step:10/20000 train_loss:6.0313 train_time:2924ms step_avg:292.35ms
step:100/20000 train_loss:3.1583 train_time:29729ms step_avg:297.29ms
step:200/20000 train_loss:2.7649 train_time:59612ms step_avg:298.06ms
step:300/20000 train_loss:2.5803 train_time:89526ms step_avg:298.42ms
step:400/20000 train_loss:2.4740 train_time:119435ms step_avg:298.59ms
step:500/20000 train_loss:2.3530 train_time:149304ms step_avg:298.61ms
step:600/20000 train_loss:2.3423 train_time:179865ms step_avg:299.77ms
step:700/20000 train_loss:2.3844 train_time:210063ms step_avg:300.09ms
step:800/20000 train_loss:2.3126 train_time:240376ms step_avg:300.47ms
step:900/20000 train_loss:2.3025 train_time:270656ms step_avg:300.73ms
step:1000/20000 train_loss:2.1714 train_time:300921ms step_avg:300.92ms
step:1100/20000 train_loss:2.2154 train_time:330787ms step_avg:300.72ms
step:1200/20000 train_loss:2.2118 train_time:360634ms step_avg:300.53ms
step:1300/20000 train_loss:2.2104 train_time:390431ms step_avg:300.33ms
step:1400/20000 train_loss:2.3064 train_time:420231ms step_avg:300.17ms
step:1500/20000 train_loss:2.1167 train_time:450012ms step_avg:300.01ms
step:1600/20000 train_loss:2.1390 train_time:479770ms step_avg:299.86ms
step:1700/20000 train_loss:2.1332 train_time:509577ms step_avg:299.75ms
step:1800/20000 train_loss:2.1203 train_time:539358ms step_avg:299.64ms
step:1900/20000 train_loss:2.0916 train_time:569083ms step_avg:299.52ms
step:2000/20000 train_loss:2.1070 train_time:598931ms step_avg:299.47ms
stopping_early: wallclock_cap train_time:0ms step:2004/20000
peak memory allocated: 36514 MiB reserved: 36728 MiB
Serialized model: 67224983 bytes
Code size: 102473 bytes
Total submission size: 67327456 bytes
Serialized model int8+zlib: 14975475 bytes (payload:17178912 raw_torch:17224025 payload_ratio:3.91x)
Total submission size int8+zlib: 15077948 bytes
final_int8_zlib_roundtrip val_loss:2.1286 val_bpb:1.2607 eval_time:24606ms
final_int8_zlib_roundtrip_exact val_loss:2.12857428 val_bpb:1.26066159
