[16:39:35] ========================================================
[16:39:35] Cheap-GPU Convergence Sweep Round 2
[16:39:35] Artifacts: /Users/akhileshgogikar/parameter-golf/records/track_10min_16mb/2026-03-25_Ternary_Feedback_TTT/cheap_gpu_convergence_sweep_round2_20260405_163935
[16:39:35] Data shards: 20
[16:39:35] Run seconds/config: 420
[16:39:35] Eval mode: proxy_roundtrip
[16:39:35] ========================================================
[16:39:35] Trying 1xNVIDIA A40 on COMMUNITY...
[16:39:35]   failed: There are no longer any instances available with the requested specifications. Please refresh and try again.
[16:39:35] Trying 1xNVIDIA A40 on SECURE...
[16:39:37]   success: pod=kumauvuy04isv8 cost=$0.4/hr
[16:39:37] Waiting for pod SSH readiness...
[16:40:02] Pod ready: root@194.68.245.28:22148
[16:40:02] Verifying GPU and runtime...
[16:40:07] Installing dependencies...
[16:40:12] Downloading dataset...
[16:40:20] FATAL: Dataset download failed
[16:40:20] Terminating pod kumauvuy04isv8...
{
  "podTerminate": null
}
