2026-04-30T20:16:43Z W0430 20:16:43.819000 2594957 torch/distributed/run.py:803] 
2026-04-30T20:16:43Z W0430 20:16:43.819000 2594957 torch/distributed/run.py:803] *****************************************
2026-04-30T20:16:43Z W0430 20:16:43.819000 2594957 torch/distributed/run.py:803] Setting OMP_NUM_THREADS environment variable for each process to be 1 in default, to avoid your system being overloaded, please further tune the variable for optimal performance in your application as needed. 
2026-04-30T20:16:43Z W0430 20:16:43.819000 2594957 torch/distributed/run.py:803] *****************************************
2026-04-30T20:17:12Z Hyperparameters:
2026-04-30T20:17:12Z   adam_eps: 1e-08
2026-04-30T20:17:12Z   adam_wd: 0.02
2026-04-30T20:17:12Z   artifact_dir: /workspace/final_day_seed0_sweep_20260430T142407Z/artifacts/seed0_lrmult085
2026-04-30T20:17:12Z   attn_clip_sigmas: 13.0
2026-04-30T20:17:12Z   attn_out_gate_enabled: False
2026-04-30T20:17:12Z   attn_out_gate_src: proj
2026-04-30T20:17:12Z   awq_lite_bits: 8
2026-04-30T20:17:12Z   awq_lite_enabled: True
2026-04-30T20:17:12Z   awq_lite_group_size: 64
2026-04-30T20:17:12Z   awq_lite_group_top_k: 1
2026-04-30T20:17:12Z   beta1: 0.9
2026-04-30T20:17:12Z   beta2: 0.95
2026-04-30T20:17:12Z   caseops_enabled: True
2026-04-30T20:17:12Z   compressor: pergroup
2026-04-30T20:17:12Z   data_dir: /workspace/caseops50k80
2026-04-30T20:17:12Z   datasets_dir: /workspace/caseops50k80/datasets/fineweb10B_sp8192_caseops/datasets/datasets/fineweb10B_sp8192_lossless_caps_caseops_v1_reserved
2026-04-30T20:17:12Z   distributed: True
2026-04-30T20:17:12Z   ema_decay: 0.9965
2026-04-30T20:17:12Z   embed_bits: 7
2026-04-30T20:17:12Z   embed_clip_sigmas: 14.0
2026-04-30T20:17:12Z   embed_lr: 0.6
2026-04-30T20:17:12Z   embed_wd: 0.085
2026-04-30T20:17:12Z   enable_looping_at: 0.35
2026-04-30T20:17:12Z   eval_seq_len: 2048
2026-04-30T20:17:12Z   eval_stride: 64
2026-04-30T20:17:12Z   fused_ce_enabled: True
2026-04-30T20:17:12Z   gate_window: 12
2026-04-30T20:17:12Z   gated_attn_enabled: False
2026-04-30T20:17:12Z   gated_attn_init_std: 0.01
2026-04-30T20:17:12Z   gated_attn_quant_gate: True
2026-04-30T20:17:12Z   global_ttt_batch_seqs: 32
2026-04-30T20:17:12Z   global_ttt_chunk_tokens: 32768
2026-04-30T20:17:12Z   global_ttt_epochs: 1
2026-04-30T20:17:12Z   global_ttt_grad_clip: 1.0
2026-04-30T20:17:12Z   global_ttt_lr: 0.001
2026-04-30T20:17:12Z   global_ttt_momentum: 0.9
2026-04-30T20:17:12Z   global_ttt_respect_doc_boundaries: True
2026-04-30T20:17:12Z   global_ttt_warmup_chunks: 0
2026-04-30T20:17:12Z   global_ttt_warmup_start_lr: 0.0
2026-04-30T20:17:12Z   gptq_calibration_batches: 16
2026-04-30T20:17:12Z   gptq_reserve_seconds: 4.0
2026-04-30T20:17:12Z   grad_accum_steps: 1
2026-04-30T20:17:12Z   grad_clip_norm: 0.3
2026-04-30T20:17:12Z   is_main_process: True
2026-04-30T20:17:12Z   iterations: 20000
2026-04-30T20:17:12Z   ln_scale: True
2026-04-30T20:17:12Z   local_rank: 0
2026-04-30T20:17:12Z   logfile: /workspace/final_day_seed0_sweep_20260430T142407Z/artifacts/seed0_lrmult085/lrmult085_prefix2750_seed0.txt
2026-04-30T20:17:12Z   logit_softcap: 30.0
2026-04-30T20:17:12Z   loop_end: 5
2026-04-30T20:17:12Z   loop_start: 3
2026-04-30T20:17:12Z   lqer_asym_enabled: True
2026-04-30T20:17:12Z   lqer_asym_group: 64
2026-04-30T20:17:12Z   lqer_enabled: True
2026-04-30T20:17:12Z   lqer_factor_bits: 4
2026-04-30T20:17:12Z   lqer_gain_select: False
2026-04-30T20:17:12Z   lqer_rank: 4
2026-04-30T20:17:12Z   lqer_scope: all
2026-04-30T20:17:12Z   lqer_top_k: 3
2026-04-30T20:17:12Z   matrix_bits: 6
2026-04-30T20:17:12Z   matrix_clip_sigmas: 12.85
2026-04-30T20:17:12Z   matrix_lr: 0.026
2026-04-30T20:17:12Z   max_wallclock_seconds: 600.0
2026-04-30T20:17:12Z   min_lr: 0.0
2026-04-30T20:17:12Z   mlp_clip_sigmas: 11.5
2026-04-30T20:17:12Z   mlp_mult: 4.0
2026-04-30T20:17:12Z   model_dim: 512
2026-04-30T20:17:12Z   model_path: /workspace/final_day_seed0_sweep_20260430T142407Z/artifacts/seed0_lrmult085/final_model.pt
2026-04-30T20:17:12Z   muon_backend_steps: 5
2026-04-30T20:17:12Z   muon_momentum: 0.97
2026-04-30T20:17:12Z   muon_momentum_warmup_start: 0.92
2026-04-30T20:17:12Z   muon_momentum_warmup_steps: 1500
2026-04-30T20:17:12Z   muon_row_normalize: True
2026-04-30T20:17:12Z   muon_wd: 0.095
2026-04-30T20:17:12Z   num_heads: 8
2026-04-30T20:17:12Z   num_kv_heads: 4
2026-04-30T20:17:12Z   num_layers: 11
2026-04-30T20:17:12Z   num_loops: 2
2026-04-30T20:17:12Z   parallel_final_lane: mean
2026-04-30T20:17:12Z   parallel_start_layer: 8
2026-04-30T20:17:12Z   phased_ttt_num_phases: 3
2026-04-30T20:17:12Z   phased_ttt_prefix_docs: 2750
2026-04-30T20:17:12Z   qk_gain_init: 5.25
2026-04-30T20:17:12Z   quantized_model_path: /workspace/final_day_seed0_sweep_20260430T142407Z/artifacts/seed0_lrmult085/final_model.int6.ptz
2026-04-30T20:17:12Z   rank: 0
2026-04-30T20:17:12Z   rope_base: 10000.0
2026-04-30T20:17:12Z   rope_dims: 16
2026-04-30T20:17:12Z   rope_train_seq_len: 2048
2026-04-30T20:17:12Z   rope_yarn: False
2026-04-30T20:17:12Z   run_id: lrmult085_prefix2750_seed0
2026-04-30T20:17:12Z   scalar_lr: 0.02
2026-04-30T20:17:12Z   seed: 0
2026-04-30T20:17:12Z   skip_gates_enabled: True
2026-04-30T20:17:12Z   smear_gate_enabled: True
2026-04-30T20:17:12Z   sparse_attn_gate_enabled: True
2026-04-30T20:17:12Z   sparse_attn_gate_init_std: 0.0
2026-04-30T20:17:12Z   sparse_attn_gate_scale: 0.5
2026-04-30T20:17:12Z   tie_embeddings: True
2026-04-30T20:17:12Z   tied_embed_init_std: 0.005
2026-04-30T20:17:12Z   tied_embed_lr: 0.03
2026-04-30T20:17:12Z   tokenizer_path: /workspace/caseops50k80/datasets/fineweb10B_sp8192_caseops/datasets/tokenizers/fineweb_8192_bpe_lossless_caps_caseops_v1_reserved.model
2026-04-30T20:17:12Z   train_batch_tokens: 786432
2026-04-30T20:17:12Z   train_files: /workspace/caseops50k80/datasets/fineweb10B_sp8192_caseops/datasets/datasets/fineweb10B_sp8192_lossless_caps_caseops_v1_reserved/fineweb_train_*.bin
2026-04-30T20:17:12Z   train_log_every: 500
2026-04-30T20:17:12Z   train_seq_len: 2048
2026-04-30T20:17:12Z   ttt_batch_size: 64
2026-04-30T20:17:12Z   ttt_beta1: 0.0
2026-04-30T20:17:12Z   ttt_beta2: 0.99
2026-04-30T20:17:12Z   ttt_chunk_size: 48
2026-04-30T20:17:12Z   ttt_enabled: True
2026-04-30T20:17:12Z   ttt_eval_batches: 
2026-04-30T20:17:12Z   ttt_eval_seq_len: 2560
2026-04-30T20:17:12Z   ttt_grad_steps: 1
2026-04-30T20:17:12Z   ttt_k_lora: True
2026-04-30T20:17:12Z   ttt_local_lr_mult: 0.85
2026-04-30T20:17:12Z   ttt_lora_lr: 0.0001
2026-04-30T20:17:12Z   ttt_lora_rank: 80
2026-04-30T20:17:12Z   ttt_mask: no_qv
2026-04-30T20:17:12Z   ttt_mlp_lora: True
2026-04-30T20:17:12Z   ttt_o_lora: True
2026-04-30T20:17:12Z   ttt_optimizer: adam
2026-04-30T20:17:12Z   ttt_q_lora: False
2026-04-30T20:17:12Z   ttt_v_lora: False
2026-04-30T20:17:12Z   ttt_weight_decay: 0.5
2026-04-30T20:17:12Z   val_batch_tokens: 524288
2026-04-30T20:17:12Z   val_bytes_files: /workspace/caseops50k80/datasets/fineweb10B_sp8192_caseops/datasets/datasets/fineweb10B_sp8192_lossless_caps_caseops_v1_reserved/fineweb_val_bytes_*.bin
2026-04-30T20:17:12Z   val_doc_fraction: 1.0
2026-04-30T20:17:12Z   val_files: /workspace/caseops50k80/datasets/fineweb10B_sp8192_caseops/datasets/datasets/fineweb10B_sp8192_lossless_caps_caseops_v1_reserved/fineweb_val_*.bin
2026-04-30T20:17:12Z   val_loss_every: 0
2026-04-30T20:17:12Z   vocab_size: 8192
2026-04-30T20:17:12Z   warmdown_frac: 0.85
2026-04-30T20:17:12Z   warmup_steps: 20
2026-04-30T20:17:12Z   world_size: 8
2026-04-30T20:17:12Z   xsa_last_n: 11
2026-04-30T20:17:12Z train_shards: 80
2026-04-30T20:17:12Z val_tokens: 47851520
2026-04-30T20:17:12Z TTT_EVAL_ONLY=1 — skipping training + GPTQ, loading saved artifact for TTT eval
2026-04-30T20:17:12Z ttt_lora_alpha: 144.0
2026-04-30T20:17:12Z ttt_warm_start_a: True
2026-04-30T20:17:12Z ttt_weight_decay: 0.5
2026-04-30T20:17:13Z Deserialize: per-group lrzip decompression...
2026-04-30T20:17:34Z Deserialize: decompression done in 21.0s
2026-04-30T20:17:35Z Deserialize: per-group lrzip decompression...
2026-04-30T20:17:56Z Deserialize: decompression done in 21.0s
2026-04-30T20:17:56Z ttt_lora:warming up compile (random tokens, no val data)
2026-04-30T20:19:40Z ttt_lora:compile warmup done (103.2s)
2026-04-30T20:19:40Z 
2026-04-30T20:19:40Z beginning TTT eval timer
2026-04-30T20:19:40Z ttt_phased: total_docs:50000 prefix_docs:2750 suffix_docs:47250 num_phases:3 boundaries:[916, 1833, 2750]
2026-04-30T20:21:00Z ttp: b775/782 bl:2.2723 bb:1.0564 rl:2.2723 rb:1.0564 dl:6892-7524 gd:0
2026-04-30T20:21:28Z ttp: b774/782 bl:2.2812 bb:1.0621 rl:2.2766 rb:1.0591 dl:6447-6872 gd:0
2026-04-30T20:21:49Z ttp: b769/782 bl:2.3247 bb:1.0822 rl:2.2897 rb:1.0654 dl:5097-5309 gd:0
2026-04-30T20:22:05Z ttp: b765/782 bl:2.3133 bb:1.0819 rl:2.2942 rb:1.0685 dl:4393-4510 gd:0
2026-04-30T20:22:52Z ttpp: phase:1/3 pd:1360 gd:916 t:191.8s
2026-04-30T20:22:52Z tttg: c1/142 lr:0.001000 t:0.4s
2026-04-30T20:22:52Z tttg: c2/142 lr:0.001000 t:0.5s
2026-04-30T20:22:52Z tttg: c3/142 lr:0.001000 t:0.6s
2026-04-30T20:22:53Z tttg: c4/142 lr:0.000999 t:0.7s
2026-04-30T20:22:53Z tttg: c5/142 lr:0.000998 t:0.9s
2026-04-30T20:22:53Z tttg: c6/142 lr:0.000997 t:1.0s
2026-04-30T20:22:53Z tttg: c7/142 lr:0.000996 t:1.1s
2026-04-30T20:22:53Z tttg: c8/142 lr:0.000994 t:1.2s
2026-04-30T20:22:53Z tttg: c9/142 lr:0.000992 t:1.4s
2026-04-30T20:22:53Z tttg: c10/142 lr:0.000990 t:1.5s
2026-04-30T20:22:53Z tttg: c11/142 lr:0.000988 t:1.6s
2026-04-30T20:22:54Z tttg: c12/142 lr:0.000985 t:1.7s
2026-04-30T20:22:54Z tttg: c13/142 lr:0.000982 t:1.9s
2026-04-30T20:22:54Z tttg: c14/142 lr:0.000979 t:2.0s
2026-04-30T20:22:54Z tttg: c15/142 lr:0.000976 t:2.1s
2026-04-30T20:22:54Z tttg: c16/142 lr:0.000972 t:2.2s
2026-04-30T20:22:54Z tttg: c17/142 lr:0.000969 t:2.4s
2026-04-30T20:22:54Z tttg: c18/142 lr:0.000965 t:2.5s
2026-04-30T20:22:54Z tttg: c19/142 lr:0.000960 t:2.6s
2026-04-30T20:22:55Z tttg: c20/142 lr:0.000956 t:2.7s
2026-04-30T20:22:55Z tttg: c21/142 lr:0.000951 t:2.9s
2026-04-30T20:22:55Z tttg: c22/142 lr:0.000946 t:3.0s
2026-04-30T20:22:55Z tttg: c23/142 lr:0.000941 t:3.1s
2026-04-30T20:22:55Z tttg: c24/142 lr:0.000936 t:3.2s
2026-04-30T20:22:55Z tttg: c25/142 lr:0.000930 t:3.4s
2026-04-30T20:22:55Z tttg: c26/142 lr:0.000924 t:3.5s
2026-04-30T20:22:55Z tttg: c27/142 lr:0.000918 t:3.6s
2026-04-30T20:22:56Z tttg: c28/142 lr:0.000912 t:3.7s
2026-04-30T20:22:56Z tttg: c29/142 lr:0.000906 t:3.9s
2026-04-30T20:22:56Z tttg: c30/142 lr:0.000899 t:4.0s
2026-04-30T20:22:56Z tttg: c31/142 lr:0.000892 t:4.1s
2026-04-30T20:22:56Z tttg: c32/142 lr:0.000885 t:4.2s
2026-04-30T20:22:56Z tttg: c33/142 lr:0.000878 t:4.4s
2026-04-30T20:22:56Z tttg: c34/142 lr:0.000871 t:4.5s
2026-04-30T20:22:56Z tttg: c35/142 lr:0.000863 t:4.6s
2026-04-30T20:22:57Z tttg: c36/142 lr:0.000856 t:4.7s
2026-04-30T20:22:57Z tttg: c37/142 lr:0.000848 t:4.9s
2026-04-30T20:22:57Z tttg: c38/142 lr:0.000840 t:5.0s
2026-04-30T20:22:57Z tttg: c39/142 lr:0.000831 t:5.1s
2026-04-30T20:22:57Z tttg: c40/142 lr:0.000823 t:5.2s
2026-04-30T20:22:57Z tttg: c41/142 lr:0.000814 t:5.3s
2026-04-30T20:22:57Z tttg: c42/142 lr:0.000805 t:5.5s
2026-04-30T20:22:57Z tttg: c43/142 lr:0.000797 t:5.6s
2026-04-30T20:22:58Z tttg: c44/142 lr:0.000788 t:5.7s
2026-04-30T20:22:58Z tttg: c45/142 lr:0.000778 t:5.8s
2026-04-30T20:22:58Z tttg: c46/142 lr:0.000769 t:6.0s
2026-04-30T20:22:58Z tttg: c47/142 lr:0.000760 t:6.1s
2026-04-30T20:22:58Z tttg: c48/142 lr:0.000750 t:6.2s
2026-04-30T20:22:58Z tttg: c49/142 lr:0.000740 t:6.3s
2026-04-30T20:22:58Z tttg: c50/142 lr:0.000730 t:6.5s
2026-04-30T20:22:58Z tttg: c51/142 lr:0.000721 t:6.6s
2026-04-30T20:22:59Z tttg: c52/142 lr:0.000710 t:6.7s
2026-04-30T20:22:59Z tttg: c53/142 lr:0.000700 t:6.9s
2026-04-30T20:22:59Z tttg: c54/142 lr:0.000690 t:7.0s
2026-04-30T20:22:59Z tttg: c55/142 lr:0.000680 t:7.1s
2026-04-30T20:22:59Z tttg: c56/142 lr:0.000669 t:7.2s
2026-04-30T20:22:59Z tttg: c57/142 lr:0.000659 t:7.4s
2026-04-30T20:22:59Z tttg: c58/142 lr:0.000648 t:7.5s
2026-04-30T20:22:59Z tttg: c59/142 lr:0.000637 t:7.6s
2026-04-30T20:23:00Z tttg: c60/142 lr:0.000627 t:7.7s
2026-04-30T20:23:00Z tttg: c61/142 lr:0.000616 t:7.9s
2026-04-30T20:23:00Z tttg: c62/142 lr:0.000605 t:8.0s
2026-04-30T20:23:00Z tttg: c63/142 lr:0.000594 t:8.1s
2026-04-30T20:23:00Z tttg: c64/142 lr:0.000583 t:8.2s
2026-04-30T20:23:00Z tttg: c65/142 lr:0.000572 t:8.4s
2026-04-30T20:23:00Z tttg: c66/142 lr:0.000561 t:8.5s
2026-04-30T20:23:00Z tttg: c67/142 lr:0.000550 t:8.6s
2026-04-30T20:23:01Z tttg: c68/142 lr:0.000539 t:8.7s
2026-04-30T20:23:01Z tttg: c69/142 lr:0.000528 t:8.9s
2026-04-30T20:23:01Z tttg: c70/142 lr:0.000517 t:9.0s
2026-04-30T20:23:01Z tttg: c71/142 lr:0.000506 t:9.1s
2026-04-30T20:23:01Z tttg: c72/142 lr:0.000494 t:9.2s
2026-04-30T20:23:01Z tttg: c73/142 lr:0.000483 t:9.4s
2026-04-30T20:23:01Z tttg: c74/142 lr:0.000472 t:9.5s
2026-04-30T20:23:01Z tttg: c75/142 lr:0.000461 t:9.6s
2026-04-30T20:23:02Z tttg: c76/142 lr:0.000450 t:9.7s
2026-04-30T20:23:02Z tttg: c77/142 lr:0.000439 t:9.9s
2026-04-30T20:23:02Z tttg: c78/142 lr:0.000428 t:10.0s
2026-04-30T20:23:02Z tttg: c79/142 lr:0.000417 t:10.1s
2026-04-30T20:23:02Z tttg: c80/142 lr:0.000406 t:10.2s
2026-04-30T20:23:02Z tttg: c81/142 lr:0.000395 t:10.4s
2026-04-30T20:23:02Z tttg: c82/142 lr:0.000384 t:10.5s
2026-04-30T20:23:02Z tttg: c83/142 lr:0.000373 t:10.6s
2026-04-30T20:23:03Z tttg: c84/142 lr:0.000363 t:10.7s
2026-04-30T20:23:03Z tttg: c85/142 lr:0.000352 t:10.9s
2026-04-30T20:23:03Z tttg: c86/142 lr:0.000341 t:11.0s
2026-04-30T20:23:03Z tttg: c87/142 lr:0.000331 t:11.1s
2026-04-30T20:23:03Z tttg: c88/142 lr:0.000320 t:11.2s
2026-04-30T20:23:03Z tttg: c89/142 lr:0.000310 t:11.4s
2026-04-30T20:23:03Z tttg: c90/142 lr:0.000300 t:11.5s
2026-04-30T20:23:03Z tttg: c91/142 lr:0.000290 t:11.6s
2026-04-30T20:23:04Z tttg: c92/142 lr:0.000279 t:11.7s
2026-04-30T20:23:04Z tttg: c93/142 lr:0.000270 t:11.9s
2026-04-30T20:23:04Z tttg: c94/142 lr:0.000260 t:12.0s
2026-04-30T20:23:04Z tttg: c95/142 lr:0.000250 t:12.1s
2026-04-30T20:23:04Z tttg: c96/142 lr:0.000240 t:12.2s
2026-04-30T20:23:04Z tttg: c97/142 lr:0.000231 t:12.4s
2026-04-30T20:23:04Z tttg: c98/142 lr:0.000222 t:12.5s
2026-04-30T20:23:04Z tttg: c99/142 lr:0.000212 t:12.6s
2026-04-30T20:23:05Z tttg: c100/142 lr:0.000203 t:12.7s
2026-04-30T20:23:05Z tttg: c101/142 lr:0.000195 t:12.9s
2026-04-30T20:23:05Z tttg: c102/142 lr:0.000186 t:13.0s
2026-04-30T20:23:05Z tttg: c103/142 lr:0.000177 t:13.1s
2026-04-30T20:23:05Z tttg: c104/142 lr:0.000169 t:13.2s
2026-04-30T20:23:05Z tttg: c105/142 lr:0.000160 t:13.4s
2026-04-30T20:23:05Z tttg: c106/142 lr:0.000152 t:13.5s
2026-04-30T20:23:05Z tttg: c107/142 lr:0.000144 t:13.6s
2026-04-30T20:23:06Z tttg: c108/142 lr:0.000137 t:13.7s
2026-04-30T20:23:06Z tttg: c109/142 lr:0.000129 t:13.9s
2026-04-30T20:23:06Z tttg: c110/142 lr:0.000122 t:14.0s
2026-04-30T20:23:06Z tttg: c111/142 lr:0.000115 t:14.1s
2026-04-30T20:23:06Z tttg: c112/142 lr:0.000108 t:14.2s
2026-04-30T20:23:06Z tttg: c113/142 lr:0.000101 t:14.4s
2026-04-30T20:23:06Z tttg: c114/142 lr:0.000094 t:14.5s
2026-04-30T20:23:06Z tttg: c115/142 lr:0.000088 t:14.6s
2026-04-30T20:23:07Z tttg: c116/142 lr:0.000082 t:14.7s
2026-04-30T20:23:07Z tttg: c117/142 lr:0.000076 t:14.9s
2026-04-30T20:23:07Z tttg: c118/142 lr:0.000070 t:15.0s
2026-04-30T20:23:07Z tttg: c119/142 lr:0.000064 t:15.1s
2026-04-30T20:23:07Z tttg: c120/142 lr:0.000059 t:15.2s
2026-04-30T20:23:07Z tttg: c121/142 lr:0.000054 t:15.4s
2026-04-30T20:23:07Z tttg: c122/142 lr:0.000049 t:15.5s
2026-04-30T20:23:07Z tttg: c123/142 lr:0.000044 t:15.6s
2026-04-30T20:23:08Z tttg: c124/142 lr:0.000040 t:15.7s
2026-04-30T20:23:08Z tttg: c125/142 lr:0.000035 t:15.9s
2026-04-30T20:23:08Z tttg: c126/142 lr:0.000031 t:16.0s
2026-04-30T20:23:08Z tttg: c127/142 lr:0.000028 t:16.1s
2026-04-30T20:23:08Z tttg: c128/142 lr:0.000024 t:16.2s
2026-04-30T20:23:08Z tttg: c129/142 lr:0.000021 t:16.4s
2026-04-30T20:23:08Z tttg: c130/142 lr:0.000018 t:16.5s
2026-04-30T20:23:08Z tttg: c131/142 lr:0.000015 t:16.6s
2026-04-30T20:23:09Z tttg: c132/142 lr:0.000012 t:16.7s
2026-04-30T20:23:09Z tttg: c133/142 lr:0.000010 t:16.9s
2026-04-30T20:23:09Z tttg: c134/142 lr:0.000008 t:17.0s
2026-04-30T20:23:09Z tttg: c135/142 lr:0.000006 t:17.1s
2026-04-30T20:23:09Z tttg: c136/142 lr:0.000004 t:17.2s
2026-04-30T20:23:09Z tttg: c137/142 lr:0.000003 t:17.4s
2026-04-30T20:23:09Z tttg: c138/142 lr:0.000002 t:17.5s
2026-04-30T20:23:09Z tttg: c139/142 lr:0.000001 t:17.6s
2026-04-30T20:23:10Z tttg: c140/142 lr:0.000000 t:17.7s
2026-04-30T20:23:10Z tttg: c141/142 lr:0.000000 t:17.9s
2026-04-30T20:23:11Z ttpr: phase:1/3 t:210.8s
2026-04-30T20:24:11Z ttp: b755/782 bl:2.3794 bb:1.0747 rl:2.3051 rb:1.0694 dl:3397-3466 gd:0
2026-04-30T20:24:20Z ttp: b749/782 bl:2.3881 bb:1.0836 rl:2.3136 rb:1.0708 dl:3039-3089 gd:0
2026-04-30T20:24:21Z ttpp: phase:2/3 pd:2320 gd:1833 t:281.3s
2026-04-30T20:24:21Z tttg: c1/231 lr:0.001000 t:0.1s
2026-04-30T20:24:21Z tttg: c2/231 lr:0.001000 t:0.2s
2026-04-30T20:24:22Z tttg: c3/231 lr:0.001000 t:0.4s
2026-04-30T20:24:22Z tttg: c4/231 lr:0.001000 t:0.5s
2026-04-30T20:24:22Z tttg: c5/231 lr:0.000999 t:0.6s
2026-04-30T20:24:22Z tttg: c6/231 lr:0.000999 t:0.7s
2026-04-30T20:24:22Z tttg: c7/231 lr:0.000998 t:0.8s
2026-04-30T20:24:22Z tttg: c8/231 lr:0.000998 t:1.0s
2026-04-30T20:24:22Z tttg: c9/231 lr:0.000997 t:1.1s
2026-04-30T20:24:22Z tttg: c10/231 lr:0.000996 t:1.2s
2026-04-30T20:24:23Z tttg: c11/231 lr:0.000995 t:1.3s
2026-04-30T20:24:23Z tttg: c12/231 lr:0.000994 t:1.5s
2026-04-30T20:24:23Z tttg: c13/231 lr:0.000993 t:1.6s
2026-04-30T20:24:23Z tttg: c14/231 lr:0.000992 t:1.7s
2026-04-30T20:24:23Z tttg: c15/231 lr:0.000991 t:1.8s
2026-04-30T20:24:23Z tttg: c16/231 lr:0.000990 t:2.0s
2026-04-30T20:24:23Z tttg: c17/231 lr:0.000988 t:2.1s
2026-04-30T20:24:23Z tttg: c18/231 lr:0.000987 t:2.2s
2026-04-30T20:24:24Z tttg: c19/231 lr:0.000985 t:2.3s
2026-04-30T20:24:24Z tttg: c20/231 lr:0.000983 t:2.5s
2026-04-30T20:24:24Z tttg: c21/231 lr:0.000981 t:2.6s
2026-04-30T20:24:24Z tttg: c22/231 lr:0.000980 t:2.7s
2026-04-30T20:24:24Z tttg: c23/231 lr:0.000978 t:2.9s
2026-04-30T20:24:24Z tttg: c24/231 lr:0.000976 t:3.0s
2026-04-30T20:24:24Z tttg: c25/231 lr:0.000973 t:3.1s
2026-04-30T20:24:24Z tttg: c26/231 lr:0.000971 t:3.2s
2026-04-30T20:24:25Z tttg: c27/231 lr:0.000969 t:3.4s
2026-04-30T20:24:25Z tttg: c28/231 lr:0.000966 t:3.5s
2026-04-30T20:24:25Z tttg: c29/231 lr:0.000964 t:3.6s
2026-04-30T20:24:25Z tttg: c30/231 lr:0.000961 t:3.7s
2026-04-30T20:24:25Z tttg: c31/231 lr:0.000959 t:3.9s
2026-04-30T20:24:25Z tttg: c32/231 lr:0.000956 t:4.0s
2026-04-30T20:24:25Z tttg: c33/231 lr:0.000953 t:4.1s
2026-04-30T20:24:25Z tttg: c34/231 lr:0.000950 t:4.2s
2026-04-30T20:24:26Z tttg: c35/231 lr:0.000947 t:4.4s
2026-04-30T20:24:26Z tttg: c36/231 lr:0.000944 t:4.5s
2026-04-30T20:24:26Z tttg: c37/231 lr:0.000941 t:4.6s
2026-04-30T20:24:26Z tttg: c38/231 lr:0.000937 t:4.7s
2026-04-30T20:24:26Z tttg: c39/231 lr:0.000934 t:4.9s
2026-04-30T20:24:26Z tttg: c40/231 lr:0.000931 t:5.0s
2026-04-30T20:24:26Z tttg: c41/231 lr:0.000927 t:5.1s
2026-04-30T20:24:26Z tttg: c42/231 lr:0.000924 t:5.2s
2026-04-30T20:24:27Z tttg: c43/231 lr:0.000920 t:5.4s
2026-04-30T20:24:27Z tttg: c44/231 lr:0.000916 t:5.5s
2026-04-30T20:24:27Z tttg: c45/231 lr:0.000912 t:5.6s
2026-04-30T20:24:27Z tttg: c46/231 lr:0.000908 t:5.7s
2026-04-30T20:24:27Z tttg: c47/231 lr:0.000905 t:5.9s
2026-04-30T20:24:27Z tttg: c48/231 lr:0.000900 t:6.0s
2026-04-30T20:24:27Z tttg: c49/231 lr:0.000896 t:6.1s
2026-04-30T20:24:27Z tttg: c50/231 lr:0.000892 t:6.2s
2026-04-30T20:24:28Z tttg: c51/231 lr:0.000888 t:6.4s
2026-04-30T20:24:28Z tttg: c52/231 lr:0.000884 t:6.5s
2026-04-30T20:24:28Z tttg: c53/231 lr:0.000879 t:6.6s
2026-04-30T20:24:28Z tttg: c54/231 lr:0.000875 t:6.7s
2026-04-30T20:24:28Z tttg: c55/231 lr:0.000870 t:6.9s
2026-04-30T20:24:28Z tttg: c56/231 lr:0.000865 t:7.0s
2026-04-30T20:24:28Z tttg: c57/231 lr:0.000861 t:7.1s
2026-04-30T20:24:28Z tttg: c58/231 lr:0.000856 t:7.2s
2026-04-30T20:24:29Z tttg: c59/231 lr:0.000851 t:7.4s
2026-04-30T20:24:29Z tttg: c60/231 lr:0.000846 t:7.5s
2026-04-30T20:24:29Z tttg: c61/231 lr:0.000841 t:7.6s
2026-04-30T20:24:29Z tttg: c62/231 lr:0.000836 t:7.7s
2026-04-30T20:24:29Z tttg: c63/231 lr:0.000831 t:7.9s
2026-04-30T20:24:29Z tttg: c64/231 lr:0.000826 t:8.0s
2026-04-30T20:24:29Z tttg: c65/231 lr:0.000821 t:8.1s
2026-04-30T20:24:29Z tttg: c66/231 lr:0.000816 t:8.2s
2026-04-30T20:24:30Z tttg: c67/231 lr:0.000810 t:8.4s
2026-04-30T20:24:30Z tttg: c68/231 lr:0.000805 t:8.5s
2026-04-30T20:24:30Z tttg: c69/231 lr:0.000799 t:8.6s
2026-04-30T20:24:30Z tttg: c70/231 lr:0.000794 t:8.7s
2026-04-30T20:24:30Z tttg: c71/231 lr:0.000788 t:8.9s
2026-04-30T20:24:30Z tttg: c72/231 lr:0.000783 t:9.0s
2026-04-30T20:24:30Z tttg: c73/231 lr:0.000777 t:9.1s
2026-04-30T20:24:30Z tttg: c74/231 lr:0.000771 t:9.2s
2026-04-30T20:24:31Z tttg: c75/231 lr:0.000766 t:9.4s
2026-04-30T20:24:31Z tttg: c76/231 lr:0.000760 t:9.5s
2026-04-30T20:24:31Z tttg: c77/231 lr:0.000754 t:9.6s
2026-04-30T20:24:31Z tttg: c78/231 lr:0.000748 t:9.7s
2026-04-30T20:24:31Z tttg: c79/231 lr:0.000742 t:9.9s
2026-04-30T20:24:31Z tttg: c80/231 lr:0.000736 t:10.0s
2026-04-30T20:24:31Z tttg: c81/231 lr:0.000730 t:10.1s
2026-04-30T20:24:31Z tttg: c82/231 lr:0.000724 t:10.2s
2026-04-30T20:24:32Z tttg: c83/231 lr:0.000718 t:10.4s
2026-04-30T20:24:32Z tttg: c84/231 lr:0.000712 t:10.5s
2026-04-30T20:24:32Z tttg: c85/231 lr:0.000705 t:10.6s
2026-04-30T20:24:32Z tttg: c86/231 lr:0.000699 t:10.7s
2026-04-30T20:24:32Z tttg: c87/231 lr:0.000693 t:10.9s
2026-04-30T20:24:32Z tttg: c88/231 lr:0.000687 t:11.0s
2026-04-30T20:24:32Z tttg: c89/231 lr:0.000680 t:11.1s
2026-04-30T20:24:32Z tttg: c90/231 lr:0.000674 t:11.2s
2026-04-30T20:24:33Z tttg: c91/231 lr:0.000667 t:11.4s
2026-04-30T20:24:33Z tttg: c92/231 lr:0.000661 t:11.5s
2026-04-30T20:24:33Z tttg: c93/231 lr:0.000655 t:11.6s
2026-04-30T20:24:33Z tttg: c94/231 lr:0.000648 t:11.7s
2026-04-30T20:24:33Z tttg: c95/231 lr:0.000641 t:11.9s
2026-04-30T20:24:33Z tttg: c96/231 lr:0.000635 t:12.0s
2026-04-30T20:24:33Z tttg: c97/231 lr:0.000628 t:12.1s
2026-04-30T20:24:33Z tttg: c98/231 lr:0.000622 t:12.2s
2026-04-30T20:24:34Z tttg: c99/231 lr:0.000615 t:12.4s
2026-04-30T20:24:34Z tttg: c100/231 lr:0.000608 t:12.5s
2026-04-30T20:24:34Z tttg: c101/231 lr:0.000602 t:12.6s
2026-04-30T20:24:34Z tttg: c102/231 lr:0.000595 t:12.7s
2026-04-30T20:24:34Z tttg: c103/231 lr:0.000588 t:12.9s
2026-04-30T20:24:34Z tttg: c104/231 lr:0.000582 t:13.0s
2026-04-30T20:24:34Z tttg: c105/231 lr:0.000575 t:13.1s
2026-04-30T20:24:34Z tttg: c106/231 lr:0.000568 t:13.2s
2026-04-30T20:24:35Z tttg: c107/231 lr:0.000561 t:13.4s
2026-04-30T20:24:35Z tttg: c108/231 lr:0.000555 t:13.5s
2026-04-30T20:24:35Z tttg: c109/231 lr:0.000548 t:13.6s
2026-04-30T20:24:35Z tttg: c110/231 lr:0.000541 t:13.7s
2026-04-30T20:24:35Z tttg: c111/231 lr:0.000534 t:13.9s
2026-04-30T20:24:35Z tttg: c112/231 lr:0.000527 t:14.0s
2026-04-30T20:24:35Z tttg: c113/231 lr:0.000520 t:14.1s
2026-04-30T20:24:35Z tttg: c114/231 lr:0.000514 t:14.2s
2026-04-30T20:24:36Z tttg: c115/231 lr:0.000507 t:14.4s
2026-04-30T20:24:36Z tttg: c116/231 lr:0.000500 t:14.5s
2026-04-30T20:24:36Z tttg: c117/231 lr:0.000493 t:14.6s
2026-04-30T20:24:36Z tttg: c118/231 lr:0.000486 t:14.8s
2026-04-30T20:24:36Z tttg: c119/231 lr:0.000480 t:14.9s
2026-04-30T20:24:36Z tttg: c120/231 lr:0.000473 t:15.0s
2026-04-30T20:24:36Z tttg: c121/231 lr:0.000466 t:15.1s
2026-04-30T20:24:36Z tttg: c122/231 lr:0.000459 t:15.3s
2026-04-30T20:24:37Z tttg: c123/231 lr:0.000452 t:15.4s
2026-04-30T20:24:37Z tttg: c124/231 lr:0.000445 t:15.5s
2026-04-30T20:24:37Z tttg: c125/231 lr:0.000439 t:15.6s
2026-04-30T20:24:37Z tttg: c126/231 lr:0.000432 t:15.8s
2026-04-30T20:24:37Z tttg: c127/231 lr:0.000425 t:15.9s
2026-04-30T20:24:37Z tttg: c128/231 lr:0.000418 t:16.0s
2026-04-30T20:24:37Z tttg: c129/231 lr:0.000412 t:16.1s
2026-04-30T20:24:37Z tttg: c130/231 lr:0.000405 t:16.3s
2026-04-30T20:24:38Z tttg: c131/231 lr:0.000398 t:16.4s
2026-04-30T20:24:38Z tttg: c132/231 lr:0.000392 t:16.5s
2026-04-30T20:24:38Z tttg: c133/231 lr:0.000385 t:16.6s
2026-04-30T20:24:38Z tttg: c134/231 lr:0.000378 t:16.8s
2026-04-30T20:24:38Z tttg: c135/231 lr:0.000372 t:16.9s
2026-04-30T20:24:38Z tttg: c136/231 lr:0.000365 t:17.0s
2026-04-30T20:24:38Z tttg: c137/231 lr:0.000359 t:17.2s
2026-04-30T20:24:39Z tttg: c138/231 lr:0.000352 t:17.3s
2026-04-30T20:24:39Z tttg: c139/231 lr:0.000345 t:17.4s
2026-04-30T20:24:39Z tttg: c140/231 lr:0.000339 t:17.5s
2026-04-30T20:24:39Z tttg: c141/231 lr:0.000333 t:17.7s
2026-04-30T20:24:39Z tttg: c142/231 lr:0.000326 t:17.8s
2026-04-30T20:24:39Z tttg: c143/231 lr:0.000320 t:17.9s
2026-04-30T20:24:39Z tttg: c144/231 lr:0.000313 t:18.0s
2026-04-30T20:24:39Z tttg: c145/231 lr:0.000307 t:18.2s
2026-04-30T20:24:39Z tttg: c146/231 lr:0.000301 t:18.3s
2026-04-30T20:24:40Z tttg: c147/231 lr:0.000295 t:18.4s
2026-04-30T20:24:40Z tttg: c148/231 lr:0.000288 t:18.5s
2026-04-30T20:24:40Z tttg: c149/231 lr:0.000282 t:18.6s
2026-04-30T20:24:40Z tttg: c150/231 lr:0.000276 t:18.8s
2026-04-30T20:24:40Z tttg: c151/231 lr:0.000270 t:18.9s
2026-04-30T20:24:40Z tttg: c152/231 lr:0.000264 t:19.0s
2026-04-30T20:24:40Z tttg: c153/231 lr:0.000258 t:19.1s
2026-04-30T20:24:40Z tttg: c154/231 lr:0.000252 t:19.3s
2026-04-30T20:24:41Z tttg: c155/231 lr:0.000246 t:19.4s
2026-04-30T20:24:41Z tttg: c156/231 lr:0.000240 t:19.5s
2026-04-30T20:24:41Z tttg: c157/231 lr:0.000234 t:19.6s
2026-04-30T20:24:41Z tttg: c158/231 lr:0.000229 t:19.8s
2026-04-30T20:24:41Z tttg: c159/231 lr:0.000223 t:19.9s
2026-04-30T20:24:41Z tttg: c160/231 lr:0.000217 t:20.0s
2026-04-30T20:24:41Z tttg: c161/231 lr:0.000212 t:20.1s
2026-04-30T20:24:41Z tttg: c162/231 lr:0.000206 t:20.3s
2026-04-30T20:24:42Z tttg: c163/231 lr:0.000201 t:20.4s
2026-04-30T20:24:42Z tttg: c164/231 lr:0.000195 t:20.5s
2026-04-30T20:24:42Z tttg: c165/231 lr:0.000190 t:20.6s
2026-04-30T20:24:42Z tttg: c166/231 lr:0.000184 t:20.8s
2026-04-30T20:24:42Z tttg: c167/231 lr:0.000179 t:20.9s
2026-04-30T20:24:42Z tttg: c168/231 lr:0.000174 t:21.0s
2026-04-30T20:24:42Z tttg: c169/231 lr:0.000169 t:21.1s
2026-04-30T20:24:42Z tttg: c170/231 lr:0.000164 t:21.3s
2026-04-30T20:24:43Z tttg: c171/231 lr:0.000159 t:21.4s
2026-04-30T20:24:43Z tttg: c172/231 lr:0.000154 t:21.5s
2026-04-30T20:24:43Z tttg: c173/231 lr:0.000149 t:21.6s
2026-04-30T20:24:43Z tttg: c174/231 lr:0.000144 t:21.8s
2026-04-30T20:24:43Z tttg: c175/231 lr:0.000139 t:21.9s
2026-04-30T20:24:43Z tttg: c176/231 lr:0.000135 t:22.0s
2026-04-30T20:24:43Z tttg: c177/231 lr:0.000130 t:22.1s
2026-04-30T20:24:43Z tttg: c178/231 lr:0.000125 t:22.3s
2026-04-30T20:24:44Z tttg: c179/231 lr:0.000121 t:22.4s
2026-04-30T20:24:44Z tttg: c180/231 lr:0.000116 t:22.5s
2026-04-30T20:24:44Z tttg: c181/231 lr:0.000112 t:22.6s
2026-04-30T20:24:44Z tttg: c182/231 lr:0.000108 t:22.8s
2026-04-30T20:24:44Z tttg: c183/231 lr:0.000104 t:22.9s
2026-04-30T20:24:44Z tttg: c184/231 lr:0.000100 t:23.0s
2026-04-30T20:24:44Z tttg: c185/231 lr:0.000095 t:23.1s
2026-04-30T20:24:44Z tttg: c186/231 lr:0.000092 t:23.3s
2026-04-30T20:24:45Z tttg: c187/231 lr:0.000088 t:23.4s
2026-04-30T20:24:45Z tttg: c188/231 lr:0.000084 t:23.5s
2026-04-30T20:24:45Z tttg: c189/231 lr:0.000080 t:23.6s
2026-04-30T20:24:45Z tttg: c190/231 lr:0.000076 t:23.8s
2026-04-30T20:24:45Z tttg: c191/231 lr:0.000073 t:23.9s
2026-04-30T20:24:45Z tttg: c192/231 lr:0.000069 t:24.0s
2026-04-30T20:24:45Z tttg: c193/231 lr:0.000066 t:24.1s
2026-04-30T20:24:45Z tttg: c194/231 lr:0.000063 t:24.3s
2026-04-30T20:24:46Z tttg: c195/231 lr:0.000059 t:24.4s
2026-04-30T20:24:46Z tttg: c196/231 lr:0.000056 t:24.5s
2026-04-30T20:24:46Z tttg: c197/231 lr:0.000053 t:24.6s
2026-04-30T20:24:46Z tttg: c198/231 lr:0.000050 t:24.8s
2026-04-30T20:24:46Z tttg: c199/231 lr:0.000047 t:24.9s
2026-04-30T20:24:46Z tttg: c200/231 lr:0.000044 t:25.0s
2026-04-30T20:24:46Z tttg: c201/231 lr:0.000041 t:25.1s
2026-04-30T20:24:46Z tttg: c202/231 lr:0.000039 t:25.3s
2026-04-30T20:24:47Z tttg: c203/231 lr:0.000036 t:25.4s
2026-04-30T20:24:47Z tttg: c204/231 lr:0.000034 t:25.5s
2026-04-30T20:24:47Z tttg: c205/231 lr:0.000031 t:25.6s
2026-04-30T20:24:47Z tttg: c206/231 lr:0.000029 t:25.8s
2026-04-30T20:24:47Z tttg: c207/231 lr:0.000027 t:25.9s
2026-04-30T20:24:47Z tttg: c208/231 lr:0.000024 t:26.0s
2026-04-30T20:24:47Z tttg: c209/231 lr:0.000022 t:26.1s
2026-04-30T20:24:47Z tttg: c210/231 lr:0.000020 t:26.3s
2026-04-30T20:24:48Z tttg: c211/231 lr:0.000019 t:26.4s
2026-04-30T20:24:48Z tttg: c212/231 lr:0.000017 t:26.5s
2026-04-30T20:24:48Z tttg: c213/231 lr:0.000015 t:26.6s
2026-04-30T20:24:48Z tttg: c214/231 lr:0.000013 t:26.8s
2026-04-30T20:24:48Z tttg: c215/231 lr:0.000012 t:26.9s
2026-04-30T20:24:48Z tttg: c216/231 lr:0.000010 t:27.0s
2026-04-30T20:24:48Z tttg: c217/231 lr:0.000009 t:27.1s
2026-04-30T20:24:48Z tttg: c218/231 lr:0.000008 t:27.3s
2026-04-30T20:24:49Z tttg: c219/231 lr:0.000007 t:27.4s
2026-04-30T20:24:49Z tttg: c220/231 lr:0.000006 t:27.5s
2026-04-30T20:24:49Z tttg: c221/231 lr:0.000005 t:27.6s
2026-04-30T20:24:49Z tttg: c222/231 lr:0.000004 t:27.8s
2026-04-30T20:24:49Z tttg: c223/231 lr:0.000003 t:27.9s
2026-04-30T20:24:49Z tttg: c224/231 lr:0.000002 t:28.0s
2026-04-30T20:24:49Z tttg: c225/231 lr:0.000002 t:28.1s
2026-04-30T20:24:49Z tttg: c226/231 lr:0.000001 t:28.3s
2026-04-30T20:24:50Z tttg: c227/231 lr:0.000001 t:28.4s
2026-04-30T20:24:50Z tttg: c228/231 lr:0.000000 t:28.5s
2026-04-30T20:24:50Z tttg: c229/231 lr:0.000000 t:28.7s
2026-04-30T20:24:50Z tttg: c230/231 lr:0.000000 t:28.8s
2026-04-30T20:24:51Z ttpr: phase:2/3 t:311.1s
2026-04-30T20:24:58Z ttp: b738/782 bl:2.3097 bb:1.0459 rl:2.3133 rb:1.0688 dl:2583-2618 gd:0
2026-04-30T20:25:05Z ttp: b737/782 bl:2.3133 bb:1.0400 rl:2.3133 rb:1.0666 dl:2550-2583 gd:0
2026-04-30T20:25:05Z ttpp: phase:3/3 pd:3216 gd:2750 t:325.3s
2026-04-30T20:25:05Z tttg: c1/307 lr:0.001000 t:0.1s
2026-04-30T20:25:06Z tttg: c2/307 lr:0.001000 t:0.2s
2026-04-30T20:25:06Z tttg: c3/307 lr:0.001000 t:0.4s
2026-04-30T20:25:06Z tttg: c4/307 lr:0.001000 t:0.5s
2026-04-30T20:25:06Z tttg: c5/307 lr:0.001000 t:0.6s
2026-04-30T20:25:06Z tttg: c6/307 lr:0.000999 t:0.7s
2026-04-30T20:25:06Z tttg: c7/307 lr:0.000999 t:0.9s
2026-04-30T20:25:06Z tttg: c8/307 lr:0.000999 t:1.0s
2026-04-30T20:25:06Z tttg: c9/307 lr:0.000998 t:1.1s
2026-04-30T20:25:07Z tttg: c10/307 lr:0.000998 t:1.2s
2026-04-30T20:25:07Z tttg: c11/307 lr:0.000997 t:1.4s
2026-04-30T20:25:07Z tttg: c12/307 lr:0.000997 t:1.5s
2026-04-30T20:25:07Z tttg: c13/307 lr:0.000996 t:1.6s
2026-04-30T20:25:07Z tttg: c14/307 lr:0.000996 t:1.7s
2026-04-30T20:25:09Z tttg: c15/307 lr:0.000995 t:3.4s
2026-04-30T20:25:09Z tttg: c16/307 lr:0.000994 t:3.6s
2026-04-30T20:25:09Z tttg: c17/307 lr:0.000993 t:3.7s
2026-04-30T20:25:09Z tttg: c18/307 lr:0.000992 t:3.8s
2026-04-30T20:25:09Z tttg: c19/307 lr:0.000991 t:3.9s
2026-04-30T20:25:09Z tttg: c20/307 lr:0.000991 t:4.0s
2026-04-30T20:25:09Z tttg: c21/307 lr:0.000989 t:4.2s
2026-04-30T20:25:10Z tttg: c22/307 lr:0.000988 t:4.3s
2026-04-30T20:25:10Z tttg: c23/307 lr:0.000987 t:4.4s
2026-04-30T20:25:10Z tttg: c24/307 lr:0.000986 t:4.5s
2026-04-30T20:25:10Z tttg: c25/307 lr:0.000985 t:4.7s
2026-04-30T20:25:10Z tttg: c26/307 lr:0.000984 t:4.8s
2026-04-30T20:25:10Z tttg: c27/307 lr:0.000982 t:4.9s
2026-04-30T20:25:10Z tttg: c28/307 lr:0.000981 t:5.0s
2026-04-30T20:25:10Z tttg: c29/307 lr:0.000979 t:5.2s
2026-04-30T20:25:11Z tttg: c30/307 lr:0.000978 t:5.3s
2026-04-30T20:25:11Z tttg: c31/307 lr:0.000976 t:5.4s
2026-04-30T20:25:11Z tttg: c32/307 lr:0.000975 t:5.5s
2026-04-30T20:25:11Z tttg: c33/307 lr:0.000973 t:5.7s
2026-04-30T20:25:11Z tttg: c34/307 lr:0.000972 t:5.8s
2026-04-30T20:25:11Z tttg: c35/307 lr:0.000970 t:5.9s
2026-04-30T20:25:11Z tttg: c36/307 lr:0.000968 t:6.1s
2026-04-30T20:25:11Z tttg: c37/307 lr:0.000966 t:6.2s
2026-04-30T20:25:12Z tttg: c38/307 lr:0.000964 t:6.3s
2026-04-30T20:25:12Z tttg: c39/307 lr:0.000962 t:6.4s
2026-04-30T20:25:12Z tttg: c40/307 lr:0.000960 t:6.6s
2026-04-30T20:25:12Z tttg: c41/307 lr:0.000958 t:6.7s
2026-04-30T20:25:12Z tttg: c42/307 lr:0.000956 t:6.8s
2026-04-30T20:25:12Z tttg: c43/307 lr:0.000954 t:6.9s
2026-04-30T20:25:12Z tttg: c44/307 lr:0.000952 t:7.1s
2026-04-30T20:25:13Z tttg: c45/307 lr:0.000950 t:7.2s
2026-04-30T20:25:13Z tttg: c46/307 lr:0.000948 t:7.3s
2026-04-30T20:25:13Z tttg: c47/307 lr:0.000945 t:7.4s
2026-04-30T20:25:13Z tttg: c48/307 lr:0.000943 t:7.6s
2026-04-30T20:25:13Z tttg: c49/307 lr:0.000941 t:7.7s
2026-04-30T20:25:13Z tttg: c50/307 lr:0.000938 t:7.8s
2026-04-30T20:25:13Z tttg: c51/307 lr:0.000936 t:8.0s
2026-04-30T20:25:13Z tttg: c52/307 lr:0.000933 t:8.1s
2026-04-30T20:25:14Z tttg: c53/307 lr:0.000930 t:8.2s
2026-04-30T20:25:14Z tttg: c54/307 lr:0.000928 t:8.3s
2026-04-30T20:25:14Z tttg: c55/307 lr:0.000925 t:8.5s
2026-04-30T20:25:14Z tttg: c56/307 lr:0.000922 t:8.6s
2026-04-30T20:25:14Z tttg: c57/307 lr:0.000920 t:8.7s
2026-04-30T20:25:14Z tttg: c58/307 lr:0.000917 t:8.8s
2026-04-30T20:25:14Z tttg: c59/307 lr:0.000914 t:8.9s
2026-04-30T20:25:14Z tttg: c60/307 lr:0.000911 t:9.1s
2026-04-30T20:25:15Z tttg: c61/307 lr:0.000908 t:9.2s
2026-04-30T20:25:15Z tttg: c62/307 lr:0.000905 t:9.3s
2026-04-30T20:25:15Z tttg: c63/307 lr:0.000902 t:9.5s
2026-04-30T20:25:15Z tttg: c64/307 lr:0.000899 t:9.6s
2026-04-30T20:25:15Z tttg: c65/307 lr:0.000896 t:9.7s
2026-04-30T20:25:15Z tttg: c66/307 lr:0.000893 t:9.8s
2026-04-30T20:25:15Z tttg: c67/307 lr:0.000890 t:10.0s
2026-04-30T20:25:15Z tttg: c68/307 lr:0.000886 t:10.1s
2026-04-30T20:25:16Z tttg: c69/307 lr:0.000883 t:10.2s
2026-04-30T20:25:16Z tttg: c70/307 lr:0.000880 t:10.3s
2026-04-30T20:25:16Z tttg: c71/307 lr:0.000876 t:10.5s
2026-04-30T20:25:16Z tttg: c72/307 lr:0.000873 t:10.6s
2026-04-30T20:25:16Z tttg: c73/307 lr:0.000870 t:10.7s
2026-04-30T20:25:16Z tttg: c74/307 lr:0.000866 t:10.8s
2026-04-30T20:25:16Z tttg: c75/307 lr:0.000863 t:11.0s
2026-04-30T20:25:16Z tttg: c76/307 lr:0.000859 t:11.1s
2026-04-30T20:25:17Z tttg: c77/307 lr:0.000855 t:11.2s
2026-04-30T20:25:17Z tttg: c78/307 lr:0.000852 t:11.3s
2026-04-30T20:25:17Z tttg: c79/307 lr:0.000848 t:11.4s
2026-04-30T20:25:17Z tttg: c80/307 lr:0.000844 t:11.6s
2026-04-30T20:25:17Z tttg: c81/307 lr:0.000841 t:11.7s
2026-04-30T20:25:17Z tttg: c82/307 lr:0.000837 t:11.8s
2026-04-30T20:25:17Z tttg: c83/307 lr:0.000833 t:12.0s
2026-04-30T20:25:17Z tttg: c84/307 lr:0.000829 t:12.1s
2026-04-30T20:25:18Z tttg: c85/307 lr:0.000825 t:12.2s
2026-04-30T20:25:18Z tttg: c86/307 lr:0.000821 t:12.3s
2026-04-30T20:25:18Z tttg: c87/307 lr:0.000817 t:12.4s
2026-04-30T20:25:18Z tttg: c88/307 lr:0.000813 t:12.6s
2026-04-30T20:25:18Z tttg: c89/307 lr:0.000809 t:12.7s
2026-04-30T20:25:18Z tttg: c90/307 lr:0.000805 t:12.8s
2026-04-30T20:25:18Z tttg: c91/307 lr:0.000801 t:12.9s
2026-04-30T20:25:18Z tttg: c92/307 lr:0.000797 t:13.1s
2026-04-30T20:25:19Z tttg: c93/307 lr:0.000793 t:13.2s
2026-04-30T20:25:19Z tttg: c94/307 lr:0.000789 t:13.3s
2026-04-30T20:25:19Z tttg: c95/307 lr:0.000785 t:13.4s
2026-04-30T20:25:19Z tttg: c96/307 lr:0.000780 t:13.6s
2026-04-30T20:25:19Z tttg: c97/307 lr:0.000776 t:13.7s
2026-04-30T20:25:19Z tttg: c98/307 lr:0.000772 t:13.8s
2026-04-30T20:25:19Z tttg: c99/307 lr:0.000768 t:14.0s
2026-04-30T20:25:19Z tttg: c100/307 lr:0.000763 t:14.1s
2026-04-30T20:25:20Z tttg: c101/307 lr:0.000759 t:14.2s
2026-04-30T20:25:20Z tttg: c102/307 lr:0.000754 t:14.3s
2026-04-30T20:25:20Z tttg: c103/307 lr:0.000750 t:14.5s
2026-04-30T20:25:20Z tttg: c104/307 lr:0.000746 t:14.6s
2026-04-30T20:25:20Z tttg: c105/307 lr:0.000741 t:14.7s
2026-04-30T20:25:20Z tttg: c106/307 lr:0.000737 t:14.8s
2026-04-30T20:25:20Z tttg: c107/307 lr:0.000732 t:15.0s
2026-04-30T20:25:20Z tttg: c108/307 lr:0.000727 t:15.1s
2026-04-30T20:25:21Z tttg: c109/307 lr:0.000723 t:15.2s
2026-04-30T20:25:21Z tttg: c110/307 lr:0.000718 t:15.3s
2026-04-30T20:25:21Z tttg: c111/307 lr:0.000714 t:15.5s
2026-04-30T20:25:21Z tttg: c112/307 lr:0.000709 t:15.6s
2026-04-30T20:25:21Z tttg: c113/307 lr:0.000704 t:15.7s
2026-04-30T20:25:21Z tttg: c114/307 lr:0.000700 t:15.8s
2026-04-30T20:25:21Z tttg: c115/307 lr:0.000695 t:16.0s
2026-04-30T20:25:21Z tttg: c116/307 lr:0.000690 t:16.1s
2026-04-30T20:25:22Z tttg: c117/307 lr:0.000685 t:16.2s
2026-04-30T20:25:22Z tttg: c118/307 lr:0.000681 t:16.3s
2026-04-30T20:25:22Z tttg: c119/307 lr:0.000676 t:16.5s
2026-04-30T20:25:22Z tttg: c120/307 lr:0.000671 t:16.6s
2026-04-30T20:25:22Z tttg: c121/307 lr:0.000666 t:16.7s
2026-04-30T20:25:22Z tttg: c122/307 lr:0.000661 t:16.9s
2026-04-30T20:25:22Z tttg: c123/307 lr:0.000656 t:17.0s
2026-04-30T20:25:22Z tttg: c124/307 lr:0.000652 t:17.1s
2026-04-30T20:25:23Z tttg: c125/307 lr:0.000647 t:17.2s
2026-04-30T20:25:23Z tttg: c126/307 lr:0.000642 t:17.4s
2026-04-30T20:25:23Z tttg: c127/307 lr:0.000637 t:17.5s
2026-04-30T20:25:23Z tttg: c128/307 lr:0.000632 t:17.6s
2026-04-30T20:25:23Z tttg: c129/307 lr:0.000627 t:17.7s
2026-04-30T20:25:23Z tttg: c130/307 lr:0.000622 t:17.9s
2026-04-30T20:25:23Z tttg: c131/307 lr:0.000617 t:18.0s
2026-04-30T20:25:23Z tttg: c132/307 lr:0.000612 t:18.1s
2026-04-30T20:25:24Z tttg: c133/307 lr:0.000607 t:18.2s
2026-04-30T20:25:24Z tttg: c134/307 lr:0.000602 t:18.4s
2026-04-30T20:25:24Z tttg: c135/307 lr:0.000597 t:18.5s
2026-04-30T20:25:24Z tttg: c136/307 lr:0.000592 t:18.6s
2026-04-30T20:25:24Z tttg: c137/307 lr:0.000587 t:18.7s
2026-04-30T20:25:24Z tttg: c138/307 lr:0.000582 t:18.9s
2026-04-30T20:25:24Z tttg: c139/307 lr:0.000577 t:19.0s
2026-04-30T20:25:24Z tttg: c140/307 lr:0.000572 t:19.1s
2026-04-30T20:25:25Z tttg: c141/307 lr:0.000567 t:19.3s
2026-04-30T20:25:25Z tttg: c142/307 lr:0.000561 t:19.4s
2026-04-30T20:25:25Z tttg: c143/307 lr:0.000556 t:19.5s
2026-04-30T20:25:25Z tttg: c144/307 lr:0.000551 t:19.6s
2026-04-30T20:25:25Z tttg: c145/307 lr:0.000546 t:19.8s
2026-04-30T20:25:25Z tttg: c146/307 lr:0.000541 t:19.9s
2026-04-30T20:25:25Z tttg: c147/307 lr:0.000536 t:20.0s
2026-04-30T20:25:25Z tttg: c148/307 lr:0.000531 t:20.1s
2026-04-30T20:25:26Z tttg: c149/307 lr:0.000526 t:20.3s
2026-04-30T20:25:26Z tttg: c150/307 lr:0.000521 t:20.4s
2026-04-30T20:25:26Z tttg: c151/307 lr:0.000515 t:20.5s
2026-04-30T20:25:26Z tttg: c152/307 lr:0.000510 t:20.6s
2026-04-30T20:25:26Z tttg: c153/307 lr:0.000505 t:20.8s
2026-04-30T20:25:26Z tttg: c154/307 lr:0.000500 t:20.9s
2026-04-30T20:25:26Z tttg: c155/307 lr:0.000495 t:21.0s
2026-04-30T20:25:26Z tttg: c156/307 lr:0.000490 t:21.1s
2026-04-30T20:25:27Z tttg: c157/307 lr:0.000485 t:21.3s
2026-04-30T20:25:27Z tttg: c158/307 lr:0.000479 t:21.4s
2026-04-30T20:25:27Z tttg: c159/307 lr:0.000474 t:21.5s
2026-04-30T20:25:27Z tttg: c160/307 lr:0.000469 t:21.6s
2026-04-30T20:25:27Z tttg: c161/307 lr:0.000464 t:21.8s
2026-04-30T20:25:27Z tttg: c162/307 lr:0.000459 t:21.9s
2026-04-30T20:25:27Z tttg: c163/307 lr:0.000454 t:22.0s
2026-04-30T20:25:27Z tttg: c164/307 lr:0.000449 t:22.1s
2026-04-30T20:25:28Z tttg: c165/307 lr:0.000444 t:22.3s
2026-04-30T20:25:28Z tttg: c166/307 lr:0.000439 t:22.4s
2026-04-30T20:25:28Z tttg: c167/307 lr:0.000433 t:22.5s
2026-04-30T20:25:28Z tttg: c168/307 lr:0.000428 t:22.6s
2026-04-30T20:25:28Z tttg: c169/307 lr:0.000423 t:22.8s
2026-04-30T20:25:28Z tttg: c170/307 lr:0.000418 t:22.9s
2026-04-30T20:25:28Z tttg: c171/307 lr:0.000413 t:23.0s
2026-04-30T20:25:28Z tttg: c172/307 lr:0.000408 t:23.1s
2026-04-30T20:25:29Z tttg: c173/307 lr:0.000403 t:23.3s
2026-04-30T20:25:29Z tttg: c174/307 lr:0.000398 t:23.4s
2026-04-30T20:25:29Z tttg: c175/307 lr:0.000393 t:23.5s
2026-04-30T20:25:29Z tttg: c176/307 lr:0.000388 t:23.6s
2026-04-30T20:25:29Z tttg: c177/307 lr:0.000383 t:23.8s
2026-04-30T20:25:29Z tttg: c178/307 lr:0.000378 t:23.9s
2026-04-30T20:25:29Z tttg: c179/307 lr:0.000373 t:24.0s
2026-04-30T20:25:29Z tttg: c180/307 lr:0.000368 t:24.2s
2026-04-30T20:25:30Z tttg: c181/307 lr:0.000363 t:24.3s
2026-04-30T20:25:30Z tttg: c182/307 lr:0.000358 t:24.4s
2026-04-30T20:25:30Z tttg: c183/307 lr:0.000353 t:24.5s
2026-04-30T20:25:30Z tttg: c184/307 lr:0.000348 t:24.7s
2026-04-30T20:25:30Z tttg: c185/307 lr:0.000344 t:24.8s
2026-04-30T20:25:30Z tttg: c186/307 lr:0.000339 t:24.9s
2026-04-30T20:25:30Z tttg: c187/307 lr:0.000334 t:25.0s
2026-04-30T20:25:30Z tttg: c188/307 lr:0.000329 t:25.2s
2026-04-30T20:25:31Z tttg: c189/307 lr:0.000324 t:25.3s
2026-04-30T20:25:31Z tttg: c190/307 lr:0.000319 t:25.4s
2026-04-30T20:25:31Z tttg: c191/307 lr:0.000315 t:25.5s
2026-04-30T20:25:31Z tttg: c192/307 lr:0.000310 t:25.6s
2026-04-30T20:25:31Z tttg: c193/307 lr:0.000305 t:25.8s
2026-04-30T20:25:31Z tttg: c194/307 lr:0.000300 t:25.9s
2026-04-30T20:25:31Z tttg: c195/307 lr:0.000296 t:26.0s
2026-04-30T20:25:31Z tttg: c196/307 lr:0.000291 t:26.1s
2026-04-30T20:25:32Z tttg: c197/307 lr:0.000286 t:26.3s
2026-04-30T20:25:32Z tttg: c198/307 lr:0.000282 t:26.4s
2026-04-30T20:25:32Z tttg: c199/307 lr:0.000277 t:26.5s
2026-04-30T20:25:32Z tttg: c200/307 lr:0.000273 t:26.6s
2026-04-30T20:25:32Z tttg: c201/307 lr:0.000268 t:26.8s
2026-04-30T20:25:32Z tttg: c202/307 lr:0.000263 t:26.9s
2026-04-30T20:25:32Z tttg: c203/307 lr:0.000259 t:27.0s
2026-04-30T20:25:32Z tttg: c204/307 lr:0.000254 t:27.1s
2026-04-30T20:25:33Z tttg: c205/307 lr:0.000250 t:27.3s
2026-04-30T20:25:33Z tttg: c206/307 lr:0.000246 t:27.4s
2026-04-30T20:25:33Z tttg: c207/307 lr:0.000241 t:27.5s
2026-04-30T20:25:33Z tttg: c208/307 lr:0.000237 t:27.6s
2026-04-30T20:25:33Z tttg: c209/307 lr:0.000232 t:27.7s
2026-04-30T20:25:33Z tttg: c210/307 lr:0.000228 t:27.9s
2026-04-30T20:25:33Z tttg: c211/307 lr:0.000224 t:28.0s
2026-04-30T20:25:33Z tttg: c212/307 lr:0.000220 t:28.1s
2026-04-30T20:25:34Z tttg: c213/307 lr:0.000215 t:28.2s
2026-04-30T20:25:34Z tttg: c214/307 lr:0.000211 t:28.3s
2026-04-30T20:25:34Z tttg: c215/307 lr:0.000207 t:28.5s
2026-04-30T20:25:34Z tttg: c216/307 lr:0.000203 t:28.6s
2026-04-30T20:25:34Z tttg: c217/307 lr:0.000199 t:28.7s
2026-04-30T20:25:34Z tttg: c218/307 lr:0.000195 t:28.8s
2026-04-30T20:25:34Z tttg: c219/307 lr:0.000191 t:29.0s
2026-04-30T20:25:34Z tttg: c220/307 lr:0.000187 t:29.1s
2026-04-30T20:25:35Z tttg: c221/307 lr:0.000183 t:29.2s
2026-04-30T20:25:35Z tttg: c222/307 lr:0.000179 t:29.4s
2026-04-30T20:25:35Z tttg: c223/307 lr:0.000175 t:29.5s
2026-04-30T20:25:35Z tttg: c224/307 lr:0.000171 t:29.6s
2026-04-30T20:25:35Z tttg: c225/307 lr:0.000167 t:29.7s
2026-04-30T20:25:35Z tttg: c226/307 lr:0.000163 t:29.9s
2026-04-30T20:25:35Z tttg: c227/307 lr:0.000159 t:30.0s
2026-04-30T20:25:35Z tttg: c228/307 lr:0.000156 t:30.1s
2026-04-30T20:25:36Z tttg: c229/307 lr:0.000152 t:30.2s
2026-04-30T20:25:36Z tttg: c230/307 lr:0.000148 t:30.4s
2026-04-30T20:25:36Z tttg: c231/307 lr:0.000145 t:30.5s
2026-04-30T20:25:36Z tttg: c232/307 lr:0.000141 t:30.6s
2026-04-30T20:25:36Z tttg: c233/307 lr:0.000137 t:30.7s
2026-04-30T20:25:36Z tttg: c234/307 lr:0.000134 t:30.9s
2026-04-30T20:25:36Z tttg: c235/307 lr:0.000130 t:31.0s
2026-04-30T20:25:36Z tttg: c236/307 lr:0.000127 t:31.1s
2026-04-30T20:25:37Z tttg: c237/307 lr:0.000124 t:31.2s
2026-04-30T20:25:37Z tttg: c238/307 lr:0.000120 t:31.4s
2026-04-30T20:25:37Z tttg: c239/307 lr:0.000117 t:31.5s
2026-04-30T20:25:37Z tttg: c240/307 lr:0.000114 t:31.6s
2026-04-30T20:25:37Z tttg: c241/307 lr:0.000110 t:31.7s
2026-04-30T20:25:37Z tttg: c242/307 lr:0.000107 t:31.9s
2026-04-30T20:25:37Z tttg: c243/307 lr:0.000104 t:32.0s
2026-04-30T20:25:37Z tttg: c244/307 lr:0.000101 t:32.1s
2026-04-30T20:25:38Z tttg: c245/307 lr:0.000098 t:32.2s
2026-04-30T20:25:38Z tttg: c246/307 lr:0.000095 t:32.4s
2026-04-30T20:25:38Z tttg: c247/307 lr:0.000092 t:32.5s
2026-04-30T20:25:38Z tttg: c248/307 lr:0.000089 t:32.6s
2026-04-30T20:25:38Z tttg: c249/307 lr:0.000086 t:32.7s
2026-04-30T20:25:38Z tttg: c250/307 lr:0.000083 t:32.9s
2026-04-30T20:25:38Z tttg: c251/307 lr:0.000080 t:33.0s
2026-04-30T20:25:38Z tttg: c252/307 lr:0.000078 t:33.1s
2026-04-30T20:25:39Z tttg: c253/307 lr:0.000075 t:33.2s
2026-04-30T20:25:39Z tttg: c254/307 lr:0.000072 t:33.4s
2026-04-30T20:25:39Z tttg: c255/307 lr:0.000070 t:33.5s
2026-04-30T20:25:39Z tttg: c256/307 lr:0.000067 t:33.6s
2026-04-30T20:25:39Z tttg: c257/307 lr:0.000064 t:33.7s
2026-04-30T20:25:39Z tttg: c258/307 lr:0.000062 t:33.9s
2026-04-30T20:25:39Z tttg: c259/307 lr:0.000059 t:34.0s
2026-04-30T20:25:39Z tttg: c260/307 lr:0.000057 t:34.1s
2026-04-30T20:25:40Z tttg: c261/307 lr:0.000055 t:34.2s
2026-04-30T20:25:40Z tttg: c262/307 lr:0.000052 t:34.4s
2026-04-30T20:25:40Z tttg: c263/307 lr:0.000050 t:34.5s
2026-04-30T20:25:40Z tttg: c264/307 lr:0.000048 t:34.6s
2026-04-30T20:25:40Z tttg: c265/307 lr:0.000046 t:34.7s
2026-04-30T20:25:40Z tttg: c266/307 lr:0.000044 t:34.9s
2026-04-30T20:25:40Z tttg: c267/307 lr:0.000042 t:35.0s
2026-04-30T20:25:40Z tttg: c268/307 lr:0.000040 t:35.1s
2026-04-30T20:25:41Z tttg: c269/307 lr:0.000038 t:35.2s
2026-04-30T20:25:41Z tttg: c270/307 lr:0.000036 t:35.4s
2026-04-30T20:25:41Z tttg: c271/307 lr:0.000034 t:35.5s
2026-04-30T20:25:41Z tttg: c272/307 lr:0.000032 t:35.6s
2026-04-30T20:25:41Z tttg: c273/307 lr:0.000030 t:35.7s
2026-04-30T20:25:41Z tttg: c274/307 lr:0.000028 t:35.8s
2026-04-30T20:25:41Z tttg: c275/307 lr:0.000027 t:36.0s
2026-04-30T20:25:41Z tttg: c276/307 lr:0.000025 t:36.1s
2026-04-30T20:25:42Z tttg: c277/307 lr:0.000024 t:36.2s
2026-04-30T20:25:42Z tttg: c278/307 lr:0.000022 t:36.3s
2026-04-30T20:25:42Z tttg: c279/307 lr:0.000021 t:36.5s
2026-04-30T20:25:42Z tttg: c280/307 lr:0.000019 t:36.6s
2026-04-30T20:25:42Z tttg: c281/307 lr:0.000018 t:36.7s
2026-04-30T20:25:42Z tttg: c282/307 lr:0.000016 t:36.8s
2026-04-30T20:25:42Z tttg: c283/307 lr:0.000015 t:37.0s
2026-04-30T20:25:42Z tttg: c284/307 lr:0.000014 t:37.1s
2026-04-30T20:25:43Z tttg: c285/307 lr:0.000013 t:37.2s
2026-04-30T20:25:43Z tttg: c286/307 lr:0.000012 t:37.3s
2026-04-30T20:25:43Z tttg: c287/307 lr:0.000011 t:37.5s
2026-04-30T20:25:43Z tttg: c288/307 lr:0.000009 t:37.6s
2026-04-30T20:25:43Z tttg: c289/307 lr:0.000009 t:37.7s
2026-04-30T20:25:43Z tttg: c290/307 lr:0.000008 t:37.8s
2026-04-30T20:25:43Z tttg: c291/307 lr:0.000007 t:38.0s
2026-04-30T20:25:43Z tttg: c292/307 lr:0.000006 t:38.1s
2026-04-30T20:25:44Z tttg: c293/307 lr:0.000005 t:38.2s
2026-04-30T20:25:44Z tttg: c294/307 lr:0.000004 t:38.3s
2026-04-30T20:25:44Z tttg: c295/307 lr:0.000004 t:38.5s
2026-04-30T20:25:44Z tttg: c296/307 lr:0.000003 t:38.6s
2026-04-30T20:25:44Z tttg: c297/307 lr:0.000003 t:38.7s
2026-04-30T20:25:44Z tttg: c298/307 lr:0.000002 t:38.8s
2026-04-30T20:25:44Z tttg: c299/307 lr:0.000002 t:39.0s
2026-04-30T20:25:44Z tttg: c300/307 lr:0.000001 t:39.1s
2026-04-30T20:25:45Z tttg: c301/307 lr:0.000001 t:39.2s
2026-04-30T20:25:45Z tttg: c302/307 lr:0.000001 t:39.3s
2026-04-30T20:25:45Z tttg: c303/307 lr:0.000000 t:39.5s
2026-04-30T20:25:45Z tttg: c304/307 lr:0.000000 t:39.6s
2026-04-30T20:25:45Z tttg: c305/307 lr:0.000000 t:39.7s
2026-04-30T20:25:45Z tttg: c306/307 lr:0.000000 t:39.8s
2026-04-30T20:25:46Z ttpr: phase:3/3 t:366.2s
2026-04-30T20:25:52Z ttp: b726/782 bl:2.3317 bb:1.0371 rl:2.3144 rb:1.0648 dl:2254-2276 gd:1
2026-04-30T20:25:57Z ttp: b720/782 bl:2.3537 bb:1.0645 rl:2.3165 rb:1.0648 dl:2125-2144 gd:1
2026-04-30T20:26:01Z ttp: b714/782 bl:2.3046 bb:1.0208 rl:2.3159 rb:1.0626 dl:2018-2035 gd:1
2026-04-30T20:26:05Z ttp: b703/782 bl:2.3408 bb:1.0298 rl:2.3170 rb:1.0611 dl:1859-1872 gd:1
2026-04-30T20:26:08Z ttp: b698/782 bl:2.2473 bb:1.0287 rl:2.3142 rb:1.0598 dl:1803-1814 gd:1
2026-04-30T20:26:12Z ttp: b687/782 bl:2.3094 bb:1.0546 rl:2.3140 rb:1.0596 dl:1685-1696 gd:1
2026-04-30T20:26:14Z ttp: b680/782 bl:2.2789 bb:1.0263 rl:2.3129 rb:1.0585 dl:1618-1628 gd:1
2026-04-30T20:26:17Z ttp: b675/782 bl:2.3634 bb:1.0569 rl:2.3145 rb:1.0584 dl:1578-1586 gd:1
2026-04-30T20:26:20Z ttp: b660/782 bl:2.3736 bb:1.0493 rl:2.3161 rb:1.0582 dl:1466-1474 gd:1
2026-04-30T20:26:23Z ttp: b656/782 bl:2.3265 bb:1.1099 rl:2.3164 rb:1.0595 dl:1439-1445 gd:1
2026-04-30T20:26:25Z ttp: b644/782 bl:2.3605 bb:1.0480 rl:2.3175 rb:1.0592 dl:1362-1367 gd:1
2026-04-30T20:26:27Z ttp: b636/782 bl:2.3788 bb:1.0662 rl:2.3190 rb:1.0594 dl:1314-1320 gd:1
2026-04-30T20:26:29Z ttp: b632/782 bl:2.3484 bb:1.0332 rl:2.3196 rb:1.0588 dl:1290-1297 gd:1
2026-04-30T20:26:31Z ttp: b625/782 bl:2.4036 bb:1.0488 rl:2.3215 rb:1.0585 dl:1255-1260 gd:1
2026-04-30T20:26:33Z ttp: b615/782 bl:2.3145 bb:1.0451 rl:2.3213 rb:1.0583 dl:1200-1205 gd:1
2026-04-30T20:26:35Z ttp: b605/782 bl:2.2410 bb:1.0220 rl:2.3198 rb:1.0576 dl:1154-1159 gd:1
2026-04-30T20:26:37Z ttp: b597/782 bl:2.3646 bb:1.0515 rl:2.3206 rb:1.0575 dl:1119-1124 gd:1
2026-04-30T20:26:38Z ttp: b589/782 bl:2.2715 bb:1.0088 rl:2.3198 rb:1.0566 dl:1086-1089 gd:1
2026-04-30T20:26:40Z ttp: b582/782 bl:2.3451 bb:1.0301 rl:2.3202 rb:1.0561 dl:1056-1060 gd:1
2026-04-30T20:26:41Z ttp: b574/782 bl:2.3668 bb:1.0621 rl:2.3209 rb:1.0562 dl:1025-1029 gd:1
2026-04-30T20:26:43Z ttp: b566/782 bl:2.2957 bb:1.0254 rl:2.3205 rb:1.0558 dl:997-1001 gd:1
2026-04-30T20:26:44Z ttp: b561/782 bl:2.2433 bb:1.0119 rl:2.3194 rb:1.0551 dl:979-983 gd:1
2026-04-30T20:26:45Z ttp: b553/782 bl:2.2793 bb:1.0276 rl:2.3188 rb:1.0547 dl:952-955 gd:1
2026-04-30T20:26:47Z ttp: b544/782 bl:2.3420 bb:1.0672 rl:2.3191 rb:1.0549 dl:924-927 gd:1
2026-04-30T20:26:48Z ttp: b536/782 bl:2.3119 bb:1.0411 rl:2.3191 rb:1.0547 dl:899-902 gd:1
2026-04-30T20:26:49Z ttp: b528/782 bl:2.3290 bb:1.0410 rl:2.3192 rb:1.0545 dl:875-878 gd:1
2026-04-30T20:26:50Z ttp: b520/782 bl:2.3284 bb:1.0040 rl:2.3193 rb:1.0539 dl:852-854 gd:1
2026-04-30T20:26:51Z ttp: b512/782 bl:2.3023 bb:1.0632 rl:2.3191 rb:1.0540 dl:829-832 gd:1
2026-04-30T20:26:53Z ttp: b504/782 bl:2.3160 bb:1.0332 rl:2.3191 rb:1.0538 dl:807-809 gd:1
2026-04-30T20:26:54Z ttp: b496/782 bl:2.4251 bb:1.0499 rl:2.3202 rb:1.0537 dl:785-788 gd:1
2026-04-30T20:26:56Z ttp: b488/782 bl:2.2938 bb:1.0094 rl:2.3199 rb:1.0533 dl:766-769 gd:1
2026-04-30T20:26:57Z ttp: b469/782 bl:2.3263 bb:1.0230 rl:2.3200 rb:1.0530 dl:721-724 gd:1
2026-04-30T20:26:58Z ttp: b461/782 bl:2.3724 bb:1.0379 rl:2.3205 rb:1.0528 dl:703-706 gd:1
2026-04-30T20:26:59Z ttp: b452/782 bl:2.2610 bb:1.0119 rl:2.3199 rb:1.0524 dl:685-687 gd:1
2026-04-30T20:27:00Z ttp: b443/782 bl:2.2364 bb:1.0522 rl:2.3192 rb:1.0524 dl:666-668 gd:1
2026-04-30T20:27:01Z ttp: b435/782 bl:2.3088 bb:1.0197 rl:2.3191 rb:1.0522 dl:648-651 gd:1
2026-04-30T20:27:02Z ttp: b427/782 bl:2.2473 bb:1.0579 rl:2.3185 rb:1.0522 dl:634-636 gd:1
2026-04-30T20:27:03Z ttp: b420/782 bl:2.3582 bb:1.0527 rl:2.3189 rb:1.0522 dl:620-622 gd:1
2026-04-30T20:27:03Z ttp: b415/782 bl:2.2798 bb:1.0560 rl:2.3186 rb:1.0522 dl:611-613 gd:1
2026-04-30T20:27:04Z ttp: b407/782 bl:2.2678 bb:1.0382 rl:2.3182 rb:1.0521 dl:595-597 gd:1
2026-04-30T20:27:05Z ttp: b398/782 bl:2.2437 bb:1.0019 rl:2.3176 rb:1.0518 dl:579-581 gd:1
2026-04-30T20:27:06Z ttp: b390/782 bl:2.3495 bb:1.0585 rl:2.3179 rb:1.0518 dl:564-566 gd:1
2026-04-30T20:27:06Z ttp: b382/782 bl:2.2923 bb:1.0831 rl:2.3177 rb:1.0520 dl:550-552 gd:1
2026-04-30T20:27:07Z ttp: b374/782 bl:2.2991 bb:1.0364 rl:2.3176 rb:1.0519 dl:537-538 gd:1
2026-04-30T20:27:08Z ttp: b366/782 bl:2.3350 bb:1.0697 rl:2.3177 rb:1.0520 dl:524-525 gd:1
2026-04-30T20:27:08Z ttp: b358/782 bl:2.3996 bb:1.0769 rl:2.3182 rb:1.0522 dl:510-512 gd:1
2026-04-30T20:27:09Z ttp: b350/782 bl:2.3196 bb:1.0542 rl:2.3182 rb:1.0522 dl:497-498 gd:1
2026-04-30T20:27:10Z ttp: b342/782 bl:2.3718 bb:1.1220 rl:2.3185 rb:1.0526 dl:485-486 gd:1
2026-04-30T20:27:10Z ttp: b334/782 bl:2.3728 bb:1.0666 rl:2.3188 rb:1.0527 dl:472-474 gd:1
2026-04-30T20:27:11Z ttp: b327/782 bl:2.3264 bb:1.0817 rl:2.3188 rb:1.0528 dl:462-463 gd:1
2026-04-30T20:27:12Z ttp: b319/782 bl:2.3972 bb:1.0809 rl:2.3192 rb:1.0530 dl:450-451 gd:1
2026-04-30T20:27:12Z ttp: b311/782 bl:2.3435 bb:1.0802 rl:2.3194 rb:1.0531 dl:438-439 gd:1
2026-04-30T20:27:13Z ttp: b303/782 bl:2.3906 bb:1.0904 rl:2.3197 rb:1.0533 dl:426-427 gd:1
2026-04-30T20:27:13Z ttp: b295/782 bl:2.2647 bb:1.0625 rl:2.3195 rb:1.0533 dl:414-415 gd:1
2026-04-30T20:27:14Z ttp: b287/782 bl:2.3984 bb:1.0927 rl:2.3198 rb:1.0535 dl:402-403 gd:1
2026-04-30T20:27:14Z ttp: b279/782 bl:2.3117 bb:1.0923 rl:2.3198 rb:1.0537 dl:391-392 gd:1
2026-04-30T20:27:15Z ttp: b271/782 bl:2.3732 bb:1.1241 rl:2.3200 rb:1.0540 dl:380-382 gd:1
2026-04-30T20:27:15Z ttp: b263/782 bl:2.3857 bb:1.0792 rl:2.3203 rb:1.0541 dl:370-371 gd:1
2026-04-30T20:27:16Z ttp: b254/782 bl:2.3456 bb:1.1120 rl:2.3204 rb:1.0543 dl:358-360 gd:1
2026-04-30T20:27:16Z ttp: b245/782 bl:2.3662 bb:1.1078 rl:2.3206 rb:1.0545 dl:347-349 gd:1
2026-04-30T20:27:17Z ttp: b238/782 bl:2.3124 bb:1.1029 rl:2.3205 rb:1.0547 dl:338-340 gd:1
2026-04-30T20:27:17Z ttp: b228/782 bl:2.3331 bb:1.0862 rl:2.3206 rb:1.0548 dl:327-328 gd:1
2026-04-30T20:27:17Z ttp: b219/782 bl:2.3362 bb:1.1178 rl:2.3206 rb:1.0550 dl:316-317 gd:1
2026-04-30T20:27:18Z ttp: b211/782 bl:2.4090 bb:1.0974 rl:2.3209 rb:1.0551 dl:307-308 gd:1
2026-04-30T20:27:18Z ttp: b203/782 bl:2.4230 bb:1.1054 rl:2.3213 rb:1.0553 dl:299-300 gd:1
2026-04-30T20:27:19Z ttp: b195/782 bl:2.4105 bb:1.1242 rl:2.3215 rb:1.0555 dl:290-291 gd:1
2026-04-30T20:27:19Z ttp: b187/782 bl:2.4601 bb:1.1368 rl:2.3220 rb:1.0557 dl:281-282 gd:1
2026-04-30T20:27:19Z ttp: b179/782 bl:2.3660 bb:1.1279 rl:2.3221 rb:1.0559 dl:273-274 gd:1
2026-04-30T20:27:20Z ttp: b171/782 bl:2.4736 bb:1.1407 rl:2.3225 rb:1.0562 dl:266-266 gd:1
2026-04-30T20:27:20Z ttp: b163/782 bl:2.3750 bb:1.1189 rl:2.3227 rb:1.0564 dl:257-259 gd:1
2026-04-30T20:27:20Z ttp: b155/782 bl:2.3965 bb:1.1080 rl:2.3229 rb:1.0565 dl:250-251 gd:1
2026-04-30T20:27:21Z ttp: b147/782 bl:2.4591 bb:1.1184 rl:2.3232 rb:1.0566 dl:242-243 gd:1
2026-04-30T20:27:21Z ttp: b139/782 bl:2.4375 bb:1.1355 rl:2.3235 rb:1.0568 dl:234-235 gd:1
2026-04-30T20:27:21Z ttp: b131/782 bl:2.3941 bb:1.1560 rl:2.3237 rb:1.0571 dl:227-228 gd:1
2026-04-30T20:27:21Z ttp: b123/782 bl:2.3900 bb:1.1621 rl:2.3238 rb:1.0573 dl:219-220 gd:1
2026-04-30T20:27:22Z ttp: b115/782 bl:2.4590 bb:1.1637 rl:2.3242 rb:1.0575 dl:212-213 gd:1
2026-04-30T20:27:22Z ttp: b107/782 bl:2.4298 bb:1.1637 rl:2.3244 rb:1.0577 dl:205-206 gd:1
2026-04-30T20:27:22Z ttp: b98/782 bl:2.5962 bb:1.2182 rl:2.3249 rb:1.0581 dl:197-198 gd:1
2026-04-30T20:27:22Z ttp: b89/782 bl:2.4988 bb:1.1547 rl:2.3253 rb:1.0583 dl:189-190 gd:1
2026-04-30T20:27:23Z ttp: b82/782 bl:2.4944 bb:1.1872 rl:2.3256 rb:1.0585 dl:183-183 gd:1
2026-04-30T20:27:23Z ttp: b73/782 bl:2.5382 bb:1.2459 rl:2.3260 rb:1.0588 dl:174-175 gd:1
2026-04-30T20:27:23Z ttp: b66/782 bl:2.6302 bb:1.2308 rl:2.3265 rb:1.0591 dl:169-169 gd:1
2026-04-30T20:27:23Z ttp: b58/782 bl:2.5078 bb:1.2171 rl:2.3269 rb:1.0594 dl:161-162 gd:1
2026-04-30T20:27:23Z ttp: b50/782 bl:2.3923 bb:1.1593 rl:2.3270 rb:1.0595 dl:153-154 gd:1
2026-04-30T20:27:24Z ttp: b42/782 bl:2.4640 bb:1.1998 rl:2.3272 rb:1.0597 dl:145-146 gd:1
2026-04-30T20:27:24Z ttp: b33/782 bl:2.5838 bb:1.2176 rl:2.3275 rb:1.0599 dl:136-137 gd:1
2026-04-30T20:27:24Z ttp: b25/782 bl:2.5956 bb:1.1991 rl:2.3279 rb:1.0601 dl:128-129 gd:1
2026-04-30T20:27:24Z ttp: b17/782 bl:2.6689 bb:1.2681 rl:2.3283 rb:1.0604 dl:118-119 gd:1
2026-04-30T20:27:24Z ttp: b9/782 bl:2.7471 bb:1.2535 rl:2.3288 rb:1.0606 dl:105-107 gd:1
2026-04-30T20:27:24Z ttp: b1/782 bl:2.8461 bb:1.1847 rl:2.3292 rb:1.0607 dl:27-83 gd:1
2026-04-30T20:27:24Z quantized_ttt_phased val_loss:2.31811300 val_bpb:1.05928718 eval_time:464754ms
2026-04-30T20:27:24Z total_eval_time:464.8s
