Uploading train_gpt.py (50651 bytes)...
[modal] Launching torchrun on 8xH100...
[modal] Script size: 50651 bytes
logs/autoresearch_seed7.txt
val_bpb:enabled tokenizer_kind=sentencepiece tokenizer_path=/data/tokenizers/fineweb_1024_bpe.model
train_loader:dataset:fineweb10B_sp1024 train_shards:80
val_loader:shards pattern=/data/datasets/fineweb10B_sp1024/fineweb_val_*.bin tokens:62021632
model_params:18897488
world_size:8 grad_accum_steps:1
sdp_backends:cudnn=False flash=True mem_efficient=False math=False
attention_mode:gqa num_heads:8 num_kv_heads:4
tie_embeddings:True embed_lr:0.1 head_lr:0.0 matrix_lr:0.04 scalar_lr:0.04
train_batch_tokens:524288 train_seq_len:1024 iterations:20000 warmup_steps:20 max_wallclock_seconds:600.000
seed:7
warmup_step:1/20
warmup_step:2/20
warmup_step:3/20
warmup_step:4/20
warmup_step:5/20
warmup_step:6/20
warmup_step:7/20
warmup_step:8/20
warmup_step:9/20
warmup_step:10/20
warmup_step:11/20
warmup_step:12/20
warmup_step:13/20
warmup_step:14/20
warmup_step:15/20
warmup_step:16/20
warmup_step:17/20
warmup_step:18/20
warmup_step:19/20
warmup_step:20/20
step:1/20000 train_loss:6.9356 train_time:86ms step_avg:85.90ms
step:2/20000 train_loss:24.6999 train_time:118ms step_avg:59.10ms
step:3/20000 train_loss:10.1889 train_time:179ms step_avg:59.63ms
step:4/20000 train_loss:6.3510 train_time:235ms step_avg:58.87ms
step:5/20000 train_loss:6.1613 train_time:293ms step_avg:58.65ms
step:6/20000 train_loss:7.3943 train_time:351ms step_avg:58.43ms
step:7/20000 train_loss:6.4498 train_time:408ms step_avg:58.23ms
step:8/20000 train_loss:6.4479 train_time:465ms step_avg:58.15ms
step:9/20000 train_loss:6.4421 train_time:520ms step_avg:57.76ms
step:10/20000 train_loss:6.3911 train_time:577ms step_avg:57.67ms
step:200/20000 train_loss:2.9832 train_time:11298ms step_avg:56.49ms
step:400/20000 train_loss:2.3814 train_time:22561ms step_avg:56.40ms
step:600/20000 train_loss:2.5632 train_time:33812ms step_avg:56.35ms
step:800/20000 train_loss:2.3036 train_time:45089ms step_avg:56.36ms
step:1000/20000 train_loss:2.3815 train_time:56341ms step_avg:56.34ms
step:1200/20000 train_loss:2.4029 train_time:67581ms step_avg:56.32ms
step:1400/20000 train_loss:2.4469 train_time:79000ms step_avg:56.43ms
step:1600/20000 train_loss:2.1172 train_time:90279ms step_avg:56.42ms
step:1800/20000 train_loss:2.2205 train_time:101550ms step_avg:56.42ms
step:2000/20000 train_loss:2.2698 train_time:112848ms step_avg:56.42ms
step:2200/20000 train_loss:2.1020 train_time:124133ms step_avg:56.42ms
step:2400/20000 train_loss:2.2206 train_time:135505ms step_avg:56.46ms
step:2600/20000 train_loss:2.4485 train_time:146761ms step_avg:56.45ms
step:2800/20000 train_loss:2.2733 train_time:158044ms step_avg:56.44ms
step:3000/20000 train_loss:2.2576 train_time:169335ms step_avg:56.45ms
step:3200/20000 train_loss:2.2256 train_time:180592ms step_avg:56.43ms
step:3400/20000 train_loss:2.1971 train_time:191898ms step_avg:56.44ms
step:3600/20000 train_loss:2.1579 train_time:203136ms step_avg:56.43ms
step:3800/20000 train_loss:2.2604 train_time:214411ms step_avg:56.42ms
step:4000/20000 train_loss:2.2050 train_time:225695ms step_avg:56.42ms
step:4200/20000 train_loss:2.2180 train_time:237074ms step_avg:56.45ms
step:4400/20000 train_loss:2.1596 train_time:248362ms step_avg:56.45ms
step:4600/20000 train_loss:2.0171 train_time:259630ms step_avg:56.44ms
step:4800/20000 train_loss:2.3119 train_time:270881ms step_avg:56.43ms
step:5000/20000 train_loss:2.0864 train_time:282127ms step_avg:56.43ms
step:5200/20000 train_loss:2.2272 train_time:293444ms step_avg:56.43ms
step:5400/20000 train_loss:2.2392 train_time:304699ms step_avg:56.43ms
step:5600/20000 train_loss:2.2407 train_time:315974ms step_avg:56.42ms
step:5800/20000 train_loss:2.2006 train_time:327272ms step_avg:56.43ms
step:6000/20000 train_loss:2.2756 train_time:338522ms step_avg:56.42ms
step:6200/20000 train_loss:2.1446 train_time:349779ms step_avg:56.42ms
step:6400/20000 train_loss:2.2226 train_time:361014ms step_avg:56.41ms
step:6600/20000 train_loss:2.1830 train_time:372275ms step_avg:56.41ms
step:6800/20000 train_loss:2.2484 train_time:383535ms step_avg:56.40ms
step:7000/20000 train_loss:2.2800 train_time:394798ms step_avg:56.40ms
step:7200/20000 train_loss:2.2632 train_time:406052ms step_avg:56.40ms
step:7400/20000 train_loss:2.1762 train_time:417290ms step_avg:56.39ms
step:7600/20000 train_loss:2.0563 train_time:428531ms step_avg:56.39ms
step:7800/20000 train_loss:2.2074 train_time:439804ms step_avg:56.39ms
step:8000/20000 train_loss:2.1828 train_time:451080ms step_avg:56.39ms
step:8200/20000 train_loss:2.2386 train_time:462331ms step_avg:56.38ms
step:8400/20000 train_loss:2.1833 train_time:473702ms step_avg:56.39ms
step:8600/20000 train_loss:2.1752 train_time:485000ms step_avg:56.40ms
step:8800/20000 train_loss:2.1350 train_time:496249ms step_avg:56.39ms
step:9000/20000 train_loss:2.0488 train_time:507546ms step_avg:56.39ms
step:9200/20000 train_loss:2.1022 train_time:518792ms step_avg:56.39ms
step:9400/20000 train_loss:2.1398 train_time:530005ms step_avg:56.38ms
step:9600/20000 train_loss:2.1452 train_time:541276ms step_avg:56.38ms
step:9800/20000 train_loss:2.0561 train_time:552555ms step_avg:56.38ms
step:10000/20000 train_loss:2.0830 train_time:563839ms step_avg:56.38ms
step:10200/20000 train_loss:2.0225 train_time:575105ms step_avg:56.38ms
step:10400/20000 train_loss:2.0398 train_time:586413ms step_avg:56.39ms
step:10600/20000 train_loss:1.9110 train_time:597664ms step_avg:56.38ms
step:10642/20000 val_loss:2.0403 val_bpb:1.2084 train_time:600039ms step_avg:56.38ms
stopping_early: wallclock_cap train_time:600039ms step:10642/20000
peak memory allocated: 11329 MiB reserved: 11514 MiB
Serialized model: 74573987 bytes
Code size: 50651 bytes
Total submission size: 74624638 bytes
Serialized model int8+zlib: 15340717 bytes (payload:19552576 raw_torch:19602363 payload_ratio:3.81x)
Total submission size int8+zlib: 15391368 bytes
eval_seq_len:2048 (NTK-scaled RoPE, 62021633 tokens)
final_int8_zlib_roundtrip val_loss:2.0266 val_bpb:1.2003 eval_time:77710ms
final_int8_zlib_roundtrip_exact val_loss:2.02660857 val_bpb:1.20027175
[modal] Exit code: 0

[local] Done. Log saved to run_seed7.log
