logs/idea13_label_smooth_seed42_20260323_123737.txt
val_bpb:enabled tokenizer_kind=sentencepiece tokenizer_path=/raid/R13K47007/parameter-golf/data/tokenizers/fineweb_1024_bpe.model
train_loader:dataset:fineweb10B_sp1024 train_shards:80
val_loader:shards pattern=/raid/R13K47007/parameter-golf/data/datasets/fineweb10B_sp1024/fineweb_val_*.bin tokens:62021632
model_params:25517137
world_size:1 grad_accum_steps:8
attention_mode:gqa num_heads:8 num_kv_heads:4
tie_embeddings:True embed_lr:0.03 matrix_lr:0.02 scalar_lr:0.02
train_batch_tokens:786432 train_seq_len:2048 iterations:20000 warmup_steps:20 max_wallclock_seconds:120.000
seed:42
warmup_step:1/20
warmup_step:2/20
warmup_step:3/20
warmup_step:4/20
warmup_step:5/20
warmup_step:6/20
warmup_step:7/20
warmup_step:8/20
warmup_step:9/20
warmup_step:10/20
warmup_step:11/20
warmup_step:12/20
warmup_step:13/20
warmup_step:14/20
warmup_step:15/20
warmup_step:16/20
warmup_step:17/20
warmup_step:18/20
warmup_step:19/20
warmup_step:20/20
step:1/20000 train_loss:6.9340 train_time:725ms step_avg:724.92ms
step:2/20000 train_loss:8.4283 train_time:1398ms step_avg:698.91ms
step:3/20000 train_loss:8.4056 train_time:2082ms step_avg:694.03ms
step:4/20000 train_loss:8.2838 train_time:2761ms step_avg:690.20ms
step:5/20000 train_loss:8.0987 train_time:3440ms step_avg:687.92ms
step:6/20000 train_loss:7.9414 train_time:4116ms step_avg:686.05ms
step:7/20000 train_loss:7.7381 train_time:4790ms step_avg:684.35ms
step:8/20000 train_loss:7.5565 train_time:5468ms step_avg:683.56ms
step:9/20000 train_loss:7.3561 train_time:6145ms step_avg:682.83ms
step:10/20000 train_loss:7.1794 train_time:6825ms step_avg:682.50ms
swa:start step:50
step:50/20000 train_loss:5.6406 train_time:33951ms step_avg:679.02ms
step:100/20000 train_loss:5.4878 train_time:67924ms step_avg:679.24ms
step:150/20000 train_loss:5.2901 train_time:101873ms step_avg:679.16ms
step:177/20000 val_loss:5.2427 val_bpb:3.1050 train_time:120205ms step_avg:679.13ms
stopping_early: wallclock_cap train_time:120205ms step:177/20000
peak memory allocated: 20295 MiB reserved: 20478 MiB
swa:applying averaged 3 checkpoints
Serialized model: 98437419 bytes
Code size: 53110 bytes
Total submission size: 98490529 bytes
Serialized model int6+zstd: 15652802 bytes
Total submission size int8+zlib: 15705912 bytes
final_eval_mode:standard
final_int8_zlib_roundtrip val_loss:5.4919 val_bpb:3.2526 eval_time:15370ms
final_int8_zlib_roundtrip_exact val_loss:5.49186143 val_bpb:3.25258968
