W0405 17:31:14.870000 69023 torch/distributed/run.py:803] 
W0405 17:31:14.870000 69023 torch/distributed/run.py:803] *****************************************
W0405 17:31:14.870000 69023 torch/distributed/run.py:803] Setting OMP_NUM_THREADS environment variable for each process to be 1 in default, to avoid your system being overloaded, please further tune the variable for optimal performance in your application as needed. 
W0405 17:31:14.870000 69023 torch/distributed/run.py:803] *****************************************
Hyperparameters:
  adam_eps: 1e-08
  adam_wd: 0.02
  beta1: 0.9
  beta2: 0.95
  compressor: brotli
  data_dir: ./data/
  datasets_dir: ./data/datasets/fineweb10B_sp4096
  disable_layer0_attn: False
  distributed: True
  ema_decay: 0.997
  embed_lr: 0.6
  embed_wd: 0.09
  embedding_dim: 512
  etlb_clip: 3.0
  etlb_enabled: True
  etlb_lr: 0.05
  etlb_steps: 5
  eval_seq_len: 2048
  eval_stride: 64
  gptq_calibration_batches: 64
  gptq_enabled: True
  gptq_reserve_seconds: 10.0
  grad_accum_steps: 1
  grad_clip_norm: 0.3
  head_lr: 0.008
  is_main_process: True
  iterations: 20000
  ln_scale: True
  local_rank: 0
  logfile: logs/a12e2dd9-60ef-4ca9-aa7d-2fcf5b082b7a.txt
  logit_softcap: 30.0
  matrix_lr: 0.02
  max_wallclock_seconds: 600.0
  min_lr: 0.0
  mixed_quant: False
  mlp_mult: 4.0
  model_dim: 512
  model_path: final_model.pt
  muon_backend_steps: 5
  muon_beta2: 0.95
  muon_momentum: 0.99
  muon_momentum_warmup_start: 0.92
  muon_momentum_warmup_steps: 1500
  muon_wd: 0.09
  n_int6_layers: 32
  num_heads: 8
  num_kv_heads: 4
  num_layers: 11
  parallel_residual: False
  parallel_start_layer: 7
  parallel_start_layer_is_physical: True
  pre_quant_ttt_chunk_tokens: 32768
  pre_quant_ttt_enabled: True
  pre_quant_ttt_epochs: 1
  pre_quant_ttt_freeze_blocks: 9
  pre_quant_ttt_lr: 0.0005
  qk_gain_init: 5.0
  quantized_model_path: final_model.int6.ptz
  rank: 0
  recur_layers_str: 4,5
  recur_start_step: 3000
  recur_warmup_steps: 20
  repeat_untie_mlp: none
  repeat_untie_mlp_layers: 
  rope_base: 10000.0
  rope_dims: 16
  rope_train_seq_len: 2048
  run_id: a12e2dd9-60ef-4ca9-aa7d-2fcf5b082b7a
  scalar_lr: 0.02
  seed: 42
  skip_gates_enabled: True
  sliding_window_enabled: True
  tie_embeddings: True
  tied_embed_init_std: 0.005
  tied_embed_lr: 0.03
  tokenizer_path: ./data/tokenizers/fineweb_4096_bpe.model
  train_batch_tokens: 786432
  train_files: ./data/datasets/fineweb10B_sp4096/fineweb_train_*.bin
  train_log_every: 500
  train_seq_len: 2048
  val_batch_tokens: 524288
  val_files: ./data/datasets/fineweb10B_sp4096/fineweb_val_*.bin
  val_loss_every: 4000
  ve_dim: 128
  ve_enabled: True
  ve_layers: 9,10
  vocab_size: 4096
  warmdown_frac: 0.667
  warmup_steps: 20
  world_size: 8
  xsa_last_n: 11
train_shards: 141
val_tokens: 44795904
model_params:34401371
parallel_residual: active=0 start_layer=7 start_mode=physical params=0
recurrence: layers=[4, 5] start_step=3000 active=0
repeat_untie_mlp: mode=none layers=[] params=0
gptq:reserving 10s, effective=590000ms
[rank6]:[W405 17:31:39.887317214 reducer.cpp:1431] Warning: find_unused_parameters=True was specified in DDP constructor, but did not find any unused parameters in the forward pass. This flag results in an extra traversal of the autograd graph every iteration,  which can adversely affect performance. If your model indeed never has any unused parameters in the forward pass, consider turning this flag off. Note that this warning may be a false positive if your model has flow control causing later iterations to have unused parameters. (function operator())
[rank0]:[W405 17:31:39.062962829 reducer.cpp:1431] Warning: find_unused_parameters=True was specified in DDP constructor, but did not find any unused parameters in the forward pass. This flag results in an extra traversal of the autograd graph every iteration,  which can adversely affect performance. If your model indeed never has any unused parameters in the forward pass, consider turning this flag off. Note that this warning may be a false positive if your model has flow control causing later iterations to have unused parameters. (function operator())
[rank5]:[W405 17:31:39.093977328 reducer.cpp:1431] Warning: find_unused_parameters=True was specified in DDP constructor, but did not find any unused parameters in the forward pass. This flag results in an extra traversal of the autograd graph every iteration,  which can adversely affect performance. If your model indeed never has any unused parameters in the forward pass, consider turning this flag off. Note that this warning may be a false positive if your model has flow control causing later iterations to have unused parameters. (function operator())
[rank4]:[W405 17:31:39.122443959 reducer.cpp:1431] Warning: find_unused_parameters=True was specified in DDP constructor, but did not find any unused parameters in the forward pass. This flag results in an extra traversal of the autograd graph every iteration,  which can adversely affect performance. If your model indeed never has any unused parameters in the forward pass, consider turning this flag off. Note that this warning may be a false positive if your model has flow control causing later iterations to have unused parameters. (function operator())
[rank1]:[W405 17:31:39.163284555 reducer.cpp:1431] Warning: find_unused_parameters=True was specified in DDP constructor, but did not find any unused parameters in the forward pass. This flag results in an extra traversal of the autograd graph every iteration,  which can adversely affect performance. If your model indeed never has any unused parameters in the forward pass, consider turning this flag off. Note that this warning may be a false positive if your model has flow control causing later iterations to have unused parameters. (function operator())
[rank7]:[W405 17:31:39.164285174 reducer.cpp:1431] Warning: find_unused_parameters=True was specified in DDP constructor, but did not find any unused parameters in the forward pass. This flag results in an extra traversal of the autograd graph every iteration,  which can adversely affect performance. If your model indeed never has any unused parameters in the forward pass, consider turning this flag off. Note that this warning may be a false positive if your model has flow control causing later iterations to have unused parameters. (function operator())
[rank2]:[W405 17:31:39.184574983 reducer.cpp:1431] Warning: find_unused_parameters=True was specified in DDP constructor, but did not find any unused parameters in the forward pass. This flag results in an extra traversal of the autograd graph every iteration,  which can adversely affect performance. If your model indeed never has any unused parameters in the forward pass, consider turning this flag off. Note that this warning may be a false positive if your model has flow control causing later iterations to have unused parameters. (function operator())
[rank3]:[W405 17:31:39.184584270 reducer.cpp:1431] Warning: find_unused_parameters=True was specified in DDP constructor, but did not find any unused parameters in the forward pass. This flag results in an extra traversal of the autograd graph every iteration,  which can adversely affect performance. If your model indeed never has any unused parameters in the forward pass, consider turning this flag off. Note that this warning may be a false positive if your model has flow control causing later iterations to have unused parameters. (function operator())
warmup_step: 1/20
warmup_step: 2/20
warmup_step: 3/20
warmup_step: 4/20
warmup_step: 5/20
warmup_step: 6/20
warmup_step: 10/20
warmup_step: 20/20
recurrence:prewarm active=1 virtual_layers:13
recur_warmup_step: 1/20
recur_warmup_step: 2/20
recur_warmup_step: 3/20
recur_warmup_step: 4/20
recur_warmup_step: 5/20
recur_warmup_step: 6/20
recur_warmup_step: 10/20
recur_warmup_step: 20/20
0/20000 val_loss: 8.3142 val_bpb: 3.5644
1/20000 train_loss: 8.3140 train_time: 0.0m tok/s: 8318318
2/20000 train_loss: 12.2997 train_time: 0.0m tok/s: 8245327
3/20000 train_loss: 10.8362 train_time: 0.0m tok/s: 8173066
4/20000 train_loss: 9.2053 train_time: 0.0m tok/s: 8128116
5/20000 train_loss: 8.0047 train_time: 0.0m tok/s: 8114679
500/20000 train_loss: 3.0693 train_time: 0.8m tok/s: 7887338
1000/20000 train_loss: 2.9289 train_time: 1.7m tok/s: 7875900
1500/20000 train_loss: 2.8387 train_time: 2.5m tok/s: 7872060
2000/20000 train_loss: 2.8088 train_time: 3.3m tok/s: 7870137
2500/20000 train_loss: 2.8076 train_time: 4.2m tok/s: 7868925
3000/20000 train_loss: 2.8063 train_time: 5.0m tok/s: 7868356
recurrence:activated step:3000 layers:[4, 5] virtual_layers:13
3500/20000 train_loss: 2.7435 train_time: 6.0m tok/s: 7694649
4000/20000 train_loss: 2.6752 train_time: 6.9m tok/s: 7569551
4000/20000 val_loss: 2.6896 val_bpb: 1.1530
4500/20000 train_loss: 2.7277 train_time: 7.9m tok/s: 7474668
5000/20000 train_loss: 2.5951 train_time: 8.9m tok/s: 7400802
5500/20000 train_loss: 2.5446 train_time: 9.8m tok/s: 7341820
5508/20000 val_loss: 2.5692 val_bpb: 1.1014
stopping_early: wallclock_cap train_time: 590075ms step: 5508/20000
peak memory allocated: 30215 MiB reserved: 30244 MiB
ema:applying EMA weights
pre-quantization post-ema val_loss:2.56673998 val_bpb:1.10037419 eval_time:1983ms
pre_quant_ttt:start lr=0.0005 epochs=1 freeze=9/11
pre_quant_ttt:params trainable=5771280 frozen=28630091
  ttt_epoch:1/1 chunk:50 loss:2.4900 avg:2.5587 time:4.3s
  ttt_epoch:1/1 chunk:100 loss:2.4994 avg:2.5344 time:8.4s
  ttt_epoch:1/1 chunk:150 loss:2.5024 avg:2.5444 time:12.5s
  ttt_epoch:1/1 chunk:200 loss:2.6565 avg:2.5424 time:16.5s
  ttt_epoch:1/1 chunk:250 loss:2.6493 avg:2.5565 time:20.6s
  ttt_epoch:1/1 chunk:300 loss:2.6623 avg:2.5653 time:24.7s
  ttt_epoch:1/1 chunk:350 loss:2.4584 avg:2.5741 time:28.8s
  ttt_epoch:1/1 chunk:400 loss:2.5949 avg:2.5785 time:32.9s
  ttt_epoch:1/1 chunk:450 loss:2.4869 avg:2.5779 time:37.0s
  ttt_epoch:1/1 chunk:500 loss:2.3069 avg:2.5788 time:41.1s
  ttt_epoch:1/1 chunk:550 loss:2.5227 avg:2.5781 time:45.2s
  ttt_epoch:1/1 chunk:600 loss:2.4945 avg:2.5753 time:49.3s
  ttt_epoch:1/1 chunk:650 loss:2.5728 avg:2.5705 time:53.4s
  ttt_epoch:1/1 chunk:700 loss:2.7183 avg:2.5702 time:57.5s
  ttt_epoch:1/1 chunk:750 loss:2.6306 avg:2.5750 time:61.6s
  ttt_epoch:1/1 chunk:800 loss:2.6874 avg:2.5790 time:65.6s
  ttt_epoch:1/1 chunk:850 loss:2.5996 avg:2.5796 time:69.7s
  ttt_epoch:1/1 chunk:900 loss:2.4831 avg:2.5818 time:73.8s
  ttt_epoch:1/1 chunk:950 loss:2.5436 avg:2.5810 time:77.9s
  ttt_epoch:1/1 chunk:1000 loss:2.7306 avg:2.5812 time:82.0s
  ttt_epoch:1/1 chunk:1050 loss:2.4936 avg:2.5797 time:86.1s
  ttt_epoch:1/1 chunk:1100 loss:2.6825 avg:2.5791 time:90.2s
  ttt_epoch:1/1 chunk:1150 loss:2.6041 avg:2.5807 time:94.3s
  ttt_epoch:1/1 chunk:1200 loss:2.5226 avg:2.5832 time:98.4s
  ttt_epoch:1/1 chunk:1250 loss:2.6784 avg:2.5858 time:102.5s
  ttt_epoch:1/1 chunk:1300 loss:2.6707 avg:2.5863 time:106.6s
  ttt_epoch:1/1 chunk:1350 loss:2.5657 avg:2.5869 time:110.6s
  ttt_epoch:1/1 done chunks:1368 avg_loss:2.5864 time:112.1s
pre_quant_ttt:done epochs=1 total_time=112.1s
Serialized model: 132405891 bytes
Code size: 68057 bytes
GPTQ:collecting Hessians from calibration data...
GPTQ:collected 66 Hessians in 9.6s
GPTQ quantization: 66 layers with full GPTQ, 0 fallback to clip-search
Serialized model int6+brotli: 16024230 bytes
Total submission size int6+brotli: 16092287 bytes
final_int6_roundtrip val_loss:2.58872995 val_bpb:1.10980140 eval_time:7259ms
final_int6_sliding_window val_loss:2.54867963 val_bpb:1.09263163 eval_time:73863ms
etlb:start windows=87488 lr=0.05 steps=5 clip=3.0
  etlb:window 5000/87488 bias_norm=2.4011
  etlb:window 10000/87488 bias_norm=3.3965
  etlb:window 15000/87488 bias_norm=4.1543
  etlb:window 20000/87488 bias_norm=4.6402
  etlb:window 25000/87488 bias_norm=5.1957
  etlb:window 30000/87488 bias_norm=5.6600
  etlb:window 35000/87488 bias_norm=6.0187
  etlb:window 40000/87488 bias_norm=6.3890
  etlb:window 45000/87488 bias_norm=6.6840
  etlb:window 50000/87488 bias_norm=6.9528
  etlb:window 55000/87488 bias_norm=7.2313
  etlb:window 60000/87488 bias_norm=7.4304
  etlb:window 65000/87488 bias_norm=7.6937
  etlb:window 70000/87488 bias_norm=7.8993
  etlb:window 75000/87488 bias_norm=8.1016
  etlb:window 80000/87488 bias_norm=8.2777
  etlb:window 85000/87488 bias_norm=8.4474
final_int6_sliding_etlb val_loss:2.54391190 val_bpb:1.09058768 eval_time:1155741ms
