Running: torchrun --standalone --nproc_per_node=8 train_gpt.py
W0321 13:16:00.266000 1899366 site-packages/torch/distributed/run.py:852] 
W0321 13:16:00.266000 1899366 site-packages/torch/distributed/run.py:852] *****************************************
W0321 13:16:00.266000 1899366 site-packages/torch/distributed/run.py:852] Setting OMP_NUM_THREADS environment variable for each process to be 1 in default, to avoid your system being overloaded, please further tune the variable for optimal performance in your application as needed. 
W0321 13:16:00.266000 1899366 site-packages/torch/distributed/run.py:852] *****************************************
logs/84393d50-4396-4570-89f5-1ebb19468f01.txt
val_bpb:enabled tokenizer_kind=sentencepiece tokenizer_path=./data/tokenizers/fineweb_1024_bpe.model
train_loader:dataset:fineweb10B_sp1024 train_shards:80
val_loader:shards pattern=./data/datasets/fineweb10B_sp1024/fineweb_val_*.bin tokens:62021632
model_params:27092057
world_size:8 grad_accum_steps:1
attention_mode:gqa num_heads:8 num_kv_heads:4
tie_embeddings:True embed_lr:0.035 matrix_lr:0.025 scalar_lr:0.025
train_batch_tokens:524288 train_seq_len:2048 iterations:20000 warmup_steps:20 max_wallclock_seconds:600.000
seed:2024
warmup_step:1/20
warmup_step:2/20
warmup_step:3/20
warmup_step:4/20
warmup_step:5/20
warmup_step:6/20
warmup_step:7/20
warmup_step:8/20
warmup_step:9/20
warmup_step:10/20
warmup_step:11/20
warmup_step:12/20
warmup_step:13/20
warmup_step:14/20
warmup_step:15/20
warmup_step:16/20
warmup_step:17/20
warmup_step:18/20
warmup_step:19/20
warmup_step:20/20
step:0/20000 val_loss:6.9286 val_bpb:4.1035 train_time:0ms step_avg:0.01ms
step:1/20000 train_loss:6.9290 train_time:105ms step_avg:104.85ms
step:2/20000 train_loss:8.5663 train_time:158ms step_avg:78.76ms
step:3/20000 train_loss:7.7835 train_time:214ms step_avg:71.35ms
step:4/20000 train_loss:7.2582 train_time:271ms step_avg:67.67ms
step:5/20000 train_loss:6.8318 train_time:328ms step_avg:65.55ms
step:6/20000 train_loss:7.7705 train_time:385ms step_avg:64.14ms
step:7/20000 train_loss:6.6798 train_time:442ms step_avg:63.13ms
step:8/20000 train_loss:6.5302 train_time:498ms step_avg:62.29ms
step:9/20000 train_loss:6.3924 train_time:555ms step_avg:61.69ms
step:10/20000 train_loss:6.2069 train_time:612ms step_avg:61.16ms
step:100/20000 train_loss:3.2805 train_time:5782ms step_avg:57.82ms
step:200/20000 train_loss:2.7373 train_time:11641ms step_avg:58.21ms
step:300/20000 train_loss:2.3652 train_time:17393ms step_avg:57.98ms
step:400/20000 train_loss:2.2381 train_time:23242ms step_avg:58.10ms
step:500/20000 train_loss:2.3842 train_time:28985ms step_avg:57.97ms
step:500/20000 val_loss:2.3855 val_bpb:1.4128 train_time:28990ms step_avg:57.98ms
step:600/20000 train_loss:2.4437 train_time:34839ms step_avg:58.06ms
step:700/20000 train_loss:2.3434 train_time:40587ms step_avg:57.98ms
step:800/20000 train_loss:2.2018 train_time:46436ms step_avg:58.05ms
step:900/20000 train_loss:2.2537 train_time:52182ms step_avg:57.98ms
step:1000/20000 train_loss:2.3084 train_time:58024ms step_avg:58.02ms
step:1000/20000 val_loss:2.2596 val_bpb:1.3383 train_time:58029ms step_avg:58.03ms
step:1100/20000 train_loss:2.1781 train_time:63772ms step_avg:57.97ms
step:1200/20000 train_loss:2.3339 train_time:69616ms step_avg:58.01ms
step:1300/20000 train_loss:2.3070 train_time:75368ms step_avg:57.98ms
step:1400/20000 train_loss:2.3710 train_time:81221ms step_avg:58.02ms
step:1500/20000 train_loss:2.1748 train_time:86970ms step_avg:57.98ms
step:1500/20000 val_loss:2.2164 val_bpb:1.3127 train_time:86975ms step_avg:57.98ms
step:1600/20000 train_loss:2.0389 train_time:92821ms step_avg:58.01ms
step:1700/20000 train_loss:2.1155 train_time:98572ms step_avg:57.98ms
step:1800/20000 train_loss:2.1441 train_time:104421ms step_avg:58.01ms
step:1900/20000 train_loss:2.1265 train_time:110171ms step_avg:57.98ms
step:2000/20000 train_loss:2.1817 train_time:116022ms step_avg:58.01ms
step:2000/20000 val_loss:2.1652 val_bpb:1.2824 train_time:116027ms step_avg:58.01ms
step:2100/20000 train_loss:2.1985 train_time:121873ms step_avg:58.03ms
step:2200/20000 train_loss:2.0075 train_time:127618ms step_avg:58.01ms
step:2300/20000 train_loss:2.3059 train_time:133462ms step_avg:58.03ms
step:2400/20000 train_loss:2.1311 train_time:139210ms step_avg:58.00ms
step:2500/20000 train_loss:2.0594 train_time:145057ms step_avg:58.02ms
step:2500/20000 val_loss:2.1371 val_bpb:1.2657 train_time:145062ms step_avg:58.02ms
step:2600/20000 train_loss:2.3614 train_time:150805ms step_avg:58.00ms
step:2700/20000 train_loss:2.0799 train_time:156653ms step_avg:58.02ms
step:2800/20000 train_loss:2.1698 train_time:162402ms step_avg:58.00ms
step:2900/20000 train_loss:2.1157 train_time:168256ms step_avg:58.02ms
step:3000/20000 train_loss:2.1586 train_time:173999ms step_avg:58.00ms
step:3000/20000 val_loss:2.1245 val_bpb:1.2582 train_time:174004ms step_avg:58.00ms
step:3100/20000 train_loss:2.1301 train_time:179848ms step_avg:58.02ms
step:3200/20000 train_loss:2.1218 train_time:185603ms step_avg:58.00ms
step:3300/20000 train_loss:2.1718 train_time:191451ms step_avg:58.02ms
step:3400/20000 train_loss:2.0989 train_time:197197ms step_avg:58.00ms
step:3500/20000 train_loss:2.1852 train_time:203046ms step_avg:58.01ms
step:3500/20000 val_loss:2.1164 val_bpb:1.2534 train_time:203051ms step_avg:58.01ms
step:3600/20000 train_loss:2.0410 train_time:208797ms step_avg:58.00ms
step:3700/20000 train_loss:2.0710 train_time:214644ms step_avg:58.01ms
step:3800/20000 train_loss:2.1445 train_time:220389ms step_avg:58.00ms
step:3900/20000 train_loss:1.9249 train_time:226237ms step_avg:58.01ms
step:4000/20000 train_loss:2.1152 train_time:231985ms step_avg:58.00ms
step:4000/20000 val_loss:2.1061 val_bpb:1.2473 train_time:231990ms step_avg:58.00ms
step:4100/20000 train_loss:2.1283 train_time:237840ms step_avg:58.01ms
step:4200/20000 train_loss:2.1096 train_time:243687ms step_avg:58.02ms
step:4300/20000 train_loss:1.9505 train_time:249431ms step_avg:58.01ms
step:4400/20000 train_loss:2.0541 train_time:255276ms step_avg:58.02ms
step:4500/20000 train_loss:2.1994 train_time:261035ms step_avg:58.01ms
step:4500/20000 val_loss:2.1016 val_bpb:1.2447 train_time:261040ms step_avg:58.01ms
step:4600/20000 train_loss:1.9118 train_time:266886ms step_avg:58.02ms
step:4700/20000 train_loss:2.2171 train_time:272631ms step_avg:58.01ms
step:4800/20000 train_loss:2.2038 train_time:278479ms step_avg:58.02ms
step:4900/20000 train_loss:2.1120 train_time:284225ms step_avg:58.01ms
step:5000/20000 train_loss:1.9622 train_time:290082ms step_avg:58.02ms
step:5000/20000 val_loss:2.0965 val_bpb:1.2416 train_time:290087ms step_avg:58.02ms
step:5100/20000 train_loss:1.9714 train_time:295832ms step_avg:58.01ms
step:5200/20000 train_loss:2.1220 train_time:301686ms step_avg:58.02ms
step:5300/20000 train_loss:2.1536 train_time:307436ms step_avg:58.01ms
step:5400/20000 train_loss:2.1382 train_time:313290ms step_avg:58.02ms
step:5500/20000 train_loss:2.0936 train_time:319037ms step_avg:58.01ms
step:5500/20000 val_loss:2.0961 val_bpb:1.2414 train_time:319042ms step_avg:58.01ms
step:5600/20000 train_loss:2.1310 train_time:324891ms step_avg:58.02ms
step:5700/20000 train_loss:2.1229 train_time:330636ms step_avg:58.01ms
step:5800/20000 train_loss:2.0838 train_time:336489ms step_avg:58.02ms
step:5900/20000 train_loss:2.0385 train_time:342231ms step_avg:58.01ms
step:6000/20000 train_loss:2.1692 train_time:348081ms step_avg:58.01ms
step:6000/20000 val_loss:2.0934 val_bpb:1.2399 train_time:348087ms step_avg:58.01ms
step:6100/20000 train_loss:2.0716 train_time:353831ms step_avg:58.01ms
step:6200/20000 train_loss:2.0408 train_time:359680ms step_avg:58.01ms
step:6300/20000 train_loss:1.9862 train_time:365526ms step_avg:58.02ms
step:6400/20000 train_loss:2.1235 train_time:371270ms step_avg:58.01ms
step:6500/20000 train_loss:2.0370 train_time:377117ms step_avg:58.02ms
step:6500/20000 val_loss:2.0899 val_bpb:1.2378 train_time:377124ms step_avg:58.02ms
step:6600/20000 train_loss:2.0746 train_time:382870ms step_avg:58.01ms
step:6700/20000 train_loss:2.1083 train_time:388725ms step_avg:58.02ms
step:6800/20000 train_loss:2.1334 train_time:394469ms step_avg:58.01ms
step:6900/20000 train_loss:2.0542 train_time:400321ms step_avg:58.02ms
step:7000/20000 train_loss:2.1820 train_time:406070ms step_avg:58.01ms
step:7000/20000 val_loss:2.0856 val_bpb:1.2352 train_time:406075ms step_avg:58.01ms
step:7100/20000 train_loss:2.0162 train_time:411917ms step_avg:58.02ms
step:7200/20000 train_loss:2.1593 train_time:417666ms step_avg:58.01ms
step:7300/20000 train_loss:2.0652 train_time:423515ms step_avg:58.02ms
step:7400/20000 train_loss:2.0767 train_time:429260ms step_avg:58.01ms
step:7500/20000 train_loss:2.0657 train_time:435106ms step_avg:58.01ms
step:7500/20000 val_loss:2.0765 val_bpb:1.2298 train_time:435111ms step_avg:58.01ms
step:7600/20000 train_loss:1.9450 train_time:440854ms step_avg:58.01ms
step:7700/20000 train_loss:2.0227 train_time:446705ms step_avg:58.01ms
step:7800/20000 train_loss:2.0941 train_time:452447ms step_avg:58.01ms
step:7900/20000 train_loss:2.0693 train_time:458293ms step_avg:58.01ms
step:8000/20000 train_loss:2.0510 train_time:464036ms step_avg:58.00ms
step:8000/20000 val_loss:2.0563 val_bpb:1.2179 train_time:464041ms step_avg:58.01ms
step:8100/20000 train_loss:2.0823 train_time:469889ms step_avg:58.01ms
step:8200/20000 train_loss:2.1159 train_time:475634ms step_avg:58.00ms
step:8300/20000 train_loss:2.0448 train_time:481482ms step_avg:58.01ms
step:8400/20000 train_loss:2.0516 train_time:487330ms step_avg:58.02ms
step:8500/20000 train_loss:2.0307 train_time:493080ms step_avg:58.01ms
step:8500/20000 val_loss:2.0346 val_bpb:1.2050 train_time:493085ms step_avg:58.01ms
step:8600/20000 train_loss:2.0585 train_time:498936ms step_avg:58.02ms
step:8700/20000 train_loss:1.9477 train_time:504682ms step_avg:58.01ms
step:8800/20000 train_loss:2.0153 train_time:510533ms step_avg:58.02ms
step:8900/20000 train_loss:2.1016 train_time:516279ms step_avg:58.01ms
step:9000/20000 train_loss:1.9190 train_time:522129ms step_avg:58.01ms
step:9000/20000 val_loss:2.0129 val_bpb:1.1922 train_time:522135ms step_avg:58.01ms
step:9100/20000 train_loss:2.1942 train_time:527877ms step_avg:58.01ms
step:9200/20000 train_loss:1.9806 train_time:533731ms step_avg:58.01ms
step:9300/20000 train_loss:2.0248 train_time:539482ms step_avg:58.01ms
step:9400/20000 train_loss:2.0001 train_time:545334ms step_avg:58.01ms
step:9500/20000 train_loss:2.1296 train_time:551078ms step_avg:58.01ms
step:9500/20000 val_loss:1.9842 val_bpb:1.1752 train_time:551083ms step_avg:58.01ms
step:9600/20000 train_loss:2.0208 train_time:556932ms step_avg:58.01ms
step:9700/20000 train_loss:1.9639 train_time:562683ms step_avg:58.01ms
step:9800/20000 train_loss:1.9092 train_time:568536ms step_avg:58.01ms
step:9900/20000 train_loss:1.9955 train_time:574285ms step_avg:58.01ms
step:10000/20000 train_loss:1.9618 train_time:580139ms step_avg:58.01ms
step:10000/20000 val_loss:1.9516 val_bpb:1.1559 train_time:580144ms step_avg:58.01ms
step:10100/20000 train_loss:1.9348 train_time:585890ms step_avg:58.01ms
step:10200/20000 train_loss:1.9008 train_time:591743ms step_avg:58.01ms
step:10300/20000 train_loss:2.0385 train_time:597598ms step_avg:58.02ms
step:10342/20000 val_loss:1.9342 val_bpb:1.1455 train_time:600016ms step_avg:58.02ms
stopping_early: wallclock_cap train_time:600016ms step:10342/20000
peak memory allocated: 14012 MiB reserved: 14198 MiB
ema:applying EMA weights
Serialized model: 106313663 bytes
Code size: 61147 bytes
Total submission size: 106374810 bytes
prune_trial:0.10 artifact:16098168 OVER
prune_trial:0.12 artifact:15825080 VALID
selected_prune_frac:0.12
Serialized model int6+zstd: 15763933 bytes
Total submission size int8+zlib: 15825080 bytes
final_eval_mode:sliding_window stride:64 batch_seqs:32
  sliding_eval [  0.0%] 32/121136 windows running_bpb=1.196752
  sliding_eval [  1.3%] 1632/121136 windows running_bpb=1.125383
  sliding_eval [  2.7%] 3232/121136 windows running_bpb=1.129057
  sliding_eval [  4.0%] 4832/121136 windows running_bpb=1.121852
  sliding_eval [  5.3%] 6432/121136 windows running_bpb=1.133709
  sliding_eval [  6.6%] 8032/121136 windows running_bpb=1.134614
  sliding_eval [  8.0%] 9632/121136 windows running_bpb=1.136302
  sliding_eval [  9.3%] 11232/121136 windows running_bpb=1.131854
  sliding_eval [ 10.6%] 12832/121136 windows running_bpb=1.129308
  sliding_eval [ 11.9%] 14432/121136 windows running_bpb=1.130789
  sliding_eval [ 13.2%] 16032/121136 windows running_bpb=1.139455
  sliding_eval [ 14.6%] 17632/121136 windows running_bpb=1.137790
  sliding_eval [ 15.9%] 19232/121136 windows running_bpb=1.139120
  sliding_eval [ 17.2%] 20832/121136 windows running_bpb=1.137411
  sliding_eval [ 18.5%] 22432/121136 windows running_bpb=1.135789
  sliding_eval [ 19.8%] 24032/121136 windows running_bpb=1.136027
  sliding_eval [ 21.2%] 25632/121136 windows running_bpb=1.137457
  sliding_eval [ 22.5%] 27232/121136 windows running_bpb=1.137934
  sliding_eval [ 23.8%] 28832/121136 windows running_bpb=1.143998
  sliding_eval [ 25.1%] 30432/121136 windows running_bpb=1.141479
  sliding_eval [ 26.4%] 32032/121136 windows running_bpb=1.142476
  sliding_eval [ 27.8%] 33632/121136 windows running_bpb=1.141111
  sliding_eval [ 29.1%] 35232/121136 windows running_bpb=1.140504
  sliding_eval [ 30.4%] 36832/121136 windows running_bpb=1.140152
  sliding_eval [ 31.7%] 38432/121136 windows running_bpb=1.140858
  sliding_eval [ 33.0%] 40032/121136 windows running_bpb=1.138485
  sliding_eval [ 34.4%] 41632/121136 windows running_bpb=1.137419
  sliding_eval [ 35.7%] 43232/121136 windows running_bpb=1.137762
  sliding_eval [ 37.0%] 44832/121136 windows running_bpb=1.136511
  sliding_eval [ 38.3%] 46432/121136 windows running_bpb=1.136414
  sliding_eval [ 39.7%] 48032/121136 windows running_bpb=1.135671
  sliding_eval [ 41.0%] 49632/121136 windows running_bpb=1.136896
  sliding_eval [ 42.3%] 51232/121136 windows running_bpb=1.137973
  sliding_eval [ 43.6%] 52832/121136 windows running_bpb=1.138517
  sliding_eval [ 44.9%] 54432/121136 windows running_bpb=1.138017
  sliding_eval [ 46.3%] 56032/121136 windows running_bpb=1.138448
  sliding_eval [ 47.6%] 57632/121136 windows running_bpb=1.137546
  sliding_eval [ 48.9%] 59232/121136 windows running_bpb=1.133651
  sliding_eval [ 50.2%] 60832/121136 windows running_bpb=1.133807
  sliding_eval [ 51.5%] 62432/121136 windows running_bpb=1.134771
  sliding_eval [ 52.9%] 64032/121136 windows running_bpb=1.134964
  sliding_eval [ 54.2%] 65632/121136 windows running_bpb=1.134826
  sliding_eval [ 55.5%] 67232/121136 windows running_bpb=1.133616
  sliding_eval [ 56.8%] 68832/121136 windows running_bpb=1.133333
  sliding_eval [ 58.1%] 70432/121136 windows running_bpb=1.132670
  sliding_eval [ 59.5%] 72032/121136 windows running_bpb=1.132754
  sliding_eval [ 60.8%] 73632/121136 windows running_bpb=1.132690
  sliding_eval [ 62.1%] 75232/121136 windows running_bpb=1.132871
  sliding_eval [ 63.4%] 76832/121136 windows running_bpb=1.132586
  sliding_eval [ 64.7%] 78432/121136 windows running_bpb=1.133185
  sliding_eval [ 66.1%] 80032/121136 windows running_bpb=1.133472
  sliding_eval [ 67.4%] 81632/121136 windows running_bpb=1.133178
  sliding_eval [ 68.7%] 83232/121136 windows running_bpb=1.134200
  sliding_eval [ 70.0%] 84832/121136 windows running_bpb=1.136140
  sliding_eval [ 71.4%] 86432/121136 windows running_bpb=1.135452
  sliding_eval [ 72.7%] 88032/121136 windows running_bpb=1.136205
  sliding_eval [ 74.0%] 89632/121136 windows running_bpb=1.136574
  sliding_eval [ 75.3%] 91232/121136 windows running_bpb=1.136548
  sliding_eval [ 76.6%] 92832/121136 windows running_bpb=1.136137
  sliding_eval [ 78.0%] 94432/121136 windows running_bpb=1.136369
  sliding_eval [ 79.3%] 96032/121136 windows running_bpb=1.135705
  sliding_eval [ 80.6%] 97632/121136 windows running_bpb=1.138519
  sliding_eval [ 81.9%] 99232/121136 windows running_bpb=1.138549
  sliding_eval [ 83.2%] 100832/121136 windows running_bpb=1.138593
  sliding_eval [ 84.6%] 102432/121136 windows running_bpb=1.138219
  sliding_eval [ 85.9%] 104032/121136 windows running_bpb=1.137750
  sliding_eval [ 87.2%] 105632/121136 windows running_bpb=1.137014
  sliding_eval [ 88.5%] 107232/121136 windows running_bpb=1.136989
  sliding_eval [ 89.8%] 108832/121136 windows running_bpb=1.137597
  sliding_eval [ 91.2%] 110432/121136 windows running_bpb=1.137634
  sliding_eval [ 92.5%] 112032/121136 windows running_bpb=1.137640
  sliding_eval [ 93.8%] 113632/121136 windows running_bpb=1.138068
  sliding_eval [ 95.1%] 115232/121136 windows running_bpb=1.137858
  sliding_eval [ 96.4%] 116832/121136 windows running_bpb=1.137452
  sliding_eval [ 97.8%] 118432/121136 windows running_bpb=1.137760
  sliding_eval [ 99.1%] 120032/121136 windows running_bpb=1.137838
final_int8_zlib_roundtrip val_loss:1.9112 val_bpb:1.1319 eval_time:178260ms
final_int8_zlib_roundtrip_exact val_loss:1.91115103 val_bpb:1.13189429
---
val_bpb:          1.13189429
artifact_bytes:   15825080
line_count:       1421
valid:            true
