W0420 13:27:16.843000 19975 torch/distributed/run.py:851] 
W0420 13:27:16.843000 19975 torch/distributed/run.py:851] *****************************************
W0420 13:27:16.843000 19975 torch/distributed/run.py:851] Setting OMP_NUM_THREADS environment variable for each process to be 1 in default, to avoid your system being overloaded, please further tune the variable for optimal performance in your application as needed. 
W0420 13:27:16.843000 19975 torch/distributed/run.py:851] *****************************************
Hyperparameters:
  adam_eps: 1e-08
  adam_wd: 0.02
  beta1: 0.9
  beta2: 0.95
  compressor: brotli
  data_dir: ./data/
  datasets_dir: ./data/datasets/fineweb10B_sp8192
  distributed: True
  ema_decay: 0.9965
  embed_bits: 8
  embed_clip_sigmas: 20.0
  embed_lr: 0.6
  embed_wd: 0.085
  embedding_dim: 512
  enable_looping_at: 0.35
  etlb_clip: 3.0
  etlb_enabled: False
  etlb_lr: 0.05
  etlb_steps: 5
  eval_seq_len: 2048
  eval_stride: 64
  gptq_calibration_batches: 64
  gptq_reserve_seconds: 12.0
  grad_accum_steps: 1
  grad_clip_norm: 0.3
  head_lr: 0.008
  is_main_process: True
  iterations: 20000
  ln_scale: True
  local_rank: 0
  logfile: logs/d7182b3f-95b1-4692-8411-ffabdb5f9e29.txt
  logit_softcap: 30.0
  loop_end: 5
  loop_start: 3
  matrix_bits: 6
  matrix_clip_sigmas: 12.85
  matrix_lr: 0.022
  max_wallclock_seconds: 600.0
  min_lr: 0.0
  mlp_mult: 4.0
  model_dim: 512
  model_path: final_model.pt
  muon_backend_steps: 5
  muon_beta2: 0.95
  muon_momentum: 0.99
  muon_momentum_warmup_start: 0.92
  muon_momentum_warmup_steps: 1500
  muon_row_normalize: True
  muon_wd: 0.095
  num_heads: 8
  num_kv_heads: 4
  num_layers: 11
  num_loops: 2
  parallel_residual_start: 7
  qk_gain_init: 5.25
  quantized_model_path: final_model.int6.ptz
  rank: 0
  rope_base: 10000.0
  rope_dims: 16
  rope_train_seq_len: 2048
  run_id: d7182b3f-95b1-4692-8411-ffabdb5f9e29
  scalar_lr: 0.02
  seed: 42
  skip_gates_enabled: True
  sliding_window_enabled: True
  tie_embeddings: True
  tied_embed_init_std: 0.005
  tied_embed_lr: 0.03
  tokenizer_path: ./data/tokenizers/fineweb_8192_bpe.model
  train_batch_tokens: 786432
  train_files: ./data/datasets/fineweb10B_sp8192/fineweb_train_*.bin
  train_log_every: 500
  train_seq_len: 2048
  ttt_chunk_tokens: 32768
  ttt_enabled: True
  ttt_epochs: 3
  ttt_lr: 0.005
  ttt_momentum: 0.9
  val_batch_tokens: 524288
  val_files: ./data/datasets/fineweb10B_sp8192/fineweb_val_*.bin
  val_loss_every: 4000
  vocab_size: 8192
  warmdown_frac: 0.72
  warmup_steps: 20
  world_size: 8
  xsa_last_n: 11
train_shards: 80
val_tokens: 40540160
model_params:35944536
gptq:reserving 12s, effective=588000ms
warmup_step: 1/20
warmup_step: 2/20
warmup_step: 3/20
warmup_step: 4/20
warmup_step: 5/20
warmup_step: 6/20
warmup_step: 10/20
warmup_step: 20/20
loop_warmup:enabled encoder:[0, 1, 2, 3, 4, 5, 3, 4] decoder:[5, 3, 4, 5, 6, 7, 8, 9, 10]
loop_warmup_step: 1/20
loop_warmup_step: 2/20
loop_warmup_step: 3/20
loop_warmup_step: 4/20
loop_warmup_step: 5/20
loop_warmup_step: 6/20
loop_warmup_step: 10/20
loop_warmup_step: 20/20
0/20000 val_loss: 9.0090 val_bpb: 3.4877
1/20000 train_loss: 9.0104 train_time: 0.0m tok/s: 8312690
2/20000 train_loss: 12.3646 train_time: 0.0m tok/s: 8236610
3/20000 train_loss: 11.0075 train_time: 0.0m tok/s: 8137905
4/20000 train_loss: 9.4551 train_time: 0.0m tok/s: 8042542
5/20000 train_loss: 8.3277 train_time: 0.0m tok/s: 8024285
500/20000 train_loss: 3.3802 train_time: 0.8m tok/s: 7822084
1000/20000 train_loss: 3.2848 train_time: 1.7m tok/s: 7814070
1500/20000 train_loss: 3.1886 train_time: 2.5m tok/s: 7817011
2000/20000 train_loss: 3.0726 train_time: 3.4m tok/s: 7823081
layer_loop:enabled step:2048 frac:0.350 encoder:[0, 1, 2, 3, 4, 5, 3, 4] decoder:[5, 3, 4, 5, 6, 7, 8, 9, 10]
2500/20000 train_loss: 3.1248 train_time: 4.6m tok/s: 7200835
3000/20000 train_loss: 2.8991 train_time: 5.8m tok/s: 6793642
3500/20000 train_loss: 2.9457 train_time: 7.0m tok/s: 6530480
4000/20000 train_loss: 2.8238 train_time: 8.3m tok/s: 6346055
4000/20000 val_loss: 2.8794 val_bpb: 1.1147
4500/20000 train_loss: 2.8444 train_time: 9.5m tok/s: 6210523
4623/20000 val_loss: 2.8111 val_bpb: 1.0883
stopping_early: wallclock_cap train_time: 588095ms step: 4623/20000
peak memory allocated: 39034 MiB reserved: 39058 MiB
ema:applying EMA weights
pre-quantization post-ema val_loss:2.80785894 val_bpb:1.08700970 eval_time:6727ms
Serialized model: 135431033 bytes
Code size: 17335 bytes
GPTQ:collecting Hessians from calibration data...
GPTQ:collected 67 Hessians in 12.7s
Quantized weights:
  gptq (int6): blocks.attn.c_k.weight, blocks.attn.c_q.weight, blocks.attn.c_v.weight, blocks.attn.proj.weight, blocks.mlp.fc.weight, blocks.mlp.proj.weight
  gptq (int8): tok_emb.weight
  passthrough (float16): blocks.attn.q_gain, blocks.attn_scale, blocks.mlp_scale, blocks.resid_mix, skip_gates, skip_weights
Serialized model quantized+brotli: 15976052 bytes
Total submission size quantized+brotli: 15993387 bytes
quantized val_loss:2.83703347 val_bpb:1.09830407 eval_time:8415ms
quantized_sliding_window val_loss:2.79418057 val_bpb:1.08171437 eval_time:91084ms
ttt:start chunks=1238 ttt_lr=0.005 ttt_epochs=3
quantized_ttt val_loss:2.79072877 val_bpb:1.08037808 eval_time:322615ms
