logs/cod_training_recipe_20260318_215548_4091_smoke_mlx_local_20260318_215944.txt
Code size: 50427 bytes
run_id:cod_training_recipe_20260318_215548_4091_smoke_mlx_local_20260318_215944
mlx_version:0.31.1
train_loader:shards pattern=/Users/calmdentist/Desktop/parameter-golf/data/datasets/fineweb10B_sp1024/fineweb_train_*.bin
val_loader:shards pattern=/Users/calmdentist/Desktop/parameter-golf/data/datasets/fineweb10B_sp1024/fineweb_val_*.bin tokens:262144
WARNING: train_loader:subset dataset:fineweb10B_sp1024 train_shards:1/195 new epochs will arrive sooner than the full dataset
tokenizer_path:/Users/calmdentist/Desktop/parameter-golf/data/tokenizers/fineweb_1024_bpe.model
model_params:17059912 vocab_size:1024 layers:9 dim:512 heads:8 kv_heads:4 seq_len:1024 tie_embeddings:True
iterations:50 train_batch_tokens:8192 grad_accum_steps:8 microbatch_tokens:1024 microbatch_batch_size:1 val_batch_size:8192 warmup_steps:64 max_wallclock_seconds:0.000
mlx_max_microbatch_tokens:2048
optimizer:muon+adam muon_matrix_params:54 scalar_params:37 embed_lr:0.05 matrix_lr:0.05 scalar_lr:0.04 scalar_lr_floor_ratio:0.25 muon_momentum:0.95 muon_steps:5
val_bpb:enabled tokenizer_kind=sentencepiece tokenizer_path=/Users/calmdentist/Desktop/parameter-golf/data/tokenizers/fineweb_1024_bpe.model
compute_dtype:mlx.core.bfloat16 compile:True
dtypes tok_emb:mlx.core.bfloat16 linear_weight:mlx.core.float32 skip_weights:mlx.core.float32
warmup_step:10/64
warmup_step:20/64
warmup_step:30/64
warmup_step:40/64
warmup_step:50/64
warmup_step:60/64
warmup_step:64/64
step:1/50 train_loss:6.9428 train_time:136ms step_avg:136.15ms tok_s:60172
step:2/50 train_loss:6.8245 train_time:563ms step_avg:281.46ms tok_s:19219
step:3/50 train_loss:6.6642 train_time:976ms step_avg:325.45ms tok_s:19824
step:4/50 train_loss:6.4561 train_time:1388ms step_avg:347.05ms tok_s:19901
step:5/50 train_loss:6.2004 train_time:1796ms step_avg:359.29ms tok_s:20076
step:6/50 train_loss:5.9632 train_time:2207ms step_avg:367.85ms tok_s:19958
step:7/50 train_loss:5.7757 train_time:2620ms step_avg:374.30ms tok_s:19844
step:8/50 train_loss:5.8063 train_time:3032ms step_avg:378.94ms tok_s:19920
step:9/50 train_loss:5.7416 train_time:3444ms step_avg:382.61ms tok_s:19893
step:10/50 train_loss:5.7195 train_time:3853ms step_avg:385.33ms tok_s:20002
step:20/50 train_loss:5.5672 train_time:7970ms step_avg:398.49ms tok_s:19979
step:30/50 train_loss:5.3018 train_time:12093ms step_avg:403.10ms tok_s:19948
step:40/50 train_loss:5.0741 train_time:16203ms step_avg:405.06ms tok_s:19949
step:50/50 train_loss:4.9188 train_time:20327ms step_avg:406.54ms tok_s:19816
step:50/50 val_loss:4.8715 val_bpb:2.8848 train_time:23142ms step_avg:462.83ms
saved_model:logs/cod_training_recipe_20260318_215548_4091_smoke_mlx_local_20260318_215944_mlx_model.npz bytes:67212188
serialized_model_int8_zlib:6288223 bytes (payload:17178912 raw_pickle:17188361 payload_ratio:3.91x)
Serialized model: 67212188 bytes
Serialized model int8+zlib: 6288223 bytes
Total submission size int8+zlib: 6338650 bytes
final_int8_zlib_roundtrip val_loss:4.8794 val_bpb:2.8895 eval_time:2526ms
final_int8_zlib_roundtrip_exact val_loss:4.87940311 val_bpb:2.88946131
