W0407 13:51:51.997000 140217618776704 torch/distributed/run.py:779] 
W0407 13:51:51.997000 140217618776704 torch/distributed/run.py:779] *****************************************
W0407 13:51:51.997000 140217618776704 torch/distributed/run.py:779] Setting OMP_NUM_THREADS environment variable for each process to be 1 in default, to avoid your system being overloaded, please further tune the variable for optimal performance in your application as needed. 
W0407 13:51:51.997000 140217618776704 torch/distributed/run.py:779] *****************************************
[HDC] Logging to /workspace/parameter-golf-hdc/records/track_10min_16mb/2026-03-26_HDC_Zero_Track_5Mb/train_20260407T135152.log
[HDC] Logging to /workspace/parameter-golf-hdc/records/track_10min_16mb/2026-03-26_HDC_Zero_Track_5Mb/train_20260407T135152.log
[HDC] Logging to /workspace/parameter-golf-hdc/records/track_10min_16mb/2026-03-26_HDC_Zero_Track_5Mb/train_20260407T135152.log
[HDC] Logging to /workspace/parameter-golf-hdc/records/track_10min_16mb/2026-03-26_HDC_Zero_Track_5Mb/train_20260407T135152.log
[HDC] Logging to /workspace/parameter-golf-hdc/records/track_10min_16mb/2026-03-26_HDC_Zero_Track_5Mb/train_20260407T135152.log
[HDC] Logging to /workspace/parameter-golf-hdc/records/track_10min_16mb/2026-03-26_HDC_Zero_Track_5Mb/train_20260407T135152.log[HDC] Logging to /workspace/parameter-golf-hdc/records/track_10min_16mb/2026-03-26_HDC_Zero_Track_5Mb/train_20260407T135152.log
[HDC] Logging to /workspace/parameter-golf-hdc/records/track_10min_16mb/2026-03-26_HDC_Zero_Track_5Mb/train_20260407T135152.log

[HashGrad] Pre-allocated 500,000,000 token buffer (0.93 GiB)
[HashGrad] Loaded 100,000,000 tokens from fineweb_train_000000.bin
[HashGrad] Loaded 200,000,000 tokens from fineweb_train_000001.bin
[HashGrad] Loaded 300,000,000 tokens from fineweb_train_000002.bin
[HashGrad] Loaded 400,000,000 tokens from fineweb_train_000003.bin
[HashGrad] Loaded 500,000,000 tokens from fineweb_train_000004.bin
[HashGrad] Pre-allocated 500,000,000 token buffer (0.93 GiB)
[HashGrad] Pre-allocated 500,000,000 token buffer (0.93 GiB)
[HashGrad] Pre-allocated 500,000,000 token buffer (0.93 GiB)
[HashGrad] Pre-allocated 500,000,000 token buffer (0.93 GiB)
[HashGrad] Pre-allocated 500,000,000 token buffer (0.93 GiB)
[HashGrad] Pre-allocated 500,000,000 token buffer (0.93 GiB)

============================================================
[HashGrad] Distributed Hash-Grad NMF Pipeline
[HashGrad] world_size=8, rank=0
[HashGrad] TABLE_BITS=19, EMBED_DIM=16
[HashGrad] Seeds: [42, 7, 1337]
[HashGrad] Data: ../../../data/datasets/fineweb10B_sp1024
[HashGrad] Max time: 600.0s
============================================================

[HashGrad] Loading training tokens...
[HashGrad] Pre-allocated 500,000,000 token buffer (0.93 GiB)
[HashGrad] Loaded 100,000,000 tokens from fineweb_train_000000.bin
[HashGrad] Loaded 200,000,000 tokens from fineweb_train_000001.bin
[HashGrad] Loaded 300,000,000 tokens from fineweb_train_000002.bin
[HashGrad] Loaded 400,000,000 tokens from fineweb_train_000003.bin
[HashGrad] Loaded 500,000,000 tokens from fineweb_train_000004.bin
[HashGrad] Loaded 100,000,000 tokens from fineweb_train_000000.bin
[HashGrad] Loaded 200,000,000 tokens from fineweb_train_000001.bin
[HashGrad] Loaded 300,000,000 tokens from fineweb_train_000002.bin
[HashGrad] Loaded 400,000,000 tokens from fineweb_train_000003.bin
[HashGrad] Loaded 500,000,000 tokens from fineweb_train_000004.bin
[HashGrad] Loaded 100,000,000 tokens from fineweb_train_000000.bin
[HashGrad] Loaded 200,000,000 tokens from fineweb_train_000001.bin
[HashGrad] Loaded 100,000,000 tokens from fineweb_train_000000.bin
[HashGrad] Loaded 200,000,000 tokens from fineweb_train_000001.bin
[HashGrad] Loaded 300,000,000 tokens from fineweb_train_000002.bin[HashGrad] Loaded 300,000,000 tokens from fineweb_train_000002.bin
[HashGrad] Loaded 400,000,000 tokens from fineweb_train_000003.bin

[HashGrad] Loaded 500,000,000 tokens from fineweb_train_000004.bin
[HashGrad] Loaded 400,000,000 tokens from fineweb_train_000003.bin
[HashGrad] Loaded 500,000,000 tokens from fineweb_train_000004.bin
[HashGrad] Loaded 100,000,000 tokens from fineweb_train_000000.bin
[HashGrad] Loaded 200,000,000 tokens from fineweb_train_000001.bin
[HashGrad] Loaded 300,000,000 tokens from fineweb_train_000002.bin
[HashGrad] Loaded 400,000,000 tokens from fineweb_train_000003.bin
[HashGrad] Loaded 500,000,000 tokens from fineweb_train_000004.bin
[HashGrad] Loaded 100,000,000 tokens from fineweb_train_000000.bin
[HashGrad] Loaded 200,000,000 tokens from fineweb_train_000001.bin
[HashGrad] Loaded 300,000,000 tokens from fineweb_train_000002.bin
[HashGrad] Loaded 400,000,000 tokens from fineweb_train_000003.bin
[HashGrad] Loaded 500,000,000 tokens from fineweb_train_000004.bin
[HashGrad] Loaded 100,000,000 tokens from fineweb_train_000000.bin
[HashGrad] Loaded 200,000,000 tokens from fineweb_train_000001.bin
[HashGrad] Loaded 300,000,000 tokens from fineweb_train_000002.bin
[HashGrad] Loaded 400,000,000 tokens from fineweb_train_000003.bin
[HashGrad] Loaded 500,000,000 tokens from fineweb_train_000004.bin
[HashGrad] Precomputing G[p] states...
[HashGrad Seed42 rank=7] Shard [437,500,000, 500,000,000) — 62,500,000 tokens
[HashGrad Seed42_r7 GPU] Uploaded 1.00 GB in 0.24s — processing 62,499,999 tokens…

============================================================
[HashGrad MultiSeed] 3-seed training
[HashGrad MultiSeed] TABLE_BITS=19, EMBED_DIM=16
[HashGrad MultiSeed] Seeds: [42, 7, 1337]
[HashGrad MultiSeed] Distributed: 8 ranks
============================================================

[HashGrad Prior] Building frozen prior from first 2,000,000 tokens...
[HashGrad Seed42 rank=4] Shard [250,000,000, 312,500,001) — 62,500,001 tokens
[HashGrad Seed42_r7 GPU] 62,499,999/62,499,999 tokens (100.0%) — 640.9M tok/s
[HashGrad Prior GPU] Uploaded 0.03 GB in 0.01s — processing 2,000,000 tokens…
[HashGrad Seed42 rank=6] Shard [375,000,000, 437,500,001) — 62,500,001 tokens
[HashGrad Seed42 rank=5] Shard [312,500,000, 375,000,001) — 62,500,001 tokens
[HashGrad Seed42 rank=2] Shard [125,000,000, 187,500,001) — 62,500,001 tokens
[HashGrad Prior GPU] 2,000,000/2,000,000 tokens (100.0%) — 31.5M tok/s
[HashGrad Seed42 rank=1] Shard [62,500,000, 125,000,001) — 62,500,001 tokens
[HashGrad Seed42_r4 GPU] Uploaded 1.00 GB in 0.23s — processing 62,500,000 tokens…
[HashGrad Seed42_r4 GPU] 62,500,000/62,500,000 tokens (100.0%) — 764.5M tok/s
[HashGrad Seed42_r5 GPU] Uploaded 1.00 GB in 0.24s — processing 62,500,000 tokens…
[HashGrad Seed42_r2 GPU] Uploaded 1.00 GB in 0.24s — processing 62,500,000 tokens…
[HashGrad Seed42_r6 GPU] Uploaded 1.00 GB in 0.24s — processing 62,500,000 tokens…
[HashGrad Seed42 rank=3] Shard [187,500,000, 250,000,001) — 62,500,001 tokens
[HashGrad Seed42_r1 GPU] Uploaded 1.00 GB in 0.27s — processing 62,500,000 tokens…
[HashGrad Seed42_r2 GPU] 62,500,000/62,500,000 tokens (100.0%) — 915.8M tok/s
[HashGrad Seed42_r5 GPU] 62,500,000/62,500,000 tokens (100.0%) — 902.6M tok/s
[HashGrad Seed42_r6 GPU] 62,500,000/62,500,000 tokens (100.0%) — 814.9M tok/s
[HashGrad Seed42_r1 GPU] 62,500,000/62,500,000 tokens (100.0%) — 990.1M tok/s
[HashGrad Seed42_r3 GPU] Uploaded 1.00 GB in 0.24s — processing 62,500,000 tokens…
[HashGrad Seed42_r3 GPU] 62,500,000/62,500,000 tokens (100.0%) — 1475.2M tok/s
[HashGrad Seed42_r7 GPU] Done in 4.0s — filled 524,288/524,288 buckets (100.0%)
[HashGrad Prior GPU] Done in 3.9s — filled 512,639/524,288 buckets (97.8%)
[HashGrad Seed42_r4 GPU] Done in 4.0s — filled 524,288/524,288 buckets (100.0%)
[HashGrad Seed42_r2 GPU] Done in 4.0s — filled 524,288/524,288 buckets (100.0%)
[HashGrad Seed42_r6 GPU] Done in 4.0s — filled 524,288/524,288 buckets (100.0%)
[HashGrad Seed42_r5 GPU] Done in 4.1s — filled 524,288/524,288 buckets (100.0%)
[HashGrad Seed42_r1 GPU] Done in 4.0s — filled 524,288/524,288 buckets (100.0%)
[HashGrad Seed42_r3 GPU] Done in 4.0s — filled 524,288/524,288 buckets (100.0%)
[HashGrad Prior] Done — 512,639/524,288 buckets filled

[HashGrad MultiSeed] Seed 1/3: 42
[HashGrad Seed42 rank=0] Shard [0, 62,500,001) — 62,500,001 tokens
[HashGrad Seed42_r0 GPU] Uploaded 1.00 GB in 0.21s — processing 62,500,000 tokens…
[HashGrad Seed42_r0 GPU] 62,500,000/62,500,000 tokens (100.0%) — 41742.7M tok/s
[HashGrad Seed42_r0 GPU] Done in 3.7s — filled 524,288/524,288 buckets (100.0%)
[HashGrad Seed42 dist] All-reduce complete — 524,288/524,288 buckets filled across 8 ranks

[HashGrad MultiSeed] Seed 2/3: 7
[HashGrad Seed7 rank=0] Shard [0, 62,500,001) — 62,500,001 tokens
[HashGrad Seed7 rank=3] Shard [187,500,000, 250,000,001) — 62,500,001 tokens
[HashGrad Seed7 rank=5] Shard [312,500,000, 375,000,001) — 62,500,001 tokens
[HashGrad Seed7 rank=1] Shard [62,500,000, 125,000,001) — 62,500,001 tokens
[HashGrad Seed7 rank=7] Shard [437,500,000, 500,000,000) — 62,500,000 tokens
[HashGrad Seed7 rank=2] Shard [125,000,000, 187,500,001) — 62,500,001 tokens
[HashGrad Seed7 rank=4] Shard [250,000,000, 312,500,001) — 62,500,001 tokens
[HashGrad Seed7 rank=6] Shard [375,000,000, 437,500,001) — 62,500,001 tokens
[HashGrad Seed7_r0 GPU] Uploaded 1.00 GB in 0.23s — processing 62,500,000 tokens…
[HashGrad Seed7_r0 GPU] 62,500,000/62,500,000 tokens (100.0%) — 49340.1M tok/s
[HashGrad Seed7_r3 GPU] Uploaded 1.00 GB in 0.23s — processing 62,500,000 tokens…
[HashGrad Seed7_r3 GPU] 62,500,000/62,500,000 tokens (100.0%) — 51160.0M tok/s
[HashGrad Seed7_r4 GPU] Uploaded 1.00 GB in 0.22s — processing 62,500,000 tokens…
[HashGrad Seed7_r4 GPU] 62,500,000/62,500,000 tokens (100.0%) — 51582.8M tok/s
[HashGrad Seed7_r1 GPU] Uploaded 1.00 GB in 0.25s — processing 62,500,000 tokens…[HashGrad Seed7_r2 GPU] Uploaded 1.00 GB in 0.25s — processing 62,500,000 tokens…

[HashGrad Seed7_r2 GPU] 62,500,000/62,500,000 tokens (100.0%) — 42576.6M tok/s
[HashGrad Seed7_r1 GPU] 62,500,000/62,500,000 tokens (100.0%) — 41152.9M tok/s
[HashGrad Seed7_r6 GPU] Uploaded 1.00 GB in 0.27s — processing 62,500,000 tokens…
[HashGrad Seed7_r6 GPU] 62,500,000/62,500,000 tokens (100.0%) — 48285.9M tok/s
[HashGrad Seed7_r5 GPU] Uploaded 1.00 GB in 0.28s — processing 62,500,000 tokens…
[HashGrad Seed7_r5 GPU] 62,500,000/62,500,000 tokens (100.0%) — 52830.3M tok/s
[HashGrad Seed7_r7 GPU] Uploaded 1.00 GB in 0.28s — processing 62,499,999 tokens…
[HashGrad Seed7_r7 GPU] 62,499,999/62,499,999 tokens (100.0%) — 53916.9M tok/s
[HashGrad Seed7_r0 GPU] Done in 3.8s — filled 524,288/524,288 buckets (100.0%)
[HashGrad Seed7_r3 GPU] Done in 3.9s — filled 524,288/524,288 buckets (100.0%)
[HashGrad Seed7_r4 GPU] Done in 3.9s — filled 524,288/524,288 buckets (100.0%)
[HashGrad Seed7_r5 GPU] Done in 3.9s — filled 524,288/524,288 buckets (100.0%)
[HashGrad Seed7_r2 GPU] Done in 4.0s — filled 524,288/524,288 buckets (100.0%)
[HashGrad Seed7_r1 GPU] Done in 4.0s — filled 524,288/524,288 buckets (100.0%)
[HashGrad Seed7_r7 GPU] Done in 4.0s — filled 524,288/524,288 buckets (100.0%)
[HashGrad Seed7_r6 GPU] Done in 4.0s — filled 524,288/524,288 buckets (100.0%)
[HashGrad Seed7 dist] All-reduce complete — 524,288/524,288 buckets filled across 8 ranks
[HashGrad Seed1337 rank=3] Shard [187,500,000, 250,000,001) — 62,500,001 tokens
[HashGrad Seed1337 rank=2] Shard [125,000,000, 187,500,001) — 62,500,001 tokens
[HashGrad Seed1337 rank=1] Shard [62,500,000, 125,000,001) — 62,500,001 tokens
[HashGrad Seed1337 rank=6] Shard [375,000,000, 437,500,001) — 62,500,001 tokens
[HashGrad MultiSeed] Seed 3/3: 1337

[HashGrad Seed1337 rank=0] Shard [0, 62,500,001) — 62,500,001 tokens
[HashGrad Seed1337 rank=7] Shard [437,500,000, 500,000,000) — 62,500,000 tokens
[HashGrad Seed1337 rank=5] Shard [312,500,000, 375,000,001) — 62,500,001 tokens
[HashGrad Seed1337 rank=4] Shard [250,000,000, 312,500,001) — 62,500,001 tokens
[HashGrad Seed1337_r3 GPU] Uploaded 1.00 GB in 0.23s — processing 62,500,000 tokens…
[HashGrad Seed1337_r3 GPU] 62,500,000/62,500,000 tokens (100.0%) — 50451.1M tok/s
[HashGrad Seed1337_r0 GPU] Uploaded 1.00 GB in 0.22s — processing 62,500,000 tokens…
[HashGrad Seed1337_r0 GPU] 62,500,000/62,500,000 tokens (100.0%) — 53685.0M tok/s
[HashGrad Seed1337_r4 GPU] Uploaded 1.00 GB in 0.23s — processing 62,500,000 tokens…
[HashGrad Seed1337_r4 GPU] 62,500,000/62,500,000 tokens (100.0%) — 50334.9M tok/s
[HashGrad Seed1337_r1 GPU] Uploaded 1.00 GB in 0.25s — processing 62,500,000 tokens…
[HashGrad Seed1337_r1 GPU] 62,500,000/62,500,000 tokens (100.0%) — 53108.6M tok/s
[HashGrad Seed1337_r7 GPU] Uploaded 1.00 GB in 0.25s — processing 62,499,999 tokens…
[HashGrad Seed1337_r7 GPU] 62,499,999/62,499,999 tokens (100.0%) — 40479.3M tok/s
[HashGrad Seed1337_r5 GPU] Uploaded 1.00 GB in 0.25s — processing 62,500,000 tokens…
[HashGrad Seed1337_r5 GPU] 62,500,000/62,500,000 tokens (100.0%) — 44057.8M tok/s
[HashGrad Seed1337_r6 GPU] Uploaded 1.00 GB in 0.27s — processing 62,500,000 tokens…
[HashGrad Seed1337_r6 GPU] 62,500,000/62,500,000 tokens (100.0%) — 48880.1M tok/s
[HashGrad Seed1337_r2 GPU] Uploaded 1.00 GB in 0.29s — processing 62,500,000 tokens…
[HashGrad Seed1337_r2 GPU] 62,500,000/62,500,000 tokens (100.0%) — 52755.9M tok/s
[HashGrad Seed1337_r0 GPU] Done in 3.8s — filled 524,288/524,288 buckets (100.0%)
[HashGrad Seed1337_r3 GPU] Done in 3.8s — filled 524,288/524,288 buckets (100.0%)
[HashGrad Seed1337_r4 GPU] Done in 3.9s — filled 524,288/524,288 buckets (100.0%)
[HashGrad Seed1337_r5 GPU] Done in 3.9s — filled 524,288/524,288 buckets (100.0%)
[HashGrad Seed1337_r7 GPU] Done in 4.0s — filled 524,288/524,288 buckets (100.0%)
[HashGrad Seed1337_r1 GPU] Done in 4.0s — filled 524,288/524,288 buckets (100.0%)
[HashGrad Seed1337_r2 GPU] Done in 4.0s — filled 524,288/524,288 buckets (100.0%)
[HashGrad Seed1337_r6 GPU] Done in 4.0s — filled 524,288/524,288 buckets (100.0%)
[HashGrad Seed1337 dist] All-reduce complete — 524,288/524,288 buckets filled across 8 ranks

[HashGrad MultiSeed] Phase 3 — Merging 3 frequency tables...
[HashGrad Merge] 3 seeds merged — 524,288/524,288 buckets (100.0%), avg 2861.0 obs/bucket
[HashGrad XORReg] No sparse buckets (count < 5) — skipping

[HashGrad MultiSeed] Phase 5 — NMF fit on merged freq...
[HashGrad NMF GPU] Active buckets: 524,288/524,288 (min_count=1)
[HashGrad NMF GPU] iter    0/1 | KL: 6.931471 | 3.46s
[HashGrad NMF GPU] Done — best KL: 6.931471 in 3.46s

[HashGrad MultiSeed] Complete — 524,288/524,288 buckets, 16.03 MB

[HashGrad-DSV] Building directional semantic vectors (vocab=1024, W=16, ctx_len=4)
[HashGrad-DSV] c=1/4  pairs=499,999,999  elapsed=262.3s
[HashGrad-DSV] c=2/4  pairs=699,999,999  elapsed=367.8s
[HashGrad-DSV] Time budget reached at context depth c=2
[HashGrad-DSV] Done. 699,999,999 A→B pairs recorded in 367.8s
[HashGrad Phase6] DSV sem_fwd=128KB

[HashGrad-SkipBigram] Building skip-bigram lags 2..5 (N=500,000,000, vocab=1024, W=16)
[HashGrad-SkipBigram] lag=2 done in 131.48s
[HashGrad-SkipBigram] lag=3 done in 157.53s
[HashGrad-SkipBigram] Time budget reached at lag=4
[HashGrad-SkipBigram] All lags built in 157.53s | 512 KB total
[HashGrad Phase6] Skip-bigram lags: [2, 3, 4, 5]

[HashGrad-Phase7] Building suffix grammar table (N=500,000,000, suffix_len=3)
[HashGrad-Phase7] Time budget reached at 26,000,000
[HashGrad-Phase7] Done. 26,000,000 tokens processed in 30.03s | 885/1024 suffix slots filled
[HashGrad] Phase 7: Suffix grammar built
[HashGrad] Artifact saved → /workspace/parameter-golf-hdc/records/track_10min_16mb/2026-03-26_HDC_Zero_Track_5Mb/hdc_hashgrad_seed42.hgz | raw=16.53 MB → lzma9=14.97 MB (9.4% reduction) [+fingerprint]

[HashGrad] Running BPB evaluation on validation set...
[ValEval] Pre-allocated 5,000,000 token buffer (0.01 GiB)
[ValEval] Loaded 5,000,000 tokens from fineweb_val_000000.bin
[HashGrad BPB audit]
  total_tokens   : 4,999,999
  total_utf8_bytes: 18,155,470
  avg bytes/token : 3.6311  (explains why BPB << bits/token)
  bits/token      : 0.9908
  nats/token (loss): 0.6868
  BPB = bits/token / bytes/token = 0.9908 / 3.6311 = 0.2729
  (same formula as reference train_gpt.py: bits_per_token * tokens_per_byte)

============================================================
[TensorCore] FINAL RESULTS
BPB: 0.2729  |  Val Loss: 0.6868  |  Time: 627.4s
Code size: 417,486 bytes  |  Total artifact: 16,114,862 bytes
Artifact size check: FAIL (limit: 16,000,000 bytes)
============================================================
[TensorCore] Submission saved → /workspace/parameter-golf-hdc/records/track_10min_16mb/2026-03-26_HDC_Zero_Track_5Mb/submission.json
W0407 14:02:29.034000 140217618776704 torch/distributed/elastic/multiprocessing/api.py:858] Sending process 24940 closing signal SIGTERM
W0407 14:02:29.034000 140217618776704 torch/distributed/elastic/multiprocessing/api.py:858] Sending process 24941 closing signal SIGTERM
W0407 14:02:29.035000 140217618776704 torch/distributed/elastic/multiprocessing/api.py:858] Sending process 24942 closing signal SIGTERM
W0407 14:02:29.035000 140217618776704 torch/distributed/elastic/multiprocessing/api.py:858] Sending process 24943 closing signal SIGTERM
W0407 14:02:29.035000 140217618776704 torch/distributed/elastic/multiprocessing/api.py:858] Sending process 24944 closing signal SIGTERM
W0407 14:02:29.035000 140217618776704 torch/distributed/elastic/multiprocessing/api.py:858] Sending process 24945 closing signal SIGTERM
W0407 14:02:29.035000 140217618776704 torch/distributed/elastic/multiprocessing/api.py:858] Sending process 24946 closing signal SIGTERM
E0407 14:02:30.316000 140217618776704 torch/distributed/elastic/multiprocessing/api.py:833] failed (exitcode: 1) local_rank: 0 (pid: 24939) of binary: /usr/bin/python
Traceback (most recent call last):
  File "/usr/local/bin/torchrun", line 8, in <module>
    sys.exit(main())
             ^^^^^^
  File "/usr/local/lib/python3.11/dist-packages/torch/distributed/elastic/multiprocessing/errors/__init__.py", line 348, in wrapper
    return f(*args, **kwargs)
           ^^^^^^^^^^^^^^^^^^
  File "/usr/local/lib/python3.11/dist-packages/torch/distributed/run.py", line 901, in main
    run(args)
  File "/usr/local/lib/python3.11/dist-packages/torch/distributed/run.py", line 892, in run
    elastic_launch(
  File "/usr/local/lib/python3.11/dist-packages/torch/distributed/launcher/api.py", line 133, in __call__
    return launch_agent(self._config, self._entrypoint, list(args))
           ^^^^^^^^^^^^^^^^^^^^^^^^^^^^^^^^^^^^^^^^^^^^^^^^^^^^^^^^
  File "/usr/local/lib/python3.11/dist-packages/torch/distributed/launcher/api.py", line 264, in launch_agent
    raise ChildFailedError(
torch.distributed.elastic.multiprocessing.errors.ChildFailedError: 
============================================================
train_gpt.py FAILED
------------------------------------------------------------
Failures:
  <NO_OTHER_FAILURES>
------------------------------------------------------------
Root Cause (first observed failure):
[0]:
  time      : 2026-04-07_14:02:29
  host      : 904300ebda37
  rank      : 0 (local_rank: 0)
  exitcode  : 1 (pid: 24939)
  error_file: <N/A>
  traceback : To enable traceback see: https://pytorch.org/docs/stable/elastic/errors.html
============================================================
