W0404 11:21:17.805000 11039 torch/distributed/run.py:803] 
W0404 11:21:17.805000 11039 torch/distributed/run.py:803] *****************************************
W0404 11:21:17.805000 11039 torch/distributed/run.py:803] Setting OMP_NUM_THREADS environment variable for each process to be 1 in default, to avoid your system being overloaded, please further tune the variable for optimal performance in your application as needed. 
W0404 11:21:17.805000 11039 torch/distributed/run.py:803] *****************************************
logs/fadf2319-bdf4-406a-b4f3-a1f8c09c677a.txt
val_bpb:enabled tokenizer_kind=byte260 tokenizer_path=./data/tokenizers/fineweb_pure_byte_260.json
train_loader:dataset:fineweb10B_byte260 train_shards:80
val_loader:shards pattern=./data/datasets/fineweb10B_byte260/fineweb_val_*.bin tokens:151130112
model_params:19983436
architecture:mamba2_ssd d_model:512 d_inner:1024 headdim:64 d_state:64 ngroups:1 d_conv:4 chunk_size:64 num_layers:12
world_size:8 grad_accum_steps:1
tie_embeddings:True embed_lr:0.05 matrix_lr:0.04 scalar_lr:0.04 ssm_lr:0.01
train_batch_tokens:524288 train_seq_len:4096 iterations:20000 warmup_steps:20 max_wallclock_seconds:600.000
seed:314
warmup_step:1/20
warmup_step:2/20
warmup_step:3/20
warmup_step:4/20
warmup_step:5/20
warmup_step:6/20
warmup_step:7/20
warmup_step:8/20
warmup_step:9/20
warmup_step:10/20
warmup_step:11/20
warmup_step:12/20
warmup_step:13/20
warmup_step:14/20
warmup_step:15/20
warmup_step:16/20
warmup_step:17/20
warmup_step:18/20
warmup_step:19/20
warmup_step:20/20
step:0/20000 val_loss:5.5667 val_bpb:8.0337 train_time:0ms step_avg:0.03ms
step:1/20000 train_loss:5.5660 train_time:252ms step_avg:252.23ms
step:2/20000 train_loss:10.9494 train_time:525ms step_avg:262.47ms
step:3/20000 train_loss:4.5636 train_time:827ms step_avg:275.53ms
step:4/20000 train_loss:4.2048 train_time:1129ms step_avg:282.24ms
step:5/20000 train_loss:3.8052 train_time:1431ms step_avg:286.26ms
step:6/20000 train_loss:3.4439 train_time:1734ms step_avg:288.93ms
step:7/20000 train_loss:3.3772 train_time:2036ms step_avg:290.84ms
step:8/20000 train_loss:3.2136 train_time:2338ms step_avg:292.29ms
step:9/20000 train_loss:3.1778 train_time:2641ms step_avg:293.40ms
step:10/20000 train_loss:3.2061 train_time:2943ms step_avg:294.29ms
step:200/20000 train_loss:1.3066 train_time:60429ms step_avg:302.15ms
step:400/20000 train_loss:1.2076 train_time:120815ms step_avg:302.04ms
step:600/20000 train_loss:1.1346 train_time:181184ms step_avg:301.97ms
step:800/20000 train_loss:1.1936 train_time:241585ms step_avg:301.98ms
step:1000/20000 train_loss:1.1269 train_time:302025ms step_avg:302.03ms
step:1000/20000 val_loss:1.1322 val_bpb:1.6339 train_time:302104ms step_avg:302.10ms
step:1200/20000 train_loss:1.1258 train_time:362519ms step_avg:302.10ms
step:1400/20000 train_loss:1.3033 train_time:423005ms step_avg:302.15ms
step:1600/20000 train_loss:1.1145 train_time:483589ms step_avg:302.24ms
step:1800/20000 train_loss:1.1283 train_time:544082ms step_avg:302.27ms
step:1985/20000 val_loss:1.0324 val_bpb:1.4899 train_time:600127ms step_avg:302.33ms
stopping_early: wallclock_cap train_time:600127ms step:1985/20000
peak memory allocated: 30927 MiB reserved: 31688 MiB
Serialized model: 79598347 bytes
Code size: 48878 bytes
Total submission size: 79647225 bytes
Serialized model int8+zlib: 16831913 bytes (payload:20184248 raw_torch:20228377 payload_ratio:3.94x)
Total submission size int8+zlib: 16880791 bytes
final_int8_zlib_roundtrip val_loss:1.0331 val_bpb:1.4910 eval_time:29892ms
final_int8_zlib_roundtrip_exact val_loss:1.03314518 val_bpb:1.49100670
