=== Phase D run, SEED=42 ===
Stack: #1855 base + AsymLogit + AWQ-lite (top-1 64-col group at int8)
Wed Apr 29 18:02:25 UTC 2026
W0429 18:02:26.317000 43164 torch/distributed/run.py:803] 
W0429 18:02:26.317000 43164 torch/distributed/run.py:803] *****************************************
W0429 18:02:26.317000 43164 torch/distributed/run.py:803] Setting OMP_NUM_THREADS environment variable for each process to be 1 in default, to avoid your system being overloaded, please further tune the variable for optimal performance in your application as needed. 
W0429 18:02:26.317000 43164 torch/distributed/run.py:803] *****************************************
Hyperparameters:
  adam_eps: 1e-08
  adam_wd: 0.02
  artifact_dir: 
  attn_clip_sigmas: 13.0
  attn_out_gate_enabled: False
  attn_out_gate_src: proj
  awq_lite_bits: 8
  awq_lite_enabled: True
  awq_lite_group_size: 64
  awq_lite_group_top_k: 1
  beta1: 0.9
  beta2: 0.99
  caseops_enabled: True
  compressor: pergroup
  data_dir: /workspace/pg-data
  datasets_dir: /workspace/pg-data/datasets/fineweb10B_sp8192_lossless_caps_caseops_v1_reserved
  distributed: True
  ema_decay: 0.9965
  embed_bits: 7
  embed_clip_sigmas: 14.0
  embed_lr: 0.6
  embed_wd: 0.085
  enable_looping_at: 0.35
  eval_seq_len: 2048
  eval_stride: 64
  fused_ce_enabled: True
  gate_window: 12
  gated_attn_enabled: False
  gated_attn_init_std: 0.01
  gated_attn_quant_gate: True
  global_ttt_batch_seqs: 32
  global_ttt_chunk_tokens: 32768
  global_ttt_epochs: 1
  global_ttt_grad_clip: 1.0
  global_ttt_lr: 0.001
  global_ttt_momentum: 0.9
  global_ttt_respect_doc_boundaries: True
  global_ttt_warmup_chunks: 0
  global_ttt_warmup_start_lr: 0.0
  gptq_calibration_batches: 16
  gptq_reserve_seconds: 0.5
  grad_accum_steps: 1
  grad_clip_norm: 0.3
  is_main_process: True
  iterations: 20000
  ln_scale: True
  local_rank: 0
  logfile: logs/0f4e29ec-af2d-4101-a092-df338a3b5f68.txt
  logit_softcap: 30.0
  loop_end: 5
  loop_start: 3
  lqer_asym_enabled: True
  lqer_asym_group: 64
  lqer_enabled: True
  lqer_factor_bits: 4
  lqer_gain_select: False
  lqer_rank: 4
  lqer_scope: all
  lqer_top_k: 3
  matrix_bits: 6
  matrix_clip_sigmas: 12.85
  matrix_lr: 0.026
  max_wallclock_seconds: 600.0
  min_lr: 0.1
  mlp_clip_sigmas: 11.5
  mlp_mult: 4.0
  model_dim: 512
  model_path: final_model.pt
  muon_backend_steps: 5
  muon_momentum: 0.97
  muon_momentum_warmup_start: 0.92
  muon_momentum_warmup_steps: 1500
  muon_row_normalize: True
  muon_wd: 0.095
  num_heads: 8
  num_kv_heads: 4
  num_layers: 11
  num_loops: 2
  parallel_final_lane: mean
  parallel_start_layer: 8
  phased_ttt_num_phases: 3
  phased_ttt_prefix_docs: 2500
  qk_gain_init: 5.0
  quantized_model_path: final_model.int6.ptz
  rank: 0
  rope_base: 10000.0
  rope_dims: 16
  rope_train_seq_len: 2048
  rope_yarn: False
  run_id: 0f4e29ec-af2d-4101-a092-df338a3b5f68
  scalar_lr: 0.02
  seed: 42
  skip_gates_enabled: True
  smear_gate_enabled: True
  sparse_attn_gate_enabled: True
  sparse_attn_gate_init_std: 0.0
  sparse_attn_gate_scale: 0.5
  tie_embeddings: True
  tied_embed_init_std: 0.005
  tied_embed_lr: 0.03
  tokenizer_path: /workspace/pg-data/tokenizers/fineweb_8192_bpe_lossless_caps_caseops_v1_reserved.model
  train_batch_tokens: 786432
  train_files: /workspace/pg-data/datasets/fineweb10B_sp8192_lossless_caps_caseops_v1_reserved/fineweb_train_*.bin
  train_log_every: 500
  train_seq_len: 2048
  ttt_batch_size: 64
  ttt_beta1: 0.0
  ttt_beta2: 0.99
  ttt_chunk_size: 48
  ttt_enabled: True
  ttt_eval_batches: 
  ttt_eval_seq_len: 2048
  ttt_grad_steps: 1
  ttt_k_lora: True
  ttt_lora_lr: 0.0001
  ttt_lora_rank: 80
  ttt_mlp_lora: True
  ttt_o_lora: True
  ttt_optimizer: adam
  ttt_weight_decay: 0.5
  val_batch_tokens: 524288
  val_bytes_files: /workspace/pg-data/datasets/fineweb10B_sp8192_lossless_caps_caseops_v1_reserved/fineweb_val_bytes_*.bin
  val_doc_fraction: 1.0
  val_files: /workspace/pg-data/datasets/fineweb10B_sp8192_lossless_caps_caseops_v1_reserved/fineweb_val_*.bin
  val_loss_every: 0
  vocab_size: 8192
  warmdown_frac: 0.85
  warmup_steps: 20
  world_size: 8
  xsa_last_n: 11
train_shards: 1502
val_tokens: 47851520
model_params:35945673
gptq:reserving 0s, effective=599500ms
warmup_cu_buckets:64,128,192,256 iters_each:3
warmup_step: 1/20
warmup_step: 2/20
warmup_step: 3/20
warmup_step: 4/20
warmup_step: 5/20
warmup_step: 6/20
warmup_step: 10/20
warmup_step: 20/20
loop_warmup:enabled encoder:[0, 1, 2, 3, 4, 5, 3, 4] decoder:[5, 3, 4, 5, 6, 7, 8, 9, 10]
loop_warmup_step: 1/20
loop_warmup_step: 2/20
loop_warmup_step: 3/20
loop_warmup_step: 4/20
loop_warmup_step: 5/20
loop_warmup_step: 6/20
loop_warmup_step: 10/20
loop_warmup_step: 20/20
1/20000 train_loss: 9.0073 train_time: 0.0m tok/s: 17602140
2/20000 train_loss: 12.8072 train_time: 0.0m tok/s: 7469968
3/20000 train_loss: 10.1314 train_time: 0.0m tok/s: 7784194
4/20000 train_loss: 8.6350 train_time: 0.0m tok/s: 7921090
5/20000 train_loss: 7.8898 train_time: 0.0m tok/s: 8015166
500/20000 train_loss: 2.7242 train_time: 0.9m tok/s: 7546536
1000/20000 train_loss: 2.7669 train_time: 1.7m tok/s: 7906018
1500/20000 train_loss: 2.5808 train_time: 2.4m tok/s: 8035655
2000/20000 train_loss: 2.6688 train_time: 3.2m tok/s: 8100745
layer_loop:enabled step:2166 frac:0.350 encoder:[0, 1, 2, 3, 4, 5, 3, 4] decoder:[5, 3, 4, 5, 6, 7, 8, 9, 10]
2500/20000 train_loss: 2.4627 train_time: 4.3m tok/s: 7664773
3000/20000 train_loss: 2.5270 train_time: 5.5m tok/s: 7176084
3500/20000 train_loss: 2.4064 train_time: 6.8m tok/s: 6790196
4000/20000 train_loss: 2.4112 train_time: 8.0m tok/s: 6590017
4500/20000 train_loss: 2.2934 train_time: 9.1m tok/s: 6468560
4876/20000 val_loss: 2.3590 val_bpb: 1.0779
stopping_early: wallclock_cap train_time: 599556ms step: 4876/20000
peak memory allocated: 41710 MiB reserved: 47100 MiB
ema:applying EMA weights
diagnostic pre-quantization post-ema val_loss:2.33239143 val_bpb:1.06574266 eval_time:8009ms
Serialized model: 135418111 bytes
Code size (uncompressed): 170298 bytes
Code size (compressed): 34089 bytes
GPTQ:collecting Hessians from calibration data...
GPTQ:collected 67 Hessians in 4.1s
Quantized weights:
  gate_int8_row: blocks.attn.attn_gate_w
  gptq (int6): blocks.attn.c_k.weight, blocks.attn.c_q.weight, blocks.attn.c_v.weight, blocks.attn.proj.weight, blocks.mlp.fc.weight, blocks.mlp.proj.weight
  gptq (int6)+lqer_asym: blocks.mlp.fc.weight
  gptq (int7)+awqgrpint8+lqer_asym: tok_emb.weight
  passthrough (float16): blocks.attn.q_gain, blocks.attn_scale, blocks.mlp_scale, blocks.resid_mix, parallel_post_lambdas, parallel_resid_lambdas, skip_gates, skip_weights, smear_gate.weight, smear_lambda, softcap_neg, softcap_pos
Serialize: per-group lrzip compression...
Serialize: per-group compression done in 117.1s
Serialized model quantized+pergroup: 15944044 bytes
Total submission size quantized+pergroup: 15978133 bytes
Deserialize: per-group lrzip decompression...
Deserialize: decompression done in 20.7s
diagnostic quantized val_loss:2.35110442 val_bpb:1.07429321 eval_time:73143ms
Deserialize: per-group lrzip decompression...
Deserialize: decompression done in 20.8s
ttt_lora:warming up compile (random tokens, no val data)
ttt_lora:compile warmup done (165.5s)

beginning TTT eval timer
ttt_phased: total_docs:50000 prefix_docs:2500 suffix_docs:47500 num_phases:3 boundaries:[833, 1666, 2500]
ttp: b777/782 bl:2.3134 bb:1.0841 rl:2.3134 rb:1.0841 dl:8452-9229 gd:0
ttp: b773/782 bl:2.1988 bb:1.0355 rl:2.2657 rb:1.0639 dl:6104-6447 gd:0
ttp: b767/782 bl:2.2669 bb:1.0726 rl:2.2660 rb:1.0660 dl:4681-4858 gd:0
ttpp: phase:1/3 pd:1296 gd:833 t:232.5s
tttg: c1/131 lr:0.001000 t:1.9s
tttg: c2/131 lr:0.001000 t:2.0s
tttg: c3/131 lr:0.000999 t:2.1s
tttg: c4/131 lr:0.000999 t:2.2s
tttg: c5/131 lr:0.000998 t:2.2s
tttg: c6/131 lr:0.000996 t:2.3s
tttg: c7/131 lr:0.000995 t:2.4s
tttg: c8/131 lr:0.000993 t:2.5s
tttg: c9/131 lr:0.000991 t:2.5s
tttg: c10/131 lr:0.000988 t:2.6s
tttg: c11/131 lr:0.000985 t:2.7s
tttg: c12/131 lr:0.000982 t:2.8s
tttg: c13/131 lr:0.000979 t:2.8s
tttg: c14/131 lr:0.000976 t:2.9s
tttg: c15/131 lr:0.000972 t:3.0s
tttg: c16/131 lr:0.000968 t:3.1s
tttg: c17/131 lr:0.000963 t:3.2s
tttg: c18/131 lr:0.000958 t:3.2s
tttg: c19/131 lr:0.000953 t:3.3s
tttg: c20/131 lr:0.000948 t:3.4s
tttg: c21/131 lr:0.000943 t:3.5s
tttg: c22/131 lr:0.000937 t:3.5s
tttg: c23/131 lr:0.000931 t:3.6s
tttg: c24/131 lr:0.000925 t:3.7s
tttg: c25/131 lr:0.000918 t:3.8s
tttg: c26/131 lr:0.000911 t:3.8s
tttg: c27/131 lr:0.000905 t:3.9s
tttg: c28/131 lr:0.000897 t:4.0s
tttg: c29/131 lr:0.000890 t:4.1s
tttg: c30/131 lr:0.000882 t:4.2s
tttg: c31/131 lr:0.000874 t:4.2s
tttg: c32/131 lr:0.000866 t:4.3s
tttg: c33/131 lr:0.000858 t:4.4s
tttg: c34/131 lr:0.000849 t:4.5s
tttg: c35/131 lr:0.000841 t:4.5s
tttg: c36/131 lr:0.000832 t:4.6s
tttg: c37/131 lr:0.000822 t:4.7s
tttg: c38/131 lr:0.000813 t:4.8s
tttg: c39/131 lr:0.000804 t:4.8s
tttg: c40/131 lr:0.000794 t:4.9s
tttg: c41/131 lr:0.000784 t:5.0s
tttg: c42/131 lr:0.000774 t:5.1s
tttg: c43/131 lr:0.000764 t:5.1s
tttg: c44/131 lr:0.000753 t:5.2s
tttg: c45/131 lr:0.000743 t:5.3s
tttg: c46/131 lr:0.000732 t:5.4s
tttg: c47/131 lr:0.000722 t:5.5s
tttg: c48/131 lr:0.000711 t:5.5s
tttg: c49/131 lr:0.000700 t:5.6s
tttg: c50/131 lr:0.000689 t:5.7s
tttg: c51/131 lr:0.000677 t:5.8s
tttg: c52/131 lr:0.000666 t:5.8s
tttg: c53/131 lr:0.000655 t:5.9s
tttg: c54/131 lr:0.000643 t:6.0s
tttg: c55/131 lr:0.000631 t:6.1s
tttg: c56/131 lr:0.000620 t:6.2s
tttg: c57/131 lr:0.000608 t:6.2s
tttg: c58/131 lr:0.000596 t:6.3s
tttg: c59/131 lr:0.000584 t:6.4s
tttg: c60/131 lr:0.000572 t:6.5s
tttg: c61/131 lr:0.000560 t:6.5s
tttg: c62/131 lr:0.000548 t:6.6s
tttg: c63/131 lr:0.000536 t:6.7s
tttg: c64/131 lr:0.000524 t:6.8s
tttg: c65/131 lr:0.000512 t:6.9s
tttg: c66/131 lr:0.000500 t:6.9s
tttg: c67/131 lr:0.000488 t:7.0s
tttg: c68/131 lr:0.000476 t:7.1s
tttg: c69/131 lr:0.000464 t:7.2s
tttg: c70/131 lr:0.000452 t:7.2s
tttg: c71/131 lr:0.000440 t:7.3s
tttg: c72/131 lr:0.000428 t:7.4s
tttg: c73/131 lr:0.000416 t:7.5s
tttg: c74/131 lr:0.000404 t:7.6s
tttg: c75/131 lr:0.000392 t:7.6s
tttg: c76/131 lr:0.000380 t:7.7s
tttg: c77/131 lr:0.000369 t:7.8s
tttg: c78/131 lr:0.000357 t:7.9s
tttg: c79/131 lr:0.000345 t:8.0s
tttg: c80/131 lr:0.000334 t:8.0s
tttg: c81/131 lr:0.000323 t:8.1s
tttg: c82/131 lr:0.000311 t:8.2s
tttg: c83/131 lr:0.000300 t:8.3s
tttg: c84/131 lr:0.000289 t:8.3s
tttg: c85/131 lr:0.000278 t:8.4s
tttg: c86/131 lr:0.000268 t:8.5s
tttg: c87/131 lr:0.000257 t:8.6s
tttg: c88/131 lr:0.000247 t:8.6s
tttg: c89/131 lr:0.000236 t:8.7s
tttg: c90/131 lr:0.000226 t:8.8s
tttg: c91/131 lr:0.000216 t:8.9s
tttg: c92/131 lr:0.000206 t:9.0s
tttg: c93/131 lr:0.000196 t:9.0s
tttg: c94/131 lr:0.000187 t:9.1s
tttg: c95/131 lr:0.000178 t:9.2s
tttg: c96/131 lr:0.000168 t:9.3s
tttg: c97/131 lr:0.000159 t:9.3s
tttg: c98/131 lr:0.000151 t:9.4s
tttg: c99/131 lr:0.000142 t:9.5s
tttg: c100/131 lr:0.000134 t:9.6s
tttg: c101/131 lr:0.000126 t:9.6s
tttg: c102/131 lr:0.000118 t:9.7s
tttg: c103/131 lr:0.000110 t:9.8s
tttg: c104/131 lr:0.000103 t:9.9s
tttg: c105/131 lr:0.000095 t:10.0s
tttg: c106/131 lr:0.000089 t:10.0s
tttg: c107/131 lr:0.000082 t:10.1s
tttg: c108/131 lr:0.000075 t:10.2s
tttg: c109/131 lr:0.000069 t:10.3s
tttg: c110/131 lr:0.000063 t:10.3s
tttg: c111/131 lr:0.000057 t:10.4s
tttg: c112/131 lr:0.000052 t:10.5s
tttg: c113/131 lr:0.000047 t:10.6s
tttg: c114/131 lr:0.000042 t:10.7s
tttg: c115/131 lr:0.000037 t:10.7s
tttg: c116/131 lr:0.000032 t:10.8s
tttg: c117/131 lr:0.000028 t:10.9s
tttg: c118/131 lr:0.000024 t:11.0s
tttg: c119/131 lr:0.000021 t:11.0s
tttg: c120/131 lr:0.000018 t:11.1s
tttg: c121/131 lr:0.000015 t:11.2s
tttg: c122/131 lr:0.000012 t:11.3s
tttg: c123/131 lr:0.000009 t:11.4s
tttg: c124/131 lr:0.000007 t:11.4s
tttg: c125/131 lr:0.000005 t:11.5s
tttg: c126/131 lr:0.000004 t:11.6s
tttg: c127/131 lr:0.000002 t:11.7s
tttg: c128/131 lr:0.000001 t:11.8s
tttg: c129/131 lr:0.000001 t:11.8s
tttg: c130/131 lr:0.000000 t:11.9s
ttpr: phase:1/3 t:246.0s
ttp: b756/782 bl:2.3316 bb:1.0377 rl:2.2758 rb:1.0616 dl:3466-3549 gd:0
ttp: b751/782 bl:2.3146 bb:1.0361 rl:2.2805 rb:1.0584 dl:3150-3221 gd:0
ttpp: phase:2/3 pd:2128 gd:1666 t:371.3s
tttg: c1/219 lr:0.001000 t:0.1s
tttg: c2/219 lr:0.001000 t:0.2s
tttg: c3/219 lr:0.001000 t:0.2s
tttg: c4/219 lr:0.001000 t:0.3s
tttg: c5/219 lr:0.000999 t:0.4s
tttg: c6/219 lr:0.000999 t:0.5s
tttg: c7/219 lr:0.000998 t:0.5s
tttg: c8/219 lr:0.000997 t:0.6s
tttg: c9/219 lr:0.000997 t:0.7s
tttg: c10/219 lr:0.000996 t:0.7s
tttg: c11/219 lr:0.000995 t:0.8s
tttg: c12/219 lr:0.000994 t:0.9s
tttg: c13/219 lr:0.000993 t:1.0s
tttg: c14/219 lr:0.000991 t:1.1s
tttg: c15/219 lr:0.000990 t:1.1s
tttg: c16/219 lr:0.000988 t:1.2s
tttg: c17/219 lr:0.000987 t:1.3s
tttg: c18/219 lr:0.000985 t:1.4s
tttg: c19/219 lr:0.000983 t:1.4s
tttg: c20/219 lr:0.000981 t:1.5s
tttg: c21/219 lr:0.000979 t:1.6s
tttg: c22/219 lr:0.000977 t:1.7s
tttg: c23/219 lr:0.000975 t:1.8s
tttg: c24/219 lr:0.000973 t:1.8s
tttg: c25/219 lr:0.000970 t:1.9s
tttg: c26/219 lr:0.000968 t:2.0s
tttg: c27/219 lr:0.000965 t:2.1s
tttg: c28/219 lr:0.000963 t:2.1s
tttg: c29/219 lr:0.000960 t:2.2s
tttg: c30/219 lr:0.000957 t:2.3s
tttg: c31/219 lr:0.000954 t:2.4s
tttg: c32/219 lr:0.000951 t:2.5s
tttg: c33/219 lr:0.000948 t:2.5s
tttg: c34/219 lr:0.000945 t:2.6s
tttg: c35/219 lr:0.000941 t:2.7s
tttg: c36/219 lr:0.000938 t:2.8s
tttg: c37/219 lr:0.000934 t:2.8s
tttg: c38/219 lr:0.000931 t:2.9s
tttg: c39/219 lr:0.000927 t:3.0s
tttg: c40/219 lr:0.000923 t:3.1s
tttg: c41/219 lr:0.000919 t:3.2s
tttg: c42/219 lr:0.000915 t:3.2s
tttg: c43/219 lr:0.000911 t:3.3s
tttg: c44/219 lr:0.000907 t:3.4s
tttg: c45/219 lr:0.000903 t:3.5s
tttg: c46/219 lr:0.000898 t:3.6s
tttg: c47/219 lr:0.000894 t:3.6s
tttg: c48/219 lr:0.000890 t:3.7s
tttg: c49/219 lr:0.000885 t:3.8s
tttg: c50/219 lr:0.000880 t:3.9s
tttg: c51/219 lr:0.000876 t:3.9s
tttg: c52/219 lr:0.000871 t:4.0s
tttg: c53/219 lr:0.000866 t:4.1s
tttg: c54/219 lr:0.000861 t:4.2s
tttg: c55/219 lr:0.000856 t:4.2s
tttg: c56/219 lr:0.000851 t:4.3s
tttg: c57/219 lr:0.000846 t:4.4s
tttg: c58/219 lr:0.000841 t:4.5s
tttg: c59/219 lr:0.000835 t:4.6s
tttg: c60/219 lr:0.000830 t:4.6s
tttg: c61/219 lr:0.000824 t:4.7s
tttg: c62/219 lr:0.000819 t:4.8s
tttg: c63/219 lr:0.000813 t:4.9s
tttg: c64/219 lr:0.000808 t:5.0s
tttg: c65/219 lr:0.000802 t:5.0s
tttg: c66/219 lr:0.000796 t:5.1s
tttg: c67/219 lr:0.000790 t:5.2s
tttg: c68/219 lr:0.000784 t:5.3s
tttg: c69/219 lr:0.000779 t:5.3s
tttg: c70/219 lr:0.000773 t:5.4s
tttg: c71/219 lr:0.000766 t:5.5s
tttg: c72/219 lr:0.000760 t:5.6s
tttg: c73/219 lr:0.000754 t:5.6s
tttg: c74/219 lr:0.000748 t:5.7s
tttg: c75/219 lr:0.000742 t:5.8s
tttg: c76/219 lr:0.000735 t:5.9s
tttg: c77/219 lr:0.000729 t:6.0s
tttg: c78/219 lr:0.000722 t:6.0s
tttg: c79/219 lr:0.000716 t:6.1s
tttg: c80/219 lr:0.000709 t:6.2s
tttg: c81/219 lr:0.000703 t:6.3s
tttg: c82/219 lr:0.000696 t:6.4s
tttg: c83/219 lr:0.000690 t:6.4s
tttg: c84/219 lr:0.000683 t:6.5s
tttg: c85/219 lr:0.000676 t:6.6s
tttg: c86/219 lr:0.000670 t:6.7s
tttg: c87/219 lr:0.000663 t:6.8s
tttg: c88/219 lr:0.000656 t:6.8s
tttg: c89/219 lr:0.000649 t:6.9s
tttg: c90/219 lr:0.000642 t:7.0s
tttg: c91/219 lr:0.000635 t:7.1s
tttg: c92/219 lr:0.000628 t:7.1s
tttg: c93/219 lr:0.000621 t:7.2s
tttg: c94/219 lr:0.000614 t:7.3s
tttg: c95/219 lr:0.000607 t:7.4s
tttg: c96/219 lr:0.000600 t:7.4s
tttg: c97/219 lr:0.000593 t:7.5s
tttg: c98/219 lr:0.000586 t:7.6s
tttg: c99/219 lr:0.000579 t:7.7s
tttg: c100/219 lr:0.000572 t:7.7s
tttg: c101/219 lr:0.000565 t:7.8s
tttg: c102/219 lr:0.000558 t:7.9s
tttg: c103/219 lr:0.000550 t:8.0s
tttg: c104/219 lr:0.000543 t:8.1s
tttg: c105/219 lr:0.000536 t:8.2s
tttg: c106/219 lr:0.000529 t:8.2s
tttg: c107/219 lr:0.000522 t:8.3s
tttg: c108/219 lr:0.000514 t:8.4s
tttg: c109/219 lr:0.000507 t:8.5s
tttg: c110/219 lr:0.000500 t:8.6s
tttg: c111/219 lr:0.000493 t:8.6s
tttg: c112/219 lr:0.000486 t:8.7s
tttg: c113/219 lr:0.000478 t:8.8s
tttg: c114/219 lr:0.000471 t:8.9s
tttg: c115/219 lr:0.000464 t:8.9s
tttg: c116/219 lr:0.000457 t:9.0s
tttg: c117/219 lr:0.000450 t:9.1s
tttg: c118/219 lr:0.000442 t:9.2s
tttg: c119/219 lr:0.000435 t:9.2s
tttg: c120/219 lr:0.000428 t:9.3s
tttg: c121/219 lr:0.000421 t:9.4s
tttg: c122/219 lr:0.000414 t:9.5s
tttg: c123/219 lr:0.000407 t:9.5s
tttg: c124/219 lr:0.000400 t:9.6s
tttg: c125/219 lr:0.000393 t:9.7s
tttg: c126/219 lr:0.000386 t:9.8s
tttg: c127/219 lr:0.000379 t:9.9s
tttg: c128/219 lr:0.000372 t:9.9s
tttg: c129/219 lr:0.000365 t:10.0s
tttg: c130/219 lr:0.000358 t:10.1s
tttg: c131/219 lr:0.000351 t:10.2s
tttg: c132/219 lr:0.000344 t:10.3s
tttg: c133/219 lr:0.000337 t:10.3s
tttg: c134/219 lr:0.000330 t:10.4s
tttg: c135/219 lr:0.000324 t:10.5s
tttg: c136/219 lr:0.000317 t:10.6s
tttg: c137/219 lr:0.000310 t:10.6s
tttg: c138/219 lr:0.000304 t:10.7s
tttg: c139/219 lr:0.000297 t:10.8s
tttg: c140/219 lr:0.000291 t:10.9s
tttg: c141/219 lr:0.000284 t:10.9s
tttg: c142/219 lr:0.000278 t:11.0s
tttg: c143/219 lr:0.000271 t:11.1s
tttg: c144/219 lr:0.000265 t:11.2s
tttg: c145/219 lr:0.000258 t:11.3s
tttg: c146/219 lr:0.000252 t:11.3s
tttg: c147/219 lr:0.000246 t:11.4s
tttg: c148/219 lr:0.000240 t:11.5s
tttg: c149/219 lr:0.000234 t:11.6s
tttg: c150/219 lr:0.000227 t:11.7s
tttg: c151/219 lr:0.000221 t:11.7s
tttg: c152/219 lr:0.000216 t:11.8s
tttg: c153/219 lr:0.000210 t:11.9s
tttg: c154/219 lr:0.000204 t:12.0s
tttg: c155/219 lr:0.000198 t:12.0s
tttg: c156/219 lr:0.000192 t:12.1s
tttg: c157/219 lr:0.000187 t:12.2s
tttg: c158/219 lr:0.000181 t:12.3s
tttg: c159/219 lr:0.000176 t:12.3s
tttg: c160/219 lr:0.000170 t:12.4s
tttg: c161/219 lr:0.000165 t:12.5s
tttg: c162/219 lr:0.000159 t:12.6s
tttg: c163/219 lr:0.000154 t:12.6s
tttg: c164/219 lr:0.000149 t:12.7s
tttg: c165/219 lr:0.000144 t:12.8s
tttg: c166/219 lr:0.000139 t:12.9s
tttg: c167/219 lr:0.000134 t:13.0s
tttg: c168/219 lr:0.000129 t:13.0s
tttg: c169/219 lr:0.000124 t:13.1s
tttg: c170/219 lr:0.000120 t:13.2s
tttg: c171/219 lr:0.000115 t:13.3s
tttg: c172/219 lr:0.000110 t:13.4s
tttg: c173/219 lr:0.000106 t:13.4s
tttg: c174/219 lr:0.000102 t:13.5s
tttg: c175/219 lr:0.000097 t:13.6s
tttg: c176/219 lr:0.000093 t:13.7s
tttg: c177/219 lr:0.000089 t:13.7s
tttg: c178/219 lr:0.000085 t:13.8s
tttg: c179/219 lr:0.000081 t:13.9s
tttg: c180/219 lr:0.000077 t:14.0s
tttg: c181/219 lr:0.000073 t:14.0s
tttg: c182/219 lr:0.000069 t:14.1s
tttg: c183/219 lr:0.000066 t:14.2s
tttg: c184/219 lr:0.000062 t:14.3s
tttg: c185/219 lr:0.000059 t:14.4s
tttg: c186/219 lr:0.000055 t:14.4s
tttg: c187/219 lr:0.000052 t:14.5s
tttg: c188/219 lr:0.000049 t:14.6s
tttg: c189/219 lr:0.000046 t:14.7s
tttg: c190/219 lr:0.000043 t:14.7s
tttg: c191/219 lr:0.000040 t:14.8s
tttg: c192/219 lr:0.000037 t:14.9s
tttg: c193/219 lr:0.000035 t:15.0s
tttg: c194/219 lr:0.000032 t:15.1s
tttg: c195/219 lr:0.000030 t:15.1s
tttg: c196/219 lr:0.000027 t:15.2s
tttg: c197/219 lr:0.000025 t:15.3s
tttg: c198/219 lr:0.000023 t:15.4s
tttg: c199/219 lr:0.000021 t:15.4s
tttg: c200/219 lr:0.000019 t:15.5s
tttg: c201/219 lr:0.000017 t:15.6s
tttg: c202/219 lr:0.000015 t:15.7s
tttg: c203/219 lr:0.000013 t:15.7s
tttg: c204/219 lr:0.000012 t:15.8s
tttg: c205/219 lr:0.000010 t:15.9s
tttg: c206/219 lr:0.000009 t:16.0s
tttg: c207/219 lr:0.000007 t:16.0s
tttg: c208/219 lr:0.000006 t:16.1s
tttg: c209/219 lr:0.000005 t:16.2s
tttg: c210/219 lr:0.000004 t:16.3s
tttg: c211/219 lr:0.000003 t:16.4s
tttg: c212/219 lr:0.000003 t:16.4s
tttg: c213/219 lr:0.000002 t:16.5s
tttg: c214/219 lr:0.000001 t:16.6s
tttg: c215/219 lr:0.000001 t:16.7s
tttg: c216/219 lr:0.000000 t:16.8s
tttg: c217/219 lr:0.000000 t:16.8s
tttg: c218/219 lr:0.000000 t:16.9s
ttpr: phase:2/3 t:389.9s
ttp: b745/782 bl:2.2396 bb:1.0253 rl:2.2765 rb:1.0551 dl:2842-2883 gd:0
ttp: b736/782 bl:2.2429 bb:1.0567 rl:2.2738 rb:1.0553 dl:2526-2550 gd:0
ttpp: phase:3/3 pd:2960 gd:2500 t:405.3s
tttg: c1/289 lr:0.001000 t:0.1s
tttg: c2/289 lr:0.001000 t:0.1s
tttg: c3/289 lr:0.001000 t:0.2s
tttg: c4/289 lr:0.001000 t:0.3s
tttg: c5/289 lr:0.001000 t:0.4s
tttg: c6/289 lr:0.000999 t:0.4s
tttg: c7/289 lr:0.000999 t:0.5s
tttg: c8/289 lr:0.000999 t:0.6s
tttg: c9/289 lr:0.000998 t:0.7s
tttg: c10/289 lr:0.000998 t:0.7s
tttg: c11/289 lr:0.000997 t:0.8s
tttg: c12/289 lr:0.000996 t:0.9s
tttg: c13/289 lr:0.000996 t:1.0s
tttg: c14/289 lr:0.000995 t:1.1s
tttg: c15/289 lr:0.000994 t:1.1s
tttg: c16/289 lr:0.000993 t:1.2s
tttg: c17/289 lr:0.000992 t:1.3s
tttg: c18/289 lr:0.000991 t:1.4s
tttg: c19/289 lr:0.000990 t:1.4s
tttg: c20/289 lr:0.000989 t:1.5s
tttg: c21/289 lr:0.000988 t:1.6s
tttg: c22/289 lr:0.000987 t:1.7s
tttg: c23/289 lr:0.000986 t:1.8s
tttg: c24/289 lr:0.000984 t:1.8s
tttg: c25/289 lr:0.000983 t:1.9s
tttg: c26/289 lr:0.000982 t:2.0s
tttg: c27/289 lr:0.000980 t:2.1s
tttg: c28/289 lr:0.000978 t:2.1s
tttg: c29/289 lr:0.000977 t:2.2s
tttg: c30/289 lr:0.000975 t:2.3s
tttg: c31/289 lr:0.000973 t:2.4s
tttg: c32/289 lr:0.000972 t:2.5s
tttg: c33/289 lr:0.000970 t:2.5s
tttg: c34/289 lr:0.000968 t:2.6s
tttg: c35/289 lr:0.000966 t:2.7s
tttg: c36/289 lr:0.000964 t:2.8s
tttg: c37/289 lr:0.000962 t:2.8s
tttg: c38/289 lr:0.000960 t:2.9s
tttg: c39/289 lr:0.000958 t:3.0s
tttg: c40/289 lr:0.000955 t:3.1s
tttg: c41/289 lr:0.000953 t:3.1s
tttg: c42/289 lr:0.000951 t:3.2s
tttg: c43/289 lr:0.000948 t:3.3s
tttg: c44/289 lr:0.000946 t:3.4s
tttg: c45/289 lr:0.000944 t:3.4s
tttg: c46/289 lr:0.000941 t:3.5s
tttg: c47/289 lr:0.000938 t:3.6s
tttg: c48/289 lr:0.000936 t:3.7s
tttg: c49/289 lr:0.000933 t:3.8s
tttg: c50/289 lr:0.000930 t:3.8s
tttg: c51/289 lr:0.000927 t:3.9s
tttg: c52/289 lr:0.000925 t:4.0s
tttg: c53/289 lr:0.000922 t:4.1s
tttg: c54/289 lr:0.000919 t:4.2s
tttg: c55/289 lr:0.000916 t:4.2s
tttg: c56/289 lr:0.000913 t:4.3s
tttg: c57/289 lr:0.000910 t:4.4s
tttg: c58/289 lr:0.000906 t:4.5s
tttg: c59/289 lr:0.000903 t:4.5s
tttg: c60/289 lr:0.000900 t:4.6s
tttg: c61/289 lr:0.000897 t:4.7s
tttg: c62/289 lr:0.000893 t:4.8s
tttg: c63/289 lr:0.000890 t:4.8s
tttg: c64/289 lr:0.000887 t:4.9s
tttg: c65/289 lr:0.000883 t:5.0s
tttg: c66/289 lr:0.000879 t:5.1s
tttg: c67/289 lr:0.000876 t:5.2s
tttg: c68/289 lr:0.000872 t:5.2s
tttg: c69/289 lr:0.000869 t:5.3s
tttg: c70/289 lr:0.000865 t:5.4s
tttg: c71/289 lr:0.000861 t:5.5s
tttg: c72/289 lr:0.000857 t:5.5s
tttg: c73/289 lr:0.000854 t:5.6s
tttg: c74/289 lr:0.000850 t:5.7s
tttg: c75/289 lr:0.000846 t:5.8s
tttg: c76/289 lr:0.000842 t:5.9s
tttg: c77/289 lr:0.000838 t:5.9s
tttg: c78/289 lr:0.000834 t:6.0s
tttg: c79/289 lr:0.000830 t:6.1s
tttg: c80/289 lr:0.000826 t:6.2s
tttg: c81/289 lr:0.000821 t:6.3s
tttg: c82/289 lr:0.000817 t:6.3s
tttg: c83/289 lr:0.000813 t:6.4s
tttg: c84/289 lr:0.000809 t:6.5s
tttg: c85/289 lr:0.000804 t:6.6s
tttg: c86/289 lr:0.000800 t:6.6s
tttg: c87/289 lr:0.000796 t:6.7s
tttg: c88/289 lr:0.000791 t:6.8s
tttg: c89/289 lr:0.000787 t:6.9s
tttg: c90/289 lr:0.000782 t:6.9s
tttg: c91/289 lr:0.000778 t:7.0s
tttg: c92/289 lr:0.000773 t:7.1s
tttg: c93/289 lr:0.000769 t:7.2s
tttg: c94/289 lr:0.000764 t:7.3s
tttg: c95/289 lr:0.000759 t:7.3s
tttg: c96/289 lr:0.000755 t:7.4s
tttg: c97/289 lr:0.000750 t:7.5s
tttg: c98/289 lr:0.000745 t:7.6s
tttg: c99/289 lr:0.000740 t:7.6s
tttg: c100/289 lr:0.000736 t:7.7s
tttg: c101/289 lr:0.000731 t:7.8s
tttg: c102/289 lr:0.000726 t:7.9s
tttg: c103/289 lr:0.000721 t:8.0s
tttg: c104/289 lr:0.000716 t:8.0s
tttg: c105/289 lr:0.000711 t:8.1s
tttg: c106/289 lr:0.000706 t:8.2s
tttg: c107/289 lr:0.000701 t:8.3s
tttg: c108/289 lr:0.000696 t:8.3s
tttg: c109/289 lr:0.000691 t:8.4s
tttg: c110/289 lr:0.000686 t:8.5s
tttg: c111/289 lr:0.000681 t:8.6s
tttg: c112/289 lr:0.000676 t:8.6s
tttg: c113/289 lr:0.000671 t:8.7s
tttg: c114/289 lr:0.000666 t:8.8s
tttg: c115/289 lr:0.000661 t:8.9s
tttg: c116/289 lr:0.000656 t:9.0s
tttg: c117/289 lr:0.000650 t:9.0s
tttg: c118/289 lr:0.000645 t:9.1s
tttg: c119/289 lr:0.000640 t:9.2s
tttg: c120/289 lr:0.000635 t:9.3s
tttg: c121/289 lr:0.000629 t:9.3s
tttg: c122/289 lr:0.000624 t:9.4s
tttg: c123/289 lr:0.000619 t:9.5s
tttg: c124/289 lr:0.000614 t:9.6s
tttg: c125/289 lr:0.000608 t:9.6s
tttg: c126/289 lr:0.000603 t:9.7s
tttg: c127/289 lr:0.000598 t:9.8s
tttg: c128/289 lr:0.000592 t:9.9s
tttg: c129/289 lr:0.000587 t:10.0s
tttg: c130/289 lr:0.000581 t:10.0s
tttg: c131/289 lr:0.000576 t:10.1s
tttg: c132/289 lr:0.000571 t:10.2s
tttg: c133/289 lr:0.000565 t:10.3s
tttg: c134/289 lr:0.000560 t:10.3s
tttg: c135/289 lr:0.000554 t:10.4s
tttg: c136/289 lr:0.000549 t:10.5s
tttg: c137/289 lr:0.000544 t:10.6s
tttg: c138/289 lr:0.000538 t:10.6s
tttg: c139/289 lr:0.000533 t:10.7s
tttg: c140/289 lr:0.000527 t:10.8s
tttg: c141/289 lr:0.000522 t:10.9s
tttg: c142/289 lr:0.000516 t:10.9s
tttg: c143/289 lr:0.000511 t:11.0s
tttg: c144/289 lr:0.000505 t:11.1s
tttg: c145/289 lr:0.000500 t:11.2s
tttg: c146/289 lr:0.000495 t:11.3s
tttg: c147/289 lr:0.000489 t:11.3s
tttg: c148/289 lr:0.000484 t:11.4s
tttg: c149/289 lr:0.000478 t:11.5s
tttg: c150/289 lr:0.000473 t:11.6s
tttg: c151/289 lr:0.000467 t:11.6s
tttg: c152/289 lr:0.000462 t:11.7s
tttg: c153/289 lr:0.000456 t:11.8s
tttg: c154/289 lr:0.000451 t:11.9s
tttg: c155/289 lr:0.000446 t:11.9s
tttg: c156/289 lr:0.000440 t:12.0s
tttg: c157/289 lr:0.000435 t:12.1s
tttg: c158/289 lr:0.000429 t:12.2s
tttg: c159/289 lr:0.000424 t:12.3s
tttg: c160/289 lr:0.000419 t:12.4s
tttg: c161/289 lr:0.000413 t:12.4s
tttg: c162/289 lr:0.000408 t:12.5s
tttg: c163/289 lr:0.000402 t:12.6s
tttg: c164/289 lr:0.000397 t:12.7s
tttg: c165/289 lr:0.000392 t:12.7s
tttg: c166/289 lr:0.000386 t:12.8s
tttg: c167/289 lr:0.000381 t:12.9s
tttg: c168/289 lr:0.000376 t:13.0s
tttg: c169/289 lr:0.000371 t:13.0s
tttg: c170/289 lr:0.000365 t:13.1s
tttg: c171/289 lr:0.000360 t:13.2s
tttg: c172/289 lr:0.000355 t:13.3s
tttg: c173/289 lr:0.000350 t:13.3s
tttg: c174/289 lr:0.000344 t:13.4s
tttg: c175/289 lr:0.000339 t:13.5s
tttg: c176/289 lr:0.000334 t:13.6s
tttg: c177/289 lr:0.000329 t:13.7s
tttg: c178/289 lr:0.000324 t:13.7s
tttg: c179/289 lr:0.000319 t:13.8s
tttg: c180/289 lr:0.000314 t:13.9s
tttg: c181/289 lr:0.000309 t:14.0s
tttg: c182/289 lr:0.000304 t:14.0s
tttg: c183/289 lr:0.000299 t:14.1s
tttg: c184/289 lr:0.000294 t:14.2s
tttg: c185/289 lr:0.000289 t:14.3s
tttg: c186/289 lr:0.000284 t:14.4s
tttg: c187/289 lr:0.000279 t:14.4s
tttg: c188/289 lr:0.000274 t:14.5s
tttg: c189/289 lr:0.000269 t:14.6s
tttg: c190/289 lr:0.000264 t:14.7s
tttg: c191/289 lr:0.000260 t:14.7s
tttg: c192/289 lr:0.000255 t:14.8s
tttg: c193/289 lr:0.000250 t:14.9s
tttg: c194/289 lr:0.000245 t:15.0s
tttg: c195/289 lr:0.000241 t:15.0s
tttg: c196/289 lr:0.000236 t:15.1s
tttg: c197/289 lr:0.000231 t:15.2s
tttg: c198/289 lr:0.000227 t:15.3s
tttg: c199/289 lr:0.000222 t:15.4s
tttg: c200/289 lr:0.000218 t:15.4s
tttg: c201/289 lr:0.000213 t:15.5s
tttg: c202/289 lr:0.000209 t:15.6s
tttg: c203/289 lr:0.000204 t:15.7s
tttg: c204/289 lr:0.000200 t:15.7s
tttg: c205/289 lr:0.000196 t:15.8s
tttg: c206/289 lr:0.000191 t:15.9s
tttg: c207/289 lr:0.000187 t:16.0s
tttg: c208/289 lr:0.000183 t:16.1s
tttg: c209/289 lr:0.000179 t:16.1s
tttg: c210/289 lr:0.000174 t:16.2s
tttg: c211/289 lr:0.000170 t:16.3s
tttg: c212/289 lr:0.000166 t:16.4s
tttg: c213/289 lr:0.000162 t:16.5s
tttg: c214/289 lr:0.000158 t:16.5s
tttg: c215/289 lr:0.000154 t:16.6s
tttg: c216/289 lr:0.000150 t:16.7s
tttg: c217/289 lr:0.000146 t:16.8s
tttg: c218/289 lr:0.000143 t:16.8s
tttg: c219/289 lr:0.000139 t:16.9s
tttg: c220/289 lr:0.000135 t:17.0s
tttg: c221/289 lr:0.000131 t:17.1s
tttg: c222/289 lr:0.000128 t:17.1s
tttg: c223/289 lr:0.000124 t:17.2s
tttg: c224/289 lr:0.000121 t:17.3s
tttg: c225/289 lr:0.000117 t:17.4s
tttg: c226/289 lr:0.000113 t:17.5s
tttg: c227/289 lr:0.000110 t:17.5s
tttg: c228/289 lr:0.000107 t:17.6s
tttg: c229/289 lr:0.000103 t:17.7s
tttg: c230/289 lr:0.000100 t:17.8s
tttg: c231/289 lr:0.000097 t:17.9s
tttg: c232/289 lr:0.000094 t:17.9s
tttg: c233/289 lr:0.000090 t:18.0s
tttg: c234/289 lr:0.000087 t:18.1s
tttg: c235/289 lr:0.000084 t:18.2s
tttg: c236/289 lr:0.000081 t:18.2s
tttg: c237/289 lr:0.000078 t:18.3s
tttg: c238/289 lr:0.000075 t:18.4s
tttg: c239/289 lr:0.000073 t:18.5s
tttg: c240/289 lr:0.000070 t:18.5s
tttg: c241/289 lr:0.000067 t:18.6s
tttg: c242/289 lr:0.000064 t:18.7s
tttg: c243/289 lr:0.000062 t:18.8s
tttg: c244/289 lr:0.000059 t:18.9s
tttg: c245/289 lr:0.000056 t:18.9s
tttg: c246/289 lr:0.000054 t:19.0s
tttg: c247/289 lr:0.000052 t:19.1s
tttg: c248/289 lr:0.000049 t:19.2s
tttg: c249/289 lr:0.000047 t:19.3s
tttg: c250/289 lr:0.000045 t:19.3s
tttg: c251/289 lr:0.000042 t:19.4s
tttg: c252/289 lr:0.000040 t:19.5s
tttg: c253/289 lr:0.000038 t:19.6s
tttg: c254/289 lr:0.000036 t:19.6s
tttg: c255/289 lr:0.000034 t:19.7s
tttg: c256/289 lr:0.000032 t:19.8s
tttg: c257/289 lr:0.000030 t:19.9s
tttg: c258/289 lr:0.000028 t:20.0s
tttg: c259/289 lr:0.000027 t:20.0s
tttg: c260/289 lr:0.000025 t:20.1s
tttg: c261/289 lr:0.000023 t:20.2s
tttg: c262/289 lr:0.000022 t:20.3s
tttg: c263/289 lr:0.000020 t:20.3s
tttg: c264/289 lr:0.000018 t:20.4s
tttg: c265/289 lr:0.000017 t:20.5s
tttg: c266/289 lr:0.000016 t:20.6s
tttg: c267/289 lr:0.000014 t:20.6s
tttg: c268/289 lr:0.000013 t:20.7s
tttg: c269/289 lr:0.000012 t:20.8s
tttg: c270/289 lr:0.000011 t:20.9s
tttg: c271/289 lr:0.000010 t:21.0s
tttg: c272/289 lr:0.000009 t:21.0s
tttg: c273/289 lr:0.000008 t:21.1s
tttg: c274/289 lr:0.000007 t:21.2s
tttg: c275/289 lr:0.000006 t:21.3s
tttg: c276/289 lr:0.000005 t:21.3s
tttg: c277/289 lr:0.000004 t:21.4s
tttg: c278/289 lr:0.000004 t:21.5s
tttg: c279/289 lr:0.000003 t:21.6s
tttg: c280/289 lr:0.000002 t:21.6s
tttg: c281/289 lr:0.000002 t:21.7s
tttg: c282/289 lr:0.000001 t:21.8s
tttg: c283/289 lr:0.000001 t:21.9s
tttg: c284/289 lr:0.000001 t:22.0s
tttg: c285/289 lr:0.000000 t:22.0s
tttg: c286/289 lr:0.000000 t:22.1s
tttg: c287/289 lr:0.000000 t:22.2s
tttg: c288/289 lr:0.000000 t:22.3s
ttpr: phase:3/3 t:429.2s
ttp: b735/782 bl:2.3896 bb:1.0993 rl:2.2822 rb:1.0585 dl:2495-2526 gd:1
ttp: b720/782 bl:2.3546 bb:1.0649 rl:2.2865 rb:1.0589 dl:2125-2144 gd:1
ttp: b712/782 bl:2.3350 bb:1.0590 rl:2.2890 rb:1.0589 dl:1984-2002 gd:1
ttp: b710/782 bl:2.2262 bb:1.0422 rl:2.2859 rb:1.0581 dl:1952-1966 gd:1
ttp: b703/782 bl:2.3416 bb:1.0301 rl:2.2884 rb:1.0568 dl:1859-1872 gd:1
ttp: b691/782 bl:2.4499 bb:1.0665 rl:2.2947 rb:1.0572 dl:1725-1737 gd:1
ttp: b684/782 bl:2.3693 bb:1.0438 rl:2.2974 rb:1.0567 dl:1658-1665 gd:1
ttp: b679/782 bl:2.3051 bb:1.0584 rl:2.2977 rb:1.0568 dl:1610-1618 gd:1
ttp: b669/782 bl:2.3315 bb:1.0424 rl:2.2987 rb:1.0563 dl:1530-1537 gd:1
ttp: b664/782 bl:2.3418 bb:1.0277 rl:2.3000 rb:1.0554 dl:1493-1499 gd:1
ttp: b651/782 bl:2.3890 bb:1.0440 rl:2.3024 rb:1.0551 dl:1406-1411 gd:1
ttp: b644/782 bl:2.3622 bb:1.0487 rl:2.3040 rb:1.0549 dl:1362-1367 gd:1
ttp: b636/782 bl:2.3806 bb:1.0670 rl:2.3058 rb:1.0552 dl:1314-1320 gd:1
ttp: b628/782 bl:2.3203 bb:1.0295 rl:2.3061 rb:1.0546 dl:1271-1276 gd:1
ttp: b620/782 bl:2.3459 bb:1.0567 rl:2.3070 rb:1.0547 dl:1226-1231 gd:1
ttp: b613/782 bl:2.3377 bb:1.0408 rl:2.3076 rb:1.0544 dl:1190-1195 gd:1
ttp: b607/782 bl:2.3531 bb:1.0526 rl:2.3085 rb:1.0543 dl:1164-1168 gd:1
ttp: b597/782 bl:2.3705 bb:1.0541 rl:2.3097 rb:1.0543 dl:1119-1124 gd:1
ttp: b587/782 bl:2.4081 bb:1.0686 rl:2.3114 rb:1.0546 dl:1077-1081 gd:1
ttp: b579/782 bl:2.3458 bb:1.0368 rl:2.3120 rb:1.0543 dl:1044-1048 gd:1
ttp: b573/782 bl:2.3643 bb:1.0658 rl:2.3128 rb:1.0545 dl:1021-1025 gd:1
ttp: b565/782 bl:2.3837 bb:1.0327 rl:2.3139 rb:1.0541 dl:993-997 gd:1
ttp: b557/782 bl:2.3420 bb:1.0520 rl:2.3143 rb:1.0541 dl:965-968 gd:1
ttp: b546/782 bl:2.3245 bb:1.0335 rl:2.3144 rb:1.0538 dl:930-934 gd:1
ttp: b538/782 bl:2.3344 bb:1.0451 rl:2.3147 rb:1.0537 dl:905-909 gd:1
ttp: b535/782 bl:2.3797 bb:1.0321 rl:2.3156 rb:1.0534 dl:896-899 gd:1
ttp: b527/782 bl:2.3465 bb:1.0299 rl:2.3160 rb:1.0531 dl:872-875 gd:1
ttp: b515/782 bl:2.3440 bb:1.0438 rl:2.3163 rb:1.0530 dl:838-841 gd:1
ttp: b507/782 bl:2.2964 bb:1.0282 rl:2.3161 rb:1.0527 dl:814-817 gd:1
ttp: b504/782 bl:2.3142 bb:1.0324 rl:2.3160 rb:1.0524 dl:807-809 gd:1
ttp: b494/782 bl:2.3236 bb:1.0590 rl:2.3161 rb:1.0525 dl:780-783 gd:1
ttp: b485/782 bl:2.2854 bb:1.0295 rl:2.3158 rb:1.0523 dl:759-761 gd:1
ttp: b477/782 bl:2.4015 bb:1.0342 rl:2.3167 rb:1.0521 dl:740-742 gd:1
ttp: b468/782 bl:2.3541 bb:1.0596 rl:2.3170 rb:1.0521 dl:719-721 gd:1
ttp: b464/782 bl:2.2655 bb:1.0152 rl:2.3165 rb:1.0518 dl:710-712 gd:1
ttp: b456/782 bl:2.3485 bb:1.0403 rl:2.3168 rb:1.0517 dl:693-695 gd:1
ttp: b448/782 bl:2.3104 bb:1.0072 rl:2.3168 rb:1.0513 dl:677-678 gd:1
ttp: b434/782 bl:2.3649 bb:1.0499 rl:2.3172 rb:1.0513 dl:647-648 gd:1
ttp: b426/782 bl:2.2544 bb:1.0432 rl:2.3167 rb:1.0512 dl:632-634 gd:1
ttp: b419/782 bl:2.3139 bb:1.0490 rl:2.3166 rb:1.0512 dl:618-620 gd:1
ttp: b413/782 bl:2.3689 bb:1.0617 rl:2.3170 rb:1.0513 dl:607-609 gd:1
ttp: b405/782 bl:2.3540 bb:1.0564 rl:2.3173 rb:1.0513 dl:592-593 gd:1
ttp: b397/782 bl:2.3556 bb:1.0447 rl:2.3176 rb:1.0513 dl:577-579 gd:1
ttp: b386/782 bl:2.3365 bb:1.0972 rl:2.3177 rb:1.0516 dl:557-559 gd:1
ttp: b378/782 bl:2.4252 bb:1.0523 rl:2.3184 rb:1.0516 dl:544-545 gd:1
ttp: b370/782 bl:2.3691 bb:1.0845 rl:2.3188 rb:1.0518 dl:530-532 gd:1
ttp: b362/782 bl:2.3589 bb:1.0782 rl:2.3190 rb:1.0519 dl:517-518 gd:1
ttp: b355/782 bl:2.3046 bb:1.0694 rl:2.3189 rb:1.0520 dl:504-506 gd:1
ttp: b347/782 bl:2.3369 bb:1.1106 rl:2.3190 rb:1.0524 dl:492-494 gd:1
ttp: b340/782 bl:2.4532 bb:1.0784 rl:2.3198 rb:1.0525 dl:482-483 gd:1
ttp: b332/782 bl:2.3052 bb:1.0435 rl:2.3197 rb:1.0525 dl:469-471 gd:1
ttp: b324/782 bl:2.3183 bb:1.0839 rl:2.3197 rb:1.0526 dl:458-459 gd:1
ttp: b315/782 bl:2.3998 bb:1.1025 rl:2.3201 rb:1.0529 dl:444-445 gd:1
ttp: b307/782 bl:2.3358 bb:1.1292 rl:2.3202 rb:1.0533 dl:432-433 gd:1
ttp: b302/782 bl:2.3020 bb:1.0587 rl:2.3201 rb:1.0533 dl:424-426 gd:1
ttp: b294/782 bl:2.3119 bb:1.0799 rl:2.3201 rb:1.0534 dl:412-414 gd:1
ttp: b286/782 bl:2.3749 bb:1.1078 rl:2.3203 rb:1.0536 dl:400-402 gd:1
ttp: b278/782 bl:2.2683 bb:1.0625 rl:2.3201 rb:1.0537 dl:389-391 gd:1
ttp: b271/782 bl:2.3677 bb:1.1215 rl:2.3203 rb:1.0540 dl:380-382 gd:1
ttp: b264/782 bl:2.4227 bb:1.1040 rl:2.3207 rb:1.0542 dl:371-372 gd:1
ttp: b259/782 bl:2.3397 bb:1.0973 rl:2.3208 rb:1.0543 dl:365-366 gd:1
ttp: b252/782 bl:2.3831 bb:1.0681 rl:2.3211 rb:1.0544 dl:356-357 gd:1
ttp: b246/782 bl:2.3470 bb:1.0970 rl:2.3212 rb:1.0546 dl:349-350 gd:1
ttp: b176/782 bl:2.3138 bb:1.1238 rl:2.3211 rb:1.0548 dl:270-271 gd:1
ttp: b169/782 bl:2.3647 bb:1.1114 rl:2.3213 rb:1.0549 dl:263-264 gd:1
ttp: b162/782 bl:2.4127 bb:1.1233 rl:2.3215 rb:1.0551 dl:256-257 gd:1
ttp: b155/782 bl:2.4010 bb:1.1101 rl:2.3217 rb:1.0553 dl:250-251 gd:1
ttp: b147/782 bl:2.4650 bb:1.1211 rl:2.3221 rb:1.0554 dl:242-243 gd:1
ttp: b139/782 bl:2.4342 bb:1.1340 rl:2.3224 rb:1.0556 dl:234-235 gd:1
ttp: b132/782 bl:2.4397 bb:1.1586 rl:2.3227 rb:1.0559 dl:228-229 gd:1
ttp: b124/782 bl:2.3842 bb:1.1646 rl:2.3229 rb:1.0561 dl:220-222 gd:1
ttp: b118/782 bl:2.4586 bb:1.1222 rl:2.3232 rb:1.0563 dl:215-216 gd:1
ttp: b112/782 bl:2.4796 bb:1.1835 rl:2.3235 rb:1.0566 dl:210-210 gd:1
ttp: b104/782 bl:2.4973 bb:1.1790 rl:2.3239 rb:1.0568 dl:202-203 gd:1
ttp: b97/782 bl:2.4510 bb:1.1600 rl:2.3242 rb:1.0570 dl:196-197 gd:1
ttp: b89/782 bl:2.4915 bb:1.1513 rl:2.3245 rb:1.0572 dl:189-190 gd:1
ttp: b83/782 bl:2.4320 bb:1.1477 rl:2.3247 rb:1.0574 dl:183-184 gd:1
ttp: b75/782 bl:2.5668 bb:1.1900 rl:2.3252 rb:1.0576 dl:176-177 gd:1
ttp: b68/782 bl:2.5053 bb:1.1692 rl:2.3255 rb:1.0578 dl:170-171 gd:1
ttp: b61/782 bl:2.4530 bb:1.2142 rl:2.3258 rb:1.0581 dl:164-165 gd:1
ttp: b54/782 bl:2.4766 bb:1.2149 rl:2.3260 rb:1.0583 dl:157-158 gd:1
ttp: b47/782 bl:2.4327 bb:1.1357 rl:2.3262 rb:1.0584 dl:150-151 gd:1
ttp: b40/782 bl:2.4878 bb:1.1524 rl:2.3264 rb:1.0586 dl:143-144 gd:1
ttp: b34/782 bl:2.6223 bb:1.2005 rl:2.3269 rb:1.0588 dl:137-138 gd:1
ttp: b27/782 bl:2.6006 bb:1.2294 rl:2.3272 rb:1.0590 dl:130-131 gd:1
ttp: b21/782 bl:2.6046 bb:1.2287 rl:2.3276 rb:1.0592 dl:123-124 gd:1
ttp: b14/782 bl:2.5980 bb:1.1860 rl:2.3279 rb:1.0594 dl:114-115 gd:1
ttp: b6/782 bl:2.7117 bb:1.2090 rl:2.3283 rb:1.0596 dl:99-101 gd:1
quantized_ttt_phased val_loss:2.32032529 val_bpb:1.06029811 eval_time:531921ms
total_eval_time:531.9s
