===== START q8_s314_clip_sweep 2026-04-30T21:45:53+00:00 =====
logs/q8_s314_clip_sweep.txt
submission:UT-K6 RLMA(rank=256,on=1) TTT(on=0,iters=(3, 4, 5),chunk=32) vocab=8192 d_model=1024 d_ff=3072 heads=8/4/128 seq=8192 batch_tokens=262144 iter=2400
model_params:20197418
world_size:1 grad_accum_steps:8
opt_split:matrix=11796480 scalar=12330 embed=8388608
residual_scale:0.35355
starting training: iterations=2400 warmup=50 warmdown=600
step:1/2400 train_loss:14.9081 lr_scale:0.000 muon_mom:0.850 train_time:1616ms step_avg:1616.50ms
step:2/2400 train_loss:14.8941 lr_scale:0.020 muon_mom:0.850 train_time:2868ms step_avg:1434.23ms
step:3/2400 train_loss:14.8676 lr_scale:0.040 muon_mom:0.850 train_time:4121ms step_avg:1373.53ms
step:4/2400 train_loss:14.7078 lr_scale:0.060 muon_mom:0.851 train_time:5373ms step_avg:1343.22ms
step:5/2400 train_loss:14.5176 lr_scale:0.080 muon_mom:0.851 train_time:6628ms step_avg:1325.64ms
step:6/2400 train_loss:14.1963 lr_scale:0.100 muon_mom:0.851 train_time:7883ms step_avg:1313.83ms
step:7/2400 train_loss:13.8587 lr_scale:0.120 muon_mom:0.851 train_time:9140ms step_avg:1305.77ms
step:8/2400 train_loss:13.3731 lr_scale:0.140 muon_mom:0.851 train_time:10399ms step_avg:1299.85ms
step:9/2400 train_loss:12.8508 lr_scale:0.160 muon_mom:0.852 train_time:11653ms step_avg:1294.82ms
step:10/2400 train_loss:12.2358 lr_scale:0.180 muon_mom:0.852 train_time:12909ms step_avg:1290.89ms
step:25/2400 train_loss:6.4688 lr_scale:0.480 muon_mom:0.855 train_time:31680ms step_avg:1267.22ms
step:50/2400 train_loss:5.4793 lr_scale:0.980 muon_mom:0.860 train_time:62995ms step_avg:1259.90ms
step:75/2400 train_loss:5.2731 lr_scale:1.000 muon_mom:0.865 train_time:94207ms step_avg:1256.09ms
step:100/2400 train_loss:5.0564 lr_scale:1.000 muon_mom:0.870 train_time:125415ms step_avg:1254.15ms
step:125/2400 train_loss:5.0791 lr_scale:1.000 muon_mom:0.875 train_time:156617ms step_avg:1252.94ms
step:150/2400 train_loss:4.7093 lr_scale:1.000 muon_mom:0.880 train_time:187812ms step_avg:1252.08ms
step:175/2400 train_loss:4.5407 lr_scale:1.000 muon_mom:0.885 train_time:219005ms step_avg:1251.45ms
step:200/2400 train_loss:4.4290 lr_scale:1.000 muon_mom:0.890 train_time:250208ms step_avg:1251.04ms
step:225/2400 train_loss:4.1975 lr_scale:1.000 muon_mom:0.895 train_time:281388ms step_avg:1250.62ms
step:250/2400 train_loss:4.2302 lr_scale:1.000 muon_mom:0.900 train_time:312557ms step_avg:1250.23ms
step:275/2400 train_loss:4.0302 lr_scale:1.000 muon_mom:0.905 train_time:343728ms step_avg:1249.92ms
step:300/2400 train_loss:4.0265 lr_scale:1.000 muon_mom:0.910 train_time:374899ms step_avg:1249.66ms
step:325/2400 train_loss:3.9420 lr_scale:1.000 muon_mom:0.915 train_time:406072ms step_avg:1249.45ms
step:350/2400 train_loss:4.0354 lr_scale:1.000 muon_mom:0.920 train_time:437240ms step_avg:1249.26ms
step:375/2400 train_loss:3.8592 lr_scale:1.000 muon_mom:0.925 train_time:468396ms step_avg:1249.06ms
step:400/2400 train_loss:3.8273 lr_scale:1.000 muon_mom:0.930 train_time:499575ms step_avg:1248.94ms
step:425/2400 train_loss:3.9301 lr_scale:1.000 muon_mom:0.935 train_time:530720ms step_avg:1248.75ms
step:450/2400 train_loss:3.8980 lr_scale:1.000 muon_mom:0.940 train_time:561857ms step_avg:1248.57ms
step:475/2400 train_loss:3.9594 lr_scale:1.000 muon_mom:0.945 train_time:593004ms step_avg:1248.43ms
step:500/2400 train_loss:3.8446 lr_scale:1.000 muon_mom:0.950 train_time:624141ms step_avg:1248.28ms
step:525/2400 train_loss:3.8071 lr_scale:1.000 muon_mom:0.950 train_time:655274ms step_avg:1248.14ms
step:550/2400 train_loss:3.9129 lr_scale:1.000 muon_mom:0.950 train_time:686409ms step_avg:1248.02ms
step:575/2400 train_loss:3.7058 lr_scale:1.000 muon_mom:0.950 train_time:717540ms step_avg:1247.90ms
step:600/2400 train_loss:3.8398 lr_scale:1.000 muon_mom:0.950 train_time:748673ms step_avg:1247.79ms
step:625/2400 train_loss:3.6072 lr_scale:1.000 muon_mom:0.950 train_time:779805ms step_avg:1247.69ms
step:650/2400 train_loss:3.6900 lr_scale:1.000 muon_mom:0.950 train_time:810942ms step_avg:1247.60ms
step:675/2400 train_loss:3.7530 lr_scale:1.000 muon_mom:0.950 train_time:842095ms step_avg:1247.55ms
step:700/2400 train_loss:3.6975 lr_scale:1.000 muon_mom:0.950 train_time:873251ms step_avg:1247.50ms
step:725/2400 train_loss:3.7446 lr_scale:1.000 muon_mom:0.950 train_time:904386ms step_avg:1247.43ms
step:750/2400 train_loss:3.6143 lr_scale:1.000 muon_mom:0.950 train_time:935521ms step_avg:1247.36ms
step:775/2400 train_loss:3.6690 lr_scale:1.000 muon_mom:0.950 train_time:967134ms step_avg:1247.91ms
step:800/2400 train_loss:3.6446 lr_scale:1.000 muon_mom:0.950 train_time:998272ms step_avg:1247.84ms
step:825/2400 train_loss:3.5474 lr_scale:1.000 muon_mom:0.950 train_time:1029408ms step_avg:1247.77ms
step:850/2400 train_loss:3.6372 lr_scale:1.000 muon_mom:0.950 train_time:1060542ms step_avg:1247.70ms
step:875/2400 train_loss:3.6762 lr_scale:1.000 muon_mom:0.950 train_time:1091674ms step_avg:1247.63ms
step:900/2400 train_loss:3.7033 lr_scale:1.000 muon_mom:0.950 train_time:1122807ms step_avg:1247.56ms
step:925/2400 train_loss:3.5806 lr_scale:1.000 muon_mom:0.950 train_time:1153951ms step_avg:1247.52ms
step:950/2400 train_loss:3.6407 lr_scale:1.000 muon_mom:0.950 train_time:1185087ms step_avg:1247.46ms
step:975/2400 train_loss:3.6027 lr_scale:1.000 muon_mom:0.950 train_time:1216249ms step_avg:1247.44ms
step:1000/2400 train_loss:3.5583 lr_scale:1.000 muon_mom:0.950 train_time:1247379ms step_avg:1247.38ms
step:1025/2400 train_loss:3.5545 lr_scale:1.000 muon_mom:0.950 train_time:1278513ms step_avg:1247.33ms
step:1050/2400 train_loss:3.5996 lr_scale:1.000 muon_mom:0.950 train_time:1309640ms step_avg:1247.28ms
step:1075/2400 train_loss:3.6108 lr_scale:1.000 muon_mom:0.950 train_time:1340772ms step_avg:1247.23ms
step:1100/2400 train_loss:3.5162 lr_scale:1.000 muon_mom:0.950 train_time:1371917ms step_avg:1247.20ms
step:1125/2400 train_loss:3.5212 lr_scale:1.000 muon_mom:0.950 train_time:1403043ms step_avg:1247.15ms
step:1150/2400 train_loss:3.6515 lr_scale:1.000 muon_mom:0.950 train_time:1434584ms step_avg:1247.46ms
step:1175/2400 train_loss:3.7450 lr_scale:1.000 muon_mom:0.950 train_time:1465728ms step_avg:1247.43ms
step:1200/2400 train_loss:3.6128 lr_scale:1.000 muon_mom:0.950 train_time:1496856ms step_avg:1247.38ms
step:1225/2400 train_loss:3.5721 lr_scale:1.000 muon_mom:0.950 train_time:1528004ms step_avg:1247.35ms
step:1250/2400 train_loss:3.6254 lr_scale:1.000 muon_mom:0.950 train_time:1559132ms step_avg:1247.31ms
step:1275/2400 train_loss:3.5190 lr_scale:1.000 muon_mom:0.950 train_time:1590263ms step_avg:1247.27ms
step:1300/2400 train_loss:3.6197 lr_scale:1.000 muon_mom:0.950 train_time:1621395ms step_avg:1247.23ms
step:1325/2400 train_loss:3.4689 lr_scale:1.000 muon_mom:0.950 train_time:1652526ms step_avg:1247.19ms
step:1350/2400 train_loss:3.5528 lr_scale:1.000 muon_mom:0.950 train_time:1683663ms step_avg:1247.16ms
step:1375/2400 train_loss:3.5065 lr_scale:1.000 muon_mom:0.950 train_time:1714795ms step_avg:1247.12ms
step:1400/2400 train_loss:3.5310 lr_scale:1.000 muon_mom:0.950 train_time:1745921ms step_avg:1247.09ms
step:1425/2400 train_loss:3.4171 lr_scale:1.000 muon_mom:0.950 train_time:1777043ms step_avg:1247.05ms
step:1450/2400 train_loss:3.4617 lr_scale:1.000 muon_mom:0.950 train_time:1808164ms step_avg:1247.01ms
step:1475/2400 train_loss:3.5632 lr_scale:1.000 muon_mom:0.950 train_time:1839288ms step_avg:1246.97ms
step:1500/2400 train_loss:3.5257 lr_scale:1.000 muon_mom:0.950 train_time:1870429ms step_avg:1246.95ms
step:1525/2400 train_loss:3.4772 lr_scale:1.000 muon_mom:0.950 train_time:1901554ms step_avg:1246.92ms
step:1550/2400 train_loss:3.4733 lr_scale:1.000 muon_mom:0.950 train_time:1933353ms step_avg:1247.32ms
step:1575/2400 train_loss:3.4467 lr_scale:1.000 muon_mom:0.950 train_time:1964478ms step_avg:1247.29ms
step:1600/2400 train_loss:3.4611 lr_scale:1.000 muon_mom:0.950 train_time:1995598ms step_avg:1247.25ms
step:1625/2400 train_loss:3.5835 lr_scale:1.000 muon_mom:0.950 train_time:2026723ms step_avg:1247.21ms
step:1650/2400 train_loss:3.7312 lr_scale:1.000 muon_mom:0.950 train_time:2057862ms step_avg:1247.19ms
step:1675/2400 train_loss:3.5006 lr_scale:1.000 muon_mom:0.950 train_time:2088979ms step_avg:1247.15ms
step:1700/2400 train_loss:3.5393 lr_scale:1.000 muon_mom:0.950 train_time:2120108ms step_avg:1247.12ms
step:1725/2400 train_loss:3.4910 lr_scale:1.000 muon_mom:0.950 train_time:2151239ms step_avg:1247.09ms
step:1750/2400 train_loss:3.6171 lr_scale:1.000 muon_mom:0.950 train_time:2182396ms step_avg:1247.08ms
step:1775/2400 train_loss:3.5348 lr_scale:1.000 muon_mom:0.950 train_time:2213526ms step_avg:1247.06ms
step:1800/2400 train_loss:3.4533 lr_scale:1.000 muon_mom:0.950 train_time:2244660ms step_avg:1247.03ms
step:1825/2400 train_loss:3.4948 lr_scale:0.960 muon_mom:0.950 train_time:2275805ms step_avg:1247.02ms
step:1850/2400 train_loss:3.5082 lr_scale:0.918 muon_mom:0.950 train_time:2306944ms step_avg:1247.00ms
step:1875/2400 train_loss:3.4774 lr_scale:0.877 muon_mom:0.950 train_time:2338064ms step_avg:1246.97ms
step:1900/2400 train_loss:3.4497 lr_scale:0.835 muon_mom:0.950 train_time:2369206ms step_avg:1246.95ms
step:1925/2400 train_loss:3.4895 lr_scale:0.793 muon_mom:0.950 train_time:2400677ms step_avg:1247.10ms
step:1950/2400 train_loss:3.3915 lr_scale:0.752 muon_mom:0.950 train_time:2431798ms step_avg:1247.08ms
step:1975/2400 train_loss:3.5156 lr_scale:0.710 muon_mom:0.950 train_time:2462920ms step_avg:1247.05ms
step:2000/2400 train_loss:3.4459 lr_scale:0.668 muon_mom:0.950 train_time:2494043ms step_avg:1247.02ms
step:2025/2400 train_loss:3.4062 lr_scale:0.627 muon_mom:0.950 train_time:2525164ms step_avg:1246.99ms
step:2050/2400 train_loss:3.3796 lr_scale:0.585 muon_mom:0.950 train_time:2556285ms step_avg:1246.97ms
step:2075/2400 train_loss:3.5224 lr_scale:0.543 muon_mom:0.950 train_time:2587408ms step_avg:1246.94ms
step:2100/2400 train_loss:3.1661 lr_scale:0.502 muon_mom:0.950 train_time:2618529ms step_avg:1246.92ms
step:2125/2400 train_loss:3.3497 lr_scale:0.460 muon_mom:0.950 train_time:2649672ms step_avg:1246.90ms
step:2150/2400 train_loss:3.2834 lr_scale:0.418 muon_mom:0.950 train_time:2680798ms step_avg:1246.88ms
step:2175/2400 train_loss:3.2285 lr_scale:0.377 muon_mom:0.950 train_time:2711921ms step_avg:1246.86ms
step:2200/2400 train_loss:3.3421 lr_scale:0.335 muon_mom:0.950 train_time:2743047ms step_avg:1246.84ms
step:2225/2400 train_loss:3.3526 lr_scale:0.293 muon_mom:0.950 train_time:2774168ms step_avg:1246.82ms
step:2250/2400 train_loss:3.3212 lr_scale:0.252 muon_mom:0.950 train_time:2805291ms step_avg:1246.80ms
step:2275/2400 train_loss:3.2142 lr_scale:0.210 muon_mom:0.950 train_time:2836415ms step_avg:1246.78ms
step:2300/2400 train_loss:3.2904 lr_scale:0.168 muon_mom:0.950 train_time:2868010ms step_avg:1246.96ms
step:2325/2400 train_loss:3.3811 lr_scale:0.127 muon_mom:0.950 train_time:2899229ms step_avg:1246.98ms
step:2350/2400 train_loss:3.2666 lr_scale:0.100 muon_mom:0.950 train_time:2930449ms step_avg:1247.00ms
step:2375/2400 train_loss:3.2129 lr_scale:0.100 muon_mom:0.950 train_time:2961666ms step_avg:1247.02ms
step:2400/2400 train_loss:3.2353 lr_scale:0.100 muon_mom:0.950 train_time:2992885ms step_avg:1247.04ms
peak memory allocated: 18385 MiB reserved: 20628 MiB
ar_self_gen_calib:n=1024
val_tokens:524289 eval_ctx:8192 eval_stride:8192 val_token_limit:524288
final_fp val_loss:3.3430 val_bpb:1.3089 eval_time:7777ms
final_fp_exact val_loss:3.34303583 val_bpb:1.30886950
quant_stats:int6=36 int8=1 passthrough=28 param_count=20197418
baseline_bytes:80789672 stored_bytes:20278356
compressed_blob_bytes:13802175 code_bytes:59488 total:13861663
target_artifact_bytes:16000000 headroom:2138337
final_quant_roundtrip val_loss:3.3503 val_bpb:1.3117 eval_time:7346ms artifact_bytes:13861663
final_quant_roundtrip_exact val_loss:3.35026658 val_bpb:1.31170050
quant_sweep bits:8 clip_k:10 val_loss:3.3479 val_bpb:1.3108 eval_time:7347ms compressed_blob_bytes:14616952 total:14676440
quant_sweep_exact bits:8 clip_k:10 val_loss:3.34786810 val_bpb:1.31076144 compressed_blob_bytes:14616952 total:14676440
quant_sweep bits:8 clip_k:11.5 val_loss:3.3492 val_bpb:1.3113 eval_time:7343ms compressed_blob_bytes:14090888 total:14150376
quant_sweep_exact bits:8 clip_k:11.5 val_loss:3.34924220 val_bpb:1.31129943 compressed_blob_bytes:14090888 total:14150376
quant_sweep bits:8 clip_k:12.85 val_loss:3.3503 val_bpb:1.3117 eval_time:7343ms compressed_blob_bytes:13802175 total:13861663
quant_sweep_exact bits:8 clip_k:12.85 val_loss:3.35026658 val_bpb:1.31170050 compressed_blob_bytes:13802175 total:13861663
quant_sweep bits:8 clip_k:14 val_loss:3.3520 val_bpb:1.3124 eval_time:7340ms compressed_blob_bytes:13583813 total:13643301
quant_sweep_exact bits:8 clip_k:14 val_loss:3.35201492 val_bpb:1.31238501 compressed_blob_bytes:13583813 total:13643301
quant_sweep bits:8 clip_k:16 val_loss:3.3533 val_bpb:1.3129 eval_time:7338ms compressed_blob_bytes:13067136 total:13126624
quant_sweep_exact bits:8 clip_k:16 val_loss:3.35325123 val_bpb:1.31286905 compressed_blob_bytes:13067136 total:13126624
===== EXIT q8_s314_clip_sweep status=0 2026-04-30T22:38:47+00:00 =====
peak memory allocated: 18385 MiB reserved: 20628 MiB
final_fp_exact val_loss:3.34303583 val_bpb:1.30886950
compressed_blob_bytes:13802175 code_bytes:59488 total:13861663
target_artifact_bytes:16000000 headroom:2138337
final_quant_roundtrip_exact val_loss:3.35026658 val_bpb:1.31170050
quant_sweep bits:8 clip_k:10 val_loss:3.3479 val_bpb:1.3108 eval_time:7347ms compressed_blob_bytes:14616952 total:14676440
quant_sweep_exact bits:8 clip_k:10 val_loss:3.34786810 val_bpb:1.31076144 compressed_blob_bytes:14616952 total:14676440
quant_sweep bits:8 clip_k:11.5 val_loss:3.3492 val_bpb:1.3113 eval_time:7343ms compressed_blob_bytes:14090888 total:14150376
quant_sweep_exact bits:8 clip_k:11.5 val_loss:3.34924220 val_bpb:1.31129943 compressed_blob_bytes:14090888 total:14150376
quant_sweep bits:8 clip_k:12.85 val_loss:3.3503 val_bpb:1.3117 eval_time:7343ms compressed_blob_bytes:13802175 total:13861663
quant_sweep_exact bits:8 clip_k:12.85 val_loss:3.35026658 val_bpb:1.31170050 compressed_blob_bytes:13802175 total:13861663
quant_sweep bits:8 clip_k:14 val_loss:3.3520 val_bpb:1.3124 eval_time:7340ms compressed_blob_bytes:13583813 total:13643301
quant_sweep_exact bits:8 clip_k:14 val_loss:3.35201492 val_bpb:1.31238501 compressed_blob_bytes:13583813 total:13643301
quant_sweep bits:8 clip_k:16 val_loss:3.3533 val_bpb:1.3129 eval_time:7338ms compressed_blob_bytes:13067136 total:13126624
quant_sweep_exact bits:8 clip_k:16 val_loss:3.35325123 val_bpb:1.31286905 compressed_blob_bytes:13067136 total:13126624
