/home/chandrasen.pandey/parameter-golf/records/track_non_record_16mb/2026-04-13_CAGE5_TRUE_LOCK/train_gpt.py:1946: FutureWarning: You are using `torch.load` with `weights_only=False` (the current default value), which uses the default pickle module implicitly. It is possible to construct malicious pickle data which will execute arbitrary code during unpickling (See https://github.com/pytorch/pytorch/blob/main/SECURITY.md#untrusted-models for more details). In a future release, the default value for `weights_only` will be flipped to `True`. This limits the functions that could be executed during unpickling. Arbitrary objects will no longer be allowed to be loaded via this mode unless they are explicitly allowlisted by the user via `torch.serialization.add_safe_globals`. We recommend you start setting `weights_only=True` for any use case where you don't have full control of the loaded file. Please open an issue on GitHub for any issues related to this experimental feature.
  quant_state = torch.load(
logs/hpc_cage5_true_seed2026.txt
val_bpb:enabled tokenizer_kind=sentencepiece tokenizer_path=/home/chandrasen.pandey/parameter-golf/data/tokenizers/fineweb_1024_bpe.model
train_loader:dataset:fineweb10B_sp1024 train_shards:1
val_loader:shards pattern=/home/chandrasen.pandey/parameter-golf/data/datasets/fineweb10B_sp1024/fineweb_val_*.bin tokens:32768
model_params:1492059
mtp_num_heads:0 mtp_loss_weight:0.2 mtp_params:0
XSA:last_2 active_layers:[2, 3]
world_size:1 grad_accum_steps:8
sdp_backends:cudnn=False flash=True mem_efficient=False math=False
attention_mode:gqa num_heads:6 num_kv_heads:3
tie_embeddings:True embed_lr:0.035 head_lr:0.0 matrix_lr:0.025 scalar_lr:0.025
train_batch_tokens:4096 train_seq_len:256 iterations:300 warmup_steps:20 max_wallclock_seconds:420.000
seed:2026
warmup_step:1/20
warmup_step:2/20
warmup_step:3/20
warmup_step:4/20
warmup_step:5/20
warmup_step:6/20
warmup_step:7/20
warmup_step:8/20
warmup_step:9/20
warmup_step:10/20
warmup_step:11/20
warmup_step:12/20
warmup_step:13/20
warmup_step:14/20
warmup_step:15/20
warmup_step:16/20
warmup_step:17/20
warmup_step:18/20
warmup_step:19/20
warmup_step:20/20
step:1/300 train_loss:6.9279 train_time:518ms step_avg:518.34ms
step:2/300 train_loss:7.1078 train_time:734ms step_avg:367.14ms
step:3/300 train_loss:7.1553 train_time:946ms step_avg:315.43ms
step:4/300 train_loss:6.9700 train_time:1165ms step_avg:291.16ms
step:5/300 train_loss:6.6283 train_time:1381ms step_avg:276.28ms
step:6/300 train_loss:6.5434 train_time:1590ms step_avg:265.05ms
step:7/300 train_loss:6.3320 train_time:1814ms step_avg:259.11ms
step:8/300 train_loss:6.1281 train_time:2023ms step_avg:252.90ms
step:9/300 train_loss:6.0166 train_time:2229ms step_avg:247.67ms
step:10/300 train_loss:6.0976 train_time:2453ms step_avg:245.34ms
step:25/300 train_loss:5.6761 train_time:5614ms step_avg:224.57ms
step:50/300 train_loss:4.9427 train_time:10933ms step_avg:218.65ms
step:75/300 train_loss:4.7134 train_time:16226ms step_avg:216.34ms
step:100/300 train_loss:4.4931 train_time:21513ms step_avg:215.13ms
step:125/300 train_loss:4.2387 train_time:26848ms step_avg:214.78ms
step:150/300 train_loss:4.1390 train_time:32337ms step_avg:215.58ms
step:175/300 train_loss:4.2682 train_time:38047ms step_avg:217.41ms
step:200/300 train_loss:4.2984 train_time:43565ms step_avg:217.82ms
step:225/300 train_loss:4.0562 train_time:48881ms step_avg:217.25ms
step:250/300 train_loss:4.0402 train_time:54177ms step_avg:216.71ms
step:275/300 train_loss:4.1460 train_time:59490ms step_avg:216.33ms
step:300/300 train_loss:3.9955 train_time:64790ms step_avg:215.97ms
step:300/300 val_loss:4.1438 val_bpb:2.3991 train_time:64810ms step_avg:216.03ms
peak memory allocated: 151 MiB reserved: 178 MiB
ema:applying EMA weights
DIAGNOSTIC post_ema val_loss:5.0941 val_bpb:2.9493 eval_time:560ms
Serialized model: 5387716 bytes
Code size: 95423 bytes
Serialized model int6+lzma: 1225056 bytes
Total submission size int6+lzma: 1320479 bytes
final_int6_roundtrip val_loss:5.2052 val_bpb:3.0136 eval_time:570ms
final_int6_roundtrip_exact val_loss:5.20522671 val_bpb:3.01360730
final_int6_sliding_window val_loss:4.4427 val_bpb:2.5694 stride:64 eval_time:312594ms
final_int6_sliding_window_exact val_loss:4.44269806 val_bpb:2.56936489
final_int8_zlib_roundtrip_exact val_loss:4.44269806 val_bpb:2.56936489
ttt_sliding:start chunks=8 chunk_tokens=4096 total_windows=512 stride=64 ttt_lr=0.002 ttt_epochs=1 freeze_blocks=2
ttt_sliding:params unfrozen=1490511 frozen=1548
  ttt_chunk [1/8] bpb=2.783304 time=40.0s
  ttt_chunk [8/8] bpb=2.560612 time=312.9s
ttt_sliding:done val_loss=4.427563 val_bpb=2.560612 elapsed=313.0s
legal_ttt val_loss:4.4276 val_bpb:2.5606 eval_time:312980ms
legal_ttt_exact val_loss:4.42756265 val_bpb:2.56061156
