[07:19:00] ========================================================
[07:19:00] Cheap Multi-GPU Small SKC Orchestrator
[07:19:00] Artifacts: /Users/akhileshgogikar/parameter-golf/records/track_10min_16mb/2026-03-25_Ternary_Feedback_TTT/small_skc_multigpu_20260411_071900
[07:19:00] GPU count: 2
[07:19:00] Min mem  : 24GB
[07:19:00] Data     : 24 train shards
[07:19:00] ========================================================
[07:19:00] GC: terminating stale live pod paramgolf-small-20260411-071215 (477hvnadiae0bf, uptime=387s)
[07:19:00] Terminating pod 477hvnadiae0bf...
{
  "podTerminate": null
}
0.44	NVIDIA GeForce RTX 3090	High	24	RTX 3090
0.54	NVIDIA GeForce RTX 3090 Ti	Low	24	RTX 3090 Ti
0.66	NVIDIA RTX A6000	Low	48	RTX A6000
0.68	NVIDIA GeForce RTX 4090	High	24	RTX 4090
0.98	NVIDIA RTX 5000 Ada Generation	Low	32	RTX 5000 Ada
1.38	NVIDIA L40	Low	48	L40
1.48	NVIDIA RTX 6000 Ada Generation	Low	48	RTX 6000 Ada
1.58	NVIDIA L40S	Low	48	L40S
2	NVIDIA A100-SXM4-40GB	Low	40	A100 SXM 40GB
2.38	NVIDIA A100 80GB PCIe	Low	80	A100 PCIe
2.78	NVIDIA A100-SXM4-80GB	Low	80	A100 SXM
5.18	NVIDIA H100 NVL	Low	94	H100 NVL
0.54	NVIDIA RTX A5000	Low	24	RTX A5000
0.88	NVIDIA A40	High	48	A40
0.92	NVIDIA GeForce RTX 3090	Low	24	RTX 3090
0.98	NVIDIA RTX A6000	Low	48	RTX A6000
1.18	NVIDIA GeForce RTX 4090	High	24	RTX 4090
1.72	NVIDIA L40S	Low	48	L40S
2.98	NVIDIA A100-SXM4-80GB	Medium	80	A100 SXM
5.98	NVIDIA H100 80GB HBM3	High	80	H100 SXM
6.14	NVIDIA H100 NVL	Low	94	H100 NVL
7.18	NVIDIA H200	Low	141	H200 SXM
[07:19:03] Secure candidate: A40 (NVIDIA A40)  2x  mem=48GB  stock=High  price=$0.88/hr
[07:19:03] Trying 2xNVIDIA A40 on SECURE...
[07:19:05]   success: pod=dtn43vx45e1t3t cost=$0.88/hr
[07:19:05] Waiting for pod SSH readiness...
[07:29:55] FATAL: Pod not SSH-ready after 600s
