[02:24:06] ========================================================
[02:24:06] Cheap Multi-GPU Small SKC Orchestrator
[02:24:06] Artifacts: /Users/akhileshgogikar/parameter-golf/records/track_10min_16mb/2026-03-25_Ternary_Feedback_TTT/gap_ablation_matrix_20260407_022405/baseline
[02:24:06] GPU count: 1
[02:24:06] Min mem  : 12GB
[02:24:06] Data     : 12 train shards
[02:24:06] ========================================================
0.16	RTX A5000	Low	24
0.17	RTX A4000	Low	16
0.18	RTX 3080 Ti	Low	12
0.19	RTX 4070 Ti	Low	12
0.19	RTX A4500	Low	20
0.2	RTX 4000 Ada	Low	20
0.22	RTX 3090	High	24
0.27	RTX 3090 Ti	Low	24
0.27	RTX 4080	Low	16
0.28	RTX 4080 SUPER	Low	16
0.33	RTX A6000	Low	48
0.34	RTX 4090	High	24
0.39	RTX 5080	Low	16
0.49	RTX 5000 Ada	Low	32
0.69	L40	Low	48
0.69	RTX 5090	Medium	32
0.74	RTX 6000 Ada	Low	48
0.79	L40S	Low	48
1.19	A100 PCIe	Low	80
1.64	RTX PRO 6000 MaxQ	Low	96
1.69	RTX PRO 6000 WK	Low	96
2.59	H100 NVL	Low	94
[02:24:09] Candidate: RTX A5000  1x  mem=24GB  stock=Low  price=$0.16/hr
[02:24:09] Trying 1xRTX A5000 on COMMUNITY...
[02:24:10]   failed: There are no longer any instances available with the requested specifications. Please refresh and try again.
[02:24:10] Candidate: RTX A4000  1x  mem=16GB  stock=Low  price=$0.17/hr
[02:24:10] Trying 1xRTX A4000 on COMMUNITY...
[02:24:11]   failed: There are no longer any instances available with the requested specifications. Please refresh and try again.
[02:24:11] Candidate: RTX 3080 Ti  1x  mem=12GB  stock=Low  price=$0.18/hr
[02:24:11] Trying 1xRTX 3080 Ti on COMMUNITY...
[02:24:11]   failed: There are no longer any instances available with the requested specifications. Please refresh and try again.
[02:24:11] Candidate: RTX 4070 Ti  1x  mem=12GB  stock=Low  price=$0.19/hr
[02:24:11] Trying 1xRTX 4070 Ti on COMMUNITY...
[02:24:12]   failed: There are no longer any instances available with the requested specifications. Please refresh and try again.
[02:24:12] Candidate: RTX A4500  1x  mem=20GB  stock=Low  price=$0.19/hr
[02:24:12] Trying 1xRTX A4500 on COMMUNITY...
[02:24:12]   failed: There are no longer any instances available with the requested specifications. Please refresh and try again.
[02:24:12] Candidate: RTX 4000 Ada  1x  mem=20GB  stock=Low  price=$0.2/hr
[02:24:12] Trying 1xRTX 4000 Ada on COMMUNITY...
[02:24:13]   failed: There are no longer any instances available with the requested specifications. Please refresh and try again.
[02:24:13] Candidate: RTX 3090  1x  mem=24GB  stock=High  price=$0.22/hr
[02:24:14] Trying 1xRTX 3090 on COMMUNITY...
[02:24:14]   failed: There are no longer any instances available with the requested specifications. Please refresh and try again.
[02:24:14] Candidate: RTX 3090 Ti  1x  mem=24GB  stock=Low  price=$0.27/hr
[02:24:14] Trying 1xRTX 3090 Ti on COMMUNITY...
[02:24:15]   failed: There are no longer any instances available with the requested specifications. Please refresh and try again.
[02:24:15] Candidate: RTX 4080  1x  mem=16GB  stock=Low  price=$0.27/hr
[02:24:15] Trying 1xRTX 4080 on COMMUNITY...
[02:24:15]   failed: There are no longer any instances available with the requested specifications. Please refresh and try again.
[02:24:15] Candidate: RTX 4080 SUPER  1x  mem=16GB  stock=Low  price=$0.28/hr
[02:24:15] Trying 1xRTX 4080 SUPER on COMMUNITY...
[02:24:16]   failed: There are no longer any instances available with the requested specifications. Please refresh and try again.
[02:24:16] Candidate: RTX A6000  1x  mem=48GB  stock=Low  price=$0.33/hr
[02:24:16] Trying 1xRTX A6000 on COMMUNITY...
[02:24:16]   failed: There are no longer any instances available with the requested specifications. Please refresh and try again.
[02:24:16] Candidate: RTX 4090  1x  mem=24GB  stock=High  price=$0.34/hr
[02:24:16] Trying 1xRTX 4090 on COMMUNITY...
[02:24:17]   failed: There are no longer any instances available with the requested specifications. Please refresh and try again.
[02:24:17] Candidate: RTX 5080  1x  mem=16GB  stock=Low  price=$0.39/hr
[02:24:17] Trying 1xRTX 5080 on COMMUNITY...
[02:24:17]   failed: There are no longer any instances available with the requested specifications. Please refresh and try again.
[02:24:17] Candidate: RTX 5000 Ada  1x  mem=32GB  stock=Low  price=$0.49/hr
[02:24:17] Trying 1xRTX 5000 Ada on COMMUNITY...
[02:24:18]   failed: There are no longer any instances available with the requested specifications. Please refresh and try again.
[02:24:18] Candidate: L40  1x  mem=48GB  stock=Low  price=$0.69/hr
[02:24:18] Trying 1xL40 on COMMUNITY...
[02:24:18]   failed: There are no longer any instances available with the requested specifications. Please refresh and try again.
[02:24:18] Candidate: RTX 5090  1x  mem=32GB  stock=Medium  price=$0.69/hr
[02:24:18] Trying 1xRTX 5090 on COMMUNITY...
[02:24:19]   failed: There are no longer any instances available with the requested specifications. Please refresh and try again.
[02:24:19] Candidate: RTX 6000 Ada  1x  mem=48GB  stock=Low  price=$0.74/hr
[02:24:19] Trying 1xRTX 6000 Ada on COMMUNITY...
[02:24:20]   failed: There are no longer any instances available with the requested specifications. Please refresh and try again.
[02:24:20] Candidate: L40S  1x  mem=48GB  stock=Low  price=$0.79/hr
[02:24:20] Trying 1xL40S on COMMUNITY...
[02:24:20]   failed: There are no longer any instances available with the requested specifications. Please refresh and try again.
[02:24:20] Candidate: A100 PCIe  1x  mem=80GB  stock=Low  price=$1.19/hr
[02:24:20] Trying 1xA100 PCIe on COMMUNITY...
[02:24:21]   failed: There are no longer any instances available with the requested specifications. Please refresh and try again.
[02:24:21] Candidate: RTX PRO 6000 MaxQ  1x  mem=96GB  stock=Low  price=$1.64/hr
[02:24:21] Trying 1xRTX PRO 6000 MaxQ on COMMUNITY...
[02:24:21]   failed: There are no longer any instances available with the requested specifications. Please refresh and try again.
[02:24:21] Candidate: RTX PRO 6000 WK  1x  mem=96GB  stock=Low  price=$1.69/hr
[02:24:21] Trying 1xRTX PRO 6000 WK on COMMUNITY...
[02:24:22]   failed: There are no longer any instances available with the requested specifications. Please refresh and try again.
[02:24:22] Candidate: H100 NVL  1x  mem=94GB  stock=Low  price=$2.59/hr
[02:24:22] Trying 1xH100 NVL on COMMUNITY...
[02:24:22]   failed: There are no longer any instances available with the requested specifications. Please refresh and try again.
0.24	RTX 2000 Ada	Low	16
0.25	RTX A4500	Low	20
0.26	RTX 4000 Ada	Low	20
0.4	A40	High	48
0.46	RTX 3090	Low	24
0.49	RTX A6000	Low	48
0.54	RTX PRO 4500	High	32
0.59	RTX 4090	High	24
0.77	RTX 6000 Ada	Low	48
0.86	L40S	Low	48
0.89	RTX 5090	High	32
1.49	A100 SXM	Medium	80
1.69	RTX PRO 6000	High	96
1.89	RTX PRO 6000 WK	Low	96
2.39	H100 PCIe	Low	80
2.69	H100 SXM	High	80
3.07	H100 NVL	Low	94
3.59	H200 SXM	Low	141
[02:24:23] Secure candidate: RTX 2000 Ada  1x  mem=16GB  stock=Low  price=$0.24/hr
[02:24:23] Trying 1xRTX 2000 Ada on SECURE...
[02:24:24]   failed: There are no longer any instances available with the requested specifications. Please refresh and try again.
[02:24:24] Secure candidate: RTX A4500  1x  mem=20GB  stock=Low  price=$0.25/hr
[02:24:24] Trying 1xRTX A4500 on SECURE...
[02:24:24]   failed: There are no longer any instances available with the requested specifications. Please refresh and try again.
[02:24:24] Secure candidate: RTX 4000 Ada  1x  mem=20GB  stock=Low  price=$0.26/hr
[02:24:24] Trying 1xRTX 4000 Ada on SECURE...
[02:24:25]   failed: There are no longer any instances available with the requested specifications. Please refresh and try again.
[02:24:25] Secure candidate: A40  1x  mem=48GB  stock=High  price=$0.4/hr
[02:24:25] Trying 1xA40 on SECURE...
[02:24:26]   failed: There are no longer any instances available with the requested specifications. Please refresh and try again.
[02:24:26] Secure candidate: RTX 3090  1x  mem=24GB  stock=Low  price=$0.46/hr
[02:24:26] Trying 1xRTX 3090 on SECURE...
[02:24:27]   failed: There are no longer any instances available with the requested specifications. Please refresh and try again.
[02:24:27] Secure candidate: RTX A6000  1x  mem=48GB  stock=Low  price=$0.49/hr
[02:24:27] Trying 1xRTX A6000 on SECURE...
[02:24:28]   failed: There are no longer any instances available with the requested specifications. Please refresh and try again.
[02:24:28] Secure candidate: RTX PRO 4500  1x  mem=32GB  stock=High  price=$0.54/hr
[02:24:28] Trying 1xRTX PRO 4500 on SECURE...
[02:24:28]   failed: There are no longer any instances available with the requested specifications. Please refresh and try again.
[02:24:28] Secure candidate: RTX 4090  1x  mem=24GB  stock=High  price=$0.59/hr
[02:24:28] Trying 1xRTX 4090 on SECURE...
[02:24:29]   failed: There are no longer any instances available with the requested specifications. Please refresh and try again.
[02:24:29] Secure candidate: RTX 6000 Ada  1x  mem=48GB  stock=Low  price=$0.77/hr
[02:24:29] Trying 1xRTX 6000 Ada on SECURE...
[02:24:30]   failed: There are no longer any instances available with the requested specifications. Please refresh and try again.
[02:24:30] Secure candidate: L40S  1x  mem=48GB  stock=Low  price=$0.86/hr
[02:24:30] Trying 1xL40S on SECURE...
[02:24:31]   failed: There are no longer any instances available with the requested specifications. Please refresh and try again.
[02:24:31] Secure candidate: RTX 5090  1x  mem=32GB  stock=High  price=$0.89/hr
[02:24:31] Trying 1xRTX 5090 on SECURE...
[02:24:32]   failed: There are no longer any instances available with the requested specifications. Please refresh and try again.
[02:24:32] Secure candidate: A100 SXM  1x  mem=80GB  stock=Medium  price=$1.49/hr
[02:24:32] Trying 1xA100 SXM on SECURE...
[02:24:32]   failed: There are no longer any instances available with the requested specifications. Please refresh and try again.
[02:24:32] Secure candidate: RTX PRO 6000  1x  mem=96GB  stock=High  price=$1.69/hr
[02:24:33] Trying 1xRTX PRO 6000 on SECURE...
[02:24:33]   failed: There are no longer any instances available with the requested specifications. Please refresh and try again.
[02:24:33] Secure candidate: RTX PRO 6000 WK  1x  mem=96GB  stock=Low  price=$1.89/hr
[02:24:33] Trying 1xRTX PRO 6000 WK on SECURE...
[02:24:34]   failed: There are no longer any instances available with the requested specifications. Please refresh and try again.
[02:24:34] Secure candidate: H100 PCIe  1x  mem=80GB  stock=Low  price=$2.39/hr
[02:24:34] Trying 1xH100 PCIe on SECURE...
[02:24:35]   failed: There are no longer any instances available with the requested specifications. Please refresh and try again.
[02:24:35] Secure candidate: H100 SXM  1x  mem=80GB  stock=High  price=$2.69/hr
[02:24:35] Trying 1xH100 SXM on SECURE...
[02:24:36]   failed: There are no longer any instances available with the requested specifications. Please refresh and try again.
[02:24:36] Secure candidate: H100 NVL  1x  mem=94GB  stock=Low  price=$3.07/hr
[02:24:36] Trying 1xH100 NVL on SECURE...
[02:24:37]   failed: There are no longer any instances available with the requested specifications. Please refresh and try again.
[02:24:37] Secure candidate: H200 SXM  1x  mem=141GB  stock=Low  price=$3.59/hr
[02:24:37] Trying 1xH200 SXM on SECURE...
[02:24:38]   failed: There are no longer any instances available with the requested specifications. Please refresh and try again.
[02:24:38] FATAL: Could not create a cheap multi-GPU pod
[02:24:54] ========================================================
[02:24:54] Cheap Multi-GPU Small SKC Orchestrator
[02:24:54] Artifacts: /Users/akhileshgogikar/parameter-golf/records/track_10min_16mb/2026-03-25_Ternary_Feedback_TTT/gap_ablation_matrix_20260407_022405/baseline
[02:24:54] GPU count: 1
[02:24:54] Min mem  : 12GB
[02:24:54] Data     : 12 train shards
[02:24:54] ========================================================
0.16	RTX A5000	Low	24
0.17	RTX A4000	Low	16
0.18	RTX 3080 Ti	Low	12
0.19	RTX 4070 Ti	Low	12
0.19	RTX A4500	Low	20
0.2	RTX 4000 Ada	Low	20
0.22	RTX 3090	High	24
0.27	RTX 3090 Ti	Low	24
0.27	RTX 4080	Low	16
0.28	RTX 4080 SUPER	Low	16
0.33	RTX A6000	Low	48
0.34	RTX 4090	High	24
0.39	RTX 5080	Low	16
0.49	RTX 5000 Ada	Low	32
0.69	L40	Low	48
0.69	RTX 5090	Medium	32
0.74	RTX 6000 Ada	Low	48
0.79	L40S	Low	48
1.19	A100 PCIe	Low	80
1.64	RTX PRO 6000 MaxQ	Low	96
1.69	RTX PRO 6000 WK	Low	96
2.59	H100 NVL	Low	94
[02:24:57] Candidate: RTX A5000  1x  mem=24GB  stock=Low  price=$0.16/hr
[02:24:57] Trying 1xRTX A5000 on COMMUNITY...
[02:24:57]   failed: There are no longer any instances available with the requested specifications. Please refresh and try again.
[02:24:57] Candidate: RTX A4000  1x  mem=16GB  stock=Low  price=$0.17/hr
[02:24:57] Trying 1xRTX A4000 on COMMUNITY...
[02:24:59]   failed: There are no longer any instances available with the requested specifications. Please refresh and try again.
[02:24:59] Candidate: RTX 3080 Ti  1x  mem=12GB  stock=Low  price=$0.18/hr
[02:24:59] Trying 1xRTX 3080 Ti on COMMUNITY...
[02:25:00]   failed: There are no longer any instances available with the requested specifications. Please refresh and try again.
[02:25:00] Candidate: RTX 4070 Ti  1x  mem=12GB  stock=Low  price=$0.19/hr
[02:25:00] Trying 1xRTX 4070 Ti on COMMUNITY...
[02:25:02]   failed: There are no longer any instances available with the requested specifications. Please refresh and try again.
[02:25:02] Candidate: RTX A4500  1x  mem=20GB  stock=Low  price=$0.19/hr
[02:25:02] Trying 1xRTX A4500 on COMMUNITY...
[02:25:02]   failed: There are no longer any instances available with the requested specifications. Please refresh and try again.
[02:25:02] Candidate: RTX 4000 Ada  1x  mem=20GB  stock=Low  price=$0.2/hr
[02:25:02] Trying 1xRTX 4000 Ada on COMMUNITY...
[02:25:03]   failed: There are no longer any instances available with the requested specifications. Please refresh and try again.
[02:25:03] Candidate: RTX 3090  1x  mem=24GB  stock=High  price=$0.22/hr
[02:25:03] Trying 1xRTX 3090 on COMMUNITY...
[02:25:05]   failed: There are no longer any instances available with the requested specifications. Please refresh and try again.
[02:25:05] Candidate: RTX 3090 Ti  1x  mem=24GB  stock=Low  price=$0.27/hr
[02:25:05] Trying 1xRTX 3090 Ti on COMMUNITY...
[02:25:06]   failed: There are no longer any instances available with the requested specifications. Please refresh and try again.
[02:25:06] Candidate: RTX 4080  1x  mem=16GB  stock=Low  price=$0.27/hr
[02:25:06] Trying 1xRTX 4080 on COMMUNITY...
[02:25:06]   failed: There are no longer any instances available with the requested specifications. Please refresh and try again.
[02:25:06] Candidate: RTX 4080 SUPER  1x  mem=16GB  stock=Low  price=$0.28/hr
[02:25:06] Trying 1xRTX 4080 SUPER on COMMUNITY...
[02:25:07]   failed: There are no longer any instances available with the requested specifications. Please refresh and try again.
[02:25:07] Candidate: RTX A6000  1x  mem=48GB  stock=Low  price=$0.33/hr
[02:25:07] Trying 1xRTX A6000 on COMMUNITY...
[02:25:09]   failed: There are no longer any instances available with the requested specifications. Please refresh and try again.
[02:25:09] Candidate: RTX 4090  1x  mem=24GB  stock=High  price=$0.34/hr
[02:25:09] Trying 1xRTX 4090 on COMMUNITY...
[02:25:10]   failed: There are no longer any instances available with the requested specifications. Please refresh and try again.
[02:25:10] Candidate: RTX 5080  1x  mem=16GB  stock=Low  price=$0.39/hr
[02:25:10] Trying 1xRTX 5080 on COMMUNITY...
[02:25:11]   failed: There are no longer any instances available with the requested specifications. Please refresh and try again.
[02:25:11] Candidate: RTX 5000 Ada  1x  mem=32GB  stock=Low  price=$0.49/hr
[02:25:11] Trying 1xRTX 5000 Ada on COMMUNITY...
[02:25:12]   failed: There are no longer any instances available with the requested specifications. Please refresh and try again.
[02:25:12] Candidate: L40  1x  mem=48GB  stock=Low  price=$0.69/hr
[02:25:12] Trying 1xL40 on COMMUNITY...
[02:25:13]   failed: There are no longer any instances available with the requested specifications. Please refresh and try again.
[02:25:13] Candidate: RTX 5090  1x  mem=32GB  stock=Medium  price=$0.69/hr
[02:25:13] Trying 1xRTX 5090 on COMMUNITY...
[02:25:14]   failed: There are no longer any instances available with the requested specifications. Please refresh and try again.
[02:25:14] Candidate: RTX 6000 Ada  1x  mem=48GB  stock=Low  price=$0.74/hr
[02:25:14] Trying 1xRTX 6000 Ada on COMMUNITY...
[02:25:15]   failed: There are no longer any instances available with the requested specifications. Please refresh and try again.
[02:25:15] Candidate: L40S  1x  mem=48GB  stock=Low  price=$0.79/hr
[02:25:15] Trying 1xL40S on COMMUNITY...
[02:25:15]   failed: There are no longer any instances available with the requested specifications. Please refresh and try again.
[02:25:15] Candidate: A100 PCIe  1x  mem=80GB  stock=Low  price=$1.19/hr
[02:25:15] Trying 1xA100 PCIe on COMMUNITY...
[02:25:16]   failed: There are no longer any instances available with the requested specifications. Please refresh and try again.
[02:25:16] Candidate: RTX PRO 6000 MaxQ  1x  mem=96GB  stock=Low  price=$1.64/hr
[02:25:16] Trying 1xRTX PRO 6000 MaxQ on COMMUNITY...
[02:25:18]   failed: There are no longer any instances available with the requested specifications. Please refresh and try again.
[02:25:18] Candidate: RTX PRO 6000 WK  1x  mem=96GB  stock=Low  price=$1.69/hr
[02:25:18] Trying 1xRTX PRO 6000 WK on COMMUNITY...
[02:25:18]   failed: There are no longer any instances available with the requested specifications. Please refresh and try again.
[02:25:18] Candidate: H100 NVL  1x  mem=94GB  stock=Low  price=$2.59/hr
[02:25:18] Trying 1xH100 NVL on COMMUNITY...
[02:25:19]   failed: There are no longer any instances available with the requested specifications. Please refresh and try again.
0.24	RTX 2000 Ada	Low	16
0.25	RTX A4500	Low	20
0.26	RTX 4000 Ada	Low	20
0.4	A40	High	48
0.46	RTX 3090	Low	24
0.49	RTX A6000	Low	48
0.54	RTX PRO 4500	High	32
0.59	RTX 4090	High	24
0.77	RTX 6000 Ada	Low	48
0.86	L40S	Low	48
0.89	RTX 5090	High	32
1.49	A100 SXM	Medium	80
1.69	RTX PRO 6000	High	96
1.89	RTX PRO 6000 WK	Low	96
2.39	H100 PCIe	Low	80
2.69	H100 SXM	High	80
3.07	H100 NVL	Low	94
3.59	H200 SXM	Low	141
[02:25:20] Secure candidate: RTX 2000 Ada  1x  mem=16GB  stock=Low  price=$0.24/hr
[02:25:21] Trying 1xRTX 2000 Ada on SECURE...
[02:25:21]   failed: There are no longer any instances available with the requested specifications. Please refresh and try again.
[02:25:21] Secure candidate: RTX A4500  1x  mem=20GB  stock=Low  price=$0.25/hr
[02:25:21] Trying 1xRTX A4500 on SECURE...
[02:25:22]   failed: There are no longer any instances available with the requested specifications. Please refresh and try again.
[02:25:22] Secure candidate: RTX 4000 Ada  1x  mem=20GB  stock=Low  price=$0.26/hr
[02:25:22] Trying 1xRTX 4000 Ada on SECURE...
[02:25:23]   failed: There are no longer any instances available with the requested specifications. Please refresh and try again.
[02:25:23] Secure candidate: A40  1x  mem=48GB  stock=High  price=$0.4/hr
[02:25:23] Trying 1xA40 on SECURE...
[02:25:24]   failed: There are no longer any instances available with the requested specifications. Please refresh and try again.
[02:25:24] Secure candidate: RTX 3090  1x  mem=24GB  stock=Low  price=$0.46/hr
[02:25:24] Trying 1xRTX 3090 on SECURE...
[02:25:25]   failed: There are no longer any instances available with the requested specifications. Please refresh and try again.
[02:25:25] Secure candidate: RTX A6000  1x  mem=48GB  stock=Low  price=$0.49/hr
[02:25:25] Trying 1xRTX A6000 on SECURE...
[02:25:27]   failed: There are no longer any instances available with the requested specifications. Please refresh and try again.
[02:25:27] Secure candidate: RTX PRO 4500  1x  mem=32GB  stock=High  price=$0.54/hr
[02:25:27] Trying 1xRTX PRO 4500 on SECURE...
[02:25:27]   failed: There are no longer any instances available with the requested specifications. Please refresh and try again.
[02:25:27] Secure candidate: RTX 4090  1x  mem=24GB  stock=High  price=$0.59/hr
[02:25:27] Trying 1xRTX 4090 on SECURE...
[02:25:28]   failed: There are no longer any instances available with the requested specifications. Please refresh and try again.
[02:25:28] Secure candidate: RTX 6000 Ada  1x  mem=48GB  stock=Low  price=$0.77/hr
[02:25:28] Trying 1xRTX 6000 Ada on SECURE...
[02:25:29]   failed: There are no longer any instances available with the requested specifications. Please refresh and try again.
[02:25:29] Secure candidate: L40S  1x  mem=48GB  stock=Low  price=$0.86/hr
[02:25:29] Trying 1xL40S on SECURE...
[02:25:29]   failed: There are no longer any instances available with the requested specifications. Please refresh and try again.
[02:25:29] Secure candidate: RTX 5090  1x  mem=32GB  stock=High  price=$0.89/hr
[02:25:29] Trying 1xRTX 5090 on SECURE...
[02:25:30]   failed: There are no longer any instances available with the requested specifications. Please refresh and try again.
[02:25:30] Secure candidate: A100 SXM  1x  mem=80GB  stock=Medium  price=$1.49/hr
[02:25:30] Trying 1xA100 SXM on SECURE...
[02:25:30]   failed: There are no longer any instances available with the requested specifications. Please refresh and try again.
[02:25:30] Secure candidate: RTX PRO 6000  1x  mem=96GB  stock=High  price=$1.69/hr
[02:25:31] Trying 1xRTX PRO 6000 on SECURE...
[02:25:32]   failed: There are no longer any instances available with the requested specifications. Please refresh and try again.
[02:25:32] Secure candidate: RTX PRO 6000 WK  1x  mem=96GB  stock=Low  price=$1.89/hr
[02:25:32] Trying 1xRTX PRO 6000 WK on SECURE...
[02:25:32]   failed: There are no longer any instances available with the requested specifications. Please refresh and try again.
[02:25:32] Secure candidate: H100 PCIe  1x  mem=80GB  stock=Low  price=$2.39/hr
[02:25:33] Trying 1xH100 PCIe on SECURE...
[02:25:33]   failed: There are no longer any instances available with the requested specifications. Please refresh and try again.
[02:25:33] Secure candidate: H100 SXM  1x  mem=80GB  stock=High  price=$2.69/hr
[02:25:33] Trying 1xH100 SXM on SECURE...
[02:25:34]   failed: There are no longer any instances available with the requested specifications. Please refresh and try again.
[02:25:34] Secure candidate: H100 NVL  1x  mem=94GB  stock=Low  price=$3.07/hr
[02:25:34] Trying 1xH100 NVL on SECURE...
[02:25:35]   failed: There are no longer any instances available with the requested specifications. Please refresh and try again.
[02:25:35] Secure candidate: H200 SXM  1x  mem=141GB  stock=Low  price=$3.59/hr
[02:25:35] Trying 1xH200 SXM on SECURE...
[02:25:36]   failed: There are no longer any instances available with the requested specifications. Please refresh and try again.
[02:25:36] FATAL: Could not create a cheap multi-GPU pod
[02:25:52] ========================================================
[02:25:52] Cheap Multi-GPU Small SKC Orchestrator
[02:25:52] Artifacts: /Users/akhileshgogikar/parameter-golf/records/track_10min_16mb/2026-03-25_Ternary_Feedback_TTT/gap_ablation_matrix_20260407_022405/baseline
[02:25:52] GPU count: 1
[02:25:52] Min mem  : 12GB
[02:25:52] Data     : 12 train shards
[02:25:52] ========================================================
0.16	RTX A5000	Low	24
0.17	RTX A4000	Low	16
0.18	RTX 3080 Ti	Low	12
0.19	RTX 4070 Ti	Low	12
0.19	RTX A4500	Low	20
0.2	RTX 4000 Ada	Low	20
0.22	RTX 3090	High	24
0.27	RTX 3090 Ti	Low	24
0.27	RTX 4080	Low	16
0.28	RTX 4080 SUPER	Low	16
0.33	RTX A6000	Low	48
0.34	RTX 4090	High	24
0.39	RTX 5080	Low	16
0.49	RTX 5000 Ada	Low	32
0.69	L40	Low	48
0.69	RTX 5090	Medium	32
0.74	RTX 6000 Ada	Low	48
0.79	L40S	Low	48
1.19	A100 PCIe	Low	80
1.64	RTX PRO 6000 MaxQ	Low	96
1.69	RTX PRO 6000 WK	Low	96
2.59	H100 NVL	Low	94
[02:25:57] Candidate: RTX A5000  1x  mem=24GB  stock=Low  price=$0.16/hr
[02:25:57] Trying 1xRTX A5000 on COMMUNITY...
[02:25:58]   failed: There are no longer any instances available with the requested specifications. Please refresh and try again.
[02:25:58] Candidate: RTX A4000  1x  mem=16GB  stock=Low  price=$0.17/hr
[02:25:58] Trying 1xRTX A4000 on COMMUNITY...
[02:25:59]   failed: There are no longer any instances available with the requested specifications. Please refresh and try again.
[02:25:59] Candidate: RTX 3080 Ti  1x  mem=12GB  stock=Low  price=$0.18/hr
[02:25:59] Trying 1xRTX 3080 Ti on COMMUNITY...
[02:26:00]   failed: There are no longer any instances available with the requested specifications. Please refresh and try again.
[02:26:00] Candidate: RTX 4070 Ti  1x  mem=12GB  stock=Low  price=$0.19/hr
[02:26:00] Trying 1xRTX 4070 Ti on COMMUNITY...
[02:26:01]   failed: There are no longer any instances available with the requested specifications. Please refresh and try again.
[02:26:01] Candidate: RTX A4500  1x  mem=20GB  stock=Low  price=$0.19/hr
[02:26:01] Trying 1xRTX A4500 on COMMUNITY...
[02:26:02]   failed: There are no longer any instances available with the requested specifications. Please refresh and try again.
[02:26:02] Candidate: RTX 4000 Ada  1x  mem=20GB  stock=Low  price=$0.2/hr
[02:26:02] Trying 1xRTX 4000 Ada on COMMUNITY...
[02:26:03]   failed: There are no longer any instances available with the requested specifications. Please refresh and try again.
[02:26:03] Candidate: RTX 3090  1x  mem=24GB  stock=High  price=$0.22/hr
[02:26:03] Trying 1xRTX 3090 on COMMUNITY...
[02:26:04]   failed: There are no longer any instances available with the requested specifications. Please refresh and try again.
[02:26:04] Candidate: RTX 3090 Ti  1x  mem=24GB  stock=Low  price=$0.27/hr
[02:26:04] Trying 1xRTX 3090 Ti on COMMUNITY...
[02:26:04]   failed: There are no longer any instances available with the requested specifications. Please refresh and try again.
[02:26:04] Candidate: RTX 4080  1x  mem=16GB  stock=Low  price=$0.27/hr
[02:26:04] Trying 1xRTX 4080 on COMMUNITY...
[02:26:06]   failed: There are no longer any instances available with the requested specifications. Please refresh and try again.
[02:26:06] Candidate: RTX 4080 SUPER  1x  mem=16GB  stock=Low  price=$0.28/hr
[02:26:06] Trying 1xRTX 4080 SUPER on COMMUNITY...
[02:26:07]   failed: There are no longer any instances available with the requested specifications. Please refresh and try again.
[02:26:07] Candidate: RTX A6000  1x  mem=48GB  stock=Low  price=$0.33/hr
[02:26:07] Trying 1xRTX A6000 on COMMUNITY...
[02:26:08]   failed: There are no longer any instances available with the requested specifications. Please refresh and try again.
[02:26:08] Candidate: RTX 4090  1x  mem=24GB  stock=High  price=$0.34/hr
[02:26:08] Trying 1xRTX 4090 on COMMUNITY...
[02:26:09]   failed: There are no longer any instances available with the requested specifications. Please refresh and try again.
[02:26:09] Candidate: RTX 5080  1x  mem=16GB  stock=Low  price=$0.39/hr
[02:26:09] Trying 1xRTX 5080 on COMMUNITY...
[02:26:10]   failed: There are no longer any instances available with the requested specifications. Please refresh and try again.
[02:26:10] Candidate: RTX 5000 Ada  1x  mem=32GB  stock=Low  price=$0.49/hr
[02:26:10] Trying 1xRTX 5000 Ada on COMMUNITY...
[02:26:11]   failed: There are no longer any instances available with the requested specifications. Please refresh and try again.
[02:26:11] Candidate: L40  1x  mem=48GB  stock=Low  price=$0.69/hr
[02:26:11] Trying 1xL40 on COMMUNITY...
[02:26:12]   failed: There are no longer any instances available with the requested specifications. Please refresh and try again.
[02:26:12] Candidate: RTX 5090  1x  mem=32GB  stock=Medium  price=$0.69/hr
[02:26:12] Trying 1xRTX 5090 on COMMUNITY...
[02:26:13]   failed: There are no longer any instances available with the requested specifications. Please refresh and try again.
[02:26:13] Candidate: RTX 6000 Ada  1x  mem=48GB  stock=Low  price=$0.74/hr
[02:26:13] Trying 1xRTX 6000 Ada on COMMUNITY...
[02:26:15]   failed: There are no longer any instances available with the requested specifications. Please refresh and try again.
[02:26:15] Candidate: L40S  1x  mem=48GB  stock=Low  price=$0.79/hr
[02:26:15] Trying 1xL40S on COMMUNITY...
[02:26:16]   failed: There are no longer any instances available with the requested specifications. Please refresh and try again.
[02:26:16] Candidate: A100 PCIe  1x  mem=80GB  stock=Low  price=$1.19/hr
[02:26:16] Trying 1xA100 PCIe on COMMUNITY...
[02:26:17]   failed: There are no longer any instances available with the requested specifications. Please refresh and try again.
[02:26:17] Candidate: RTX PRO 6000 MaxQ  1x  mem=96GB  stock=Low  price=$1.64/hr
[02:26:17] Trying 1xRTX PRO 6000 MaxQ on COMMUNITY...
[02:26:18]   failed: There are no longer any instances available with the requested specifications. Please refresh and try again.
[02:26:18] Candidate: RTX PRO 6000 WK  1x  mem=96GB  stock=Low  price=$1.69/hr
[02:26:18] Trying 1xRTX PRO 6000 WK on COMMUNITY...
[02:26:20]   failed: There are no longer any instances available with the requested specifications. Please refresh and try again.
[02:26:20] Candidate: H100 NVL  1x  mem=94GB  stock=Low  price=$2.59/hr
[02:26:20] Trying 1xH100 NVL on COMMUNITY...
[02:26:22]   failed: There are no longer any instances available with the requested specifications. Please refresh and try again.
0.24	RTX 2000 Ada	Low	16
0.25	RTX A4500	Low	20
0.26	RTX 4000 Ada	Low	20
0.39	L4	Low	24
0.4	A40	High	48
0.46	RTX 3090	Low	24
0.49	RTX A6000	Low	48
0.54	RTX PRO 4500	High	32
0.59	RTX 4090	High	24
0.77	RTX 6000 Ada	Low	48
0.86	L40S	Low	48
0.89	RTX 5090	High	32
1.49	A100 SXM	Medium	80
1.69	RTX PRO 6000	High	96
1.89	RTX PRO 6000 WK	Low	96
2.39	H100 PCIe	Low	80
2.69	H100 SXM	High	80
3.07	H100 NVL	Low	94
3.59	H200 SXM	Low	141
[02:26:24] Secure candidate: RTX 2000 Ada  1x  mem=16GB  stock=Low  price=$0.24/hr
[02:26:24] Trying 1xRTX 2000 Ada on SECURE...
[02:26:26]   failed: There are no longer any instances available with the requested specifications. Please refresh and try again.
[02:26:26] Secure candidate: RTX A4500  1x  mem=20GB  stock=Low  price=$0.25/hr
[02:26:26] Trying 1xRTX A4500 on SECURE...
[02:26:27]   failed: There are no longer any instances available with the requested specifications. Please refresh and try again.
[02:26:27] Secure candidate: RTX 4000 Ada  1x  mem=20GB  stock=Low  price=$0.26/hr
[02:26:27] Trying 1xRTX 4000 Ada on SECURE...
[02:26:28]   failed: There are no longer any instances available with the requested specifications. Please refresh and try again.
[02:26:28] Secure candidate: L4  1x  mem=24GB  stock=Low  price=$0.39/hr
[02:26:28] Trying 1xL4 on SECURE...
[02:26:29]   failed: There are no longer any instances available with the requested specifications. Please refresh and try again.
[02:26:29] Secure candidate: A40  1x  mem=48GB  stock=High  price=$0.4/hr
[02:26:29] Trying 1xA40 on SECURE...
[02:26:30]   failed: There are no longer any instances available with the requested specifications. Please refresh and try again.
[02:26:30] Secure candidate: RTX 3090  1x  mem=24GB  stock=Low  price=$0.46/hr
[02:26:30] Trying 1xRTX 3090 on SECURE...
[02:26:31]   failed: There are no longer any instances available with the requested specifications. Please refresh and try again.
[02:26:31] Secure candidate: RTX A6000  1x  mem=48GB  stock=Low  price=$0.49/hr
[02:26:31] Trying 1xRTX A6000 on SECURE...
[02:26:32]   failed: There are no longer any instances available with the requested specifications. Please refresh and try again.
[02:26:32] Secure candidate: RTX PRO 4500  1x  mem=32GB  stock=High  price=$0.54/hr
[02:26:32] Trying 1xRTX PRO 4500 on SECURE...
[02:26:33]   failed: There are no longer any instances available with the requested specifications. Please refresh and try again.
[02:26:33] Secure candidate: RTX 4090  1x  mem=24GB  stock=High  price=$0.59/hr
[02:26:33] Trying 1xRTX 4090 on SECURE...
[02:26:34]   failed: There are no longer any instances available with the requested specifications. Please refresh and try again.
[02:26:34] Secure candidate: RTX 6000 Ada  1x  mem=48GB  stock=Low  price=$0.77/hr
[02:26:34] Trying 1xRTX 6000 Ada on SECURE...
[02:26:35]   failed: There are no longer any instances available with the requested specifications. Please refresh and try again.
[02:26:35] Secure candidate: L40S  1x  mem=48GB  stock=Low  price=$0.86/hr
[02:26:35] Trying 1xL40S on SECURE...
[02:26:36]   failed: There are no longer any instances available with the requested specifications. Please refresh and try again.
[02:26:36] Secure candidate: RTX 5090  1x  mem=32GB  stock=High  price=$0.89/hr
[02:26:36] Trying 1xRTX 5090 on SECURE...
[02:26:37]   failed: There are no longer any instances available with the requested specifications. Please refresh and try again.
[02:26:37] Secure candidate: A100 SXM  1x  mem=80GB  stock=Medium  price=$1.49/hr
[02:26:37] Trying 1xA100 SXM on SECURE...
[02:26:38]   failed: There are no longer any instances available with the requested specifications. Please refresh and try again.
[02:26:38] Secure candidate: RTX PRO 6000  1x  mem=96GB  stock=High  price=$1.69/hr
[02:26:38] Trying 1xRTX PRO 6000 on SECURE...
[02:26:39]   failed: There are no longer any instances available with the requested specifications. Please refresh and try again.
[02:26:39] Secure candidate: RTX PRO 6000 WK  1x  mem=96GB  stock=Low  price=$1.89/hr
[02:26:39] Trying 1xRTX PRO 6000 WK on SECURE...
[02:26:39]   failed: There are no longer any instances available with the requested specifications. Please refresh and try again.
[02:26:39] Secure candidate: H100 PCIe  1x  mem=80GB  stock=Low  price=$2.39/hr
[02:26:39] Trying 1xH100 PCIe on SECURE...
[02:26:40]   failed: There are no longer any instances available with the requested specifications. Please refresh and try again.
[02:26:40] Secure candidate: H100 SXM  1x  mem=80GB  stock=High  price=$2.69/hr
[02:26:40] Trying 1xH100 SXM on SECURE...
[02:26:41]   failed: There are no longer any instances available with the requested specifications. Please refresh and try again.
[02:26:41] Secure candidate: H100 NVL  1x  mem=94GB  stock=Low  price=$3.07/hr
[02:26:41] Trying 1xH100 NVL on SECURE...
[02:26:42]   failed: There are no longer any instances available with the requested specifications. Please refresh and try again.
[02:26:42] Secure candidate: H200 SXM  1x  mem=141GB  stock=Low  price=$3.59/hr
[02:26:42] Trying 1xH200 SXM on SECURE...
[02:26:43]   failed: There are no longer any instances available with the requested specifications. Please refresh and try again.
[02:26:43] FATAL: Could not create a cheap multi-GPU pod
[02:26:59] ========================================================
[02:26:59] Cheap Multi-GPU Small SKC Orchestrator
[02:26:59] Artifacts: /Users/akhileshgogikar/parameter-golf/records/track_10min_16mb/2026-03-25_Ternary_Feedback_TTT/gap_ablation_matrix_20260407_022405/baseline
[02:26:59] GPU count: 1
[02:26:59] Min mem  : 12GB
[02:26:59] Data     : 12 train shards
[02:26:59] ========================================================
0.16	RTX A5000	Low	24
0.17	RTX A4000	Low	16
0.18	RTX 3080 Ti	Low	12
0.19	RTX 4070 Ti	Low	12
0.19	RTX A4500	Low	20
0.2	RTX 4000 Ada	Low	20
0.22	RTX 3090	High	24
0.27	RTX 3090 Ti	Low	24
0.27	RTX 4080	Low	16
0.28	RTX 4080 SUPER	Low	16
0.33	RTX A6000	Low	48
0.34	RTX 4090	High	24
0.39	RTX 5080	Low	16
0.49	RTX 5000 Ada	Low	32
0.69	L40	Low	48
0.69	RTX 5090	Medium	32
0.74	RTX 6000 Ada	Low	48
0.79	L40S	Low	48
1.19	A100 PCIe	Low	80
1.64	RTX PRO 6000 MaxQ	Low	96
1.69	RTX PRO 6000 WK	Low	96
2.59	H100 NVL	Low	94
[02:27:01] Candidate: RTX A5000  1x  mem=24GB  stock=Low  price=$0.16/hr
[02:27:01] Trying 1xRTX A5000 on COMMUNITY...
[02:27:02]   failed: There are no longer any instances available with the requested specifications. Please refresh and try again.
[02:27:02] Candidate: RTX A4000  1x  mem=16GB  stock=Low  price=$0.17/hr
[02:27:02] Trying 1xRTX A4000 on COMMUNITY...
[02:27:03]   failed: There are no longer any instances available with the requested specifications. Please refresh and try again.
[02:27:03] Candidate: RTX 3080 Ti  1x  mem=12GB  stock=Low  price=$0.18/hr
[02:27:03] Trying 1xRTX 3080 Ti on COMMUNITY...
[02:27:03]   failed: There are no longer any instances available with the requested specifications. Please refresh and try again.
[02:27:03] Candidate: RTX 4070 Ti  1x  mem=12GB  stock=Low  price=$0.19/hr
[02:27:03] Trying 1xRTX 4070 Ti on COMMUNITY...
[02:27:04]   failed: There are no longer any instances available with the requested specifications. Please refresh and try again.
[02:27:04] Candidate: RTX A4500  1x  mem=20GB  stock=Low  price=$0.19/hr
[02:27:04] Trying 1xRTX A4500 on COMMUNITY...
[02:27:05]   failed: There are no longer any instances available with the requested specifications. Please refresh and try again.
[02:27:05] Candidate: RTX 4000 Ada  1x  mem=20GB  stock=Low  price=$0.2/hr
[02:27:05] Trying 1xRTX 4000 Ada on COMMUNITY...
[02:27:06]   failed: There are no longer any instances available with the requested specifications. Please refresh and try again.
[02:27:06] Candidate: RTX 3090  1x  mem=24GB  stock=High  price=$0.22/hr
[02:27:06] Trying 1xRTX 3090 on COMMUNITY...
[02:27:07]   failed: There are no longer any instances available with the requested specifications. Please refresh and try again.
[02:27:07] Candidate: RTX 3090 Ti  1x  mem=24GB  stock=Low  price=$0.27/hr
[02:27:07] Trying 1xRTX 3090 Ti on COMMUNITY...
[02:27:08]   failed: There are no longer any instances available with the requested specifications. Please refresh and try again.
[02:27:08] Candidate: RTX 4080  1x  mem=16GB  stock=Low  price=$0.27/hr
[02:27:08] Trying 1xRTX 4080 on COMMUNITY...
[02:27:09]   failed: There are no longer any instances available with the requested specifications. Please refresh and try again.
[02:27:09] Candidate: RTX 4080 SUPER  1x  mem=16GB  stock=Low  price=$0.28/hr
[02:27:09] Trying 1xRTX 4080 SUPER on COMMUNITY...
[02:27:09]   failed: There are no longer any instances available with the requested specifications. Please refresh and try again.
[02:27:09] Candidate: RTX A6000  1x  mem=48GB  stock=Low  price=$0.33/hr
[02:27:09] Trying 1xRTX A6000 on COMMUNITY...
[02:27:10]   failed: There are no longer any instances available with the requested specifications. Please refresh and try again.
[02:27:10] Candidate: RTX 4090  1x  mem=24GB  stock=High  price=$0.34/hr
[02:27:10] Trying 1xRTX 4090 on COMMUNITY...
[02:27:11]   failed: There are no longer any instances available with the requested specifications. Please refresh and try again.
[02:27:11] Candidate: RTX 5080  1x  mem=16GB  stock=Low  price=$0.39/hr
[02:27:11] Trying 1xRTX 5080 on COMMUNITY...
[02:27:12]   failed: There are no longer any instances available with the requested specifications. Please refresh and try again.
[02:27:12] Candidate: RTX 5000 Ada  1x  mem=32GB  stock=Low  price=$0.49/hr
[02:27:12] Trying 1xRTX 5000 Ada on COMMUNITY...
[02:27:13]   failed: There are no longer any instances available with the requested specifications. Please refresh and try again.
[02:27:13] Candidate: L40  1x  mem=48GB  stock=Low  price=$0.69/hr
[02:27:13] Trying 1xL40 on COMMUNITY...
[02:27:14]   failed: There are no longer any instances available with the requested specifications. Please refresh and try again.
[02:27:14] Candidate: RTX 5090  1x  mem=32GB  stock=Medium  price=$0.69/hr
[02:27:14] Trying 1xRTX 5090 on COMMUNITY...
[02:27:15]   failed: There are no longer any instances available with the requested specifications. Please refresh and try again.
[02:27:15] Candidate: RTX 6000 Ada  1x  mem=48GB  stock=Low  price=$0.74/hr
[02:27:15] Trying 1xRTX 6000 Ada on COMMUNITY...
[02:27:16]   failed: There are no longer any instances available with the requested specifications. Please refresh and try again.
[02:27:16] Candidate: L40S  1x  mem=48GB  stock=Low  price=$0.79/hr
[02:27:16] Trying 1xL40S on COMMUNITY...
[02:27:16]   failed: There are no longer any instances available with the requested specifications. Please refresh and try again.
[02:27:16] Candidate: A100 PCIe  1x  mem=80GB  stock=Low  price=$1.19/hr
[02:27:16] Trying 1xA100 PCIe on COMMUNITY...
[02:27:18]   failed: There are no longer any instances available with the requested specifications. Please refresh and try again.
[02:27:18] Candidate: RTX PRO 6000 MaxQ  1x  mem=96GB  stock=Low  price=$1.64/hr
[02:27:18] Trying 1xRTX PRO 6000 MaxQ on COMMUNITY...
[02:27:19]   failed: There are no longer any instances available with the requested specifications. Please refresh and try again.
[02:27:19] Candidate: RTX PRO 6000 WK  1x  mem=96GB  stock=Low  price=$1.69/hr
[02:27:19] Trying 1xRTX PRO 6000 WK on COMMUNITY...
[02:27:19]   failed: There are no longer any instances available with the requested specifications. Please refresh and try again.
[02:27:19] Candidate: H100 NVL  1x  mem=94GB  stock=Low  price=$2.59/hr
[02:27:19] Trying 1xH100 NVL on COMMUNITY...
[02:27:20]   failed: There are no longer any instances available with the requested specifications. Please refresh and try again.
0.24	RTX 2000 Ada	Low	16
0.26	RTX 4000 Ada	Low	20
0.39	L4	Low	24
0.4	A40	High	48
0.46	RTX 3090	Low	24
0.49	RTX A6000	Low	48
0.54	RTX PRO 4500	High	32
0.59	RTX 4090	High	24
0.77	RTX 6000 Ada	Low	48
0.86	L40S	Low	48
0.89	RTX 5090	High	32
1.39	A100 PCIe	Low	80
1.49	A100 SXM	Medium	80
1.69	RTX PRO 6000	High	96
1.89	RTX PRO 6000 WK	Low	96
2.39	H100 PCIe	Low	80
2.69	H100 SXM	High	80
3.07	H100 NVL	Low	94
3.59	H200 SXM	Low	141
[02:27:21] Secure candidate: RTX 2000 Ada  1x  mem=16GB  stock=Low  price=$0.24/hr
[02:27:21] Trying 1xRTX 2000 Ada on SECURE...
[02:27:22]   failed: There are no longer any instances available with the requested specifications. Please refresh and try again.
[02:27:22] Secure candidate: RTX 4000 Ada  1x  mem=20GB  stock=Low  price=$0.26/hr
[02:27:22] Trying 1xRTX 4000 Ada on SECURE...
[02:27:23]   failed: There are no longer any instances available with the requested specifications. Please refresh and try again.
[02:27:23] Secure candidate: L4  1x  mem=24GB  stock=Low  price=$0.39/hr
[02:27:23] Trying 1xL4 on SECURE...
[02:27:24]   failed: There are no longer any instances available with the requested specifications. Please refresh and try again.
[02:27:24] Secure candidate: A40  1x  mem=48GB  stock=High  price=$0.4/hr
[02:27:24] Trying 1xA40 on SECURE...
[02:27:25]   failed: There are no longer any instances available with the requested specifications. Please refresh and try again.
[02:27:25] Secure candidate: RTX 3090  1x  mem=24GB  stock=Low  price=$0.46/hr
[02:27:25] Trying 1xRTX 3090 on SECURE...
[02:27:25]   failed: There are no longer any instances available with the requested specifications. Please refresh and try again.
[02:27:25] Secure candidate: RTX A6000  1x  mem=48GB  stock=Low  price=$0.49/hr
[02:27:25] Trying 1xRTX A6000 on SECURE...
[02:27:26]   failed: There are no longer any instances available with the requested specifications. Please refresh and try again.
[02:27:26] Secure candidate: RTX PRO 4500  1x  mem=32GB  stock=High  price=$0.54/hr
[02:27:26] Trying 1xRTX PRO 4500 on SECURE...
[02:27:27]   failed: There are no longer any instances available with the requested specifications. Please refresh and try again.
[02:27:27] Secure candidate: RTX 4090  1x  mem=24GB  stock=High  price=$0.59/hr
[02:27:27] Trying 1xRTX 4090 on SECURE...
[02:27:27]   failed: There are no longer any instances available with the requested specifications. Please refresh and try again.
[02:27:27] Secure candidate: RTX 6000 Ada  1x  mem=48GB  stock=Low  price=$0.77/hr
[02:27:27] Trying 1xRTX 6000 Ada on SECURE...
[02:27:28]   failed: There are no longer any instances available with the requested specifications. Please refresh and try again.
[02:27:28] Secure candidate: L40S  1x  mem=48GB  stock=Low  price=$0.86/hr
[02:27:28] Trying 1xL40S on SECURE...
[02:27:29]   failed: There are no longer any instances available with the requested specifications. Please refresh and try again.
[02:27:29] Secure candidate: RTX 5090  1x  mem=32GB  stock=High  price=$0.89/hr
[02:27:29] Trying 1xRTX 5090 on SECURE...
[02:27:30]   failed: There are no longer any instances available with the requested specifications. Please refresh and try again.
[02:27:30] Secure candidate: A100 PCIe  1x  mem=80GB  stock=Low  price=$1.39/hr
[02:27:30] Trying 1xA100 PCIe on SECURE...
[02:27:30]   failed: There are no longer any instances available with the requested specifications. Please refresh and try again.
[02:27:30] Secure candidate: A100 SXM  1x  mem=80GB  stock=Medium  price=$1.49/hr
[02:27:30] Trying 1xA100 SXM on SECURE...
[02:27:31]   failed: There are no longer any instances available with the requested specifications. Please refresh and try again.
[02:27:31] Secure candidate: RTX PRO 6000  1x  mem=96GB  stock=High  price=$1.69/hr
[02:27:31] Trying 1xRTX PRO 6000 on SECURE...
[02:27:32]   failed: There are no longer any instances available with the requested specifications. Please refresh and try again.
[02:27:32] Secure candidate: RTX PRO 6000 WK  1x  mem=96GB  stock=Low  price=$1.89/hr
[02:27:32] Trying 1xRTX PRO 6000 WK on SECURE...
[02:27:33]   failed: There are no longer any instances available with the requested specifications. Please refresh and try again.
[02:27:33] Secure candidate: H100 PCIe  1x  mem=80GB  stock=Low  price=$2.39/hr
[02:27:33] Trying 1xH100 PCIe on SECURE...
[02:27:34]   failed: There are no longer any instances available with the requested specifications. Please refresh and try again.
[02:27:34] Secure candidate: H100 SXM  1x  mem=80GB  stock=High  price=$2.69/hr
[02:27:34] Trying 1xH100 SXM on SECURE...
[02:27:34]   failed: There are no longer any instances available with the requested specifications. Please refresh and try again.
[02:27:34] Secure candidate: H100 NVL  1x  mem=94GB  stock=Low  price=$3.07/hr
[02:27:34] Trying 1xH100 NVL on SECURE...
[02:27:36]   failed: There are no longer any instances available with the requested specifications. Please refresh and try again.
[02:27:36] Secure candidate: H200 SXM  1x  mem=141GB  stock=Low  price=$3.59/hr
[02:27:36] Trying 1xH200 SXM on SECURE...
[02:27:38]   failed: There are no longer any instances available with the requested specifications. Please refresh and try again.
[02:27:38] FATAL: Could not create a cheap multi-GPU pod
[02:27:54] ========================================================
[02:27:54] Cheap Multi-GPU Small SKC Orchestrator
[02:27:54] Artifacts: /Users/akhileshgogikar/parameter-golf/records/track_10min_16mb/2026-03-25_Ternary_Feedback_TTT/gap_ablation_matrix_20260407_022405/baseline
[02:27:54] GPU count: 1
[02:27:54] Min mem  : 12GB
[02:27:54] Data     : 12 train shards
[02:27:54] ========================================================
0.16	RTX A5000	Low	24
0.17	RTX A4000	Low	16
0.18	RTX 3080 Ti	Low	12
0.19	RTX 4070 Ti	Low	12
0.19	RTX A4500	Low	20
0.2	RTX 4000 Ada	Low	20
0.22	RTX 3090	High	24
0.27	RTX 3090 Ti	Low	24
0.27	RTX 4080	Low	16
0.28	RTX 4080 SUPER	Low	16
0.33	RTX A6000	Low	48
0.34	RTX 4090	High	24
0.39	RTX 5080	Low	16
0.49	RTX 5000 Ada	Low	32
0.69	L40	Low	48
0.69	RTX 5090	Medium	32
0.74	RTX 6000 Ada	Low	48
0.79	L40S	Low	48
1.19	A100 PCIe	Low	80
1.64	RTX PRO 6000 MaxQ	Low	96
1.69	RTX PRO 6000 WK	Low	96
2.59	H100 NVL	Low	94
[02:27:58] Candidate: RTX A5000  1x  mem=24GB  stock=Low  price=$0.16/hr
[02:27:58] Trying 1xRTX A5000 on COMMUNITY...
[02:27:59]   failed: There are no longer any instances available with the requested specifications. Please refresh and try again.
[02:27:59] Candidate: RTX A4000  1x  mem=16GB  stock=Low  price=$0.17/hr
[02:27:59] Trying 1xRTX A4000 on COMMUNITY...
[02:28:00]   failed: There are no longer any instances available with the requested specifications. Please refresh and try again.
[02:28:00] Candidate: RTX 3080 Ti  1x  mem=12GB  stock=Low  price=$0.18/hr
[02:28:00] Trying 1xRTX 3080 Ti on COMMUNITY...
[02:28:01]   failed: There are no longer any instances available with the requested specifications. Please refresh and try again.
[02:28:01] Candidate: RTX 4070 Ti  1x  mem=12GB  stock=Low  price=$0.19/hr
[02:28:01] Trying 1xRTX 4070 Ti on COMMUNITY...
[02:28:02]   failed: There are no longer any instances available with the requested specifications. Please refresh and try again.
[02:28:02] Candidate: RTX A4500  1x  mem=20GB  stock=Low  price=$0.19/hr
[02:28:02] Trying 1xRTX A4500 on COMMUNITY...
[02:28:03]   failed: There are no longer any instances available with the requested specifications. Please refresh and try again.
[02:28:03] Candidate: RTX 4000 Ada  1x  mem=20GB  stock=Low  price=$0.2/hr
[02:28:03] Trying 1xRTX 4000 Ada on COMMUNITY...
[02:28:04]   failed: There are no longer any instances available with the requested specifications. Please refresh and try again.
[02:28:04] Candidate: RTX 3090  1x  mem=24GB  stock=High  price=$0.22/hr
[02:28:04] Trying 1xRTX 3090 on COMMUNITY...
[02:28:05]   failed: There are no longer any instances available with the requested specifications. Please refresh and try again.
[02:28:05] Candidate: RTX 3090 Ti  1x  mem=24GB  stock=Low  price=$0.27/hr
[02:28:05] Trying 1xRTX 3090 Ti on COMMUNITY...
[02:28:06]   failed: There are no longer any instances available with the requested specifications. Please refresh and try again.
[02:28:06] Candidate: RTX 4080  1x  mem=16GB  stock=Low  price=$0.27/hr
[02:28:06] Trying 1xRTX 4080 on COMMUNITY...
[02:28:07]   failed: There are no longer any instances available with the requested specifications. Please refresh and try again.
[02:28:07] Candidate: RTX 4080 SUPER  1x  mem=16GB  stock=Low  price=$0.28/hr
[02:28:07] Trying 1xRTX 4080 SUPER on COMMUNITY...
[02:28:07]   failed: There are no longer any instances available with the requested specifications. Please refresh and try again.
[02:28:07] Candidate: RTX A6000  1x  mem=48GB  stock=Low  price=$0.33/hr
[02:28:07] Trying 1xRTX A6000 on COMMUNITY...
[02:28:08]   failed: There are no longer any instances available with the requested specifications. Please refresh and try again.
[02:28:08] Candidate: RTX 4090  1x  mem=24GB  stock=High  price=$0.34/hr
[02:28:08] Trying 1xRTX 4090 on COMMUNITY...
[02:28:09]   failed: There are no longer any instances available with the requested specifications. Please refresh and try again.
[02:28:09] Candidate: RTX 5080  1x  mem=16GB  stock=Low  price=$0.39/hr
[02:28:09] Trying 1xRTX 5080 on COMMUNITY...
[02:28:09]   failed: There are no longer any instances available with the requested specifications. Please refresh and try again.
[02:28:09] Candidate: RTX 5000 Ada  1x  mem=32GB  stock=Low  price=$0.49/hr
[02:28:09] Trying 1xRTX 5000 Ada on COMMUNITY...
[02:28:10]   failed: There are no longer any instances available with the requested specifications. Please refresh and try again.
[02:28:10] Candidate: L40  1x  mem=48GB  stock=Low  price=$0.69/hr
[02:28:10] Trying 1xL40 on COMMUNITY...
[02:28:10]   failed: There are no longer any instances available with the requested specifications. Please refresh and try again.
[02:28:10] Candidate: RTX 5090  1x  mem=32GB  stock=Medium  price=$0.69/hr
[02:28:10] Trying 1xRTX 5090 on COMMUNITY...
[02:28:12]   failed: There are no longer any instances available with the requested specifications. Please refresh and try again.
[02:28:12] Candidate: RTX 6000 Ada  1x  mem=48GB  stock=Low  price=$0.74/hr
[02:28:12] Trying 1xRTX 6000 Ada on COMMUNITY...
[02:28:12]   failed: There are no longer any instances available with the requested specifications. Please refresh and try again.
[02:28:12] Candidate: L40S  1x  mem=48GB  stock=Low  price=$0.79/hr
[02:28:12] Trying 1xL40S on COMMUNITY...
[02:28:13]   failed: There are no longer any instances available with the requested specifications. Please refresh and try again.
[02:28:13] Candidate: A100 PCIe  1x  mem=80GB  stock=Low  price=$1.19/hr
[02:28:13] Trying 1xA100 PCIe on COMMUNITY...
[02:28:14]   failed: There are no longer any instances available with the requested specifications. Please refresh and try again.
[02:28:14] Candidate: RTX PRO 6000 MaxQ  1x  mem=96GB  stock=Low  price=$1.64/hr
[02:28:14] Trying 1xRTX PRO 6000 MaxQ on COMMUNITY...
[02:28:15]   failed: There are no longer any instances available with the requested specifications. Please refresh and try again.
[02:28:15] Candidate: RTX PRO 6000 WK  1x  mem=96GB  stock=Low  price=$1.69/hr
[02:28:15] Trying 1xRTX PRO 6000 WK on COMMUNITY...
[02:28:16]   failed: There are no longer any instances available with the requested specifications. Please refresh and try again.
[02:28:16] Candidate: H100 NVL  1x  mem=94GB  stock=Low  price=$2.59/hr
[02:28:16] Trying 1xH100 NVL on COMMUNITY...
[02:28:17]   failed: There are no longer any instances available with the requested specifications. Please refresh and try again.
0.24	RTX 2000 Ada	Low	16
0.25	RTX A4500	Low	20
0.26	RTX 4000 Ada	Low	20
0.27	RTX A5000	Low	24
0.4	A40	High	48
0.46	RTX 3090	Low	24
0.49	RTX A6000	Low	48
0.54	RTX PRO 4500	High	32
0.59	RTX 4090	High	24
0.77	RTX 6000 Ada	Low	48
0.86	L40S	Low	48
0.89	RTX 5090	High	32
1.49	A100 SXM	Medium	80
1.69	RTX PRO 6000	High	96
2.39	H100 PCIe	Low	80
2.69	H100 SXM	High	80
3.07	H100 NVL	Low	94
3.59	H200 SXM	Low	141
[02:28:18] Secure candidate: RTX 2000 Ada  1x  mem=16GB  stock=Low  price=$0.24/hr
[02:28:18] Trying 1xRTX 2000 Ada on SECURE...
[02:28:18]   failed: There are no longer any instances available with the requested specifications. Please refresh and try again.
[02:28:18] Secure candidate: RTX A4500  1x  mem=20GB  stock=Low  price=$0.25/hr
[02:28:18] Trying 1xRTX A4500 on SECURE...
[02:28:19]   failed: There are no longer any instances available with the requested specifications. Please refresh and try again.
[02:28:19] Secure candidate: RTX 4000 Ada  1x  mem=20GB  stock=Low  price=$0.26/hr
[02:28:19] Trying 1xRTX 4000 Ada on SECURE...
[02:28:20]   failed: There are no longer any instances available with the requested specifications. Please refresh and try again.
[02:28:20] Secure candidate: RTX A5000  1x  mem=24GB  stock=Low  price=$0.27/hr
[02:28:20] Trying 1xRTX A5000 on SECURE...
[02:28:21]   failed: There are no longer any instances available with the requested specifications. Please refresh and try again.
[02:28:21] Secure candidate: A40  1x  mem=48GB  stock=High  price=$0.4/hr
[02:28:21] Trying 1xA40 on SECURE...
[02:28:21]   failed: There are no longer any instances available with the requested specifications. Please refresh and try again.
[02:28:21] Secure candidate: RTX 3090  1x  mem=24GB  stock=Low  price=$0.46/hr
[02:28:21] Trying 1xRTX 3090 on SECURE...
[02:28:23]   failed: There are no longer any instances available with the requested specifications. Please refresh and try again.
[02:28:23] Secure candidate: RTX A6000  1x  mem=48GB  stock=Low  price=$0.49/hr
[02:28:23] Trying 1xRTX A6000 on SECURE...
[02:28:24]   failed: There are no longer any instances available with the requested specifications. Please refresh and try again.
[02:28:24] Secure candidate: RTX PRO 4500  1x  mem=32GB  stock=High  price=$0.54/hr
[02:28:24] Trying 1xRTX PRO 4500 on SECURE...
[02:28:25]   failed: There are no longer any instances available with the requested specifications. Please refresh and try again.
[02:28:25] Secure candidate: RTX 4090  1x  mem=24GB  stock=High  price=$0.59/hr
[02:28:25] Trying 1xRTX 4090 on SECURE...
[02:28:27]   failed: There are no longer any instances available with the requested specifications. Please refresh and try again.
[02:28:27] Secure candidate: RTX 6000 Ada  1x  mem=48GB  stock=Low  price=$0.77/hr
[02:28:27] Trying 1xRTX 6000 Ada on SECURE...
[02:28:29]   failed: There are no longer any instances available with the requested specifications. Please refresh and try again.
[02:28:29] Secure candidate: L40S  1x  mem=48GB  stock=Low  price=$0.86/hr
[02:28:29] Trying 1xL40S on SECURE...
[02:28:31]   failed: There are no longer any instances available with the requested specifications. Please refresh and try again.
[02:28:31] Secure candidate: RTX 5090  1x  mem=32GB  stock=High  price=$0.89/hr
[02:28:31] Trying 1xRTX 5090 on SECURE...
[02:28:32]   failed: There are no longer any instances available with the requested specifications. Please refresh and try again.
[02:28:32] Secure candidate: A100 SXM  1x  mem=80GB  stock=Medium  price=$1.49/hr
[02:28:32] Trying 1xA100 SXM on SECURE...
[02:28:34]   failed: There are no longer any instances available with the requested specifications. Please refresh and try again.
[02:28:34] Secure candidate: RTX PRO 6000  1x  mem=96GB  stock=High  price=$1.69/hr
[02:28:34] Trying 1xRTX PRO 6000 on SECURE...
[02:28:36]   failed: There are no longer any instances available with the requested specifications. Please refresh and try again.
[02:28:36] Secure candidate: H100 PCIe  1x  mem=80GB  stock=Low  price=$2.39/hr
[02:28:36] Trying 1xH100 PCIe on SECURE...
[02:28:37]   failed: There are no longer any instances available with the requested specifications. Please refresh and try again.
[02:28:37] Secure candidate: H100 SXM  1x  mem=80GB  stock=High  price=$2.69/hr
[02:28:37] Trying 1xH100 SXM on SECURE...
[02:28:39]   failed: There are no longer any instances available with the requested specifications. Please refresh and try again.
[02:28:39] Secure candidate: H100 NVL  1x  mem=94GB  stock=Low  price=$3.07/hr
[02:28:39] Trying 1xH100 NVL on SECURE...
[02:28:41]   failed: There are no longer any instances available with the requested specifications. Please refresh and try again.
[02:28:41] Secure candidate: H200 SXM  1x  mem=141GB  stock=Low  price=$3.59/hr
[02:28:41] Trying 1xH200 SXM on SECURE...
[02:28:42]   failed: There are no longer any instances available with the requested specifications. Please refresh and try again.
[02:28:42] FATAL: Could not create a cheap multi-GPU pod
