# cmd: torchrun --standalone --nproc_per_node=1 /root/parameter-golf/train_gpt.py
# env:DATA_PATH=/root/parameter-golf/data/datasets/fineweb10B_sp1024
# env:ITERATIONS=1000
# env:MAX_WALLCLOCK_SECONDS=600.0
# env:NCCL_IB_DISABLE=1
# env:RUN_ID=hf_verify_sp1024_1gpu_wd0p1_seed1339
# env:SEED=1339
# env:TOKENIZER_PATH=/root/parameter-golf/data/tokenizers/fineweb_1024_bpe.model
# env:TRAIN_BATCH_TOKENS=131072
# env:TRAIN_LOG_EVERY=50
# env:VAL_LOSS_EVERY=200
# env:VOCAB_SIZE=1024
# env:WEIGHT_DECAY=0.10000000000000001
logs/hf_verify_sp1024_1gpu_wd0p1_seed1339.txt
val_bpb:enabled tokenizer_kind=sentencepiece tokenizer_path=/root/parameter-golf/data/tokenizers/fineweb_1024_bpe.model
train_loader:dataset:fineweb10B_sp1024 train_shards:80
val_loader:shards pattern=/root/parameter-golf/data/datasets/fineweb10B_sp1024/fineweb_val_*.bin tokens:62021632
model_params:17059912
world_size:1 grad_accum_steps:8
sdp_backends:cudnn=False flash=True mem_efficient=False math=False
attention_mode:gqa num_heads:8 num_kv_heads:4
tie_embeddings:True enable_lora:False lora_rank:128 embed_lr:0.05 head_lr:0.0 matrix_lr:0.04 scalar_lr:0.04 weight_decay:0.1
train_batch_tokens:131072 train_seq_len:1024 iterations:1000 warmup_steps:20 max_wallclock_seconds:600.000
seed:1339
warmup_step:1/20
warmup_step:2/20
warmup_step:3/20
warmup_step:4/20
warmup_step:5/20
warmup_step:6/20
warmup_step:7/20
warmup_step:8/20
warmup_step:9/20
warmup_step:10/20
warmup_step:11/20
warmup_step:12/20
warmup_step:13/20
warmup_step:14/20
warmup_step:15/20
warmup_step:16/20
warmup_step:17/20
warmup_step:18/20
warmup_step:19/20
warmup_step:20/20
step:0/1000 val_loss:6.9358 val_bpb:4.1078 train_time:0ms step_avg:0.01ms
step:1/1000 train_loss:6.9387 train_time:234ms step_avg:233.79ms
step:2/1000 train_loss:16.4179 train_time:465ms step_avg:232.40ms
step:3/1000 train_loss:7.7656 train_time:696ms step_avg:232.10ms
step:4/1000 train_loss:7.0096 train_time:927ms step_avg:231.86ms
step:5/1000 train_loss:7.2260 train_time:1159ms step_avg:231.73ms
step:6/1000 train_loss:6.9094 train_time:1390ms step_avg:231.61ms
step:7/1000 train_loss:6.4978 train_time:1621ms step_avg:231.54ms
step:8/1000 train_loss:6.2954 train_time:1852ms step_avg:231.56ms
step:9/1000 train_loss:6.1397 train_time:2084ms step_avg:231.53ms
step:10/1000 train_loss:6.0314 train_time:2315ms step_avg:231.49ms
step:50/1000 train_loss:4.0259 train_time:11559ms step_avg:231.19ms
step:100/1000 train_loss:3.6626 train_time:23111ms step_avg:231.11ms
step:150/1000 train_loss:3.2558 train_time:34664ms step_avg:231.09ms
step:200/1000 train_loss:3.0137 train_time:46218ms step_avg:231.09ms
step:200/1000 val_loss:3.0405 val_bpb:1.8007 train_time:46218ms step_avg:231.09ms
step:250/1000 train_loss:2.8767 train_time:57765ms step_avg:231.06ms
step:300/1000 train_loss:2.8930 train_time:69313ms step_avg:231.04ms
step:350/1000 train_loss:2.7663 train_time:80868ms step_avg:231.05ms
step:400/1000 train_loss:2.8539 train_time:92425ms step_avg:231.06ms
step:400/1000 val_loss:2.8019 val_bpb:1.6594 train_time:92426ms step_avg:231.06ms
step:450/1000 train_loss:2.7008 train_time:103981ms step_avg:231.07ms
step:500/1000 train_loss:2.7984 train_time:115535ms step_avg:231.07ms
step:550/1000 train_loss:2.7363 train_time:127089ms step_avg:231.07ms
step:600/1000 train_loss:2.7720 train_time:138844ms step_avg:231.41ms
step:600/1000 val_loss:2.7223 val_bpb:1.6123 train_time:138844ms step_avg:231.41ms
step:650/1000 train_loss:2.6800 train_time:150402ms step_avg:231.39ms
step:700/1000 train_loss:2.5249 train_time:161986ms step_avg:231.41ms
step:750/1000 train_loss:2.6889 train_time:173741ms step_avg:231.65ms
step:800/1000 train_loss:2.6941 train_time:185331ms step_avg:231.66ms
step:800/1000 val_loss:2.7044 val_bpb:1.6017 train_time:185331ms step_avg:231.66ms
step:850/1000 train_loss:2.7439 train_time:196885ms step_avg:231.63ms
step:900/1000 train_loss:2.6808 train_time:208713ms step_avg:231.90ms
step:950/1000 train_loss:2.6629 train_time:220246ms step_avg:231.84ms
step:1000/1000 train_loss:2.6273 train_time:231793ms step_avg:231.79ms
step:1000/1000 val_loss:2.6398 val_bpb:1.5634 train_time:231794ms step_avg:231.79ms
peak memory allocated: 3258 MiB reserved: 3502 MiB
Serialized model: 67224578 bytes
Code size: 71622 bytes
Total submission size: 67296200 bytes
Serialized model int8+zlib: 12218456 bytes (payload:17178912 raw_torch:17223564 payload_ratio:3.91x)
Total submission size int8+zlib: 12290078 bytes
/root/parameter-golf/train_gpt.py:1657: FutureWarning: You are using `torch.load` with `weights_only=False` (the current default value), which uses the default pickle module implicitly. It is possible to construct malicious pickle data which will execute arbitrary code during unpickling (See https://github.com/pytorch/pytorch/blob/main/SECURITY.md#untrusted-models for more details). In a future release, the default value for `weights_only` will be flipped to `True`. This limits the functions that could be executed during unpickling. Arbitrary objects will no longer be allowed to be loaded via this mode unless they are explicitly allowlisted by the user via `torch.serialization.add_safe_globals`. We recommend you start setting `weights_only=True` for any use case where you don't have full control of the loaded file. Please open an issue on GitHub for any issues related to this experimental feature.
  quant_state = torch.load(io.BytesIO(zlib.decompress(quant_blob_disk)), map_location="cpu")
final_int8_zlib_roundtrip val_loss:2.6409 val_bpb:1.5641 eval_time:22420ms
final_int8_zlib_roundtrip_exact val_loss:2.64087384 val_bpb:1.56407424
