W0326 08:30:01.440000 50640 torch/distributed/run.py:803] 
W0326 08:30:01.440000 50640 torch/distributed/run.py:803] *****************************************
W0326 08:30:01.440000 50640 torch/distributed/run.py:803] Setting OMP_NUM_THREADS environment variable for each process to be 1 in default, to avoid your system being overloaded, please further tune the variable for optimal performance in your application as needed. 
W0326 08:30:01.440000 50640 torch/distributed/run.py:803] *****************************************
logs/db7fc102-3058-4777-8db5-63b82806fa5a.txt
val_bpb:enabled tokenizer_kind=sentencepiece tokenizer_path=/workspace/my-parameter-golf/data/tokenizers/fineweb_1024_bpe.model
train_loader:dataset:fineweb10B_sp1024 train_shards:80
val_loader:shards pattern=/workspace/my-parameter-golf/data/datasets/fineweb10B_sp1024/fineweb_val_*.bin tokens:62021632
model_params:26993756
mtp_num_heads:0 mtp_loss_weight:0.2 mtp_params:0
XSA:last_4 active_layers:[7, 8, 9, 10]
world_size:8 grad_accum_steps:1
sdp_backends:cudnn=False flash=True mem_efficient=False math=False
attention_mode:gqa num_heads:8 num_kv_heads:4
tie_embeddings:True embed_lr:0.035 head_lr:0.0 matrix_lr:0.025 scalar_lr:0.025
train_batch_tokens:786432 train_seq_len:4096 iterations:6000 warmup_steps:20 max_wallclock_seconds:600.000
seed:1337
warmup_step:1/20
warmup_step:2/20
warmup_step:3/20
warmup_step:4/20
warmup_step:5/20
warmup_step:6/20
warmup_step:7/20
warmup_step:8/20
warmup_step:9/20
warmup_step:10/20
warmup_step:11/20
warmup_step:12/20
warmup_step:13/20
warmup_step:14/20
warmup_step:15/20
warmup_step:16/20
warmup_step:17/20
warmup_step:18/20
warmup_step:19/20
warmup_step:20/20
step:0/6000 val_loss:6.9309 val_bpb:4.1049 train_time:0ms step_avg:0.01ms
step:1/6000 train_loss:6.9317 train_time:143ms step_avg:142.79ms
step:2/6000 train_loss:8.6535 train_time:175ms step_avg:87.47ms
step:3/6000 train_loss:7.6832 train_time:269ms step_avg:89.55ms
step:4/6000 train_loss:7.2580 train_time:365ms step_avg:91.29ms
step:5/6000 train_loss:7.1549 train_time:462ms step_avg:92.50ms
step:6/6000 train_loss:7.1128 train_time:558ms step_avg:93.04ms
step:7/6000 train_loss:6.9988 train_time:653ms step_avg:93.25ms
step:8/6000 train_loss:6.9216 train_time:750ms step_avg:93.80ms
step:9/6000 train_loss:6.5636 train_time:844ms step_avg:93.77ms
step:10/6000 train_loss:6.1710 train_time:939ms step_avg:93.93ms
step:500/6000 train_loss:2.3737 train_time:48972ms step_avg:97.94ms
step:1000/6000 train_loss:2.2412 train_time:98312ms step_avg:98.31ms
step:1500/6000 train_loss:2.1956 train_time:147674ms step_avg:98.45ms
step:2000/6000 train_loss:2.0318 train_time:196977ms step_avg:98.49ms
step:2500/6000 train_loss:2.1299 train_time:246230ms step_avg:98.49ms
step:3000/6000 train_loss:2.1290 train_time:295495ms step_avg:98.50ms
step:3500/6000 train_loss:2.1453 train_time:344738ms step_avg:98.50ms
step:4000/6000 train_loss:1.9450 train_time:393953ms step_avg:98.49ms
step:4000/6000 val_loss:2.0405 val_bpb:1.2085 train_time:394017ms step_avg:98.50ms
step:4500/6000 train_loss:2.1135 train_time:443163ms step_avg:98.48ms
step:5000/6000 train_loss:2.0841 train_time:492384ms step_avg:98.48ms
step:5500/6000 train_loss:1.9816 train_time:541583ms step_avg:98.47ms
swa:start step:5850
step:6000/6000 train_loss:1.8823 train_time:591057ms step_avg:98.51ms
step:6000/6000 val_loss:1.9226 val_bpb:1.1387 train_time:591194ms step_avg:98.53ms
peak memory allocated: 21473 MiB reserved: 22006 MiB
ema:applying EMA weights
DIAGNOSTIC post_ema val_loss:1.9188 val_bpb:1.1364 eval_time:2343ms
Serialized model: 106158518 bytes
Code size: 90453 bytes
Serialized model int6+lzma: 16652940 bytes
Total submission size int6+lzma: 16743393 bytes
final_int6_roundtrip val_loss:1.9260 val_bpb:1.1407 eval_time:18552ms
final_int6_roundtrip_exact val_loss:1.92604363 val_bpb:1.14071153
final_int6_sliding_window val_loss:1.9030 val_bpb:1.1271 stride:80 eval_time:147256ms
final_int6_sliding_window_exact val_loss:1.90301455 val_bpb:1.12707948
final_int8_zlib_roundtrip_exact val_loss:1.90301455 val_bpb:1.12707948
final_int6_sliding_window_s64 val_loss:1.9031 val_bpb:1.1271 stride:64 eval_time:165964ms
final_int6_sliding_window_s64_exact val_loss:1.90307061 val_bpb:1.12711167
final_int8_zlib_roundtrip_exact val_loss:1.90307061 val_bpb:1.12711167
ttt_sliding:start chunks=1893 chunk_tokens=32768 total_windows=775270 stride=80 ttt_lr=0.002 ttt_epochs=3 freeze_blocks=2
ttt_sliding:params unfrozen=26989644 frozen=4112
  ttt_chunk [1/1893] bpb=1.162643 time=0.5s
  ttt_chunk [11/1893] bpb=1.152129 time=3.4s
  ttt_chunk [21/1893] bpb=1.137295 time=6.2s
  ttt_chunk [31/1893] bpb=1.133266 time=9.1s
  ttt_chunk [41/1893] bpb=1.119511 time=11.9s
  ttt_chunk [51/1893] bpb=1.114638 time=14.8s
  ttt_chunk [61/1893] bpb=1.121148 time=17.6s
  ttt_chunk [71/1893] bpb=1.119266 time=20.5s
  ttt_chunk [81/1893] bpb=1.117605 time=23.3s
  ttt_chunk [91/1893] bpb=1.119063 time=26.2s
  ttt_chunk [101/1893] bpb=1.122542 time=29.1s
  ttt_chunk [111/1893] bpb=1.125729 time=31.9s
  ttt_chunk [121/1893] bpb=1.118976 time=34.8s
  ttt_chunk [131/1893] bpb=1.119470 time=37.7s
  ttt_chunk [141/1893] bpb=1.125312 time=40.5s
  ttt_chunk [151/1893] bpb=1.127072 time=43.4s
  ttt_chunk [161/1893] bpb=1.126405 time=46.3s
  ttt_chunk [171/1893] bpb=1.130991 time=49.2s
  ttt_chunk [181/1893] bpb=1.133247 time=52.1s
  ttt_chunk [191/1893] bpb=1.140765 time=54.9s
  ttt_chunk [201/1893] bpb=1.139501 time=57.8s
  ttt_chunk [211/1893] bpb=1.137547 time=60.6s
  ttt_chunk [221/1893] bpb=1.138948 time=63.5s
  ttt_chunk [231/1893] bpb=1.137790 time=66.3s
  ttt_chunk [241/1893] bpb=1.138164 time=69.2s
  ttt_chunk [251/1893] bpb=1.137684 time=72.0s
  ttt_chunk [261/1893] bpb=1.134849 time=74.9s
  ttt_chunk [271/1893] bpb=1.133672 time=77.7s
  ttt_chunk [281/1893] bpb=1.135188 time=80.6s
  ttt_chunk [291/1893] bpb=1.137199 time=83.4s
  ttt_chunk [301/1893] bpb=1.137957 time=86.3s
  ttt_chunk [311/1893] bpb=1.139978 time=89.1s
  ttt_chunk [321/1893] bpb=1.141947 time=92.0s
  ttt_chunk [331/1893] bpb=1.141791 time=94.8s
  ttt_chunk [341/1893] bpb=1.140765 time=97.7s
  ttt_chunk [351/1893] bpb=1.143097 time=100.5s
  ttt_chunk [361/1893] bpb=1.142926 time=103.4s
  ttt_chunk [371/1893] bpb=1.142216 time=106.2s
  ttt_chunk [381/1893] bpb=1.142338 time=109.1s
  ttt_chunk [391/1893] bpb=1.142199 time=111.9s
  ttt_chunk [401/1893] bpb=1.140180 time=114.8s
  ttt_chunk [411/1893] bpb=1.139101 time=117.6s
  ttt_chunk [421/1893] bpb=1.138139 time=120.5s
  ttt_chunk [431/1893] bpb=1.138062 time=123.3s
  ttt_chunk [441/1893] bpb=1.138442 time=126.2s
  ttt_chunk [451/1893] bpb=1.138900 time=129.0s
  ttt_chunk [461/1893] bpb=1.137861 time=131.9s
  ttt_chunk [471/1893] bpb=1.138457 time=134.7s
  ttt_chunk [481/1893] bpb=1.138085 time=137.6s
  ttt_chunk [491/1893] bpb=1.136915 time=140.4s
  ttt_chunk [501/1893] bpb=1.136394 time=143.3s
  ttt_chunk [511/1893] bpb=1.135873 time=146.1s
  ttt_chunk [521/1893] bpb=1.133511 time=149.0s
  ttt_chunk [531/1893] bpb=1.134740 time=151.8s
  ttt_chunk [541/1893] bpb=1.135147 time=154.7s
  ttt_chunk [551/1893] bpb=1.134124 time=157.5s
  ttt_chunk [561/1893] bpb=1.134702 time=160.4s
  ttt_chunk [571/1893] bpb=1.133693 time=163.2s
  ttt_chunk [581/1893] bpb=1.132895 time=166.1s
  ttt_chunk [591/1893] bpb=1.132344 time=168.9s
  ttt_chunk [601/1893] bpb=1.132797 time=171.8s
  ttt_chunk [611/1893] bpb=1.132727 time=174.6s
  ttt_chunk [621/1893] bpb=1.132572 time=177.5s
  ttt_chunk [631/1893] bpb=1.133307 time=180.3s
  ttt_chunk [641/1893] bpb=1.133115 time=183.2s
  ttt_chunk [651/1893] bpb=1.133039 time=186.1s
  ttt_chunk [661/1893] bpb=1.132469 time=189.0s
  ttt_chunk [671/1893] bpb=1.132865 time=191.8s
  ttt_chunk [681/1893] bpb=1.133599 time=194.7s
  ttt_chunk [691/1893] bpb=1.134522 time=197.5s
  ttt_chunk [701/1893] bpb=1.133969 time=200.4s
  ttt_chunk [711/1893] bpb=1.134008 time=203.3s
  ttt_chunk [721/1893] bpb=1.133651 time=206.1s
  ttt_chunk [731/1893] bpb=1.133749 time=209.0s
  ttt_chunk [741/1893] bpb=1.133884 time=211.8s
  ttt_chunk [751/1893] bpb=1.133662 time=214.7s
  ttt_chunk [761/1893] bpb=1.133610 time=217.5s
  ttt_chunk [771/1893] bpb=1.133244 time=220.4s
  ttt_chunk [781/1893] bpb=1.133985 time=223.2s
  ttt_chunk [791/1893] bpb=1.133504 time=226.1s
  ttt_chunk [801/1893] bpb=1.133840 time=228.9s
  ttt_chunk [811/1893] bpb=1.133630 time=231.8s
  ttt_chunk [821/1893] bpb=1.133405 time=234.6s
  ttt_chunk [831/1893] bpb=1.133216 time=237.5s
  ttt_chunk [841/1893] bpb=1.132578 time=240.3s
  ttt_chunk [851/1893] bpb=1.132376 time=243.2s
  ttt_chunk [861/1893] bpb=1.132154 time=246.0s
  ttt_chunk [871/1893] bpb=1.132471 time=248.9s
  ttt_chunk [881/1893] bpb=1.132662 time=251.7s
  ttt_chunk [891/1893] bpb=1.132189 time=254.6s
  ttt_chunk [901/1893] bpb=1.131937 time=257.4s
  ttt_chunk [911/1893] bpb=1.132101 time=260.3s
  ttt_chunk [921/1893] bpb=1.132600 time=263.1s
  ttt_chunk [931/1893] bpb=1.132492 time=266.0s
  ttt_chunk [941/1893] bpb=1.132188 time=268.8s
  ttt_chunk [951/1893] bpb=1.132609 time=271.7s
  ttt_chunk [961/1893] bpb=1.132712 time=274.5s
  ttt_chunk [971/1893] bpb=1.133584 time=277.3s
  ttt_chunk [981/1893] bpb=1.133697 time=280.2s
  ttt_chunk [991/1893] bpb=1.133677 time=283.0s
  ttt_chunk [1001/1893] bpb=1.133646 time=285.9s
  ttt_chunk [1011/1893] bpb=1.133429 time=288.7s
  ttt_chunk [1021/1893] bpb=1.133772 time=291.6s
  ttt_chunk [1031/1893] bpb=1.134241 time=294.4s
  ttt_chunk [1041/1893] bpb=1.133902 time=297.2s
  ttt_chunk [1051/1893] bpb=1.133673 time=300.1s
  ttt_chunk [1061/1893] bpb=1.133761 time=302.9s
  ttt_chunk [1071/1893] bpb=1.134404 time=305.8s
  ttt_chunk [1081/1893] bpb=1.134726 time=308.6s
  ttt_chunk [1091/1893] bpb=1.135399 time=311.5s
  ttt_chunk [1101/1893] bpb=1.135451 time=314.3s
  ttt_chunk [1111/1893] bpb=1.135309 time=317.1s
  ttt_chunk [1121/1893] bpb=1.135122 time=320.0s
  ttt_chunk [1131/1893] bpb=1.134997 time=322.8s
  ttt_chunk [1141/1893] bpb=1.134739 time=325.7s
  ttt_chunk [1151/1893] bpb=1.134753 time=328.5s
  ttt_chunk [1161/1893] bpb=1.134360 time=331.3s
  ttt_chunk [1171/1893] bpb=1.134573 time=334.2s
  ttt_chunk [1181/1893] bpb=1.133857 time=337.0s
  ttt_chunk [1191/1893] bpb=1.133704 time=339.9s
  ttt_chunk [1201/1893] bpb=1.134134 time=342.8s
  ttt_chunk [1211/1893] bpb=1.133652 time=345.6s
  ttt_chunk [1221/1893] bpb=1.133351 time=348.4s
  ttt_chunk [1231/1893] bpb=1.133084 time=351.3s
  ttt_chunk [1241/1893] bpb=1.132763 time=354.1s
  ttt_chunk [1251/1893] bpb=1.132156 time=357.0s
  ttt_chunk [1261/1893] bpb=1.132137 time=359.8s
  ttt_chunk [1271/1893] bpb=1.131807 time=362.7s
  ttt_chunk [1281/1893] bpb=1.131643 time=365.5s
  ttt_chunk [1291/1893] bpb=1.131419 time=368.3s
  ttt_chunk [1301/1893] bpb=1.130860 time=371.2s
  ttt_chunk [1311/1893] bpb=1.130486 time=374.0s
  ttt_chunk [1321/1893] bpb=1.130200 time=376.9s
  ttt_chunk [1331/1893] bpb=1.130186 time=379.7s
  ttt_chunk [1341/1893] bpb=1.130050 time=382.6s
  ttt_chunk [1351/1893] bpb=1.129989 time=385.4s
  ttt_chunk [1361/1893] bpb=1.130010 time=388.3s
  ttt_chunk [1371/1893] bpb=1.129888 time=391.1s
  ttt_chunk [1381/1893] bpb=1.129872 time=394.0s
  ttt_chunk [1391/1893] bpb=1.129468 time=396.9s
  ttt_chunk [1401/1893] bpb=1.129441 time=399.7s
  ttt_chunk [1411/1893] bpb=1.129515 time=402.6s
  ttt_chunk [1421/1893] bpb=1.129810 time=405.4s
  ttt_chunk [1431/1893] bpb=1.129520 time=408.3s
  ttt_chunk [1441/1893] bpb=1.129956 time=411.1s
  ttt_chunk [1451/1893] bpb=1.130297 time=414.0s
  ttt_chunk [1461/1893] bpb=1.129870 time=416.8s
  ttt_chunk [1471/1893] bpb=1.130928 time=419.7s
  ttt_chunk [1481/1893] bpb=1.130473 time=422.5s
  ttt_chunk [1491/1893] bpb=1.130300 time=425.4s
  ttt_chunk [1501/1893] bpb=1.130252 time=428.2s
  ttt_chunk [1511/1893] bpb=1.130287 time=431.1s
  ttt_chunk [1521/1893] bpb=1.130300 time=433.9s
  ttt_chunk [1531/1893] bpb=1.129776 time=436.8s
  ttt_chunk [1541/1893] bpb=1.129657 time=439.6s
  ttt_chunk [1551/1893] bpb=1.130006 time=442.5s
  ttt_chunk [1561/1893] bpb=1.130042 time=445.3s
  ttt_chunk [1571/1893] bpb=1.129870 time=448.1s
  ttt_chunk [1581/1893] bpb=1.129931 time=451.0s
  ttt_chunk [1591/1893] bpb=1.129802 time=453.8s
  ttt_chunk [1601/1893] bpb=1.130001 time=456.6s
  ttt_chunk [1611/1893] bpb=1.129943 time=459.5s
  ttt_chunk [1621/1893] bpb=1.129492 time=462.3s
  ttt_chunk [1631/1893] bpb=1.129824 time=465.2s
  ttt_chunk [1641/1893] bpb=1.129838 time=468.0s
  ttt_chunk [1651/1893] bpb=1.129790 time=470.9s
  ttt_chunk [1661/1893] bpb=1.129691 time=473.7s
  ttt_chunk [1671/1893] bpb=1.130167 time=476.5s
  ttt_chunk [1681/1893] bpb=1.130317 time=479.4s
  ttt_chunk [1691/1893] bpb=1.130150 time=482.2s
  ttt_chunk [1701/1893] bpb=1.130322 time=485.1s
  ttt_chunk [1711/1893] bpb=1.130327 time=487.9s
  ttt_chunk [1721/1893] bpb=1.130335 time=490.7s
  ttt_chunk [1731/1893] bpb=1.130222 time=493.6s
  ttt_chunk [1741/1893] bpb=1.130056 time=496.4s
  ttt_chunk [1751/1893] bpb=1.129856 time=499.3s
  ttt_chunk [1761/1893] bpb=1.130008 time=502.1s
  ttt_chunk [1771/1893] bpb=1.129919 time=504.9s
  ttt_chunk [1781/1893] bpb=1.129964 time=507.8s
  ttt_chunk [1791/1893] bpb=1.129542 time=510.6s
  ttt_chunk [1801/1893] bpb=1.129436 time=513.4s
  ttt_chunk [1811/1893] bpb=1.129353 time=516.2s
  ttt_chunk [1821/1893] bpb=1.129415 time=519.1s
  ttt_chunk [1831/1893] bpb=1.128845 time=521.9s
  ttt_chunk [1841/1893] bpb=1.128829 time=524.8s
  ttt_chunk [1851/1893] bpb=1.128596 time=527.6s
  ttt_chunk [1861/1893] bpb=1.128236 time=530.5s
  ttt_chunk [1871/1893] bpb=1.128232 time=533.3s
  ttt_chunk [1881/1893] bpb=1.127768 time=536.2s
  ttt_chunk [1891/1893] bpb=1.127550 time=539.0s
  ttt_chunk [1893/1893] bpb=1.127595 time=539.4s
ttt_sliding:done val_loss=1.900076 val_bpb=1.125339 elapsed=539.4s
legal_ttt val_loss:1.9001 val_bpb:1.1253 eval_time:539879ms
legal_ttt_exact val_loss:1.90007637 val_bpb:1.12533925
