W0323 20:54:52.293000 127289693430400 torch/distributed/run.py:779] 
W0323 20:54:52.293000 127289693430400 torch/distributed/run.py:779] *****************************************
W0323 20:54:52.293000 127289693430400 torch/distributed/run.py:779] Setting OMP_NUM_THREADS environment variable for each process to be 1 in default, to avoid your system being overloaded, please further tune the variable for optimal performance in your application as needed. 
W0323 20:54:52.293000 127289693430400 torch/distributed/run.py:779] *****************************************
logs/ea8207f3-3512-40fa-8778-2dad3b2b7c3e.txt
val_bpb:enabled tokenizer_kind=sentencepiece tokenizer_path=./data/tokenizers/fineweb_1024_bpe.model
train_loader:dataset:fineweb10B_sp1024 train_shards:10
val_loader:shards pattern=./data/datasets/fineweb10B_sp1024/fineweb_val_*.bin tokens:62021632
model_params:24741457
world_size:8 grad_accum_steps:1
attention_mode:gqa num_heads:8 num_kv_heads:4
tie_embeddings:True embed_lr:0.045 matrix_lr:0.035 scalar_lr:0.035
train_batch_tokens:786432 train_seq_len:2048 iterations:20000 warmup_steps:20 max_wallclock_seconds:600.000
seed:1337
late_qat_frac:0.0 rope_dims:0
muon_weight_decay:0.045 sliding_eval:True passthrough_max_numel:16384
warmup_step:1/20
warmup_step:2/20
warmup_step:3/20
warmup_step:4/20
warmup_step:5/20
warmup_step:6/20
warmup_step:7/20
warmup_step:8/20
warmup_step:9/20
warmup_step:10/20
warmup_step:11/20
warmup_step:12/20
warmup_step:13/20
warmup_step:14/20
warmup_step:15/20
warmup_step:16/20
warmup_step:17/20
warmup_step:18/20
warmup_step:19/20
warmup_step:20/20
step:0/20000 val_loss:6.9275 val_bpb:4.1028 train_time:0ms step_avg:0.02ms
late_qat:enabled step:0 frac:0.000 recompile_ms:9
step:1/20000 train_loss:6.9296 train_time:28917ms step_avg:28917.32ms
step:2/20000 train_loss:9.2557 train_time:28997ms step_avg:14498.57ms
step:3/20000 train_loss:9.2537 train_time:29098ms step_avg:9699.34ms
step:4/20000 train_loss:9.0946 train_time:29198ms step_avg:7299.48ms
step:5/20000 train_loss:8.8117 train_time:29299ms step_avg:5859.71ms
step:6/20000 train_loss:8.5241 train_time:29399ms step_avg:4899.86ms
step:7/20000 train_loss:8.1066 train_time:29499ms step_avg:4214.21ms
step:8/20000 train_loss:7.7751 train_time:29600ms step_avg:3699.98ms
step:9/20000 train_loss:7.2705 train_time:29700ms step_avg:3300.01ms
step:10/20000 train_loss:6.9505 train_time:29801ms step_avg:2980.06ms
step:100/20000 train_loss:3.3052 train_time:38901ms step_avg:389.01ms
step:200/20000 train_loss:2.4617 train_time:49096ms step_avg:245.48ms
step:300/20000 train_loss:2.5854 train_time:59302ms step_avg:197.67ms
step:400/20000 train_loss:2.4400 train_time:69533ms step_avg:173.83ms
step:500/20000 train_loss:2.4169 train_time:79730ms step_avg:159.46ms
step:500/20000 val_loss:2.3748 val_bpb:1.4065 train_time:79753ms step_avg:159.51ms
step:600/20000 train_loss:2.3563 train_time:89918ms step_avg:149.86ms
step:700/20000 train_loss:2.3613 train_time:100143ms step_avg:143.06ms
step:800/20000 train_loss:2.2651 train_time:110388ms step_avg:137.98ms
step:900/20000 train_loss:2.1457 train_time:120642ms step_avg:134.05ms
step:1000/20000 train_loss:2.2866 train_time:130846ms step_avg:130.85ms
step:1000/20000 val_loss:2.2392 val_bpb:1.3262 train_time:130870ms step_avg:130.87ms
step:1100/20000 train_loss:2.3432 train_time:141104ms step_avg:128.28ms
step:1200/20000 train_loss:2.3716 train_time:151361ms step_avg:126.13ms
step:1300/20000 train_loss:2.3728 train_time:161615ms step_avg:124.32ms
step:1400/20000 train_loss:2.2260 train_time:171874ms step_avg:122.77ms
step:1500/20000 train_loss:2.2081 train_time:182133ms step_avg:121.42ms
step:1500/20000 val_loss:2.1919 val_bpb:1.2982 train_time:182155ms step_avg:121.44ms
step:1600/20000 train_loss:2.2027 train_time:192366ms step_avg:120.23ms
step:1700/20000 train_loss:2.1960 train_time:202597ms step_avg:119.17ms
step:1800/20000 train_loss:2.1448 train_time:212842ms step_avg:118.25ms
step:1900/20000 train_loss:2.2039 train_time:223034ms step_avg:117.39ms
step:2000/20000 train_loss:2.1750 train_time:233276ms step_avg:116.64ms
step:2000/20000 val_loss:2.1466 val_bpb:1.2714 train_time:233298ms step_avg:116.65ms
step:2100/20000 train_loss:2.0735 train_time:243503ms step_avg:115.95ms
step:2200/20000 train_loss:2.1809 train_time:253726ms step_avg:115.33ms
step:2300/20000 train_loss:2.1145 train_time:263959ms step_avg:114.76ms
step:2400/20000 train_loss:2.1801 train_time:274135ms step_avg:114.22ms
step:2500/20000 train_loss:2.0756 train_time:284351ms step_avg:113.74ms
step:2500/20000 val_loss:2.1240 val_bpb:1.2580 train_time:284374ms step_avg:113.75ms
step:2600/20000 train_loss:2.1570 train_time:294574ms step_avg:113.30ms
step:2700/20000 train_loss:2.1144 train_time:304793ms step_avg:112.89ms
step:2800/20000 train_loss:2.1308 train_time:315007ms step_avg:112.50ms
step:2900/20000 train_loss:2.0652 train_time:325167ms step_avg:112.13ms
step:3000/20000 train_loss:2.1584 train_time:335371ms step_avg:111.79ms
step:3000/20000 val_loss:2.1102 val_bpb:1.2498 train_time:335394ms step_avg:111.80ms
step:3100/20000 train_loss:2.1011 train_time:345582ms step_avg:111.48ms
step:3200/20000 train_loss:1.9129 train_time:355794ms step_avg:111.19ms
step:3300/20000 train_loss:2.0526 train_time:365953ms step_avg:110.89ms
step:3400/20000 train_loss:2.1403 train_time:376162ms step_avg:110.64ms
step:3500/20000 train_loss:2.0987 train_time:386375ms step_avg:110.39ms
step:3500/20000 val_loss:2.1004 val_bpb:1.2440 train_time:386398ms step_avg:110.40ms
step:3600/20000 train_loss:2.0985 train_time:396576ms step_avg:110.16ms
step:3700/20000 train_loss:2.0413 train_time:406777ms step_avg:109.94ms
step:3800/20000 train_loss:2.0812 train_time:416918ms step_avg:109.72ms
step:3900/20000 train_loss:2.0698 train_time:427117ms step_avg:109.52ms
step:4000/20000 train_loss:2.0026 train_time:437326ms step_avg:109.33ms
step:4000/20000 val_loss:2.0740 val_bpb:1.2283 train_time:437350ms step_avg:109.34ms
step:4100/20000 train_loss:1.9597 train_time:447536ms step_avg:109.16ms
step:4200/20000 train_loss:2.1007 train_time:457735ms step_avg:108.98ms
step:4300/20000 train_loss:2.0602 train_time:467890ms step_avg:108.81ms
step:4400/20000 train_loss:2.0968 train_time:478102ms step_avg:108.66ms
step:4500/20000 train_loss:2.0489 train_time:488310ms step_avg:108.51ms
step:4500/20000 val_loss:2.0471 val_bpb:1.2124 train_time:488333ms step_avg:108.52ms
step:4600/20000 train_loss:1.9822 train_time:498512ms step_avg:108.37ms
step:4700/20000 train_loss:2.0207 train_time:508662ms step_avg:108.23ms
step:4800/20000 train_loss:2.0475 train_time:518862ms step_avg:108.10ms
step:4900/20000 train_loss:2.0210 train_time:529057ms step_avg:107.97ms
step:5000/20000 train_loss:2.0342 train_time:539285ms step_avg:107.86ms
step:5000/20000 val_loss:2.0116 val_bpb:1.1914 train_time:539310ms step_avg:107.86ms
step:5100/20000 train_loss:2.0018 train_time:549497ms step_avg:107.74ms
step:5200/20000 train_loss:2.0192 train_time:559658ms step_avg:107.63ms
step:5300/20000 train_loss:1.9120 train_time:569866ms step_avg:107.52ms
step:5400/20000 train_loss:1.9985 train_time:580083ms step_avg:107.42ms
step:5500/20000 train_loss:2.0135 train_time:590289ms step_avg:107.33ms
step:5500/20000 val_loss:1.9706 val_bpb:1.1671 train_time:590311ms step_avg:107.33ms
step:5596/20000 val_loss:1.9663 val_bpb:1.1646 train_time:600115ms step_avg:107.24ms
stopping_early: wallclock_cap train_time:600115ms step:5596/20000
peak memory allocated: 23662 MiB reserved: 24126 MiB
Serialized model: 96913856 bytes
Code size: 57887 bytes
Total submission size: 96971743 bytes
Serialized model int6+zstd: 15371132 bytes
Total submission size: 15429019 bytes
UNDER_CAP: 570981 bytes remaining
FINAL_SUBMISSION_BYTES:15429019
quant_payload_bytes:25449796
  category:mlp bytes:15769600 pct:62.0%
  category:attn bytes:7961600 pct:31.3%
  category:embed bytes:1048576 pct:4.1%
  category:other bytes:532484 pct:2.1%
  category:control bytes:137536 pct:0.5%
     1048576  torch.float16  (1024, 512)           tok_emb.weight
      786432  torch.int8  (512, 1536)           blocks.9.mlp.proj.weight.q
      786432  torch.int8  (1536, 512)           blocks.9.mlp.fc.weight.q
      786432  torch.int8  (512, 1536)           blocks.8.mlp.proj.weight.q
      786432  torch.int8  (1536, 512)           blocks.8.mlp.fc.weight.q
      786432  torch.int8  (512, 1536)           blocks.7.mlp.proj.weight.q
      786432  torch.int8  (1536, 512)           blocks.7.mlp.fc.weight.q
      786432  torch.int8  (512, 1536)           blocks.6.mlp.proj.weight.q
      786432  torch.int8  (1536, 512)           blocks.6.mlp.fc.weight.q
      786432  torch.int8  (512, 1536)           blocks.5.mlp.proj.weight.q
      786432  torch.int8  (1536, 512)           blocks.5.mlp.fc.weight.q
      786432  torch.int8  (512, 1536)           blocks.4.mlp.proj.weight.q
      786432  torch.int8  (1536, 512)           blocks.4.mlp.fc.weight.q
      786432  torch.int8  (512, 1536)           blocks.3.mlp.proj.weight.q
      786432  torch.int8  (1536, 512)           blocks.3.mlp.fc.weight.q
      786432  torch.int8  (512, 1536)           blocks.2.mlp.proj.weight.q
      786432  torch.int8  (1536, 512)           blocks.2.mlp.fc.weight.q
      786432  torch.int8  (512, 1536)           blocks.1.mlp.proj.weight.q
      786432  torch.int8  (1536, 512)           blocks.1.mlp.fc.weight.q
      786432  torch.int8  (512, 1536)           blocks.0.mlp.proj.weight.q
/workspace/parameter-golf/train_modified.py:1164: FutureWarning: You are using `torch.load` with `weights_only=False` (the current default value), which uses the default pickle module implicitly. It is possible to construct malicious pickle data which will execute arbitrary code during unpickling (See https://github.com/pytorch/pytorch/blob/main/SECURITY.md#untrusted-models for more details). In a future release, the default value for `weights_only` will be flipped to `True`. This limits the functions that could be executed during unpickling. Arbitrary objects will no longer be allowed to be loaded via this mode unless they are explicitly allowlisted by the user via `torch.serialization.add_safe_globals`. We recommend you start setting `weights_only=True` for any use case where you don't have full control of the loaded file. Please open an issue on GitHub for any issues related to this experimental feature.
  quant_state = torch.load(io.BytesIO(decompressed), map_location="cpu")
/workspace/parameter-golf/train_modified.py:1164: FutureWarning: You are using `torch.load` with `weights_only=False` (the current default value), which uses the default pickle module implicitly. It is possible to construct malicious pickle data which will execute arbitrary code during unpickling (See https://github.com/pytorch/pytorch/blob/main/SECURITY.md#untrusted-models for more details). In a future release, the default value for `weights_only` will be flipped to `True`. This limits the functions that could be executed during unpickling. Arbitrary objects will no longer be allowed to be loaded via this mode unless they are explicitly allowlisted by the user via `torch.serialization.add_safe_globals`. We recommend you start setting `weights_only=True` for any use case where you don't have full control of the loaded file. Please open an issue on GitHub for any issues related to this experimental feature.
  quant_state = torch.load(io.BytesIO(decompressed), map_location="cpu")
/workspace/parameter-golf/train_modified.py:1164: FutureWarning: You are using `torch.load` with `weights_only=False` (the current default value), which uses the default pickle module implicitly. It is possible to construct malicious pickle data which will execute arbitrary code during unpickling (See https://github.com/pytorch/pytorch/blob/main/SECURITY.md#untrusted-models for more details). In a future release, the default value for `weights_only` will be flipped to `True`. This limits the functions that could be executed during unpickling. Arbitrary objects will no longer be allowed to be loaded via this mode unless they are explicitly allowlisted by the user via `torch.serialization.add_safe_globals`. We recommend you start setting `weights_only=True` for any use case where you don't have full control of the loaded file. Please open an issue on GitHub for any issues related to this experimental feature.
  quant_state = torch.load(io.BytesIO(decompressed), map_location="cpu")
/workspace/parameter-golf/train_modified.py:1164: FutureWarning: You are using `torch.load` with `weights_only=False` (the current default value), which uses the default pickle module implicitly. It is possible to construct malicious pickle data which will execute arbitrary code during unpickling (See https://github.com/pytorch/pytorch/blob/main/SECURITY.md#untrusted-models for more details). In a future release, the default value for `weights_only` will be flipped to `True`. This limits the functions that could be executed during unpickling. Arbitrary objects will no longer be allowed to be loaded via this mode unless they are explicitly allowlisted by the user via `torch.serialization.add_safe_globals`. We recommend you start setting `weights_only=True` for any use case where you don't have full control of the loaded file. Please open an issue on GitHub for any issues related to this experimental feature.
  quant_state = torch.load(io.BytesIO(decompressed), map_location="cpu")
/workspace/parameter-golf/train_modified.py:1164: FutureWarning: You are using `torch.load` with `weights_only=False` (the current default value), which uses the default pickle module implicitly. It is possible to construct malicious pickle data which will execute arbitrary code during unpickling (See https://github.com/pytorch/pytorch/blob/main/SECURITY.md#untrusted-models for more details). In a future release, the default value for `weights_only` will be flipped to `True`. This limits the functions that could be executed during unpickling. Arbitrary objects will no longer be allowed to be loaded via this mode unless they are explicitly allowlisted by the user via `torch.serialization.add_safe_globals`. We recommend you start setting `weights_only=True` for any use case where you don't have full control of the loaded file. Please open an issue on GitHub for any issues related to this experimental feature.
  quant_state = torch.load(io.BytesIO(decompressed), map_location="cpu")
/workspace/parameter-golf/train_modified.py:1164: FutureWarning: You are using `torch.load` with `weights_only=False` (the current default value), which uses the default pickle module implicitly. It is possible to construct malicious pickle data which will execute arbitrary code during unpickling (See https://github.com/pytorch/pytorch/blob/main/SECURITY.md#untrusted-models for more details). In a future release, the default value for `weights_only` will be flipped to `True`. This limits the functions that could be executed during unpickling. Arbitrary objects will no longer be allowed to be loaded via this mode unless they are explicitly allowlisted by the user via `torch.serialization.add_safe_globals`. We recommend you start setting `weights_only=True` for any use case where you don't have full control of the loaded file. Please open an issue on GitHub for any issues related to this experimental feature.
  quant_state = torch.load(io.BytesIO(decompressed), map_location="cpu")
/workspace/parameter-golf/train_modified.py:1164: FutureWarning: You are using `torch.load` with `weights_only=False` (the current default value), which uses the default pickle module implicitly. It is possible to construct malicious pickle data which will execute arbitrary code during unpickling (See https://github.com/pytorch/pytorch/blob/main/SECURITY.md#untrusted-models for more details). In a future release, the default value for `weights_only` will be flipped to `True`. This limits the functions that could be executed during unpickling. Arbitrary objects will no longer be allowed to be loaded via this mode unless they are explicitly allowlisted by the user via `torch.serialization.add_safe_globals`. We recommend you start setting `weights_only=True` for any use case where you don't have full control of the loaded file. Please open an issue on GitHub for any issues related to this experimental feature.
  quant_state = torch.load(io.BytesIO(decompressed), map_location="cpu")
/workspace/parameter-golf/train_modified.py:1164: FutureWarning: You are using `torch.load` with `weights_only=False` (the current default value), which uses the default pickle module implicitly. It is possible to construct malicious pickle data which will execute arbitrary code during unpickling (See https://github.com/pytorch/pytorch/blob/main/SECURITY.md#untrusted-models for more details). In a future release, the default value for `weights_only` will be flipped to `True`. This limits the functions that could be executed during unpickling. Arbitrary objects will no longer be allowed to be loaded via this mode unless they are explicitly allowlisted by the user via `torch.serialization.add_safe_globals`. We recommend you start setting `weights_only=True` for any use case where you don't have full control of the loaded file. Please open an issue on GitHub for any issues related to this experimental feature.
  quant_state = torch.load(io.BytesIO(decompressed), map_location="cpu")
final_eval_mode:sliding stride:64 batch:32
  sliding_eval [  0.0%] 32/121136 windows running_bpb=1.210021
  sliding_eval [  1.3%] 1632/121136 windows running_bpb=1.143098
  sliding_eval [  2.7%] 3232/121136 windows running_bpb=1.144055
  sliding_eval [  4.0%] 4832/121136 windows running_bpb=1.137360
  sliding_eval [  5.3%] 6432/121136 windows running_bpb=1.149730
  sliding_eval [  6.6%] 8032/121136 windows running_bpb=1.150767
  sliding_eval [  8.0%] 9632/121136 windows running_bpb=1.152254
  sliding_eval [  9.3%] 11232/121136 windows running_bpb=1.147468
  sliding_eval [ 10.6%] 12832/121136 windows running_bpb=1.145133
  sliding_eval [ 11.9%] 14432/121136 windows running_bpb=1.147117
  sliding_eval [ 13.2%] 16032/121136 windows running_bpb=1.155730
  sliding_eval [ 14.6%] 17632/121136 windows running_bpb=1.153580
  sliding_eval [ 15.9%] 19232/121136 windows running_bpb=1.154817
  sliding_eval [ 17.2%] 20832/121136 windows running_bpb=1.153064
  sliding_eval [ 18.5%] 22432/121136 windows running_bpb=1.151773
  sliding_eval [ 19.8%] 24032/121136 windows running_bpb=1.152044
  sliding_eval [ 21.2%] 25632/121136 windows running_bpb=1.153435
  sliding_eval [ 22.5%] 27232/121136 windows running_bpb=1.154039
  sliding_eval [ 23.8%] 28832/121136 windows running_bpb=1.160136
  sliding_eval [ 25.1%] 30432/121136 windows running_bpb=1.157637
  sliding_eval [ 26.4%] 32032/121136 windows running_bpb=1.158574
  sliding_eval [ 27.8%] 33632/121136 windows running_bpb=1.157269
  sliding_eval [ 29.1%] 35232/121136 windows running_bpb=1.156694
  sliding_eval [ 30.4%] 36832/121136 windows running_bpb=1.156189
  sliding_eval [ 31.7%] 38432/121136 windows running_bpb=1.156909
  sliding_eval [ 33.0%] 40032/121136 windows running_bpb=1.154462
  sliding_eval [ 34.4%] 41632/121136 windows running_bpb=1.153360
  sliding_eval [ 35.7%] 43232/121136 windows running_bpb=1.153766
  sliding_eval [ 37.0%] 44832/121136 windows running_bpb=1.152575
  sliding_eval [ 38.3%] 46432/121136 windows running_bpb=1.152527
  sliding_eval [ 39.7%] 48032/121136 windows running_bpb=1.151773
  sliding_eval [ 41.0%] 49632/121136 windows running_bpb=1.153014
  sliding_eval [ 42.3%] 51232/121136 windows running_bpb=1.154081
  sliding_eval [ 43.6%] 52832/121136 windows running_bpb=1.154656
  sliding_eval [ 44.9%] 54432/121136 windows running_bpb=1.154124
  sliding_eval [ 46.3%] 56032/121136 windows running_bpb=1.154490
  sliding_eval [ 47.6%] 57632/121136 windows running_bpb=1.153578
  sliding_eval [ 48.9%] 59232/121136 windows running_bpb=1.149644
  sliding_eval [ 50.2%] 60832/121136 windows running_bpb=1.149780
  sliding_eval [ 51.5%] 62432/121136 windows running_bpb=1.150674
  sliding_eval [ 52.9%] 64032/121136 windows running_bpb=1.150850
  sliding_eval [ 54.2%] 65632/121136 windows running_bpb=1.150739
  sliding_eval [ 55.5%] 67232/121136 windows running_bpb=1.149549
  sliding_eval [ 56.8%] 68832/121136 windows running_bpb=1.149344
  sliding_eval [ 58.1%] 70432/121136 windows running_bpb=1.148611
  sliding_eval [ 59.5%] 72032/121136 windows running_bpb=1.148695
  sliding_eval [ 60.8%] 73632/121136 windows running_bpb=1.148681
  sliding_eval [ 62.1%] 75232/121136 windows running_bpb=1.148870
  sliding_eval [ 63.4%] 76832/121136 windows running_bpb=1.148601
  sliding_eval [ 64.7%] 78432/121136 windows running_bpb=1.149199
  sliding_eval [ 66.1%] 80032/121136 windows running_bpb=1.149472
  sliding_eval [ 67.4%] 81632/121136 windows running_bpb=1.149155
  sliding_eval [ 68.7%] 83232/121136 windows running_bpb=1.150192
  sliding_eval [ 70.0%] 84832/121136 windows running_bpb=1.152118
  sliding_eval [ 71.4%] 86432/121136 windows running_bpb=1.151382
  sliding_eval [ 72.7%] 88032/121136 windows running_bpb=1.152136
  sliding_eval [ 74.0%] 89632/121136 windows running_bpb=1.152521
  sliding_eval [ 75.3%] 91232/121136 windows running_bpb=1.152505
  sliding_eval [ 76.6%] 92832/121136 windows running_bpb=1.152073
  sliding_eval [ 78.0%] 94432/121136 windows running_bpb=1.152328
  sliding_eval [ 79.3%] 96032/121136 windows running_bpb=1.151705
  sliding_eval [ 80.6%] 97632/121136 windows running_bpb=1.154527
  sliding_eval [ 81.9%] 99232/121136 windows running_bpb=1.154562
  sliding_eval [ 83.2%] 100832/121136 windows running_bpb=1.154578
  sliding_eval [ 84.6%] 102432/121136 windows running_bpb=1.154216
  sliding_eval [ 85.9%] 104032/121136 windows running_bpb=1.153744
  sliding_eval [ 87.2%] 105632/121136 windows running_bpb=1.152991
  sliding_eval [ 88.5%] 107232/121136 windows running_bpb=1.152958
  sliding_eval [ 89.8%] 108832/121136 windows running_bpb=1.153598
  sliding_eval [ 91.2%] 110432/121136 windows running_bpb=1.153635
  sliding_eval [ 92.5%] 112032/121136 windows running_bpb=1.153595
  sliding_eval [ 93.8%] 113632/121136 windows running_bpb=1.154069
  sliding_eval [ 95.1%] 115232/121136 windows running_bpb=1.153831
  sliding_eval [ 96.4%] 116832/121136 windows running_bpb=1.153469
  sliding_eval [ 97.8%] 118432/121136 windows running_bpb=1.153740
  sliding_eval [ 99.1%] 120032/121136 windows running_bpb=1.153815
final_int8_zlib_roundtrip val_loss:1.9393 val_bpb:1.1486 eval_time:266744ms
final_int8_zlib_roundtrip_exact val_loss:1.93932862 val_bpb:1.14858269
