W0331 17:43:24.659000 116278 torch/distributed/run.py:851] 
W0331 17:43:24.659000 116278 torch/distributed/run.py:851] *****************************************
W0331 17:43:24.659000 116278 torch/distributed/run.py:851] Setting OMP_NUM_THREADS environment variable for each process to be 1 in default, to avoid your system being overloaded, please further tune the variable for optimal performance in your application as needed. 
W0331 17:43:24.659000 116278 torch/distributed/run.py:851] *****************************************
logs/afa7531b-6d8b-4dfd-b2aa-d03a6fa441ee.txt
mixed_seq_len: GPU0=2048x36=73728tok GPU1=2048x36=73728tok GPU2=2048x36=73728tok GPU3=2048x36=73728tok GPU4=2048x36=73728tok GPU5=6144x10=61440tok GPU6=6144x10=61440tok GPU7=6144x10=61440tok total=552960
val_bpb:enabled tokenizer_kind=sentencepiece tokenizer_path=./data/tokenizers/fineweb_1024_bpe.model
train_loader:dataset:fineweb10B_sp1024 train_shards:80
val_loader:shards pattern=./data/datasets/fineweb10B_sp1024/fineweb_val_*.bin tokens:62017536
model_params:29751910
mtp_num_heads:0 mtp_loss_weight:0.2 mtp_params:0
XSA:last_7 active_layers:[5, 6, 7, 8, 9, 10, 11]
window_attn:size=512 layers:[2, 4, 6, 8, 10]
world_size:8 grad_accum_steps:1
sdp_backends:cudnn=False flash=True mem_efficient=False math=False
attention_mode:gqa num_heads:8 num_kv_heads:4
tie_embeddings:True embed_lr:0.022 head_lr:0.0 matrix_lr:0.024 matrix_lr_late:0.019 scalar_lr:0.02 scalar_lr_late:0.038 leaky_slope:0.5
train_batch_tokens:589824 train_seq_len:2048 iterations:20000 warmup_steps:20 max_wallclock_seconds:600.000
seed:22
gptq:reserving 14000ms from training budget, effective=586000ms
warmup_step:1/20
warmup_step:2/20
warmup_step:3/20
warmup_step:4/20
warmup_step:5/20
warmup_step:6/20
warmup_step:7/20
warmup_step:8/20
warmup_step:9/20
warmup_step:10/20
warmup_step:11/20
warmup_step:12/20
warmup_step:13/20
warmup_step:14/20
warmup_step:15/20
warmup_step:16/20
warmup_step:17/20
warmup_step:18/20
warmup_step:19/20
warmup_step:20/20
step:0/20000 val_loss:6.9302 val_bpb:4.1044 train_time:0ms step_avg:0.01ms
step:1/20000 train_loss:6.9237 train_time:117ms step_avg:117.29ms
step:2/20000 train_loss:6.8527 train_time:164ms step_avg:81.81ms
step:3/20000 train_loss:6.5081 train_time:232ms step_avg:77.17ms
step:4/20000 train_loss:6.4626 train_time:300ms step_avg:75.05ms
step:5/20000 train_loss:6.5890 train_time:370ms step_avg:73.97ms
step:6/20000 train_loss:6.5643 train_time:438ms step_avg:72.93ms
step:7/20000 train_loss:6.2826 train_time:507ms step_avg:72.37ms
step:8/20000 train_loss:6.0730 train_time:575ms step_avg:71.84ms
step:9/20000 train_loss:5.8679 train_time:643ms step_avg:71.47ms
step:10/20000 train_loss:5.7096 train_time:712ms step_avg:71.16ms
step:500/20000 train_loss:2.2873 train_time:34642ms step_avg:69.28ms
step:1000/20000 train_loss:2.1971 train_time:69417ms step_avg:69.42ms
step:1500/20000 train_loss:2.1029 train_time:104121ms step_avg:69.41ms
step:2000/20000 train_loss:2.0623 train_time:138830ms step_avg:69.42ms
step:2500/20000 train_loss:1.9693 train_time:173545ms step_avg:69.42ms
step:3000/20000 train_loss:1.8855 train_time:208267ms step_avg:69.42ms
step:3500/20000 train_loss:1.8845 train_time:242993ms step_avg:69.43ms
step:4000/20000 train_loss:1.9171 train_time:277697ms step_avg:69.42ms
step:4000/20000 val_loss:2.0647 val_bpb:1.2228 train_time:277721ms step_avg:69.43ms
step:4500/20000 train_loss:1.8465 train_time:312389ms step_avg:69.42ms
step:5000/20000 train_loss:2.0170 train_time:347094ms step_avg:69.42ms
step:5500/20000 train_loss:2.0051 train_time:381785ms step_avg:69.42ms
step:6000/20000 train_loss:1.9704 train_time:416483ms step_avg:69.41ms
step:6500/20000 train_loss:1.9661 train_time:451173ms step_avg:69.41ms
step:7000/20000 train_loss:1.9590 train_time:485854ms step_avg:69.41ms
step:7500/20000 train_loss:1.9371 train_time:520550ms step_avg:69.41ms
swa:start step:7650
late_qat:enabled step:7839 scale:0.1499
step:8000/20000 train_loss:1.9468 train_time:555630ms step_avg:69.45ms
step:8000/20000 val_loss:1.9213 val_bpb:1.1379 train_time:555712ms step_avg:69.46ms
step:8432/20000 val_loss:1.9051 val_bpb:1.1283 train_time:586024ms step_avg:69.50ms
stopping_early: wallclock_cap train_time:586024ms step:8432/20000
peak memory allocated: 18548 MiB reserved: 18800 MiB
ema:applying EMA weights
DIAGNOSTIC post_ema val_loss:1.9039 val_bpb:1.1276 eval_time:2503ms
Serialized model: 116408386 bytes
Code size: 34101 bytes
gptq:building non-banked model for Hessian collection...
gptq:calibrating with 256 batches (train data)...
gptq:collected hessians for 74 layers (train data)
Serialized model int6+brotli: 15686801 bytes
Total submission size int6+brotli: 15720902 bytes
final_int6_roundtrip val_loss:1.8948 val_bpb:1.1222 eval_time:7313ms
final_int6_roundtrip_exact val_loss:1.89484229 val_bpb:1.12222850
final_int6_sliding_window val_loss:1.8785 val_bpb:1.1126 stride:128 eval_time:123504ms
final_int6_sliding_window_exact val_loss:1.87849470 val_bpb:1.11258526
