Running skc_6L_512D_128C (L=6 D=512 C=128 MODE=screen SMOKE=1)
logs/cuda/run_1775413789.txt
DDP enabled: 1 GPUs
Muon optimizer: matrix_lr=0.02 scalar_lr=0.015 embed_lr=0.025
params:24405641 L:6 d:512 h:8 kv:4 ws:1 ga:8 s:1337
warmup:1/5
warmup:2/5
warmup:3/5
warmup:4/5
warmup:5/5
step:1/10000 loss:6.9895 t:836ms avg:835.6ms
step:2/10000 loss:6.6596 t:1740ms avg:870.0ms
step:3/10000 loss:8.4639 t:2573ms avg:857.5ms
step:4/10000 loss:8.2897 t:3403ms avg:850.7ms
step:5/10000 loss:20.7239 t:4232ms avg:846.3ms
step:6/10000 loss:8.0957 t:5073ms avg:845.5ms
step:7/10000 loss:28.1051 t:5949ms avg:849.9ms
step:8/10000 loss:17.3400 t:6821ms avg:852.6ms
step:9/10000 loss:15.4648 t:7687ms avg:854.1ms
step:10/10000 loss:17.9105 t:8553ms avg:855.3ms
step:11/10000 loss:18.8154 t:9417ms avg:856.1ms
step:12/10000 loss:11.2726 t:10279ms avg:856.6ms
step:13/10000 loss:17.2224 t:11144ms avg:857.2ms
step:14/10000 loss:12.3440 t:12202ms avg:871.6ms
step:15/10000 loss:38.3964 t:13249ms avg:883.2ms
step:16/10000 loss:15.0027 t:14312ms avg:894.5ms
step:17/10000 loss:21.1371 t:15342ms avg:902.5ms
step:18/10000 loss:18.0030 t:16397ms avg:910.9ms
step:19/10000 loss:18.1510 t:17444ms avg:918.1ms
step:20/10000 loss:21.7984 t:18501ms avg:925.1ms
step:21/10000 loss:18.4189 t:19541ms avg:930.5ms
step:22/10000 loss:21.4880 t:20612ms avg:936.9ms
step:23/10000 loss:20.2286 t:21645ms avg:941.1ms
step:24/10000 loss:21.2045 t:22701ms avg:945.9ms
step:25/10000 loss:19.1603 t:24173ms avg:966.9ms
step:26/10000 loss:21.0801 t:25630ms avg:985.8ms
step:27/10000 loss:23.1650 t:27110ms avg:1004.1ms
step:28/10000 loss:24.9857 t:28564ms avg:1020.1ms
step:29/10000 loss:23.3070 t:30020ms avg:1035.2ms
step:30/10000 loss:24.9672 t:31478ms avg:1049.3ms
step:31/10000 loss:28.5202 t:32936ms avg:1062.5ms
step:32/10000 loss:23.9738 t:34494ms avg:1077.9ms
step:33/10000 loss:21.9930 t:35955ms avg:1089.5ms
step:34/10000 loss:21.9144 t:37409ms avg:1100.3ms
step:35/10000 loss:18.8489 t:38852ms avg:1110.1ms
step:36/10000 loss:19.4656 t:40333ms avg:1120.4ms
step:37/10000 loss:18.2177 t:41809ms avg:1130.0ms
step:38/10000 loss:16.0922 t:43282ms avg:1139.0ms
step:39/10000 loss:14.9288 t:44784ms avg:1148.3ms
step:40/10000 loss:14.1997 t:46242ms avg:1156.0ms
step:40/10000 val_loss:13.9554 val_bpb:8.4010 train_time:46258ms zero_frac:0.306
stopping_early: wallclock_cap train_time:46258ms step:40/10000
artifact:7.99MB ternary:22020096(4974783B) fp:1865353(3730706B) code:176975
budget:8162231/16000000 (8.16/16.00MB) FITS
eval_feedback_passes:2
final_ternary_roundtrip val_loss:13.9764 val_bpb:8.4136
=== DONE skc_6L_512D_128C ===
Log      : logs/ablation_skc_6L_512D_128C.log
Artifact : logs/ablation_skc_6L_512D_128C_model.ternary.ptz
Submit   : logs/ablation_skc_6L_512D_128C_submission.json
