W0407 02:55:15.241000 89491 torch/distributed/run.py:803] 
W0407 02:55:15.241000 89491 torch/distributed/run.py:803] *****************************************
W0407 02:55:15.241000 89491 torch/distributed/run.py:803] Setting OMP_NUM_THREADS environment variable for each process to be 1 in default, to avoid your system being overloaded, please further tune the variable for optimal performance in your application as needed. 
W0407 02:55:15.241000 89491 torch/distributed/run.py:803] *****************************************
Hyperparameters:
  adam_eps: 1e-08
  adam_wd: 0.02
  beta1: 0.9
  beta2: 0.95
  bigram_dim: 112
  bigram_vocab_size: 1536
  compressor: brotli
  data_dir: ./data/
  datasets_dir: ./data/datasets/fineweb10B_sp1024
  distributed: True
  ema_decay: 0.9965
  embed_lr: 0.6
  embed_wd: 0.09
  embedding_dim: 512
  eval_seq_len: 2048
  eval_stride: 64
  gptq_calibration_batches: 64
  gptq_enabled: True
  gptq_reserve_seconds: 10.0
  grad_accum_steps: 1
  grad_clip_norm: 0.3
  head_lr: 0.008
  is_main_process: True
  iterations: 20000
  ln_scale: True
  local_rank: 0
  logfile: logs/exp4_bigram_s42.txt
  logit_softcap: 30.0
  matrix_lr: 0.02
  max_wallclock_seconds: 600.0
  min_lr: 0.0
  mlp_mult: 4.0
  model_dim: 512
  model_path: final_model.pt
  muon_backend_steps: 5
  muon_beta2: 0.95
  muon_momentum: 0.99
  muon_momentum_warmup_start: 0.92
  muon_momentum_warmup_steps: 1500
  muon_wd: 0.09
  num_heads: 8
  num_kv_heads: 4
  num_layers: 11
  parallel_start_layer: 7
  qk_gain_init: 5.0
  quantized_model_path: final_model.int6.ptz
  rank: 0
  recur_layers: 4,5
  recur_start_step: 3000
  rope_base: 10000.0
  rope_dims: 16
  rope_train_seq_len: 2048
  run_id: exp4_bigram_s42
  scalar_lr: 0.02
  seed: 42
  skip_gates_enabled: True
  sliding_window_enabled: True
  tie_embeddings: True
  tied_embed_init_std: 0.005
  tied_embed_lr: 0.03
  tokenizer_path: ./data/tokenizers/fineweb_1024_bpe.model
  train_batch_tokens: 786432
  train_files: ./data/datasets/fineweb10B_sp1024/fineweb_train_*.bin
  train_log_every: 500
  train_seq_len: 2048
  ttt_batch_seqs: 32
  ttt_chunk_tokens: 32768
  ttt_enabled: False
  ttt_epochs: 3
  ttt_freeze_blocks: 0
  ttt_grad_clip: 1.0
  ttt_lr: 0.002
  ttt_momentum: 0.9
  val_batch_tokens: 524288
  val_files: ./data/datasets/fineweb10B_sp1024/fineweb_val_*.bin
  val_loss_every: 4000
  ve_dim: 128
  ve_enabled: True
  ve_layers: 9,10
  vocab_size: 1024
  warmdown_frac: 0.667
  warmup_steps: 20
  world_size: 8
  xsa_last_n: 11
train_shards: 80
val_tokens: 62021632
model_params:32665181
gptq:reserving 10s, effective=590000ms
warmup_step: 1/20
warmup_step: 2/20
warmup_step: 3/20
warmup_step: 4/20
warmup_step: 5/20
warmup_step: 6/20
warmup_step: 10/20
warmup_step: 20/20
0/20000 val_loss: 6.9282 val_bpb: 4.1033
1/20000 train_loss: 6.9290 train_time: 0.0m tok/s: 8661062
2/20000 train_loss: 7.9440 train_time: 0.0m tok/s: 8556081
3/20000 train_loss: 7.2013 train_time: 0.0m tok/s: 8448889
4/20000 train_loss: 7.1123 train_time: 0.0m tok/s: 8406822
5/20000 train_loss: 7.1255 train_time: 0.0m tok/s: 8386508
500/20000 train_loss: 2.3152 train_time: 0.8m tok/s: 8139568
1000/20000 train_loss: 2.1778 train_time: 1.6m tok/s: 8108218
1500/20000 train_loss: 2.0765 train_time: 2.4m tok/s: 8097717
2000/20000 train_loss: 2.0339 train_time: 3.2m tok/s: 8093823
2500/20000 train_loss: 1.9796 train_time: 4.0m tok/s: 8093125
3000/20000 train_loss: 1.9487 train_time: 4.9m tok/s: 8092979
recurrence:activated at step 3000, virtual_layers=[0, 1, 2, 3, 4, 5, 4, 5, 6, 7, 8, 9, 10]
3500/20000 train_loss: 1.9864 train_time: 6.0m tok/s: 7654930
4000/20000 train_loss: 2.0019 train_time: 6.9m tok/s: 7562739
4000/20000 val_loss: 1.9669 val_bpb: 1.1649
4500/20000 train_loss: 1.9144 train_time: 7.9m tok/s: 7493332
5000/20000 train_loss: 1.9477 train_time: 8.8m tok/s: 7438135
5500/20000 train_loss: 1.8530 train_time: 9.7m tok/s: 7394097
5545/20000 val_loss: 1.8742 val_bpb: 1.1100
stopping_early: wallclock_cap train_time: 590055ms step: 5545/20000
peak memory allocated: 29732 MiB reserved: 29844 MiB
ema:applying EMA weights
pre-quantization post-ema val_loss:1.87234514 val_bpb:1.10890825 eval_time:2660ms
Serialized model: 129050829 bytes
Code size: 86033 bytes
GPTQ:collecting Hessians from calibration data...
GPTQ:collected 66 Hessians in 9.7s
GPTQ quantization: 66 layers with full GPTQ, 0 fallback to clip-search
selective_prune: unpruned=14.56MB target=16.0MB
selective_prune: already fits, no pruning needed
Serialized model int6+brotli: 14478824 bytes
Total submission size int6+brotli: 14564857 bytes
final_int6_roundtrip val_loss:1.89352098 val_bpb:1.12144978 eval_time:8557ms
final_int6_sliding_window val_loss:1.85280934 val_bpb:1.09733806 eval_time:97150ms
