logs/submit_seed7.txt
val_bpb:enabled tokenizer_kind=sentencepiece tokenizer_path=./data/tokenizers/fineweb_1024_bpe.model
train_loader:dataset:fineweb10B_sp1024 train_shards:20
val_loader:shards pattern=./data/datasets/fineweb10B_sp1024/fineweb_val_*.bin tokens:62021632
model_params:22368841
world_size:1 grad_accum_steps:8
attention_mode:gqa num_heads:8 num_kv_heads:4
tie_embeddings:True embed_lr:0.03 matrix_lr:0.02 scalar_lr:0.02
train_batch_tokens:524288 train_seq_len:2048 iterations:20000 warmup_steps:20 max_wallclock_seconds:600.000
seed:7
warmup_step:1/20
warmup_step:2/20
warmup_step:3/20
warmup_step:4/20
warmup_step:5/20
warmup_step:6/20
warmup_step:7/20
warmup_step:8/20
warmup_step:9/20
warmup_step:10/20
warmup_step:11/20
warmup_step:12/20
warmup_step:13/20
warmup_step:14/20
warmup_step:15/20
warmup_step:16/20
warmup_step:17/20
warmup_step:18/20
warmup_step:19/20
warmup_step:20/20
step:0/20000 val_loss:6.9314 val_bpb:4.1051 train_time:0ms step_avg:0.02ms
step:1/20000 train_loss:6.9323 train_time:561ms step_avg:561.43ms
step:2/20000 train_loss:8.1308 train_time:1075ms step_avg:537.66ms
step:3/20000 train_loss:7.6160 train_time:1518ms step_avg:506.09ms
step:4/20000 train_loss:7.0014 train_time:2008ms step_avg:502.02ms
step:5/20000 train_loss:6.7708 train_time:2498ms step_avg:499.59ms
step:6/20000 train_loss:6.7491 train_time:2977ms step_avg:496.23ms
step:7/20000 train_loss:6.5236 train_time:3407ms step_avg:486.69ms
step:8/20000 train_loss:6.4869 train_time:3929ms step_avg:491.12ms
step:9/20000 train_loss:6.3370 train_time:4403ms step_avg:489.18ms
step:10/20000 train_loss:6.1774 train_time:4885ms step_avg:488.55ms
step:100/20000 train_loss:3.2061 train_time:48416ms step_avg:484.16ms
step:200/20000 train_loss:2.6932 train_time:97885ms step_avg:489.42ms
step:300/20000 train_loss:2.5235 train_time:147102ms step_avg:490.34ms
step:400/20000 train_loss:2.3062 train_time:196093ms step_avg:490.23ms
step:500/20000 train_loss:2.4086 train_time:245872ms step_avg:491.74ms
step:500/20000 val_loss:2.4034 val_bpb:1.4234 train_time:245872ms step_avg:491.74ms
step:600/20000 train_loss:2.4014 train_time:295570ms step_avg:492.62ms
swa:start step:700
step:700/20000 train_loss:2.3536 train_time:344343ms step_avg:491.92ms
step:800/20000 train_loss:2.2428 train_time:392770ms step_avg:490.96ms
step:900/20000 train_loss:2.2682 train_time:439408ms step_avg:488.23ms
step:1000/20000 train_loss:2.2522 train_time:486371ms step_avg:486.37ms
step:1000/20000 val_loss:2.2208 val_bpb:1.3153 train_time:486455ms step_avg:486.45ms
step:1100/20000 train_loss:2.1642 train_time:532862ms step_avg:484.42ms
step:1200/20000 train_loss:2.1684 train_time:580260ms step_avg:483.55ms
step:1242/20000 val_loss:2.1700 val_bpb:1.2852 train_time:600287ms step_avg:483.32ms
stopping_early: wallclock_cap train_time:600287ms step:1242/20000
peak memory allocated: 11561 MiB reserved: 11710 MiB
swa:applying averaged 6 checkpoints
Serialized model: 87413467 bytes
Code size: 52243 bytes
Total submission size: 87465710 bytes
Serialized model int6+zlib: 16324836 bytes
Total submission size int8+zlib: 16377079 bytes
final_eval_mode:sliding_window stride:64 batch_seqs:32
  sliding_eval [  0.0%] 32/969088 windows running_bpb=1.353701
  sliding_eval [  0.2%] 1632/969088 windows running_bpb=1.280463
  sliding_eval [  0.3%] 3232/969088 windows running_bpb=1.274572
  sliding_eval [  0.5%] 4832/969088 windows running_bpb=1.271317
  sliding_eval [  0.7%] 6432/969088 windows running_bpb=1.284204
  sliding_eval [  0.8%] 8032/969088 windows running_bpb=1.285991
  sliding_eval [  1.0%] 9632/969088 windows running_bpb=1.288166
  sliding_eval [  1.2%] 11232/969088 windows running_bpb=1.282823
  sliding_eval [  1.3%] 12832/969088 windows running_bpb=1.280238
  sliding_eval [  1.5%] 14432/969088 windows running_bpb=1.282299
  sliding_eval [  1.7%] 16032/969088 windows running_bpb=1.290949
  sliding_eval [  1.8%] 17632/969088 windows running_bpb=1.289080
  sliding_eval [  2.0%] 19232/969088 windows running_bpb=1.290064
  sliding_eval [  2.1%] 20832/969088 windows running_bpb=1.288698
  sliding_eval [  2.3%] 22432/969088 windows running_bpb=1.287495
  sliding_eval [  2.5%] 24032/969088 windows running_bpb=1.288015
  sliding_eval [  2.6%] 25632/969088 windows running_bpb=1.289627
  sliding_eval [  2.8%] 27232/969088 windows running_bpb=1.290072
  sliding_eval [  3.0%] 28832/969088 windows running_bpb=1.295930
  sliding_eval [  3.1%] 30432/969088 windows running_bpb=1.293284
  sliding_eval [  3.3%] 32032/969088 windows running_bpb=1.294559
  sliding_eval [  3.5%] 33632/969088 windows running_bpb=1.293002
  sliding_eval [  3.6%] 35232/969088 windows running_bpb=1.292296
  sliding_eval [  3.8%] 36832/969088 windows running_bpb=1.291558
  sliding_eval [  4.0%] 38432/969088 windows running_bpb=1.292059
  sliding_eval [  4.1%] 40032/969088 windows running_bpb=1.289637
  sliding_eval [  4.3%] 41632/969088 windows running_bpb=1.288782
  sliding_eval [  4.5%] 43232/969088 windows running_bpb=1.289213
  sliding_eval [  4.6%] 44832/969088 windows running_bpb=1.288334
  sliding_eval [  4.8%] 46432/969088 windows running_bpb=1.288171
  sliding_eval [  5.0%] 48032/969088 windows running_bpb=1.287242
  sliding_eval [  5.1%] 49632/969088 windows running_bpb=1.288659
  sliding_eval [  5.3%] 51232/969088 windows running_bpb=1.289810
  sliding_eval [  5.5%] 52832/969088 windows running_bpb=1.290374
  sliding_eval [  5.6%] 54432/969088 windows running_bpb=1.290046
  sliding_eval [  5.8%] 56032/969088 windows running_bpb=1.290596
  sliding_eval [  5.9%] 57632/969088 windows running_bpb=1.289990
  sliding_eval [  6.1%] 59232/969088 windows running_bpb=1.285837
  sliding_eval [  6.3%] 60832/969088 windows running_bpb=1.286022
  sliding_eval [  6.4%] 62432/969088 windows running_bpb=1.286604
  sliding_eval [  6.6%] 64032/969088 windows running_bpb=1.286934
  sliding_eval [  6.8%] 65632/969088 windows running_bpb=1.286825
  sliding_eval [  6.9%] 67232/969088 windows running_bpb=1.285581
  sliding_eval [  7.1%] 68832/969088 windows running_bpb=1.285278
  sliding_eval [  7.3%] 70432/969088 windows running_bpb=1.284415
  sliding_eval [  7.4%] 72032/969088 windows running_bpb=1.284488
  sliding_eval [  7.6%] 73632/969088 windows running_bpb=1.284594
  sliding_eval [  7.8%] 75232/969088 windows running_bpb=1.284918
  sliding_eval [  7.9%] 76832/969088 windows running_bpb=1.284647
  sliding_eval [  8.1%] 78432/969088 windows running_bpb=1.285055
  sliding_eval [  8.3%] 80032/969088 windows running_bpb=1.285418
  sliding_eval [  8.4%] 81632/969088 windows running_bpb=1.285298
  sliding_eval [  8.6%] 83232/969088 windows running_bpb=1.286570
  sliding_eval [  8.8%] 84832/969088 windows running_bpb=1.288551
  sliding_eval [  8.9%] 86432/969088 windows running_bpb=1.287663
  sliding_eval [  9.1%] 88032/969088 windows running_bpb=1.288323
  sliding_eval [  9.2%] 89632/969088 windows running_bpb=1.288707
  sliding_eval [  9.4%] 91232/969088 windows running_bpb=1.288577
  sliding_eval [  9.6%] 92832/969088 windows running_bpb=1.288075
  sliding_eval [  9.7%] 94432/969088 windows running_bpb=1.288365
  sliding_eval [  9.9%] 96032/969088 windows running_bpb=1.287883
  sliding_eval [ 10.1%] 97632/969088 windows running_bpb=1.290774
  sliding_eval [ 10.2%] 99232/969088 windows running_bpb=1.290868
  sliding_eval [ 10.4%] 100832/969088 windows running_bpb=1.290867
  sliding_eval [ 10.6%] 102432/969088 windows running_bpb=1.290475
  sliding_eval [ 10.7%] 104032/969088 windows running_bpb=1.290025
  sliding_eval [ 10.9%] 105632/969088 windows running_bpb=1.289353
  sliding_eval [ 11.1%] 107232/969088 windows running_bpb=1.289379
  sliding_eval [ 11.2%] 108832/969088 windows running_bpb=1.289985
  sliding_eval [ 11.4%] 110432/969088 windows running_bpb=1.290109
  sliding_eval [ 11.6%] 112032/969088 windows running_bpb=1.290040
  sliding_eval [ 11.7%] 113632/969088 windows running_bpb=1.290529
  sliding_eval [ 11.9%] 115232/969088 windows running_bpb=1.290370
  sliding_eval [ 12.1%] 116832/969088 windows running_bpb=1.290034
  sliding_eval [ 12.2%] 118432/969088 windows running_bpb=1.290326
  sliding_eval [ 12.4%] 120032/969088 windows running_bpb=1.290460
  sliding_eval [ 12.6%] 121632/969088 windows running_bpb=1.290684
  sliding_eval [ 12.7%] 123232/969088 windows running_bpb=1.290679
  sliding_eval [ 12.9%] 124832/969088 windows running_bpb=1.290205
  sliding_eval [ 13.0%] 126432/969088 windows running_bpb=1.290112
  sliding_eval [ 13.2%] 128032/969088 windows running_bpb=1.290085
  sliding_eval [ 13.4%] 129632/969088 windows running_bpb=1.290231
  sliding_eval [ 13.5%] 131232/969088 windows running_bpb=1.290472
  sliding_eval [ 13.7%] 132832/969088 windows running_bpb=1.290020
  sliding_eval [ 13.9%] 134432/969088 windows running_bpb=1.289504
  sliding_eval [ 14.0%] 136032/969088 windows running_bpb=1.288249
  sliding_eval [ 14.2%] 137632/969088 windows running_bpb=1.288767
  sliding_eval [ 14.4%] 139232/969088 windows running_bpb=1.288601
  sliding_eval [ 14.5%] 140832/969088 windows running_bpb=1.289354
  sliding_eval [ 14.7%] 142432/969088 windows running_bpb=1.289751
  sliding_eval [ 14.9%] 144032/969088 windows running_bpb=1.290131
  sliding_eval [ 15.0%] 145632/969088 windows running_bpb=1.289995
  sliding_eval [ 15.2%] 147232/969088 windows running_bpb=1.289842
  sliding_eval [ 15.4%] 148832/969088 windows running_bpb=1.289584
  sliding_eval [ 15.5%] 150432/969088 windows running_bpb=1.289292
  sliding_eval [ 15.7%] 152032/969088 windows running_bpb=1.288990
  sliding_eval [ 15.9%] 153632/969088 windows running_bpb=1.289818
  sliding_eval [ 16.0%] 155232/969088 windows running_bpb=1.289780
  sliding_eval [ 16.2%] 156832/969088 windows running_bpb=1.290265
  sliding_eval [ 16.3%] 158432/969088 windows running_bpb=1.290093
  sliding_eval [ 16.5%] 160032/969088 windows running_bpb=1.290553
  sliding_eval [ 16.7%] 161632/969088 windows running_bpb=1.290675
  sliding_eval [ 16.8%] 163232/969088 windows running_bpb=1.290614
  sliding_eval [ 17.0%] 164832/969088 windows running_bpb=1.290557
  sliding_eval [ 17.2%] 166432/969088 windows running_bpb=1.290655
  sliding_eval [ 17.3%] 168032/969088 windows running_bpb=1.290126
  sliding_eval [ 17.5%] 169632/969088 windows running_bpb=1.290098
  sliding_eval [ 17.7%] 171232/969088 windows running_bpb=1.289812
  sliding_eval [ 17.8%] 172832/969088 windows running_bpb=1.289658
  sliding_eval [ 18.0%] 174432/969088 windows running_bpb=1.289660
  sliding_eval [ 18.2%] 176032/969088 windows running_bpb=1.289465
  sliding_eval [ 18.3%] 177632/969088 windows running_bpb=1.289701
  sliding_eval [ 18.5%] 179232/969088 windows running_bpb=1.290034
  sliding_eval [ 18.7%] 180832/969088 windows running_bpb=1.290455
  sliding_eval [ 18.8%] 182432/969088 windows running_bpb=1.290802
  sliding_eval [ 19.0%] 184032/969088 windows running_bpb=1.291375
  sliding_eval [ 19.2%] 185632/969088 windows running_bpb=1.291000
  sliding_eval [ 19.3%] 187232/969088 windows running_bpb=1.290954
  sliding_eval [ 19.5%] 188832/969088 windows running_bpb=1.291133
  sliding_eval [ 19.7%] 190432/969088 windows running_bpb=1.291008
  sliding_eval [ 19.8%] 192032/969088 windows running_bpb=1.291183
  sliding_eval [ 20.0%] 193632/969088 windows running_bpb=1.291246
  sliding_eval [ 20.1%] 195232/969088 windows running_bpb=1.290707
  sliding_eval [ 20.3%] 196832/969088 windows running_bpb=1.290503
  sliding_eval [ 20.5%] 198432/969088 windows running_bpb=1.290760
  sliding_eval [ 20.6%] 200032/969088 windows running_bpb=1.290950
  sliding_eval [ 20.8%] 201632/969088 windows running_bpb=1.290920
  sliding_eval [ 21.0%] 203232/969088 windows running_bpb=1.290814
  sliding_eval [ 21.1%] 204832/969088 windows running_bpb=1.290639
  sliding_eval [ 21.3%] 206432/969088 windows running_bpb=1.290371
  sliding_eval [ 21.5%] 208032/969088 windows running_bpb=1.289906
  sliding_eval [ 21.6%] 209632/969088 windows running_bpb=1.289712
  sliding_eval [ 21.8%] 211232/969088 windows running_bpb=1.289422
  sliding_eval [ 22.0%] 212832/969088 windows running_bpb=1.289839
  sliding_eval [ 22.1%] 214432/969088 windows running_bpb=1.289590
  sliding_eval [ 22.3%] 216032/969088 windows running_bpb=1.289900
  sliding_eval [ 22.5%] 217632/969088 windows running_bpb=1.290160
  sliding_eval [ 22.6%] 219232/969088 windows running_bpb=1.290271
  sliding_eval [ 22.8%] 220832/969088 windows running_bpb=1.290046
  sliding_eval [ 23.0%] 222432/969088 windows running_bpb=1.289658
  sliding_eval [ 23.1%] 224032/969088 windows running_bpb=1.289746
  sliding_eval [ 23.3%] 225632/969088 windows running_bpb=1.289279
  sliding_eval [ 23.4%] 227232/969088 windows running_bpb=1.288974
  sliding_eval [ 23.6%] 228832/969088 windows running_bpb=1.289455
  sliding_eval [ 23.8%] 230432/969088 windows running_bpb=1.289235
  sliding_eval [ 23.9%] 232032/969088 windows running_bpb=1.289047
  sliding_eval [ 24.1%] 233632/969088 windows running_bpb=1.288743
  sliding_eval [ 24.3%] 235232/969088 windows running_bpb=1.288791
  sliding_eval [ 24.4%] 236832/969088 windows running_bpb=1.288981
  sliding_eval [ 24.6%] 238432/969088 windows running_bpb=1.289008
  sliding_eval [ 24.8%] 240032/969088 windows running_bpb=1.288646
  sliding_eval [ 24.9%] 241632/969088 windows running_bpb=1.288333
  sliding_eval [ 25.1%] 243232/969088 windows running_bpb=1.288184
  sliding_eval [ 25.3%] 244832/969088 windows running_bpb=1.288071
  sliding_eval [ 25.4%] 246432/969088 windows running_bpb=1.288124
  sliding_eval [ 25.6%] 248032/969088 windows running_bpb=1.287688
  sliding_eval [ 25.8%] 249632/969088 windows running_bpb=1.288208
  sliding_eval [ 25.9%] 251232/969088 windows running_bpb=1.288143
  sliding_eval [ 26.1%] 252832/969088 windows running_bpb=1.288303
  sliding_eval [ 26.3%] 254432/969088 windows running_bpb=1.288119
  sliding_eval [ 26.4%] 256032/969088 windows running_bpb=1.287790
  sliding_eval [ 26.6%] 257632/969088 windows running_bpb=1.287674
  sliding_eval [ 26.8%] 259232/969088 windows running_bpb=1.287402
  sliding_eval [ 26.9%] 260832/969088 windows running_bpb=1.287154
  sliding_eval [ 27.1%] 262432/969088 windows running_bpb=1.287086
  sliding_eval [ 27.2%] 264032/969088 windows running_bpb=1.286915
  sliding_eval [ 27.4%] 265632/969088 windows running_bpb=1.286982
  sliding_eval [ 27.6%] 267232/969088 windows running_bpb=1.286695
  sliding_eval [ 27.7%] 268832/969088 windows running_bpb=1.286681
  sliding_eval [ 27.9%] 270432/969088 windows running_bpb=1.287064
  sliding_eval [ 28.1%] 272032/969088 windows running_bpb=1.287455
  sliding_eval [ 28.2%] 273632/969088 windows running_bpb=1.287229
  sliding_eval [ 28.4%] 275232/969088 windows running_bpb=1.287011
  sliding_eval [ 28.6%] 276832/969088 windows running_bpb=1.287294
  sliding_eval [ 28.7%] 278432/969088 windows running_bpb=1.287060
  sliding_eval [ 28.9%] 280032/969088 windows running_bpb=1.286990
  sliding_eval [ 29.1%] 281632/969088 windows running_bpb=1.286689
  sliding_eval [ 29.2%] 283232/969088 windows running_bpb=1.286750
  sliding_eval [ 29.4%] 284832/969088 windows running_bpb=1.286622
  sliding_eval [ 29.6%] 286432/969088 windows running_bpb=1.286498
  sliding_eval [ 29.7%] 288032/969088 windows running_bpb=1.286477
  sliding_eval [ 29.9%] 289632/969088 windows running_bpb=1.286273
  sliding_eval [ 30.1%] 291232/969088 windows running_bpb=1.285954
  sliding_eval [ 30.2%] 292832/969088 windows running_bpb=1.285960
  sliding_eval [ 30.4%] 294432/969088 windows running_bpb=1.285816
  sliding_eval [ 30.5%] 296032/969088 windows running_bpb=1.285901
  sliding_eval [ 30.7%] 297632/969088 windows running_bpb=1.285626
  sliding_eval [ 30.9%] 299232/969088 windows running_bpb=1.285705
  sliding_eval [ 31.0%] 300832/969088 windows running_bpb=1.285411
  sliding_eval [ 31.2%] 302432/969088 windows running_bpb=1.285012
  sliding_eval [ 31.4%] 304032/969088 windows running_bpb=1.285129
  sliding_eval [ 31.5%] 305632/969088 windows running_bpb=1.285131
  sliding_eval [ 31.7%] 307232/969088 windows running_bpb=1.285070
  sliding_eval [ 31.9%] 308832/969088 windows running_bpb=1.284833
  sliding_eval [ 32.0%] 310432/969088 windows running_bpb=1.284791
  sliding_eval [ 32.2%] 312032/969088 windows running_bpb=1.284691
  sliding_eval [ 32.4%] 313632/969088 windows running_bpb=1.284574
  sliding_eval [ 32.5%] 315232/969088 windows running_bpb=1.284579
  sliding_eval [ 32.7%] 316832/969088 windows running_bpb=1.284692
  sliding_eval [ 32.9%] 318432/969088 windows running_bpb=1.284358
  sliding_eval [ 33.0%] 320032/969088 windows running_bpb=1.284271
  sliding_eval [ 33.2%] 321632/969088 windows running_bpb=1.284222
  sliding_eval [ 33.4%] 323232/969088 windows running_bpb=1.283947
  sliding_eval [ 33.5%] 324832/969088 windows running_bpb=1.283628
  sliding_eval [ 33.7%] 326432/969088 windows running_bpb=1.283423
  sliding_eval [ 33.8%] 328032/969088 windows running_bpb=1.283508
  sliding_eval [ 34.0%] 329632/969088 windows running_bpb=1.283611
  sliding_eval [ 34.2%] 331232/969088 windows running_bpb=1.283271
  sliding_eval [ 34.3%] 332832/969088 windows running_bpb=1.282985
  sliding_eval [ 34.5%] 334432/969088 windows running_bpb=1.282855
  sliding_eval [ 34.7%] 336032/969088 windows running_bpb=1.282836
  sliding_eval [ 34.8%] 337632/969088 windows running_bpb=1.282705
  sliding_eval [ 35.0%] 339232/969088 windows running_bpb=1.282817
  sliding_eval [ 35.2%] 340832/969088 windows running_bpb=1.282583
  sliding_eval [ 35.3%] 342432/969088 windows running_bpb=1.282499
  sliding_eval [ 35.5%] 344032/969088 windows running_bpb=1.282110
  sliding_eval [ 35.7%] 345632/969088 windows running_bpb=1.281824
  sliding_eval [ 35.8%] 347232/969088 windows running_bpb=1.281706
  sliding_eval [ 36.0%] 348832/969088 windows running_bpb=1.281522
  sliding_eval [ 36.2%] 350432/969088 windows running_bpb=1.281343
  sliding_eval [ 36.3%] 352032/969088 windows running_bpb=1.281490
  sliding_eval [ 36.5%] 353632/969088 windows running_bpb=1.281704
  sliding_eval [ 36.7%] 355232/969088 windows running_bpb=1.281367
  sliding_eval [ 36.8%] 356832/969088 windows running_bpb=1.281266
  sliding_eval [ 37.0%] 358432/969088 windows running_bpb=1.280947
  sliding_eval [ 37.2%] 360032/969088 windows running_bpb=1.280598
  sliding_eval [ 37.3%] 361632/969088 windows running_bpb=1.280434
  sliding_eval [ 37.5%] 363232/969088 windows running_bpb=1.280742
  sliding_eval [ 37.6%] 364832/969088 windows running_bpb=1.280753
  sliding_eval [ 37.8%] 366432/969088 windows running_bpb=1.280578
  sliding_eval [ 38.0%] 368032/969088 windows running_bpb=1.280502
  sliding_eval [ 38.1%] 369632/969088 windows running_bpb=1.280506
  sliding_eval [ 38.3%] 371232/969088 windows running_bpb=1.280491
  sliding_eval [ 38.5%] 372832/969088 windows running_bpb=1.280554
  sliding_eval [ 38.6%] 374432/969088 windows running_bpb=1.280878
  sliding_eval [ 38.8%] 376032/969088 windows running_bpb=1.280792
  sliding_eval [ 39.0%] 377632/969088 windows running_bpb=1.280904
  sliding_eval [ 39.1%] 379232/969088 windows running_bpb=1.280831
  sliding_eval [ 39.3%] 380832/969088 windows running_bpb=1.280578
  sliding_eval [ 39.5%] 382432/969088 windows running_bpb=1.280584
  sliding_eval [ 39.6%] 384032/969088 windows running_bpb=1.280366
  sliding_eval [ 39.8%] 385632/969088 windows running_bpb=1.280504
  sliding_eval [ 40.0%] 387232/969088 windows running_bpb=1.280524
  sliding_eval [ 40.1%] 388832/969088 windows running_bpb=1.280615
  sliding_eval [ 40.3%] 390432/969088 windows running_bpb=1.280533
  sliding_eval [ 40.5%] 392032/969088 windows running_bpb=1.280522
  sliding_eval [ 40.6%] 393632/969088 windows running_bpb=1.280524
  sliding_eval [ 40.8%] 395232/969088 windows running_bpb=1.280342
  sliding_eval [ 40.9%] 396832/969088 windows running_bpb=1.280564
  sliding_eval [ 41.1%] 398432/969088 windows running_bpb=1.280623
  sliding_eval [ 41.3%] 400032/969088 windows running_bpb=1.280606
  sliding_eval [ 41.4%] 401632/969088 windows running_bpb=1.280564
  sliding_eval [ 41.6%] 403232/969088 windows running_bpb=1.280469
  sliding_eval [ 41.8%] 404832/969088 windows running_bpb=1.280530
  sliding_eval [ 41.9%] 406432/969088 windows running_bpb=1.280332
  sliding_eval [ 42.1%] 408032/969088 windows running_bpb=1.280409
  sliding_eval [ 42.3%] 409632/969088 windows running_bpb=1.280428
  sliding_eval [ 42.4%] 411232/969088 windows running_bpb=1.280306
  sliding_eval [ 42.6%] 412832/969088 windows running_bpb=1.280408
  sliding_eval [ 42.8%] 414432/969088 windows running_bpb=1.280454
  sliding_eval [ 42.9%] 416032/969088 windows running_bpb=1.280437
  sliding_eval [ 43.1%] 417632/969088 windows running_bpb=1.280292
  sliding_eval [ 43.3%] 419232/969088 windows running_bpb=1.280245
  sliding_eval [ 43.4%] 420832/969088 windows running_bpb=1.280462
  sliding_eval [ 43.6%] 422432/969088 windows running_bpb=1.280433
  sliding_eval [ 43.8%] 424032/969088 windows running_bpb=1.280236
  sliding_eval [ 43.9%] 425632/969088 windows running_bpb=1.280188
  sliding_eval [ 44.1%] 427232/969088 windows running_bpb=1.280030
  sliding_eval [ 44.3%] 428832/969088 windows running_bpb=1.280023
  sliding_eval [ 44.4%] 430432/969088 windows running_bpb=1.279988
  sliding_eval [ 44.6%] 432032/969088 windows running_bpb=1.280135
  sliding_eval [ 44.7%] 433632/969088 windows running_bpb=1.280147
  sliding_eval [ 44.9%] 435232/969088 windows running_bpb=1.280045
  sliding_eval [ 45.1%] 436832/969088 windows running_bpb=1.280233
  sliding_eval [ 45.2%] 438432/969088 windows running_bpb=1.280224
  sliding_eval [ 45.4%] 440032/969088 windows running_bpb=1.280196
  sliding_eval [ 45.6%] 441632/969088 windows running_bpb=1.280348
  sliding_eval [ 45.7%] 443232/969088 windows running_bpb=1.280322
  sliding_eval [ 45.9%] 444832/969088 windows running_bpb=1.280393
  sliding_eval [ 46.1%] 446432/969088 windows running_bpb=1.280530
  sliding_eval [ 46.2%] 448032/969088 windows running_bpb=1.280508
  sliding_eval [ 46.4%] 449632/969088 windows running_bpb=1.280528
  sliding_eval [ 46.6%] 451232/969088 windows running_bpb=1.280626
  sliding_eval [ 46.7%] 452832/969088 windows running_bpb=1.280699
  sliding_eval [ 46.9%] 454432/969088 windows running_bpb=1.280466
  sliding_eval [ 47.1%] 456032/969088 windows running_bpb=1.280263
  sliding_eval [ 47.2%] 457632/969088 windows running_bpb=1.280469
  sliding_eval [ 47.4%] 459232/969088 windows running_bpb=1.280390
  sliding_eval [ 47.6%] 460832/969088 windows running_bpb=1.280384
  sliding_eval [ 47.7%] 462432/969088 windows running_bpb=1.280240
  sliding_eval [ 47.9%] 464032/969088 windows running_bpb=1.280139
  sliding_eval [ 48.0%] 465632/969088 windows running_bpb=1.280209
  sliding_eval [ 48.2%] 467232/969088 windows running_bpb=1.280196
  sliding_eval [ 48.4%] 468832/969088 windows running_bpb=1.280265
  sliding_eval [ 48.5%] 470432/969088 windows running_bpb=1.280273
  sliding_eval [ 48.7%] 472032/969088 windows running_bpb=1.280394
  sliding_eval [ 48.9%] 473632/969088 windows running_bpb=1.280284
  sliding_eval [ 49.0%] 475232/969088 windows running_bpb=1.280291
  sliding_eval [ 49.2%] 476832/969088 windows running_bpb=1.280322
  sliding_eval [ 49.4%] 478432/969088 windows running_bpb=1.280248
  sliding_eval [ 49.5%] 480032/969088 windows running_bpb=1.280680
  sliding_eval [ 49.7%] 481632/969088 windows running_bpb=1.280609
  sliding_eval [ 49.9%] 483232/969088 windows running_bpb=1.280723
  sliding_eval [ 50.0%] 484832/969088 windows running_bpb=1.281039
  sliding_eval [ 50.2%] 486432/969088 windows running_bpb=1.281085
  sliding_eval [ 50.4%] 488032/969088 windows running_bpb=1.280969
  sliding_eval [ 50.5%] 489632/969088 windows running_bpb=1.281120
  sliding_eval [ 50.7%] 491232/969088 windows running_bpb=1.281046
  sliding_eval [ 50.9%] 492832/969088 windows running_bpb=1.281240
  sliding_eval [ 51.0%] 494432/969088 windows running_bpb=1.281390
  sliding_eval [ 51.2%] 496032/969088 windows running_bpb=1.281615
  sliding_eval [ 51.4%] 497632/969088 windows running_bpb=1.281654
  sliding_eval [ 51.5%] 499232/969088 windows running_bpb=1.281722
  sliding_eval [ 51.7%] 500832/969088 windows running_bpb=1.281743
  sliding_eval [ 51.8%] 502432/969088 windows running_bpb=1.281788
  sliding_eval [ 52.0%] 504032/969088 windows running_bpb=1.281863
  sliding_eval [ 52.2%] 505632/969088 windows running_bpb=1.281834
  sliding_eval [ 52.3%] 507232/969088 windows running_bpb=1.281694
  sliding_eval [ 52.5%] 508832/969088 windows running_bpb=1.281798
  sliding_eval [ 52.7%] 510432/969088 windows running_bpb=1.281860
  sliding_eval [ 52.8%] 512032/969088 windows running_bpb=1.281946
  sliding_eval [ 53.0%] 513632/969088 windows running_bpb=1.282054
  sliding_eval [ 53.2%] 515232/969088 windows running_bpb=1.282083
  sliding_eval [ 53.3%] 516832/969088 windows running_bpb=1.282241
  sliding_eval [ 53.5%] 518432/969088 windows running_bpb=1.282191
  sliding_eval [ 53.7%] 520032/969088 windows running_bpb=1.282256
  sliding_eval [ 53.8%] 521632/969088 windows running_bpb=1.282253
  sliding_eval [ 54.0%] 523232/969088 windows running_bpb=1.282493
  sliding_eval [ 54.2%] 524832/969088 windows running_bpb=1.282650
  sliding_eval [ 54.3%] 526432/969088 windows running_bpb=1.282717
  sliding_eval [ 54.5%] 528032/969088 windows running_bpb=1.282862
  sliding_eval [ 54.7%] 529632/969088 windows running_bpb=1.282934
  sliding_eval [ 54.8%] 531232/969088 windows running_bpb=1.282945
  sliding_eval [ 55.0%] 532832/969088 windows running_bpb=1.283180
  sliding_eval [ 55.1%] 534432/969088 windows running_bpb=1.283080
  sliding_eval [ 55.3%] 536032/969088 windows running_bpb=1.283014
  sliding_eval [ 55.5%] 537632/969088 windows running_bpb=1.283040
  sliding_eval [ 55.6%] 539232/969088 windows running_bpb=1.283169
  sliding_eval [ 55.8%] 540832/969088 windows running_bpb=1.283173
  sliding_eval [ 56.0%] 542432/969088 windows running_bpb=1.283106
  sliding_eval [ 56.1%] 544032/969088 windows running_bpb=1.283051
  sliding_eval [ 56.3%] 545632/969088 windows running_bpb=1.283258
  sliding_eval [ 56.5%] 547232/969088 windows running_bpb=1.283375
  sliding_eval [ 56.6%] 548832/969088 windows running_bpb=1.283278
  sliding_eval [ 56.8%] 550432/969088 windows running_bpb=1.283293
  sliding_eval [ 57.0%] 552032/969088 windows running_bpb=1.283366
  sliding_eval [ 57.1%] 553632/969088 windows running_bpb=1.283299
  sliding_eval [ 57.3%] 555232/969088 windows running_bpb=1.283510
  sliding_eval [ 57.5%] 556832/969088 windows running_bpb=1.283600
  sliding_eval [ 57.6%] 558432/969088 windows running_bpb=1.283568
  sliding_eval [ 57.8%] 560032/969088 windows running_bpb=1.283650
  sliding_eval [ 58.0%] 561632/969088 windows running_bpb=1.283780
  sliding_eval [ 58.1%] 563232/969088 windows running_bpb=1.283721
  sliding_eval [ 58.3%] 564832/969088 windows running_bpb=1.283628
  sliding_eval [ 58.5%] 566432/969088 windows running_bpb=1.283619
  sliding_eval [ 58.6%] 568032/969088 windows running_bpb=1.283508
  sliding_eval [ 58.8%] 569632/969088 windows running_bpb=1.283470
  sliding_eval [ 58.9%] 571232/969088 windows running_bpb=1.283455
  sliding_eval [ 59.1%] 572832/969088 windows running_bpb=1.283330
  sliding_eval [ 59.3%] 574432/969088 windows running_bpb=1.283118
  sliding_eval [ 59.4%] 576032/969088 windows running_bpb=1.283018
  sliding_eval [ 59.6%] 577632/969088 windows running_bpb=1.283076
  sliding_eval [ 59.8%] 579232/969088 windows running_bpb=1.283076
  sliding_eval [ 59.9%] 580832/969088 windows running_bpb=1.282833
  sliding_eval [ 60.1%] 582432/969088 windows running_bpb=1.282755
  sliding_eval [ 60.3%] 584032/969088 windows running_bpb=1.282770
  sliding_eval [ 60.4%] 585632/969088 windows running_bpb=1.282782
  sliding_eval [ 60.6%] 587232/969088 windows running_bpb=1.282775
  sliding_eval [ 60.8%] 588832/969088 windows running_bpb=1.282781
  sliding_eval [ 60.9%] 590432/969088 windows running_bpb=1.282729
  sliding_eval [ 61.1%] 592032/969088 windows running_bpb=1.282648
  sliding_eval [ 61.3%] 593632/969088 windows running_bpb=1.282691
  sliding_eval [ 61.4%] 595232/969088 windows running_bpb=1.282628
  sliding_eval [ 61.6%] 596832/969088 windows running_bpb=1.282661
  sliding_eval [ 61.8%] 598432/969088 windows running_bpb=1.282391
  sliding_eval [ 61.9%] 600032/969088 windows running_bpb=1.282331
  sliding_eval [ 62.1%] 601632/969088 windows running_bpb=1.282248
  sliding_eval [ 62.2%] 603232/969088 windows running_bpb=1.282102
  sliding_eval [ 62.4%] 604832/969088 windows running_bpb=1.282055
  sliding_eval [ 62.6%] 606432/969088 windows running_bpb=1.282048
  sliding_eval [ 62.7%] 608032/969088 windows running_bpb=1.282140
  sliding_eval [ 62.9%] 609632/969088 windows running_bpb=1.282155
  sliding_eval [ 63.1%] 611232/969088 windows running_bpb=1.282376
  sliding_eval [ 63.2%] 612832/969088 windows running_bpb=1.282361
  sliding_eval [ 63.4%] 614432/969088 windows running_bpb=1.282333
  sliding_eval [ 63.6%] 616032/969088 windows running_bpb=1.282298
  sliding_eval [ 63.7%] 617632/969088 windows running_bpb=1.282146
  sliding_eval [ 63.9%] 619232/969088 windows running_bpb=1.281892
  sliding_eval [ 64.1%] 620832/969088 windows running_bpb=1.282096
  sliding_eval [ 64.2%] 622432/969088 windows running_bpb=1.282256
  sliding_eval [ 64.4%] 624032/969088 windows running_bpb=1.282395
  sliding_eval [ 64.6%] 625632/969088 windows running_bpb=1.282248
  sliding_eval [ 64.7%] 627232/969088 windows running_bpb=1.282242
  sliding_eval [ 64.9%] 628832/969088 windows running_bpb=1.282194
  sliding_eval [ 65.1%] 630432/969088 windows running_bpb=1.282171
  sliding_eval [ 65.2%] 632032/969088 windows running_bpb=1.281963
  sliding_eval [ 65.4%] 633632/969088 windows running_bpb=1.281872
  sliding_eval [ 65.5%] 635232/969088 windows running_bpb=1.281813
  sliding_eval [ 65.7%] 636832/969088 windows running_bpb=1.281767
  sliding_eval [ 65.9%] 638432/969088 windows running_bpb=1.281614
  sliding_eval [ 66.0%] 640032/969088 windows running_bpb=1.281347
  sliding_eval [ 66.2%] 641632/969088 windows running_bpb=1.281160
  sliding_eval [ 66.4%] 643232/969088 windows running_bpb=1.281078
  sliding_eval [ 66.5%] 644832/969088 windows running_bpb=1.281046
  sliding_eval [ 66.7%] 646432/969088 windows running_bpb=1.280987
  sliding_eval [ 66.9%] 648032/969088 windows running_bpb=1.280958
  sliding_eval [ 67.0%] 649632/969088 windows running_bpb=1.280839
  sliding_eval [ 67.2%] 651232/969088 windows running_bpb=1.280650
  sliding_eval [ 67.4%] 652832/969088 windows running_bpb=1.280527
  sliding_eval [ 67.5%] 654432/969088 windows running_bpb=1.280358
  sliding_eval [ 67.7%] 656032/969088 windows running_bpb=1.280340
  sliding_eval [ 67.9%] 657632/969088 windows running_bpb=1.280248
  sliding_eval [ 68.0%] 659232/969088 windows running_bpb=1.280199
  sliding_eval [ 68.2%] 660832/969088 windows running_bpb=1.280054
  sliding_eval [ 68.4%] 662432/969088 windows running_bpb=1.280043
  sliding_eval [ 68.5%] 664032/969088 windows running_bpb=1.280127
  sliding_eval [ 68.7%] 665632/969088 windows running_bpb=1.279969
  sliding_eval [ 68.9%] 667232/969088 windows running_bpb=1.279869
  sliding_eval [ 69.0%] 668832/969088 windows running_bpb=1.279857
  sliding_eval [ 69.2%] 670432/969088 windows running_bpb=1.279680
  sliding_eval [ 69.3%] 672032/969088 windows running_bpb=1.279558
  sliding_eval [ 69.5%] 673632/969088 windows running_bpb=1.279515
  sliding_eval [ 69.7%] 675232/969088 windows running_bpb=1.279344
  sliding_eval [ 69.8%] 676832/969088 windows running_bpb=1.279216
  sliding_eval [ 70.0%] 678432/969088 windows running_bpb=1.279107
  sliding_eval [ 70.2%] 680032/969088 windows running_bpb=1.279040
  sliding_eval [ 70.3%] 681632/969088 windows running_bpb=1.279006
  sliding_eval [ 70.5%] 683232/969088 windows running_bpb=1.278945
  sliding_eval [ 70.7%] 684832/969088 windows running_bpb=1.278815
  sliding_eval [ 70.8%] 686432/969088 windows running_bpb=1.278828
  sliding_eval [ 71.0%] 688032/969088 windows running_bpb=1.278827
  sliding_eval [ 71.2%] 689632/969088 windows running_bpb=1.278734
  sliding_eval [ 71.3%] 691232/969088 windows running_bpb=1.278701
  sliding_eval [ 71.5%] 692832/969088 windows running_bpb=1.278710
  sliding_eval [ 71.7%] 694432/969088 windows running_bpb=1.278761
  sliding_eval [ 71.8%] 696032/969088 windows running_bpb=1.278841
  sliding_eval [ 72.0%] 697632/969088 windows running_bpb=1.278878
  sliding_eval [ 72.2%] 699232/969088 windows running_bpb=1.279071
  sliding_eval [ 72.3%] 700832/969088 windows running_bpb=1.279047
  sliding_eval [ 72.5%] 702432/969088 windows running_bpb=1.279131
  sliding_eval [ 72.6%] 704032/969088 windows running_bpb=1.279206
  sliding_eval [ 72.8%] 705632/969088 windows running_bpb=1.279365
  sliding_eval [ 73.0%] 707232/969088 windows running_bpb=1.279379
  sliding_eval [ 73.1%] 708832/969088 windows running_bpb=1.279497
  sliding_eval [ 73.3%] 710432/969088 windows running_bpb=1.279419
  sliding_eval [ 73.5%] 712032/969088 windows running_bpb=1.279153
  sliding_eval [ 73.6%] 713632/969088 windows running_bpb=1.279262
  sliding_eval [ 73.8%] 715232/969088 windows running_bpb=1.279091
  sliding_eval [ 74.0%] 716832/969088 windows running_bpb=1.279181
  sliding_eval [ 74.1%] 718432/969088 windows running_bpb=1.279194
  sliding_eval [ 74.3%] 720032/969088 windows running_bpb=1.279288
  sliding_eval [ 74.5%] 721632/969088 windows running_bpb=1.279400
  sliding_eval [ 74.6%] 723232/969088 windows running_bpb=1.279362
  sliding_eval [ 74.8%] 724832/969088 windows running_bpb=1.279420
  sliding_eval [ 75.0%] 726432/969088 windows running_bpb=1.279418
  sliding_eval [ 75.1%] 728032/969088 windows running_bpb=1.279423
  sliding_eval [ 75.3%] 729632/969088 windows running_bpb=1.279367
  sliding_eval [ 75.5%] 731232/969088 windows running_bpb=1.279333
  sliding_eval [ 75.6%] 732832/969088 windows running_bpb=1.279393
  sliding_eval [ 75.8%] 734432/969088 windows running_bpb=1.279507
  sliding_eval [ 76.0%] 736032/969088 windows running_bpb=1.279668
  sliding_eval [ 76.1%] 737632/969088 windows running_bpb=1.279892
  sliding_eval [ 76.3%] 739232/969088 windows running_bpb=1.279912
  sliding_eval [ 76.4%] 740832/969088 windows running_bpb=1.279865
  sliding_eval [ 76.6%] 742432/969088 windows running_bpb=1.279830
  sliding_eval [ 76.8%] 744032/969088 windows running_bpb=1.279806
  sliding_eval [ 76.9%] 745632/969088 windows running_bpb=1.279706
  sliding_eval [ 77.1%] 747232/969088 windows running_bpb=1.279742
  sliding_eval [ 77.3%] 748832/969088 windows running_bpb=1.279776
  sliding_eval [ 77.4%] 750432/969088 windows running_bpb=1.279838
  sliding_eval [ 77.6%] 752032/969088 windows running_bpb=1.280309
  sliding_eval [ 77.8%] 753632/969088 windows running_bpb=1.280395
  sliding_eval [ 77.9%] 755232/969088 windows running_bpb=1.280393
  sliding_eval [ 78.1%] 756832/969088 windows running_bpb=1.280318
  sliding_eval [ 78.3%] 758432/969088 windows running_bpb=1.280302
  sliding_eval [ 78.4%] 760032/969088 windows running_bpb=1.280593
  sliding_eval [ 78.6%] 761632/969088 windows running_bpb=1.280704
  sliding_eval [ 78.8%] 763232/969088 windows running_bpb=1.280686
  sliding_eval [ 78.9%] 764832/969088 windows running_bpb=1.280744
  sliding_eval [ 79.1%] 766432/969088 windows running_bpb=1.280706
  sliding_eval [ 79.3%] 768032/969088 windows running_bpb=1.280719
  sliding_eval [ 79.4%] 769632/969088 windows running_bpb=1.280759
  sliding_eval [ 79.6%] 771232/969088 windows running_bpb=1.280825
  sliding_eval [ 79.7%] 772832/969088 windows running_bpb=1.280787
  sliding_eval [ 79.9%] 774432/969088 windows running_bpb=1.280741
  sliding_eval [ 80.1%] 776032/969088 windows running_bpb=1.280767
  sliding_eval [ 80.2%] 777632/969088 windows running_bpb=1.280923
  sliding_eval [ 80.4%] 779232/969088 windows running_bpb=1.280936
  sliding_eval [ 80.6%] 780832/969088 windows running_bpb=1.280967
  sliding_eval [ 80.7%] 782432/969088 windows running_bpb=1.281177
  sliding_eval [ 80.9%] 784032/969088 windows running_bpb=1.281191
  sliding_eval [ 81.1%] 785632/969088 windows running_bpb=1.281110
  sliding_eval [ 81.2%] 787232/969088 windows running_bpb=1.281118
  sliding_eval [ 81.4%] 788832/969088 windows running_bpb=1.281252
  sliding_eval [ 81.6%] 790432/969088 windows running_bpb=1.281285
  sliding_eval [ 81.7%] 792032/969088 windows running_bpb=1.281409
  sliding_eval [ 81.9%] 793632/969088 windows running_bpb=1.281479
  sliding_eval [ 82.1%] 795232/969088 windows running_bpb=1.281498
  sliding_eval [ 82.2%] 796832/969088 windows running_bpb=1.281551
  sliding_eval [ 82.4%] 798432/969088 windows running_bpb=1.281569
  sliding_eval [ 82.6%] 800032/969088 windows running_bpb=1.281659
  sliding_eval [ 82.7%] 801632/969088 windows running_bpb=1.281707
  sliding_eval [ 82.9%] 803232/969088 windows running_bpb=1.281691
  sliding_eval [ 83.1%] 804832/969088 windows running_bpb=1.281755
  sliding_eval [ 83.2%] 806432/969088 windows running_bpb=1.281764
  sliding_eval [ 83.4%] 808032/969088 windows running_bpb=1.281876
  sliding_eval [ 83.5%] 809632/969088 windows running_bpb=1.281938
  sliding_eval [ 83.7%] 811232/969088 windows running_bpb=1.282033
  sliding_eval [ 83.9%] 812832/969088 windows running_bpb=1.281979
  sliding_eval [ 84.0%] 814432/969088 windows running_bpb=1.281960
  sliding_eval [ 84.2%] 816032/969088 windows running_bpb=1.282016
  sliding_eval [ 84.4%] 817632/969088 windows running_bpb=1.282103
  sliding_eval [ 84.5%] 819232/969088 windows running_bpb=1.282078
  sliding_eval [ 84.7%] 820832/969088 windows running_bpb=1.282086
  sliding_eval [ 84.9%] 822432/969088 windows running_bpb=1.282164
  sliding_eval [ 85.0%] 824032/969088 windows running_bpb=1.282227
  sliding_eval [ 85.2%] 825632/969088 windows running_bpb=1.282313
  sliding_eval [ 85.4%] 827232/969088 windows running_bpb=1.282337
  sliding_eval [ 85.5%] 828832/969088 windows running_bpb=1.282237
  sliding_eval [ 85.7%] 830432/969088 windows running_bpb=1.282109
  sliding_eval [ 85.9%] 832032/969088 windows running_bpb=1.282153
  sliding_eval [ 86.0%] 833632/969088 windows running_bpb=1.282208
  sliding_eval [ 86.2%] 835232/969088 windows running_bpb=1.282141
  sliding_eval [ 86.4%] 836832/969088 windows running_bpb=1.282077
  sliding_eval [ 86.5%] 838432/969088 windows running_bpb=1.282164
  sliding_eval [ 86.7%] 840032/969088 windows running_bpb=1.282158
  sliding_eval [ 86.8%] 841632/969088 windows running_bpb=1.282252
  sliding_eval [ 87.0%] 843232/969088 windows running_bpb=1.282290
  sliding_eval [ 87.2%] 844832/969088 windows running_bpb=1.282160
  sliding_eval [ 87.3%] 846432/969088 windows running_bpb=1.282323
  sliding_eval [ 87.5%] 848032/969088 windows running_bpb=1.282375
  sliding_eval [ 87.7%] 849632/969088 windows running_bpb=1.282360
  sliding_eval [ 87.8%] 851232/969088 windows running_bpb=1.282359
  sliding_eval [ 88.0%] 852832/969088 windows running_bpb=1.282435
  sliding_eval [ 88.2%] 854432/969088 windows running_bpb=1.282511
  sliding_eval [ 88.3%] 856032/969088 windows running_bpb=1.282517
  sliding_eval [ 88.5%] 857632/969088 windows running_bpb=1.282557
  sliding_eval [ 88.7%] 859232/969088 windows running_bpb=1.282521
  sliding_eval [ 88.8%] 860832/969088 windows running_bpb=1.282661
  sliding_eval [ 89.0%] 862432/969088 windows running_bpb=1.282642
  sliding_eval [ 89.2%] 864032/969088 windows running_bpb=1.282640
  sliding_eval [ 89.3%] 865632/969088 windows running_bpb=1.282733
  sliding_eval [ 89.5%] 867232/969088 windows running_bpb=1.282733
  sliding_eval [ 89.7%] 868832/969088 windows running_bpb=1.282669
  sliding_eval [ 89.8%] 870432/969088 windows running_bpb=1.282832
  sliding_eval [ 90.0%] 872032/969088 windows running_bpb=1.282842
  sliding_eval [ 90.1%] 873632/969088 windows running_bpb=1.282838
  sliding_eval [ 90.3%] 875232/969088 windows running_bpb=1.282861
  sliding_eval [ 90.5%] 876832/969088 windows running_bpb=1.282700
  sliding_eval [ 90.6%] 878432/969088 windows running_bpb=1.282694
  sliding_eval [ 90.8%] 880032/969088 windows running_bpb=1.282653
  sliding_eval [ 91.0%] 881632/969088 windows running_bpb=1.282659
  sliding_eval [ 91.1%] 883232/969088 windows running_bpb=1.282658
  sliding_eval [ 91.3%] 884832/969088 windows running_bpb=1.282692
  sliding_eval [ 91.5%] 886432/969088 windows running_bpb=1.282697
  sliding_eval [ 91.6%] 888032/969088 windows running_bpb=1.282640
  sliding_eval [ 91.8%] 889632/969088 windows running_bpb=1.282554
  sliding_eval [ 92.0%] 891232/969088 windows running_bpb=1.282427
  sliding_eval [ 92.1%] 892832/969088 windows running_bpb=1.282364
  sliding_eval [ 92.3%] 894432/969088 windows running_bpb=1.282329
  sliding_eval [ 92.5%] 896032/969088 windows running_bpb=1.282231
  sliding_eval [ 92.6%] 897632/969088 windows running_bpb=1.282276
  sliding_eval [ 92.8%] 899232/969088 windows running_bpb=1.282301
  sliding_eval [ 93.0%] 900832/969088 windows running_bpb=1.282257
  sliding_eval [ 93.1%] 902432/969088 windows running_bpb=1.282237
  sliding_eval [ 93.3%] 904032/969088 windows running_bpb=1.282222
  sliding_eval [ 93.5%] 905632/969088 windows running_bpb=1.282185
  sliding_eval [ 93.6%] 907232/969088 windows running_bpb=1.282222
  sliding_eval [ 93.8%] 908832/969088 windows running_bpb=1.282140
  sliding_eval [ 93.9%] 910432/969088 windows running_bpb=1.282099
  sliding_eval [ 94.1%] 912032/969088 windows running_bpb=1.282067
  sliding_eval [ 94.3%] 913632/969088 windows running_bpb=1.281898
  sliding_eval [ 94.4%] 915232/969088 windows running_bpb=1.281755
  sliding_eval [ 94.6%] 916832/969088 windows running_bpb=1.281732
  sliding_eval [ 94.8%] 918432/969088 windows running_bpb=1.281680
  sliding_eval [ 94.9%] 920032/969088 windows running_bpb=1.281663
  sliding_eval [ 95.1%] 921632/969088 windows running_bpb=1.281668
  sliding_eval [ 95.3%] 923232/969088 windows running_bpb=1.281636
  sliding_eval [ 95.4%] 924832/969088 windows running_bpb=1.281593
  sliding_eval [ 95.6%] 926432/969088 windows running_bpb=1.281572
  sliding_eval [ 95.8%] 928032/969088 windows running_bpb=1.281596
  sliding_eval [ 95.9%] 929632/969088 windows running_bpb=1.281669
  sliding_eval [ 96.1%] 931232/969088 windows running_bpb=1.281632
  sliding_eval [ 96.3%] 932832/969088 windows running_bpb=1.281544
  sliding_eval [ 96.4%] 934432/969088 windows running_bpb=1.281481
  sliding_eval [ 96.6%] 936032/969088 windows running_bpb=1.281419
  sliding_eval [ 96.8%] 937632/969088 windows running_bpb=1.281382
  sliding_eval [ 96.9%] 939232/969088 windows running_bpb=1.281589
  sliding_eval [ 97.1%] 940832/969088 windows running_bpb=1.281489
  sliding_eval [ 97.2%] 942432/969088 windows running_bpb=1.281421
  sliding_eval [ 97.4%] 944032/969088 windows running_bpb=1.281304
  sliding_eval [ 97.6%] 945632/969088 windows running_bpb=1.281205
  sliding_eval [ 97.7%] 947232/969088 windows running_bpb=1.281195
  sliding_eval [ 97.9%] 948832/969088 windows running_bpb=1.281156
  sliding_eval [ 98.1%] 950432/969088 windows running_bpb=1.281131
  sliding_eval [ 98.2%] 952032/969088 windows running_bpb=1.281067
  sliding_eval [ 98.4%] 953632/969088 windows running_bpb=1.281075
  sliding_eval [ 98.6%] 955232/969088 windows running_bpb=1.281059
  sliding_eval [ 98.7%] 956832/969088 windows running_bpb=1.281050
  sliding_eval [ 98.9%] 958432/969088 windows running_bpb=1.281029
  sliding_eval [ 99.1%] 960032/969088 windows running_bpb=1.280931
  sliding_eval [ 99.2%] 961632/969088 windows running_bpb=1.280797
  sliding_eval [ 99.4%] 963232/969088 windows running_bpb=1.280738
  sliding_eval [ 99.6%] 964832/969088 windows running_bpb=1.280739
  sliding_eval [ 99.7%] 966432/969088 windows running_bpb=1.280659
  sliding_eval [ 99.9%] 968032/969088 windows running_bpb=1.280735
final_int8_zlib_roundtrip val_loss:2.1625 val_bpb:1.2808 eval_time:1228917ms
final_int8_zlib_roundtrip_exact val_loss:2.16251957 val_bpb:1.28076929
