W0321 23:41:03.960000 280995 torch/distributed/run.py:803] 
W0321 23:41:03.960000 280995 torch/distributed/run.py:803] *****************************************
W0321 23:41:03.960000 280995 torch/distributed/run.py:803] Setting OMP_NUM_THREADS environment variable for each process to be 1 in default, to avoid your system being overloaded, please further tune the variable for optimal performance in your application as needed. 
W0321 23:41:03.960000 280995 torch/distributed/run.py:803] *****************************************
logs/final_ttt_seed42.txt
val_bpb:enabled tokenizer_kind=sentencepiece tokenizer_path=./data/tokenizers/fineweb_1024_bpe.model
train_loader:dataset:fineweb10B_sp1024 train_shards:80
val_loader:shards pattern=./data/datasets/fineweb10B_sp1024/fineweb_val_*.bin tokens:62021632
novel: label_smoothing=0.0 multi_token_k=1 deep_supervision=0.0
model_params:25517137
world_size:8 grad_accum_steps:1
attention_mode:gqa num_heads:8 num_kv_heads:4
tie_embeddings:True embed_lr:0.03 matrix_lr:0.02 scalar_lr:0.02
train_batch_tokens:524288 train_seq_len:2048 iterations:20000 warmup_steps:20 max_wallclock_seconds:600.000
seed:42
warmup_step:1/20
warmup_step:2/20
warmup_step:3/20
warmup_step:4/20
warmup_step:5/20
warmup_step:6/20
warmup_step:7/20
warmup_step:8/20
warmup_step:9/20
warmup_step:10/20
warmup_step:11/20
warmup_step:12/20
warmup_step:13/20
warmup_step:14/20
warmup_step:15/20
warmup_step:16/20
warmup_step:17/20
warmup_step:18/20
warmup_step:19/20
warmup_step:20/20
step:1/20000 train_loss:6.9327 train_time:110ms step_avg:110.32ms
step:2/20000 train_loss:8.2240 train_time:185ms step_avg:92.27ms
step:3/20000 train_loss:7.6860 train_time:258ms step_avg:85.98ms
step:4/20000 train_loss:7.0470 train_time:348ms step_avg:86.96ms
step:5/20000 train_loss:6.6990 train_time:419ms step_avg:83.88ms
step:6/20000 train_loss:7.4727 train_time:492ms step_avg:81.98ms
step:7/20000 train_loss:6.4857 train_time:574ms step_avg:81.95ms
step:8/20000 train_loss:6.4455 train_time:662ms step_avg:82.73ms
step:9/20000 train_loss:6.3899 train_time:760ms step_avg:84.44ms
step:10/20000 train_loss:6.1430 train_time:839ms step_avg:83.87ms
step:500/20000 train_loss:2.3890 train_time:37950ms step_avg:75.90ms
step:1000/20000 train_loss:2.3114 train_time:79548ms step_avg:79.55ms
step:1500/20000 train_loss:2.1773 train_time:117540ms step_avg:78.36ms
step:2000/20000 train_loss:2.1847 train_time:158115ms step_avg:79.06ms
step:2500/20000 train_loss:2.0639 train_time:199341ms step_avg:79.74ms
step:3000/20000 train_loss:2.1581 train_time:236271ms step_avg:78.76ms
step:3500/20000 train_loss:2.1938 train_time:277367ms step_avg:79.25ms
step:4000/20000 train_loss:2.1070 train_time:315187ms step_avg:78.80ms
step:4500/20000 train_loss:2.1800 train_time:356372ms step_avg:79.19ms
step:5000/20000 train_loss:1.9233 train_time:396547ms step_avg:79.31ms
step:5500/20000 train_loss:2.0439 train_time:435319ms step_avg:79.15ms
swa:start step:5950
step:6000/20000 train_loss:2.1056 train_time:476830ms step_avg:79.47ms
step:6500/20000 train_loss:1.9479 train_time:518891ms step_avg:79.83ms
step:7000/20000 train_loss:2.0720 train_time:557787ms step_avg:79.68ms
step:7473/20000 val_loss:1.9576 val_bpb:1.1594 train_time:600024ms step_avg:80.29ms
stopping_early: wallclock_cap train_time:600024ms step:7473/20000
peak memory allocated: 12684 MiB reserved: 12810 MiB
swa:applying averaged 31 checkpoints
Serialized model: 98437419 bytes
Code size: 57578 bytes
Total submission size: 98494997 bytes
Serialized model int6+zstd: 15711963 bytes
Total submission size int8+zlib: 15769541 bytes
ttt:start lr=0.005 mom=0.9 epochs=15 freeze=0 seqs=3785
ttt_epoch:1/15 loss:1.9583
ttt_epoch:2/15 loss:1.9562
ttt_epoch:3/15 loss:1.9554
ttt_epoch:4/15 loss:1.9547
ttt_epoch:5/15 loss:1.9542
ttt_epoch:6/15 loss:1.9538
ttt_epoch:7/15 loss:1.9535
ttt_epoch:8/15 loss:1.9532
ttt_epoch:9/15 loss:1.9529
ttt_epoch:10/15 loss:1.9527
ttt_epoch:11/15 loss:1.9525
ttt_epoch:12/15 loss:1.9523
ttt_epoch:13/15 loss:1.9521
ttt_epoch:14/15 loss:1.9519
ttt_epoch:15/15 loss:1.9517
final_eval_mode:sliding_window stride:64 batch_seqs:32
  sliding_eval [  0.0%] 32/121136 windows running_bpb=1.203302
  sliding_eval [  1.3%] 1632/121136 windows running_bpb=1.136421
  sliding_eval [  2.7%] 3232/121136 windows running_bpb=1.137990
  sliding_eval [  4.0%] 4832/121136 windows running_bpb=1.131806
  sliding_eval [  5.3%] 6432/121136 windows running_bpb=1.143857
  sliding_eval [  6.6%] 8032/121136 windows running_bpb=1.145004
  sliding_eval [  8.0%] 9632/121136 windows running_bpb=1.146644
  sliding_eval [  9.3%] 11232/121136 windows running_bpb=1.142187
  sliding_eval [ 10.6%] 12832/121136 windows running_bpb=1.139678
  sliding_eval [ 11.9%] 14432/121136 windows running_bpb=1.141443
  sliding_eval [ 13.2%] 16032/121136 windows running_bpb=1.150069
  sliding_eval [ 14.6%] 17632/121136 windows running_bpb=1.148691
  sliding_eval [ 15.9%] 19232/121136 windows running_bpb=1.150036
  sliding_eval [ 17.2%] 20832/121136 windows running_bpb=1.148273
  sliding_eval [ 18.5%] 22432/121136 windows running_bpb=1.146871
  sliding_eval [ 19.8%] 24032/121136 windows running_bpb=1.147186
  sliding_eval [ 21.2%] 25632/121136 windows running_bpb=1.148546
  sliding_eval [ 22.5%] 27232/121136 windows running_bpb=1.148979
  sliding_eval [ 23.8%] 28832/121136 windows running_bpb=1.155015
  sliding_eval [ 25.1%] 30432/121136 windows running_bpb=1.152472
  sliding_eval [ 26.4%] 32032/121136 windows running_bpb=1.153373
  sliding_eval [ 27.8%] 33632/121136 windows running_bpb=1.152025
  sliding_eval [ 29.1%] 35232/121136 windows running_bpb=1.151342
  sliding_eval [ 30.4%] 36832/121136 windows running_bpb=1.150938
  sliding_eval [ 31.7%] 38432/121136 windows running_bpb=1.151635
  sliding_eval [ 33.0%] 40032/121136 windows running_bpb=1.149188
  sliding_eval [ 34.4%] 41632/121136 windows running_bpb=1.148114
  sliding_eval [ 35.7%] 43232/121136 windows running_bpb=1.148510
  sliding_eval [ 37.0%] 44832/121136 windows running_bpb=1.147262
  sliding_eval [ 38.3%] 46432/121136 windows running_bpb=1.147154
  sliding_eval [ 39.7%] 48032/121136 windows running_bpb=1.146403
  sliding_eval [ 41.0%] 49632/121136 windows running_bpb=1.147614
  sliding_eval [ 42.3%] 51232/121136 windows running_bpb=1.148701
  sliding_eval [ 43.6%] 52832/121136 windows running_bpb=1.149241
  sliding_eval [ 44.9%] 54432/121136 windows running_bpb=1.148736
  sliding_eval [ 46.3%] 56032/121136 windows running_bpb=1.149070
  sliding_eval [ 47.6%] 57632/121136 windows running_bpb=1.148216
  sliding_eval [ 48.9%] 59232/121136 windows running_bpb=1.144311
  sliding_eval [ 50.2%] 60832/121136 windows running_bpb=1.144419
  sliding_eval [ 51.5%] 62432/121136 windows running_bpb=1.145385
  sliding_eval [ 52.9%] 64032/121136 windows running_bpb=1.145614
  sliding_eval [ 54.2%] 65632/121136 windows running_bpb=1.145487
  sliding_eval [ 55.5%] 67232/121136 windows running_bpb=1.144279
  sliding_eval [ 56.8%] 68832/121136 windows running_bpb=1.143958
  sliding_eval [ 58.1%] 70432/121136 windows running_bpb=1.143282
  sliding_eval [ 59.5%] 72032/121136 windows running_bpb=1.143354
  sliding_eval [ 60.8%] 73632/121136 windows running_bpb=1.143300
  sliding_eval [ 62.1%] 75232/121136 windows running_bpb=1.143478
  sliding_eval [ 63.4%] 76832/121136 windows running_bpb=1.143161
  sliding_eval [ 64.7%] 78432/121136 windows running_bpb=1.143733
  sliding_eval [ 66.1%] 80032/121136 windows running_bpb=1.144036
  sliding_eval [ 67.4%] 81632/121136 windows running_bpb=1.143742
  sliding_eval [ 68.7%] 83232/121136 windows running_bpb=1.144783
  sliding_eval [ 70.0%] 84832/121136 windows running_bpb=1.146693
  sliding_eval [ 71.4%] 86432/121136 windows running_bpb=1.146000
  sliding_eval [ 72.7%] 88032/121136 windows running_bpb=1.146726
  sliding_eval [ 74.0%] 89632/121136 windows running_bpb=1.147090
  sliding_eval [ 75.3%] 91232/121136 windows running_bpb=1.147060
  sliding_eval [ 76.6%] 92832/121136 windows running_bpb=1.146638
  sliding_eval [ 78.0%] 94432/121136 windows running_bpb=1.146868
  sliding_eval [ 79.3%] 96032/121136 windows running_bpb=1.146255
  sliding_eval [ 80.6%] 97632/121136 windows running_bpb=1.149060
  sliding_eval [ 81.9%] 99232/121136 windows running_bpb=1.149071
  sliding_eval [ 83.2%] 100832/121136 windows running_bpb=1.149103
  sliding_eval [ 84.6%] 102432/121136 windows running_bpb=1.148732
  sliding_eval [ 85.9%] 104032/121136 windows running_bpb=1.148270
  sliding_eval [ 87.2%] 105632/121136 windows running_bpb=1.147520
  sliding_eval [ 88.5%] 107232/121136 windows running_bpb=1.147507
  sliding_eval [ 89.8%] 108832/121136 windows running_bpb=1.148123
  sliding_eval [ 91.2%] 110432/121136 windows running_bpb=1.148148
  sliding_eval [ 92.5%] 112032/121136 windows running_bpb=1.148131
  sliding_eval [ 93.8%] 113632/121136 windows running_bpb=1.148565
  sliding_eval [ 95.1%] 115232/121136 windows running_bpb=1.148339
  sliding_eval [ 96.4%] 116832/121136 windows running_bpb=1.147962
  sliding_eval [ 97.8%] 118432/121136 windows running_bpb=1.148258
  sliding_eval [ 99.1%] 120032/121136 windows running_bpb=1.148347
final_int8_zlib_roundtrip val_loss:1.9295 val_bpb:1.1428 eval_time:170905ms
final_int8_zlib_roundtrip_exact val_loss:1.92950060 val_bpb:1.14276196
