From https://github.com/resouer/parameter-golf
 * branch            exp/round-14/packed-baseline -> FETCH_HEAD
Note: switching to '81d1d128518e1934d0f953243389199d37808cc1'.
You are in 'detached HEAD' state. You can look around, make experimental
changes and commit them, and you can discard any commits you make in this
state without impacting any branches by switching back to a branch.
If you want to create a new branch to retain commits you create, you may
do so (now or later) by using -c with the switch command. Example:
  git switch -c <new-branch-name>
Or undo this operation with:
  git switch -
Turn off this advice by setting config variable advice.detachedHead to false
HEAD is now at 81d1d12 3-seed: seed=2025
data_setup: vocab=8192 shards=128
Warning: You are sending unauthenticated requests to the HF Hub. Please set a HF_TOKEN to enable higher rate limits and faster downloads.
W0407 18:57:31.178000 230 torch/distributed/run.py:803] 
W0407 18:57:31.178000 230 torch/distributed/run.py:803] *****************************************
W0407 18:57:31.178000 230 torch/distributed/run.py:803] Setting OMP_NUM_THREADS environment variable for each process to be 1 in default, to avoid your system being overloaded, please further tune the variable for optimal performance in your application as needed. 
Hyperparameters:
  adam_eps: 1e-08
  adam_wd: 0.02
  beta1: 0.9
  beta2: 0.95
  compressor: brotli
  data_dir: ./data/
  datasets_dir: ./data/datasets/fineweb10B_sp8192
  distributed: True
  ema_decay: 0.997
  embed_bits: 8
  embed_clip_sigmas: 20.0
  embed_lr: 0.6
  embed_wd: 0.085
  embedding_dim: 512
  enable_looping_at: 0.5
  eval_seq_len: 2048
  eval_stride: 64
  gptq_calibration_batches: 64
  gptq_reserve_seconds: 12.0
  grad_accum_steps: 1
  grad_clip_norm: 0.3
  head_lr: 0.008
  is_main_process: True
  iterations: 20000
  ln_scale: True
  local_rank: 0
  logfile: logs/59d86248-8899-491d-9a9b-c2983e1ea990.txt
  logit_softcap: 30.0
  loop_end: 5
  loop_start: 4
  matrix_bits: 6
  matrix_clip_sigmas: 12.85
  matrix_lr: 0.02
  max_wallclock_seconds: 600.0
  min_lr: 0.0
  mlp_mult: 4.0
  model_dim: 512
  model_path: final_model.pt
  muon_backend_steps: 5
  muon_beta2: 0.95
  muon_momentum: 0.99
  muon_momentum_warmup_start: 0.92
  muon_momentum_warmup_steps: 1500
  muon_row_normalize: True
  muon_wd: 0.085
  num_heads: 8
  num_kv_heads: 4
  num_layers: 11
  num_loops: 2
  parallel_start_layer: 7
  qk_gain_init: 4.0
  quantized_model_path: final_model.int6.ptz
  rank: 0
  rope_base: 10000.0
  rope_dims: 16
  rope_train_seq_len: 2048
  run_id: 59d86248-8899-491d-9a9b-c2983e1ea990
  scalar_lr: 0.02
  seed: 2025
  skip_gates_enabled: True
  sliding_window_enabled: True
  tie_embeddings: True
  tied_embed_init_std: 0.005
  tied_embed_lr: 0.03
  tokenizer_path: ./data/tokenizers/fineweb_8192_bpe.model
  train_batch_tokens: 786432
  train_files: ./data/datasets/fineweb10B_sp8192/fineweb_train_*.bin
  train_log_every: 500
  train_seq_len: 2048
  ttt_batch_seqs: 32
  ttt_chunk_tokens: 32768
  ttt_enabled: True
  ttt_epochs: 3
  ttt_freeze_blocks: 0
  ttt_grad_clip: 1.0
  ttt_loop_only: False
  ttt_lr: 0.005
  ttt_momentum: 0.9
  val_batch_tokens: 524288
  val_files: ./data/datasets/fineweb10B_sp8192/fineweb_val_*.bin
  val_loss_every: 4000
  vocab_size: 8192
  warmdown_frac: 0.667
  warmup_steps: 20
  world_size: 8
  xsa_last_n: 11
train_shards: 128
val_tokens: 40540160
model_params:35943512
gptq:reserving 12s, effective=588000ms
warmup_step: 1/20
warmup_step: 2/20
warmup_step: 3/20
warmup_step: 4/20
warmup_step: 5/20
warmup_step: 6/20
warmup_step: 10/20
warmup_step: 20/20
loop_warmup:enabled encoder:[0, 1, 2, 3, 4, 5, 4] decoder:[5, 4, 5, 6, 7, 8, 9, 10]
loop_warmup_step: 1/20
loop_warmup_step: 2/20
loop_warmup_step: 3/20
loop_warmup_step: 4/20
loop_warmup_step: 5/20
loop_warmup_step: 6/20
loop_warmup_step: 10/20
loop_warmup_step: 20/20
0/20000 val_loss: 9.0067 val_bpb: 3.4868
1/20000 train_loss: 9.0104 train_time: 0.0m tok/s: 7672126
2/20000 train_loss: 12.3810 train_time: 0.0m tok/s: 7795338
3/20000 train_loss: 11.1231 train_time: 0.0m tok/s: 7788068
4/20000 train_loss: 9.5024 train_time: 0.0m tok/s: 7786149
5/20000 train_loss: 8.4666 train_time: 0.0m tok/s: 7782727
500/20000 train_loss: 3.4027 train_time: 0.9m tok/s: 7641228
1000/20000 train_loss: 3.2107 train_time: 1.7m tok/s: 7628820
1500/20000 train_loss: 3.2071 train_time: 2.6m tok/s: 7627715
2000/20000 train_loss: 3.1345 train_time: 3.4m tok/s: 7629852
2500/20000 train_loss: 2.9943 train_time: 4.3m tok/s: 7629288
layer_loop:enabled step:2852 frac:0.500 encoder:[0, 1, 2, 3, 4, 5, 4] decoder:[5, 4, 5, 6, 7, 8, 9, 10]
3000/20000 train_loss: 2.9925 train_time: 5.2m tok/s: 7512829
3500/20000 train_loss: 3.0110 train_time: 6.4m tok/s: 7214157
4000/20000 train_loss: 2.9564 train_time: 7.5m tok/s: 7005504
4000/20000 val_loss: 2.9203 val_bpb: 1.1306
4500/20000 train_loss: 2.9317 train_time: 8.6m tok/s: 6852709
5000/20000 train_loss: 2.9158 train_time: 9.7m tok/s: 6734503
5031/20000 val_loss: 2.8175 val_bpb: 1.0907
stopping_early: wallclock_cap train_time: 588047ms step: 5031/20000
peak memory allocated: 34604 MiB reserved: 34708 MiB
ema:applying EMA weights
pre-quantization post-ema val_loss:2.81501688 val_bpb:1.08978076 eval_time:7315ms
Serialized model: 135426937 bytes
Code size: 17400 bytes
GPTQ:collecting Hessians from calibration data...
GPTQ:collected 67 Hessians in 11.4s
Quantized weights:
  gptq (int6): blocks.attn.c_k.weight, blocks.attn.c_q.weight, blocks.attn.c_v.weight, blocks.attn.proj.weight, blocks.mlp.fc.weight, blocks.mlp.proj.weight
  gptq (int8): tok_emb.weight
  passthrough (float16): blocks.attn.q_gain, blocks.attn_scale, blocks.mlp_scale, blocks.resid_mix, skip_gates, skip_weights
Serialized model quantized+brotli: 15972020 bytes
Total submission size quantized+brotli: 15989420 bytes
final_int6_roundtrip_exact val_loss:2.84565551 val_bpb:1.10164193 eval_time:27942ms
final_int6_sliding_window val_loss:2.80252245 val_bpb:1.08494377 eval_time:116213ms
eval_hash_emb:init size=16384 dim=512 lr_mult=10x
ttt_sliding:start chunks=1238 chunk_tokens=32768 total_windows=633409 stride=64 ttt_lr=0.005 ttt_epochs=3 freeze_blocks=0 loop_only=False
ttt_sliding:params model=35943512 hash=8388608 frozen=0
  ttt_chunk [1/1238] bpb=1.123618 time=39.1s
  ttt_chunk [11/1238] bpb=1.074318 time=60.6s
  ttt_chunk [21/1238] bpb=1.112277 time=63.5s
  ttt_chunk [31/1238] bpb=1.105880 time=66.5s
  ttt_chunk [41/1238] bpb=1.098651 time=69.4s
  ttt_chunk [51/1238] bpb=1.092146 time=72.4s
  ttt_chunk [61/1238] bpb=1.083323 time=75.4s
  ttt_chunk [71/1238] bpb=1.090243 time=78.3s
  ttt_chunk [81/1238] bpb=1.083706 time=81.3s
  ttt_chunk [91/1238] bpb=1.080187 time=84.3s
  ttt_chunk [101/1238] bpb=1.080060 time=87.2s
  ttt_chunk [111/1238] bpb=1.078419 time=90.2s
  ttt_chunk [121/1238] bpb=1.081175 time=93.2s
  ttt_chunk [131/1238] bpb=1.084939 time=96.2s
  ttt_chunk [141/1238] bpb=1.085544 time=99.2s
  ttt_chunk [151/1238] bpb=1.085348 time=102.1s
  ttt_chunk [161/1238] bpb=1.085902 time=105.1s
  ttt_chunk [171/1238] bpb=1.085757 time=108.1s
  ttt_chunk [181/1238] bpb=1.084136 time=111.1s
  ttt_chunk [191/1238] bpb=1.083905 time=114.0s
  ttt_chunk [201/1238] bpb=1.081514 time=116.9s
  ttt_chunk [211/1238] bpb=1.085934 time=119.9s
  ttt_chunk [221/1238] bpb=1.086255 time=122.9s
  ttt_chunk [231/1238] bpb=1.088032 time=125.8s
  ttt_chunk [241/1238] bpb=1.086257 time=128.8s
  ttt_chunk [251/1238] bpb=1.086203 time=131.7s
  ttt_chunk [261/1238] bpb=1.087177 time=134.7s
  ttt_chunk [271/1238] bpb=1.087688 time=137.7s
  ttt_chunk [281/1238] bpb=1.086983 time=140.6s
  ttt_chunk [291/1238] bpb=1.088057 time=143.6s
  ttt_chunk [301/1238] bpb=1.088260 time=146.6s
  ttt_chunk [311/1238] bpb=1.087126 time=149.5s
  ttt_chunk [321/1238] bpb=1.086963 time=152.5s
  ttt_chunk [331/1238] bpb=1.087240 time=155.4s
  ttt_chunk [341/1238] bpb=1.086320 time=158.3s
  ttt_chunk [351/1238] bpb=1.087066 time=161.2s
  ttt_chunk [361/1238] bpb=1.085998 time=164.2s
  ttt_chunk [371/1238] bpb=1.084435 time=167.1s
  ttt_chunk [381/1238] bpb=1.084855 time=170.0s
  ttt_chunk [391/1238] bpb=1.084557 time=173.0s
  ttt_chunk [401/1238] bpb=1.084613 time=175.9s
  ttt_chunk [411/1238] bpb=1.085162 time=178.8s
  ttt_chunk [421/1238] bpb=1.084693 time=181.8s
  ttt_chunk [431/1238] bpb=1.084887 time=184.7s
  ttt_chunk [441/1238] bpb=1.084946 time=187.6s
  ttt_chunk [451/1238] bpb=1.086138 time=190.6s
  ttt_chunk [461/1238] bpb=1.084343 time=193.6s
  ttt_chunk [471/1238] bpb=1.084315 time=196.5s
  ttt_chunk [481/1238] bpb=1.084455 time=199.4s
  ttt_chunk [491/1238] bpb=1.084940 time=202.4s
  ttt_chunk [501/1238] bpb=1.084569 time=205.3s
  ttt_chunk [511/1238] bpb=1.084224 time=208.3s
  ttt_chunk [521/1238] bpb=1.083719 time=211.2s
  ttt_chunk [531/1238] bpb=1.083696 time=214.2s
  ttt_chunk [541/1238] bpb=1.083804 time=217.2s
  ttt_chunk [551/1238] bpb=1.083344 time=220.1s
  ttt_chunk [561/1238] bpb=1.082695 time=223.1s
  ttt_chunk [571/1238] bpb=1.082155 time=226.1s
  ttt_chunk [581/1238] bpb=1.082488 time=229.0s
  ttt_chunk [591/1238] bpb=1.082673 time=232.0s
  ttt_chunk [601/1238] bpb=1.082605 time=234.9s
  ttt_chunk [611/1238] bpb=1.083171 time=237.8s
  ttt_chunk [621/1238] bpb=1.084036 time=240.8s
  ttt_chunk [631/1238] bpb=1.084093 time=243.7s
  ttt_chunk [641/1238] bpb=1.084534 time=246.7s
  ttt_chunk [651/1238] bpb=1.084850 time=249.6s
  ttt_chunk [661/1238] bpb=1.084198 time=252.5s
  ttt_chunk [671/1238] bpb=1.083942 time=255.5s
  ttt_chunk [681/1238] bpb=1.085286 time=258.4s
  ttt_chunk [691/1238] bpb=1.085476 time=261.4s
  ttt_chunk [701/1238] bpb=1.085254 time=264.4s
  ttt_chunk [711/1238] bpb=1.085953 time=267.4s
  ttt_chunk [721/1238] bpb=1.086247 time=270.3s
  ttt_chunk [731/1238] bpb=1.085632 time=273.3s
  ttt_chunk [741/1238] bpb=1.085354 time=276.3s
  ttt_chunk [751/1238] bpb=1.084448 time=279.2s
  ttt_chunk [761/1238] bpb=1.083866 time=282.2s
  ttt_chunk [771/1238] bpb=1.082851 time=285.1s
  ttt_chunk [781/1238] bpb=1.082851 time=288.1s
  ttt_chunk [791/1238] bpb=1.083205 time=291.1s
  ttt_chunk [801/1238] bpb=1.083515 time=294.1s
  ttt_chunk [811/1238] bpb=1.083029 time=297.1s
  ttt_chunk [821/1238] bpb=1.081844 time=300.0s
  ttt_chunk [831/1238] bpb=1.081554 time=303.0s
  ttt_chunk [841/1238] bpb=1.081088 time=305.9s
  ttt_chunk [851/1238] bpb=1.080786 time=308.9s
  ttt_chunk [861/1238] bpb=1.080437 time=311.9s
  ttt_chunk [871/1238] bpb=1.080301 time=314.8s
  ttt_chunk [881/1238] bpb=1.079854 time=317.7s
  ttt_chunk [891/1238] bpb=1.079325 time=320.7s
  ttt_chunk [901/1238] bpb=1.079725 time=323.6s
  ttt_chunk [911/1238] bpb=1.079426 time=326.5s
  ttt_chunk [921/1238] bpb=1.079735 time=329.4s
  ttt_chunk [931/1238] bpb=1.080411 time=332.4s
  ttt_chunk [941/1238] bpb=1.080796 time=335.3s
  ttt_chunk [951/1238] bpb=1.080718 time=338.3s
  ttt_chunk [961/1238] bpb=1.081547 time=341.2s
  ttt_chunk [971/1238] bpb=1.081967 time=344.2s
  ttt_chunk [981/1238] bpb=1.082324 time=347.1s
  ttt_chunk [991/1238] bpb=1.082121 time=350.1s
  ttt_chunk [1001/1238] bpb=1.082152 time=353.1s
  ttt_chunk [1011/1238] bpb=1.082509 time=356.0s
  ttt_chunk [1021/1238] bpb=1.083216 time=359.0s
  ttt_chunk [1031/1238] bpb=1.083699 time=362.0s
  ttt_chunk [1041/1238] bpb=1.084151 time=364.9s
  ttt_chunk [1051/1238] bpb=1.084083 time=367.9s
  ttt_chunk [1061/1238] bpb=1.084075 time=370.9s
  ttt_chunk [1071/1238] bpb=1.084231 time=373.9s
  ttt_chunk [1081/1238] bpb=1.084115 time=376.9s
  ttt_chunk [1091/1238] bpb=1.084311 time=379.9s
  ttt_chunk [1101/1238] bpb=1.084865 time=382.9s
  ttt_chunk [1111/1238] bpb=1.085161 time=385.9s
  ttt_chunk [1121/1238] bpb=1.085330 time=388.9s
  ttt_chunk [1131/1238] bpb=1.084992 time=391.9s
  ttt_chunk [1141/1238] bpb=1.084654 time=394.9s
  ttt_chunk [1151/1238] bpb=1.084688 time=397.9s
  ttt_chunk [1161/1238] bpb=1.084839 time=400.8s
  ttt_chunk [1171/1238] bpb=1.084604 time=403.7s
  ttt_chunk [1181/1238] bpb=1.084134 time=406.6s
  ttt_chunk [1191/1238] bpb=1.084295 time=409.5s
  ttt_chunk [1201/1238] bpb=1.084322 time=412.5s
  ttt_chunk [1211/1238] bpb=1.084031 time=415.4s
  ttt_chunk [1221/1238] bpb=1.083577 time=418.4s
  ttt_chunk [1231/1238] bpb=1.083219 time=421.3s
  ttt_chunk [1238/1238] bpb=1.083217 time=442.0s
ttt_sliding:done val_loss=2.798463 val_bpb=1.083372 elapsed=442.7s
legal_ttt_hash val_loss:2.79846273 val_bpb:1.08337213 eval_time:442961ms
results_json: {"val_bpb": 1.08337213, "val_loss": 2.79846273, "bytes_total": 15989420, "peak_memory_mib": 34604}
