W0428 20:19:33.849000 87739 torch/distributed/run.py:803] 
W0428 20:19:33.849000 87739 torch/distributed/run.py:803] *****************************************
W0428 20:19:33.849000 87739 torch/distributed/run.py:803] Setting OMP_NUM_THREADS environment variable for each process to be 1 in default, to avoid your system being overloaded, please further tune the variable for optimal performance in your application as needed. 
W0428 20:19:33.849000 87739 torch/distributed/run.py:803] *****************************************
Hyperparameters:
  adam_eps: 1e-08
  adam_wd: 0.02
  artifact_dir: 
  attn_clip_sigmas: 13.0
  attn_out_gate_enabled: False
  attn_out_gate_src: proj
  beta1: 0.9
  beta2: 0.95
  caseops_enabled: True
  compressor: brotli
  data_dir: ./data
  datasets_dir: ./data/datasets/fineweb10B_sp8192_caseops/datasets/datasets/fineweb10B_sp8192_lossless_caps_caseops_v1_reserved
  distributed: True
  ema_decay: 0.9965
  embed_bits: 7
  embed_clip_sigmas: 15.0
  embed_lr: 0.6
  embed_wd: 0.085
  enable_looping_at: 0.35
  eval_seq_len: 2048
  eval_stride: 64
  fused_ce_enabled: True
  gate_window: 12
  gated_attn_enabled: False
  gated_attn_init_std: 0.01
  gated_attn_quant_gate: False
  global_ttt_batch_seqs: 32
  global_ttt_chunk_tokens: 32768
  global_ttt_epochs: 1
  global_ttt_grad_clip: 1.0
  global_ttt_lr: 0.001
  global_ttt_momentum: 0.9
  global_ttt_muon_nesterov: True
  global_ttt_muon_ns_steps: 5
  global_ttt_optimizer: sgd
  global_ttt_respect_doc_boundaries: True
  global_ttt_warmup_chunks: 0
  global_ttt_warmup_start_lr: 0.0
  gptq_calibration_batches: 16
  gptq_reserve_seconds: 0.5
  grad_accum_steps: 1
  grad_clip_norm: 0.3
  is_main_process: True
  iterations: 20000
  ln_scale: True
  local_rank: 0
  logfile: logs/9bb06269-62cc-4315-a70b-e1559fa3ab8c.txt
  logit_softcap: 30.0
  loop_end: 5
  loop_start: 3
  lqer_asym_enabled: True
  lqer_asym_group: 64
  lqer_enabled: True
  lqer_factor_bits: 4
  lqer_rank: 4
  lqer_top_k: 3
  matrix_bits: 6
  matrix_clip_sigmas: 12.85
  matrix_lr: 0.026
  max_wallclock_seconds: 600.0
  min_lr: 0.1
  mlp_clip_sigmas: 12.0
  mlp_mult: 4.0
  model_dim: 512
  model_path: final_model.pt
  muon_backend_steps: 5
  muon_huber_delta: 0.1
  muon_huber_wd: False
  muon_momentum: 0.97
  muon_momentum_warmup_start: 0.92
  muon_momentum_warmup_steps: 1500
  muon_row_normalize: True
  muon_wd: 0.095
  num_heads: 8
  num_kv_heads: 4
  num_layers: 11
  num_loops: 2
  optrot_enabled: False
  parallel_final_lane: mean
  parallel_start_layer: 8
  phased_ttt_num_phases: 3
  phased_ttt_prefix_docs: 2000
  qk_gain_init: 5.0
  qk_gain_schedule: []
  quantized_model_path: final_model.int6.ptz
  rank: 0
  rope_base: 10000.0
  rope_dims: 16
  rope_train_seq_len: 2048
  rope_yarn: False
  run_id: 9bb06269-62cc-4315-a70b-e1559fa3ab8c
  scalar_lr: 0.02
  seed: 314
  skip_gates_enabled: True
  smear_gate_enabled: True
  sparse_attn_gate_enabled: True
  sparse_attn_gate_init_std: 0.0
  sparse_attn_gate_scale: 1.0
  tie_embeddings: True
  tied_embed_init_std: 0.005
  tied_embed_lr: 0.03
  tokenizer_path: ./data/datasets/fineweb10B_sp8192_caseops/datasets/tokenizers/fineweb_8192_bpe_lossless_caps_caseops_v1_reserved.model
  train_batch_tokens: 786432
  train_files: ./data/datasets/fineweb10B_sp8192_caseops/datasets/datasets/fineweb10B_sp8192_lossless_caps_caseops_v1_reserved/fineweb_train_*.bin
  train_log_every: 500
  train_seq_len: 2048
  ttt_batch_size: 64
  ttt_beta1: 0.0
  ttt_beta2: 0.999
  ttt_chunk_size: 48
  ttt_enabled: True
  ttt_eval_batches: 
  ttt_eval_seq_len: 2048
  ttt_grad_steps: 1
  ttt_k_lora: True
  ttt_lora_lr: 0.0001
  ttt_lora_rank: 96
  ttt_mlp_lora: True
  ttt_o_lora: True
  ttt_optimizer: adam
  ttt_weight_decay: 1.0
  val_batch_tokens: 524288
  val_bytes_files: ./data/datasets/fineweb10B_sp8192_caseops/datasets/datasets/fineweb10B_sp8192_lossless_caps_caseops_v1_reserved/fineweb_val_bytes_*.bin
  val_doc_fraction: 1.0
  val_files: ./data/datasets/fineweb10B_sp8192_caseops/datasets/datasets/fineweb10B_sp8192_lossless_caps_caseops_v1_reserved/fineweb_val_*.bin
  val_loss_every: 4000
  vocab_size: 8192
  warmdown_frac: 0.75
  warmup_steps: 20
  world_size: 8
  xsa_last_n: 11
train_shards: 1499
val_tokens: 47851520
model_params:35945671
gptq:reserving 0s, effective=599500ms
warmup_cu_buckets:64,128,192,256 iters_each:3
warmup_step: 1/20
warmup_step: 2/20
warmup_step: 3/20
warmup_step: 4/20
warmup_step: 5/20
warmup_step: 6/20
warmup_step: 10/20
warmup_step: 20/20
loop_warmup:enabled encoder:[0, 1, 2, 3, 4, 5, 3, 4] decoder:[5, 3, 4, 5, 6, 7, 8, 9, 10]
loop_warmup_step: 1/20
loop_warmup_step: 2/20
loop_warmup_step: 3/20
loop_warmup_step: 4/20
loop_warmup_step: 5/20
loop_warmup_step: 6/20
loop_warmup_step: 10/20
loop_warmup_step: 20/20
0/20000 val_loss: 8.9980 val_bpb: 4.1115
1/20000 train_loss: 8.9988 train_time: 0.0m tok/s: 12032791
2/20000 train_loss: 12.8389 train_time: 0.0m tok/s: 11496129
3/20000 train_loss: 10.2127 train_time: 0.0m tok/s: 10152490
4/20000 train_loss: 8.6676 train_time: 0.0m tok/s: 9692964
5/20000 train_loss: 7.9167 train_time: 0.0m tok/s: 9436654
500/20000 train_loss: 2.7329 train_time: 0.8m tok/s: 8356557
1000/20000 train_loss: 2.7881 train_time: 1.6m tok/s: 8325351
1500/20000 train_loss: 2.7363 train_time: 2.4m tok/s: 8317541
2000/20000 train_loss: 2.5000 train_time: 3.2m tok/s: 8314754
layer_loop:enabled step:2219 frac:0.350 encoder:[0, 1, 2, 3, 4, 5, 3, 4] decoder:[5, 3, 4, 5, 6, 7, 8, 9, 10]
2500/20000 train_loss: 2.6845 train_time: 4.2m tok/s: 7886915
3000/20000 train_loss: 2.4885 train_time: 5.5m tok/s: 7110900
3500/20000 train_loss: 2.3723 train_time: 6.7m tok/s: 6850715
4000/20000 train_loss: 2.5080 train_time: 7.9m tok/s: 6668857
4000/20000 val_loss: 2.4299 val_bpb: 1.1103
4500/20000 train_loss: 2.3846 train_time: 9.0m tok/s: 6535480
4915/20000 val_loss: 2.3542 val_bpb: 1.0757
stopping_early: wallclock_cap train_time: 599620ms step: 4915/20000
peak memory allocated: 41713 MiB reserved: 47074 MiB
ema:applying EMA weights
diagnostic pre-quantization post-ema val_loss:2.33093398 val_bpb:1.06507671 eval_time:11518ms
Serialized model: 135417533 bytes
Code size (uncompressed): 162123 bytes
Code size (compressed): 32455 bytes
GPTQ:collecting Hessians from calibration data...
GPTQ:collected 67 Hessians in 3.5s
[rank4]: Traceback (most recent call last):
[rank4]:   File "/workspace/parameter-golf/records/track_10min_16mb/2026-04-24_PR1797Base_QKGainSched_OptRot_AdamHD_LaCT/train_gpt_human.py", line 3744, in <module>
[rank4]:     main()
[rank4]:   File "/workspace/parameter-golf/records/track_10min_16mb/2026-04-24_PR1797Base_QKGainSched_OptRot_AdamHD_LaCT/train_gpt_human.py", line 3738, in main
[rank4]:     train_and_eval(h, device)
[rank4]:   File "/workspace/parameter-golf/records/track_10min_16mb/2026-04-24_PR1797Base_QKGainSched_OptRot_AdamHD_LaCT/train_gpt_human.py", line 3582, in train_and_eval
[rank4]:     serialize(h, base_model, Path(__file__).read_text(encoding="utf-8"))
[rank4]:   File "/workspace/parameter-golf/records/track_10min_16mb/2026-04-24_PR1797Base_QKGainSched_OptRot_AdamHD_LaCT/train_gpt_human.py", line 2648, in serialize
[rank4]:     quant_blob = _compress(quant_raw, h.compressor)
[rank4]:                  ^^^^^^^^^^^^^^^^^^^^^^^^^^^^^^^^^^
[rank4]:   File "/workspace/parameter-golf/records/track_10min_16mb/2026-04-24_PR1797Base_QKGainSched_OptRot_AdamHD_LaCT/train_gpt_human.py", line 2439, in _compress
[rank4]:     import brotli
[rank4]: ModuleNotFoundError: No module named 'brotli'
[rank2]: Traceback (most recent call last):
[rank2]:   File "/workspace/parameter-golf/records/track_10min_16mb/2026-04-24_PR1797Base_QKGainSched_OptRot_AdamHD_LaCT/train_gpt_human.py", line 3744, in <module>
[rank2]:     main()
[rank2]:   File "/workspace/parameter-golf/records/track_10min_16mb/2026-04-24_PR1797Base_QKGainSched_OptRot_AdamHD_LaCT/train_gpt_human.py", line 3738, in main
[rank2]:     train_and_eval(h, device)
[rank2]:   File "/workspace/parameter-golf/records/track_10min_16mb/2026-04-24_PR1797Base_QKGainSched_OptRot_AdamHD_LaCT/train_gpt_human.py", line 3582, in train_and_eval
[rank2]:     serialize(h, base_model, Path(__file__).read_text(encoding="utf-8"))
[rank2]:   File "/workspace/parameter-golf/records/track_10min_16mb/2026-04-24_PR1797Base_QKGainSched_OptRot_AdamHD_LaCT/train_gpt_human.py", line 2648, in serialize
[rank2]:     quant_blob = _compress(quant_raw, h.compressor)
[rank2]:                  ^^^^^^^^^^^^^^^^^^^^^^^^^^^^^^^^^^
[rank2]:   File "/workspace/parameter-golf/records/track_10min_16mb/2026-04-24_PR1797Base_QKGainSched_OptRot_AdamHD_LaCT/train_gpt_human.py", line 2439, in _compress
[rank2]:     import brotli
[rank2]: ModuleNotFoundError: No module named 'brotli'
Quantized weights:
  gptq (int6): blocks.attn.c_k.weight, blocks.attn.c_q.weight, blocks.attn.c_v.weight, blocks.attn.proj.weight, blocks.mlp.fc.weight, blocks.mlp.proj.weight
  gptq (int6)+lqer_asym: blocks.mlp.fc.weight
  gptq (int7)+lqer_asym: tok_emb.weight
  passthrough (float16): blocks.attn.attn_gate_w, blocks.attn.q_gain, blocks.attn_scale, blocks.mlp_scale, blocks.resid_mix, parallel_post_lambdas, parallel_resid_lambdas, skip_gates, skip_weights, smear_gate.weight, smear_lambda
[rank7]: Traceback (most recent call last):
[rank7]:   File "/workspace/parameter-golf/records/track_10min_16mb/2026-04-24_PR1797Base_QKGainSched_OptRot_AdamHD_LaCT/train_gpt_human.py", line 3744, in <module>
[rank7]:     main()
[rank7]:   File "/workspace/parameter-golf/records/track_10min_16mb/2026-04-24_PR1797Base_QKGainSched_OptRot_AdamHD_LaCT/train_gpt_human.py", line 3738, in main
[rank7]:     train_and_eval(h, device)
[rank7]:   File "/workspace/parameter-golf/records/track_10min_16mb/2026-04-24_PR1797Base_QKGainSched_OptRot_AdamHD_LaCT/train_gpt_human.py", line 3582, in train_and_eval
[rank7]:     serialize(h, base_model, Path(__file__).read_text(encoding="utf-8"))
[rank7]:   File "/workspace/parameter-golf/records/track_10min_16mb/2026-04-24_PR1797Base_QKGainSched_OptRot_AdamHD_LaCT/train_gpt_human.py", line 2648, in serialize
[rank7]:     quant_blob = _compress(quant_raw, h.compressor)
[rank7]:                  ^^^^^^^^^^^^^^^^^^^^^^^^^^^^^^^^^^
[rank7]:   File "/workspace/parameter-golf/records/track_10min_16mb/2026-04-24_PR1797Base_QKGainSched_OptRot_AdamHD_LaCT/train_gpt_human.py", line 2439, in _compress
[rank7]:     import brotli
[rank7]: ModuleNotFoundError: No module named 'brotli'
[rank5]: Traceback (most recent call last):
[rank5]:   File "/workspace/parameter-golf/records/track_10min_16mb/2026-04-24_PR1797Base_QKGainSched_OptRot_AdamHD_LaCT/train_gpt_human.py", line 3744, in <module>
[rank5]:     main()
[rank5]:   File "/workspace/parameter-golf/records/track_10min_16mb/2026-04-24_PR1797Base_QKGainSched_OptRot_AdamHD_LaCT/train_gpt_human.py", line 3738, in main
[rank5]:     train_and_eval(h, device)
[rank5]:   File "/workspace/parameter-golf/records/track_10min_16mb/2026-04-24_PR1797Base_QKGainSched_OptRot_AdamHD_LaCT/train_gpt_human.py", line 3582, in train_and_eval
[rank5]:     serialize(h, base_model, Path(__file__).read_text(encoding="utf-8"))
[rank5]:   File "/workspace/parameter-golf/records/track_10min_16mb/2026-04-24_PR1797Base_QKGainSched_OptRot_AdamHD_LaCT/train_gpt_human.py", line 2648, in serialize
[rank5]:     quant_blob = _compress(quant_raw, h.compressor)
[rank5]:                  ^^^^^^^^^^^^^^^^^^^^^^^^^^^^^^^^^^
[rank5]:   File "/workspace/parameter-golf/records/track_10min_16mb/2026-04-24_PR1797Base_QKGainSched_OptRot_AdamHD_LaCT/train_gpt_human.py", line 2439, in _compress
[rank5]:     import brotli
[rank5]: ModuleNotFoundError: No module named 'brotli'
[rank1]: Traceback (most recent call last):
[rank1]:   File "/workspace/parameter-golf/records/track_10min_16mb/2026-04-24_PR1797Base_QKGainSched_OptRot_AdamHD_LaCT/train_gpt_human.py", line 3744, in <module>
[rank1]:     main()
[rank1]:   File "/workspace/parameter-golf/records/track_10min_16mb/2026-04-24_PR1797Base_QKGainSched_OptRot_AdamHD_LaCT/train_gpt_human.py", line 3738, in main
[rank1]:     train_and_eval(h, device)
[rank1]:   File "/workspace/parameter-golf/records/track_10min_16mb/2026-04-24_PR1797Base_QKGainSched_OptRot_AdamHD_LaCT/train_gpt_human.py", line 3582, in train_and_eval
[rank1]:     serialize(h, base_model, Path(__file__).read_text(encoding="utf-8"))
[rank1]:   File "/workspace/parameter-golf/records/track_10min_16mb/2026-04-24_PR1797Base_QKGainSched_OptRot_AdamHD_LaCT/train_gpt_human.py", line 2648, in serialize
[rank1]:     quant_blob = _compress(quant_raw, h.compressor)
[rank1]:                  ^^^^^^^^^^^^^^^^^^^^^^^^^^^^^^^^^^
[rank1]:   File "/workspace/parameter-golf/records/track_10min_16mb/2026-04-24_PR1797Base_QKGainSched_OptRot_AdamHD_LaCT/train_gpt_human.py", line 2439, in _compress
[rank1]:     import brotli
[rank1]: ModuleNotFoundError: No module named 'brotli'
[rank0]: Traceback (most recent call last):
[rank0]:   File "/workspace/parameter-golf/records/track_10min_16mb/2026-04-24_PR1797Base_QKGainSched_OptRot_AdamHD_LaCT/train_gpt_human.py", line 3744, in <module>
[rank0]:     main()
[rank0]:   File "/workspace/parameter-golf/records/track_10min_16mb/2026-04-24_PR1797Base_QKGainSched_OptRot_AdamHD_LaCT/train_gpt_human.py", line 3738, in main
[rank0]:     train_and_eval(h, device)
[rank0]:   File "/workspace/parameter-golf/records/track_10min_16mb/2026-04-24_PR1797Base_QKGainSched_OptRot_AdamHD_LaCT/train_gpt_human.py", line 3582, in train_and_eval
[rank0]:     serialize(h, base_model, Path(__file__).read_text(encoding="utf-8"))
[rank0]:   File "/workspace/parameter-golf/records/track_10min_16mb/2026-04-24_PR1797Base_QKGainSched_OptRot_AdamHD_LaCT/train_gpt_human.py", line 2648, in serialize
[rank0]:     quant_blob = _compress(quant_raw, h.compressor)
[rank0]:                  ^^^^^^^^^^^^^^^^^^^^^^^^^^^^^^^^^^
[rank0]:   File "/workspace/parameter-golf/records/track_10min_16mb/2026-04-24_PR1797Base_QKGainSched_OptRot_AdamHD_LaCT/train_gpt_human.py", line 2439, in _compress
[rank0]:     import brotli
[rank0]: ModuleNotFoundError: No module named 'brotli'
[rank6]: Traceback (most recent call last):
[rank6]:   File "/workspace/parameter-golf/records/track_10min_16mb/2026-04-24_PR1797Base_QKGainSched_OptRot_AdamHD_LaCT/train_gpt_human.py", line 3744, in <module>
[rank6]:     main()
[rank6]:   File "/workspace/parameter-golf/records/track_10min_16mb/2026-04-24_PR1797Base_QKGainSched_OptRot_AdamHD_LaCT/train_gpt_human.py", line 3738, in main
[rank6]:     train_and_eval(h, device)
[rank6]:   File "/workspace/parameter-golf/records/track_10min_16mb/2026-04-24_PR1797Base_QKGainSched_OptRot_AdamHD_LaCT/train_gpt_human.py", line 3582, in train_and_eval
[rank6]:     serialize(h, base_model, Path(__file__).read_text(encoding="utf-8"))
[rank6]:   File "/workspace/parameter-golf/records/track_10min_16mb/2026-04-24_PR1797Base_QKGainSched_OptRot_AdamHD_LaCT/train_gpt_human.py", line 2648, in serialize
[rank6]:     quant_blob = _compress(quant_raw, h.compressor)
[rank6]:                  ^^^^^^^^^^^^^^^^^^^^^^^^^^^^^^^^^^
[rank6]:   File "/workspace/parameter-golf/records/track_10min_16mb/2026-04-24_PR1797Base_QKGainSched_OptRot_AdamHD_LaCT/train_gpt_human.py", line 2439, in _compress
[rank6]:     import brotli
[rank6]: ModuleNotFoundError: No module named 'brotli'
[rank3]: Traceback (most recent call last):
[rank3]:   File "/workspace/parameter-golf/records/track_10min_16mb/2026-04-24_PR1797Base_QKGainSched_OptRot_AdamHD_LaCT/train_gpt_human.py", line 3744, in <module>
[rank3]:     main()
[rank3]:   File "/workspace/parameter-golf/records/track_10min_16mb/2026-04-24_PR1797Base_QKGainSched_OptRot_AdamHD_LaCT/train_gpt_human.py", line 3738, in main
[rank3]:     train_and_eval(h, device)
[rank3]:   File "/workspace/parameter-golf/records/track_10min_16mb/2026-04-24_PR1797Base_QKGainSched_OptRot_AdamHD_LaCT/train_gpt_human.py", line 3582, in train_and_eval
[rank3]:     serialize(h, base_model, Path(__file__).read_text(encoding="utf-8"))
[rank3]:   File "/workspace/parameter-golf/records/track_10min_16mb/2026-04-24_PR1797Base_QKGainSched_OptRot_AdamHD_LaCT/train_gpt_human.py", line 2648, in serialize
[rank3]:     quant_blob = _compress(quant_raw, h.compressor)
[rank3]:                  ^^^^^^^^^^^^^^^^^^^^^^^^^^^^^^^^^^
[rank3]:   File "/workspace/parameter-golf/records/track_10min_16mb/2026-04-24_PR1797Base_QKGainSched_OptRot_AdamHD_LaCT/train_gpt_human.py", line 2439, in _compress
[rank3]:     import brotli
[rank3]: ModuleNotFoundError: No module named 'brotli'
[rank0]:[W428 20:37:39.211752692 ProcessGroupNCCL.cpp:1524] Warning: WARNING: destroy_process_group() was not called before program exit, which can leak resources. For more info, please see https://pytorch.org/docs/stable/distributed.html#shutdown (function operator())
W0428 20:37:43.729000 87739 torch/distributed/elastic/multiprocessing/api.py:908] Sending process 87809 closing signal SIGTERM
W0428 20:37:43.732000 87739 torch/distributed/elastic/multiprocessing/api.py:908] Sending process 87810 closing signal SIGTERM
W0428 20:37:43.733000 87739 torch/distributed/elastic/multiprocessing/api.py:908] Sending process 87812 closing signal SIGTERM
W0428 20:37:43.734000 87739 torch/distributed/elastic/multiprocessing/api.py:908] Sending process 87813 closing signal SIGTERM
W0428 20:37:43.736000 87739 torch/distributed/elastic/multiprocessing/api.py:908] Sending process 87814 closing signal SIGTERM
W0428 20:37:43.737000 87739 torch/distributed/elastic/multiprocessing/api.py:908] Sending process 87815 closing signal SIGTERM
W0428 20:37:43.738000 87739 torch/distributed/elastic/multiprocessing/api.py:908] Sending process 87816 closing signal SIGTERM
E0428 20:37:45.205000 87739 torch/distributed/elastic/multiprocessing/api.py:882] failed (exitcode: 1) local_rank: 2 (pid: 87811) of binary: /usr/local/bin/python
Traceback (most recent call last):
  File "/usr/local/bin/torchrun", line 7, in <module>
    sys.exit(main())
             ^^^^^^
  File "/usr/local/lib/python3.12/dist-packages/torch/distributed/elastic/multiprocessing/errors/__init__.py", line 357, in wrapper
    return f(*args, **kwargs)
           ^^^^^^^^^^^^^^^^^^
  File "/usr/local/lib/python3.12/dist-packages/torch/distributed/run.py", line 936, in main
    run(args)
  File "/usr/local/lib/python3.12/dist-packages/torch/distributed/run.py", line 927, in run
    elastic_launch(
  File "/usr/local/lib/python3.12/dist-packages/torch/distributed/launcher/api.py", line 156, in __call__
    return launch_agent(self._config, self._entrypoint, list(args))
           ^^^^^^^^^^^^^^^^^^^^^^^^^^^^^^^^^^^^^^^^^^^^^^^^^^^^^^^^
  File "/usr/local/lib/python3.12/dist-packages/torch/distributed/launcher/api.py", line 293, in launch_agent
    raise ChildFailedError(
torch.distributed.elastic.multiprocessing.errors.ChildFailedError: 
============================================================
records/track_10min_16mb/2026-04-24_PR1797Base_QKGainSched_OptRot_AdamHD_LaCT/train_gpt_human.py FAILED
------------------------------------------------------------
Failures:
  <NO_OTHER_FAILURES>
------------------------------------------------------------
Root Cause (first observed failure):
[0]:
  time      : 2026-04-28_20:37:43
  host      : 7ef2312ba661
  rank      : 2 (local_rank: 2)
  exitcode  : 1 (pid: 87811)
  error_file: <N/A>
  traceback : To enable traceback see: https://pytorch.org/docs/stable/elastic/errors.html
============================================================
