W0428 21:04:58.180000 386814 torch/distributed/run.py:803] 
W0428 21:04:58.180000 386814 torch/distributed/run.py:803] *****************************************
W0428 21:04:58.180000 386814 torch/distributed/run.py:803] Setting OMP_NUM_THREADS environment variable for each process to be 1 in default, to avoid your system being overloaded, please further tune the variable for optimal performance in your application as needed. 
W0428 21:04:58.180000 386814 torch/distributed/run.py:803] *****************************************
Packed code size estimate: 16600 bytes
Cap: 16,000,000 bytes
Available for model: 15,983,400 bytes
Loaded final_model.pt
Quantizable matrices: 66
  blocks.0.attn.c_q.weight: torch.Size([512, 512]) (262,144 params)
  blocks.0.attn.c_k.weight: torch.Size([256, 512]) (131,072 params)
  blocks.0.attn.c_v.weight: torch.Size([256, 512]) (131,072 params)
  blocks.0.attn.proj.weight: torch.Size([512, 512]) (262,144 params)
  blocks.0.mlp.fc.weight: torch.Size([2048, 512]) (1,048,576 params)
  blocks.0.mlp.proj.weight: torch.Size([512, 2048]) (1,048,576 params)
  blocks.1.attn.c_q.weight: torch.Size([512, 512]) (262,144 params)
  blocks.1.attn.c_k.weight: torch.Size([256, 512]) (131,072 params)
  blocks.1.attn.c_v.weight: torch.Size([256, 512]) (131,072 params)
  blocks.1.attn.proj.weight: torch.Size([512, 512]) (262,144 params)
  blocks.1.mlp.fc.weight: torch.Size([2048, 512]) (1,048,576 params)
  blocks.1.mlp.proj.weight: torch.Size([512, 2048]) (1,048,576 params)
  blocks.2.attn.c_q.weight: torch.Size([512, 512]) (262,144 params)
  blocks.2.attn.c_k.weight: torch.Size([256, 512]) (131,072 params)
  blocks.2.attn.c_v.weight: torch.Size([256, 512]) (131,072 params)
  blocks.2.attn.proj.weight: torch.Size([512, 512]) (262,144 params)
  blocks.2.mlp.fc.weight: torch.Size([2048, 512]) (1,048,576 params)
  blocks.2.mlp.proj.weight: torch.Size([512, 2048]) (1,048,576 params)
  blocks.3.attn.c_q.weight: torch.Size([512, 512]) (262,144 params)
  blocks.3.attn.c_k.weight: torch.Size([256, 512]) (131,072 params)
  blocks.3.attn.c_v.weight: torch.Size([256, 512]) (131,072 params)
  blocks.3.attn.proj.weight: torch.Size([512, 512]) (262,144 params)
  blocks.3.mlp.fc.weight: torch.Size([2048, 512]) (1,048,576 params)
  blocks.3.mlp.proj.weight: torch.Size([512, 2048]) (1,048,576 params)
  blocks.4.attn.c_q.weight: torch.Size([512, 512]) (262,144 params)
  blocks.4.attn.c_k.weight: torch.Size([256, 512]) (131,072 params)
  blocks.4.attn.c_v.weight: torch.Size([256, 512]) (131,072 params)
  blocks.4.attn.proj.weight: torch.Size([512, 512]) (262,144 params)
  blocks.4.mlp.fc.weight: torch.Size([2048, 512]) (1,048,576 params)
  blocks.4.mlp.proj.weight: torch.Size([512, 2048]) (1,048,576 params)
  blocks.5.attn.c_q.weight: torch.Size([512, 512]) (262,144 params)
  blocks.5.attn.c_k.weight: torch.Size([256, 512]) (131,072 params)
  blocks.5.attn.c_v.weight: torch.Size([256, 512]) (131,072 params)
  blocks.5.attn.proj.weight: torch.Size([512, 512]) (262,144 params)
  blocks.5.mlp.fc.weight: torch.Size([2048, 512]) (1,048,576 params)
  blocks.5.mlp.proj.weight: torch.Size([512, 2048]) (1,048,576 params)
  blocks.6.attn.c_q.weight: torch.Size([512, 512]) (262,144 params)
  blocks.6.attn.c_k.weight: torch.Size([256, 512]) (131,072 params)
  blocks.6.attn.c_v.weight: torch.Size([256, 512]) (131,072 params)
  blocks.6.attn.proj.weight: torch.Size([512, 512]) (262,144 params)
  blocks.6.mlp.fc.weight: torch.Size([2048, 512]) (1,048,576 params)
  blocks.6.mlp.proj.weight: torch.Size([512, 2048]) (1,048,576 params)
  blocks.7.attn.c_q.weight: torch.Size([512, 512]) (262,144 params)
  blocks.7.attn.c_k.weight: torch.Size([256, 512]) (131,072 params)
  blocks.7.attn.c_v.weight: torch.Size([256, 512]) (131,072 params)
  blocks.7.attn.proj.weight: torch.Size([512, 512]) (262,144 params)
  blocks.7.mlp.fc.weight: torch.Size([2048, 512]) (1,048,576 params)
  blocks.7.mlp.proj.weight: torch.Size([512, 2048]) (1,048,576 params)
  blocks.8.attn.c_q.weight: torch.Size([512, 512]) (262,144 params)
  blocks.8.attn.c_k.weight: torch.Size([256, 512]) (131,072 params)
  blocks.8.attn.c_v.weight: torch.Size([256, 512]) (131,072 params)
  blocks.8.attn.proj.weight: torch.Size([512, 512]) (262,144 params)
  blocks.8.mlp.fc.weight: torch.Size([2048, 512]) (1,048,576 params)
  blocks.8.mlp.proj.weight: torch.Size([512, 2048]) (1,048,576 params)
  blocks.9.attn.c_q.weight: torch.Size([512, 512]) (262,144 params)
  blocks.9.attn.c_k.weight: torch.Size([256, 512]) (131,072 params)
  blocks.9.attn.c_v.weight: torch.Size([256, 512]) (131,072 params)
  blocks.9.attn.proj.weight: torch.Size([512, 512]) (262,144 params)
  blocks.9.mlp.fc.weight: torch.Size([2048, 512]) (1,048,576 params)
  blocks.9.mlp.proj.weight: torch.Size([512, 2048]) (1,048,576 params)
  blocks.10.attn.c_q.weight: torch.Size([512, 512]) (262,144 params)
  blocks.10.attn.c_k.weight: torch.Size([256, 512]) (131,072 params)
  blocks.10.attn.c_v.weight: torch.Size([256, 512]) (131,072 params)
  blocks.10.attn.proj.weight: torch.Size([512, 512]) (262,144 params)
  blocks.10.mlp.fc.weight: torch.Size([2048, 512]) (1,048,576 params)
  blocks.10.mlp.proj.weight: torch.Size([512, 2048]) (1,048,576 params)

Collecting Hessians...
Hessians collected in 8.7s

===== PHASE 1: BASELINE (all int6) =====
Baseline: model=15,976,953 total=15,993,553 margin=+6,447
Baseline BPB (sliding): 1.08673217

===== PHASE 2: SENSITIVITY SCAN (int6 -> int7) =====
matrix                                       params  extra_bytes          bpb       gain          eff
----------------------------------------------------------------------------------------------------
blocks.0.attn.c_q.weight                    262,144      +32,964         OVER         --           --
blocks.0.attn.c_k.weight                    131,072      +16,536         OVER         --           --
blocks.0.attn.c_v.weight                    131,072      +16,568         OVER         --           --
blocks.0.attn.proj.weight                   262,144      +33,178         OVER         --           --
W0428 21:13:44.486000 386814 torch/distributed/elastic/agent/server/api.py:725] Received 15 death signal, shutting down workers
W0428 21:13:44.488000 386814 torch/distributed/elastic/multiprocessing/api.py:908] Sending process 386882 closing signal SIGTERM
W0428 21:13:44.490000 386814 torch/distributed/elastic/multiprocessing/api.py:908] Sending process 386883 closing signal SIGTERM
W0428 21:13:44.492000 386814 torch/distributed/elastic/multiprocessing/api.py:908] Sending process 386884 closing signal SIGTERM
W0428 21:13:44.494000 386814 torch/distributed/elastic/multiprocessing/api.py:908] Sending process 386885 closing signal SIGTERM
W0428 21:13:44.496000 386814 torch/distributed/elastic/multiprocessing/api.py:908] Sending process 386886 closing signal SIGTERM
W0428 21:13:44.499000 386814 torch/distributed/elastic/multiprocessing/api.py:908] Sending process 386887 closing signal SIGTERM
W0428 21:13:44.501000 386814 torch/distributed/elastic/multiprocessing/api.py:908] Sending process 386888 closing signal SIGTERM
W0428 21:13:44.504000 386814 torch/distributed/elastic/multiprocessing/api.py:908] Sending process 386889 closing signal SIGTERM
Traceback (most recent call last):
  File "/usr/local/bin/torchrun", line 7, in <module>
    sys.exit(main())
             ^^^^^^
  File "/usr/local/lib/python3.12/dist-packages/torch/distributed/elastic/multiprocessing/errors/__init__.py", line 357, in wrapper
    return f(*args, **kwargs)
           ^^^^^^^^^^^^^^^^^^
  File "/usr/local/lib/python3.12/dist-packages/torch/distributed/run.py", line 936, in main
    run(args)
  File "/usr/local/lib/python3.12/dist-packages/torch/distributed/run.py", line 927, in run
    elastic_launch(
  File "/usr/local/lib/python3.12/dist-packages/torch/distributed/launcher/api.py", line 156, in __call__
    return launch_agent(self._config, self._entrypoint, list(args))
           ^^^^^^^^^^^^^^^^^^^^^^^^^^^^^^^^^^^^^^^^^^^^^^^^^^^^^^^^
  File "/usr/local/lib/python3.12/dist-packages/torch/distributed/launcher/api.py", line 284, in launch_agent
    result = agent.run()
             ^^^^^^^^^^^
  File "/usr/local/lib/python3.12/dist-packages/torch/distributed/elastic/metrics/api.py", line 138, in wrapper
    result = f(*args, **kwargs)
             ^^^^^^^^^^^^^^^^^^
  File "/usr/local/lib/python3.12/dist-packages/torch/distributed/elastic/agent/server/api.py", line 717, in run
    result = self._invoke_run(role)
             ^^^^^^^^^^^^^^^^^^^^^^
  File "/usr/local/lib/python3.12/dist-packages/torch/distributed/elastic/agent/server/api.py", line 881, in _invoke_run
    time.sleep(monitor_interval)
  File "/usr/local/lib/python3.12/dist-packages/torch/distributed/elastic/multiprocessing/api.py", line 85, in _terminate_process_handler
    raise SignalException(f"Process {os.getpid()} got signal: {sigval}", sigval=sigval)
torch.distributed.elastic.multiprocessing.api.SignalException: Process 386814 got signal: 15
