Hyperparameters:
  adam_eps: 1e-08
  adam_wd: 0.02
  artifact_dir: 
  attn_clip_sigmas: 13.0
  attn_out_gate_enabled: False
  attn_out_gate_src: proj
  beta1: 0.9
  beta2: 0.95
  caseops_enabled: True
  compressor: brotli
  data_dir: /workspace/parameter-golf/data
  datasets_dir: /workspace/parameter-golf/data/datasets/fineweb10B_sp8192_caseops/datasets/datasets/fineweb10B_sp8192_lossless_caps_caseops_v1_reserved
  distributed: True
  ema_decay: 0.9965
  embed_bits: 8
  embed_clip_sigmas: 20.0
  embed_lr: 0.6
  embed_wd: 0.085
  enable_looping_at: 0.35
  eval_seq_len: 2048
  eval_stride: 64
  fused_ce_enabled: True
  gate_window: 12
  gated_attn_enabled: False
  gated_attn_init_std: 0.01
  gated_attn_quant_gate: False
  global_ttt_batch_seqs: 32
  global_ttt_chunk_tokens: 32768
  global_ttt_epochs: 1
  global_ttt_grad_clip: 1.0
  global_ttt_lr: 0.001
  global_ttt_momentum: 0.9
  global_ttt_muon_nesterov: True
  global_ttt_muon_ns_steps: 5
  global_ttt_optimizer: sgd
  global_ttt_respect_doc_boundaries: True
  global_ttt_warmup_chunks: 0
  global_ttt_warmup_start_lr: 0.0
  gptq_calibration_batches: 16
  gptq_reserve_seconds: 4.0
  grad_accum_steps: 8
  grad_clip_norm: 0.3
  is_main_process: True
  iterations: 100
  ln_scale: True
  local_rank: 0
  logfile: logs/smoke_A_base.txt
  logit_softcap: 30.0
  loop_end: 5
  loop_start: 3
  lqer_asym_enabled: True
  lqer_asym_group: 64
  lqer_enabled: True
  lqer_factor_bits: 4
  lqer_rank: 4
  lqer_top_k: 3
  matrix_bits: 6
  matrix_clip_sigmas: 12.85
  matrix_lr: 0.026
  max_wallclock_seconds: 900.0
  min_lr: 0.0
  mlp_clip_sigmas: 10.0
  mlp_mult: 4.0
  model_dim: 512
  model_path: final_model.pt
  muon_backend_steps: 5
  muon_huber_delta: 0.1
  muon_huber_wd: False
  muon_momentum: 0.97
  muon_momentum_warmup_start: 0.92
  muon_momentum_warmup_steps: 1500
  muon_row_normalize: True
  muon_wd: 0.095
  num_heads: 8
  num_kv_heads: 4
  num_layers: 11
  num_loops: 2
  optrot_enabled: False
  parallel_final_lane: mean
  parallel_start_layer: 8
  phased_ttt_num_phases: 1
  phased_ttt_prefix_docs: 2000
  qk_gain_init: 5.0
  qk_gain_schedule: []
  quantized_model_path: final_model.int6.ptz
  rank: 0
  rope_base: 10000.0
  rope_dims: 16
  rope_train_seq_len: 2048
  rope_yarn: False
  run_id: smoke_A_base
  scalar_lr: 0.02
  seed: 42
  skip_gates_enabled: True
  smear_gate_enabled: False
  sparse_attn_gate_enabled: False
  sparse_attn_gate_init_std: 0.0
  sparse_attn_gate_scale: 1.0
  tie_embeddings: True
  tied_embed_init_std: 0.005
  tied_embed_lr: 0.03
  tokenizer_path: /workspace/parameter-golf/data/datasets/fineweb10B_sp8192_caseops/datasets/tokenizers/fineweb_8192_bpe_lossless_caps_caseops_v1_reserved.model
  train_batch_tokens: 786432
  train_files: /workspace/parameter-golf/data/datasets/fineweb10B_sp8192_caseops/datasets/datasets/fineweb10B_sp8192_lossless_caps_caseops_v1_reserved/fineweb_train_*.bin
  train_log_every: 500
  train_seq_len: 2048
  ttt_batch_size: 64
  ttt_beta1: 0.0
  ttt_beta2: 0.999
  ttt_chunk_size: 48
  ttt_enabled: True
  ttt_eval_batches: 
  ttt_eval_seq_len: 2048
  ttt_grad_steps: 1
  ttt_k_lora: True
  ttt_lora_lr: 0.0001
  ttt_lora_rank: 96
  ttt_mlp_lora: True
  ttt_o_lora: True
  ttt_optimizer: adam
  ttt_weight_decay: 1.0
  val_batch_tokens: 524288
  val_bytes_files: /workspace/parameter-golf/data/datasets/fineweb10B_sp8192_caseops/datasets/datasets/fineweb10B_sp8192_lossless_caps_caseops_v1_reserved/fineweb_val_bytes_*.bin
  val_doc_fraction: 1.0
  val_files: /workspace/parameter-golf/data/datasets/fineweb10B_sp8192_caseops/datasets/datasets/fineweb10B_sp8192_lossless_caps_caseops_v1_reserved/fineweb_val_*.bin
  val_loss_every: 4000
  vocab_size: 8192
  warmdown_frac: 0.75
  warmup_steps: 20
  world_size: 1
  xsa_last_n: 11
train_shards: 146
val_tokens: 9662464
model_params:35944602
gptq:reserving 4s, effective=896000ms
warmup_cu_buckets:64,128,192,256 iters_each:3
warmup_step: 1/20
warmup_step: 2/20
warmup_step: 3/20
warmup_step: 4/20
warmup_step: 5/20
warmup_step: 6/20
warmup_step: 10/20
warmup_step: 20/20
loop_warmup:enabled encoder:[0, 1, 2, 3, 4, 5, 3, 4] decoder:[5, 3, 4, 5, 6, 7, 8, 9, 10]
loop_warmup_step: 1/20
loop_warmup_step: 2/20
loop_warmup_step: 3/20
loop_warmup_step: 4/20
loop_warmup_step: 5/20
loop_warmup_step: 6/20
loop_warmup_step: 10/20
loop_warmup_step: 20/20
0/100 val_loss: 9.0147 val_bpb: 4.1966
1/100 train_loss: 9.0164 train_time: 0.0m tok/s: 1113487
2/100 train_loss: 12.8207 train_time: 0.0m tok/s: 1103059
3/100 train_loss: 10.1113 train_time: 0.0m tok/s: 1101490
4/100 train_loss: 8.7146 train_time: 0.0m tok/s: 1104437
5/100 train_loss: 7.8150 train_time: 0.1m tok/s: 1103711
100/100 val_loss: 3.5109 val_bpb: 1.6344
peak memory allocated: 42066 MiB reserved: 47374 MiB
ema:applying EMA weights
diagnostic pre-quantization post-ema val_loss:7.61288136 val_bpb:3.54405422 eval_time:5799ms
[rank0]: Traceback (most recent call last):
[rank0]:   File "/workspace/parameter-golf/records/track_10min_16mb/2026-04-24_PR1797Base_QKGainSched_OptRot_AdamHD_LaCT/train_gpt_human.py", line 3744, in <module>
[rank0]:     main()
[rank0]:   File "/workspace/parameter-golf/records/track_10min_16mb/2026-04-24_PR1797Base_QKGainSched_OptRot_AdamHD_LaCT/train_gpt_human.py", line 3738, in main
[rank0]:     train_and_eval(h, device)
[rank0]:   File "/workspace/parameter-golf/records/track_10min_16mb/2026-04-24_PR1797Base_QKGainSched_OptRot_AdamHD_LaCT/train_gpt_human.py", line 3582, in train_and_eval
[rank0]:     serialize(h, base_model, Path(__file__).read_text(encoding="utf-8"))
[rank0]:   File "/workspace/parameter-golf/records/track_10min_16mb/2026-04-24_PR1797Base_QKGainSched_OptRot_AdamHD_LaCT/train_gpt_human.py", line 2608, in serialize
[rank0]:     code_bytes_uncompressed, code_bytes = _compressed_code_size(code)
[rank0]:                                           ^^^^^^^^^^^^^^^^^^^^^^^^^^^
[rank0]:   File "/workspace/parameter-golf/records/track_10min_16mb/2026-04-24_PR1797Base_QKGainSched_OptRot_AdamHD_LaCT/train_gpt_human.py", line 2597, in _compressed_code_size
[rank0]:     minified = subprocess.run(
[rank0]:                ^^^^^^^^^^^^^^^
[rank0]:   File "/usr/lib/python3.12/subprocess.py", line 548, in run
[rank0]:     with Popen(*popenargs, **kwargs) as process:
[rank0]:          ^^^^^^^^^^^^^^^^^^^^^^^^^^^
[rank0]:   File "/usr/lib/python3.12/subprocess.py", line 1026, in __init__
[rank0]:     self._execute_child(args, executable, preexec_fn, close_fds,
[rank0]:   File "/usr/lib/python3.12/subprocess.py", line 1955, in _execute_child
[rank0]:     raise child_exception_type(errno_num, err_msg, err_filename)
[rank0]: FileNotFoundError: [Errno 2] No such file or directory: 'pyminify'
[rank0]:[W425 04:57:29.463666993 ProcessGroupNCCL.cpp:1524] Warning: WARNING: destroy_process_group() was not called before program exit, which can leak resources. For more info, please see https://pytorch.org/docs/stable/distributed.html#shutdown (function operator())
E0425 04:57:35.188000 1747 torch/distributed/elastic/multiprocessing/api.py:882] failed (exitcode: 1) local_rank: 0 (pid: 1817) of binary: /usr/local/bin/python
Traceback (most recent call last):
  File "/usr/local/bin/torchrun", line 7, in <module>
    sys.exit(main())
             ^^^^^^
  File "/usr/local/lib/python3.12/dist-packages/torch/distributed/elastic/multiprocessing/errors/__init__.py", line 357, in wrapper
    return f(*args, **kwargs)
           ^^^^^^^^^^^^^^^^^^
  File "/usr/local/lib/python3.12/dist-packages/torch/distributed/run.py", line 936, in main
    run(args)
  File "/usr/local/lib/python3.12/dist-packages/torch/distributed/run.py", line 927, in run
    elastic_launch(
  File "/usr/local/lib/python3.12/dist-packages/torch/distributed/launcher/api.py", line 156, in __call__
    return launch_agent(self._config, self._entrypoint, list(args))
           ^^^^^^^^^^^^^^^^^^^^^^^^^^^^^^^^^^^^^^^^^^^^^^^^^^^^^^^^
  File "/usr/local/lib/python3.12/dist-packages/torch/distributed/launcher/api.py", line 293, in launch_agent
    raise ChildFailedError(
torch.distributed.elastic.multiprocessing.errors.ChildFailedError: 
============================================================
records/track_10min_16mb/2026-04-24_PR1797Base_QKGainSched_OptRot_AdamHD_LaCT/train_gpt_human.py FAILED
------------------------------------------------------------
Failures:
  <NO_OTHER_FAILURES>
------------------------------------------------------------
Root Cause (first observed failure):
[0]:
  time      : 2026-04-25_04:57:35
  host      : ebec5bedf760
  rank      : 0 (local_rank: 0)
  exitcode  : 1 (pid: 1817)
  error_file: <N/A>
  traceback : To enable traceback see: https://pytorch.org/docs/stable/elastic/errors.html
============================================================
