W0429 02:27:49.307000 177314 torch/distributed/run.py:803] 
W0429 02:27:49.307000 177314 torch/distributed/run.py:803] *****************************************
W0429 02:27:49.307000 177314 torch/distributed/run.py:803] Setting OMP_NUM_THREADS environment variable for each process to be 1 in default, to avoid your system being overloaded, please further tune the variable for optimal performance in your application as needed. 
W0429 02:27:49.307000 177314 torch/distributed/run.py:803] *****************************************
Hyperparameters:
  adam_eps: 1e-08
  adam_wd: 0.02
  artifact_dir: 
  attn_clip_sigmas: 13.0
  attn_out_gate_enabled: False
  attn_out_gate_src: proj
  beta1: 0.9
  beta2: 0.95
  caseops_enabled: True
  compressor: brotli
  data_dir: ./data
  datasets_dir: ./data/datasets/fineweb10B_sp8192_caseops/datasets/datasets/fineweb10B_sp8192_lossless_caps_caseops_v1_reserved
  distributed: True
  ema_decay: 0.9965
  embed_bits: 7
  embed_clip_sigmas: 15.0
  embed_lr: 0.6
  embed_wd: 0.085
  enable_looping_at: 0.35
  eval_seq_len: 2048
  eval_stride: 64
  fused_ce_enabled: True
  gate_window: 12
  gated_attn_enabled: False
  gated_attn_init_std: 0.01
  gated_attn_quant_gate: False
  global_ttt_batch_seqs: 32
  global_ttt_chunk_tokens: 32768
  global_ttt_epochs: 1
  global_ttt_grad_clip: 1.0
  global_ttt_lr: 0.001
  global_ttt_momentum: 0.9
  global_ttt_muon_nesterov: True
  global_ttt_muon_ns_steps: 5
  global_ttt_optimizer: sgd
  global_ttt_respect_doc_boundaries: True
  global_ttt_warmup_chunks: 0
  global_ttt_warmup_start_lr: 0.0
  gptq_calibration_batches: 16
  gptq_reserve_seconds: 0.5
  grad_accum_steps: 1
  grad_clip_norm: 0.3
  is_main_process: True
  iterations: 20000
  ln_scale: True
  local_rank: 0
  logfile: logs/bab33a89-4e71-43f5-8949-fccc3b172213.txt
  logit_softcap: 30.0
  loop_end: 5
  loop_start: 3
  lqer_asym_enabled: True
  lqer_asym_group: 64
  lqer_enabled: True
  lqer_factor_bits: 4
  lqer_rank: 4
  lqer_top_k: 3
  matrix_bits: 6
  matrix_clip_sigmas: 12.85
  matrix_lr: 0.026
  max_wallclock_seconds: 600.0
  min_lr: 0.1
  mlp_clip_sigmas: 12.0
  mlp_mult: 4.0
  model_dim: 512
  model_path: final_model.pt
  muon_backend_steps: 5
  muon_huber_delta: 0.1
  muon_huber_wd: False
  muon_momentum: 0.97
  muon_momentum_warmup_start: 0.92
  muon_momentum_warmup_steps: 1500
  muon_row_normalize: True
  muon_wd: 0.095
  num_heads: 8
  num_kv_heads: 4
  num_layers: 11
  num_loops: 2
  optrot_enabled: False
  parallel_final_lane: mean
  parallel_start_layer: 8
  phased_ttt_num_phases: 3
  phased_ttt_prefix_docs: 2000
  qk_gain_init: 5.0
  qk_gain_schedule: []
  quantized_model_path: final_model.int6.ptz
  rank: 0
  rope_base: 10000.0
  rope_dims: 16
  rope_train_seq_len: 2048
  rope_yarn: False
  run_id: bab33a89-4e71-43f5-8949-fccc3b172213
  scalar_lr: 0.02
  seed: 314
  skip_gates_enabled: True
  smear_gate_enabled: True
  sparse_attn_gate_enabled: True
  sparse_attn_gate_init_std: 0.0
  sparse_attn_gate_scale: 1.0
  tie_embeddings: True
  tied_embed_init_std: 0.005
  tied_embed_lr: 0.03
  tokenizer_path: ./data/datasets/fineweb10B_sp8192_caseops/datasets/tokenizers/fineweb_8192_bpe_lossless_caps_caseops_v1_reserved.model
  train_batch_tokens: 786432
  train_files: ./data/datasets/fineweb10B_sp8192_caseops/datasets/datasets/fineweb10B_sp8192_lossless_caps_caseops_v1_reserved/fineweb_train_*.bin
  train_log_every: 500
  train_seq_len: 2048
  ttt_batch_size: 64
  ttt_beta1: 0.0
  ttt_beta2: 0.999
  ttt_chunk_size: 48
  ttt_enabled: True
  ttt_eval_batches: 
  ttt_eval_seq_len: 2048
  ttt_grad_steps: 1
  ttt_k_lora: True
  ttt_lora_lr: 0.0001
  ttt_lora_rank: 96
  ttt_mlp_lora: False
  ttt_o_lora: True
  ttt_optimizer: adam
  ttt_weight_decay: 1.0
  val_batch_tokens: 524288
  val_bytes_files: ./data/datasets/fineweb10B_sp8192_caseops/datasets/datasets/fineweb10B_sp8192_lossless_caps_caseops_v1_reserved/fineweb_val_bytes_*.bin
  val_doc_fraction: 1.0
  val_files: ./data/datasets/fineweb10B_sp8192_caseops/datasets/datasets/fineweb10B_sp8192_lossless_caps_caseops_v1_reserved/fineweb_val_*.bin
  val_loss_every: 4000
  vocab_size: 8192
  warmdown_frac: 0.75
  warmup_steps: 20
  world_size: 8
  xsa_last_n: 11
train_shards: 1499
val_tokens: 47851520
model_params:35945671
gptq:reserving 0s, effective=599500ms
warmup_cu_buckets:64,128,192,256 iters_each:3
warmup_step: 1/20
warmup_step: 2/20
warmup_step: 3/20
warmup_step: 4/20
warmup_step: 5/20
warmup_step: 6/20
warmup_step: 10/20
warmup_step: 20/20
loop_warmup:enabled encoder:[0, 1, 2, 3, 4, 5, 3, 4] decoder:[5, 3, 4, 5, 6, 7, 8, 9, 10]
loop_warmup_step: 1/20
loop_warmup_step: 2/20
loop_warmup_step: 3/20
loop_warmup_step: 4/20
loop_warmup_step: 5/20
loop_warmup_step: 6/20
loop_warmup_step: 10/20
loop_warmup_step: 20/20
0/20000 val_loss: 8.9980 val_bpb: 4.1115
1/20000 train_loss: 8.9988 train_time: 0.0m tok/s: 12522974
2/20000 train_loss: 12.8353 train_time: 0.0m tok/s: 11644517
3/20000 train_loss: 10.2053 train_time: 0.0m tok/s: 10399354
4/20000 train_loss: 8.6617 train_time: 0.0m tok/s: 9842909
5/20000 train_loss: 7.9186 train_time: 0.0m tok/s: 9560218
500/20000 train_loss: 2.7323 train_time: 0.8m tok/s: 8424739
1000/20000 train_loss: 2.7949 train_time: 1.6m tok/s: 8397528
1500/20000 train_loss: 2.7362 train_time: 2.3m tok/s: 8393126
2000/20000 train_loss: 2.5065 train_time: 3.1m tok/s: 8394347
layer_loop:enabled step:2240 frac:0.350 encoder:[0, 1, 2, 3, 4, 5, 3, 4] decoder:[5, 3, 4, 5, 6, 7, 8, 9, 10]
2500/20000 train_loss: 2.6834 train_time: 4.1m tok/s: 7961877
3000/20000 train_loss: 2.4982 train_time: 5.3m tok/s: 7410097
3500/20000 train_loss: 2.3784 train_time: 6.5m tok/s: 7100806
4000/20000 train_loss: 2.5156 train_time: 7.6m tok/s: 6886359
4000/20000 val_loss: 2.4405 val_bpb: 1.1151
4500/20000 train_loss: 2.3992 train_time: 8.8m tok/s: 6728799
5000/20000 train_loss: 2.2749 train_time: 9.9m tok/s: 6606639
5032/20000 val_loss: 2.3544 val_bpb: 1.0758
stopping_early: wallclock_cap train_time: 599641ms step: 5032/20000
peak memory allocated: 41709 MiB reserved: 47026 MiB
ema:applying EMA weights
diagnostic pre-quantization post-ema val_loss:2.33111646 val_bpb:1.06516009 eval_time:9019ms
Serialized model: 135417533 bytes
Code size (uncompressed): 162123 bytes
Code size (compressed): 32455 bytes
GPTQ:collecting Hessians from calibration data...
GPTQ:collected 67 Hessians in 3.5s
Quantized weights:
  gptq (int6): blocks.attn.c_k.weight, blocks.attn.c_q.weight, blocks.attn.c_v.weight, blocks.attn.proj.weight, blocks.mlp.fc.weight, blocks.mlp.proj.weight
  gptq (int6)+lqer_asym: blocks.mlp.fc.weight
  gptq (int7)+lqer_asym: tok_emb.weight
  passthrough (float16): blocks.attn.attn_gate_w, blocks.attn.q_gain, blocks.attn_scale, blocks.mlp_scale, blocks.resid_mix, parallel_post_lambdas, parallel_resid_lambdas, skip_gates, skip_weights, smear_gate.weight, smear_lambda
Serialized model quantized+brotli: 15919568 bytes
Total submission size quantized+brotli: 15952023 bytes
diagnostic quantized val_loss:2.35069335 val_bpb:1.07410538 eval_time:10983ms
ttt_lora:warming up compile (random tokens, no val data)
ttt_lora:compile warmup done (150.2s)

beginning TTT eval timer
ttt_phased: total_docs:50000 prefix_docs:2000 suffix_docs:48000 num_phases:3 boundaries:[666, 1333, 2000]
ttp: b778/782 bl:2.3865 bb:1.1109 rl:2.3865 rb:1.1109 dl:9244-10426 gd:0
ttp: b771/782 bl:2.3063 bb:1.0594 rl:2.3571 rb:1.0918 dl:5523-5749 gd:0
ttp: b766/782 bl:2.1362 bb:1.0022 rl:2.3062 rb:1.0714 dl:4521-4680 gd:0
ttpp: phase:1/3 pd:1104 gd:666 t:213.9s
tttg: c1/111 lr:0.001000 t:0.3s
tttg: c2/111 lr:0.001000 t:0.4s
tttg: c3/111 lr:0.000999 t:0.5s
tttg: c4/111 lr:0.000998 t:0.6s
tttg: c5/111 lr:0.000997 t:0.7s
tttg: c6/111 lr:0.000995 t:0.8s
tttg: c7/111 lr:0.000993 t:0.8s
tttg: c8/111 lr:0.000990 t:0.9s
tttg: c9/111 lr:0.000987 t:1.0s
tttg: c10/111 lr:0.000984 t:1.1s
tttg: c11/111 lr:0.000980 t:1.2s
tttg: c12/111 lr:0.000976 t:1.2s
tttg: c13/111 lr:0.000971 t:1.3s
tttg: c14/111 lr:0.000966 t:1.4s
tttg: c15/111 lr:0.000961 t:1.5s
tttg: c16/111 lr:0.000955 t:1.5s
tttg: c17/111 lr:0.000949 t:1.6s
tttg: c18/111 lr:0.000942 t:1.7s
tttg: c19/111 lr:0.000935 t:1.8s
tttg: c20/111 lr:0.000928 t:1.9s
tttg: c21/111 lr:0.000921 t:1.9s
tttg: c22/111 lr:0.000913 t:2.0s
tttg: c23/111 lr:0.000905 t:2.1s
tttg: c24/111 lr:0.000896 t:2.2s
tttg: c25/111 lr:0.000887 t:2.3s
tttg: c26/111 lr:0.000878 t:2.3s
tttg: c27/111 lr:0.000868 t:2.4s
tttg: c28/111 lr:0.000859 t:2.5s
tttg: c29/111 lr:0.000848 t:2.6s
tttg: c30/111 lr:0.000838 t:2.7s
tttg: c31/111 lr:0.000827 t:2.8s
tttg: c32/111 lr:0.000817 t:2.9s
tttg: c33/111 lr:0.000805 t:2.9s
tttg: c34/111 lr:0.000794 t:3.0s
tttg: c35/111 lr:0.000782 t:3.1s
tttg: c36/111 lr:0.000770 t:3.2s
tttg: c37/111 lr:0.000758 t:3.3s
tttg: c38/111 lr:0.000746 t:3.3s
tttg: c39/111 lr:0.000733 t:3.4s
tttg: c40/111 lr:0.000721 t:3.5s
tttg: c41/111 lr:0.000708 t:3.6s
tttg: c42/111 lr:0.000695 t:3.7s
tttg: c43/111 lr:0.000681 t:3.7s
tttg: c44/111 lr:0.000668 t:3.8s
tttg: c45/111 lr:0.000655 t:3.9s
tttg: c46/111 lr:0.000641 t:4.0s
tttg: c47/111 lr:0.000627 t:4.1s
tttg: c48/111 lr:0.000613 t:4.1s
tttg: c49/111 lr:0.000599 t:4.2s
tttg: c50/111 lr:0.000585 t:4.3s
tttg: c51/111 lr:0.000571 t:4.4s
tttg: c52/111 lr:0.000557 t:4.5s
tttg: c53/111 lr:0.000543 t:4.5s
tttg: c54/111 lr:0.000529 t:4.6s
tttg: c55/111 lr:0.000514 t:4.7s
tttg: c56/111 lr:0.000500 t:4.8s
tttg: c57/111 lr:0.000486 t:4.9s
tttg: c58/111 lr:0.000471 t:5.0s
tttg: c59/111 lr:0.000457 t:5.0s
tttg: c60/111 lr:0.000443 t:5.1s
tttg: c61/111 lr:0.000429 t:5.2s
tttg: c62/111 lr:0.000415 t:5.3s
tttg: c63/111 lr:0.000401 t:5.4s
tttg: c64/111 lr:0.000387 t:5.4s
tttg: c65/111 lr:0.000373 t:5.5s
tttg: c66/111 lr:0.000359 t:5.6s
tttg: c67/111 lr:0.000345 t:5.7s
tttg: c68/111 lr:0.000332 t:5.8s
tttg: c69/111 lr:0.000319 t:5.8s
tttg: c70/111 lr:0.000305 t:5.9s
tttg: c71/111 lr:0.000292 t:6.0s
tttg: c72/111 lr:0.000279 t:6.1s
tttg: c73/111 lr:0.000267 t:6.2s
tttg: c74/111 lr:0.000254 t:6.2s
tttg: c75/111 lr:0.000242 t:6.3s
tttg: c76/111 lr:0.000230 t:6.4s
tttg: c77/111 lr:0.000218 t:6.5s
tttg: c78/111 lr:0.000206 t:6.6s
tttg: c79/111 lr:0.000195 t:6.7s
tttg: c80/111 lr:0.000183 t:6.7s
tttg: c81/111 lr:0.000173 t:6.8s
tttg: c82/111 lr:0.000162 t:6.9s
tttg: c83/111 lr:0.000152 t:7.0s
tttg: c84/111 lr:0.000141 t:7.1s
tttg: c85/111 lr:0.000132 t:7.1s
tttg: c86/111 lr:0.000122 t:7.2s
tttg: c87/111 lr:0.000113 t:7.3s
tttg: c88/111 lr:0.000104 t:7.4s
tttg: c89/111 lr:0.000095 t:7.5s
tttg: c90/111 lr:0.000087 t:7.5s
tttg: c91/111 lr:0.000079 t:7.6s
tttg: c92/111 lr:0.000072 t:7.7s
tttg: c93/111 lr:0.000065 t:7.8s
tttg: c94/111 lr:0.000058 t:7.9s
tttg: c95/111 lr:0.000051 t:8.0s
tttg: c96/111 lr:0.000045 t:8.0s
tttg: c97/111 lr:0.000039 t:8.1s
tttg: c98/111 lr:0.000034 t:8.2s
tttg: c99/111 lr:0.000029 t:8.3s
tttg: c100/111 lr:0.000024 t:8.4s
tttg: c101/111 lr:0.000020 t:8.4s
tttg: c102/111 lr:0.000016 t:8.5s
tttg: c103/111 lr:0.000013 t:8.6s
tttg: c104/111 lr:0.000010 t:8.7s
tttg: c105/111 lr:0.000007 t:8.8s
tttg: c106/111 lr:0.000005 t:8.9s
tttg: c107/111 lr:0.000003 t:8.9s
tttg: c108/111 lr:0.000002 t:9.0s
tttg: c109/111 lr:0.000001 t:9.1s
tttg: c110/111 lr:0.000000 t:9.2s
ttpr: phase:1/3 t:224.7s
ttp: b764/782 bl:2.2931 bb:1.0741 rl:2.3039 rb:1.0719 dl:4284-4392 gd:0
ttpp: phase:2/3 pd:1808 gd:1333 t:344.6s
tttg: c1/185 lr:0.001000 t:0.1s
tttg: c2/185 lr:0.001000 t:0.2s
tttg: c3/185 lr:0.001000 t:0.2s
tttg: c4/185 lr:0.000999 t:0.3s
tttg: c5/185 lr:0.000999 t:0.4s
tttg: c6/185 lr:0.000998 t:0.5s
tttg: c7/185 lr:0.000997 t:0.6s
tttg: c8/185 lr:0.000996 t:0.6s
tttg: c9/185 lr:0.000995 t:0.7s
tttg: c10/185 lr:0.000994 t:0.8s
tttg: c11/185 lr:0.000993 t:0.9s
tttg: c12/185 lr:0.000991 t:1.0s
tttg: c13/185 lr:0.000990 t:1.0s
tttg: c14/185 lr:0.000988 t:1.1s
tttg: c15/185 lr:0.000986 t:1.2s
tttg: c16/185 lr:0.000984 t:1.3s
tttg: c17/185 lr:0.000981 t:1.4s
tttg: c18/185 lr:0.000979 t:1.5s
tttg: c19/185 lr:0.000977 t:1.5s
tttg: c20/185 lr:0.000974 t:1.6s
tttg: c21/185 lr:0.000971 t:1.7s
tttg: c22/185 lr:0.000968 t:1.8s
tttg: c23/185 lr:0.000965 t:1.9s
tttg: c24/185 lr:0.000962 t:1.9s
tttg: c25/185 lr:0.000959 t:2.0s
tttg: c26/185 lr:0.000955 t:2.1s
tttg: c27/185 lr:0.000952 t:2.2s
tttg: c28/185 lr:0.000948 t:2.3s
tttg: c29/185 lr:0.000944 t:2.4s
tttg: c30/185 lr:0.000940 t:2.4s
tttg: c31/185 lr:0.000936 t:2.5s
tttg: c32/185 lr:0.000932 t:2.6s
tttg: c33/185 lr:0.000927 t:2.7s
tttg: c34/185 lr:0.000923 t:2.8s
tttg: c35/185 lr:0.000918 t:2.8s
tttg: c36/185 lr:0.000913 t:2.9s
tttg: c37/185 lr:0.000908 t:3.0s
tttg: c38/185 lr:0.000904 t:3.1s
tttg: c39/185 lr:0.000898 t:3.2s
tttg: c40/185 lr:0.000893 t:3.2s
tttg: c41/185 lr:0.000888 t:3.3s
tttg: c42/185 lr:0.000882 t:3.4s
tttg: c43/185 lr:0.000877 t:3.5s
tttg: c44/185 lr:0.000871 t:3.6s
tttg: c45/185 lr:0.000865 t:3.6s
tttg: c46/185 lr:0.000860 t:3.7s
tttg: c47/185 lr:0.000854 t:3.8s
tttg: c48/185 lr:0.000847 t:3.9s
tttg: c49/185 lr:0.000841 t:4.0s
tttg: c50/185 lr:0.000835 t:4.0s
tttg: c51/185 lr:0.000829 t:4.1s
tttg: c52/185 lr:0.000822 t:4.2s
tttg: c53/185 lr:0.000816 t:4.3s
tttg: c54/185 lr:0.000809 t:4.4s
tttg: c55/185 lr:0.000802 t:4.5s
tttg: c56/185 lr:0.000795 t:4.5s
tttg: c57/185 lr:0.000788 t:4.6s
tttg: c58/185 lr:0.000781 t:4.7s
tttg: c59/185 lr:0.000774 t:4.8s
tttg: c60/185 lr:0.000767 t:4.9s
tttg: c61/185 lr:0.000760 t:4.9s
tttg: c62/185 lr:0.000752 t:5.0s
tttg: c63/185 lr:0.000745 t:5.1s
tttg: c64/185 lr:0.000738 t:5.2s
tttg: c65/185 lr:0.000730 t:5.3s
tttg: c66/185 lr:0.000722 t:5.3s
tttg: c67/185 lr:0.000715 t:5.4s
tttg: c68/185 lr:0.000707 t:5.5s
tttg: c69/185 lr:0.000699 t:5.6s
tttg: c70/185 lr:0.000691 t:5.7s
tttg: c71/185 lr:0.000683 t:5.7s
tttg: c72/185 lr:0.000675 t:5.8s
tttg: c73/185 lr:0.000667 t:5.9s
tttg: c74/185 lr:0.000659 t:6.0s
tttg: c75/185 lr:0.000651 t:6.1s
tttg: c76/185 lr:0.000643 t:6.2s
tttg: c77/185 lr:0.000635 t:6.3s
tttg: c78/185 lr:0.000627 t:6.3s
tttg: c79/185 lr:0.000618 t:6.4s
tttg: c80/185 lr:0.000610 t:6.5s
tttg: c81/185 lr:0.000602 t:6.6s
tttg: c82/185 lr:0.000593 t:6.7s
tttg: c83/185 lr:0.000585 t:6.7s
tttg: c84/185 lr:0.000577 t:6.8s
tttg: c85/185 lr:0.000568 t:6.9s
tttg: c86/185 lr:0.000560 t:7.0s
tttg: c87/185 lr:0.000551 t:7.1s
tttg: c88/185 lr:0.000543 t:7.1s
tttg: c89/185 lr:0.000534 t:7.2s
tttg: c90/185 lr:0.000526 t:7.3s
tttg: c91/185 lr:0.000517 t:7.4s
tttg: c92/185 lr:0.000509 t:7.5s
tttg: c93/185 lr:0.000500 t:7.6s
tttg: c94/185 lr:0.000491 t:7.6s
tttg: c95/185 lr:0.000483 t:7.7s
tttg: c96/185 lr:0.000474 t:7.8s
tttg: c97/185 lr:0.000466 t:7.9s
tttg: c98/185 lr:0.000457 t:8.0s
tttg: c99/185 lr:0.000449 t:8.0s
tttg: c100/185 lr:0.000440 t:8.1s
tttg: c101/185 lr:0.000432 t:8.2s
tttg: c102/185 lr:0.000423 t:8.3s
tttg: c103/185 lr:0.000415 t:8.4s
tttg: c104/185 lr:0.000407 t:8.5s
tttg: c105/185 lr:0.000398 t:8.5s
tttg: c106/185 lr:0.000390 t:8.6s
tttg: c107/185 lr:0.000382 t:8.7s
tttg: c108/185 lr:0.000373 t:8.8s
tttg: c109/185 lr:0.000365 t:8.9s
tttg: c110/185 lr:0.000357 t:8.9s
tttg: c111/185 lr:0.000349 t:9.0s
tttg: c112/185 lr:0.000341 t:9.1s
tttg: c113/185 lr:0.000333 t:9.2s
tttg: c114/185 lr:0.000325 t:9.3s
tttg: c115/185 lr:0.000317 t:9.3s
tttg: c116/185 lr:0.000309 t:9.4s
tttg: c117/185 lr:0.000301 t:9.5s
tttg: c118/185 lr:0.000293 t:9.6s
tttg: c119/185 lr:0.000285 t:9.7s
tttg: c120/185 lr:0.000278 t:9.8s
tttg: c121/185 lr:0.000270 t:9.8s
tttg: c122/185 lr:0.000262 t:9.9s
tttg: c123/185 lr:0.000255 t:10.0s
tttg: c124/185 lr:0.000248 t:10.1s
tttg: c125/185 lr:0.000240 t:10.2s
tttg: c126/185 lr:0.000233 t:10.2s
tttg: c127/185 lr:0.000226 t:10.3s
tttg: c128/185 lr:0.000219 t:10.4s
tttg: c129/185 lr:0.000212 t:10.5s
tttg: c130/185 lr:0.000205 t:10.6s
tttg: c131/185 lr:0.000198 t:10.6s
tttg: c132/185 lr:0.000191 t:10.7s
tttg: c133/185 lr:0.000184 t:10.8s
tttg: c134/185 lr:0.000178 t:10.9s
tttg: c135/185 lr:0.000171 t:11.0s
tttg: c136/185 lr:0.000165 t:11.0s
tttg: c137/185 lr:0.000159 t:11.1s
tttg: c138/185 lr:0.000153 t:11.2s
tttg: c139/185 lr:0.000146 t:11.3s
tttg: c140/185 lr:0.000140 t:11.4s
tttg: c141/185 lr:0.000135 t:11.5s
tttg: c142/185 lr:0.000129 t:11.5s
tttg: c143/185 lr:0.000123 t:11.6s
tttg: c144/185 lr:0.000118 t:11.7s
tttg: c145/185 lr:0.000112 t:11.8s
tttg: c146/185 lr:0.000107 t:11.8s
tttg: c147/185 lr:0.000102 t:11.9s
tttg: c148/185 lr:0.000096 t:12.0s
tttg: c149/185 lr:0.000092 t:12.1s
tttg: c150/185 lr:0.000087 t:12.2s
tttg: c151/185 lr:0.000082 t:12.2s
tttg: c152/185 lr:0.000077 t:12.3s
tttg: c153/185 lr:0.000073 t:12.4s
tttg: c154/185 lr:0.000068 t:12.5s
tttg: c155/185 lr:0.000064 t:12.6s
tttg: c156/185 lr:0.000060 t:12.7s
tttg: c157/185 lr:0.000056 t:12.7s
tttg: c158/185 lr:0.000052 t:12.8s
tttg: c159/185 lr:0.000048 t:12.9s
tttg: c160/185 lr:0.000045 t:13.0s
tttg: c161/185 lr:0.000041 t:13.1s
tttg: c162/185 lr:0.000038 t:13.2s
tttg: c163/185 lr:0.000035 t:13.2s
tttg: c164/185 lr:0.000032 t:13.3s
tttg: c165/185 lr:0.000029 t:13.4s
tttg: c166/185 lr:0.000026 t:13.5s
tttg: c167/185 lr:0.000023 t:13.6s
tttg: c168/185 lr:0.000021 t:13.6s
tttg: c169/185 lr:0.000019 t:13.7s
tttg: c170/185 lr:0.000016 t:13.8s
tttg: c171/185 lr:0.000014 t:13.9s
tttg: c172/185 lr:0.000012 t:13.9s
tttg: c173/185 lr:0.000010 t:14.0s
tttg: c174/185 lr:0.000009 t:14.1s
tttg: c175/185 lr:0.000007 t:14.2s
tttg: c176/185 lr:0.000006 t:14.3s
tttg: c177/185 lr:0.000005 t:14.4s
tttg: c178/185 lr:0.000004 t:14.4s
tttg: c179/185 lr:0.000003 t:14.5s
tttg: c180/185 lr:0.000002 t:14.6s
tttg: c181/185 lr:0.000001 t:14.7s
tttg: c182/185 lr:0.000001 t:14.8s
tttg: c183/185 lr:0.000000 t:14.9s
tttg: c184/185 lr:0.000000 t:14.9s
ttpr: phase:2/3 t:361.1s
ttp: b748/782 bl:2.3180 bb:1.0818 rl:2.3054 rb:1.0730 dl:2992-3039 gd:0
ttpp: phase:3/3 pd:2448 gd:2000 t:377.2s
tttg: c1/250 lr:0.001000 t:0.1s
tttg: c2/250 lr:0.001000 t:0.2s
tttg: c3/250 lr:0.001000 t:0.2s
tttg: c4/250 lr:0.001000 t:0.3s
tttg: c5/250 lr:0.000999 t:0.4s
tttg: c6/250 lr:0.000999 t:0.5s
tttg: c7/250 lr:0.000999 t:0.6s
tttg: c8/250 lr:0.000998 t:0.6s
tttg: c9/250 lr:0.000997 t:0.7s
tttg: c10/250 lr:0.000997 t:0.8s
tttg: c11/250 lr:0.000996 t:0.9s
tttg: c12/250 lr:0.000995 t:1.0s
tttg: c13/250 lr:0.000994 t:1.0s
tttg: c14/250 lr:0.000993 t:1.1s
tttg: c15/250 lr:0.000992 t:1.2s
tttg: c16/250 lr:0.000991 t:1.3s
tttg: c17/250 lr:0.000990 t:1.4s
tttg: c18/250 lr:0.000989 t:1.4s
tttg: c19/250 lr:0.000987 t:1.5s
tttg: c20/250 lr:0.000986 t:1.6s
tttg: c21/250 lr:0.000984 t:1.7s
tttg: c22/250 lr:0.000983 t:1.8s
tttg: c23/250 lr:0.000981 t:1.8s
tttg: c24/250 lr:0.000979 t:1.9s
tttg: c25/250 lr:0.000977 t:2.0s
tttg: c26/250 lr:0.000975 t:2.1s
tttg: c27/250 lr:0.000973 t:2.2s
tttg: c28/250 lr:0.000971 t:2.3s
tttg: c29/250 lr:0.000969 t:2.3s
tttg: c30/250 lr:0.000967 t:2.4s
tttg: c31/250 lr:0.000965 t:2.5s
tttg: c32/250 lr:0.000962 t:2.6s
tttg: c33/250 lr:0.000960 t:2.7s
tttg: c34/250 lr:0.000957 t:2.7s
tttg: c35/250 lr:0.000955 t:2.8s
tttg: c36/250 lr:0.000952 t:2.9s
tttg: c37/250 lr:0.000949 t:3.0s
tttg: c38/250 lr:0.000947 t:3.1s
tttg: c39/250 lr:0.000944 t:3.1s
tttg: c40/250 lr:0.000941 t:3.2s
tttg: c41/250 lr:0.000938 t:3.3s
tttg: c42/250 lr:0.000935 t:3.4s
tttg: c43/250 lr:0.000931 t:3.5s
tttg: c44/250 lr:0.000928 t:3.5s
tttg: c45/250 lr:0.000925 t:3.6s
tttg: c46/250 lr:0.000922 t:3.7s
tttg: c47/250 lr:0.000918 t:3.8s
tttg: c48/250 lr:0.000915 t:3.9s
tttg: c49/250 lr:0.000911 t:3.9s
tttg: c50/250 lr:0.000907 t:4.0s
tttg: c51/250 lr:0.000904 t:4.1s
tttg: c52/250 lr:0.000900 t:4.2s
tttg: c53/250 lr:0.000896 t:4.3s
tttg: c54/250 lr:0.000892 t:4.3s
tttg: c55/250 lr:0.000888 t:4.4s
tttg: c56/250 lr:0.000884 t:4.5s
tttg: c57/250 lr:0.000880 t:4.6s
tttg: c58/250 lr:0.000876 t:4.7s
tttg: c59/250 lr:0.000872 t:4.8s
tttg: c60/250 lr:0.000868 t:4.8s
tttg: c61/250 lr:0.000863 t:4.9s
tttg: c62/250 lr:0.000859 t:5.0s
tttg: c63/250 lr:0.000855 t:5.1s
tttg: c64/250 lr:0.000850 t:5.2s
tttg: c65/250 lr:0.000846 t:5.2s
tttg: c66/250 lr:0.000841 t:5.3s
tttg: c67/250 lr:0.000836 t:5.4s
tttg: c68/250 lr:0.000832 t:5.5s
tttg: c69/250 lr:0.000827 t:5.5s
tttg: c70/250 lr:0.000822 t:5.6s
tttg: c71/250 lr:0.000817 t:5.7s
tttg: c72/250 lr:0.000812 t:5.8s
tttg: c73/250 lr:0.000807 t:5.9s
tttg: c74/250 lr:0.000803 t:6.0s
tttg: c75/250 lr:0.000797 t:6.0s
tttg: c76/250 lr:0.000792 t:6.1s
tttg: c77/250 lr:0.000787 t:6.2s
tttg: c78/250 lr:0.000782 t:6.3s
tttg: c79/250 lr:0.000777 t:6.4s
tttg: c80/250 lr:0.000772 t:6.4s
tttg: c81/250 lr:0.000766 t:6.5s
tttg: c82/250 lr:0.000761 t:6.6s
tttg: c83/250 lr:0.000755 t:6.7s
tttg: c84/250 lr:0.000750 t:6.8s
tttg: c85/250 lr:0.000745 t:6.8s
tttg: c86/250 lr:0.000739 t:6.9s
tttg: c87/250 lr:0.000733 t:7.0s
tttg: c88/250 lr:0.000728 t:7.1s
tttg: c89/250 lr:0.000722 t:7.2s
tttg: c90/250 lr:0.000717 t:7.2s
tttg: c91/250 lr:0.000711 t:7.3s
tttg: c92/250 lr:0.000705 t:7.4s
tttg: c93/250 lr:0.000699 t:7.5s
tttg: c94/250 lr:0.000694 t:7.6s
tttg: c95/250 lr:0.000688 t:7.6s
tttg: c96/250 lr:0.000682 t:7.7s
tttg: c97/250 lr:0.000676 t:7.8s
tttg: c98/250 lr:0.000670 t:7.9s
tttg: c99/250 lr:0.000664 t:8.0s
tttg: c100/250 lr:0.000658 t:8.0s
tttg: c101/250 lr:0.000652 t:8.1s
tttg: c102/250 lr:0.000646 t:8.2s
tttg: c103/250 lr:0.000640 t:8.3s
tttg: c104/250 lr:0.000634 t:8.4s
tttg: c105/250 lr:0.000628 t:8.4s
tttg: c106/250 lr:0.000622 t:8.5s
tttg: c107/250 lr:0.000616 t:8.6s
tttg: c108/250 lr:0.000610 t:8.7s
tttg: c109/250 lr:0.000603 t:8.8s
tttg: c110/250 lr:0.000597 t:8.9s
tttg: c111/250 lr:0.000591 t:8.9s
tttg: c112/250 lr:0.000585 t:9.0s
tttg: c113/250 lr:0.000579 t:9.1s
tttg: c114/250 lr:0.000572 t:9.2s
tttg: c115/250 lr:0.000566 t:9.3s
tttg: c116/250 lr:0.000560 t:9.3s
tttg: c117/250 lr:0.000554 t:9.4s
tttg: c118/250 lr:0.000547 t:9.5s
tttg: c119/250 lr:0.000541 t:9.6s
tttg: c120/250 lr:0.000535 t:9.7s
tttg: c121/250 lr:0.000528 t:9.7s
tttg: c122/250 lr:0.000522 t:9.8s
tttg: c123/250 lr:0.000516 t:9.9s
tttg: c124/250 lr:0.000509 t:10.0s
tttg: c125/250 lr:0.000503 t:10.1s
tttg: c126/250 lr:0.000497 t:10.1s
tttg: c127/250 lr:0.000491 t:10.2s
tttg: c128/250 lr:0.000484 t:10.3s
tttg: c129/250 lr:0.000478 t:10.4s
tttg: c130/250 lr:0.000472 t:10.5s
tttg: c131/250 lr:0.000465 t:10.5s
tttg: c132/250 lr:0.000459 t:10.6s
tttg: c133/250 lr:0.000453 t:10.7s
tttg: c134/250 lr:0.000446 t:10.8s
tttg: c135/250 lr:0.000440 t:10.9s
tttg: c136/250 lr:0.000434 t:10.9s
tttg: c137/250 lr:0.000428 t:11.0s
tttg: c138/250 lr:0.000421 t:11.1s
tttg: c139/250 lr:0.000415 t:11.2s
tttg: c140/250 lr:0.000409 t:11.3s
tttg: c141/250 lr:0.000403 t:11.3s
tttg: c142/250 lr:0.000397 t:11.4s
tttg: c143/250 lr:0.000390 t:11.5s
tttg: c144/250 lr:0.000384 t:11.6s
tttg: c145/250 lr:0.000378 t:11.7s
tttg: c146/250 lr:0.000372 t:11.7s
tttg: c147/250 lr:0.000366 t:11.8s
tttg: c148/250 lr:0.000360 t:11.9s
tttg: c149/250 lr:0.000354 t:12.0s
tttg: c150/250 lr:0.000348 t:12.1s
tttg: c151/250 lr:0.000342 t:12.2s
tttg: c152/250 lr:0.000336 t:12.2s
tttg: c153/250 lr:0.000330 t:12.3s
tttg: c154/250 lr:0.000324 t:12.4s
tttg: c155/250 lr:0.000318 t:12.5s
tttg: c156/250 lr:0.000312 t:12.6s
tttg: c157/250 lr:0.000306 t:12.6s
tttg: c158/250 lr:0.000301 t:12.7s
tttg: c159/250 lr:0.000295 t:12.8s
tttg: c160/250 lr:0.000289 t:12.9s
tttg: c161/250 lr:0.000283 t:13.0s
tttg: c162/250 lr:0.000278 t:13.1s
tttg: c163/250 lr:0.000272 t:13.1s
tttg: c164/250 lr:0.000267 t:13.2s
tttg: c165/250 lr:0.000261 t:13.3s
tttg: c166/250 lr:0.000255 t:13.4s
tttg: c167/250 lr:0.000250 t:13.4s
tttg: c168/250 lr:0.000245 t:13.5s
tttg: c169/250 lr:0.000239 t:13.6s
tttg: c170/250 lr:0.000234 t:13.7s
tttg: c171/250 lr:0.000228 t:13.8s
tttg: c172/250 lr:0.000223 t:13.8s
tttg: c173/250 lr:0.000218 t:13.9s
tttg: c174/250 lr:0.000213 t:14.0s
tttg: c175/250 lr:0.000208 t:14.1s
tttg: c176/250 lr:0.000203 t:14.2s
tttg: c177/250 lr:0.000197 t:14.2s
tttg: c178/250 lr:0.000193 t:14.3s
tttg: c179/250 lr:0.000188 t:14.4s
tttg: c180/250 lr:0.000183 t:14.5s
tttg: c181/250 lr:0.000178 t:14.6s
tttg: c182/250 lr:0.000173 t:14.7s
tttg: c183/250 lr:0.000168 t:14.7s
tttg: c184/250 lr:0.000164 t:14.8s
tttg: c185/250 lr:0.000159 t:14.9s
tttg: c186/250 lr:0.000154 t:15.0s
tttg: c187/250 lr:0.000150 t:15.1s
tttg: c188/250 lr:0.000145 t:15.1s
tttg: c189/250 lr:0.000141 t:15.2s
tttg: c190/250 lr:0.000137 t:15.3s
tttg: c191/250 lr:0.000132 t:15.4s
tttg: c192/250 lr:0.000128 t:15.4s
tttg: c193/250 lr:0.000124 t:15.5s
tttg: c194/250 lr:0.000120 t:15.6s
tttg: c195/250 lr:0.000116 t:15.7s
tttg: c196/250 lr:0.000112 t:15.8s
tttg: c197/250 lr:0.000108 t:15.9s
tttg: c198/250 lr:0.000104 t:15.9s
tttg: c199/250 lr:0.000100 t:16.0s
tttg: c200/250 lr:0.000096 t:16.1s
tttg: c201/250 lr:0.000093 t:16.2s
tttg: c202/250 lr:0.000089 t:16.2s
tttg: c203/250 lr:0.000085 t:16.3s
tttg: c204/250 lr:0.000082 t:16.4s
tttg: c205/250 lr:0.000078 t:16.5s
tttg: c206/250 lr:0.000075 t:16.6s
tttg: c207/250 lr:0.000072 t:16.6s
tttg: c208/250 lr:0.000069 t:16.7s
tttg: c209/250 lr:0.000065 t:16.8s
tttg: c210/250 lr:0.000062 t:16.9s
tttg: c211/250 lr:0.000059 t:17.0s
tttg: c212/250 lr:0.000056 t:17.0s
tttg: c213/250 lr:0.000053 t:17.1s
tttg: c214/250 lr:0.000051 t:17.2s
tttg: c215/250 lr:0.000048 t:17.3s
tttg: c216/250 lr:0.000045 t:17.4s
tttg: c217/250 lr:0.000043 t:17.4s
tttg: c218/250 lr:0.000040 t:17.5s
tttg: c219/250 lr:0.000038 t:17.6s
tttg: c220/250 lr:0.000035 t:17.7s
tttg: c221/250 lr:0.000033 t:17.8s
tttg: c222/250 lr:0.000031 t:17.8s
tttg: c223/250 lr:0.000029 t:17.9s
tttg: c224/250 lr:0.000027 t:18.0s
tttg: c225/250 lr:0.000025 t:18.1s
tttg: c226/250 lr:0.000023 t:18.1s
tttg: c227/250 lr:0.000021 t:18.2s
tttg: c228/250 lr:0.000019 t:18.3s
tttg: c229/250 lr:0.000017 t:18.4s
tttg: c230/250 lr:0.000016 t:18.5s
tttg: c231/250 lr:0.000014 t:18.5s
tttg: c232/250 lr:0.000013 t:18.6s
tttg: c233/250 lr:0.000011 t:18.7s
tttg: c234/250 lr:0.000010 t:18.8s
tttg: c235/250 lr:0.000009 t:18.9s
tttg: c236/250 lr:0.000008 t:18.9s
tttg: c237/250 lr:0.000007 t:19.0s
tttg: c238/250 lr:0.000006 t:19.1s
tttg: c239/250 lr:0.000005 t:19.2s
tttg: c240/250 lr:0.000004 t:19.2s
tttg: c241/250 lr:0.000003 t:19.3s
tttg: c242/250 lr:0.000003 t:19.4s
tttg: c243/250 lr:0.000002 t:19.5s
tttg: c244/250 lr:0.000001 t:19.6s
tttg: c245/250 lr:0.000001 t:19.6s
tttg: c246/250 lr:0.000001 t:19.7s
tttg: c247/250 lr:0.000000 t:19.8s
tttg: c248/250 lr:0.000000 t:19.9s
tttg: c249/250 lr:0.000000 t:20.0s
ttpr: phase:3/3 t:398.8s
ttp: b739/782 bl:2.2920 bb:1.0226 rl:2.3043 rb:1.0684 dl:2619-2652 gd:1
ttp: b731/782 bl:2.3390 bb:1.0432 rl:2.3068 rb:1.0664 dl:2377-2414 gd:1
ttp: b721/782 bl:2.3093 bb:1.0255 rl:2.3070 rb:1.0638 dl:2144-2163 gd:1
ttp: b718/782 bl:2.2886 bb:1.0272 rl:2.3059 rb:1.0616 dl:2089-2106 gd:1
ttp: b706/782 bl:2.4024 bb:1.0744 rl:2.3107 rb:1.0623 dl:1898-1910 gd:1
ttp: b702/782 bl:2.4308 bb:1.0832 rl:2.3162 rb:1.0633 dl:1847-1858 gd:1
ttp: b689/782 bl:2.3896 bb:1.0759 rl:2.3192 rb:1.0638 dl:1706-1715 gd:1
ttp: b686/782 bl:2.4411 bb:1.0746 rl:2.3239 rb:1.0642 dl:1675-1685 gd:1
ttp: b672/782 bl:2.3271 bb:1.0471 rl:2.3240 rb:1.0636 dl:1553-1562 gd:1
ttp: b670/782 bl:2.3457 bb:1.0674 rl:2.3247 rb:1.0638 dl:1537-1544 gd:1
ttp: b656/782 bl:2.3287 bb:1.1109 rl:2.3248 rb:1.0651 dl:1439-1445 gd:1
ttp: b648/782 bl:2.2831 bb:1.0075 rl:2.3236 rb:1.0634 dl:1387-1392 gd:1
ttp: b646/782 bl:2.2691 bb:1.0492 rl:2.3222 rb:1.0631 dl:1375-1382 gd:1
ttp: b636/782 bl:2.3841 bb:1.0685 rl:2.3237 rb:1.0632 dl:1314-1320 gd:1
ttp: b627/782 bl:2.3803 bb:1.0717 rl:2.3251 rb:1.0634 dl:1266-1271 gd:1
ttp: b619/782 bl:2.3258 bb:1.0606 rl:2.3251 rb:1.0633 dl:1221-1226 gd:1
ttp: b612/782 bl:2.2364 bb:1.0132 rl:2.3232 rb:1.0623 dl:1186-1190 gd:1
ttp: b605/782 bl:2.2490 bb:1.0257 rl:2.3217 rb:1.0615 dl:1154-1159 gd:1
ttp: b593/782 bl:2.2938 bb:1.0125 rl:2.3212 rb:1.0606 dl:1103-1107 gd:1
ttp: b584/782 bl:2.2967 bb:1.0384 rl:2.3207 rb:1.0602 dl:1064-1069 gd:1
ttp: b576/782 bl:2.3791 bb:1.0943 rl:2.3217 rb:1.0607 dl:1033-1037 gd:1
ttp: b569/782 bl:2.3116 bb:1.0452 rl:2.3216 rb:1.0605 dl:1007-1010 gd:1
ttp: b560/782 bl:2.2684 bb:1.0094 rl:2.3207 rb:1.0597 dl:975-979 gd:1
ttp: b552/782 bl:2.2738 bb:1.0186 rl:2.3200 rb:1.0590 dl:949-952 gd:1
ttp: b548/782 bl:2.2462 bb:1.0494 rl:2.3190 rb:1.0589 dl:937-939 gd:1
ttp: b540/782 bl:2.3518 bb:1.0743 rl:2.3194 rb:1.0591 dl:912-915 gd:1
ttp: b528/782 bl:2.3329 bb:1.0427 rl:2.3196 rb:1.0589 dl:875-878 gd:1
ttp: b520/782 bl:2.3262 bb:1.0031 rl:2.3197 rb:1.0581 dl:852-854 gd:1
ttp: b516/782 bl:2.3540 bb:1.0445 rl:2.3201 rb:1.0580 dl:841-843 gd:1
ttp: b508/782 bl:2.3936 bb:1.0523 rl:2.3210 rb:1.0579 dl:817-820 gd:1
ttp: b496/782 bl:2.4206 bb:1.0479 rl:2.3221 rb:1.0578 dl:785-788 gd:1
ttp: b488/782 bl:2.2958 bb:1.0102 rl:2.3218 rb:1.0572 dl:766-769 gd:1
ttp: b487/782 bl:2.2808 bb:1.0679 rl:2.3214 rb:1.0574 dl:764-766 gd:1
ttp: b479/782 bl:2.4109 bb:1.0833 rl:2.3223 rb:1.0576 dl:744-747 gd:1
ttp: b471/782 bl:2.4034 bb:1.0852 rl:2.3231 rb:1.0579 dl:726-728 gd:1
ttp: b459/782 bl:2.2806 bb:1.0442 rl:2.3227 rb:1.0578 dl:700-701 gd:1
ttp: b451/782 bl:2.4023 bb:1.0870 rl:2.3235 rb:1.0580 dl:682-685 gd:1
ttp: b444/782 bl:2.3120 bb:1.0652 rl:2.3234 rb:1.0581 dl:668-670 gd:1
ttp: b438/782 bl:2.3052 bb:1.0520 rl:2.3232 rb:1.0581 dl:655-657 gd:1
ttp: b430/782 bl:2.3853 bb:1.0430 rl:2.3237 rb:1.0579 dl:640-642 gd:1
ttp: b422/782 bl:2.3015 bb:1.0861 rl:2.3235 rb:1.0581 dl:624-626 gd:1
ttp: b408/782 bl:2.2992 bb:1.0691 rl:2.3233 rb:1.0582 dl:597-598 gd:1
ttp: b400/782 bl:2.3077 bb:1.0384 rl:2.3232 rb:1.0581 dl:582-584 gd:1
ttp: b392/782 bl:2.2518 bb:1.0358 rl:2.3227 rb:1.0579 dl:568-570 gd:1
ttp: b387/782 bl:2.3574 bb:1.0813 rl:2.3230 rb:1.0581 dl:559-561 gd:1
ttp: b380/782 bl:2.3627 bb:1.0895 rl:2.3232 rb:1.0583 dl:547-549 gd:1
ttp: b372/782 bl:2.3358 bb:1.0491 rl:2.3233 rb:1.0582 dl:533-535 gd:1
ttp: b363/782 bl:2.3786 bb:1.0647 rl:2.3237 rb:1.0583 dl:518-521 gd:1
ttp: b355/782 bl:2.3091 bb:1.0715 rl:2.3236 rb:1.0584 dl:504-506 gd:1
ttp: b348/782 bl:2.3696 bb:1.0628 rl:2.3239 rb:1.0584 dl:494-495 gd:1
ttp: b341/782 bl:2.2941 bb:1.0746 rl:2.3237 rb:1.0585 dl:483-485 gd:1
ttp: b330/782 bl:2.2456 bb:1.0701 rl:2.3232 rb:1.0585 dl:466-468 gd:1
ttp: b321/782 bl:2.3544 bb:1.0748 rl:2.3234 rb:1.0586 dl:453-455 gd:1
ttp: b313/782 bl:2.2863 bb:1.0772 rl:2.3232 rb:1.0587 dl:440-442 gd:1
ttp: b306/782 bl:2.3912 bb:1.0631 rl:2.3236 rb:1.0588 dl:430-432 gd:1
ttp: b303/782 bl:2.3952 bb:1.0925 rl:2.3239 rb:1.0589 dl:426-427 gd:1
ttp: b295/782 bl:2.2657 bb:1.0629 rl:2.3236 rb:1.0589 dl:414-415 gd:1
ttp: b287/782 bl:2.4067 bb:1.0965 rl:2.3240 rb:1.0591 dl:402-403 gd:1
ttp: b278/782 bl:2.2672 bb:1.0620 rl:2.3238 rb:1.0591 dl:389-391 gd:1
ttp: b270/782 bl:2.3162 bb:1.0598 rl:2.3237 rb:1.0591 dl:379-380 gd:1
ttp: b262/782 bl:2.4500 bb:1.1461 rl:2.3243 rb:1.0595 dl:369-370 gd:1
ttp: b254/782 bl:2.3510 bb:1.1145 rl:2.3244 rb:1.0597 dl:358-360 gd:1
ttp: b246/782 bl:2.3490 bb:1.0979 rl:2.3245 rb:1.0599 dl:349-350 gd:1
ttp: b238/782 bl:2.3275 bb:1.1101 rl:2.3245 rb:1.0601 dl:338-340 gd:1
ttp: b229/782 bl:2.3658 bb:1.0663 rl:2.3247 rb:1.0601 dl:328-329 gd:1
ttp: b221/782 bl:2.4115 bb:1.1237 rl:2.3250 rb:1.0603 dl:318-320 gd:1
ttp: b213/782 bl:2.2678 bb:1.0774 rl:2.3248 rb:1.0604 dl:309-310 gd:1
ttp: b205/782 bl:2.3241 bb:1.1128 rl:2.3248 rb:1.0605 dl:301-302 gd:1
ttp: b197/782 bl:2.3680 bb:1.1194 rl:2.3249 rb:1.0607 dl:292-294 gd:1
ttp: b189/782 bl:2.4222 bb:1.1428 rl:2.3252 rb:1.0610 dl:283-284 gd:1
ttp: b180/782 bl:2.4280 bb:1.1124 rl:2.3255 rb:1.0611 dl:274-275 gd:1
ttp: b172/782 bl:2.5292 bb:1.1596 rl:2.3262 rb:1.0614 dl:266-267 gd:1
ttp: b165/782 bl:2.3508 bb:1.1164 rl:2.3262 rb:1.0616 dl:260-260 gd:1
ttp: b156/782 bl:2.3130 bb:1.1548 rl:2.3262 rb:1.0618 dl:251-252 gd:1
ttp: b147/782 bl:2.4721 bb:1.1243 rl:2.3266 rb:1.0620 dl:242-243 gd:1
ttp: b139/782 bl:2.4401 bb:1.1367 rl:2.3269 rb:1.0622 dl:234-235 gd:1
ttp: b131/782 bl:2.4077 bb:1.1625 rl:2.3271 rb:1.0624 dl:227-228 gd:1
ttp: b123/782 bl:2.3986 bb:1.1663 rl:2.3272 rb:1.0626 dl:219-220 gd:1
ttp: b116/782 bl:2.4828 bb:1.1273 rl:2.3276 rb:1.0628 dl:213-214 gd:1
ttp: b108/782 bl:2.4035 bb:1.1587 rl:2.3278 rb:1.0630 dl:206-207 gd:1
ttp: b100/782 bl:2.4293 bb:1.1622 rl:2.3280 rb:1.0632 dl:199-200 gd:1
ttp: b92/782 bl:2.4327 bb:1.1575 rl:2.3282 rb:1.0634 dl:191-192 gd:1
ttp: b85/782 bl:2.5045 bb:1.1994 rl:2.3286 rb:1.0637 dl:185-186 gd:1
ttp: b78/782 bl:2.5483 bb:1.1930 rl:2.3290 rb:1.0639 dl:179-180 gd:1
ttp: b71/782 bl:2.4581 bb:1.1748 rl:2.3292 rb:1.0641 dl:173-173 gd:1
ttp: b63/782 bl:2.5250 bb:1.2044 rl:2.3296 rb:1.0643 dl:166-166 gd:1
ttp: b54/782 bl:2.4770 bb:1.2150 rl:2.3298 rb:1.0646 dl:157-158 gd:1
ttp: b46/782 bl:2.5444 bb:1.2149 rl:2.3302 rb:1.0648 dl:149-150 gd:1
ttp: b37/782 bl:2.5791 bb:1.2156 rl:2.3306 rb:1.0650 dl:140-141 gd:1
ttp: b29/782 bl:2.6400 bb:1.2213 rl:2.3310 rb:1.0652 dl:132-133 gd:1
ttp: b20/782 bl:2.5919 bb:1.2411 rl:2.3313 rb:1.0655 dl:122-123 gd:1
ttp: b12/782 bl:2.5709 bb:1.1891 rl:2.3316 rb:1.0656 dl:110-112 gd:1
ttp: b5/782 bl:2.7045 bb:1.2305 rl:2.3320 rb:1.0658 dl:96-99 gd:1
quantized_ttt_phased val_loss:2.32224551 val_bpb:1.06117558 eval_time:495502ms
total_eval_time:495.5s
