nohup: ignoring input
W0501 10:08:06.016000 2781475 torch/distributed/run.py:803] 
W0501 10:08:06.016000 2781475 torch/distributed/run.py:803] *****************************************
W0501 10:08:06.016000 2781475 torch/distributed/run.py:803] Setting OMP_NUM_THREADS environment variable for each process to be 1 in default, to avoid your system being overloaded, please further tune the variable for optimal performance in your application as needed. 
W0501 10:08:06.016000 2781475 torch/distributed/run.py:803] *****************************************
Hyperparameters:
  adam_eps: 1e-08
  adam_wd: 0.02
  agree_add_boost: 0.0
  artifact_dir: 
  asym_logit_rescale: True
  attn_clip_sigmas: 13.0
  attn_out_gate_enabled: False
  attn_out_gate_src: proj
  beta1: 0.9
  beta2: 0.99
  caseops_enabled: True
  compressor: pergroup
  data_dir: ./data
  datasets_dir: ./data/datasets/fineweb10B_sp8192_caseops/datasets/datasets/fineweb10B_sp8192_lossless_caps_caseops_v1_reserved
  distributed: True
  ema_decay: 0.9965
  embed_bits: 7
  embed_clip_sigmas: 14.0
  embed_lr: 0.6
  embed_wd: 0.085
  enable_looping_at: 0.35
  eval_seq_len: 3072
  eval_stride: 64
  fused_ce_enabled: True
  gate_window: 12
  gated_attn_enabled: False
  gated_attn_init_std: 0.01
  gated_attn_quant_gate: False
  global_ttt_batch_seqs: 32
  global_ttt_chunk_tokens: 32768
  global_ttt_epochs: 1
  global_ttt_grad_clip: 1.0
  global_ttt_lr: 0.001
  global_ttt_momentum: 0.9
  global_ttt_muon_nesterov: True
  global_ttt_muon_ns_steps: 5
  global_ttt_optimizer: sgd
  global_ttt_respect_doc_boundaries: True
  global_ttt_warmup_chunks: 0
  global_ttt_warmup_start_lr: 0.0
  gptq_calibration_batches: 16
  gptq_reserve_seconds: 0.5
  grad_accum_steps: 1
  grad_clip_norm: 0.3
  is_main_process: True
  iterations: 20000
  ln_scale: True
  local_rank: 0
  logfile: logs/fdd68f5d-3fd3-4952-a7e0-c422fcde2d04.txt
  logit_softcap: 30.0
  loop_end: 5
  loop_start: 3
  lqer_asym_enabled: True
  lqer_asym_group: 32
  lqer_enabled: True
  lqer_factor_bits: 4
  lqer_rank: 4
  lqer_top_k: 3
  matrix_bits: 6
  matrix_clip_sigmas: 12.85
  matrix_lr: 0.028
  max_wallclock_seconds: 600.0
  min_lr: 0.1
  mlp_clip_sigmas: 11.5
  mlp_mult: 4.0
  model_dim: 512
  model_path: final_model.pt
  muon_backend_steps: 5
  muon_huber_delta: 0.1
  muon_huber_wd: False
  muon_momentum: 0.97
  muon_momentum_warmup_start: 0.92
  muon_momentum_warmup_steps: 1500
  muon_row_normalize: True
  muon_wd: 0.095
  ngram_hint_precompute_outside: True
  ngram_tilt_enabled: True
  num_heads: 8
  num_kv_heads: 4
  num_layers: 11
  num_loops: 2
  optrot_enabled: False
  parallel_final_lane: mean
  parallel_start_layer: 8
  phased_ttt_num_phases: 1
  phased_ttt_prefix_docs: 2500
  qk_gain_init: 5.0
  qk_gain_schedule: []
  quantized_model_path: final_model.int6.ptz
  rank: 0
  rope_base: 10000.0
  rope_dims: 16
  rope_train_seq_len: 2048
  rope_yarn: False
  run_id: fdd68f5d-3fd3-4952-a7e0-c422fcde2d04
  scalar_lr: 0.02
  seed: 314
  skip_gates_enabled: True
  smear_gate_enabled: True
  sparse_attn_gate_enabled: True
  sparse_attn_gate_init_std: 0.0
  sparse_attn_gate_scale: 0.5
  tie_embeddings: True
  tied_embed_init_std: 0.005
  tied_embed_lr: 0.03
  token_boost: 3.0
  token_order: 16
  token_threshold: 0.8
  tokenizer_path: ./data/datasets/fineweb10B_sp8192_caseops/datasets/tokenizers/fineweb_8192_bpe_lossless_caps_caseops_v1_reserved.model
  train_batch_tokens: 786432
  train_files: ./data/datasets/fineweb10B_sp8192_caseops/datasets/datasets/fineweb10B_sp8192_lossless_caps_caseops_v1_reserved/fineweb_train_*.bin
  train_log_every: 500
  train_seq_len: 2048
  ttt_batch_size: 64
  ttt_beta1: 0.0
  ttt_beta2: 0.99
  ttt_chunk_size: 48
  ttt_enabled: True
  ttt_eval_batches: 
  ttt_eval_seq_len: 3072
  ttt_grad_steps: 1
  ttt_grad_steps_clean: False
  ttt_k_lora: False
  ttt_lora_lr: 8e-05
  ttt_lora_rank: 80
  ttt_mlp_lora: True
  ttt_o_lora: True
  ttt_optimizer: adam
  ttt_weight_decay: 1.0
  val_batch_tokens: 524288
  val_bytes_files: ./data/datasets/fineweb10B_sp8192_caseops/datasets/datasets/fineweb10B_sp8192_lossless_caps_caseops_v1_reserved/fineweb_val_bytes_*.bin
  val_doc_fraction: 1.0
  val_files: ./data/datasets/fineweb10B_sp8192_caseops/datasets/datasets/fineweb10B_sp8192_lossless_caps_caseops_v1_reserved/fineweb_val_*.bin
  val_loss_every: 4000
  vocab_size: 8192
  warmdown_frac: 0.85
  warmup_steps: 20
  within_boost: 0.0
  within_tau: 99.0
  word_boost: 0.0
  word_normalize: strip_punct_lower
  word_order: 4
  word_tau: 99.0
  world_size: 8
  xsa_last_n: 11
train_shards: 1499
val_tokens: 47852544
model_params:35945673
gptq:reserving 0s, effective=599500ms
warmup_cu_buckets:64,128,192,256 iters_each:3
warmup_step: 1/20
warmup_step: 2/20
warmup_step: 3/20
warmup_step: 4/20
warmup_step: 5/20
warmup_step: 6/20
warmup_step: 10/20
warmup_step: 20/20
loop_warmup:enabled encoder:[0, 1, 2, 3, 4, 5, 3, 4] decoder:[5, 3, 4, 5, 6, 7, 8, 9, 10]
loop_warmup_step: 1/20
loop_warmup_step: 2/20
loop_warmup_step: 3/20
loop_warmup_step: 4/20
loop_warmup_step: 5/20
loop_warmup_step: 6/20
loop_warmup_step: 10/20
loop_warmup_step: 20/20
0/20000 val_loss: 8.9980 val_bpb: 4.1115
1/20000 train_loss: 8.9988 train_time: 0.0m tok/s: 12364572
2/20000 train_loss: 12.8524 train_time: 0.0m tok/s: 11621316
3/20000 train_loss: 10.2187 train_time: 0.0m tok/s: 10369740
4/20000 train_loss: 8.6567 train_time: 0.0m tok/s: 9857925
5/20000 train_loss: 7.8895 train_time: 0.0m tok/s: 9554279
500/20000 train_loss: 2.7362 train_time: 0.8m tok/s: 8430250
1000/20000 train_loss: 2.7881 train_time: 1.6m tok/s: 8404537
1500/20000 train_loss: 2.7231 train_time: 2.3m tok/s: 8400921
2000/20000 train_loss: 2.4968 train_time: 3.1m tok/s: 8400498
layer_loop:enabled step:2242 frac:0.350 encoder:[0, 1, 2, 3, 4, 5, 3, 4] decoder:[5, 3, 4, 5, 6, 7, 8, 9, 10]
2500/20000 train_loss: 2.6744 train_time: 4.1m tok/s: 7969527
3000/20000 train_loss: 2.4893 train_time: 5.3m tok/s: 7441532
3500/20000 train_loss: 2.3743 train_time: 6.4m tok/s: 7125628
4000/20000 train_loss: 2.5162 train_time: 7.6m tok/s: 6907167
4000/20000 val_loss: 2.4234 val_bpb: 1.1073
4500/20000 train_loss: 2.3954 train_time: 8.8m tok/s: 6735686
5000/20000 train_loss: 2.2781 train_time: 9.9m tok/s: 6600840
5028/20000 val_loss: 2.3445 val_bpb: 1.0713
stopping_early: wallclock_cap train_time: 599617ms step: 5028/20000
peak memory allocated: 41697 MiB reserved: 41720 MiB
ema:applying EMA weights
diagnostic pre-quantization post-ema val_loss:2.31828344 val_bpb:1.05930043 eval_time:17633ms
Serialized model: 135418111 bytes
Code size (uncompressed): 191274 bytes
Code size (compressed): 37155 bytes
GPTQ:collecting Hessians from calibration data...
GPTQ:collected 67 Hessians in 3.6s
Quantized weights:
  gptq (int6): blocks.attn.c_k.weight, blocks.attn.c_q.weight, blocks.attn.c_v.weight, blocks.attn.proj.weight, blocks.mlp.fc.weight, blocks.mlp.proj.weight
  gptq (int6)+lqer_asym: blocks.mlp.fc.weight
  gptq (int7)+lqer_asym: tok_emb.weight
  passthrough (float16): blocks.attn.attn_gate_w, blocks.attn.q_gain, blocks.attn_scale, blocks.mlp_scale, blocks.resid_mix, parallel_post_lambdas, parallel_resid_lambdas, skip_gates, skip_weights, smear_gate.weight, smear_lambda, softcap_neg, softcap_pos
pergroup:similarity sort done in 56.0s (67 tensors)
pergroup:Q 35913728 raw → 15672806 (lrzip) (43.6%)
pergroup:remainder 272611 raw → 123918 brotli
pergroup:total frame 15905638 bytes
Serialized model quantized+pergroup: 15905638 bytes
Total submission size quantized+pergroup: 15942793 bytes
diagnostic quantized val_loss:2.33661721 val_bpb:1.06767773 eval_time:19352ms
ttt_grad_steps: 1  ttt_grad_steps_clean: False
ttt_lora:warming up compile (random tokens, no val data)
ttt_lora:compile warmup done (149.2s)
ngram_tilt:precomputing hints OUTSIDE eval timer
ngram_tilt:hints total=47852544 gated=628133 token_gate=628133 within_gate=0 word_gate=0 agree2plus=0
ngram_tilt:precompute_outside_timer_done elapsed=167.37s total_targets=47852544

beginning TTT eval timer
ngram_tilt:using_precomputed_hints total_targets=47852544 (precompute excluded from eval timer)
ttt_phased: total_docs:50000 prefix_docs:2500 suffix_docs:47500 num_phases:1 boundaries:[2500]
ttp: b781/782 bl:2.1379 bb:1.0460 rl:2.1379 rb:1.0460 dl:17258-30330 gd:0
ttpp: phase:1/1 pd:2960 gd:2500 t:366.5s
tttg: c1/289 lr:0.001000 t:0.3s
tttg: c2/289 lr:0.001000 t:0.4s
tttg: c3/289 lr:0.001000 t:0.5s
tttg: c4/289 lr:0.001000 t:0.5s
tttg: c5/289 lr:0.001000 t:0.6s
tttg: c6/289 lr:0.000999 t:0.7s
tttg: c7/289 lr:0.000999 t:0.8s
tttg: c8/289 lr:0.000999 t:0.9s
tttg: c9/289 lr:0.000998 t:0.9s
tttg: c10/289 lr:0.000998 t:1.0s
tttg: c11/289 lr:0.000997 t:1.1s
tttg: c12/289 lr:0.000996 t:1.2s
tttg: c13/289 lr:0.000996 t:1.3s
tttg: c14/289 lr:0.000995 t:1.3s
tttg: c15/289 lr:0.000994 t:1.4s
tttg: c16/289 lr:0.000993 t:1.5s
tttg: c17/289 lr:0.000992 t:1.6s
tttg: c18/289 lr:0.000991 t:1.7s
tttg: c19/289 lr:0.000990 t:1.7s
tttg: c20/289 lr:0.000989 t:1.8s
tttg: c21/289 lr:0.000988 t:1.9s
tttg: c22/289 lr:0.000987 t:2.0s
tttg: c23/289 lr:0.000986 t:2.0s
tttg: c24/289 lr:0.000984 t:2.1s
tttg: c25/289 lr:0.000983 t:2.2s
tttg: c26/289 lr:0.000982 t:2.3s
tttg: c27/289 lr:0.000980 t:2.4s
tttg: c28/289 lr:0.000978 t:2.5s
tttg: c29/289 lr:0.000977 t:2.5s
tttg: c30/289 lr:0.000975 t:2.6s
tttg: c31/289 lr:0.000973 t:2.7s
tttg: c32/289 lr:0.000972 t:2.8s
tttg: c33/289 lr:0.000970 t:2.9s
tttg: c34/289 lr:0.000968 t:2.9s
tttg: c35/289 lr:0.000966 t:3.0s
tttg: c36/289 lr:0.000964 t:3.1s
tttg: c37/289 lr:0.000962 t:3.2s
tttg: c38/289 lr:0.000960 t:3.3s
tttg: c39/289 lr:0.000958 t:3.3s
tttg: c40/289 lr:0.000955 t:3.4s
tttg: c41/289 lr:0.000953 t:3.5s
tttg: c42/289 lr:0.000951 t:3.6s
tttg: c43/289 lr:0.000948 t:3.7s
tttg: c44/289 lr:0.000946 t:3.7s
tttg: c45/289 lr:0.000944 t:3.8s
tttg: c46/289 lr:0.000941 t:3.9s
tttg: c47/289 lr:0.000938 t:4.0s
tttg: c48/289 lr:0.000936 t:4.1s
tttg: c49/289 lr:0.000933 t:4.1s
tttg: c50/289 lr:0.000930 t:4.2s
tttg: c51/289 lr:0.000927 t:4.3s
tttg: c52/289 lr:0.000925 t:4.4s
tttg: c53/289 lr:0.000922 t:4.5s
tttg: c54/289 lr:0.000919 t:4.5s
tttg: c55/289 lr:0.000916 t:4.6s
tttg: c56/289 lr:0.000913 t:4.7s
tttg: c57/289 lr:0.000910 t:4.8s
tttg: c58/289 lr:0.000906 t:4.9s
tttg: c59/289 lr:0.000903 t:4.9s
tttg: c60/289 lr:0.000900 t:5.0s
tttg: c61/289 lr:0.000897 t:5.1s
tttg: c62/289 lr:0.000893 t:5.2s
tttg: c63/289 lr:0.000890 t:5.3s
tttg: c64/289 lr:0.000887 t:5.3s
tttg: c65/289 lr:0.000883 t:5.4s
tttg: c66/289 lr:0.000879 t:5.5s
tttg: c67/289 lr:0.000876 t:5.6s
tttg: c68/289 lr:0.000872 t:5.7s
tttg: c69/289 lr:0.000869 t:5.7s
tttg: c70/289 lr:0.000865 t:5.8s
tttg: c71/289 lr:0.000861 t:5.9s
tttg: c72/289 lr:0.000857 t:6.0s
tttg: c73/289 lr:0.000854 t:6.1s
tttg: c74/289 lr:0.000850 t:6.1s
tttg: c75/289 lr:0.000846 t:6.2s
tttg: c76/289 lr:0.000842 t:6.3s
tttg: c77/289 lr:0.000838 t:6.4s
tttg: c78/289 lr:0.000834 t:6.5s
tttg: c79/289 lr:0.000830 t:6.5s
tttg: c80/289 lr:0.000826 t:6.6s
tttg: c81/289 lr:0.000821 t:6.7s
tttg: c82/289 lr:0.000817 t:6.8s
tttg: c83/289 lr:0.000813 t:6.9s
tttg: c84/289 lr:0.000809 t:6.9s
tttg: c85/289 lr:0.000804 t:7.0s
tttg: c86/289 lr:0.000800 t:7.1s
tttg: c87/289 lr:0.000796 t:7.2s
tttg: c88/289 lr:0.000791 t:7.3s
tttg: c89/289 lr:0.000787 t:7.3s
tttg: c90/289 lr:0.000782 t:7.4s
tttg: c91/289 lr:0.000778 t:7.5s
tttg: c92/289 lr:0.000773 t:7.6s
tttg: c93/289 lr:0.000769 t:7.7s
tttg: c94/289 lr:0.000764 t:7.7s
tttg: c95/289 lr:0.000759 t:7.8s
tttg: c96/289 lr:0.000755 t:7.9s
tttg: c97/289 lr:0.000750 t:8.0s
tttg: c98/289 lr:0.000745 t:8.0s
tttg: c99/289 lr:0.000740 t:8.1s
tttg: c100/289 lr:0.000736 t:8.2s
tttg: c101/289 lr:0.000731 t:8.3s
tttg: c102/289 lr:0.000726 t:8.4s
tttg: c103/289 lr:0.000721 t:8.4s
tttg: c104/289 lr:0.000716 t:8.5s
tttg: c105/289 lr:0.000711 t:8.6s
tttg: c106/289 lr:0.000706 t:8.7s
tttg: c107/289 lr:0.000701 t:8.7s
tttg: c108/289 lr:0.000696 t:8.8s
tttg: c109/289 lr:0.000691 t:8.9s
tttg: c110/289 lr:0.000686 t:9.0s
tttg: c111/289 lr:0.000681 t:9.1s
tttg: c112/289 lr:0.000676 t:9.2s
tttg: c113/289 lr:0.000671 t:9.2s
tttg: c114/289 lr:0.000666 t:9.3s
tttg: c115/289 lr:0.000661 t:9.4s
tttg: c116/289 lr:0.000656 t:9.5s
tttg: c117/289 lr:0.000650 t:9.5s
tttg: c118/289 lr:0.000645 t:9.6s
tttg: c119/289 lr:0.000640 t:9.7s
tttg: c120/289 lr:0.000635 t:9.8s
tttg: c121/289 lr:0.000629 t:9.9s
tttg: c122/289 lr:0.000624 t:9.9s
tttg: c123/289 lr:0.000619 t:10.0s
tttg: c124/289 lr:0.000614 t:10.1s
tttg: c125/289 lr:0.000608 t:10.2s
tttg: c126/289 lr:0.000603 t:10.2s
tttg: c127/289 lr:0.000598 t:10.3s
tttg: c128/289 lr:0.000592 t:10.4s
tttg: c129/289 lr:0.000587 t:10.5s
tttg: c130/289 lr:0.000581 t:10.6s
tttg: c131/289 lr:0.000576 t:10.6s
tttg: c132/289 lr:0.000571 t:10.7s
tttg: c133/289 lr:0.000565 t:10.8s
tttg: c134/289 lr:0.000560 t:10.9s
tttg: c135/289 lr:0.000554 t:11.0s
tttg: c136/289 lr:0.000549 t:11.0s
tttg: c137/289 lr:0.000544 t:11.1s
tttg: c138/289 lr:0.000538 t:11.2s
tttg: c139/289 lr:0.000533 t:11.3s
tttg: c140/289 lr:0.000527 t:11.3s
tttg: c141/289 lr:0.000522 t:11.4s
tttg: c142/289 lr:0.000516 t:11.5s
tttg: c143/289 lr:0.000511 t:11.6s
tttg: c144/289 lr:0.000505 t:11.7s
tttg: c145/289 lr:0.000500 t:11.7s
tttg: c146/289 lr:0.000495 t:11.8s
tttg: c147/289 lr:0.000489 t:11.9s
tttg: c148/289 lr:0.000484 t:12.0s
tttg: c149/289 lr:0.000478 t:12.1s
tttg: c150/289 lr:0.000473 t:12.1s
tttg: c151/289 lr:0.000467 t:12.2s
tttg: c152/289 lr:0.000462 t:12.3s
tttg: c153/289 lr:0.000456 t:12.4s
tttg: c154/289 lr:0.000451 t:12.5s
tttg: c155/289 lr:0.000446 t:12.5s
tttg: c156/289 lr:0.000440 t:12.6s
tttg: c157/289 lr:0.000435 t:12.7s
tttg: c158/289 lr:0.000429 t:12.8s
tttg: c159/289 lr:0.000424 t:12.9s
tttg: c160/289 lr:0.000419 t:12.9s
tttg: c161/289 lr:0.000413 t:13.0s
tttg: c162/289 lr:0.000408 t:13.1s
tttg: c163/289 lr:0.000402 t:13.2s
tttg: c164/289 lr:0.000397 t:13.2s
tttg: c165/289 lr:0.000392 t:13.3s
tttg: c166/289 lr:0.000386 t:13.4s
tttg: c167/289 lr:0.000381 t:13.5s
tttg: c168/289 lr:0.000376 t:13.6s
tttg: c169/289 lr:0.000371 t:13.6s
tttg: c170/289 lr:0.000365 t:13.7s
tttg: c171/289 lr:0.000360 t:13.8s
tttg: c172/289 lr:0.000355 t:13.9s
tttg: c173/289 lr:0.000350 t:14.0s
tttg: c174/289 lr:0.000344 t:14.1s
tttg: c175/289 lr:0.000339 t:14.2s
tttg: c176/289 lr:0.000334 t:14.2s
tttg: c177/289 lr:0.000329 t:14.3s
tttg: c178/289 lr:0.000324 t:14.4s
tttg: c179/289 lr:0.000319 t:14.5s
tttg: c180/289 lr:0.000314 t:14.6s
tttg: c181/289 lr:0.000309 t:14.6s
tttg: c182/289 lr:0.000304 t:14.7s
tttg: c183/289 lr:0.000299 t:14.8s
tttg: c184/289 lr:0.000294 t:14.9s
tttg: c185/289 lr:0.000289 t:15.0s
tttg: c186/289 lr:0.000284 t:15.0s
tttg: c187/289 lr:0.000279 t:15.1s
tttg: c188/289 lr:0.000274 t:15.2s
tttg: c189/289 lr:0.000269 t:15.3s
tttg: c190/289 lr:0.000264 t:15.4s
tttg: c191/289 lr:0.000260 t:15.4s
tttg: c192/289 lr:0.000255 t:15.5s
tttg: c193/289 lr:0.000250 t:15.6s
tttg: c194/289 lr:0.000245 t:15.7s
tttg: c195/289 lr:0.000241 t:15.8s
tttg: c196/289 lr:0.000236 t:15.8s
tttg: c197/289 lr:0.000231 t:15.9s
tttg: c198/289 lr:0.000227 t:16.0s
tttg: c199/289 lr:0.000222 t:16.1s
tttg: c200/289 lr:0.000218 t:16.1s
tttg: c201/289 lr:0.000213 t:16.2s
tttg: c202/289 lr:0.000209 t:16.3s
tttg: c203/289 lr:0.000204 t:16.4s
tttg: c204/289 lr:0.000200 t:16.5s
tttg: c205/289 lr:0.000196 t:16.5s
tttg: c206/289 lr:0.000191 t:16.6s
tttg: c207/289 lr:0.000187 t:16.7s
tttg: c208/289 lr:0.000183 t:16.8s
tttg: c209/289 lr:0.000179 t:16.9s
tttg: c210/289 lr:0.000174 t:16.9s
tttg: c211/289 lr:0.000170 t:17.0s
tttg: c212/289 lr:0.000166 t:17.1s
tttg: c213/289 lr:0.000162 t:17.2s
tttg: c214/289 lr:0.000158 t:17.3s
tttg: c215/289 lr:0.000154 t:17.3s
tttg: c216/289 lr:0.000150 t:17.4s
tttg: c217/289 lr:0.000146 t:17.5s
tttg: c218/289 lr:0.000143 t:17.6s
tttg: c219/289 lr:0.000139 t:17.7s
tttg: c220/289 lr:0.000135 t:17.7s
tttg: c221/289 lr:0.000131 t:17.8s
tttg: c222/289 lr:0.000128 t:17.9s
tttg: c223/289 lr:0.000124 t:18.0s
tttg: c224/289 lr:0.000121 t:18.0s
tttg: c225/289 lr:0.000117 t:18.1s
tttg: c226/289 lr:0.000113 t:18.2s
tttg: c227/289 lr:0.000110 t:18.3s
tttg: c228/289 lr:0.000107 t:18.4s
tttg: c229/289 lr:0.000103 t:18.4s
tttg: c230/289 lr:0.000100 t:18.5s
tttg: c231/289 lr:0.000097 t:18.6s
tttg: c232/289 lr:0.000094 t:18.7s
tttg: c233/289 lr:0.000090 t:18.8s
tttg: c234/289 lr:0.000087 t:18.8s
tttg: c235/289 lr:0.000084 t:18.9s
tttg: c236/289 lr:0.000081 t:19.0s
tttg: c237/289 lr:0.000078 t:19.1s
tttg: c238/289 lr:0.000075 t:19.2s
tttg: c239/289 lr:0.000073 t:19.2s
tttg: c240/289 lr:0.000070 t:19.3s
tttg: c241/289 lr:0.000067 t:19.4s
tttg: c242/289 lr:0.000064 t:19.5s
tttg: c243/289 lr:0.000062 t:19.6s
tttg: c244/289 lr:0.000059 t:19.6s
tttg: c245/289 lr:0.000056 t:19.7s
tttg: c246/289 lr:0.000054 t:19.8s
tttg: c247/289 lr:0.000052 t:19.9s
tttg: c248/289 lr:0.000049 t:20.0s
tttg: c249/289 lr:0.000047 t:20.0s
tttg: c250/289 lr:0.000045 t:20.1s
tttg: c251/289 lr:0.000042 t:20.2s
tttg: c252/289 lr:0.000040 t:20.3s
tttg: c253/289 lr:0.000038 t:20.4s
tttg: c254/289 lr:0.000036 t:20.4s
tttg: c255/289 lr:0.000034 t:20.5s
tttg: c256/289 lr:0.000032 t:20.6s
tttg: c257/289 lr:0.000030 t:20.7s
tttg: c258/289 lr:0.000028 t:20.8s
tttg: c259/289 lr:0.000027 t:20.9s
tttg: c260/289 lr:0.000025 t:20.9s
tttg: c261/289 lr:0.000023 t:21.0s
tttg: c262/289 lr:0.000022 t:21.1s
tttg: c263/289 lr:0.000020 t:21.2s
tttg: c264/289 lr:0.000018 t:21.2s
tttg: c265/289 lr:0.000017 t:21.3s
tttg: c266/289 lr:0.000016 t:21.4s
tttg: c267/289 lr:0.000014 t:21.5s
tttg: c268/289 lr:0.000013 t:21.6s
tttg: c269/289 lr:0.000012 t:21.6s
tttg: c270/289 lr:0.000011 t:21.7s
tttg: c271/289 lr:0.000010 t:21.8s
tttg: c272/289 lr:0.000009 t:21.9s
tttg: c273/289 lr:0.000008 t:22.0s
tttg: c274/289 lr:0.000007 t:22.0s
tttg: c275/289 lr:0.000006 t:22.1s
tttg: c276/289 lr:0.000005 t:22.2s
tttg: c277/289 lr:0.000004 t:22.3s
tttg: c278/289 lr:0.000004 t:22.4s
tttg: c279/289 lr:0.000003 t:22.4s
tttg: c280/289 lr:0.000002 t:22.5s
tttg: c281/289 lr:0.000002 t:22.6s
tttg: c282/289 lr:0.000001 t:22.7s
tttg: c283/289 lr:0.000001 t:22.8s
tttg: c284/289 lr:0.000001 t:22.8s
tttg: c285/289 lr:0.000000 t:22.9s
tttg: c286/289 lr:0.000000 t:23.0s
tttg: c287/289 lr:0.000000 t:23.1s
tttg: c288/289 lr:0.000000 t:23.2s
ttpr: phase:1/1 t:391.1s
ttp: b731/782 bl:2.3369 bb:1.0423 rl:2.1574 rb:1.0456 dl:2377-2414 gd:1
ttp: b724/782 bl:2.3151 bb:1.0571 rl:2.1705 rb:1.0466 dl:2203-2231 gd:1
ttp: b717/782 bl:2.2500 bb:1.0302 rl:2.1762 rb:1.0454 dl:2070-2088 gd:1
ttp: b714/782 bl:2.3010 bb:1.0192 rl:2.1845 rb:1.0435 dl:2018-2035 gd:1
ttp: b704/782 bl:2.2760 bb:1.0341 rl:2.1897 rb:1.0430 dl:1872-1885 gd:1
ttp: b700/782 bl:2.2705 bb:1.0139 rl:2.1940 rb:1.0413 dl:1824-1834 gd:1
ttp: b692/782 bl:2.2870 bb:1.0267 rl:2.1985 rb:1.0406 dl:1737-1746 gd:1
ttp: b688/782 bl:2.3939 bb:1.0717 rl:2.2072 rb:1.0420 dl:1696-1706 gd:1
ttp: b683/782 bl:2.2673 bb:1.0554 rl:2.2098 rb:1.0426 dl:1646-1657 gd:1
ttp: b676/782 bl:2.3292 bb:1.0477 rl:2.2144 rb:1.0428 dl:1586-1595 gd:1
ttp: b669/782 bl:2.3267 bb:1.0403 rl:2.2184 rb:1.0427 dl:1530-1537 gd:1
ttp: b667/782 bl:2.3565 bb:1.0652 rl:2.2231 rb:1.0435 dl:1514-1521 gd:1
ttp: b658/782 bl:2.2516 bb:1.0193 rl:2.2240 rb:1.0427 dl:1452-1459 gd:1
ttp: b652/782 bl:2.2427 bb:1.0195 rl:2.2246 rb:1.0420 dl:1411-1419 gd:1
ttp: b646/782 bl:2.2681 bb:1.0487 rl:2.2258 rb:1.0422 dl:1375-1382 gd:1
ttp: b639/782 bl:2.3036 bb:1.0287 rl:2.2279 rb:1.0418 dl:1331-1337 gd:1
ttp: b632/782 bl:2.3418 bb:1.0303 rl:2.2308 rb:1.0415 dl:1290-1297 gd:1
ttp: b625/782 bl:2.3987 bb:1.0466 rl:2.2348 rb:1.0416 dl:1255-1260 gd:1
ttp: b613/782 bl:2.3305 bb:1.0376 rl:2.2370 rb:1.0415 dl:1190-1195 gd:1
ttp: b608/782 bl:2.3417 bb:1.0759 rl:2.2392 rb:1.0423 dl:1168-1172 gd:1
ttp: b601/782 bl:2.3254 bb:1.0180 rl:2.2410 rb:1.0418 dl:1137-1141 gd:1
ttp: b593/782 bl:2.2818 bb:1.0072 rl:2.2418 rb:1.0411 dl:1103-1107 gd:1
ttp: b582/782 bl:2.3438 bb:1.0295 rl:2.2436 rb:1.0408 dl:1056-1060 gd:1
ttp: b575/782 bl:2.2805 bb:1.0357 rl:2.2443 rb:1.0407 dl:1029-1033 gd:1
ttp: b567/782 bl:2.2622 bb:1.0139 rl:2.2446 rb:1.0403 dl:1001-1004 gd:1
ttp: b560/782 bl:2.2454 bb:0.9995 rl:2.2446 rb:1.0396 dl:975-979 gd:1
ttp: b552/782 bl:2.2671 bb:1.0137 rl:2.2449 rb:1.0392 dl:949-952 gd:1
ttp: b544/782 bl:2.3314 bb:1.0631 rl:2.2462 rb:1.0396 dl:924-927 gd:1
ttp: b536/782 bl:2.3120 bb:1.0425 rl:2.2471 rb:1.0396 dl:899-902 gd:1
ttp: b528/782 bl:2.3147 bb:1.0365 rl:2.2480 rb:1.0396 dl:875-878 gd:1
ttp: b520/782 bl:2.3297 bb:1.0064 rl:2.2491 rb:1.0391 dl:852-854 gd:1
ttp: b513/782 bl:2.3569 bb:1.0383 rl:2.2505 rb:1.0391 dl:832-835 gd:1
ttp: b505/782 bl:2.3277 bb:1.0673 rl:2.2514 rb:1.0394 dl:809-812 gd:1
ttp: b498/782 bl:2.3288 bb:1.0469 rl:2.2523 rb:1.0395 dl:791-794 gd:1
ttp: b490/782 bl:2.3914 bb:1.0527 rl:2.2538 rb:1.0397 dl:771-773 gd:1
ttp: b480/782 bl:2.4376 bb:1.0815 rl:2.2558 rb:1.0401 dl:747-749 gd:1
ttp: b472/782 bl:2.3701 bb:1.0773 rl:2.2570 rb:1.0405 dl:728-730 gd:1
ttp: b464/782 bl:2.2765 bb:1.0186 rl:2.2572 rb:1.0403 dl:710-712 gd:1
ttp: b456/782 bl:2.3370 bb:1.0326 rl:2.2580 rb:1.0402 dl:693-695 gd:1
ttp: b448/782 bl:2.3014 bb:1.0050 rl:2.2584 rb:1.0399 dl:677-678 gd:1
ttp: b440/782 bl:2.2536 bb:0.9883 rl:2.2583 rb:1.0394 dl:659-662 gd:1
ttp: b432/782 bl:2.3402 bb:1.0370 rl:2.2591 rb:1.0394 dl:643-645 gd:1
ttp: b424/782 bl:2.3317 bb:1.0553 rl:2.2597 rb:1.0395 dl:629-630 gd:1
ttp: b416/782 bl:2.3704 bb:1.0434 rl:2.2606 rb:1.0395 dl:613-615 gd:1
ttp: b409/782 bl:2.3011 bb:1.0484 rl:2.2609 rb:1.0396 dl:598-601 gd:1
ttp: b402/782 bl:2.2308 bb:0.9926 rl:2.2607 rb:1.0392 dl:586-588 gd:1
ttp: b395/782 bl:2.2464 bb:1.0338 rl:2.2606 rb:1.0392 dl:573-575 gd:1
ttp: b388/782 bl:2.3006 bb:1.0368 rl:2.2609 rb:1.0392 dl:561-563 gd:1
ttp: b380/782 bl:2.3599 bb:1.0909 rl:2.2616 rb:1.0395 dl:547-549 gd:1
ttp: b372/782 bl:2.3356 bb:1.0485 rl:2.2621 rb:1.0396 dl:533-535 gd:1
ttp: b364/782 bl:2.3429 bb:1.0534 rl:2.2626 rb:1.0397 dl:521-522 gd:1
ttp: b356/782 bl:2.3308 bb:1.0470 rl:2.2630 rb:1.0397 dl:506-508 gd:1
ttp: b348/782 bl:2.3653 bb:1.0560 rl:2.2637 rb:1.0398 dl:494-495 gd:1
ttp: b340/782 bl:2.4422 bb:1.0770 rl:2.2647 rb:1.0401 dl:482-483 gd:1
ttp: b331/782 bl:2.3319 bb:1.0763 rl:2.2651 rb:1.0403 dl:468-469 gd:1
ttp: b324/782 bl:2.3009 bb:1.0725 rl:2.2653 rb:1.0405 dl:458-459 gd:1
ttp: b318/782 bl:2.3414 bb:1.0709 rl:2.2657 rb:1.0406 dl:448-450 gd:1
ttp: b312/782 bl:2.3026 bb:1.0466 rl:2.2659 rb:1.0407 dl:439-440 gd:1
ttp: b307/782 bl:2.3191 bb:1.1257 rl:2.2662 rb:1.0411 dl:432-433 gd:1
ttp: b301/782 bl:2.3511 bb:1.0887 rl:2.2666 rb:1.0413 dl:422-424 gd:1
ttp: b294/782 bl:2.2948 bb:1.0761 rl:2.2668 rb:1.0415 dl:412-414 gd:1
ttp: b287/782 bl:2.3911 bb:1.0923 rl:2.2674 rb:1.0417 dl:402-403 gd:1
ttp: b279/782 bl:2.3135 bb:1.0917 rl:2.2676 rb:1.0420 dl:391-392 gd:1
ttp: b272/782 bl:2.3674 bb:1.0915 rl:2.2680 rb:1.0422 dl:382-383 gd:1
ttp: b264/782 bl:2.4230 bb:1.1010 rl:2.2687 rb:1.0424 dl:371-372 gd:1
ttp: b256/782 bl:2.5364 bb:1.1111 rl:2.2699 rb:1.0428 dl:361-362 gd:1
ttp: b248/782 bl:2.4464 bb:1.1762 rl:2.2706 rb:1.0433 dl:351-352 gd:1
ttp: b240/782 bl:2.2771 bb:1.0452 rl:2.2706 rb:1.0433 dl:341-342 gd:1
ttp: b230/782 bl:2.4449 bb:1.1490 rl:2.2713 rb:1.0437 dl:329-330 gd:1
ttp: b223/782 bl:2.3094 bb:1.1163 rl:2.2714 rb:1.0439 dl:321-322 gd:1
ttp: b215/782 bl:2.3843 bb:1.0997 rl:2.2718 rb:1.0441 dl:312-313 gd:1
ttp: b207/782 bl:2.3477 bb:1.1315 rl:2.2721 rb:1.0444 dl:303-304 gd:1
ttp: b199/782 bl:2.4371 bb:1.1442 rl:2.2726 rb:1.0448 dl:295-296 gd:1
ttp: b191/782 bl:2.4049 bb:1.0942 rl:2.2731 rb:1.0449 dl:285-286 gd:1
ttp: b183/782 bl:2.3144 bb:1.0630 rl:2.2732 rb:1.0450 dl:277-278 gd:1
ttp: b175/782 bl:2.3823 bb:1.1538 rl:2.2735 rb:1.0453 dl:269-270 gd:1
ttp: b168/782 bl:2.4193 bb:1.1694 rl:2.2740 rb:1.0456 dl:263-263 gd:1
ttp: b159/782 bl:2.4752 bb:1.1524 rl:2.2745 rb:1.0459 dl:254-255 gd:1
ttp: b150/782 bl:2.3400 bb:1.1056 rl:2.2747 rb:1.0461 dl:245-246 gd:1
ttp: b142/782 bl:2.3849 bb:1.1000 rl:2.2750 rb:1.0462 dl:237-238 gd:1
ttp: b134/782 bl:2.4236 bb:1.1368 rl:2.2754 rb:1.0465 dl:230-231 gd:1
ttp: b126/782 bl:2.3680 bb:1.1329 rl:2.2756 rb:1.0467 dl:222-223 gd:1
ttp: b118/782 bl:2.4622 bb:1.1227 rl:2.2761 rb:1.0469 dl:215-216 gd:1
ttp: b109/782 bl:2.4804 bb:1.1856 rl:2.2765 rb:1.0472 dl:207-208 gd:1
ttp: b103/782 bl:2.4569 bb:1.1856 rl:2.2769 rb:1.0475 dl:202-202 gd:1
ttp: b94/782 bl:2.5493 bb:1.2096 rl:2.2775 rb:1.0478 dl:193-194 gd:1
ttp: b85/782 bl:2.4887 bb:1.1892 rl:2.2779 rb:1.0481 dl:185-186 gd:1
ttp: b77/782 bl:2.4941 bb:1.2146 rl:2.2784 rb:1.0484 dl:178-179 gd:1
ttp: b69/782 bl:2.4382 bb:1.1901 rl:2.2787 rb:1.0486 dl:171-172 gd:1
ttp: b61/782 bl:2.4602 bb:1.2168 rl:2.2790 rb:1.0489 dl:164-165 gd:1
ttp: b55/782 bl:2.6014 bb:1.2352 rl:2.2795 rb:1.0492 dl:158-159 gd:1
ttp: b47/782 bl:2.4227 bb:1.1346 rl:2.2798 rb:1.0493 dl:150-151 gd:1
ttp: b39/782 bl:2.4149 bb:1.1677 rl:2.2800 rb:1.0495 dl:142-143 gd:1
ttp: b31/782 bl:2.4274 bb:1.1602 rl:2.2802 rb:1.0497 dl:134-135 gd:1
ttp: b23/782 bl:2.5894 bb:1.2193 rl:2.2806 rb:1.0499 dl:126-127 gd:1
ttp: b16/782 bl:2.6248 bb:1.2597 rl:2.2811 rb:1.0502 dl:117-118 gd:1
ttp: b8/782 bl:2.7645 bb:1.2800 rl:2.2816 rb:1.0504 dl:103-105 gd:1
ttp: b1/782 bl:2.8273 bb:1.1795 rl:2.2820 rb:1.0505 dl:61-83 gd:1
quantized_ttt_phased val_loss:2.31263213 val_bpb:1.05678059 eval_time:500919ms
total_eval_time:500.9s
[W501 10:38:01.055502857 AllocatorConfig.cpp:28] Warning: PYTORCH_CUDA_ALLOC_CONF is deprecated, use PYTORCH_ALLOC_CONF instead (function operator())
[W501 10:38:02.526267851 AllocatorConfig.cpp:28] Warning: PYTORCH_CUDA_ALLOC_CONF is deprecated, use PYTORCH_ALLOC_CONF instead (function operator())
[W501 10:38:02.644088766 AllocatorConfig.cpp:28] Warning: PYTORCH_CUDA_ALLOC_CONF is deprecated, use PYTORCH_ALLOC_CONF instead (function operator())
[W501 10:38:02.684282873 AllocatorConfig.cpp:28] Warning: PYTORCH_CUDA_ALLOC_CONF is deprecated, use PYTORCH_ALLOC_CONF instead (function operator())
[W501 10:38:02.845168446 AllocatorConfig.cpp:28] Warning: PYTORCH_CUDA_ALLOC_CONF is deprecated, use PYTORCH_ALLOC_CONF instead (function operator())
[W501 10:38:02.934925722 AllocatorConfig.cpp:28] Warning: PYTORCH_CUDA_ALLOC_CONF is deprecated, use PYTORCH_ALLOC_CONF instead (function operator())
[W501 10:38:03.239534455 AllocatorConfig.cpp:28] Warning: PYTORCH_CUDA_ALLOC_CONF is deprecated, use PYTORCH_ALLOC_CONF instead (function operator())
[W501 10:38:04.513765272 AllocatorConfig.cpp:28] Warning: PYTORCH_CUDA_ALLOC_CONF is deprecated, use PYTORCH_ALLOC_CONF instead (function operator())
[W501 10:38:07.505878370 AllocatorConfig.cpp:28] Warning: PYTORCH_CUDA_ALLOC_CONF is deprecated, use PYTORCH_ALLOC_CONF instead (function operator())
