nohup: ignoring input
W0430 14:28:48.016000 1425762 torch/distributed/run.py:803] 
W0430 14:28:48.016000 1425762 torch/distributed/run.py:803] *****************************************
W0430 14:28:48.016000 1425762 torch/distributed/run.py:803] Setting OMP_NUM_THREADS environment variable for each process to be 1 in default, to avoid your system being overloaded, please further tune the variable for optimal performance in your application as needed. 
W0430 14:28:48.016000 1425762 torch/distributed/run.py:803] *****************************************
Hyperparameters:
  adam_eps: 1e-08
  adam_wd: 0.02
  artifact_dir: 
  attn_clip_sigmas: 13.0
  attn_out_gate_enabled: False
  attn_out_gate_src: proj
  beta1: 0.9
  beta2: 0.99
  caseops_enabled: True
  compressor: pergroup
  data_dir: ./data
  datasets_dir: ./data/datasets/fineweb10B_sp8192_caseops/datasets/datasets/fineweb10B_sp8192_lossless_caps_caseops_v1_reserved
  distributed: True
  ema_decay: 0.9965
  embed_bits: 7
  embed_clip_sigmas: 14.0
  embed_lr: 0.6
  embed_wd: 0.085
  enable_looping_at: 0.35
  eval_seq_len: 2560
  eval_stride: 64
  fused_ce_enabled: True
  gate_window: 12
  gated_attn_enabled: False
  gated_attn_init_std: 0.01
  gated_attn_quant_gate: False
  global_ttt_batch_seqs: 32
  global_ttt_chunk_tokens: 32768
  global_ttt_epochs: 1
  global_ttt_grad_clip: 1.0
  global_ttt_lr: 0.001
  global_ttt_momentum: 0.9
  global_ttt_muon_nesterov: True
  global_ttt_muon_ns_steps: 5
  global_ttt_optimizer: sgd
  global_ttt_respect_doc_boundaries: True
  global_ttt_warmup_chunks: 0
  global_ttt_warmup_start_lr: 0.0
  gptq_calibration_batches: 16
  gptq_reserve_seconds: 0.5
  grad_accum_steps: 1
  grad_clip_norm: 0.3
  is_main_process: True
  iterations: 20000
  leaky_relu_bwd_coeff: 0.18
  leaky_relu_slope: 0.3
  ln_scale: True
  local_rank: 0
  logfile: logs/568732a1-ee21-4bc2-ab85-e7c54d12757a.txt
  logit_softcap: 30.0
  loop_end: 5
  loop_start: 3
  lqer_asym_enabled: True
  lqer_asym_group: 64
  lqer_enabled: True
  lqer_factor_bits: 4
  lqer_rank: 4
  lqer_top_k: 3
  matrix_bits: 6
  matrix_clip_sigmas: 12.85
  matrix_lr: 0.026
  max_wallclock_seconds: 600.0
  min_lr: 0.1
  mlp_clip_sigmas: 11.5
  mlp_mult: 4.0
  model_dim: 512
  model_path: final_model.pt
  muon_backend_steps: 5
  muon_huber_delta: 0.1
  muon_huber_wd: False
  muon_momentum: 0.97
  muon_momentum_warmup_start: 0.92
  muon_momentum_warmup_steps: 1500
  muon_row_normalize: True
  muon_wd: 0.095
  num_heads: 8
  num_kv_heads: 4
  num_layers: 11
  num_loops: 2
  optrot_enabled: False
  parallel_final_lane: mean
  parallel_start_layer: 8
  phased_ttt_num_phases: 2
  phased_ttt_prefix_docs: 2500
  qk_gain_init: 5.0
  qk_gain_schedule: []
  quantized_model_path: final_model.int6.ptz
  rank: 0
  rope_base: 10000.0
  rope_dims: 16
  rope_train_seq_len: 2048
  rope_yarn: False
  run_id: 568732a1-ee21-4bc2-ab85-e7c54d12757a
  scalar_lr: 0.02
  seed: 314
  skip_gates_enabled: True
  smear_gate_enabled: True
  sparse_attn_gate_enabled: True
  sparse_attn_gate_init_std: 0.0
  sparse_attn_gate_scale: 0.5
  tie_embeddings: True
  tied_embed_init_std: 0.005
  tied_embed_lr: 0.03
  tokenizer_path: ./data/datasets/fineweb10B_sp8192_caseops/datasets/tokenizers/fineweb_8192_bpe_lossless_caps_caseops_v1_reserved.model
  train_batch_tokens: 786432
  train_files: ./data/datasets/fineweb10B_sp8192_caseops/datasets/datasets/fineweb10B_sp8192_lossless_caps_caseops_v1_reserved/fineweb_train_*.bin
  train_log_every: 500
  train_seq_len: 2048
  ttt_batch_size: 64
  ttt_beta1: 0.0
  ttt_beta2: 0.99
  ttt_chunk_size: 48
  ttt_enabled: True
  ttt_eval_batches: 
  ttt_eval_seq_len: 2560
  ttt_grad_steps: 1
  ttt_grad_steps_clean: False
  ttt_k_lora: False
  ttt_lora_lr: 7.5e-05
  ttt_lora_rank: 80
  ttt_mlp_lora: True
  ttt_o_lora: True
  ttt_optimizer: adam
  ttt_weight_decay: 2.0
  val_batch_tokens: 524288
  val_bytes_files: ./data/datasets/fineweb10B_sp8192_caseops/datasets/datasets/fineweb10B_sp8192_lossless_caps_caseops_v1_reserved/fineweb_val_bytes_*.bin
  val_doc_fraction: 1.0
  val_files: ./data/datasets/fineweb10B_sp8192_caseops/datasets/datasets/fineweb10B_sp8192_lossless_caps_caseops_v1_reserved/fineweb_val_*.bin
  val_loss_every: 4000
  vocab_size: 8192
  warmdown_frac: 0.85
  warmup_steps: 20
  world_size: 8
  xsa_last_n: 11
train_shards: 1499
val_tokens: 47851520
model_params:35945671
gptq:reserving 0s, effective=599500ms
warmup_cu_buckets:64,128,192,256 iters_each:3
[rank5]: Traceback (most recent call last):
[rank5]:   File "/workspace/parameter-golf/records/track_10min_16mb/2026-04-24_PR1797Base_QKGainSched_OptRot_AdamHD_LaCT/train_gpt_human.py", line 4172, in <module>
[rank5]:     main()
[rank5]:   File "/workspace/parameter-golf/records/track_10min_16mb/2026-04-24_PR1797Base_QKGainSched_OptRot_AdamHD_LaCT/train_gpt_human.py", line 4166, in main
[rank5]:     train_and_eval(h, device)
[rank5]:   File "/workspace/parameter-golf/records/track_10min_16mb/2026-04-24_PR1797Base_QKGainSched_OptRot_AdamHD_LaCT/train_gpt_human.py", line 3993, in train_and_eval
[rank5]:     base_model, compiled_model, compiled_forward_logits = train_model(
[rank5]:                                                           ^^^^^^^^^^^^
[rank5]:   File "/workspace/parameter-golf/records/track_10min_16mb/2026-04-24_PR1797Base_QKGainSched_OptRot_AdamHD_LaCT/train_gpt_human.py", line 3854, in train_model
[rank5]:     _run_cu_bucket_warmup()
[rank5]:   File "/workspace/parameter-golf/records/track_10min_16mb/2026-04-24_PR1797Base_QKGainSched_OptRot_AdamHD_LaCT/train_gpt_human.py", line 3851, in _run_cu_bucket_warmup
[rank5]:     wloss = model(x, y, cu_seqlens=cu, max_seqlen=h.train_seq_len)
[rank5]:             ^^^^^^^^^^^^^^^^^^^^^^^^^^^^^^^^^^^^^^^^^^^^^^^^^^^^^^
[rank5]:   File "/usr/local/lib/python3.12/dist-packages/torch/_dynamo/eval_frame.py", line 414, in __call__
[rank5]:     return super().__call__(*args, **kwargs)
[rank5]:            ^^^^^^^^^^^^^^^^^^^^^^^^^^^^^^^^^
[rank5]:   File "/usr/local/lib/python3.12/dist-packages/torch/nn/modules/module.py", line 1775, in _wrapped_call_impl
[rank5]:     return self._call_impl(*args, **kwargs)
[rank5]:            ^^^^^^^^^^^^^^^^^^^^^^^^^^^^^^^^
[rank5]:   File "/usr/local/lib/python3.12/dist-packages/torch/nn/modules/module.py", line 1786, in _call_impl
[rank5]:     return forward_call(*args, **kwargs)
[rank5]:            ^^^^^^^^^^^^^^^^^^^^^^^^^^^^^
[rank5]:   File "/usr/local/lib/python3.12/dist-packages/torch/_dynamo/eval_frame.py", line 841, in compile_wrapper
[rank5]:     raise e.with_traceback(None) from e.__cause__  # User compiler error
[rank5]:     ^^^^^^^^^^^^^^^^^^^^^^^^^^^^^^^^^^^^^^^^^^^^^
[rank5]: torch._dynamo.exc.Unsupported: name 'FusedLeakyReLUSquareMLP' is not defined

[rank5]: from user code:
[rank5]:    File "/workspace/parameter-golf/records/track_10min_16mb/2026-04-24_PR1797Base_QKGainSched_OptRot_AdamHD_LaCT/train_gpt_human.py", line 1512, in forward
[rank5]:     hidden = self._forward_hidden(input_ids, cu_seqlens=cu_seqlens, max_seqlen=max_seqlen)
[rank5]:   File "/workspace/parameter-golf/records/track_10min_16mb/2026-04-24_PR1797Base_QKGainSched_OptRot_AdamHD_LaCT/train_gpt_human.py", line 1461, in _forward_hidden
[rank5]:     x = self.blocks[i](x, x0, q_w, k_w, v_w, out_w, up_w, down_w, cu_seqlens=cu_seqlens, max_seqlen=max_seqlen)
[rank5]:   File "/workspace/parameter-golf/records/track_10min_16mb/2026-04-24_PR1797Base_QKGainSched_OptRot_AdamHD_LaCT/train_gpt_human.py", line 1234, in forward
[rank5]:     ] * self.mlp(self.mlp_norm(x_out) * self.ln_scale_factor, up_w, down_w)
[rank5]:   File "/workspace/parameter-golf/records/track_10min_16mb/2026-04-24_PR1797Base_QKGainSched_OptRot_AdamHD_LaCT/train_gpt_human.py", line 1170, in forward
[rank5]:     return FusedLeakyReLUSquareMLP(

[rank5]: Set TORCHDYNAMO_VERBOSE=1 for the internal stack trace (please do this especially if you're reporting a bug to PyTorch). For even more developer context, set TORCH_LOGS="+dynamo"

[rank2]: Traceback (most recent call last):
[rank2]:   File "/workspace/parameter-golf/records/track_10min_16mb/2026-04-24_PR1797Base_QKGainSched_OptRot_AdamHD_LaCT/train_gpt_human.py", line 4172, in <module>
[rank2]:     main()
[rank2]:   File "/workspace/parameter-golf/records/track_10min_16mb/2026-04-24_PR1797Base_QKGainSched_OptRot_AdamHD_LaCT/train_gpt_human.py", line 4166, in main
[rank2]:     train_and_eval(h, device)
[rank2]:   File "/workspace/parameter-golf/records/track_10min_16mb/2026-04-24_PR1797Base_QKGainSched_OptRot_AdamHD_LaCT/train_gpt_human.py", line 3993, in train_and_eval
[rank2]:     base_model, compiled_model, compiled_forward_logits = train_model(
[rank2]:                                                           ^^^^^^^^^^^^
[rank2]:   File "/workspace/parameter-golf/records/track_10min_16mb/2026-04-24_PR1797Base_QKGainSched_OptRot_AdamHD_LaCT/train_gpt_human.py", line 3854, in train_model
[rank2]:     _run_cu_bucket_warmup()
[rank2]:   File "/workspace/parameter-golf/records/track_10min_16mb/2026-04-24_PR1797Base_QKGainSched_OptRot_AdamHD_LaCT/train_gpt_human.py", line 3851, in _run_cu_bucket_warmup
[rank2]:     wloss = model(x, y, cu_seqlens=cu, max_seqlen=h.train_seq_len)
[rank2]:             ^^^^^^^^^^^^^^^^^^^^^^^^^^^^^^^^^^^^^^^^^^^^^^^^^^^^^^
[rank2]:   File "/usr/local/lib/python3.12/dist-packages/torch/_dynamo/eval_frame.py", line 414, in __call__
[rank2]:     return super().__call__(*args, **kwargs)
[rank2]:            ^^^^^^^^^^^^^^^^^^^^^^^^^^^^^^^^^
[rank2]:   File "/usr/local/lib/python3.12/dist-packages/torch/nn/modules/module.py", line 1775, in _wrapped_call_impl
[rank2]:     return self._call_impl(*args, **kwargs)
[rank2]:            ^^^^^^^^^^^^^^^^^^^^^^^^^^^^^^^^
[rank2]:   File "/usr/local/lib/python3.12/dist-packages/torch/nn/modules/module.py", line 1786, in _call_impl
[rank2]:     return forward_call(*args, **kwargs)
[rank2]:            ^^^^^^^^^^^^^^^^^^^^^^^^^^^^^
[rank2]:   File "/usr/local/lib/python3.12/dist-packages/torch/_dynamo/eval_frame.py", line 841, in compile_wrapper
[rank2]:     raise e.with_traceback(None) from e.__cause__  # User compiler error
[rank2]:     ^^^^^^^^^^^^^^^^^^^^^^^^^^^^^^^^^^^^^^^^^^^^^
[rank2]: torch._dynamo.exc.Unsupported: name 'FusedLeakyReLUSquareMLP' is not defined

[rank2]: from user code:
[rank2]:    File "/workspace/parameter-golf/records/track_10min_16mb/2026-04-24_PR1797Base_QKGainSched_OptRot_AdamHD_LaCT/train_gpt_human.py", line 1512, in forward
[rank2]:     hidden = self._forward_hidden(input_ids, cu_seqlens=cu_seqlens, max_seqlen=max_seqlen)
[rank2]:   File "/workspace/parameter-golf/records/track_10min_16mb/2026-04-24_PR1797Base_QKGainSched_OptRot_AdamHD_LaCT/train_gpt_human.py", line 1461, in _forward_hidden
[rank2]:     x = self.blocks[i](x, x0, q_w, k_w, v_w, out_w, up_w, down_w, cu_seqlens=cu_seqlens, max_seqlen=max_seqlen)
[rank2]:   File "/workspace/parameter-golf/records/track_10min_16mb/2026-04-24_PR1797Base_QKGainSched_OptRot_AdamHD_LaCT/train_gpt_human.py", line 1234, in forward
[rank2]:     ] * self.mlp(self.mlp_norm(x_out) * self.ln_scale_factor, up_w, down_w)
[rank2]:   File "/workspace/parameter-golf/records/track_10min_16mb/2026-04-24_PR1797Base_QKGainSched_OptRot_AdamHD_LaCT/train_gpt_human.py", line 1170, in forward
[rank2]:     return FusedLeakyReLUSquareMLP(

[rank2]: Set TORCHDYNAMO_VERBOSE=1 for the internal stack trace (please do this especially if you're reporting a bug to PyTorch). For even more developer context, set TORCH_LOGS="+dynamo"

[rank1]: Traceback (most recent call last):
[rank1]:   File "/workspace/parameter-golf/records/track_10min_16mb/2026-04-24_PR1797Base_QKGainSched_OptRot_AdamHD_LaCT/train_gpt_human.py", line 4172, in <module>
[rank1]:     main()
[rank1]:   File "/workspace/parameter-golf/records/track_10min_16mb/2026-04-24_PR1797Base_QKGainSched_OptRot_AdamHD_LaCT/train_gpt_human.py", line 4166, in main
[rank1]:     train_and_eval(h, device)
[rank1]:   File "/workspace/parameter-golf/records/track_10min_16mb/2026-04-24_PR1797Base_QKGainSched_OptRot_AdamHD_LaCT/train_gpt_human.py", line 3993, in train_and_eval
[rank1]:     base_model, compiled_model, compiled_forward_logits = train_model(
[rank1]:                                                           ^^^^^^^^^^^^
[rank1]:   File "/workspace/parameter-golf/records/track_10min_16mb/2026-04-24_PR1797Base_QKGainSched_OptRot_AdamHD_LaCT/train_gpt_human.py", line 3854, in train_model
[rank1]:     _run_cu_bucket_warmup()
[rank1]:   File "/workspace/parameter-golf/records/track_10min_16mb/2026-04-24_PR1797Base_QKGainSched_OptRot_AdamHD_LaCT/train_gpt_human.py", line 3851, in _run_cu_bucket_warmup
[rank1]:     wloss = model(x, y, cu_seqlens=cu, max_seqlen=h.train_seq_len)
[rank1]:             ^^^^^^^^^^^^^^^^^^^^^^^^^^^^^^^^^^^^^^^^^^^^^^^^^^^^^^
[rank1]:   File "/usr/local/lib/python3.12/dist-packages/torch/_dynamo/eval_frame.py", line 414, in __call__
[rank1]:     return super().__call__(*args, **kwargs)
[rank1]:            ^^^^^^^^^^^^^^^^^^^^^^^^^^^^^^^^^
[rank1]:   File "/usr/local/lib/python3.12/dist-packages/torch/nn/modules/module.py", line 1775, in _wrapped_call_impl
[rank1]:     return self._call_impl(*args, **kwargs)
[rank1]:            ^^^^^^^^^^^^^^^^^^^^^^^^^^^^^^^^
[rank1]:   File "/usr/local/lib/python3.12/dist-packages/torch/nn/modules/module.py", line 1786, in _call_impl
[rank1]:     return forward_call(*args, **kwargs)
[rank1]:            ^^^^^^^^^^^^^^^^^^^^^^^^^^^^^
[rank1]:   File "/usr/local/lib/python3.12/dist-packages/torch/_dynamo/eval_frame.py", line 841, in compile_wrapper
[rank1]:     raise e.with_traceback(None) from e.__cause__  # User compiler error
[rank1]:     ^^^^^^^^^^^^^^^^^^^^^^^^^^^^^^^^^^^^^^^^^^^^^
[rank1]: torch._dynamo.exc.Unsupported: name 'FusedLeakyReLUSquareMLP' is not defined

[rank1]: from user code:
[rank1]:    File "/workspace/parameter-golf/records/track_10min_16mb/2026-04-24_PR1797Base_QKGainSched_OptRot_AdamHD_LaCT/train_gpt_human.py", line 1512, in forward
[rank1]:     hidden = self._forward_hidden(input_ids, cu_seqlens=cu_seqlens, max_seqlen=max_seqlen)
[rank1]:   File "/workspace/parameter-golf/records/track_10min_16mb/2026-04-24_PR1797Base_QKGainSched_OptRot_AdamHD_LaCT/train_gpt_human.py", line 1461, in _forward_hidden
[rank1]:     x = self.blocks[i](x, x0, q_w, k_w, v_w, out_w, up_w, down_w, cu_seqlens=cu_seqlens, max_seqlen=max_seqlen)
[rank1]:   File "/workspace/parameter-golf/records/track_10min_16mb/2026-04-24_PR1797Base_QKGainSched_OptRot_AdamHD_LaCT/train_gpt_human.py", line 1234, in forward
[rank1]:     ] * self.mlp(self.mlp_norm(x_out) * self.ln_scale_factor, up_w, down_w)
[rank1]:   File "/workspace/parameter-golf/records/track_10min_16mb/2026-04-24_PR1797Base_QKGainSched_OptRot_AdamHD_LaCT/train_gpt_human.py", line 1170, in forward
[rank1]:     return FusedLeakyReLUSquareMLP(

[rank1]: Set TORCHDYNAMO_VERBOSE=1 for the internal stack trace (please do this especially if you're reporting a bug to PyTorch). For even more developer context, set TORCH_LOGS="+dynamo"

[rank6]: Traceback (most recent call last):
[rank6]:   File "/workspace/parameter-golf/records/track_10min_16mb/2026-04-24_PR1797Base_QKGainSched_OptRot_AdamHD_LaCT/train_gpt_human.py", line 4172, in <module>
[rank6]:     main()
[rank6]:   File "/workspace/parameter-golf/records/track_10min_16mb/2026-04-24_PR1797Base_QKGainSched_OptRot_AdamHD_LaCT/train_gpt_human.py", line 4166, in main
[rank6]:     train_and_eval(h, device)
[rank6]:   File "/workspace/parameter-golf/records/track_10min_16mb/2026-04-24_PR1797Base_QKGainSched_OptRot_AdamHD_LaCT/train_gpt_human.py", line 3993, in train_and_eval
[rank6]:     base_model, compiled_model, compiled_forward_logits = train_model(
[rank6]:                                                           ^^^^^^^^^^^^
[rank6]:   File "/workspace/parameter-golf/records/track_10min_16mb/2026-04-24_PR1797Base_QKGainSched_OptRot_AdamHD_LaCT/train_gpt_human.py", line 3854, in train_model
[rank6]:     _run_cu_bucket_warmup()
[rank6]:   File "/workspace/parameter-golf/records/track_10min_16mb/2026-04-24_PR1797Base_QKGainSched_OptRot_AdamHD_LaCT/train_gpt_human.py", line 3851, in _run_cu_bucket_warmup
[rank6]:     wloss = model(x, y, cu_seqlens=cu, max_seqlen=h.train_seq_len)
[rank6]:             ^^^^^^^^^^^^^^^^^^^^^^^^^^^^^^^^^^^^^^^^^^^^^^^^^^^^^^
[rank6]:   File "/usr/local/lib/python3.12/dist-packages/torch/_dynamo/eval_frame.py", line 414, in __call__
[rank6]:     return super().__call__(*args, **kwargs)
[rank6]:            ^^^^^^^^^^^^^^^^^^^^^^^^^^^^^^^^^
[rank6]:   File "/usr/local/lib/python3.12/dist-packages/torch/nn/modules/module.py", line 1775, in _wrapped_call_impl
[rank6]:     return self._call_impl(*args, **kwargs)
[rank6]:            ^^^^^^^^^^^^^^^^^^^^^^^^^^^^^^^^
[rank6]:   File "/usr/local/lib/python3.12/dist-packages/torch/nn/modules/module.py", line 1786, in _call_impl
[rank6]:     return forward_call(*args, **kwargs)
[rank6]:            ^^^^^^^^^^^^^^^^^^^^^^^^^^^^^
[rank6]:   File "/usr/local/lib/python3.12/dist-packages/torch/_dynamo/eval_frame.py", line 841, in compile_wrapper
[rank6]:     raise e.with_traceback(None) from e.__cause__  # User compiler error
[rank6]:     ^^^^^^^^^^^^^^^^^^^^^^^^^^^^^^^^^^^^^^^^^^^^^
[rank6]: torch._dynamo.exc.Unsupported: name 'FusedLeakyReLUSquareMLP' is not defined

[rank6]: from user code:
[rank6]:    File "/workspace/parameter-golf/records/track_10min_16mb/2026-04-24_PR1797Base_QKGainSched_OptRot_AdamHD_LaCT/train_gpt_human.py", line 1512, in forward
[rank6]:     hidden = self._forward_hidden(input_ids, cu_seqlens=cu_seqlens, max_seqlen=max_seqlen)
[rank6]:   File "/workspace/parameter-golf/records/track_10min_16mb/2026-04-24_PR1797Base_QKGainSched_OptRot_AdamHD_LaCT/train_gpt_human.py", line 1461, in _forward_hidden
[rank6]:     x = self.blocks[i](x, x0, q_w, k_w, v_w, out_w, up_w, down_w, cu_seqlens=cu_seqlens, max_seqlen=max_seqlen)
[rank6]:   File "/workspace/parameter-golf/records/track_10min_16mb/2026-04-24_PR1797Base_QKGainSched_OptRot_AdamHD_LaCT/train_gpt_human.py", line 1234, in forward
[rank6]:     ] * self.mlp(self.mlp_norm(x_out) * self.ln_scale_factor, up_w, down_w)
[rank6]:   File "/workspace/parameter-golf/records/track_10min_16mb/2026-04-24_PR1797Base_QKGainSched_OptRot_AdamHD_LaCT/train_gpt_human.py", line 1170, in forward
[rank6]:     return FusedLeakyReLUSquareMLP(

[rank6]: Set TORCHDYNAMO_VERBOSE=1 for the internal stack trace (please do this especially if you're reporting a bug to PyTorch). For even more developer context, set TORCH_LOGS="+dynamo"

[rank0]: Traceback (most recent call last):
[rank0]:   File "/workspace/parameter-golf/records/track_10min_16mb/2026-04-24_PR1797Base_QKGainSched_OptRot_AdamHD_LaCT/train_gpt_human.py", line 4172, in <module>
[rank0]:     main()
[rank0]:   File "/workspace/parameter-golf/records/track_10min_16mb/2026-04-24_PR1797Base_QKGainSched_OptRot_AdamHD_LaCT/train_gpt_human.py", line 4166, in main
[rank0]:     train_and_eval(h, device)
[rank0]:   File "/workspace/parameter-golf/records/track_10min_16mb/2026-04-24_PR1797Base_QKGainSched_OptRot_AdamHD_LaCT/train_gpt_human.py", line 3993, in train_and_eval
[rank0]:     base_model, compiled_model, compiled_forward_logits = train_model(
[rank0]:                                                           ^^^^^^^^^^^^
[rank0]:   File "/workspace/parameter-golf/records/track_10min_16mb/2026-04-24_PR1797Base_QKGainSched_OptRot_AdamHD_LaCT/train_gpt_human.py", line 3854, in train_model
[rank0]:     _run_cu_bucket_warmup()
[rank0]:   File "/workspace/parameter-golf/records/track_10min_16mb/2026-04-24_PR1797Base_QKGainSched_OptRot_AdamHD_LaCT/train_gpt_human.py", line 3851, in _run_cu_bucket_warmup
[rank0]:     wloss = model(x, y, cu_seqlens=cu, max_seqlen=h.train_seq_len)
[rank0]:             ^^^^^^^^^^^^^^^^^^^^^^^^^^^^^^^^^^^^^^^^^^^^^^^^^^^^^^
[rank0]:   File "/usr/local/lib/python3.12/dist-packages/torch/_dynamo/eval_frame.py", line 414, in __call__
[rank0]:     return super().__call__(*args, **kwargs)
[rank0]:            ^^^^^^^^^^^^^^^^^^^^^^^^^^^^^^^^^
[rank0]:   File "/usr/local/lib/python3.12/dist-packages/torch/nn/modules/module.py", line 1775, in _wrapped_call_impl
[rank0]:     return self._call_impl(*args, **kwargs)
[rank0]:            ^^^^^^^^^^^^^^^^^^^^^^^^^^^^^^^^
[rank0]:   File "/usr/local/lib/python3.12/dist-packages/torch/nn/modules/module.py", line 1786, in _call_impl
[rank0]:     return forward_call(*args, **kwargs)
[rank0]:            ^^^^^^^^^^^^^^^^^^^^^^^^^^^^^
[rank0]:   File "/usr/local/lib/python3.12/dist-packages/torch/_dynamo/eval_frame.py", line 841, in compile_wrapper
[rank0]:     raise e.with_traceback(None) from e.__cause__  # User compiler error
[rank0]:     ^^^^^^^^^^^^^^^^^^^^^^^^^^^^^^^^^^^^^^^^^^^^^
[rank0]: torch._dynamo.exc.Unsupported: name 'FusedLeakyReLUSquareMLP' is not defined

[rank0]: from user code:
[rank0]:    File "/workspace/parameter-golf/records/track_10min_16mb/2026-04-24_PR1797Base_QKGainSched_OptRot_AdamHD_LaCT/train_gpt_human.py", line 1512, in forward
[rank0]:     hidden = self._forward_hidden(input_ids, cu_seqlens=cu_seqlens, max_seqlen=max_seqlen)
[rank0]:   File "/workspace/parameter-golf/records/track_10min_16mb/2026-04-24_PR1797Base_QKGainSched_OptRot_AdamHD_LaCT/train_gpt_human.py", line 1461, in _forward_hidden
[rank0]:     x = self.blocks[i](x, x0, q_w, k_w, v_w, out_w, up_w, down_w, cu_seqlens=cu_seqlens, max_seqlen=max_seqlen)
[rank0]:   File "/workspace/parameter-golf/records/track_10min_16mb/2026-04-24_PR1797Base_QKGainSched_OptRot_AdamHD_LaCT/train_gpt_human.py", line 1234, in forward
[rank0]:     ] * self.mlp(self.mlp_norm(x_out) * self.ln_scale_factor, up_w, down_w)
[rank0]:   File "/workspace/parameter-golf/records/track_10min_16mb/2026-04-24_PR1797Base_QKGainSched_OptRot_AdamHD_LaCT/train_gpt_human.py", line 1170, in forward
[rank0]:     return FusedLeakyReLUSquareMLP(

[rank0]: Set TORCHDYNAMO_VERBOSE=1 for the internal stack trace (please do this especially if you're reporting a bug to PyTorch). For even more developer context, set TORCH_LOGS="+dynamo"

[rank7]: Traceback (most recent call last):
[rank7]:   File "/workspace/parameter-golf/records/track_10min_16mb/2026-04-24_PR1797Base_QKGainSched_OptRot_AdamHD_LaCT/train_gpt_human.py", line 4172, in <module>
[rank7]:     main()
[rank7]:   File "/workspace/parameter-golf/records/track_10min_16mb/2026-04-24_PR1797Base_QKGainSched_OptRot_AdamHD_LaCT/train_gpt_human.py", line 4166, in main
[rank7]:     train_and_eval(h, device)
[rank7]:   File "/workspace/parameter-golf/records/track_10min_16mb/2026-04-24_PR1797Base_QKGainSched_OptRot_AdamHD_LaCT/train_gpt_human.py", line 3993, in train_and_eval
[rank7]:     base_model, compiled_model, compiled_forward_logits = train_model(
[rank7]:                                                           ^^^^^^^^^^^^
[rank7]:   File "/workspace/parameter-golf/records/track_10min_16mb/2026-04-24_PR1797Base_QKGainSched_OptRot_AdamHD_LaCT/train_gpt_human.py", line 3854, in train_model
[rank7]:     _run_cu_bucket_warmup()
[rank7]:   File "/workspace/parameter-golf/records/track_10min_16mb/2026-04-24_PR1797Base_QKGainSched_OptRot_AdamHD_LaCT/train_gpt_human.py", line 3851, in _run_cu_bucket_warmup
[rank7]:     wloss = model(x, y, cu_seqlens=cu, max_seqlen=h.train_seq_len)
[rank7]:             ^^^^^^^^^^^^^^^^^^^^^^^^^^^^^^^^^^^^^^^^^^^^^^^^^^^^^^
[rank7]:   File "/usr/local/lib/python3.12/dist-packages/torch/_dynamo/eval_frame.py", line 414, in __call__
[rank7]:     return super().__call__(*args, **kwargs)
[rank7]:            ^^^^^^^^^^^^^^^^^^^^^^^^^^^^^^^^^
[rank7]:   File "/usr/local/lib/python3.12/dist-packages/torch/nn/modules/module.py", line 1775, in _wrapped_call_impl
[rank7]:     return self._call_impl(*args, **kwargs)
[rank7]:            ^^^^^^^^^^^^^^^^^^^^^^^^^^^^^^^^
[rank7]:   File "/usr/local/lib/python3.12/dist-packages/torch/nn/modules/module.py", line 1786, in _call_impl
[rank7]:     return forward_call(*args, **kwargs)
[rank7]:            ^^^^^^^^^^^^^^^^^^^^^^^^^^^^^
[rank7]:   File "/usr/local/lib/python3.12/dist-packages/torch/_dynamo/eval_frame.py", line 841, in compile_wrapper
[rank7]:     raise e.with_traceback(None) from e.__cause__  # User compiler error
[rank7]:     ^^^^^^^^^^^^^^^^^^^^^^^^^^^^^^^^^^^^^^^^^^^^^
[rank7]: torch._dynamo.exc.Unsupported: name 'FusedLeakyReLUSquareMLP' is not defined

[rank7]: from user code:
[rank7]:    File "/workspace/parameter-golf/records/track_10min_16mb/2026-04-24_PR1797Base_QKGainSched_OptRot_AdamHD_LaCT/train_gpt_human.py", line 1512, in forward
[rank7]:     hidden = self._forward_hidden(input_ids, cu_seqlens=cu_seqlens, max_seqlen=max_seqlen)
[rank7]:   File "/workspace/parameter-golf/records/track_10min_16mb/2026-04-24_PR1797Base_QKGainSched_OptRot_AdamHD_LaCT/train_gpt_human.py", line 1461, in _forward_hidden
[rank7]:     x = self.blocks[i](x, x0, q_w, k_w, v_w, out_w, up_w, down_w, cu_seqlens=cu_seqlens, max_seqlen=max_seqlen)
[rank7]:   File "/workspace/parameter-golf/records/track_10min_16mb/2026-04-24_PR1797Base_QKGainSched_OptRot_AdamHD_LaCT/train_gpt_human.py", line 1234, in forward
[rank7]:     ] * self.mlp(self.mlp_norm(x_out) * self.ln_scale_factor, up_w, down_w)
[rank7]:   File "/workspace/parameter-golf/records/track_10min_16mb/2026-04-24_PR1797Base_QKGainSched_OptRot_AdamHD_LaCT/train_gpt_human.py", line 1170, in forward
[rank7]:     return FusedLeakyReLUSquareMLP(

[rank7]: Set TORCHDYNAMO_VERBOSE=1 for the internal stack trace (please do this especially if you're reporting a bug to PyTorch). For even more developer context, set TORCH_LOGS="+dynamo"

[rank3]: Traceback (most recent call last):
[rank3]:   File "/workspace/parameter-golf/records/track_10min_16mb/2026-04-24_PR1797Base_QKGainSched_OptRot_AdamHD_LaCT/train_gpt_human.py", line 4172, in <module>
[rank3]:     main()
[rank3]:   File "/workspace/parameter-golf/records/track_10min_16mb/2026-04-24_PR1797Base_QKGainSched_OptRot_AdamHD_LaCT/train_gpt_human.py", line 4166, in main
[rank3]:     train_and_eval(h, device)
[rank3]:   File "/workspace/parameter-golf/records/track_10min_16mb/2026-04-24_PR1797Base_QKGainSched_OptRot_AdamHD_LaCT/train_gpt_human.py", line 3993, in train_and_eval
[rank3]:     base_model, compiled_model, compiled_forward_logits = train_model(
[rank3]:                                                           ^^^^^^^^^^^^
[rank3]:   File "/workspace/parameter-golf/records/track_10min_16mb/2026-04-24_PR1797Base_QKGainSched_OptRot_AdamHD_LaCT/train_gpt_human.py", line 3854, in train_model
[rank3]:     _run_cu_bucket_warmup()
[rank3]:   File "/workspace/parameter-golf/records/track_10min_16mb/2026-04-24_PR1797Base_QKGainSched_OptRot_AdamHD_LaCT/train_gpt_human.py", line 3851, in _run_cu_bucket_warmup
[rank3]:     wloss = model(x, y, cu_seqlens=cu, max_seqlen=h.train_seq_len)
[rank3]:             ^^^^^^^^^^^^^^^^^^^^^^^^^^^^^^^^^^^^^^^^^^^^^^^^^^^^^^
[rank3]:   File "/usr/local/lib/python3.12/dist-packages/torch/_dynamo/eval_frame.py", line 414, in __call__
[rank3]:     return super().__call__(*args, **kwargs)
[rank3]:            ^^^^^^^^^^^^^^^^^^^^^^^^^^^^^^^^^
[rank3]:   File "/usr/local/lib/python3.12/dist-packages/torch/nn/modules/module.py", line 1775, in _wrapped_call_impl
[rank3]:     return self._call_impl(*args, **kwargs)
[rank3]:            ^^^^^^^^^^^^^^^^^^^^^^^^^^^^^^^^
[rank3]:   File "/usr/local/lib/python3.12/dist-packages/torch/nn/modules/module.py", line 1786, in _call_impl
[rank3]:     return forward_call(*args, **kwargs)
[rank3]:            ^^^^^^^^^^^^^^^^^^^^^^^^^^^^^
[rank3]:   File "/usr/local/lib/python3.12/dist-packages/torch/_dynamo/eval_frame.py", line 841, in compile_wrapper
[rank3]:     raise e.with_traceback(None) from e.__cause__  # User compiler error
[rank3]:     ^^^^^^^^^^^^^^^^^^^^^^^^^^^^^^^^^^^^^^^^^^^^^
[rank3]: torch._dynamo.exc.Unsupported: name 'FusedLeakyReLUSquareMLP' is not defined

[rank3]: from user code:
[rank3]:    File "/workspace/parameter-golf/records/track_10min_16mb/2026-04-24_PR1797Base_QKGainSched_OptRot_AdamHD_LaCT/train_gpt_human.py", line 1512, in forward
[rank3]:     hidden = self._forward_hidden(input_ids, cu_seqlens=cu_seqlens, max_seqlen=max_seqlen)
[rank3]:   File "/workspace/parameter-golf/records/track_10min_16mb/2026-04-24_PR1797Base_QKGainSched_OptRot_AdamHD_LaCT/train_gpt_human.py", line 1461, in _forward_hidden
[rank3]:     x = self.blocks[i](x, x0, q_w, k_w, v_w, out_w, up_w, down_w, cu_seqlens=cu_seqlens, max_seqlen=max_seqlen)
[rank3]:   File "/workspace/parameter-golf/records/track_10min_16mb/2026-04-24_PR1797Base_QKGainSched_OptRot_AdamHD_LaCT/train_gpt_human.py", line 1234, in forward
[rank3]:     ] * self.mlp(self.mlp_norm(x_out) * self.ln_scale_factor, up_w, down_w)
[rank3]:   File "/workspace/parameter-golf/records/track_10min_16mb/2026-04-24_PR1797Base_QKGainSched_OptRot_AdamHD_LaCT/train_gpt_human.py", line 1170, in forward
[rank3]:     return FusedLeakyReLUSquareMLP(

[rank3]: Set TORCHDYNAMO_VERBOSE=1 for the internal stack trace (please do this especially if you're reporting a bug to PyTorch). For even more developer context, set TORCH_LOGS="+dynamo"

[rank4]: Traceback (most recent call last):
[rank4]:   File "/workspace/parameter-golf/records/track_10min_16mb/2026-04-24_PR1797Base_QKGainSched_OptRot_AdamHD_LaCT/train_gpt_human.py", line 4172, in <module>
[rank4]:     main()
[rank4]:   File "/workspace/parameter-golf/records/track_10min_16mb/2026-04-24_PR1797Base_QKGainSched_OptRot_AdamHD_LaCT/train_gpt_human.py", line 4166, in main
[rank4]:     train_and_eval(h, device)
[rank4]:   File "/workspace/parameter-golf/records/track_10min_16mb/2026-04-24_PR1797Base_QKGainSched_OptRot_AdamHD_LaCT/train_gpt_human.py", line 3993, in train_and_eval
[rank4]:     base_model, compiled_model, compiled_forward_logits = train_model(
[rank4]:                                                           ^^^^^^^^^^^^
[rank4]:   File "/workspace/parameter-golf/records/track_10min_16mb/2026-04-24_PR1797Base_QKGainSched_OptRot_AdamHD_LaCT/train_gpt_human.py", line 3854, in train_model
[rank4]:     _run_cu_bucket_warmup()
[rank4]:   File "/workspace/parameter-golf/records/track_10min_16mb/2026-04-24_PR1797Base_QKGainSched_OptRot_AdamHD_LaCT/train_gpt_human.py", line 3851, in _run_cu_bucket_warmup
[rank4]:     wloss = model(x, y, cu_seqlens=cu, max_seqlen=h.train_seq_len)
[rank4]:             ^^^^^^^^^^^^^^^^^^^^^^^^^^^^^^^^^^^^^^^^^^^^^^^^^^^^^^
[rank4]:   File "/usr/local/lib/python3.12/dist-packages/torch/_dynamo/eval_frame.py", line 414, in __call__
[rank4]:     return super().__call__(*args, **kwargs)
[rank4]:            ^^^^^^^^^^^^^^^^^^^^^^^^^^^^^^^^^
[rank4]:   File "/usr/local/lib/python3.12/dist-packages/torch/nn/modules/module.py", line 1775, in _wrapped_call_impl
[rank4]:     return self._call_impl(*args, **kwargs)
[rank4]:            ^^^^^^^^^^^^^^^^^^^^^^^^^^^^^^^^
[rank4]:   File "/usr/local/lib/python3.12/dist-packages/torch/nn/modules/module.py", line 1786, in _call_impl
[rank4]:     return forward_call(*args, **kwargs)
[rank4]:            ^^^^^^^^^^^^^^^^^^^^^^^^^^^^^
[rank4]:   File "/usr/local/lib/python3.12/dist-packages/torch/_dynamo/eval_frame.py", line 841, in compile_wrapper
[rank4]:     raise e.with_traceback(None) from e.__cause__  # User compiler error
[rank4]:     ^^^^^^^^^^^^^^^^^^^^^^^^^^^^^^^^^^^^^^^^^^^^^
[rank4]: torch._dynamo.exc.Unsupported: name 'FusedLeakyReLUSquareMLP' is not defined

[rank4]: from user code:
[rank4]:    File "/workspace/parameter-golf/records/track_10min_16mb/2026-04-24_PR1797Base_QKGainSched_OptRot_AdamHD_LaCT/train_gpt_human.py", line 1512, in forward
[rank4]:     hidden = self._forward_hidden(input_ids, cu_seqlens=cu_seqlens, max_seqlen=max_seqlen)
[rank4]:   File "/workspace/parameter-golf/records/track_10min_16mb/2026-04-24_PR1797Base_QKGainSched_OptRot_AdamHD_LaCT/train_gpt_human.py", line 1461, in _forward_hidden
[rank4]:     x = self.blocks[i](x, x0, q_w, k_w, v_w, out_w, up_w, down_w, cu_seqlens=cu_seqlens, max_seqlen=max_seqlen)
[rank4]:   File "/workspace/parameter-golf/records/track_10min_16mb/2026-04-24_PR1797Base_QKGainSched_OptRot_AdamHD_LaCT/train_gpt_human.py", line 1234, in forward
[rank4]:     ] * self.mlp(self.mlp_norm(x_out) * self.ln_scale_factor, up_w, down_w)
[rank4]:   File "/workspace/parameter-golf/records/track_10min_16mb/2026-04-24_PR1797Base_QKGainSched_OptRot_AdamHD_LaCT/train_gpt_human.py", line 1170, in forward
[rank4]:     return FusedLeakyReLUSquareMLP(

[rank4]: Set TORCHDYNAMO_VERBOSE=1 for the internal stack trace (please do this especially if you're reporting a bug to PyTorch). For even more developer context, set TORCH_LOGS="+dynamo"

[rank0]:[W430 14:29:02.889113113 ProcessGroupNCCL.cpp:1524] Warning: WARNING: destroy_process_group() was not called before program exit, which can leak resources. For more info, please see https://pytorch.org/docs/stable/distributed.html#shutdown (function operator())
W0430 14:29:03.379000 1425762 torch/distributed/elastic/multiprocessing/api.py:908] Sending process 1425833 closing signal SIGTERM
W0430 14:29:03.381000 1425762 torch/distributed/elastic/multiprocessing/api.py:908] Sending process 1425834 closing signal SIGTERM
W0430 14:29:03.383000 1425762 torch/distributed/elastic/multiprocessing/api.py:908] Sending process 1425835 closing signal SIGTERM
W0430 14:29:03.384000 1425762 torch/distributed/elastic/multiprocessing/api.py:908] Sending process 1425836 closing signal SIGTERM
W0430 14:29:03.385000 1425762 torch/distributed/elastic/multiprocessing/api.py:908] Sending process 1425837 closing signal SIGTERM
W0430 14:29:03.386000 1425762 torch/distributed/elastic/multiprocessing/api.py:908] Sending process 1425838 closing signal SIGTERM
W0430 14:29:03.387000 1425762 torch/distributed/elastic/multiprocessing/api.py:908] Sending process 1425839 closing signal SIGTERM
E0430 14:29:04.354000 1425762 torch/distributed/elastic/multiprocessing/api.py:882] failed (exitcode: 1) local_rank: 0 (pid: 1425832) of binary: /usr/local/bin/python
Traceback (most recent call last):
  File "/usr/local/bin/torchrun", line 7, in <module>
    sys.exit(main())
             ^^^^^^
  File "/usr/local/lib/python3.12/dist-packages/torch/distributed/elastic/multiprocessing/errors/__init__.py", line 357, in wrapper
    return f(*args, **kwargs)
           ^^^^^^^^^^^^^^^^^^
  File "/usr/local/lib/python3.12/dist-packages/torch/distributed/run.py", line 936, in main
    run(args)
  File "/usr/local/lib/python3.12/dist-packages/torch/distributed/run.py", line 927, in run
    elastic_launch(
  File "/usr/local/lib/python3.12/dist-packages/torch/distributed/launcher/api.py", line 156, in __call__
    return launch_agent(self._config, self._entrypoint, list(args))
           ^^^^^^^^^^^^^^^^^^^^^^^^^^^^^^^^^^^^^^^^^^^^^^^^^^^^^^^^
  File "/usr/local/lib/python3.12/dist-packages/torch/distributed/launcher/api.py", line 293, in launch_agent
    raise ChildFailedError(
torch.distributed.elastic.multiprocessing.errors.ChildFailedError: 
============================================================
records/track_10min_16mb/2026-04-24_PR1797Base_QKGainSched_OptRot_AdamHD_LaCT/train_gpt_human.py FAILED
------------------------------------------------------------
Failures:
  <NO_OTHER_FAILURES>
------------------------------------------------------------
Root Cause (first observed failure):
[0]:
  time      : 2026-04-30_14:29:03
  host      : fb06525129c4
  rank      : 0 (local_rank: 0)
  exitcode  : 1 (pid: 1425832)
  error_file: <N/A>
  traceback : To enable traceback see: https://pytorch.org/docs/stable/elastic/errors.html
============================================================
