W0428 17:00:44.419000 158548 torch/distributed/run.py:803] 
W0428 17:00:44.419000 158548 torch/distributed/run.py:803] *****************************************
W0428 17:00:44.419000 158548 torch/distributed/run.py:803] Setting OMP_NUM_THREADS environment variable for each process to be 1 in default, to avoid your system being overloaded, please further tune the variable for optimal performance in your application as needed. 
W0428 17:00:44.419000 158548 torch/distributed/run.py:803] *****************************************
Hyperparameters:
  adam_eps: 1e-08
  adam_wd: 0.02
  artifact_dir: 
  attn_clip_sigmas: 13.0
  attn_out_gate_enabled: False
  attn_out_gate_src: proj
  beta1: 0.9
  beta2: 0.99
  caseops_enabled: True
  compressor: brotli
  data_dir: /workspace/parameter-golf/data
  datasets_dir: /workspace/parameter-golf/data/datasets/fineweb10B_sp8192_caseops/datasets/datasets/fineweb10B_sp8192_lossless_caps_caseops_v1_reserved
  distributed: True
  ema_decay: 0.9965
  embed_bits: 6
  embed_clip_sigmas: 14.0
  embed_lr: 0.6
  embed_wd: 0.085
  enable_looping_at: 0.35
  eval_seq_len: 2048
  eval_stride: 64
  fused_ce_enabled: True
  gate_window: 12
  gated_attn_enabled: False
  gated_attn_init_std: 0.01
  gated_attn_quant_gate: False
  global_ttt_batch_seqs: 32
  global_ttt_chunk_tokens: 32768
  global_ttt_epochs: 1
  global_ttt_grad_clip: 1.0
  global_ttt_lr: 0.001
  global_ttt_momentum: 0.9
  global_ttt_respect_doc_boundaries: True
  global_ttt_warmup_chunks: 0
  global_ttt_warmup_start_lr: 0.0
  gptq_calibration_batches: 16
  gptq_reserve_seconds: 4.0
  grad_accum_steps: 1
  grad_clip_norm: 0.3
  is_main_process: True
  iterations: 20000
  ln_scale: True
  local_rank: 0
  logfile: logs/7e696d0a-a5d8-4658-97cc-df524f5a4292.txt
  logit_softcap: 30.0
  loop_end: 5
  loop_start: 3
  lqer_asym_enabled: True
  lqer_asym_group: 64
  lqer_enabled: True
  lqer_factor_bits: 4
  lqer_rank: 4
  lqer_top_k: 3
  matrix_bits: 6
  matrix_clip_sigmas: 12.85
  matrix_lr: 0.026
  max_wallclock_seconds: 600.0
  min_lr: 0.1
  mlp_clip_sigmas: 11.5
  mlp_mult: 4.0
  model_dim: 512
  model_path: final_model.pt
  muon_backend_steps: 5
  muon_momentum: 0.97
  muon_momentum_warmup_start: 0.92
  muon_momentum_warmup_steps: 1500
  muon_row_normalize: True
  muon_wd: 0.095
  num_heads: 8
  num_kv_heads: 4
  num_layers: 11
  num_loops: 2
  parallel_final_lane: mean
  parallel_start_layer: 8
  phased_ttt_num_phases: 3
  phased_ttt_prefix_docs: 2500
  qk_gain_init: 5.0
  quantized_model_path: final_model.int6.ptz
  rank: 0
  rope_base: 10000.0
  rope_dims: 16
  rope_train_seq_len: 2048
  rope_yarn: False
  run_id: 7e696d0a-a5d8-4658-97cc-df524f5a4292
  scalar_lr: 0.02
  seed: 1337
  skip_gates_enabled: True
  smear_gate_enabled: True
  sparse_attn_gate_enabled: True
  sparse_attn_gate_init_std: 0.0
  sparse_attn_gate_scale: 0.5
  spinquant_enabled: True
  spinquant_seed: 20260416
  spinquant_start_layer: 5
  tie_embeddings: True
  tied_embed_init_std: 0.005
  tied_embed_lr: 0.03
  tokenizer_path: /workspace/parameter-golf/data/datasets/fineweb10B_sp8192_caseops/datasets/tokenizers/fineweb_8192_bpe_lossless_caps_caseops_v1_reserved.model
  train_batch_tokens: 786432
  train_files: /workspace/parameter-golf/data/datasets/fineweb10B_sp8192_caseops/datasets/datasets/fineweb10B_sp8192_lossless_caps_caseops_v1_reserved/fineweb_train_*.bin
  train_log_every: 500
  train_seq_len: 2048
  ttt_batch_size: 64
  ttt_beta1: 0.0
  ttt_beta2: 0.99
  ttt_chunk_size: 48
  ttt_enabled: True
  ttt_eval_batches: 
  ttt_eval_seq_len: 2048
  ttt_grad_steps: 1
  ttt_k_lora: True
  ttt_lora_lr: 0.0001
  ttt_lora_rank: 80
  ttt_mlp_lora: True
  ttt_o_lora: True
  ttt_optimizer: adam
  ttt_weight_decay: 0.5
  val_batch_tokens: 524288
  val_bytes_files: /workspace/parameter-golf/data/datasets/fineweb10B_sp8192_caseops/datasets/datasets/fineweb10B_sp8192_lossless_caps_caseops_v1_reserved/fineweb_val_bytes_*.bin
  val_doc_fraction: 1.0
  val_files: /workspace/parameter-golf/data/datasets/fineweb10B_sp8192_caseops/datasets/datasets/fineweb10B_sp8192_lossless_caps_caseops_v1_reserved/fineweb_val_*.bin
  val_loss_every: 4000
  vocab_size: 8192
  warmdown_frac: 0.85
  warmup_steps: 20
  world_size: 8
  xsa_last_n: 11
train_shards: 80
val_tokens: 47851520
model_params:35945671
gptq:reserving 4s, effective=596000ms
warmup_cu_buckets:64,128,192,256 iters_each:3
warmup_step: 1/20
warmup_step: 2/20
warmup_step: 3/20
warmup_step: 4/20
warmup_step: 5/20
warmup_step: 6/20
warmup_step: 10/20
warmup_step: 20/20
loop_warmup:enabled encoder:[0, 1, 2, 3, 4, 5, 3, 4] decoder:[5, 3, 4, 5, 6, 7, 8, 9, 10]
loop_warmup_step: 1/20
loop_warmup_step: 2/20
loop_warmup_step: 3/20
loop_warmup_step: 4/20
loop_warmup_step: 5/20
loop_warmup_step: 6/20
loop_warmup_step: 10/20
loop_warmup_step: 20/20
0/20000 val_loss: 9.0070 val_bpb: 4.1156
1/20000 train_loss: 9.0081 train_time: 0.0m tok/s: 12472808
2/20000 train_loss: 13.0247 train_time: 0.0m tok/s: 11689955
3/20000 train_loss: 10.2694 train_time: 0.0m tok/s: 10381821
4/20000 train_loss: 8.7632 train_time: 0.0m tok/s: 9819138
5/20000 train_loss: 7.9557 train_time: 0.0m tok/s: 9494299
500/20000 train_loss: 2.5741 train_time: 0.8m tok/s: 8182928
1000/20000 train_loss: 2.8061 train_time: 1.6m tok/s: 8120925
1500/20000 train_loss: 2.6260 train_time: 2.4m tok/s: 8109640
2000/20000 train_loss: 2.6553 train_time: 3.2m tok/s: 8106591
layer_loop:enabled step:2151 frac:0.350 encoder:[0, 1, 2, 3, 4, 5, 3, 4] decoder:[5, 3, 4, 5, 6, 7, 8, 9, 10]
2500/20000 train_loss: 2.5438 train_time: 4.3m tok/s: 7613268
3000/20000 train_loss: 2.5585 train_time: 5.5m tok/s: 7140432
3500/20000 train_loss: 2.5602 train_time: 6.7m tok/s: 6858556
4000/20000 train_loss: 2.4046 train_time: 7.9m tok/s: 6662399
4000/20000 val_loss: 2.4263 val_bpb: 1.1087
4500/20000 train_loss: 2.2774 train_time: 9.0m tok/s: 6518744
4876/20000 val_loss: 2.3620 val_bpb: 1.0793
stopping_early: wallclock_cap train_time: 596128ms step: 4876/20000
peak memory allocated: 41709 MiB reserved: 47026 MiB
ema:applying EMA weights
diagnostic pre-quantization post-ema val_loss:2.33640728 val_bpb:1.06757762 eval_time:8941ms
Serialized model: 135417533 bytes
Code size (uncompressed): 164154 bytes
Code size (compressed): 32860 bytes
GPTQ:collecting Hessians from calibration data...
GPTQ:collected 67 Hessians in 3.5s
spinquant:baked seed:20260416 weights:36 hessians:36 missing_hessian:0 tags:['attn_in', 'attn_proj_in', 'mlp_in', 'mlp_proj_in']
Quantized weights:
  gptq (int6): blocks.attn.c_k.weight, blocks.attn.c_q.weight, blocks.attn.c_v.weight, blocks.attn.proj.weight, blocks.mlp.fc.weight, blocks.mlp.proj.weight
  gptq (int6)+lqer_asym: blocks.mlp.fc.weight, tok_emb.weight
  passthrough (float16): blocks.attn.attn_gate_w, blocks.attn.q_gain, blocks.attn_scale, blocks.mlp_scale, blocks.resid_mix, parallel_post_lambdas, parallel_resid_lambdas, skip_gates, skip_weights, smear_gate.weight, smear_lambda
Serialized model quantized+brotli: 15593277 bytes
Total submission size quantized+brotli: 15626137 bytes
spinquant:installed_rotations:12_modules seed:20260416 model_dim:512 hidden_dim:2048 start_layer:5
spinquant:_sq_active=True (forward rotations armed)
diagnostic quantized val_loss:2.36468889 val_bpb:1.08050038 eval_time:12236ms
spinquant:installed_rotations:12_modules seed:20260416 model_dim:512 hidden_dim:2048 start_layer:5
spinquant:_sq_active=True (forward rotations armed)
ttt_lora:warming up compile (random tokens, no val data)
ttt_lora:compile warmup done (110.8s)

beginning TTT eval timer
ttt_phased: total_docs:50000 prefix_docs:2500 suffix_docs:47500 num_phases:3 boundaries:[833, 1666, 2500]
ttp: b781/782 bl:2.1649 bb:1.0592 rl:2.1649 rb:1.0592 dl:17258-30330 gd:0
ttpp: phase:1/3 pd:1296 gd:833 t:234.3s
tttg: c1/131 lr:0.001000 t:0.3s
tttg: c2/131 lr:0.001000 t:0.4s
tttg: c3/131 lr:0.000999 t:0.4s
tttg: c4/131 lr:0.000999 t:0.5s
tttg: c5/131 lr:0.000998 t:0.6s
tttg: c6/131 lr:0.000996 t:0.7s
tttg: c7/131 lr:0.000995 t:0.8s
tttg: c8/131 lr:0.000993 t:0.8s
tttg: c9/131 lr:0.000991 t:0.9s
tttg: c10/131 lr:0.000988 t:1.0s
tttg: c11/131 lr:0.000985 t:1.1s
tttg: c12/131 lr:0.000982 t:1.2s
tttg: c13/131 lr:0.000979 t:1.2s
tttg: c14/131 lr:0.000976 t:1.3s
tttg: c15/131 lr:0.000972 t:1.4s
tttg: c16/131 lr:0.000968 t:1.5s
tttg: c17/131 lr:0.000963 t:1.6s
tttg: c18/131 lr:0.000958 t:1.6s
tttg: c19/131 lr:0.000953 t:1.7s
tttg: c20/131 lr:0.000948 t:1.8s
tttg: c21/131 lr:0.000943 t:1.9s
tttg: c22/131 lr:0.000937 t:2.0s
tttg: c23/131 lr:0.000931 t:2.0s
tttg: c24/131 lr:0.000925 t:2.1s
tttg: c25/131 lr:0.000918 t:2.2s
tttg: c26/131 lr:0.000911 t:2.3s
tttg: c27/131 lr:0.000905 t:2.4s
tttg: c28/131 lr:0.000897 t:2.5s
tttg: c29/131 lr:0.000890 t:2.5s
tttg: c30/131 lr:0.000882 t:2.6s
tttg: c31/131 lr:0.000874 t:2.7s
tttg: c32/131 lr:0.000866 t:2.8s
tttg: c33/131 lr:0.000858 t:2.8s
tttg: c34/131 lr:0.000849 t:2.9s
tttg: c35/131 lr:0.000841 t:3.0s
tttg: c36/131 lr:0.000832 t:3.1s
tttg: c37/131 lr:0.000822 t:3.2s
tttg: c38/131 lr:0.000813 t:3.2s
tttg: c39/131 lr:0.000804 t:3.3s
tttg: c40/131 lr:0.000794 t:3.4s
tttg: c41/131 lr:0.000784 t:3.5s
tttg: c42/131 lr:0.000774 t:3.6s
tttg: c43/131 lr:0.000764 t:3.6s
tttg: c44/131 lr:0.000753 t:3.7s
tttg: c45/131 lr:0.000743 t:3.8s
tttg: c46/131 lr:0.000732 t:3.9s
tttg: c47/131 lr:0.000722 t:4.0s
tttg: c48/131 lr:0.000711 t:4.1s
tttg: c49/131 lr:0.000700 t:4.1s
tttg: c50/131 lr:0.000689 t:4.2s
tttg: c51/131 lr:0.000677 t:4.3s
tttg: c52/131 lr:0.000666 t:4.4s
tttg: c53/131 lr:0.000655 t:4.5s
tttg: c54/131 lr:0.000643 t:4.5s
tttg: c55/131 lr:0.000631 t:4.6s
tttg: c56/131 lr:0.000620 t:4.7s
tttg: c57/131 lr:0.000608 t:4.8s
tttg: c58/131 lr:0.000596 t:4.9s
tttg: c59/131 lr:0.000584 t:4.9s
tttg: c60/131 lr:0.000572 t:5.0s
tttg: c61/131 lr:0.000560 t:5.1s
tttg: c62/131 lr:0.000548 t:5.2s
tttg: c63/131 lr:0.000536 t:5.3s
tttg: c64/131 lr:0.000524 t:5.3s
tttg: c65/131 lr:0.000512 t:5.4s
tttg: c66/131 lr:0.000500 t:5.5s
tttg: c67/131 lr:0.000488 t:5.6s
tttg: c68/131 lr:0.000476 t:5.7s
tttg: c69/131 lr:0.000464 t:5.7s
tttg: c70/131 lr:0.000452 t:5.8s
tttg: c71/131 lr:0.000440 t:5.9s
tttg: c72/131 lr:0.000428 t:6.0s
tttg: c73/131 lr:0.000416 t:6.1s
tttg: c74/131 lr:0.000404 t:6.1s
tttg: c75/131 lr:0.000392 t:6.2s
tttg: c76/131 lr:0.000380 t:6.3s
tttg: c77/131 lr:0.000369 t:6.4s
tttg: c78/131 lr:0.000357 t:6.5s
tttg: c79/131 lr:0.000345 t:6.5s
tttg: c80/131 lr:0.000334 t:6.6s
tttg: c81/131 lr:0.000323 t:6.7s
tttg: c82/131 lr:0.000311 t:6.8s
tttg: c83/131 lr:0.000300 t:6.9s
tttg: c84/131 lr:0.000289 t:7.0s
tttg: c85/131 lr:0.000278 t:7.0s
tttg: c86/131 lr:0.000268 t:7.1s
tttg: c87/131 lr:0.000257 t:7.2s
tttg: c88/131 lr:0.000247 t:7.3s
tttg: c89/131 lr:0.000236 t:7.4s
tttg: c90/131 lr:0.000226 t:7.4s
tttg: c91/131 lr:0.000216 t:7.5s
tttg: c92/131 lr:0.000206 t:7.6s
tttg: c93/131 lr:0.000196 t:7.7s
tttg: c94/131 lr:0.000187 t:7.8s
tttg: c95/131 lr:0.000178 t:7.8s
tttg: c96/131 lr:0.000168 t:7.9s
tttg: c97/131 lr:0.000159 t:8.0s
tttg: c98/131 lr:0.000151 t:8.1s
tttg: c99/131 lr:0.000142 t:8.2s
tttg: c100/131 lr:0.000134 t:8.2s
tttg: c101/131 lr:0.000126 t:8.3s
tttg: c102/131 lr:0.000118 t:8.4s
tttg: c103/131 lr:0.000110 t:8.5s
tttg: c104/131 lr:0.000103 t:8.6s
tttg: c105/131 lr:0.000095 t:8.6s
tttg: c106/131 lr:0.000089 t:8.7s
tttg: c107/131 lr:0.000082 t:8.8s
tttg: c108/131 lr:0.000075 t:8.9s
tttg: c109/131 lr:0.000069 t:9.0s
tttg: c110/131 lr:0.000063 t:9.0s
tttg: c111/131 lr:0.000057 t:9.1s
tttg: c112/131 lr:0.000052 t:9.2s
tttg: c113/131 lr:0.000047 t:9.3s
tttg: c114/131 lr:0.000042 t:9.4s
tttg: c115/131 lr:0.000037 t:9.4s
tttg: c116/131 lr:0.000032 t:9.5s
tttg: c117/131 lr:0.000028 t:9.6s
tttg: c118/131 lr:0.000024 t:9.7s
tttg: c119/131 lr:0.000021 t:9.8s
tttg: c120/131 lr:0.000018 t:9.8s
tttg: c121/131 lr:0.000015 t:9.9s
tttg: c122/131 lr:0.000012 t:10.0s
tttg: c123/131 lr:0.000009 t:10.1s
tttg: c124/131 lr:0.000007 t:10.2s
tttg: c125/131 lr:0.000005 t:10.3s
tttg: c126/131 lr:0.000004 t:10.3s
tttg: c127/131 lr:0.000002 t:10.4s
tttg: c128/131 lr:0.000001 t:10.5s
tttg: c129/131 lr:0.000001 t:10.6s
tttg: c130/131 lr:0.000000 t:10.7s
ttpr: phase:1/3 t:246.7s
ttp: b756/782 bl:2.3493 bb:1.0456 rl:2.1902 rb:1.0572 dl:3466-3549 gd:0
ttp: b752/782 bl:2.3458 bb:1.0783 rl:2.2078 rb:1.0597 dl:3222-3283 gd:0
ttpp: phase:2/3 pd:2128 gd:1666 t:325.1s
tttg: c1/219 lr:0.001000 t:0.1s
tttg: c2/219 lr:0.001000 t:0.2s
tttg: c3/219 lr:0.001000 t:0.2s
tttg: c4/219 lr:0.001000 t:0.3s
tttg: c5/219 lr:0.000999 t:0.4s
tttg: c6/219 lr:0.000999 t:0.5s
tttg: c7/219 lr:0.000998 t:0.6s
tttg: c8/219 lr:0.000997 t:0.6s
tttg: c9/219 lr:0.000997 t:0.7s
tttg: c10/219 lr:0.000996 t:0.8s
tttg: c11/219 lr:0.000995 t:0.9s
tttg: c12/219 lr:0.000994 t:1.0s
tttg: c13/219 lr:0.000993 t:1.0s
tttg: c14/219 lr:0.000991 t:1.1s
tttg: c15/219 lr:0.000990 t:1.2s
tttg: c16/219 lr:0.000988 t:1.3s
tttg: c17/219 lr:0.000987 t:1.3s
tttg: c18/219 lr:0.000985 t:1.4s
tttg: c19/219 lr:0.000983 t:1.5s
tttg: c20/219 lr:0.000981 t:1.6s
tttg: c21/219 lr:0.000979 t:1.7s
tttg: c22/219 lr:0.000977 t:1.7s
tttg: c23/219 lr:0.000975 t:1.8s
tttg: c24/219 lr:0.000973 t:1.9s
tttg: c25/219 lr:0.000970 t:2.0s
tttg: c26/219 lr:0.000968 t:2.1s
tttg: c27/219 lr:0.000965 t:2.1s
tttg: c28/219 lr:0.000963 t:2.2s
tttg: c29/219 lr:0.000960 t:2.3s
tttg: c30/219 lr:0.000957 t:2.4s
tttg: c31/219 lr:0.000954 t:2.5s
tttg: c32/219 lr:0.000951 t:2.6s
tttg: c33/219 lr:0.000948 t:2.6s
tttg: c34/219 lr:0.000945 t:2.7s
tttg: c35/219 lr:0.000941 t:2.8s
tttg: c36/219 lr:0.000938 t:2.9s
tttg: c37/219 lr:0.000934 t:3.0s
tttg: c38/219 lr:0.000931 t:3.0s
tttg: c39/219 lr:0.000927 t:3.1s
tttg: c40/219 lr:0.000923 t:3.2s
tttg: c41/219 lr:0.000919 t:3.3s
tttg: c42/219 lr:0.000915 t:3.4s
tttg: c43/219 lr:0.000911 t:3.4s
tttg: c44/219 lr:0.000907 t:3.5s
tttg: c45/219 lr:0.000903 t:3.6s
tttg: c46/219 lr:0.000898 t:3.7s
tttg: c47/219 lr:0.000894 t:3.7s
tttg: c48/219 lr:0.000890 t:3.8s
tttg: c49/219 lr:0.000885 t:3.9s
tttg: c50/219 lr:0.000880 t:4.0s
tttg: c51/219 lr:0.000876 t:4.1s
tttg: c52/219 lr:0.000871 t:4.1s
tttg: c53/219 lr:0.000866 t:4.2s
tttg: c54/219 lr:0.000861 t:4.3s
tttg: c55/219 lr:0.000856 t:4.4s
tttg: c56/219 lr:0.000851 t:4.5s
tttg: c57/219 lr:0.000846 t:4.5s
tttg: c58/219 lr:0.000841 t:4.6s
tttg: c59/219 lr:0.000835 t:4.7s
tttg: c60/219 lr:0.000830 t:4.8s
tttg: c61/219 lr:0.000824 t:4.9s
tttg: c62/219 lr:0.000819 t:4.9s
tttg: c63/219 lr:0.000813 t:5.0s
tttg: c64/219 lr:0.000808 t:5.1s
tttg: c65/219 lr:0.000802 t:5.2s
tttg: c66/219 lr:0.000796 t:5.3s
tttg: c67/219 lr:0.000790 t:5.3s
tttg: c68/219 lr:0.000784 t:5.4s
tttg: c69/219 lr:0.000779 t:5.5s
tttg: c70/219 lr:0.000773 t:5.6s
tttg: c71/219 lr:0.000766 t:5.7s
tttg: c72/219 lr:0.000760 t:5.7s
tttg: c73/219 lr:0.000754 t:5.8s
tttg: c74/219 lr:0.000748 t:5.9s
tttg: c75/219 lr:0.000742 t:6.0s
tttg: c76/219 lr:0.000735 t:6.1s
tttg: c77/219 lr:0.000729 t:6.1s
tttg: c78/219 lr:0.000722 t:6.2s
tttg: c79/219 lr:0.000716 t:6.3s
tttg: c80/219 lr:0.000709 t:6.4s
tttg: c81/219 lr:0.000703 t:6.5s
tttg: c82/219 lr:0.000696 t:6.5s
tttg: c83/219 lr:0.000690 t:6.6s
tttg: c84/219 lr:0.000683 t:6.7s
tttg: c85/219 lr:0.000676 t:6.8s
tttg: c86/219 lr:0.000670 t:6.9s
tttg: c87/219 lr:0.000663 t:6.9s
tttg: c88/219 lr:0.000656 t:7.0s
tttg: c89/219 lr:0.000649 t:7.1s
tttg: c90/219 lr:0.000642 t:7.2s
tttg: c91/219 lr:0.000635 t:7.3s
tttg: c92/219 lr:0.000628 t:7.3s
tttg: c93/219 lr:0.000621 t:7.4s
tttg: c94/219 lr:0.000614 t:7.5s
tttg: c95/219 lr:0.000607 t:7.6s
tttg: c96/219 lr:0.000600 t:7.7s
tttg: c97/219 lr:0.000593 t:7.7s
tttg: c98/219 lr:0.000586 t:7.8s
tttg: c99/219 lr:0.000579 t:7.9s
tttg: c100/219 lr:0.000572 t:8.0s
tttg: c101/219 lr:0.000565 t:8.1s
tttg: c102/219 lr:0.000558 t:8.1s
tttg: c103/219 lr:0.000550 t:8.2s
tttg: c104/219 lr:0.000543 t:8.3s
tttg: c105/219 lr:0.000536 t:8.4s
tttg: c106/219 lr:0.000529 t:8.4s
tttg: c107/219 lr:0.000522 t:8.5s
tttg: c108/219 lr:0.000514 t:8.6s
tttg: c109/219 lr:0.000507 t:8.7s
tttg: c110/219 lr:0.000500 t:8.8s
tttg: c111/219 lr:0.000493 t:8.8s
tttg: c112/219 lr:0.000486 t:8.9s
tttg: c113/219 lr:0.000478 t:9.0s
tttg: c114/219 lr:0.000471 t:9.1s
tttg: c115/219 lr:0.000464 t:9.2s
tttg: c116/219 lr:0.000457 t:9.2s
tttg: c117/219 lr:0.000450 t:9.3s
tttg: c118/219 lr:0.000442 t:9.4s
tttg: c119/219 lr:0.000435 t:9.5s
tttg: c120/219 lr:0.000428 t:9.6s
tttg: c121/219 lr:0.000421 t:9.6s
tttg: c122/219 lr:0.000414 t:9.7s
tttg: c123/219 lr:0.000407 t:9.8s
tttg: c124/219 lr:0.000400 t:9.9s
tttg: c125/219 lr:0.000393 t:10.0s
tttg: c126/219 lr:0.000386 t:10.0s
tttg: c127/219 lr:0.000379 t:10.1s
tttg: c128/219 lr:0.000372 t:10.2s
tttg: c129/219 lr:0.000365 t:10.3s
tttg: c130/219 lr:0.000358 t:10.4s
tttg: c131/219 lr:0.000351 t:10.4s
tttg: c132/219 lr:0.000344 t:10.5s
tttg: c133/219 lr:0.000337 t:10.6s
tttg: c134/219 lr:0.000330 t:10.7s
tttg: c135/219 lr:0.000324 t:10.7s
tttg: c136/219 lr:0.000317 t:10.8s
tttg: c137/219 lr:0.000310 t:10.9s
tttg: c138/219 lr:0.000304 t:11.0s
tttg: c139/219 lr:0.000297 t:11.1s
tttg: c140/219 lr:0.000291 t:11.1s
tttg: c141/219 lr:0.000284 t:11.2s
tttg: c142/219 lr:0.000278 t:11.3s
tttg: c143/219 lr:0.000271 t:11.4s
tttg: c144/219 lr:0.000265 t:11.5s
tttg: c145/219 lr:0.000258 t:11.5s
tttg: c146/219 lr:0.000252 t:11.6s
tttg: c147/219 lr:0.000246 t:11.7s
tttg: c148/219 lr:0.000240 t:11.8s
tttg: c149/219 lr:0.000234 t:11.9s
tttg: c150/219 lr:0.000227 t:11.9s
tttg: c151/219 lr:0.000221 t:12.0s
tttg: c152/219 lr:0.000216 t:12.1s
tttg: c153/219 lr:0.000210 t:12.2s
tttg: c154/219 lr:0.000204 t:12.3s
tttg: c155/219 lr:0.000198 t:12.3s
tttg: c156/219 lr:0.000192 t:12.4s
tttg: c157/219 lr:0.000187 t:12.5s
tttg: c158/219 lr:0.000181 t:12.6s
tttg: c159/219 lr:0.000176 t:12.7s
tttg: c160/219 lr:0.000170 t:12.7s
tttg: c161/219 lr:0.000165 t:12.8s
tttg: c162/219 lr:0.000159 t:12.9s
tttg: c163/219 lr:0.000154 t:13.0s
tttg: c164/219 lr:0.000149 t:13.1s
tttg: c165/219 lr:0.000144 t:13.1s
tttg: c166/219 lr:0.000139 t:13.2s
tttg: c167/219 lr:0.000134 t:13.3s
tttg: c168/219 lr:0.000129 t:13.4s
tttg: c169/219 lr:0.000124 t:13.5s
tttg: c170/219 lr:0.000120 t:13.5s
tttg: c171/219 lr:0.000115 t:13.6s
tttg: c172/219 lr:0.000110 t:13.7s
tttg: c173/219 lr:0.000106 t:13.8s
tttg: c174/219 lr:0.000102 t:13.9s
tttg: c175/219 lr:0.000097 t:13.9s
tttg: c176/219 lr:0.000093 t:14.0s
tttg: c177/219 lr:0.000089 t:14.1s
tttg: c178/219 lr:0.000085 t:14.2s
tttg: c179/219 lr:0.000081 t:14.3s
tttg: c180/219 lr:0.000077 t:14.4s
tttg: c181/219 lr:0.000073 t:14.4s
tttg: c182/219 lr:0.000069 t:14.5s
tttg: c183/219 lr:0.000066 t:14.6s
tttg: c184/219 lr:0.000062 t:14.7s
tttg: c185/219 lr:0.000059 t:14.7s
tttg: c186/219 lr:0.000055 t:14.8s
tttg: c187/219 lr:0.000052 t:14.9s
tttg: c188/219 lr:0.000049 t:15.0s
tttg: c189/219 lr:0.000046 t:15.1s
tttg: c190/219 lr:0.000043 t:15.1s
tttg: c191/219 lr:0.000040 t:15.2s
tttg: c192/219 lr:0.000037 t:15.3s
tttg: c193/219 lr:0.000035 t:15.4s
tttg: c194/219 lr:0.000032 t:15.5s
tttg: c195/219 lr:0.000030 t:15.6s
tttg: c196/219 lr:0.000027 t:15.6s
tttg: c197/219 lr:0.000025 t:15.7s
tttg: c198/219 lr:0.000023 t:15.8s
tttg: c199/219 lr:0.000021 t:15.9s
tttg: c200/219 lr:0.000019 t:16.0s
tttg: c201/219 lr:0.000017 t:16.0s
tttg: c202/219 lr:0.000015 t:16.1s
tttg: c203/219 lr:0.000013 t:16.2s
tttg: c204/219 lr:0.000012 t:16.3s
tttg: c205/219 lr:0.000010 t:16.4s
tttg: c206/219 lr:0.000009 t:16.5s
tttg: c207/219 lr:0.000007 t:16.5s
tttg: c208/219 lr:0.000006 t:16.6s
tttg: c209/219 lr:0.000005 t:16.7s
tttg: c210/219 lr:0.000004 t:16.8s
tttg: c211/219 lr:0.000003 t:16.9s
tttg: c212/219 lr:0.000003 t:16.9s
tttg: c213/219 lr:0.000002 t:17.0s
tttg: c214/219 lr:0.000001 t:17.1s
tttg: c215/219 lr:0.000001 t:17.2s
tttg: c216/219 lr:0.000000 t:17.3s
tttg: c217/219 lr:0.000000 t:17.4s
tttg: c218/219 lr:0.000000 t:17.4s
ttpr: phase:2/3 t:344.3s
ttp: b748/782 bl:2.3348 bb:1.0896 rl:2.2198 rb:1.0626 dl:2992-3039 gd:0
ttpp: phase:3/3 pd:2960 gd:2500 t:361.9s
tttg: c1/289 lr:0.001000 t:0.1s
tttg: c2/289 lr:0.001000 t:0.2s
tttg: c3/289 lr:0.001000 t:0.2s
tttg: c4/289 lr:0.001000 t:0.3s
tttg: c5/289 lr:0.001000 t:0.4s
tttg: c6/289 lr:0.000999 t:0.5s
tttg: c7/289 lr:0.000999 t:0.6s
tttg: c8/289 lr:0.000999 t:0.6s
tttg: c9/289 lr:0.000998 t:0.7s
tttg: c10/289 lr:0.000998 t:0.8s
tttg: c11/289 lr:0.000997 t:0.9s
tttg: c12/289 lr:0.000996 t:1.0s
tttg: c13/289 lr:0.000996 t:1.0s
tttg: c14/289 lr:0.000995 t:1.1s
tttg: c15/289 lr:0.000994 t:1.2s
tttg: c16/289 lr:0.000993 t:1.3s
tttg: c17/289 lr:0.000992 t:1.3s
tttg: c18/289 lr:0.000991 t:1.4s
tttg: c19/289 lr:0.000990 t:1.5s
tttg: c20/289 lr:0.000989 t:1.6s
tttg: c21/289 lr:0.000988 t:1.7s
tttg: c22/289 lr:0.000987 t:1.7s
tttg: c23/289 lr:0.000986 t:1.8s
tttg: c24/289 lr:0.000984 t:1.9s
tttg: c25/289 lr:0.000983 t:2.0s
tttg: c26/289 lr:0.000982 t:2.1s
tttg: c27/289 lr:0.000980 t:2.1s
tttg: c28/289 lr:0.000978 t:2.2s
tttg: c29/289 lr:0.000977 t:2.3s
tttg: c30/289 lr:0.000975 t:2.4s
tttg: c31/289 lr:0.000973 t:2.5s
tttg: c32/289 lr:0.000972 t:2.5s
tttg: c33/289 lr:0.000970 t:2.6s
tttg: c34/289 lr:0.000968 t:2.7s
tttg: c35/289 lr:0.000966 t:2.8s
tttg: c36/289 lr:0.000964 t:2.9s
tttg: c37/289 lr:0.000962 t:2.9s
tttg: c38/289 lr:0.000960 t:3.0s
tttg: c39/289 lr:0.000958 t:3.1s
tttg: c40/289 lr:0.000955 t:3.2s
tttg: c41/289 lr:0.000953 t:3.3s
tttg: c42/289 lr:0.000951 t:3.3s
tttg: c43/289 lr:0.000948 t:3.4s
tttg: c44/289 lr:0.000946 t:3.5s
tttg: c45/289 lr:0.000944 t:3.6s
tttg: c46/289 lr:0.000941 t:3.6s
tttg: c47/289 lr:0.000938 t:3.7s
tttg: c48/289 lr:0.000936 t:3.8s
tttg: c49/289 lr:0.000933 t:3.9s
tttg: c50/289 lr:0.000930 t:4.0s
tttg: c51/289 lr:0.000927 t:4.0s
tttg: c52/289 lr:0.000925 t:4.1s
tttg: c53/289 lr:0.000922 t:4.2s
tttg: c54/289 lr:0.000919 t:4.3s
tttg: c55/289 lr:0.000916 t:4.4s
tttg: c56/289 lr:0.000913 t:4.5s
tttg: c57/289 lr:0.000910 t:4.5s
tttg: c58/289 lr:0.000906 t:4.6s
tttg: c59/289 lr:0.000903 t:4.7s
tttg: c60/289 lr:0.000900 t:4.8s
tttg: c61/289 lr:0.000897 t:4.9s
tttg: c62/289 lr:0.000893 t:4.9s
tttg: c63/289 lr:0.000890 t:5.0s
tttg: c64/289 lr:0.000887 t:5.1s
tttg: c65/289 lr:0.000883 t:5.2s
tttg: c66/289 lr:0.000879 t:5.3s
tttg: c67/289 lr:0.000876 t:5.3s
tttg: c68/289 lr:0.000872 t:5.4s
tttg: c69/289 lr:0.000869 t:5.5s
tttg: c70/289 lr:0.000865 t:5.6s
tttg: c71/289 lr:0.000861 t:5.7s
tttg: c72/289 lr:0.000857 t:5.7s
tttg: c73/289 lr:0.000854 t:5.8s
tttg: c74/289 lr:0.000850 t:5.9s
tttg: c75/289 lr:0.000846 t:6.0s
tttg: c76/289 lr:0.000842 t:6.1s
tttg: c77/289 lr:0.000838 t:6.2s
tttg: c78/289 lr:0.000834 t:6.2s
tttg: c79/289 lr:0.000830 t:6.3s
tttg: c80/289 lr:0.000826 t:6.4s
tttg: c81/289 lr:0.000821 t:6.5s
tttg: c82/289 lr:0.000817 t:6.5s
tttg: c83/289 lr:0.000813 t:6.6s
tttg: c84/289 lr:0.000809 t:6.7s
tttg: c85/289 lr:0.000804 t:6.8s
tttg: c86/289 lr:0.000800 t:6.9s
tttg: c87/289 lr:0.000796 t:6.9s
tttg: c88/289 lr:0.000791 t:7.0s
tttg: c89/289 lr:0.000787 t:7.1s
tttg: c90/289 lr:0.000782 t:7.2s
tttg: c91/289 lr:0.000778 t:7.3s
tttg: c92/289 lr:0.000773 t:7.4s
tttg: c93/289 lr:0.000769 t:7.4s
tttg: c94/289 lr:0.000764 t:7.5s
tttg: c95/289 lr:0.000759 t:7.6s
tttg: c96/289 lr:0.000755 t:7.7s
tttg: c97/289 lr:0.000750 t:7.8s
tttg: c98/289 lr:0.000745 t:7.8s
tttg: c99/289 lr:0.000740 t:7.9s
tttg: c100/289 lr:0.000736 t:8.0s
tttg: c101/289 lr:0.000731 t:8.1s
tttg: c102/289 lr:0.000726 t:8.2s
tttg: c103/289 lr:0.000721 t:8.2s
tttg: c104/289 lr:0.000716 t:8.3s
tttg: c105/289 lr:0.000711 t:8.4s
tttg: c106/289 lr:0.000706 t:8.5s
tttg: c107/289 lr:0.000701 t:8.6s
tttg: c108/289 lr:0.000696 t:8.6s
tttg: c109/289 lr:0.000691 t:8.7s
tttg: c110/289 lr:0.000686 t:8.8s
tttg: c111/289 lr:0.000681 t:8.9s
tttg: c112/289 lr:0.000676 t:8.9s
tttg: c113/289 lr:0.000671 t:9.0s
tttg: c114/289 lr:0.000666 t:9.1s
tttg: c115/289 lr:0.000661 t:9.2s
tttg: c116/289 lr:0.000656 t:9.3s
tttg: c117/289 lr:0.000650 t:9.3s
tttg: c118/289 lr:0.000645 t:9.4s
tttg: c119/289 lr:0.000640 t:9.5s
tttg: c120/289 lr:0.000635 t:9.6s
tttg: c121/289 lr:0.000629 t:9.7s
tttg: c122/289 lr:0.000624 t:9.8s
tttg: c123/289 lr:0.000619 t:9.8s
tttg: c124/289 lr:0.000614 t:9.9s
tttg: c125/289 lr:0.000608 t:10.0s
tttg: c126/289 lr:0.000603 t:10.1s
tttg: c127/289 lr:0.000598 t:10.2s
tttg: c128/289 lr:0.000592 t:10.2s
tttg: c129/289 lr:0.000587 t:10.3s
tttg: c130/289 lr:0.000581 t:10.4s
tttg: c131/289 lr:0.000576 t:10.5s
tttg: c132/289 lr:0.000571 t:10.6s
tttg: c133/289 lr:0.000565 t:10.6s
tttg: c134/289 lr:0.000560 t:10.7s
tttg: c135/289 lr:0.000554 t:10.8s
tttg: c136/289 lr:0.000549 t:10.9s
tttg: c137/289 lr:0.000544 t:10.9s
tttg: c138/289 lr:0.000538 t:11.0s
tttg: c139/289 lr:0.000533 t:11.1s
tttg: c140/289 lr:0.000527 t:11.2s
tttg: c141/289 lr:0.000522 t:11.3s
tttg: c142/289 lr:0.000516 t:11.4s
tttg: c143/289 lr:0.000511 t:11.4s
tttg: c144/289 lr:0.000505 t:11.5s
tttg: c145/289 lr:0.000500 t:11.6s
tttg: c146/289 lr:0.000495 t:11.7s
tttg: c147/289 lr:0.000489 t:11.8s
tttg: c148/289 lr:0.000484 t:11.8s
tttg: c149/289 lr:0.000478 t:11.9s
tttg: c150/289 lr:0.000473 t:12.0s
tttg: c151/289 lr:0.000467 t:12.1s
tttg: c152/289 lr:0.000462 t:12.2s
tttg: c153/289 lr:0.000456 t:12.2s
tttg: c154/289 lr:0.000451 t:12.3s
tttg: c155/289 lr:0.000446 t:12.4s
tttg: c156/289 lr:0.000440 t:12.5s
tttg: c157/289 lr:0.000435 t:12.6s
tttg: c158/289 lr:0.000429 t:12.6s
tttg: c159/289 lr:0.000424 t:12.7s
tttg: c160/289 lr:0.000419 t:12.8s
tttg: c161/289 lr:0.000413 t:12.9s
tttg: c162/289 lr:0.000408 t:13.0s
tttg: c163/289 lr:0.000402 t:13.0s
tttg: c164/289 lr:0.000397 t:13.1s
tttg: c165/289 lr:0.000392 t:13.2s
tttg: c166/289 lr:0.000386 t:13.3s
tttg: c167/289 lr:0.000381 t:13.4s
tttg: c168/289 lr:0.000376 t:13.4s
tttg: c169/289 lr:0.000371 t:13.5s
tttg: c170/289 lr:0.000365 t:13.6s
tttg: c171/289 lr:0.000360 t:13.7s
tttg: c172/289 lr:0.000355 t:13.8s
tttg: c173/289 lr:0.000350 t:13.8s
tttg: c174/289 lr:0.000344 t:13.9s
tttg: c175/289 lr:0.000339 t:14.0s
tttg: c176/289 lr:0.000334 t:14.1s
tttg: c177/289 lr:0.000329 t:14.2s
tttg: c178/289 lr:0.000324 t:14.2s
tttg: c179/289 lr:0.000319 t:14.3s
tttg: c180/289 lr:0.000314 t:14.4s
tttg: c181/289 lr:0.000309 t:14.5s
tttg: c182/289 lr:0.000304 t:14.5s
tttg: c183/289 lr:0.000299 t:14.6s
tttg: c184/289 lr:0.000294 t:14.7s
tttg: c185/289 lr:0.000289 t:14.8s
tttg: c186/289 lr:0.000284 t:14.9s
tttg: c187/289 lr:0.000279 t:14.9s
tttg: c188/289 lr:0.000274 t:15.0s
tttg: c189/289 lr:0.000269 t:15.1s
tttg: c190/289 lr:0.000264 t:15.2s
tttg: c191/289 lr:0.000260 t:15.3s
tttg: c192/289 lr:0.000255 t:15.3s
tttg: c193/289 lr:0.000250 t:15.4s
tttg: c194/289 lr:0.000245 t:15.5s
tttg: c195/289 lr:0.000241 t:15.6s
tttg: c196/289 lr:0.000236 t:15.7s
tttg: c197/289 lr:0.000231 t:15.7s
tttg: c198/289 lr:0.000227 t:15.8s
tttg: c199/289 lr:0.000222 t:15.9s
tttg: c200/289 lr:0.000218 t:16.0s
tttg: c201/289 lr:0.000213 t:16.0s
tttg: c202/289 lr:0.000209 t:16.1s
tttg: c203/289 lr:0.000204 t:16.2s
tttg: c204/289 lr:0.000200 t:16.3s
tttg: c205/289 lr:0.000196 t:16.4s
tttg: c206/289 lr:0.000191 t:16.4s
tttg: c207/289 lr:0.000187 t:16.5s
tttg: c208/289 lr:0.000183 t:16.6s
tttg: c209/289 lr:0.000179 t:16.7s
tttg: c210/289 lr:0.000174 t:16.8s
tttg: c211/289 lr:0.000170 t:16.8s
tttg: c212/289 lr:0.000166 t:16.9s
tttg: c213/289 lr:0.000162 t:17.0s
tttg: c214/289 lr:0.000158 t:17.1s
tttg: c215/289 lr:0.000154 t:17.2s
tttg: c216/289 lr:0.000150 t:17.2s
tttg: c217/289 lr:0.000146 t:17.3s
tttg: c218/289 lr:0.000143 t:17.4s
tttg: c219/289 lr:0.000139 t:17.5s
tttg: c220/289 lr:0.000135 t:17.6s
tttg: c221/289 lr:0.000131 t:17.6s
tttg: c222/289 lr:0.000128 t:17.7s
tttg: c223/289 lr:0.000124 t:17.8s
tttg: c224/289 lr:0.000121 t:17.9s
tttg: c225/289 lr:0.000117 t:18.0s
tttg: c226/289 lr:0.000113 t:18.0s
tttg: c227/289 lr:0.000110 t:18.1s
tttg: c228/289 lr:0.000107 t:18.2s
tttg: c229/289 lr:0.000103 t:18.3s
tttg: c230/289 lr:0.000100 t:18.4s
tttg: c231/289 lr:0.000097 t:18.4s
tttg: c232/289 lr:0.000094 t:18.5s
tttg: c233/289 lr:0.000090 t:18.6s
tttg: c234/289 lr:0.000087 t:18.7s
tttg: c235/289 lr:0.000084 t:18.8s
tttg: c236/289 lr:0.000081 t:18.8s
tttg: c237/289 lr:0.000078 t:18.9s
tttg: c238/289 lr:0.000075 t:19.0s
tttg: c239/289 lr:0.000073 t:19.1s
tttg: c240/289 lr:0.000070 t:19.1s
tttg: c241/289 lr:0.000067 t:19.2s
tttg: c242/289 lr:0.000064 t:19.3s
tttg: c243/289 lr:0.000062 t:19.4s
tttg: c244/289 lr:0.000059 t:19.5s
tttg: c245/289 lr:0.000056 t:19.6s
tttg: c246/289 lr:0.000054 t:19.6s
tttg: c247/289 lr:0.000052 t:19.7s
tttg: c248/289 lr:0.000049 t:19.8s
tttg: c249/289 lr:0.000047 t:19.9s
tttg: c250/289 lr:0.000045 t:20.0s
tttg: c251/289 lr:0.000042 t:20.0s
tttg: c252/289 lr:0.000040 t:20.1s
tttg: c253/289 lr:0.000038 t:20.2s
tttg: c254/289 lr:0.000036 t:20.3s
tttg: c255/289 lr:0.000034 t:20.4s
tttg: c256/289 lr:0.000032 t:20.4s
tttg: c257/289 lr:0.000030 t:20.5s
tttg: c258/289 lr:0.000028 t:20.6s
tttg: c259/289 lr:0.000027 t:20.7s
tttg: c260/289 lr:0.000025 t:20.8s
tttg: c261/289 lr:0.000023 t:20.8s
tttg: c262/289 lr:0.000022 t:20.9s
tttg: c263/289 lr:0.000020 t:21.0s
tttg: c264/289 lr:0.000018 t:21.1s
tttg: c265/289 lr:0.000017 t:21.1s
tttg: c266/289 lr:0.000016 t:21.2s
tttg: c267/289 lr:0.000014 t:21.3s
tttg: c268/289 lr:0.000013 t:21.4s
tttg: c269/289 lr:0.000012 t:21.5s
tttg: c270/289 lr:0.000011 t:21.6s
tttg: c271/289 lr:0.000010 t:21.7s
tttg: c272/289 lr:0.000009 t:21.7s
tttg: c273/289 lr:0.000008 t:21.8s
tttg: c274/289 lr:0.000007 t:21.9s
tttg: c275/289 lr:0.000006 t:22.0s
tttg: c276/289 lr:0.000005 t:22.0s
tttg: c277/289 lr:0.000004 t:22.1s
tttg: c278/289 lr:0.000004 t:22.2s
tttg: c279/289 lr:0.000003 t:22.3s
tttg: c280/289 lr:0.000002 t:22.4s
tttg: c281/289 lr:0.000002 t:22.4s
tttg: c282/289 lr:0.000001 t:22.5s
tttg: c283/289 lr:0.000001 t:22.6s
tttg: c284/289 lr:0.000001 t:22.7s
tttg: c285/289 lr:0.000000 t:22.8s
tttg: c286/289 lr:0.000000 t:22.8s
tttg: c287/289 lr:0.000000 t:22.9s
tttg: c288/289 lr:0.000000 t:23.0s
ttpr: phase:3/3 t:386.7s
ttp: b735/782 bl:2.4029 bb:1.1054 rl:2.2332 rb:1.0659 dl:2495-2526 gd:1
ttp: b720/782 bl:2.3728 bb:1.0732 rl:2.2414 rb:1.0663 dl:2125-2144 gd:1
ttp: b712/782 bl:2.3498 bb:1.0657 rl:2.2470 rb:1.0663 dl:1984-2002 gd:1
ttp: b710/782 bl:2.2438 bb:1.0505 rl:2.2468 rb:1.0655 dl:1952-1966 gd:1
ttp: b702/782 bl:2.4459 bb:1.0899 rl:2.2555 rb:1.0666 dl:1847-1858 gd:1
ttp: b691/782 bl:2.4652 bb:1.0732 rl:2.2638 rb:1.0669 dl:1725-1737 gd:1
ttp: b682/782 bl:2.3588 bb:1.0645 rl:2.2672 rb:1.0668 dl:1638-1646 gd:1
ttp: b674/782 bl:2.4188 bb:1.0955 rl:2.2723 rb:1.0678 dl:1571-1578 gd:1
ttp: b671/782 bl:2.3212 bb:1.0529 rl:2.2738 rb:1.0673 dl:1544-1552 gd:1
ttp: b659/782 bl:2.3173 bb:1.0458 rl:2.2751 rb:1.0667 dl:1459-1466 gd:1
ttp: b652/782 bl:2.2638 bb:1.0291 rl:2.2748 rb:1.0656 dl:1411-1419 gd:1
ttp: b644/782 bl:2.3811 bb:1.0571 rl:2.2775 rb:1.0654 dl:1362-1367 gd:1
ttp: b636/782 bl:2.3980 bb:1.0747 rl:2.2804 rb:1.0656 dl:1314-1320 gd:1
ttp: b629/782 bl:2.3659 bb:1.0181 rl:2.2824 rb:1.0644 dl:1276-1280 gd:1
ttp: b621/782 bl:2.3173 bb:1.0582 rl:2.2831 rb:1.0643 dl:1231-1237 gd:1
ttp: b613/782 bl:2.3520 bb:1.0472 rl:2.2846 rb:1.0639 dl:1190-1195 gd:1
ttp: b605/782 bl:2.2597 bb:1.0305 rl:2.2841 rb:1.0633 dl:1154-1159 gd:1
ttp: b595/782 bl:2.3633 bb:1.0667 rl:2.2855 rb:1.0633 dl:1110-1115 gd:1
ttp: b587/782 bl:2.4190 bb:1.0734 rl:2.2879 rb:1.0635 dl:1077-1081 gd:1
ttp: b579/782 bl:2.3594 bb:1.0428 rl:2.2891 rb:1.0632 dl:1044-1048 gd:1
ttp: b572/782 bl:2.3269 bb:1.0465 rl:2.2897 rb:1.0629 dl:1017-1021 gd:1
ttp: b563/782 bl:2.2783 bb:1.0238 rl:2.2895 rb:1.0623 dl:987-990 gd:1
ttp: b555/782 bl:2.3326 bb:1.0293 rl:2.2901 rb:1.0617 dl:959-961 gd:1
ttp: b551/782 bl:2.3526 bb:1.0633 rl:2.2910 rb:1.0618 dl:946-949 gd:1
ttp: b543/782 bl:2.3565 bb:1.0669 rl:2.2919 rb:1.0618 dl:921-924 gd:1
ttp: b533/782 bl:2.3862 bb:1.0735 rl:2.2932 rb:1.0620 dl:890-892 gd:1
ttp: b514/782 bl:2.3228 bb:1.0723 rl:2.2935 rb:1.0621 dl:835-838 gd:1
ttp: b506/782 bl:2.3578 bb:1.0181 rl:2.2943 rb:1.0616 dl:812-814 gd:1
ttp: b498/782 bl:2.3699 bb:1.0591 rl:2.2951 rb:1.0615 dl:791-794 gd:1
ttp: b490/782 bl:2.4036 bb:1.0615 rl:2.2963 rb:1.0615 dl:771-773 gd:1
ttp: b482/782 bl:2.3450 bb:1.0542 rl:2.2968 rb:1.0615 dl:752-754 gd:1
ttp: b474/782 bl:2.3511 bb:1.0765 rl:2.2973 rb:1.0616 dl:733-735 gd:1
ttp: b467/782 bl:2.3641 bb:1.0597 rl:2.2980 rb:1.0616 dl:717-719 gd:1
ttp: b459/782 bl:2.2969 bb:1.0516 rl:2.2980 rb:1.0615 dl:700-701 gd:1
ttp: b451/782 bl:2.4177 bb:1.0940 rl:2.2991 rb:1.0618 dl:682-685 gd:1
ttp: b443/782 bl:2.2530 bb:1.0600 rl:2.2987 rb:1.0618 dl:666-668 gd:1
ttp: b435/782 bl:2.3327 bb:1.0303 rl:2.2990 rb:1.0615 dl:648-651 gd:1
ttp: b428/782 bl:2.3181 bb:1.0563 rl:2.2991 rb:1.0615 dl:636-638 gd:1
ttp: b421/782 bl:2.3036 bb:1.0086 rl:2.2992 rb:1.0610 dl:622-624 gd:1
ttp: b415/782 bl:2.2949 bb:1.0630 rl:2.2991 rb:1.0610 dl:611-613 gd:1
ttp: b407/782 bl:2.2893 bb:1.0480 rl:2.2990 rb:1.0609 dl:595-597 gd:1
ttp: b400/782 bl:2.3223 bb:1.0450 rl:2.2992 rb:1.0608 dl:582-584 gd:1
ttp: b393/782 bl:2.3156 bb:1.0635 rl:2.2993 rb:1.0608 dl:570-571 gd:1
ttp: b385/782 bl:2.4194 bb:1.0789 rl:2.3002 rb:1.0610 dl:555-557 gd:1
ttp: b377/782 bl:2.2418 bb:1.0270 rl:2.2998 rb:1.0607 dl:542-544 gd:1
ttp: b369/782 bl:2.3692 bb:1.0704 rl:2.3002 rb:1.0608 dl:528-530 gd:1
ttp: b359/782 bl:2.2704 bb:1.0425 rl:2.3000 rb:1.0607 dl:512-513 gd:1
ttp: b353/782 bl:2.2101 bb:1.0107 rl:2.2995 rb:1.0604 dl:501-503 gd:1
ttp: b345/782 bl:2.3749 bb:1.0811 rl:2.2999 rb:1.0605 dl:489-491 gd:1
ttp: b338/782 bl:2.3690 bb:1.1034 rl:2.3003 rb:1.0607 dl:478-480 gd:1
ttp: b331/782 bl:2.3500 bb:1.0860 rl:2.3006 rb:1.0609 dl:468-469 gd:1
ttp: b323/782 bl:2.3970 bb:1.0822 rl:2.3011 rb:1.0610 dl:457-458 gd:1
ttp: b314/782 bl:2.2630 bb:1.0674 rl:2.3009 rb:1.0610 dl:442-444 gd:1
ttp: b306/782 bl:2.3993 bb:1.0667 rl:2.3014 rb:1.0611 dl:430-432 gd:1
ttp: b299/782 bl:2.3398 bb:1.1111 rl:2.3016 rb:1.0613 dl:420-421 gd:1
ttp: b291/782 bl:2.2789 bb:1.0190 rl:2.3015 rb:1.0611 dl:407-409 gd:1
ttp: b283/782 bl:2.3897 bb:1.1363 rl:2.3019 rb:1.0614 dl:396-398 gd:1
ttp: b274/782 bl:2.3117 bb:1.0746 rl:2.3020 rb:1.0615 dl:384-385 gd:1
ttp: b267/782 bl:2.4379 bb:1.1522 rl:2.3025 rb:1.0619 dl:375-376 gd:1
ttp: b259/782 bl:2.3655 bb:1.1094 rl:2.3028 rb:1.0621 dl:365-366 gd:1
ttp: b251/782 bl:2.3846 bb:1.1024 rl:2.3031 rb:1.0622 dl:355-356 gd:1
ttp: b243/782 bl:2.3727 bb:1.0887 rl:2.3034 rb:1.0623 dl:345-346 gd:1
ttp: b235/782 bl:2.3064 bb:1.1104 rl:2.3034 rb:1.0625 dl:335-336 gd:1
ttp: b227/782 bl:2.5020 bb:1.1616 rl:2.3041 rb:1.0629 dl:325-327 gd:1
ttp: b219/782 bl:2.3557 bb:1.1271 rl:2.3043 rb:1.0631 dl:316-317 gd:1
ttp: b211/782 bl:2.4116 bb:1.0986 rl:2.3047 rb:1.0632 dl:307-308 gd:1
ttp: b204/782 bl:2.4750 bb:1.1613 rl:2.3053 rb:1.0635 dl:300-301 gd:1
ttp: b197/782 bl:2.3845 bb:1.1272 rl:2.3055 rb:1.0637 dl:292-294 gd:1
ttp: b190/782 bl:2.3669 bb:1.0882 rl:2.3057 rb:1.0638 dl:284-285 gd:1
ttp: b183/782 bl:2.3370 bb:1.0763 rl:2.3058 rb:1.0638 dl:277-278 gd:1
ttp: b175/782 bl:2.4077 bb:1.1634 rl:2.3061 rb:1.0641 dl:269-270 gd:1
ttp: b168/782 bl:2.4583 bb:1.1893 rl:2.3065 rb:1.0645 dl:263-263 gd:1
ttp: b160/782 bl:2.4033 bb:1.1223 rl:2.3068 rb:1.0646 dl:255-255 gd:1
ttp: b151/782 bl:2.4771 bb:1.1451 rl:2.3073 rb:1.0648 dl:246-247 gd:1
ttp: b143/782 bl:2.4278 bb:1.1765 rl:2.3076 rb:1.0651 dl:238-239 gd:1
ttp: b135/782 bl:2.4387 bb:1.1817 rl:2.3079 rb:1.0654 dl:231-232 gd:1
ttp: b127/782 bl:2.4909 bb:1.1948 rl:2.3083 rb:1.0657 dl:223-224 gd:1
ttp: b119/782 bl:2.3873 bb:1.1623 rl:2.3085 rb:1.0659 dl:216-217 gd:1
ttp: b111/782 bl:2.4206 bb:1.1803 rl:2.3088 rb:1.0661 dl:208-210 gd:1
ttp: b104/782 bl:2.5107 bb:1.1853 rl:2.3092 rb:1.0664 dl:202-203 gd:1
ttp: b96/782 bl:2.4981 bb:1.2128 rl:2.3096 rb:1.0667 dl:195-196 gd:1
ttp: b88/782 bl:2.4908 bb:1.1886 rl:2.3100 rb:1.0669 dl:188-189 gd:1
ttp: b80/782 bl:2.4787 bb:1.1553 rl:2.3103 rb:1.0671 dl:181-182 gd:1
ttp: b73/782 bl:2.5572 bb:1.2552 rl:2.3108 rb:1.0674 dl:174-175 gd:1
ttp: b67/782 bl:2.5573 bb:1.2106 rl:2.3112 rb:1.0677 dl:169-170 gd:1
ttp: b60/782 bl:2.4868 bb:1.1952 rl:2.3115 rb:1.0679 dl:163-164 gd:1
ttp: b53/782 bl:2.5301 bb:1.2056 rl:2.3119 rb:1.0681 dl:156-157 gd:1
ttp: b46/782 bl:2.5681 bb:1.2262 rl:2.3123 rb:1.0683 dl:149-150 gd:1
ttp: b39/782 bl:2.4602 bb:1.1909 rl:2.3125 rb:1.0685 dl:142-143 gd:1
ttp: b31/782 bl:2.4494 bb:1.1619 rl:2.3127 rb:1.0687 dl:134-135 gd:1
ttp: b24/782 bl:2.4732 bb:1.1664 rl:2.3129 rb:1.0688 dl:127-128 gd:1
ttp: b17/782 bl:2.6917 bb:1.2789 rl:2.3134 rb:1.0690 dl:118-119 gd:1
ttp: b10/782 bl:2.6307 bb:1.1786 rl:2.3137 rb:1.0692 dl:107-109 gd:1
ttp: b3/782 bl:2.6784 bb:1.1932 rl:2.3141 rb:1.0693 dl:89-93 gd:1
quantized_ttt_phased val_loss:2.33599454 val_bpb:1.06745834 eval_time:492523ms
total_eval_time:492.5s
