W0428 16:35:47.986000 140960 torch/distributed/run.py:803] 
W0428 16:35:47.986000 140960 torch/distributed/run.py:803] *****************************************
W0428 16:35:47.986000 140960 torch/distributed/run.py:803] Setting OMP_NUM_THREADS environment variable for each process to be 1 in default, to avoid your system being overloaded, please further tune the variable for optimal performance in your application as needed. 
W0428 16:35:47.986000 140960 torch/distributed/run.py:803] *****************************************
Hyperparameters:
  adam_eps: 1e-08
  adam_wd: 0.02
  artifact_dir: 
  attn_clip_sigmas: 13.0
  attn_out_gate_enabled: False
  attn_out_gate_src: proj
  beta1: 0.9
  beta2: 0.99
  caseops_enabled: True
  compressor: brotli
  data_dir: /workspace/parameter-golf/data
  datasets_dir: /workspace/parameter-golf/data/datasets/fineweb10B_sp8192_caseops/datasets/datasets/fineweb10B_sp8192_lossless_caps_caseops_v1_reserved
  distributed: True
  ema_decay: 0.9965
  embed_bits: 6
  embed_clip_sigmas: 14.0
  embed_lr: 0.6
  embed_wd: 0.085
  enable_looping_at: 0.35
  eval_seq_len: 2048
  eval_stride: 64
  fused_ce_enabled: True
  gate_window: 12
  gated_attn_enabled: False
  gated_attn_init_std: 0.01
  gated_attn_quant_gate: False
  global_ttt_batch_seqs: 32
  global_ttt_chunk_tokens: 32768
  global_ttt_epochs: 1
  global_ttt_grad_clip: 1.0
  global_ttt_lr: 0.001
  global_ttt_momentum: 0.9
  global_ttt_respect_doc_boundaries: True
  global_ttt_warmup_chunks: 0
  global_ttt_warmup_start_lr: 0.0
  gptq_calibration_batches: 16
  gptq_reserve_seconds: 4.0
  grad_accum_steps: 1
  grad_clip_norm: 0.3
  is_main_process: True
  iterations: 20000
  ln_scale: True
  local_rank: 0
  logfile: logs/b24b01e5-3f7f-4628-8643-c53c89f9ab81.txt
  logit_softcap: 30.0
  loop_end: 5
  loop_start: 3
  lqer_asym_enabled: True
  lqer_asym_group: 64
  lqer_enabled: True
  lqer_factor_bits: 4
  lqer_rank: 4
  lqer_top_k: 3
  matrix_bits: 6
  matrix_clip_sigmas: 12.85
  matrix_lr: 0.026
  max_wallclock_seconds: 600.0
  min_lr: 0.1
  mlp_clip_sigmas: 11.5
  mlp_mult: 4.0
  model_dim: 512
  model_path: final_model.pt
  muon_backend_steps: 5
  muon_momentum: 0.97
  muon_momentum_warmup_start: 0.92
  muon_momentum_warmup_steps: 1500
  muon_row_normalize: True
  muon_wd: 0.095
  num_heads: 8
  num_kv_heads: 4
  num_layers: 11
  num_loops: 2
  parallel_final_lane: mean
  parallel_start_layer: 8
  phased_ttt_num_phases: 3
  phased_ttt_prefix_docs: 2500
  qk_gain_init: 5.0
  quantized_model_path: final_model.int6.ptz
  rank: 0
  rope_base: 10000.0
  rope_dims: 16
  rope_train_seq_len: 2048
  rope_yarn: False
  run_id: b24b01e5-3f7f-4628-8643-c53c89f9ab81
  scalar_lr: 0.02
  seed: 2024
  skip_gates_enabled: True
  smear_gate_enabled: True
  sparse_attn_gate_enabled: True
  sparse_attn_gate_init_std: 0.0
  sparse_attn_gate_scale: 0.5
  spinquant_enabled: True
  spinquant_seed: 20260416
  spinquant_start_layer: 5
  tie_embeddings: True
  tied_embed_init_std: 0.005
  tied_embed_lr: 0.03
  tokenizer_path: /workspace/parameter-golf/data/datasets/fineweb10B_sp8192_caseops/datasets/tokenizers/fineweb_8192_bpe_lossless_caps_caseops_v1_reserved.model
  train_batch_tokens: 786432
  train_files: /workspace/parameter-golf/data/datasets/fineweb10B_sp8192_caseops/datasets/datasets/fineweb10B_sp8192_lossless_caps_caseops_v1_reserved/fineweb_train_*.bin
  train_log_every: 500
  train_seq_len: 2048
  ttt_batch_size: 64
  ttt_beta1: 0.0
  ttt_beta2: 0.99
  ttt_chunk_size: 48
  ttt_enabled: True
  ttt_eval_batches: 
  ttt_eval_seq_len: 2048
  ttt_grad_steps: 1
  ttt_k_lora: True
  ttt_lora_lr: 0.0001
  ttt_lora_rank: 80
  ttt_mlp_lora: True
  ttt_o_lora: True
  ttt_optimizer: adam
  ttt_weight_decay: 0.5
  val_batch_tokens: 524288
  val_bytes_files: /workspace/parameter-golf/data/datasets/fineweb10B_sp8192_caseops/datasets/datasets/fineweb10B_sp8192_lossless_caps_caseops_v1_reserved/fineweb_val_bytes_*.bin
  val_doc_fraction: 1.0
  val_files: /workspace/parameter-golf/data/datasets/fineweb10B_sp8192_caseops/datasets/datasets/fineweb10B_sp8192_lossless_caps_caseops_v1_reserved/fineweb_val_*.bin
  val_loss_every: 4000
  vocab_size: 8192
  warmdown_frac: 0.85
  warmup_steps: 20
  world_size: 8
  xsa_last_n: 11
train_shards: 80
val_tokens: 47851520
model_params:35945671
gptq:reserving 4s, effective=596000ms
warmup_cu_buckets:64,128,192,256 iters_each:3
warmup_step: 1/20
warmup_step: 2/20
warmup_step: 3/20
warmup_step: 4/20
warmup_step: 5/20
warmup_step: 6/20
warmup_step: 10/20
warmup_step: 20/20
loop_warmup:enabled encoder:[0, 1, 2, 3, 4, 5, 3, 4] decoder:[5, 3, 4, 5, 6, 7, 8, 9, 10]
loop_warmup_step: 1/20
loop_warmup_step: 2/20
loop_warmup_step: 3/20
loop_warmup_step: 4/20
loop_warmup_step: 5/20
loop_warmup_step: 6/20
loop_warmup_step: 10/20
loop_warmup_step: 20/20
0/20000 val_loss: 9.0223 val_bpb: 4.1226
1/20000 train_loss: 9.0235 train_time: 0.0m tok/s: 12445130
2/20000 train_loss: 12.7763 train_time: 0.0m tok/s: 11654429
3/20000 train_loss: 10.1647 train_time: 0.0m tok/s: 10333647
4/20000 train_loss: 8.6683 train_time: 0.0m tok/s: 9782477
5/20000 train_loss: 7.9446 train_time: 0.0m tok/s: 9488038
500/20000 train_loss: 2.5770 train_time: 0.8m tok/s: 8183746
1000/20000 train_loss: 2.7981 train_time: 1.6m tok/s: 8132679
1500/20000 train_loss: 2.6228 train_time: 2.4m tok/s: 8112835
2000/20000 train_loss: 2.6569 train_time: 3.2m tok/s: 8109477
layer_loop:enabled step:2152 frac:0.350 encoder:[0, 1, 2, 3, 4, 5, 3, 4] decoder:[5, 3, 4, 5, 6, 7, 8, 9, 10]
2500/20000 train_loss: 2.5403 train_time: 4.3m tok/s: 7617248
3000/20000 train_loss: 2.5532 train_time: 5.5m tok/s: 7141060
3500/20000 train_loss: 2.5598 train_time: 6.7m tok/s: 6858923
4000/20000 train_loss: 2.4005 train_time: 7.9m tok/s: 6662653
4000/20000 val_loss: 2.4243 val_bpb: 1.1077
4500/20000 train_loss: 2.2745 train_time: 9.1m tok/s: 6516560
4874/20000 val_loss: 2.3594 val_bpb: 1.0781
stopping_early: wallclock_cap train_time: 596115ms step: 4874/20000
peak memory allocated: 41709 MiB reserved: 47026 MiB
ema:applying EMA weights
diagnostic pre-quantization post-ema val_loss:2.33396737 val_bpb:1.06646276 eval_time:8984ms
Serialized model: 135417533 bytes
Code size (uncompressed): 164154 bytes
Code size (compressed): 32860 bytes
GPTQ:collecting Hessians from calibration data...
GPTQ:collected 67 Hessians in 3.5s
spinquant:baked seed:20260416 weights:36 hessians:36 missing_hessian:0 tags:['attn_in', 'attn_proj_in', 'mlp_in', 'mlp_proj_in']
Quantized weights:
  gptq (int6): blocks.attn.c_k.weight, blocks.attn.c_q.weight, blocks.attn.c_v.weight, blocks.attn.proj.weight, blocks.mlp.fc.weight, blocks.mlp.proj.weight
  gptq (int6)+lqer_asym: blocks.mlp.fc.weight, tok_emb.weight
  passthrough (float16): blocks.attn.attn_gate_w, blocks.attn.q_gain, blocks.attn_scale, blocks.mlp_scale, blocks.resid_mix, parallel_post_lambdas, parallel_resid_lambdas, skip_gates, skip_weights, smear_gate.weight, smear_lambda
Serialized model quantized+brotli: 15591086 bytes
Total submission size quantized+brotli: 15623946 bytes
spinquant:installed_rotations:12_modules seed:20260416 model_dim:512 hidden_dim:2048 start_layer:5
spinquant:_sq_active=True (forward rotations armed)
diagnostic quantized val_loss:2.36203550 val_bpb:1.07928796 eval_time:12438ms
spinquant:installed_rotations:12_modules seed:20260416 model_dim:512 hidden_dim:2048 start_layer:5
spinquant:_sq_active=True (forward rotations armed)
ttt_lora:warming up compile (random tokens, no val data)
ttt_lora:compile warmup done (110.7s)

beginning TTT eval timer
ttt_phased: total_docs:50000 prefix_docs:2500 suffix_docs:47500 num_phases:3 boundaries:[833, 1666, 2500]
ttp: b781/782 bl:2.1599 bb:1.0568 rl:2.1599 rb:1.0568 dl:17258-30330 gd:0
ttpp: phase:1/3 pd:1296 gd:833 t:236.0s
tttg: c1/131 lr:0.001000 t:0.3s
tttg: c2/131 lr:0.001000 t:0.3s
tttg: c3/131 lr:0.000999 t:0.5s
tttg: c4/131 lr:0.000999 t:0.5s
tttg: c5/131 lr:0.000998 t:0.6s
tttg: c6/131 lr:0.000996 t:0.7s
tttg: c7/131 lr:0.000995 t:0.8s
tttg: c8/131 lr:0.000993 t:0.9s
tttg: c9/131 lr:0.000991 t:0.9s
tttg: c10/131 lr:0.000988 t:1.0s
tttg: c11/131 lr:0.000985 t:1.1s
tttg: c12/131 lr:0.000982 t:1.2s
tttg: c13/131 lr:0.000979 t:1.2s
tttg: c14/131 lr:0.000976 t:1.3s
tttg: c15/131 lr:0.000972 t:1.4s
tttg: c16/131 lr:0.000968 t:1.5s
tttg: c17/131 lr:0.000963 t:1.5s
tttg: c18/131 lr:0.000958 t:1.6s
tttg: c19/131 lr:0.000953 t:1.7s
tttg: c20/131 lr:0.000948 t:1.8s
tttg: c21/131 lr:0.000943 t:1.8s
tttg: c22/131 lr:0.000937 t:1.9s
tttg: c23/131 lr:0.000931 t:2.0s
tttg: c24/131 lr:0.000925 t:2.1s
tttg: c25/131 lr:0.000918 t:2.2s
tttg: c26/131 lr:0.000911 t:2.2s
tttg: c27/131 lr:0.000905 t:2.3s
tttg: c28/131 lr:0.000897 t:2.4s
tttg: c29/131 lr:0.000890 t:2.5s
tttg: c30/131 lr:0.000882 t:2.6s
tttg: c31/131 lr:0.000874 t:2.6s
tttg: c32/131 lr:0.000866 t:2.7s
tttg: c33/131 lr:0.000858 t:2.8s
tttg: c34/131 lr:0.000849 t:2.9s
tttg: c35/131 lr:0.000841 t:3.0s
tttg: c36/131 lr:0.000832 t:3.0s
tttg: c37/131 lr:0.000822 t:3.1s
tttg: c38/131 lr:0.000813 t:3.2s
tttg: c39/131 lr:0.000804 t:3.3s
tttg: c40/131 lr:0.000794 t:3.4s
tttg: c41/131 lr:0.000784 t:3.4s
tttg: c42/131 lr:0.000774 t:3.5s
tttg: c43/131 lr:0.000764 t:3.6s
tttg: c44/131 lr:0.000753 t:3.7s
tttg: c45/131 lr:0.000743 t:3.8s
tttg: c46/131 lr:0.000732 t:3.8s
tttg: c47/131 lr:0.000722 t:3.9s
tttg: c48/131 lr:0.000711 t:4.0s
tttg: c49/131 lr:0.000700 t:4.1s
tttg: c50/131 lr:0.000689 t:4.2s
tttg: c51/131 lr:0.000677 t:4.2s
tttg: c52/131 lr:0.000666 t:4.3s
tttg: c53/131 lr:0.000655 t:4.4s
tttg: c54/131 lr:0.000643 t:4.5s
tttg: c55/131 lr:0.000631 t:4.6s
tttg: c56/131 lr:0.000620 t:4.6s
tttg: c57/131 lr:0.000608 t:4.7s
tttg: c58/131 lr:0.000596 t:4.8s
tttg: c59/131 lr:0.000584 t:4.9s
tttg: c60/131 lr:0.000572 t:5.0s
tttg: c61/131 lr:0.000560 t:5.0s
tttg: c62/131 lr:0.000548 t:5.1s
tttg: c63/131 lr:0.000536 t:5.2s
tttg: c64/131 lr:0.000524 t:5.3s
tttg: c65/131 lr:0.000512 t:5.4s
tttg: c66/131 lr:0.000500 t:5.4s
tttg: c67/131 lr:0.000488 t:5.5s
tttg: c68/131 lr:0.000476 t:5.6s
tttg: c69/131 lr:0.000464 t:5.7s
tttg: c70/131 lr:0.000452 t:5.8s
tttg: c71/131 lr:0.000440 t:5.8s
tttg: c72/131 lr:0.000428 t:5.9s
tttg: c73/131 lr:0.000416 t:6.0s
tttg: c74/131 lr:0.000404 t:6.1s
tttg: c75/131 lr:0.000392 t:6.2s
tttg: c76/131 lr:0.000380 t:6.2s
tttg: c77/131 lr:0.000369 t:6.3s
tttg: c78/131 lr:0.000357 t:6.4s
tttg: c79/131 lr:0.000345 t:6.5s
tttg: c80/131 lr:0.000334 t:6.5s
tttg: c81/131 lr:0.000323 t:6.6s
tttg: c82/131 lr:0.000311 t:6.7s
tttg: c83/131 lr:0.000300 t:6.8s
tttg: c84/131 lr:0.000289 t:6.9s
tttg: c85/131 lr:0.000278 t:6.9s
tttg: c86/131 lr:0.000268 t:7.0s
tttg: c87/131 lr:0.000257 t:7.1s
tttg: c88/131 lr:0.000247 t:7.2s
tttg: c89/131 lr:0.000236 t:7.3s
tttg: c90/131 lr:0.000226 t:7.3s
tttg: c91/131 lr:0.000216 t:7.4s
tttg: c92/131 lr:0.000206 t:7.5s
tttg: c93/131 lr:0.000196 t:7.6s
tttg: c94/131 lr:0.000187 t:7.7s
tttg: c95/131 lr:0.000178 t:7.7s
tttg: c96/131 lr:0.000168 t:7.8s
tttg: c97/131 lr:0.000159 t:7.9s
tttg: c98/131 lr:0.000151 t:8.0s
tttg: c99/131 lr:0.000142 t:8.0s
tttg: c100/131 lr:0.000134 t:8.1s
tttg: c101/131 lr:0.000126 t:8.2s
tttg: c102/131 lr:0.000118 t:8.3s
tttg: c103/131 lr:0.000110 t:8.4s
tttg: c104/131 lr:0.000103 t:8.5s
tttg: c105/131 lr:0.000095 t:8.5s
tttg: c106/131 lr:0.000089 t:8.6s
tttg: c107/131 lr:0.000082 t:8.7s
tttg: c108/131 lr:0.000075 t:8.8s
tttg: c109/131 lr:0.000069 t:8.9s
tttg: c110/131 lr:0.000063 t:8.9s
tttg: c111/131 lr:0.000057 t:9.0s
tttg: c112/131 lr:0.000052 t:9.1s
tttg: c113/131 lr:0.000047 t:9.2s
tttg: c114/131 lr:0.000042 t:9.3s
tttg: c115/131 lr:0.000037 t:9.3s
tttg: c116/131 lr:0.000032 t:9.4s
tttg: c117/131 lr:0.000028 t:9.5s
tttg: c118/131 lr:0.000024 t:9.6s
tttg: c119/131 lr:0.000021 t:9.7s
tttg: c120/131 lr:0.000018 t:9.7s
tttg: c121/131 lr:0.000015 t:9.8s
tttg: c122/131 lr:0.000012 t:9.9s
tttg: c123/131 lr:0.000009 t:10.0s
tttg: c124/131 lr:0.000007 t:10.1s
tttg: c125/131 lr:0.000005 t:10.1s
tttg: c126/131 lr:0.000004 t:10.2s
tttg: c127/131 lr:0.000002 t:10.3s
tttg: c128/131 lr:0.000001 t:10.4s
tttg: c129/131 lr:0.000001 t:10.5s
tttg: c130/131 lr:0.000000 t:10.5s
ttpr: phase:1/3 t:248.3s
ttp: b758/782 bl:2.3196 bb:1.0811 rl:2.1828 rb:1.0604 dl:3634-3740 gd:0
ttpp: phase:2/3 pd:2128 gd:1666 t:326.1s
tttg: c1/219 lr:0.001000 t:0.1s
tttg: c2/219 lr:0.001000 t:0.2s
tttg: c3/219 lr:0.001000 t:0.2s
tttg: c4/219 lr:0.001000 t:0.3s
tttg: c5/219 lr:0.000999 t:0.4s
tttg: c6/219 lr:0.000999 t:0.5s
tttg: c7/219 lr:0.000998 t:0.5s
tttg: c8/219 lr:0.000997 t:0.6s
tttg: c9/219 lr:0.000997 t:0.7s
tttg: c10/219 lr:0.000996 t:0.8s
tttg: c11/219 lr:0.000995 t:0.8s
tttg: c12/219 lr:0.000994 t:0.9s
tttg: c13/219 lr:0.000993 t:1.0s
tttg: c14/219 lr:0.000991 t:1.1s
tttg: c15/219 lr:0.000990 t:1.2s
tttg: c16/219 lr:0.000988 t:1.2s
tttg: c17/219 lr:0.000987 t:1.3s
tttg: c18/219 lr:0.000985 t:1.4s
tttg: c19/219 lr:0.000983 t:1.5s
tttg: c20/219 lr:0.000981 t:1.5s
tttg: c21/219 lr:0.000979 t:1.6s
tttg: c22/219 lr:0.000977 t:1.7s
tttg: c23/219 lr:0.000975 t:1.8s
tttg: c24/219 lr:0.000973 t:1.9s
tttg: c25/219 lr:0.000970 t:1.9s
tttg: c26/219 lr:0.000968 t:2.0s
tttg: c27/219 lr:0.000965 t:2.1s
tttg: c28/219 lr:0.000963 t:2.2s
tttg: c29/219 lr:0.000960 t:2.2s
tttg: c30/219 lr:0.000957 t:2.3s
tttg: c31/219 lr:0.000954 t:2.4s
tttg: c32/219 lr:0.000951 t:2.5s
tttg: c33/219 lr:0.000948 t:2.6s
tttg: c34/219 lr:0.000945 t:2.6s
tttg: c35/219 lr:0.000941 t:2.7s
tttg: c36/219 lr:0.000938 t:2.8s
tttg: c37/219 lr:0.000934 t:2.9s
tttg: c38/219 lr:0.000931 t:2.9s
tttg: c39/219 lr:0.000927 t:3.0s
tttg: c40/219 lr:0.000923 t:3.1s
tttg: c41/219 lr:0.000919 t:3.2s
tttg: c42/219 lr:0.000915 t:3.3s
tttg: c43/219 lr:0.000911 t:3.3s
tttg: c44/219 lr:0.000907 t:3.4s
tttg: c45/219 lr:0.000903 t:3.5s
tttg: c46/219 lr:0.000898 t:3.6s
tttg: c47/219 lr:0.000894 t:3.6s
tttg: c48/219 lr:0.000890 t:3.7s
tttg: c49/219 lr:0.000885 t:3.8s
tttg: c50/219 lr:0.000880 t:3.9s
tttg: c51/219 lr:0.000876 t:4.0s
tttg: c52/219 lr:0.000871 t:4.0s
tttg: c53/219 lr:0.000866 t:4.1s
tttg: c54/219 lr:0.000861 t:4.2s
tttg: c55/219 lr:0.000856 t:4.3s
tttg: c56/219 lr:0.000851 t:4.3s
tttg: c57/219 lr:0.000846 t:4.4s
tttg: c58/219 lr:0.000841 t:4.5s
tttg: c59/219 lr:0.000835 t:4.6s
tttg: c60/219 lr:0.000830 t:4.6s
tttg: c61/219 lr:0.000824 t:4.7s
tttg: c62/219 lr:0.000819 t:4.8s
tttg: c63/219 lr:0.000813 t:4.9s
tttg: c64/219 lr:0.000808 t:5.0s
tttg: c65/219 lr:0.000802 t:5.1s
tttg: c66/219 lr:0.000796 t:5.1s
tttg: c67/219 lr:0.000790 t:5.2s
tttg: c68/219 lr:0.000784 t:5.3s
tttg: c69/219 lr:0.000779 t:5.4s
tttg: c70/219 lr:0.000773 t:5.5s
tttg: c71/219 lr:0.000766 t:5.5s
tttg: c72/219 lr:0.000760 t:5.6s
tttg: c73/219 lr:0.000754 t:5.7s
tttg: c74/219 lr:0.000748 t:5.8s
tttg: c75/219 lr:0.000742 t:5.8s
tttg: c76/219 lr:0.000735 t:5.9s
tttg: c77/219 lr:0.000729 t:6.0s
tttg: c78/219 lr:0.000722 t:6.1s
tttg: c79/219 lr:0.000716 t:6.1s
tttg: c80/219 lr:0.000709 t:6.2s
tttg: c81/219 lr:0.000703 t:6.3s
tttg: c82/219 lr:0.000696 t:6.4s
tttg: c83/219 lr:0.000690 t:6.5s
tttg: c84/219 lr:0.000683 t:6.5s
tttg: c85/219 lr:0.000676 t:6.6s
tttg: c86/219 lr:0.000670 t:6.7s
tttg: c87/219 lr:0.000663 t:6.8s
tttg: c88/219 lr:0.000656 t:6.9s
tttg: c89/219 lr:0.000649 t:6.9s
tttg: c90/219 lr:0.000642 t:7.0s
tttg: c91/219 lr:0.000635 t:7.1s
tttg: c92/219 lr:0.000628 t:7.2s
tttg: c93/219 lr:0.000621 t:7.2s
tttg: c94/219 lr:0.000614 t:7.3s
tttg: c95/219 lr:0.000607 t:7.4s
tttg: c96/219 lr:0.000600 t:7.5s
tttg: c97/219 lr:0.000593 t:7.6s
tttg: c98/219 lr:0.000586 t:7.6s
tttg: c99/219 lr:0.000579 t:7.7s
tttg: c100/219 lr:0.000572 t:7.8s
tttg: c101/219 lr:0.000565 t:7.9s
tttg: c102/219 lr:0.000558 t:7.9s
tttg: c103/219 lr:0.000550 t:8.0s
tttg: c104/219 lr:0.000543 t:8.1s
tttg: c105/219 lr:0.000536 t:8.2s
tttg: c106/219 lr:0.000529 t:8.3s
tttg: c107/219 lr:0.000522 t:8.3s
tttg: c108/219 lr:0.000514 t:8.4s
tttg: c109/219 lr:0.000507 t:8.5s
tttg: c110/219 lr:0.000500 t:8.6s
tttg: c111/219 lr:0.000493 t:8.6s
tttg: c112/219 lr:0.000486 t:8.7s
tttg: c113/219 lr:0.000478 t:8.8s
tttg: c114/219 lr:0.000471 t:8.9s
tttg: c115/219 lr:0.000464 t:9.0s
tttg: c116/219 lr:0.000457 t:9.0s
tttg: c117/219 lr:0.000450 t:9.1s
tttg: c118/219 lr:0.000442 t:9.2s
tttg: c119/219 lr:0.000435 t:9.3s
tttg: c120/219 lr:0.000428 t:9.4s
tttg: c121/219 lr:0.000421 t:9.4s
tttg: c122/219 lr:0.000414 t:9.5s
tttg: c123/219 lr:0.000407 t:9.6s
tttg: c124/219 lr:0.000400 t:9.7s
tttg: c125/219 lr:0.000393 t:9.7s
tttg: c126/219 lr:0.000386 t:9.8s
tttg: c127/219 lr:0.000379 t:9.9s
tttg: c128/219 lr:0.000372 t:10.0s
tttg: c129/219 lr:0.000365 t:10.0s
tttg: c130/219 lr:0.000358 t:10.1s
tttg: c131/219 lr:0.000351 t:10.2s
tttg: c132/219 lr:0.000344 t:10.3s
tttg: c133/219 lr:0.000337 t:10.4s
tttg: c134/219 lr:0.000330 t:10.5s
tttg: c135/219 lr:0.000324 t:10.5s
tttg: c136/219 lr:0.000317 t:10.6s
tttg: c137/219 lr:0.000310 t:10.7s
tttg: c138/219 lr:0.000304 t:10.8s
tttg: c139/219 lr:0.000297 t:10.8s
tttg: c140/219 lr:0.000291 t:10.9s
tttg: c141/219 lr:0.000284 t:11.0s
tttg: c142/219 lr:0.000278 t:11.1s
tttg: c143/219 lr:0.000271 t:11.2s
tttg: c144/219 lr:0.000265 t:11.2s
tttg: c145/219 lr:0.000258 t:11.3s
tttg: c146/219 lr:0.000252 t:11.4s
tttg: c147/219 lr:0.000246 t:11.5s
tttg: c148/219 lr:0.000240 t:11.5s
tttg: c149/219 lr:0.000234 t:11.6s
tttg: c150/219 lr:0.000227 t:11.7s
tttg: c151/219 lr:0.000221 t:11.8s
tttg: c152/219 lr:0.000216 t:11.9s
tttg: c153/219 lr:0.000210 t:11.9s
tttg: c154/219 lr:0.000204 t:12.0s
tttg: c155/219 lr:0.000198 t:12.1s
tttg: c156/219 lr:0.000192 t:12.2s
tttg: c157/219 lr:0.000187 t:12.2s
tttg: c158/219 lr:0.000181 t:12.3s
tttg: c159/219 lr:0.000176 t:12.4s
tttg: c160/219 lr:0.000170 t:12.5s
tttg: c161/219 lr:0.000165 t:12.6s
tttg: c162/219 lr:0.000159 t:12.6s
tttg: c163/219 lr:0.000154 t:12.7s
tttg: c164/219 lr:0.000149 t:12.8s
tttg: c165/219 lr:0.000144 t:12.9s
tttg: c166/219 lr:0.000139 t:12.9s
tttg: c167/219 lr:0.000134 t:13.0s
tttg: c168/219 lr:0.000129 t:13.1s
tttg: c169/219 lr:0.000124 t:13.2s
tttg: c170/219 lr:0.000120 t:13.3s
tttg: c171/219 lr:0.000115 t:13.4s
tttg: c172/219 lr:0.000110 t:13.4s
tttg: c173/219 lr:0.000106 t:13.5s
tttg: c174/219 lr:0.000102 t:13.6s
tttg: c175/219 lr:0.000097 t:13.7s
tttg: c176/219 lr:0.000093 t:13.7s
tttg: c177/219 lr:0.000089 t:13.8s
tttg: c178/219 lr:0.000085 t:13.9s
tttg: c179/219 lr:0.000081 t:14.0s
tttg: c180/219 lr:0.000077 t:14.0s
tttg: c181/219 lr:0.000073 t:14.1s
tttg: c182/219 lr:0.000069 t:14.2s
tttg: c183/219 lr:0.000066 t:14.3s
tttg: c184/219 lr:0.000062 t:14.4s
tttg: c185/219 lr:0.000059 t:14.4s
tttg: c186/219 lr:0.000055 t:14.5s
tttg: c187/219 lr:0.000052 t:14.6s
tttg: c188/219 lr:0.000049 t:14.7s
tttg: c189/219 lr:0.000046 t:14.8s
tttg: c190/219 lr:0.000043 t:14.8s
tttg: c191/219 lr:0.000040 t:14.9s
tttg: c192/219 lr:0.000037 t:15.0s
tttg: c193/219 lr:0.000035 t:15.1s
tttg: c194/219 lr:0.000032 t:15.2s
tttg: c195/219 lr:0.000030 t:15.2s
tttg: c196/219 lr:0.000027 t:15.3s
tttg: c197/219 lr:0.000025 t:15.4s
tttg: c198/219 lr:0.000023 t:15.5s
tttg: c199/219 lr:0.000021 t:15.5s
tttg: c200/219 lr:0.000019 t:15.6s
tttg: c201/219 lr:0.000017 t:15.7s
tttg: c202/219 lr:0.000015 t:15.8s
tttg: c203/219 lr:0.000013 t:15.8s
tttg: c204/219 lr:0.000012 t:15.9s
tttg: c205/219 lr:0.000010 t:16.0s
tttg: c206/219 lr:0.000009 t:16.1s
tttg: c207/219 lr:0.000007 t:16.2s
tttg: c208/219 lr:0.000006 t:16.2s
tttg: c209/219 lr:0.000005 t:16.3s
tttg: c210/219 lr:0.000004 t:16.4s
tttg: c211/219 lr:0.000003 t:16.5s
tttg: c212/219 lr:0.000003 t:16.5s
tttg: c213/219 lr:0.000002 t:16.6s
tttg: c214/219 lr:0.000001 t:16.7s
tttg: c215/219 lr:0.000001 t:16.8s
tttg: c216/219 lr:0.000000 t:16.9s
tttg: c217/219 lr:0.000000 t:16.9s
tttg: c218/219 lr:0.000000 t:17.0s
ttpr: phase:2/3 t:344.9s
ttp: b742/782 bl:2.3381 bb:1.0527 rl:2.1977 rb:1.0596 dl:2730-2762 gd:0
ttp: b739/782 bl:2.3022 bb:1.0271 rl:2.2066 rb:1.0567 dl:2619-2652 gd:0
ttpp: phase:3/3 pd:2960 gd:2500 t:363.8s
tttg: c1/289 lr:0.001000 t:0.1s
tttg: c2/289 lr:0.001000 t:0.2s
tttg: c3/289 lr:0.001000 t:0.2s
tttg: c4/289 lr:0.001000 t:0.3s
tttg: c5/289 lr:0.001000 t:0.4s
tttg: c6/289 lr:0.000999 t:0.5s
tttg: c7/289 lr:0.000999 t:0.5s
tttg: c8/289 lr:0.000999 t:0.6s
tttg: c9/289 lr:0.000998 t:0.7s
tttg: c10/289 lr:0.000998 t:0.8s
tttg: c11/289 lr:0.000997 t:0.8s
tttg: c12/289 lr:0.000996 t:0.9s
tttg: c13/289 lr:0.000996 t:1.0s
tttg: c14/289 lr:0.000995 t:1.1s
tttg: c15/289 lr:0.000994 t:1.2s
tttg: c16/289 lr:0.000993 t:1.3s
tttg: c17/289 lr:0.000992 t:1.3s
tttg: c18/289 lr:0.000991 t:1.4s
tttg: c19/289 lr:0.000990 t:1.5s
tttg: c20/289 lr:0.000989 t:1.6s
tttg: c21/289 lr:0.000988 t:1.6s
tttg: c22/289 lr:0.000987 t:1.7s
tttg: c23/289 lr:0.000986 t:1.8s
tttg: c24/289 lr:0.000984 t:1.9s
tttg: c25/289 lr:0.000983 t:2.0s
tttg: c26/289 lr:0.000982 t:2.0s
tttg: c27/289 lr:0.000980 t:2.1s
tttg: c28/289 lr:0.000978 t:2.2s
tttg: c29/289 lr:0.000977 t:2.3s
tttg: c30/289 lr:0.000975 t:2.3s
tttg: c31/289 lr:0.000973 t:2.4s
tttg: c32/289 lr:0.000972 t:2.5s
tttg: c33/289 lr:0.000970 t:2.6s
tttg: c34/289 lr:0.000968 t:2.7s
tttg: c35/289 lr:0.000966 t:2.8s
tttg: c36/289 lr:0.000964 t:2.8s
tttg: c37/289 lr:0.000962 t:2.9s
tttg: c38/289 lr:0.000960 t:3.0s
tttg: c39/289 lr:0.000958 t:3.1s
tttg: c40/289 lr:0.000955 t:3.1s
tttg: c41/289 lr:0.000953 t:3.2s
tttg: c42/289 lr:0.000951 t:3.3s
tttg: c43/289 lr:0.000948 t:3.4s
tttg: c44/289 lr:0.000946 t:3.5s
tttg: c45/289 lr:0.000944 t:3.5s
tttg: c46/289 lr:0.000941 t:3.6s
tttg: c47/289 lr:0.000938 t:3.7s
tttg: c48/289 lr:0.000936 t:3.8s
tttg: c49/289 lr:0.000933 t:3.8s
tttg: c50/289 lr:0.000930 t:3.9s
tttg: c51/289 lr:0.000927 t:4.0s
tttg: c52/289 lr:0.000925 t:4.1s
tttg: c53/289 lr:0.000922 t:4.2s
tttg: c54/289 lr:0.000919 t:4.2s
tttg: c55/289 lr:0.000916 t:4.3s
tttg: c56/289 lr:0.000913 t:4.4s
tttg: c57/289 lr:0.000910 t:4.5s
tttg: c58/289 lr:0.000906 t:4.6s
tttg: c59/289 lr:0.000903 t:4.6s
tttg: c60/289 lr:0.000900 t:4.7s
tttg: c61/289 lr:0.000897 t:4.8s
tttg: c62/289 lr:0.000893 t:4.9s
tttg: c63/289 lr:0.000890 t:5.0s
tttg: c64/289 lr:0.000887 t:5.0s
tttg: c65/289 lr:0.000883 t:5.1s
tttg: c66/289 lr:0.000879 t:5.2s
tttg: c67/289 lr:0.000876 t:5.3s
tttg: c68/289 lr:0.000872 t:5.3s
tttg: c69/289 lr:0.000869 t:5.4s
tttg: c70/289 lr:0.000865 t:5.5s
tttg: c71/289 lr:0.000861 t:5.6s
tttg: c72/289 lr:0.000857 t:5.6s
tttg: c73/289 lr:0.000854 t:5.7s
tttg: c74/289 lr:0.000850 t:5.8s
tttg: c75/289 lr:0.000846 t:5.9s
tttg: c76/289 lr:0.000842 t:6.0s
tttg: c77/289 lr:0.000838 t:6.0s
tttg: c78/289 lr:0.000834 t:6.1s
tttg: c79/289 lr:0.000830 t:6.2s
tttg: c80/289 lr:0.000826 t:6.3s
tttg: c81/289 lr:0.000821 t:6.4s
tttg: c82/289 lr:0.000817 t:6.4s
tttg: c83/289 lr:0.000813 t:6.5s
tttg: c84/289 lr:0.000809 t:6.6s
tttg: c85/289 lr:0.000804 t:6.7s
tttg: c86/289 lr:0.000800 t:6.8s
tttg: c87/289 lr:0.000796 t:6.8s
tttg: c88/289 lr:0.000791 t:6.9s
tttg: c89/289 lr:0.000787 t:7.0s
tttg: c90/289 lr:0.000782 t:7.1s
tttg: c91/289 lr:0.000778 t:7.1s
tttg: c92/289 lr:0.000773 t:7.2s
tttg: c93/289 lr:0.000769 t:7.3s
tttg: c94/289 lr:0.000764 t:7.4s
tttg: c95/289 lr:0.000759 t:7.5s
tttg: c96/289 lr:0.000755 t:7.5s
tttg: c97/289 lr:0.000750 t:7.6s
tttg: c98/289 lr:0.000745 t:7.7s
tttg: c99/289 lr:0.000740 t:7.8s
tttg: c100/289 lr:0.000736 t:7.9s
tttg: c101/289 lr:0.000731 t:7.9s
tttg: c102/289 lr:0.000726 t:8.0s
tttg: c103/289 lr:0.000721 t:8.1s
tttg: c104/289 lr:0.000716 t:8.2s
tttg: c105/289 lr:0.000711 t:8.3s
tttg: c106/289 lr:0.000706 t:8.3s
tttg: c107/289 lr:0.000701 t:8.4s
tttg: c108/289 lr:0.000696 t:8.5s
tttg: c109/289 lr:0.000691 t:8.6s
tttg: c110/289 lr:0.000686 t:8.6s
tttg: c111/289 lr:0.000681 t:8.7s
tttg: c112/289 lr:0.000676 t:8.8s
tttg: c113/289 lr:0.000671 t:8.9s
tttg: c114/289 lr:0.000666 t:8.9s
tttg: c115/289 lr:0.000661 t:9.0s
tttg: c116/289 lr:0.000656 t:9.1s
tttg: c117/289 lr:0.000650 t:9.2s
tttg: c118/289 lr:0.000645 t:9.3s
tttg: c119/289 lr:0.000640 t:9.3s
tttg: c120/289 lr:0.000635 t:9.4s
tttg: c121/289 lr:0.000629 t:9.5s
tttg: c122/289 lr:0.000624 t:9.6s
tttg: c123/289 lr:0.000619 t:9.7s
tttg: c124/289 lr:0.000614 t:9.7s
tttg: c125/289 lr:0.000608 t:9.8s
tttg: c126/289 lr:0.000603 t:9.9s
tttg: c127/289 lr:0.000598 t:10.0s
tttg: c128/289 lr:0.000592 t:10.0s
tttg: c129/289 lr:0.000587 t:10.1s
tttg: c130/289 lr:0.000581 t:10.2s
tttg: c131/289 lr:0.000576 t:10.3s
tttg: c132/289 lr:0.000571 t:10.4s
tttg: c133/289 lr:0.000565 t:10.4s
tttg: c134/289 lr:0.000560 t:10.5s
tttg: c135/289 lr:0.000554 t:10.6s
tttg: c136/289 lr:0.000549 t:10.7s
tttg: c137/289 lr:0.000544 t:10.7s
tttg: c138/289 lr:0.000538 t:10.8s
tttg: c139/289 lr:0.000533 t:10.9s
tttg: c140/289 lr:0.000527 t:11.0s
tttg: c141/289 lr:0.000522 t:11.0s
tttg: c142/289 lr:0.000516 t:11.1s
tttg: c143/289 lr:0.000511 t:11.2s
tttg: c144/289 lr:0.000505 t:11.3s
tttg: c145/289 lr:0.000500 t:11.4s
tttg: c146/289 lr:0.000495 t:11.4s
tttg: c147/289 lr:0.000489 t:11.5s
tttg: c148/289 lr:0.000484 t:11.6s
tttg: c149/289 lr:0.000478 t:11.7s
tttg: c150/289 lr:0.000473 t:11.7s
tttg: c151/289 lr:0.000467 t:11.8s
tttg: c152/289 lr:0.000462 t:11.9s
tttg: c153/289 lr:0.000456 t:12.0s
tttg: c154/289 lr:0.000451 t:12.0s
tttg: c155/289 lr:0.000446 t:12.1s
tttg: c156/289 lr:0.000440 t:12.2s
tttg: c157/289 lr:0.000435 t:12.3s
tttg: c158/289 lr:0.000429 t:12.4s
tttg: c159/289 lr:0.000424 t:12.4s
tttg: c160/289 lr:0.000419 t:12.5s
tttg: c161/289 lr:0.000413 t:12.6s
tttg: c162/289 lr:0.000408 t:12.7s
tttg: c163/289 lr:0.000402 t:12.7s
tttg: c164/289 lr:0.000397 t:12.8s
tttg: c165/289 lr:0.000392 t:12.9s
tttg: c166/289 lr:0.000386 t:13.0s
tttg: c167/289 lr:0.000381 t:13.1s
tttg: c168/289 lr:0.000376 t:13.1s
tttg: c169/289 lr:0.000371 t:13.2s
tttg: c170/289 lr:0.000365 t:13.3s
tttg: c171/289 lr:0.000360 t:13.4s
tttg: c172/289 lr:0.000355 t:13.4s
tttg: c173/289 lr:0.000350 t:13.5s
tttg: c174/289 lr:0.000344 t:13.6s
tttg: c175/289 lr:0.000339 t:13.7s
tttg: c176/289 lr:0.000334 t:13.8s
tttg: c177/289 lr:0.000329 t:13.8s
tttg: c178/289 lr:0.000324 t:13.9s
tttg: c179/289 lr:0.000319 t:14.0s
tttg: c180/289 lr:0.000314 t:14.1s
tttg: c181/289 lr:0.000309 t:14.1s
tttg: c182/289 lr:0.000304 t:14.2s
tttg: c183/289 lr:0.000299 t:14.3s
tttg: c184/289 lr:0.000294 t:14.4s
tttg: c185/289 lr:0.000289 t:14.4s
tttg: c186/289 lr:0.000284 t:14.5s
tttg: c187/289 lr:0.000279 t:14.6s
tttg: c188/289 lr:0.000274 t:14.7s
tttg: c189/289 lr:0.000269 t:14.8s
tttg: c190/289 lr:0.000264 t:14.8s
tttg: c191/289 lr:0.000260 t:14.9s
tttg: c192/289 lr:0.000255 t:15.0s
tttg: c193/289 lr:0.000250 t:15.1s
tttg: c194/289 lr:0.000245 t:15.2s
tttg: c195/289 lr:0.000241 t:15.2s
tttg: c196/289 lr:0.000236 t:15.3s
tttg: c197/289 lr:0.000231 t:15.4s
tttg: c198/289 lr:0.000227 t:15.5s
tttg: c199/289 lr:0.000222 t:15.5s
tttg: c200/289 lr:0.000218 t:15.6s
tttg: c201/289 lr:0.000213 t:15.7s
tttg: c202/289 lr:0.000209 t:15.8s
tttg: c203/289 lr:0.000204 t:15.9s
tttg: c204/289 lr:0.000200 t:15.9s
tttg: c205/289 lr:0.000196 t:16.0s
tttg: c206/289 lr:0.000191 t:16.1s
tttg: c207/289 lr:0.000187 t:16.2s
tttg: c208/289 lr:0.000183 t:16.2s
tttg: c209/289 lr:0.000179 t:16.3s
tttg: c210/289 lr:0.000174 t:16.4s
tttg: c211/289 lr:0.000170 t:16.5s
tttg: c212/289 lr:0.000166 t:16.6s
tttg: c213/289 lr:0.000162 t:16.7s
tttg: c214/289 lr:0.000158 t:16.7s
tttg: c215/289 lr:0.000154 t:16.8s
tttg: c216/289 lr:0.000150 t:16.9s
tttg: c217/289 lr:0.000146 t:17.0s
tttg: c218/289 lr:0.000143 t:17.0s
tttg: c219/289 lr:0.000139 t:17.1s
tttg: c220/289 lr:0.000135 t:17.2s
tttg: c221/289 lr:0.000131 t:17.3s
tttg: c222/289 lr:0.000128 t:17.3s
tttg: c223/289 lr:0.000124 t:17.4s
tttg: c224/289 lr:0.000121 t:17.5s
tttg: c225/289 lr:0.000117 t:17.6s
tttg: c226/289 lr:0.000113 t:17.6s
tttg: c227/289 lr:0.000110 t:17.7s
tttg: c228/289 lr:0.000107 t:17.8s
tttg: c229/289 lr:0.000103 t:17.9s
tttg: c230/289 lr:0.000100 t:18.0s
tttg: c231/289 lr:0.000097 t:18.0s
tttg: c232/289 lr:0.000094 t:18.1s
tttg: c233/289 lr:0.000090 t:18.2s
tttg: c234/289 lr:0.000087 t:18.3s
tttg: c235/289 lr:0.000084 t:18.4s
tttg: c236/289 lr:0.000081 t:18.4s
tttg: c237/289 lr:0.000078 t:18.5s
tttg: c238/289 lr:0.000075 t:18.6s
tttg: c239/289 lr:0.000073 t:18.7s
tttg: c240/289 lr:0.000070 t:18.7s
tttg: c241/289 lr:0.000067 t:18.8s
tttg: c242/289 lr:0.000064 t:18.9s
tttg: c243/289 lr:0.000062 t:19.0s
tttg: c244/289 lr:0.000059 t:19.1s
tttg: c245/289 lr:0.000056 t:19.1s
tttg: c246/289 lr:0.000054 t:19.2s
tttg: c247/289 lr:0.000052 t:19.3s
tttg: c248/289 lr:0.000049 t:19.4s
tttg: c249/289 lr:0.000047 t:19.4s
tttg: c250/289 lr:0.000045 t:19.5s
tttg: c251/289 lr:0.000042 t:19.6s
tttg: c252/289 lr:0.000040 t:19.7s
tttg: c253/289 lr:0.000038 t:19.7s
tttg: c254/289 lr:0.000036 t:19.8s
tttg: c255/289 lr:0.000034 t:19.9s
tttg: c256/289 lr:0.000032 t:20.0s
tttg: c257/289 lr:0.000030 t:20.0s
tttg: c258/289 lr:0.000028 t:20.1s
tttg: c259/289 lr:0.000027 t:20.2s
tttg: c260/289 lr:0.000025 t:20.3s
tttg: c261/289 lr:0.000023 t:20.4s
tttg: c262/289 lr:0.000022 t:20.4s
tttg: c263/289 lr:0.000020 t:20.5s
tttg: c264/289 lr:0.000018 t:20.6s
tttg: c265/289 lr:0.000017 t:20.7s
tttg: c266/289 lr:0.000016 t:20.7s
tttg: c267/289 lr:0.000014 t:20.8s
tttg: c268/289 lr:0.000013 t:20.9s
tttg: c269/289 lr:0.000012 t:21.0s
tttg: c270/289 lr:0.000011 t:21.0s
tttg: c271/289 lr:0.000010 t:21.1s
tttg: c272/289 lr:0.000009 t:21.2s
tttg: c273/289 lr:0.000008 t:21.3s
tttg: c274/289 lr:0.000007 t:21.4s
tttg: c275/289 lr:0.000006 t:21.4s
tttg: c276/289 lr:0.000005 t:21.5s
tttg: c277/289 lr:0.000004 t:21.6s
tttg: c278/289 lr:0.000004 t:21.7s
tttg: c279/289 lr:0.000003 t:21.7s
tttg: c280/289 lr:0.000002 t:21.8s
tttg: c281/289 lr:0.000002 t:21.9s
tttg: c282/289 lr:0.000001 t:22.0s
tttg: c283/289 lr:0.000001 t:22.0s
tttg: c284/289 lr:0.000001 t:22.1s
tttg: c285/289 lr:0.000000 t:22.2s
tttg: c286/289 lr:0.000000 t:22.3s
tttg: c287/289 lr:0.000000 t:22.4s
tttg: c288/289 lr:0.000000 t:22.4s
ttpr: phase:3/3 t:387.9s
ttp: b735/782 bl:2.4003 bb:1.1043 rl:2.2211 rb:1.0604 dl:2495-2526 gd:1
ttp: b721/782 bl:2.3224 bb:1.0313 rl:2.2271 rb:1.0585 dl:2144-2163 gd:1
ttp: b713/782 bl:2.2644 bb:1.0176 rl:2.2291 rb:1.0562 dl:2002-2017 gd:1
ttp: b710/782 bl:2.2394 bb:1.0484 rl:2.2296 rb:1.0558 dl:1952-1966 gd:1
ttp: b700/782 bl:2.3040 bb:1.0288 rl:2.2329 rb:1.0546 dl:1824-1834 gd:1
ttp: b688/782 bl:2.4112 bb:1.0795 rl:2.2399 rb:1.0556 dl:1696-1706 gd:1
ttp: b685/782 bl:2.3113 bb:1.0343 rl:2.2426 rb:1.0548 dl:1665-1675 gd:1
ttp: b676/782 bl:2.3460 bb:1.0553 rl:2.2461 rb:1.0548 dl:1586-1595 gd:1
ttp: b665/782 bl:2.3427 bb:1.0525 rl:2.2491 rb:1.0547 dl:1500-1507 gd:1
ttp: b658/782 bl:2.2675 bb:1.0265 rl:2.2497 rb:1.0538 dl:1452-1459 gd:1
ttp: b651/782 bl:2.4022 bb:1.0498 rl:2.2539 rb:1.0537 dl:1406-1411 gd:1
ttp: b642/782 bl:2.3358 bb:1.0458 rl:2.2560 rb:1.0535 dl:1349-1356 gd:1
ttp: b633/782 bl:2.2847 bb:1.0265 rl:2.2567 rb:1.0528 dl:1297-1302 gd:1
ttp: b624/782 bl:2.3675 bb:1.0717 rl:2.2592 rb:1.0533 dl:1249-1255 gd:1
ttp: b616/782 bl:2.4123 bb:1.0464 rl:2.2625 rb:1.0531 dl:1205-1211 gd:1
ttp: b608/782 bl:2.3596 bb:1.0841 rl:2.2645 rb:1.0538 dl:1168-1172 gd:1
ttp: b600/782 bl:2.2743 bb:1.0190 rl:2.2647 rb:1.0531 dl:1133-1137 gd:1
ttp: b592/782 bl:2.2338 bb:0.9973 rl:2.2641 rb:1.0520 dl:1098-1103 gd:1
ttp: b591/782 bl:2.3180 bb:1.0373 rl:2.2651 rb:1.0517 dl:1093-1098 gd:1
ttp: b583/782 bl:2.3343 bb:1.0373 rl:2.2663 rb:1.0514 dl:1060-1064 gd:1
ttp: b569/782 bl:2.3169 bb:1.0476 rl:2.2671 rb:1.0514 dl:1007-1010 gd:1
ttp: b560/782 bl:2.2790 bb:1.0141 rl:2.2673 rb:1.0508 dl:975-979 gd:1
ttp: b552/782 bl:2.2850 bb:1.0236 rl:2.2676 rb:1.0504 dl:949-952 gd:1
ttp: b546/782 bl:2.3381 bb:1.0395 rl:2.2686 rb:1.0502 dl:930-934 gd:1
ttp: b539/782 bl:2.3485 bb:1.0411 rl:2.2697 rb:1.0501 dl:909-912 gd:1
ttp: b534/782 bl:2.3347 bb:1.0457 rl:2.2705 rb:1.0500 dl:893-896 gd:1
ttp: b526/782 bl:2.3371 bb:1.0301 rl:2.2714 rb:1.0498 dl:869-872 gd:1
ttp: b514/782 bl:2.3218 bb:1.0718 rl:2.2720 rb:1.0500 dl:835-838 gd:1
ttp: b506/782 bl:2.3555 bb:1.0171 rl:2.2729 rb:1.0496 dl:812-814 gd:1
ttp: b494/782 bl:2.3346 bb:1.0641 rl:2.2736 rb:1.0498 dl:780-783 gd:1
ttp: b486/782 bl:2.4175 bb:1.0862 rl:2.2752 rb:1.0502 dl:761-764 gd:1
ttp: b478/782 bl:2.3464 bb:1.0804 rl:2.2759 rb:1.0505 dl:742-744 gd:1
ttp: b469/782 bl:2.3395 bb:1.0288 rl:2.2765 rb:1.0503 dl:721-724 gd:1
ttp: b458/782 bl:2.2168 bb:1.0281 rl:2.2760 rb:1.0501 dl:697-700 gd:1
ttp: b451/782 bl:2.4148 bb:1.0927 rl:2.2772 rb:1.0505 dl:682-685 gd:1
ttp: b443/782 bl:2.2469 bb:1.0572 rl:2.2770 rb:1.0505 dl:666-668 gd:1
ttp: b439/782 bl:2.3377 bb:1.0431 rl:2.2775 rb:1.0504 dl:657-659 gd:1
ttp: b432/782 bl:2.3483 bb:1.0438 rl:2.2781 rb:1.0504 dl:643-645 gd:1
ttp: b425/782 bl:2.3770 bb:1.0632 rl:2.2789 rb:1.0505 dl:630-632 gd:1
ttp: b417/782 bl:2.2703 bb:1.0488 rl:2.2788 rb:1.0505 dl:615-617 gd:1
ttp: b409/782 bl:2.3385 bb:1.0733 rl:2.2793 rb:1.0507 dl:598-601 gd:1
ttp: b401/782 bl:2.2632 bb:1.0399 rl:2.2792 rb:1.0506 dl:584-586 gd:1
ttp: b393/782 bl:2.3156 bb:1.0635 rl:2.2794 rb:1.0507 dl:570-571 gd:1
ttp: b386/782 bl:2.3542 bb:1.1055 rl:2.2800 rb:1.0510 dl:557-559 gd:1
ttp: b378/782 bl:2.4417 bb:1.0595 rl:2.2811 rb:1.0511 dl:544-545 gd:1
ttp: b370/782 bl:2.3776 bb:1.0884 rl:2.2817 rb:1.0514 dl:530-532 gd:1
ttp: b360/782 bl:2.3148 bb:1.0829 rl:2.2819 rb:1.0515 dl:513-515 gd:1
ttp: b352/782 bl:2.4324 bb:1.1007 rl:2.2828 rb:1.0519 dl:499-501 gd:1
ttp: b344/782 bl:2.3960 bb:1.0678 rl:2.2835 rb:1.0520 dl:488-489 gd:1
ttp: b336/782 bl:2.4134 bb:1.0876 rl:2.2842 rb:1.0522 dl:476-477 gd:1
ttp: b328/782 bl:2.2940 bb:1.0196 rl:2.2843 rb:1.0520 dl:463-465 gd:1
ttp: b319/782 bl:2.4077 bb:1.0857 rl:2.2850 rb:1.0522 dl:450-451 gd:1
ttp: b311/782 bl:2.3589 bb:1.0873 rl:2.2853 rb:1.0523 dl:438-439 gd:1
ttp: b303/782 bl:2.4068 bb:1.0978 rl:2.2860 rb:1.0526 dl:426-427 gd:1
ttp: b295/782 bl:2.2773 bb:1.0684 rl:2.2859 rb:1.0526 dl:414-415 gd:1
ttp: b287/782 bl:2.4108 bb:1.0983 rl:2.2865 rb:1.0529 dl:402-403 gd:1
ttp: b279/782 bl:2.3252 bb:1.0987 rl:2.2867 rb:1.0531 dl:391-392 gd:1
ttp: b271/782 bl:2.3861 bb:1.1302 rl:2.2871 rb:1.0534 dl:380-382 gd:1
ttp: b264/782 bl:2.4320 bb:1.1083 rl:2.2877 rb:1.0536 dl:371-372 gd:1
ttp: b256/782 bl:2.5523 bb:1.1266 rl:2.2888 rb:1.0540 dl:361-362 gd:1
ttp: b249/782 bl:2.4629 bb:1.1093 rl:2.2895 rb:1.0542 dl:352-354 gd:1
ttp: b242/782 bl:2.3910 bb:1.1068 rl:2.2899 rb:1.0544 dl:344-345 gd:1
ttp: b235/782 bl:2.3107 bb:1.1125 rl:2.2900 rb:1.0546 dl:335-336 gd:1
ttp: b231/782 bl:2.3113 bb:1.0858 rl:2.2901 rb:1.0547 dl:330-331 gd:1
ttp: b223/782 bl:2.3420 bb:1.1307 rl:2.2903 rb:1.0550 dl:321-322 gd:1
ttp: b214/782 bl:2.3513 bb:1.1251 rl:2.2905 rb:1.0552 dl:310-312 gd:1
ttp: b206/782 bl:2.4219 bb:1.1142 rl:2.2909 rb:1.0554 dl:302-303 gd:1
ttp: b198/782 bl:2.4144 bb:1.0681 rl:2.2914 rb:1.0555 dl:294-295 gd:1
ttp: b191/782 bl:2.4262 bb:1.1037 rl:2.2918 rb:1.0556 dl:285-286 gd:1
ttp: b184/782 bl:2.3996 bb:1.1312 rl:2.2921 rb:1.0558 dl:278-279 gd:1
ttp: b177/782 bl:2.4200 bb:1.1150 rl:2.2925 rb:1.0560 dl:271-272 gd:1
ttp: b170/782 bl:2.3884 bb:1.1325 rl:2.2928 rb:1.0562 dl:264-265 gd:1
ttp: b162/782 bl:2.4113 bb:1.1227 rl:2.2931 rb:1.0564 dl:256-257 gd:1
ttp: b154/782 bl:2.4750 bb:1.2070 rl:2.2936 rb:1.0568 dl:249-250 gd:1
ttp: b146/782 bl:2.4683 bb:1.1793 rl:2.2941 rb:1.0571 dl:241-242 gd:1
ttp: b136/782 bl:2.4349 bb:1.1448 rl:2.2944 rb:1.0573 dl:232-233 gd:1
ttp: b129/782 bl:2.3993 bb:1.1495 rl:2.2947 rb:1.0576 dl:225-226 gd:1
ttp: b122/782 bl:2.4153 bb:1.1435 rl:2.2950 rb:1.0578 dl:219-219 gd:1
ttp: b113/782 bl:2.5701 bb:1.1427 rl:2.2956 rb:1.0580 dl:210-211 gd:1
ttp: b105/782 bl:2.4197 bb:1.1509 rl:2.2959 rb:1.0582 dl:203-204 gd:1
ttp: b97/782 bl:2.4776 bb:1.1726 rl:2.2963 rb:1.0584 dl:196-197 gd:1
ttp: b89/782 bl:2.5011 bb:1.1557 rl:2.2967 rb:1.0586 dl:189-190 gd:1
ttp: b81/782 bl:2.4858 bb:1.1281 rl:2.2970 rb:1.0587 dl:182-183 gd:1
ttp: b75/782 bl:2.5848 bb:1.1984 rl:2.2976 rb:1.0590 dl:176-177 gd:1
ttp: b67/782 bl:2.5458 bb:1.2052 rl:2.2980 rb:1.0592 dl:169-170 gd:1
ttp: b59/782 bl:2.5234 bb:1.2021 rl:2.2984 rb:1.0595 dl:162-163 gd:1
ttp: b51/782 bl:2.4930 bb:1.1927 rl:2.2987 rb:1.0597 dl:154-155 gd:1
ttp: b44/782 bl:2.5726 bb:1.2004 rl:2.2992 rb:1.0599 dl:147-148 gd:1
ttp: b36/782 bl:2.5471 bb:1.2290 rl:2.2995 rb:1.0601 dl:139-140 gd:1
ttp: b28/782 bl:2.6168 bb:1.2137 rl:2.3000 rb:1.0604 dl:131-132 gd:1
ttp: b21/782 bl:2.6169 bb:1.2345 rl:2.3004 rb:1.0606 dl:123-124 gd:1
ttp: b14/782 bl:2.6062 bb:1.1897 rl:2.3008 rb:1.0607 dl:114-115 gd:1
ttp: b6/782 bl:2.7293 bb:1.2169 rl:2.3012 rb:1.0609 dl:99-101 gd:1
quantized_ttt_phased val_loss:2.33304653 val_bpb:1.06611122 eval_time:493752ms
total_eval_time:493.8s
