W0430 05:39:35.236000 2384 torch/distributed/run.py:803]
W0430 05:39:35.236000 2384 torch/distributed/run.py:803] *****************************************
W0430 05:39:35.236000 2384 torch/distributed/run.py:803] Setting OMP_NUM_THREADS environment variable for each process to be 1 in default, to avoid your system being overloaded, please further tune the variable for optimal performance in your application as needed.
W0430 05:39:35.236000 2384 torch/distributed/run.py:803] *****************************************
Hyperparameters:
  adam_eps: 1e-08
  adam_wd: 0.02
  artifact_dir:
  attn_clip_sigmas: 13.0
  attn_out_gate_enabled: False
  attn_out_gate_src: proj
  awq_lite_bits: 8
  awq_lite_enabled: True
  awq_lite_group_size: 64
  awq_lite_group_top_k: 1
  beta1: 0.9
  beta2: 0.99
  caseops_enabled: True
  compressor: pergroup
  data_dir: ./data/
  datasets_dir: /workspace/caseops_data/datasets/datasets/fineweb10B_sp8192_lossless_caps_caseops_v1_reserved
  distributed: True
  ema_decay: 0.9965
  embed_bits: 7
  embed_clip_sigmas: 14.0
  embed_lr: 0.6
  embed_wd: 0.085
  enable_looping_at: 0.35
  eval_seq_len: 2560
  eval_stride: 64
  fused_ce_enabled: True
  gate_window: 12
  gated_attn_enabled: False
  gated_attn_init_std: 0.01
  gated_attn_quant_gate: True
  global_ttt_batch_seqs: 32
  global_ttt_chunk_tokens: 32768
  global_ttt_epochs: 1
  global_ttt_grad_clip: 1.0
  global_ttt_lr: 0.001
  global_ttt_momentum: 0.9
  global_ttt_respect_doc_boundaries: True
  global_ttt_warmup_chunks: 0
  global_ttt_warmup_start_lr: 0.0
  gptq_calibration_batches: 16
  gptq_reserve_seconds: 4.0
  grad_accum_steps: 1
  grad_clip_norm: 0.3
  is_main_process: True
  iterations: 20000
  ln_scale: True
  local_rank: 0
  logfile: logs/prefix2750_seed42.txt
  logit_softcap: 30.0
  loop_end: 5
  loop_start: 3
  lqer_asym_enabled: True
  lqer_asym_group: 64
  lqer_enabled: True
  lqer_factor_bits: 4
  lqer_gain_select: False
  lqer_rank: 4
  lqer_scope: all
  lqer_top_k: 3
  matrix_bits: 6
  matrix_clip_sigmas: 12.85
  matrix_lr: 0.026
  max_wallclock_seconds: 600.0
  min_lr: 0.1
  mlp_clip_sigmas: 11.5
  mlp_mult: 4.0
  model_dim: 512
  model_path: final_model.pt
  muon_backend_steps: 5
  muon_momentum: 0.97
  muon_momentum_warmup_start: 0.92
  muon_momentum_warmup_steps: 1500
  muon_row_normalize: True
  muon_wd: 0.095
  num_heads: 8
  num_kv_heads: 4
  num_layers: 11
  num_loops: 2
  parallel_final_lane: mean
  parallel_start_layer: 8
  phased_ttt_num_phases: 3
  phased_ttt_prefix_docs: 2750
  qk_gain_init: 5.25
  quantized_model_path: final_model.int6.ptz
  rank: 0
  rope_base: 10000.0
  rope_dims: 16
  rope_train_seq_len: 2048
  rope_yarn: False
  run_id: prefix2750_seed42
  scalar_lr: 0.02
  seed: 42
  skip_gates_enabled: True
  smear_gate_enabled: True
  sparse_attn_gate_enabled: True
  sparse_attn_gate_init_std: 0.0
  sparse_attn_gate_scale: 0.5
  tie_embeddings: True
  tied_embed_init_std: 0.005
  tied_embed_lr: 0.03
  tokenizer_path: /workspace/caseops_data/datasets/tokenizers/fineweb_8192_bpe_lossless_caps_caseops_v1_reserved.model
  train_batch_tokens: 786432
  train_files: /workspace/caseops_data/datasets/datasets/fineweb10B_sp8192_lossless_caps_caseops_v1_reserved/fineweb_train_*.bin
  train_log_every: 500
  train_seq_len: 2048
  ttt_batch_size: 64
  ttt_beta1: 0.0
  ttt_beta2: 0.99
  ttt_chunk_size: 48
  ttt_enabled: True
  ttt_eval_batches:
  ttt_eval_seq_len: 2560
  ttt_grad_steps: 1
  ttt_k_lora: True
  ttt_local_lr_mult: 0.75
  ttt_lora_lr: 0.0001
  ttt_lora_rank: 80
  ttt_mask: no_qv
  ttt_mlp_lora: True
  ttt_o_lora: True
  ttt_optimizer: adam
  ttt_q_lora: False
  ttt_v_lora: False
  ttt_weight_decay: 0.5
  val_batch_tokens: 524288
  val_bytes_files: /workspace/caseops_data/datasets/datasets/fineweb10B_sp8192_lossless_caps_caseops_v1_reserved/fineweb_val_bytes_*.bin
  val_doc_fraction: 1.0
  val_files: /workspace/caseops_data/datasets/datasets/fineweb10B_sp8192_lossless_caps_caseops_v1_reserved/fineweb_val_*.bin
  val_loss_every: 0
  vocab_size: 8192
  warmdown_frac: 0.85
  warmup_steps: 20
  world_size: 8
  xsa_last_n: 11
train_shards: 80
val_tokens: 47851520
model_params:35945673
gptq:reserving 4s, effective=596000ms
warmup_cu_buckets:64,128,192,256 iters_each:3
warmup_step: 1/20
warmup_step: 2/20
warmup_step: 3/20
warmup_step: 4/20
warmup_step: 5/20
warmup_step: 6/20
warmup_step: 10/20
warmup_step: 20/20
loop_warmup:enabled encoder:[0, 1, 2, 3, 4, 5, 3, 4] decoder:[5, 3, 4, 5, 6, 7, 8, 9, 10]
loop_warmup_step: 1/20
loop_warmup_step: 2/20
loop_warmup_step: 3/20
loop_warmup_step: 4/20
loop_warmup_step: 5/20
loop_warmup_step: 6/20
loop_warmup_step: 10/20
loop_warmup_step: 20/20
1/20000 train_loss: 9.0087 train_time: 0.0m tok/s: 15547692
2/20000 train_loss: 12.8321 train_time: 0.0m tok/s: 11636237
3/20000 train_loss: 10.2131 train_time: 0.0m tok/s: 10288997
4/20000 train_loss: 8.6912 train_time: 0.0m tok/s: 9753434
5/20000 train_loss: 7.9433 train_time: 0.0m tok/s: 9438258
500/20000 train_loss: 2.5615 train_time: 0.8m tok/s: 8237080
1000/20000 train_loss: 2.7985 train_time: 1.6m tok/s: 8188635
1500/20000 train_loss: 2.6166 train_time: 2.4m tok/s: 8174697
2000/20000 train_loss: 2.6526 train_time: 3.2m tok/s: 8169661
layer_loop:enabled step:2166 frac:0.350 encoder:[0, 1, 2, 3, 4, 5, 3, 4] decoder:[5, 3, 4, 5, 6, 7, 8, 9, 10]
2500/20000 train_loss: 2.5385 train_time: 4.3m tok/s: 7689716
3000/20000 train_loss: 2.5543 train_time: 5.4m tok/s: 7236758
3500/20000 train_loss: 2.5558 train_time: 6.6m tok/s: 6944794
4000/20000 train_loss: 2.4025 train_time: 7.8m tok/s: 6734630
4500/20000 train_loss: 2.2746 train_time: 9.0m tok/s: 6585085
4917/20000 val_loss: 2.3488 val_bpb: 1.0732
stopping_early: wallclock_cap train_time: 596041ms step: 4917/20000
peak memory allocated: 41720 MiB reserved: 47014 MiB
ema:applying EMA weights
diagnostic pre-quantization post-ema val_loss:2.32342496 val_bpb:1.06162201 eval_time:9526ms
Serialized model: 135418111 bytes
Code size (uncompressed): 171669 bytes
Code size (compressed): 34142 bytes
GPTQ:collecting Hessians from calibration data...
GPTQ:collected 67 Hessians in 4.1s
Quantized weights:
  gate_int8_row: blocks.attn.attn_gate_w
  gptq (int6): blocks.attn.c_k.weight, blocks.attn.c_q.weight, blocks.attn.c_v.weight, blocks.attn.proj.weight, blocks.mlp.fc.weight, blocks.mlp.proj.weight
  gptq (int6)+lqer_asym: blocks.mlp.fc.weight
  gptq (int7)+awqgrpint8+lqer_asym: tok_emb.weight
  passthrough (float16): blocks.attn.q_gain, blocks.attn_scale, blocks.mlp_scale, blocks.resid_mix, parallel_post_lambdas, parallel_resid_lambdas, skip_gates, skip_weights, smear_gate.weight, smear_lambda, softcap_neg, softcap_pos
Serialize: per-group lrzip compression...
Serialize: per-group compression done in 120.3s
Serialized model quantized+pergroup: 15944031 bytes
Total submission size quantized+pergroup: 15978173 bytes
Deserialize: per-group lrzip decompression...
Deserialize: decompression done in 21.1s
diagnostic quantized val_loss:2.34179299 val_bpb:1.07001475 eval_time:81171ms
Deserialize: per-group lrzip decompression...
Deserialize: decompression done in 20.8s
ttt_lora:warming up compile (random tokens, no val data)

ttt_lora:compile warmup done (148.6s)

beginning TTT eval timer
ttt_phased: total_docs:50000 prefix_docs:2750 suffix_docs:47250 num_phases:3 boundaries:[916, 1833, 2750]
ttp: b780/782 bl:2.2334 bb:1.0759 rl:2.2334 rb:1.0759 dl:13091-17244 gd:0
ttp: b764/782 bl:2.2871 bb:1.0713 rl:2.2456 rb:1.0748 dl:4284-4392 gd:0
ttpp: phase:1/3 pd:1360 gd:916 t:234.9s
tttg: c1/142 lr:0.001000 t:1.9s
tttg: c2/142 lr:0.001000 t:2.0s
tttg: c3/142 lr:0.001000 t:2.2s
tttg: c4/142 lr:0.000999 t:2.2s
tttg: c5/142 lr:0.000998 t:2.3s
tttg: c6/142 lr:0.000997 t:2.4s
tttg: c7/142 lr:0.000996 t:2.5s
tttg: c8/142 lr:0.000994 t:2.6s
tttg: c9/142 lr:0.000992 t:2.6s
tttg: c10/142 lr:0.000990 t:2.7s
tttg: c11/142 lr:0.000988 t:2.8s
tttg: c12/142 lr:0.000985 t:2.9s
tttg: c13/142 lr:0.000982 t:3.0s
tttg: c14/142 lr:0.000979 t:3.1s
tttg: c15/142 lr:0.000976 t:3.1s
tttg: c16/142 lr:0.000972 t:3.2s
tttg: c17/142 lr:0.000969 t:3.3s
tttg: c18/142 lr:0.000965 t:3.4s
tttg: c19/142 lr:0.000960 t:3.5s
tttg: c20/142 lr:0.000956 t:3.5s
tttg: c21/142 lr:0.000951 t:3.6s
tttg: c22/142 lr:0.000946 t:3.7s
tttg: c23/142 lr:0.000941 t:3.8s
tttg: c24/142 lr:0.000936 t:3.9s
tttg: c25/142 lr:0.000930 t:3.9s
tttg: c26/142 lr:0.000924 t:4.0s
tttg: c27/142 lr:0.000918 t:4.1s
tttg: c28/142 lr:0.000912 t:4.2s
tttg: c29/142 lr:0.000906 t:4.3s
tttg: c30/142 lr:0.000899 t:4.3s
tttg: c31/142 lr:0.000892 t:4.4s
tttg: c32/142 lr:0.000885 t:4.5s
tttg: c33/142 lr:0.000878 t:4.6s
tttg: c34/142 lr:0.000871 t:4.7s
tttg: c35/142 lr:0.000863 t:4.7s
tttg: c36/142 lr:0.000856 t:4.8s
tttg: c37/142 lr:0.000848 t:4.9s
tttg: c38/142 lr:0.000840 t:5.0s
tttg: c39/142 lr:0.000831 t:5.1s
tttg: c40/142 lr:0.000823 t:5.2s
tttg: c41/142 lr:0.000814 t:5.2s
tttg: c42/142 lr:0.000805 t:5.3s
tttg: c43/142 lr:0.000797 t:5.4s
tttg: c44/142 lr:0.000788 t:5.5s
tttg: c45/142 lr:0.000778 t:5.6s
tttg: c46/142 lr:0.000769 t:5.6s
tttg: c47/142 lr:0.000760 t:5.7s
tttg: c48/142 lr:0.000750 t:5.8s
tttg: c49/142 lr:0.000740 t:5.9s
tttg: c50/142 lr:0.000730 t:6.0s
tttg: c51/142 lr:0.000721 t:6.0s
tttg: c52/142 lr:0.000710 t:6.1s
tttg: c53/142 lr:0.000700 t:6.2s
tttg: c54/142 lr:0.000690 t:6.3s
tttg: c55/142 lr:0.000680 t:6.4s
tttg: c56/142 lr:0.000669 t:6.5s
tttg: c57/142 lr:0.000659 t:6.5s
tttg: c58/142 lr:0.000648 t:6.6s
tttg: c59/142 lr:0.000637 t:6.7s
tttg: c60/142 lr:0.000627 t:6.8s
tttg: c61/142 lr:0.000616 t:6.9s
tttg: c62/142 lr:0.000605 t:6.9s
tttg: c63/142 lr:0.000594 t:7.0s
tttg: c64/142 lr:0.000583 t:7.1s
tttg: c65/142 lr:0.000572 t:7.2s
tttg: c66/142 lr:0.000561 t:7.3s
tttg: c67/142 lr:0.000550 t:7.3s
tttg: c68/142 lr:0.000539 t:7.4s
tttg: c69/142 lr:0.000528 t:7.5s
tttg: c70/142 lr:0.000517 t:7.6s
tttg: c71/142 lr:0.000506 t:7.7s
tttg: c72/142 lr:0.000494 t:7.7s
tttg: c73/142 lr:0.000483 t:7.8s
tttg: c74/142 lr:0.000472 t:7.9s
tttg: c75/142 lr:0.000461 t:8.0s
tttg: c76/142 lr:0.000450 t:8.1s
tttg: c77/142 lr:0.000439 t:8.2s
tttg: c78/142 lr:0.000428 t:8.2s
tttg: c79/142 lr:0.000417 t:8.3s
tttg: c80/142 lr:0.000406 t:8.4s
tttg: c81/142 lr:0.000395 t:8.5s
tttg: c82/142 lr:0.000384 t:8.6s
tttg: c83/142 lr:0.000373 t:8.6s
tttg: c84/142 lr:0.000363 t:8.7s
tttg: c85/142 lr:0.000352 t:8.8s
tttg: c86/142 lr:0.000341 t:8.9s
tttg: c87/142 lr:0.000331 t:9.0s
tttg: c88/142 lr:0.000320 t:9.0s
tttg: c89/142 lr:0.000310 t:9.1s
tttg: c90/142 lr:0.000300 t:9.2s
tttg: c91/142 lr:0.000290 t:9.3s
tttg: c92/142 lr:0.000279 t:9.4s
tttg: c93/142 lr:0.000270 t:9.4s
tttg: c94/142 lr:0.000260 t:9.5s
tttg: c95/142 lr:0.000250 t:9.6s
tttg: c96/142 lr:0.000240 t:9.7s
tttg: c97/142 lr:0.000231 t:9.8s
tttg: c98/142 lr:0.000222 t:9.8s
tttg: c99/142 lr:0.000212 t:9.9s
tttg: c100/142 lr:0.000203 t:10.0s
tttg: c101/142 lr:0.000195 t:10.1s
tttg: c102/142 lr:0.000186 t:10.2s
tttg: c103/142 lr:0.000177 t:10.3s
tttg: c104/142 lr:0.000169 t:10.3s
tttg: c105/142 lr:0.000160 t:10.4s
tttg: c106/142 lr:0.000152 t:10.5s
tttg: c107/142 lr:0.000144 t:10.6s
tttg: c108/142 lr:0.000137 t:10.7s
tttg: c109/142 lr:0.000129 t:10.7s
tttg: c110/142 lr:0.000122 t:10.8s
tttg: c111/142 lr:0.000115 t:10.9s
tttg: c112/142 lr:0.000108 t:11.0s
tttg: c113/142 lr:0.000101 t:11.1s
tttg: c114/142 lr:0.000094 t:11.1s
tttg: c115/142 lr:0.000088 t:11.2s
tttg: c116/142 lr:0.000082 t:11.3s
tttg: c117/142 lr:0.000076 t:11.4s
tttg: c118/142 lr:0.000070 t:11.5s
tttg: c119/142 lr:0.000064 t:11.5s
tttg: c120/142 lr:0.000059 t:11.6s
tttg: c121/142 lr:0.000054 t:11.7s
tttg: c122/142 lr:0.000049 t:11.8s
tttg: c123/142 lr:0.000044 t:11.9s
tttg: c124/142 lr:0.000040 t:12.0s
tttg: c125/142 lr:0.000035 t:12.0s
tttg: c126/142 lr:0.000031 t:12.1s
tttg: c127/142 lr:0.000028 t:12.2s
tttg: c128/142 lr:0.000024 t:12.3s
tttg: c129/142 lr:0.000021 t:12.4s
tttg: c130/142 lr:0.000018 t:12.4s
tttg: c131/142 lr:0.000015 t:12.5s
tttg: c132/142 lr:0.000012 t:12.6s
tttg: c133/142 lr:0.000010 t:12.7s
tttg: c134/142 lr:0.000008 t:12.8s
tttg: c135/142 lr:0.000006 t:12.8s
tttg: c136/142 lr:0.000004 t:12.9s
tttg: c137/142 lr:0.000003 t:13.0s
tttg: c138/142 lr:0.000002 t:13.1s
tttg: c139/142 lr:0.000001 t:13.2s
tttg: c140/142 lr:0.000000 t:13.3s
tttg: c141/142 lr:0.000000 t:13.3s
ttpr: phase:1/3 t:249.3s
ttp: b754/782 bl:2.2818 bb:1.0555 rl:2.2511 rb:1.0718 dl:3345-3397 gd:0
ttp: b751/782 bl:2.3008 bb:1.0300 rl:2.2573 rb:1.0663 dl:3150-3221 gd:0
ttp: b747/782 bl:2.2927 bb:1.0478 rl:2.2609 rb:1.0644 dl:2944-2991 gd:0
ttpp: phase:2/3 pd:2320 gd:1833 t:353.3s
tttg: c1/231 lr:0.001000 t:0.1s
tttg: c2/231 lr:0.001000 t:0.2s
tttg: c3/231 lr:0.001000 t:0.2s
tttg: c4/231 lr:0.001000 t:0.3s
tttg: c5/231 lr:0.000999 t:0.4s
tttg: c6/231 lr:0.000999 t:0.5s
tttg: c7/231 lr:0.000998 t:0.6s
tttg: c8/231 lr:0.000998 t:0.6s
tttg: c9/231 lr:0.000997 t:0.7s
tttg: c10/231 lr:0.000996 t:0.8s
tttg: c11/231 lr:0.000995 t:0.9s
tttg: c12/231 lr:0.000994 t:1.0s
tttg: c13/231 lr:0.000993 t:1.0s
tttg: c14/231 lr:0.000992 t:1.1s
tttg: c15/231 lr:0.000991 t:1.2s
tttg: c16/231 lr:0.000990 t:1.3s
tttg: c17/231 lr:0.000988 t:1.4s
tttg: c18/231 lr:0.000987 t:1.5s
tttg: c19/231 lr:0.000985 t:1.5s
tttg: c20/231 lr:0.000983 t:1.6s
tttg: c21/231 lr:0.000981 t:1.7s
tttg: c22/231 lr:0.000980 t:1.8s
tttg: c23/231 lr:0.000978 t:1.9s
tttg: c24/231 lr:0.000976 t:1.9s
tttg: c25/231 lr:0.000973 t:2.0s
tttg: c26/231 lr:0.000971 t:2.1s
tttg: c27/231 lr:0.000969 t:2.2s
tttg: c28/231 lr:0.000966 t:2.3s
tttg: c29/231 lr:0.000964 t:2.4s
tttg: c30/231 lr:0.000961 t:2.4s
tttg: c31/231 lr:0.000959 t:2.5s
tttg: c32/231 lr:0.000956 t:2.6s
tttg: c33/231 lr:0.000953 t:2.7s
tttg: c34/231 lr:0.000950 t:2.7s
tttg: c35/231 lr:0.000947 t:2.8s
tttg: c36/231 lr:0.000944 t:2.9s
tttg: c37/231 lr:0.000941 t:3.0s
tttg: c38/231 lr:0.000937 t:3.1s
tttg: c39/231 lr:0.000934 t:3.2s
tttg: c40/231 lr:0.000931 t:3.2s
tttg: c41/231 lr:0.000927 t:3.3s
tttg: c42/231 lr:0.000924 t:3.4s
tttg: c43/231 lr:0.000920 t:3.5s
tttg: c44/231 lr:0.000916 t:3.6s
tttg: c45/231 lr:0.000912 t:3.6s
tttg: c46/231 lr:0.000908 t:3.7s
tttg: c47/231 lr:0.000905 t:3.8s
tttg: c48/231 lr:0.000900 t:3.9s
tttg: c49/231 lr:0.000896 t:4.0s
tttg: c50/231 lr:0.000892 t:4.0s
tttg: c51/231 lr:0.000888 t:4.1s
tttg: c52/231 lr:0.000884 t:4.2s
tttg: c53/231 lr:0.000879 t:4.3s
tttg: c54/231 lr:0.000875 t:4.4s
tttg: c55/231 lr:0.000870 t:4.4s
tttg: c56/231 lr:0.000865 t:4.5s
tttg: c57/231 lr:0.000861 t:4.6s
tttg: c58/231 lr:0.000856 t:4.7s
tttg: c59/231 lr:0.000851 t:4.8s
tttg: c60/231 lr:0.000846 t:4.8s
tttg: c61/231 lr:0.000841 t:4.9s
tttg: c62/231 lr:0.000836 t:5.0s
tttg: c63/231 lr:0.000831 t:5.1s
tttg: c64/231 lr:0.000826 t:5.2s
tttg: c65/231 lr:0.000821 t:5.3s
tttg: c66/231 lr:0.000816 t:5.3s
tttg: c67/231 lr:0.000810 t:5.4s
tttg: c68/231 lr:0.000805 t:5.5s
tttg: c69/231 lr:0.000799 t:5.6s
tttg: c70/231 lr:0.000794 t:5.7s
tttg: c71/231 lr:0.000788 t:5.7s
tttg: c72/231 lr:0.000783 t:5.8s
tttg: c73/231 lr:0.000777 t:5.9s
tttg: c74/231 lr:0.000771 t:6.0s
tttg: c75/231 lr:0.000766 t:6.1s
tttg: c76/231 lr:0.000760 t:6.1s
tttg: c77/231 lr:0.000754 t:6.2s
tttg: c78/231 lr:0.000748 t:6.3s
tttg: c79/231 lr:0.000742 t:6.4s
tttg: c80/231 lr:0.000736 t:6.5s
tttg: c81/231 lr:0.000730 t:6.5s
tttg: c82/231 lr:0.000724 t:6.6s
tttg: c83/231 lr:0.000718 t:6.7s
tttg: c84/231 lr:0.000712 t:6.8s
tttg: c85/231 lr:0.000705 t:6.9s
tttg: c86/231 lr:0.000699 t:6.9s
tttg: c87/231 lr:0.000693 t:7.0s
tttg: c88/231 lr:0.000687 t:7.1s
tttg: c89/231 lr:0.000680 t:7.2s
tttg: c90/231 lr:0.000674 t:7.3s
tttg: c91/231 lr:0.000667 t:7.4s
tttg: c92/231 lr:0.000661 t:7.4s
tttg: c93/231 lr:0.000655 t:7.5s
tttg: c94/231 lr:0.000648 t:7.6s
tttg: c95/231 lr:0.000641 t:7.7s
tttg: c96/231 lr:0.000635 t:7.8s
tttg: c97/231 lr:0.000628 t:7.8s
tttg: c98/231 lr:0.000622 t:7.9s
tttg: c99/231 lr:0.000615 t:8.0s
tttg: c100/231 lr:0.000608 t:8.1s
tttg: c101/231 lr:0.000602 t:8.2s
tttg: c102/231 lr:0.000595 t:8.3s
tttg: c103/231 lr:0.000588 t:8.3s
tttg: c104/231 lr:0.000582 t:8.4s
tttg: c105/231 lr:0.000575 t:8.5s
tttg: c106/231 lr:0.000568 t:8.6s
tttg: c107/231 lr:0.000561 t:8.7s
tttg: c108/231 lr:0.000555 t:8.7s
tttg: c109/231 lr:0.000548 t:8.8s
tttg: c110/231 lr:0.000541 t:8.9s
tttg: c111/231 lr:0.000534 t:9.0s
tttg: c112/231 lr:0.000527 t:9.1s
tttg: c113/231 lr:0.000520 t:9.1s
tttg: c114/231 lr:0.000514 t:9.2s
tttg: c115/231 lr:0.000507 t:9.3s
tttg: c116/231 lr:0.000500 t:9.4s
tttg: c117/231 lr:0.000493 t:9.5s
tttg: c118/231 lr:0.000486 t:9.5s
tttg: c119/231 lr:0.000480 t:9.6s
tttg: c120/231 lr:0.000473 t:9.7s
tttg: c121/231 lr:0.000466 t:9.8s
tttg: c122/231 lr:0.000459 t:9.9s
tttg: c123/231 lr:0.000452 t:10.0s
tttg: c124/231 lr:0.000445 t:10.0s
tttg: c125/231 lr:0.000439 t:10.1s
tttg: c126/231 lr:0.000432 t:10.2s
tttg: c127/231 lr:0.000425 t:10.3s
tttg: c128/231 lr:0.000418 t:10.3s
tttg: c129/231 lr:0.000412 t:10.4s
tttg: c130/231 lr:0.000405 t:10.5s
tttg: c131/231 lr:0.000398 t:10.6s
tttg: c132/231 lr:0.000392 t:10.7s
tttg: c133/231 lr:0.000385 t:10.8s
tttg: c134/231 lr:0.000378 t:10.8s
tttg: c135/231 lr:0.000372 t:10.9s
tttg: c136/231 lr:0.000365 t:11.0s
tttg: c137/231 lr:0.000359 t:11.1s
tttg: c138/231 lr:0.000352 t:11.2s
tttg: c139/231 lr:0.000345 t:11.2s
tttg: c140/231 lr:0.000339 t:11.3s
tttg: c141/231 lr:0.000333 t:11.4s
tttg: c142/231 lr:0.000326 t:11.5s
tttg: c143/231 lr:0.000320 t:11.6s
tttg: c144/231 lr:0.000313 t:11.7s
tttg: c145/231 lr:0.000307 t:11.7s
tttg: c146/231 lr:0.000301 t:11.8s
tttg: c147/231 lr:0.000295 t:11.9s
tttg: c148/231 lr:0.000288 t:12.0s
tttg: c149/231 lr:0.000282 t:12.1s
tttg: c150/231 lr:0.000276 t:12.2s
tttg: c151/231 lr:0.000270 t:12.2s
tttg: c152/231 lr:0.000264 t:12.3s
tttg: c153/231 lr:0.000258 t:12.4s
tttg: c154/231 lr:0.000252 t:12.5s
tttg: c155/231 lr:0.000246 t:12.5s
tttg: c156/231 lr:0.000240 t:12.6s
tttg: c157/231 lr:0.000234 t:12.7s
tttg: c158/231 lr:0.000229 t:12.8s
tttg: c159/231 lr:0.000223 t:12.9s
tttg: c160/231 lr:0.000217 t:12.9s
tttg: c161/231 lr:0.000212 t:13.0s
tttg: c162/231 lr:0.000206 t:13.1s
tttg: c163/231 lr:0.000201 t:13.2s
tttg: c164/231 lr:0.000195 t:13.3s
tttg: c165/231 lr:0.000190 t:13.3s
tttg: c166/231 lr:0.000184 t:13.4s
tttg: c167/231 lr:0.000179 t:13.5s
tttg: c168/231 lr:0.000174 t:13.6s
tttg: c169/231 lr:0.000169 t:13.7s
tttg: c170/231 lr:0.000164 t:13.8s
tttg: c171/231 lr:0.000159 t:13.8s
tttg: c172/231 lr:0.000154 t:13.9s
tttg: c173/231 lr:0.000149 t:14.0s
tttg: c174/231 lr:0.000144 t:14.1s
tttg: c175/231 lr:0.000139 t:14.2s
tttg: c176/231 lr:0.000135 t:14.2s
tttg: c177/231 lr:0.000130 t:14.3s
tttg: c178/231 lr:0.000125 t:14.4s
tttg: c179/231 lr:0.000121 t:14.5s
tttg: c180/231 lr:0.000116 t:14.6s
tttg: c181/231 lr:0.000112 t:14.6s
tttg: c182/231 lr:0.000108 t:14.7s
tttg: c183/231 lr:0.000104 t:14.8s
tttg: c184/231 lr:0.000100 t:14.9s
tttg: c185/231 lr:0.000095 t:14.9s
tttg: c186/231 lr:0.000092 t:15.0s
tttg: c187/231 lr:0.000088 t:15.1s
tttg: c188/231 lr:0.000084 t:15.2s
tttg: c189/231 lr:0.000080 t:15.3s
tttg: c190/231 lr:0.000076 t:15.4s
tttg: c191/231 lr:0.000073 t:15.4s
tttg: c192/231 lr:0.000069 t:15.5s
tttg: c193/231 lr:0.000066 t:15.6s
tttg: c194/231 lr:0.000063 t:15.7s
tttg: c195/231 lr:0.000059 t:15.8s
tttg: c196/231 lr:0.000056 t:15.8s
tttg: c197/231 lr:0.000053 t:15.9s
tttg: c198/231 lr:0.000050 t:16.0s
tttg: c199/231 lr:0.000047 t:16.1s
tttg: c200/231 lr:0.000044 t:16.2s
tttg: c201/231 lr:0.000041 t:16.2s
tttg: c202/231 lr:0.000039 t:16.3s
tttg: c203/231 lr:0.000036 t:16.4s
tttg: c204/231 lr:0.000034 t:16.5s
tttg: c205/231 lr:0.000031 t:16.6s
tttg: c206/231 lr:0.000029 t:16.6s
tttg: c207/231 lr:0.000027 t:16.7s
tttg: c208/231 lr:0.000024 t:16.8s
tttg: c209/231 lr:0.000022 t:16.9s
tttg: c210/231 lr:0.000020 t:17.0s
tttg: c211/231 lr:0.000019 t:17.0s
tttg: c212/231 lr:0.000017 t:17.1s
tttg: c213/231 lr:0.000015 t:17.2s
tttg: c214/231 lr:0.000013 t:17.3s
tttg: c215/231 lr:0.000012 t:17.4s
tttg: c216/231 lr:0.000010 t:17.4s
tttg: c217/231 lr:0.000009 t:17.5s
tttg: c218/231 lr:0.000008 t:17.6s
tttg: c219/231 lr:0.000007 t:17.7s
tttg: c220/231 lr:0.000006 t:17.8s
tttg: c221/231 lr:0.000005 t:17.8s
tttg: c222/231 lr:0.000004 t:17.9s
tttg: c223/231 lr:0.000003 t:18.0s
tttg: c224/231 lr:0.000002 t:18.1s
tttg: c225/231 lr:0.000002 t:18.2s
tttg: c226/231 lr:0.000001 t:18.2s
tttg: c227/231 lr:0.000001 t:18.3s
tttg: c228/231 lr:0.000000 t:18.4s
tttg: c229/231 lr:0.000000 t:18.5s
tttg: c230/231 lr:0.000000 t:18.6s
ttpr: phase:2/3 t:372.9s
ttp: b739/782 bl:2.2882 bb:1.0209 rl:2.2633 rb:1.0605 dl:2619-2652 gd:0
ttp: b736/782 bl:2.2373 bb:1.0541 rl:2.2613 rb:1.0600 dl:2526-2550 gd:0
ttpp: phase:3/3 pd:3216 gd:2750 t:386.6s
tttg: c1/307 lr:0.001000 t:0.1s
tttg: c2/307 lr:0.001000 t:0.2s
tttg: c3/307 lr:0.001000 t:0.2s
tttg: c4/307 lr:0.001000 t:0.3s
tttg: c5/307 lr:0.001000 t:0.4s
tttg: c6/307 lr:0.000999 t:0.5s
tttg: c7/307 lr:0.000999 t:0.5s
tttg: c8/307 lr:0.000999 t:0.6s
tttg: c9/307 lr:0.000998 t:0.7s
tttg: c10/307 lr:0.000998 t:0.8s
tttg: c11/307 lr:0.000997 t:0.9s
tttg: c12/307 lr:0.000997 t:0.9s
tttg: c13/307 lr:0.000996 t:1.0s
tttg: c14/307 lr:0.000996 t:1.1s
tttg: c15/307 lr:0.000995 t:1.2s
tttg: c16/307 lr:0.000994 t:1.3s
tttg: c17/307 lr:0.000993 t:1.3s
tttg: c18/307 lr:0.000992 t:1.4s
tttg: c19/307 lr:0.000991 t:1.5s
tttg: c20/307 lr:0.000991 t:1.6s
tttg: c21/307 lr:0.000989 t:1.6s
tttg: c22/307 lr:0.000988 t:1.7s
tttg: c23/307 lr:0.000987 t:1.8s
tttg: c24/307 lr:0.000986 t:1.9s
tttg: c25/307 lr:0.000985 t:2.0s
tttg: c26/307 lr:0.000984 t:2.1s
tttg: c27/307 lr:0.000982 t:2.1s
tttg: c28/307 lr:0.000981 t:2.2s
tttg: c29/307 lr:0.000979 t:2.3s
tttg: c30/307 lr:0.000978 t:2.4s
tttg: c31/307 lr:0.000976 t:2.5s
tttg: c32/307 lr:0.000975 t:2.5s
tttg: c33/307 lr:0.000973 t:2.6s
tttg: c34/307 lr:0.000972 t:2.7s
tttg: c35/307 lr:0.000970 t:2.8s
tttg: c36/307 lr:0.000968 t:2.9s
tttg: c37/307 lr:0.000966 t:2.9s
tttg: c38/307 lr:0.000964 t:3.0s
tttg: c39/307 lr:0.000962 t:3.1s
tttg: c40/307 lr:0.000960 t:3.2s
tttg: c41/307 lr:0.000958 t:3.3s
tttg: c42/307 lr:0.000956 t:3.3s
tttg: c43/307 lr:0.000954 t:3.4s
tttg: c44/307 lr:0.000952 t:3.5s
tttg: c45/307 lr:0.000950 t:3.6s
tttg: c46/307 lr:0.000948 t:3.7s
tttg: c47/307 lr:0.000945 t:3.7s
tttg: c48/307 lr:0.000943 t:3.8s
tttg: c49/307 lr:0.000941 t:3.9s
tttg: c50/307 lr:0.000938 t:4.0s
tttg: c51/307 lr:0.000936 t:4.1s
tttg: c52/307 lr:0.000933 t:4.1s
tttg: c53/307 lr:0.000930 t:4.2s
tttg: c54/307 lr:0.000928 t:4.3s
tttg: c55/307 lr:0.000925 t:4.4s
tttg: c56/307 lr:0.000922 t:4.5s
tttg: c57/307 lr:0.000920 t:4.5s
tttg: c58/307 lr:0.000917 t:4.6s
tttg: c59/307 lr:0.000914 t:4.7s
tttg: c60/307 lr:0.000911 t:4.8s
tttg: c61/307 lr:0.000908 t:4.9s
tttg: c62/307 lr:0.000905 t:4.9s
tttg: c63/307 lr:0.000902 t:5.0s
tttg: c64/307 lr:0.000899 t:5.1s
tttg: c65/307 lr:0.000896 t:5.2s
tttg: c66/307 lr:0.000893 t:5.3s
tttg: c67/307 lr:0.000890 t:5.3s
tttg: c68/307 lr:0.000886 t:5.4s
tttg: c69/307 lr:0.000883 t:5.5s
tttg: c70/307 lr:0.000880 t:5.6s
tttg: c71/307 lr:0.000876 t:5.7s
tttg: c72/307 lr:0.000873 t:5.7s
tttg: c73/307 lr:0.000870 t:5.8s
tttg: c74/307 lr:0.000866 t:5.9s
tttg: c75/307 lr:0.000863 t:6.0s
tttg: c76/307 lr:0.000859 t:6.1s
tttg: c77/307 lr:0.000855 t:6.1s
tttg: c78/307 lr:0.000852 t:6.2s
tttg: c79/307 lr:0.000848 t:6.3s
tttg: c80/307 lr:0.000844 t:6.4s
tttg: c81/307 lr:0.000841 t:6.5s
tttg: c82/307 lr:0.000837 t:6.5s
tttg: c83/307 lr:0.000833 t:6.6s
tttg: c84/307 lr:0.000829 t:6.7s
tttg: c85/307 lr:0.000825 t:6.8s
tttg: c86/307 lr:0.000821 t:6.9s
tttg: c87/307 lr:0.000817 t:7.0s
tttg: c88/307 lr:0.000813 t:7.0s
tttg: c89/307 lr:0.000809 t:7.1s
tttg: c90/307 lr:0.000805 t:7.2s
tttg: c91/307 lr:0.000801 t:7.3s
tttg: c92/307 lr:0.000797 t:7.4s
tttg: c93/307 lr:0.000793 t:7.4s
tttg: c94/307 lr:0.000789 t:7.5s
tttg: c95/307 lr:0.000785 t:7.6s
tttg: c96/307 lr:0.000780 t:7.7s
tttg: c97/307 lr:0.000776 t:7.8s
tttg: c98/307 lr:0.000772 t:7.8s
tttg: c99/307 lr:0.000768 t:7.9s
tttg: c100/307 lr:0.000763 t:8.0s
tttg: c101/307 lr:0.000759 t:8.1s
tttg: c102/307 lr:0.000754 t:8.1s
tttg: c103/307 lr:0.000750 t:8.2s
tttg: c104/307 lr:0.000746 t:8.3s
tttg: c105/307 lr:0.000741 t:8.4s
tttg: c106/307 lr:0.000737 t:8.5s
tttg: c107/307 lr:0.000732 t:8.6s
tttg: c108/307 lr:0.000727 t:8.6s
tttg: c109/307 lr:0.000723 t:8.7s
tttg: c110/307 lr:0.000718 t:8.8s
tttg: c111/307 lr:0.000714 t:8.9s
tttg: c112/307 lr:0.000709 t:8.9s
tttg: c113/307 lr:0.000704 t:9.0s
tttg: c114/307 lr:0.000700 t:9.1s
tttg: c115/307 lr:0.000695 t:9.2s
tttg: c116/307 lr:0.000690 t:9.3s
tttg: c117/307 lr:0.000685 t:9.3s
tttg: c118/307 lr:0.000681 t:9.4s
tttg: c119/307 lr:0.000676 t:9.5s
tttg: c120/307 lr:0.000671 t:9.6s
tttg: c121/307 lr:0.000666 t:9.7s
tttg: c122/307 lr:0.000661 t:9.7s
tttg: c123/307 lr:0.000656 t:9.8s
tttg: c124/307 lr:0.000652 t:9.9s
tttg: c125/307 lr:0.000647 t:10.0s
tttg: c126/307 lr:0.000642 t:10.1s
tttg: c127/307 lr:0.000637 t:10.1s
tttg: c128/307 lr:0.000632 t:10.2s
tttg: c129/307 lr:0.000627 t:10.3s
tttg: c130/307 lr:0.000622 t:10.4s
tttg: c131/307 lr:0.000617 t:10.5s
tttg: c132/307 lr:0.000612 t:10.5s
tttg: c133/307 lr:0.000607 t:10.6s
tttg: c134/307 lr:0.000602 t:10.7s
tttg: c135/307 lr:0.000597 t:10.8s
tttg: c136/307 lr:0.000592 t:10.9s
tttg: c137/307 lr:0.000587 t:10.9s
tttg: c138/307 lr:0.000582 t:11.0s
tttg: c139/307 lr:0.000577 t:11.1s
tttg: c140/307 lr:0.000572 t:11.2s
tttg: c141/307 lr:0.000567 t:11.3s
tttg: c142/307 lr:0.000561 t:11.4s
tttg: c143/307 lr:0.000556 t:11.4s
tttg: c144/307 lr:0.000551 t:11.5s
tttg: c145/307 lr:0.000546 t:11.6s
tttg: c146/307 lr:0.000541 t:11.7s
tttg: c147/307 lr:0.000536 t:11.7s
tttg: c148/307 lr:0.000531 t:11.8s
tttg: c149/307 lr:0.000526 t:11.9s
tttg: c150/307 lr:0.000521 t:12.0s
tttg: c151/307 lr:0.000515 t:12.1s
tttg: c152/307 lr:0.000510 t:12.1s
tttg: c153/307 lr:0.000505 t:12.2s
tttg: c154/307 lr:0.000500 t:12.3s
tttg: c155/307 lr:0.000495 t:12.4s
tttg: c156/307 lr:0.000490 t:12.5s
tttg: c157/307 lr:0.000485 t:12.5s
tttg: c158/307 lr:0.000479 t:12.6s
tttg: c159/307 lr:0.000474 t:12.7s
tttg: c160/307 lr:0.000469 t:12.8s
tttg: c161/307 lr:0.000464 t:12.8s
tttg: c162/307 lr:0.000459 t:12.9s
tttg: c163/307 lr:0.000454 t:13.0s
tttg: c164/307 lr:0.000449 t:13.1s
tttg: c165/307 lr:0.000444 t:13.2s
tttg: c166/307 lr:0.000439 t:13.3s
tttg: c167/307 lr:0.000433 t:13.3s
tttg: c168/307 lr:0.000428 t:13.4s
tttg: c169/307 lr:0.000423 t:13.5s
tttg: c170/307 lr:0.000418 t:13.6s
tttg: c171/307 lr:0.000413 t:13.7s
tttg: c172/307 lr:0.000408 t:13.7s
tttg: c173/307 lr:0.000403 t:13.8s
tttg: c174/307 lr:0.000398 t:13.9s
tttg: c175/307 lr:0.000393 t:14.0s
tttg: c176/307 lr:0.000388 t:14.0s
tttg: c177/307 lr:0.000383 t:14.1s
tttg: c178/307 lr:0.000378 t:14.2s
tttg: c179/307 lr:0.000373 t:14.3s
tttg: c180/307 lr:0.000368 t:14.4s
tttg: c181/307 lr:0.000363 t:14.5s
tttg: c182/307 lr:0.000358 t:14.5s
tttg: c183/307 lr:0.000353 t:14.6s
tttg: c184/307 lr:0.000348 t:14.7s
tttg: c185/307 lr:0.000344 t:14.8s
tttg: c186/307 lr:0.000339 t:14.9s
tttg: c187/307 lr:0.000334 t:14.9s
tttg: c188/307 lr:0.000329 t:15.0s
tttg: c189/307 lr:0.000324 t:15.1s
tttg: c190/307 lr:0.000319 t:15.2s
tttg: c191/307 lr:0.000315 t:15.3s
tttg: c192/307 lr:0.000310 t:15.3s
tttg: c193/307 lr:0.000305 t:15.4s
tttg: c194/307 lr:0.000300 t:15.5s
tttg: c195/307 lr:0.000296 t:15.6s
tttg: c196/307 lr:0.000291 t:15.7s
tttg: c197/307 lr:0.000286 t:15.7s
tttg: c198/307 lr:0.000282 t:15.8s
tttg: c199/307 lr:0.000277 t:15.9s
tttg: c200/307 lr:0.000273 t:16.0s
tttg: c201/307 lr:0.000268 t:16.1s
tttg: c202/307 lr:0.000263 t:16.1s
tttg: c203/307 lr:0.000259 t:16.2s
tttg: c204/307 lr:0.000254 t:16.3s
tttg: c205/307 lr:0.000250 t:16.4s
tttg: c206/307 lr:0.000246 t:16.5s
tttg: c207/307 lr:0.000241 t:16.5s
tttg: c208/307 lr:0.000237 t:16.6s
tttg: c209/307 lr:0.000232 t:16.7s
tttg: c210/307 lr:0.000228 t:16.8s
tttg: c211/307 lr:0.000224 t:16.9s
tttg: c212/307 lr:0.000220 t:17.0s
tttg: c213/307 lr:0.000215 t:17.0s
tttg: c214/307 lr:0.000211 t:17.1s
tttg: c215/307 lr:0.000207 t:17.2s
tttg: c216/307 lr:0.000203 t:17.3s
tttg: c217/307 lr:0.000199 t:17.3s
tttg: c218/307 lr:0.000195 t:17.4s
tttg: c219/307 lr:0.000191 t:17.5s
tttg: c220/307 lr:0.000187 t:17.6s
tttg: c221/307 lr:0.000183 t:17.7s
tttg: c222/307 lr:0.000179 t:17.7s
tttg: c223/307 lr:0.000175 t:17.8s
tttg: c224/307 lr:0.000171 t:17.9s
tttg: c225/307 lr:0.000167 t:18.0s
tttg: c226/307 lr:0.000163 t:18.1s
tttg: c227/307 lr:0.000159 t:18.1s
tttg: c228/307 lr:0.000156 t:18.2s
tttg: c229/307 lr:0.000152 t:18.3s
tttg: c230/307 lr:0.000148 t:18.4s
tttg: c231/307 lr:0.000145 t:18.5s
tttg: c232/307 lr:0.000141 t:18.5s
tttg: c233/307 lr:0.000137 t:18.6s
tttg: c234/307 lr:0.000134 t:18.7s
tttg: c235/307 lr:0.000130 t:18.8s
tttg: c236/307 lr:0.000127 t:18.9s
tttg: c237/307 lr:0.000124 t:19.0s
tttg: c238/307 lr:0.000120 t:19.0s
tttg: c239/307 lr:0.000117 t:19.1s
tttg: c240/307 lr:0.000114 t:19.2s
tttg: c241/307 lr:0.000110 t:19.3s
tttg: c242/307 lr:0.000107 t:19.3s
tttg: c243/307 lr:0.000104 t:19.4s
tttg: c244/307 lr:0.000101 t:19.5s
tttg: c245/307 lr:0.000098 t:19.6s
tttg: c246/307 lr:0.000095 t:19.7s
tttg: c247/307 lr:0.000092 t:19.7s
tttg: c248/307 lr:0.000089 t:19.8s
tttg: c249/307 lr:0.000086 t:19.9s
tttg: c250/307 lr:0.000083 t:20.0s
tttg: c251/307 lr:0.000080 t:20.1s
tttg: c252/307 lr:0.000078 t:20.2s
tttg: c253/307 lr:0.000075 t:20.2s
tttg: c254/307 lr:0.000072 t:20.3s
tttg: c255/307 lr:0.000070 t:20.4s
tttg: c256/307 lr:0.000067 t:20.5s
tttg: c257/307 lr:0.000064 t:20.5s
tttg: c258/307 lr:0.000062 t:20.6s
tttg: c259/307 lr:0.000059 t:20.7s
tttg: c260/307 lr:0.000057 t:20.8s
tttg: c261/307 lr:0.000055 t:20.9s
tttg: c262/307 lr:0.000052 t:20.9s
tttg: c263/307 lr:0.000050 t:21.0s
tttg: c264/307 lr:0.000048 t:21.1s
tttg: c265/307 lr:0.000046 t:21.2s
tttg: c266/307 lr:0.000044 t:21.3s
tttg: c267/307 lr:0.000042 t:21.3s
tttg: c268/307 lr:0.000040 t:21.4s
tttg: c269/307 lr:0.000038 t:21.5s
tttg: c270/307 lr:0.000036 t:21.6s
tttg: c271/307 lr:0.000034 t:21.7s
tttg: c272/307 lr:0.000032 t:21.8s
tttg: c273/307 lr:0.000030 t:21.8s
tttg: c274/307 lr:0.000028 t:21.9s
tttg: c275/307 lr:0.000027 t:22.0s
tttg: c276/307 lr:0.000025 t:22.1s
tttg: c277/307 lr:0.000024 t:22.2s
tttg: c278/307 lr:0.000022 t:22.2s
tttg: c279/307 lr:0.000021 t:22.3s
tttg: c280/307 lr:0.000019 t:22.4s
tttg: c281/307 lr:0.000018 t:22.5s
tttg: c282/307 lr:0.000016 t:22.6s
tttg: c283/307 lr:0.000015 t:22.6s
tttg: c284/307 lr:0.000014 t:22.7s
tttg: c285/307 lr:0.000013 t:22.8s
tttg: c286/307 lr:0.000012 t:22.9s
tttg: c287/307 lr:0.000011 t:23.0s
tttg: c288/307 lr:0.000009 t:23.0s
tttg: c289/307 lr:0.000009 t:23.1s
tttg: c290/307 lr:0.000008 t:23.2s
tttg: c291/307 lr:0.000007 t:23.3s
tttg: c292/307 lr:0.000006 t:23.4s
tttg: c293/307 lr:0.000005 t:23.5s
tttg: c294/307 lr:0.000004 t:23.5s
tttg: c295/307 lr:0.000004 t:23.6s
tttg: c296/307 lr:0.000003 t:23.7s
tttg: c297/307 lr:0.000003 t:23.8s
tttg: c298/307 lr:0.000002 t:23.9s
tttg: c299/307 lr:0.000002 t:23.9s
tttg: c300/307 lr:0.000001 t:24.0s
tttg: c301/307 lr:0.000001 t:24.1s
tttg: c302/307 lr:0.000001 t:24.2s
tttg: c303/307 lr:0.000000 t:24.3s
tttg: c304/307 lr:0.000000 t:24.3s
tttg: c305/307 lr:0.000000 t:24.4s
tttg: c306/307 lr:0.000000 t:24.5s
ttpr: phase:3/3 t:412.2s
ttp: b725/782 bl:2.3164 bb:1.0420 rl:2.2647 rb:1.0588 dl:2232-2254 gd:1
ttp: b723/782 bl:2.2877 bb:1.0270 rl:2.2661 rb:1.0569 dl:2185-2203 gd:1
ttp: b715/782 bl:2.3560 bb:1.0271 rl:2.2706 rb:1.0553 dl:2036-2053 gd:1
ttp: b702/782 bl:2.4270 bb:1.0815 rl:2.2775 rb:1.0565 dl:1847-1858 gd:1
ttp: b698/782 bl:2.2435 bb:1.0270 rl:2.2761 rb:1.0553 dl:1803-1814 gd:1
ttp: b687/782 bl:2.3082 bb:1.0541 rl:2.2773 rb:1.0552 dl:1685-1696 gd:1
ttp: b679/782 bl:2.3016 bb:1.0568 rl:2.2781 rb:1.0553 dl:1610-1618 gd:1
ttp: b673/782 bl:2.3584 bb:1.0587 rl:2.2807 rb:1.0554 dl:1562-1571 gd:1
ttp: b664/782 bl:2.3363 bb:1.0253 rl:2.2824 rb:1.0545 dl:1493-1499 gd:1
ttp: b653/782 bl:2.2857 bb:1.0362 rl:2.2825 rb:1.0540 dl:1419-1425 gd:1
ttp: b649/782 bl:2.2777 bb:1.0126 rl:2.2823 rb:1.0528 dl:1392-1398 gd:1
ttp: b637/782 bl:2.3581 bb:1.0754 rl:2.2842 rb:1.0534 dl:1320-1325 gd:1
ttp: b631/782 bl:2.3055 bb:1.0040 rl:2.2847 rb:1.0522 dl:1285-1290 gd:1
ttp: b626/782 bl:2.3063 bb:1.0248 rl:2.2852 rb:1.0515 dl:1260-1265 gd:1
ttp: b614/782 bl:2.3131 bb:1.0509 rl:2.2857 rb:1.0515 dl:1195-1200 gd:1
ttp: b611/782 bl:2.2886 bb:1.0220 rl:2.2858 rb:1.0509 dl:1182-1186 gd:1
ttp: b603/782 bl:2.4239 bb:1.0616 rl:2.2884 rb:1.0511 dl:1146-1150 gd:1
ttp: b595/782 bl:2.3478 bb:1.0597 rl:2.2895 rb:1.0513 dl:1110-1115 gd:1
ttp: b584/782 bl:2.2918 bb:1.0362 rl:2.2895 rb:1.0510 dl:1064-1069 gd:1
ttp: b575/782 bl:2.2872 bb:1.0409 rl:2.2895 rb:1.0509 dl:1029-1033 gd:1
ttp: b568/782 bl:2.3518 bb:1.0797 rl:2.2904 rb:1.0513 dl:1004-1007 gd:1
ttp: b563/782 bl:2.2628 bb:1.0168 rl:2.2900 rb:1.0508 dl:987-990 gd:1
ttp: b554/782 bl:2.4248 bb:1.0916 rl:2.2920 rb:1.0514 dl:955-959 gd:1
ttp: b546/782 bl:2.3187 bb:1.0309 rl:2.2923 rb:1.0511 dl:930-934 gd:1
ttp: b538/782 bl:2.3373 bb:1.0464 rl:2.2929 rb:1.0510 dl:905-909 gd:1
ttp: b530/782 bl:2.4059 bb:1.0821 rl:2.2944 rb:1.0514 dl:882-884 gd:1
ttp: b522/782 bl:2.3000 bb:1.0315 rl:2.2944 rb:1.0512 dl:858-860 gd:1
ttp: b514/782 bl:2.3048 bb:1.0640 rl:2.2946 rb:1.0513 dl:835-838 gd:1
ttp: b506/782 bl:2.3412 bb:1.0109 rl:2.2951 rb:1.0509 dl:812-814 gd:1
ttp: b498/782 bl:2.3462 bb:1.0485 rl:2.2956 rb:1.0508 dl:791-794 gd:1
ttp: b490/782 bl:2.3859 bb:1.0536 rl:2.2966 rb:1.0509 dl:771-773 gd:1
ttp: b480/782 bl:2.4327 bb:1.0832 rl:2.2980 rb:1.0512 dl:747-749 gd:1
ttp: b472/782 bl:2.3812 bb:1.0808 rl:2.2988 rb:1.0515 dl:728-730 gd:1
ttp: b464/782 bl:2.2663 bb:1.0156 rl:2.2985 rb:1.0511 dl:710-712 gd:1
ttp: b459/782 bl:2.2795 bb:1.0436 rl:2.2983 rb:1.0511 dl:700-701 gd:1
ttp: b451/782 bl:2.4033 bb:1.0874 rl:2.2992 rb:1.0514 dl:682-685 gd:1
ttp: b443/782 bl:2.2296 bb:1.0491 rl:2.2986 rb:1.0514 dl:666-668 gd:1
ttp: b435/782 bl:2.3116 bb:1.0210 rl:2.2987 rb:1.0511 dl:648-651 gd:1
ttp: b427/782 bl:2.2514 bb:1.0599 rl:2.2984 rb:1.0512 dl:634-636 gd:1
ttp: b419/782 bl:2.3101 bb:1.0473 rl:2.2984 rb:1.0512 dl:618-620 gd:1
ttp: b410/782 bl:2.3147 bb:1.0163 rl:2.2986 rb:1.0509 dl:601-603 gd:1
ttp: b403/782 bl:2.3245 bb:1.0430 rl:2.2988 rb:1.0508 dl:588-590 gd:1
ttp: b393/782 bl:2.3015 bb:1.0570 rl:2.2988 rb:1.0509 dl:570-571 gd:1
ttp: b385/782 bl:2.4022 bb:1.0712 rl:2.2995 rb:1.0510 dl:555-557 gd:1
ttp: b377/782 bl:2.2214 bb:1.0176 rl:2.2990 rb:1.0508 dl:542-544 gd:1
ttp: b369/782 bl:2.3466 bb:1.0602 rl:2.2993 rb:1.0508 dl:528-530 gd:1
ttp: b360/782 bl:2.3051 bb:1.0784 rl:2.2993 rb:1.0510 dl:513-515 gd:1
ttp: b353/782 bl:2.1976 bb:1.0050 rl:2.2987 rb:1.0507 dl:501-503 gd:1
ttp: b346/782 bl:2.3681 bb:1.0691 rl:2.2991 rb:1.0508 dl:491-492 gd:1
ttp: b338/782 bl:2.3528 bb:1.0958 rl:2.2994 rb:1.0511 dl:478-480 gd:1
ttp: b331/782 bl:2.3328 bb:1.0780 rl:2.2996 rb:1.0512 dl:468-469 gd:1
ttp: b323/782 bl:2.3815 bb:1.0752 rl:2.3000 rb:1.0514 dl:457-458 gd:1
ttp: b315/782 bl:2.3959 bb:1.1007 rl:2.3005 rb:1.0516 dl:444-445 gd:1
ttp: b307/782 bl:2.3271 bb:1.1250 rl:2.3006 rb:1.0520 dl:432-433 gd:1
ttp: b299/782 bl:2.3189 bb:1.1012 rl:2.3007 rb:1.0522 dl:420-421 gd:1
ttp: b291/782 bl:2.2594 bb:1.0102 rl:2.3005 rb:1.0520 dl:407-409 gd:1
ttp: b283/782 bl:2.3690 bb:1.1265 rl:2.3009 rb:1.0523 dl:396-398 gd:1
ttp: b275/782 bl:2.3449 bb:1.0565 rl:2.3010 rb:1.0523 dl:385-386 gd:1
ttp: b266/782 bl:2.3719 bb:1.1036 rl:2.3013 rb:1.0526 dl:374-375 gd:1
ttp: b258/782 bl:2.4354 bb:1.0928 rl:2.3019 rb:1.0527 dl:364-365 gd:1
ttp: b250/782 bl:2.3099 bb:1.0709 rl:2.3019 rb:1.0528 dl:354-355 gd:1
ttp: b242/782 bl:2.3733 bb:1.0986 rl:2.3022 rb:1.0530 dl:344-345 gd:1
ttp: b234/782 bl:2.4061 bb:1.1402 rl:2.3026 rb:1.0533 dl:334-335 gd:1
ttp: b226/782 bl:2.3635 bb:1.0962 rl:2.3028 rb:1.0534 dl:324-325 gd:1
ttp: b218/782 bl:2.4492 bb:1.1047 rl:2.3033 rb:1.0536 dl:315-316 gd:1
ttp: b210/782 bl:2.2530 bb:1.0802 rl:2.3031 rb:1.0537 dl:306-307 gd:1
ttp: b202/782 bl:2.3576 bb:1.1035 rl:2.3033 rb:1.0538 dl:298-299 gd:1
ttp: b194/782 bl:2.4328 bb:1.1145 rl:2.3037 rb:1.0540 dl:289-290 gd:1
ttp: b185/782 bl:2.4266 bb:1.1126 rl:2.3041 rb:1.0542 dl:279-280 gd:1
ttp: b177/782 bl:2.4017 bb:1.1066 rl:2.3044 rb:1.0544 dl:271-272 gd:1
ttp: b169/782 bl:2.3685 bb:1.1132 rl:2.3046 rb:1.0545 dl:263-264 gd:1
ttp: b161/782 bl:2.3465 bb:1.1295 rl:2.3047 rb:1.0547 dl:256-256 gd:1
ttp: b153/782 bl:2.2545 bb:1.0429 rl:2.3045 rb:1.0547 dl:248-249 gd:1
ttp: b145/782 bl:2.5262 bb:1.1677 rl:2.3051 rb:1.0550 dl:240-241 gd:1
ttp: b136/782 bl:2.4108 bb:1.1335 rl:2.3054 rb:1.0552 dl:232-233 gd:1
ttp: b129/782 bl:2.3785 bb:1.1395 rl:2.3056 rb:1.0554 dl:225-226 gd:1
ttp: b122/782 bl:2.3999 bb:1.1362 rl:2.3058 rb:1.0556 dl:219-219 gd:1
ttp: b113/782 bl:2.5336 bb:1.1265 rl:2.3063 rb:1.0557 dl:210-211 gd:1
ttp: b105/782 bl:2.4084 bb:1.1455 rl:2.3065 rb:1.0559 dl:203-204 gd:1
ttp: b97/782 bl:2.4528 bb:1.1609 rl:2.3068 rb:1.0561 dl:196-197 gd:1
ttp: b90/782 bl:2.4697 bb:1.2094 rl:2.3071 rb:1.0564 dl:190-190 gd:1
ttp: b82/782 bl:2.4777 bb:1.1793 rl:2.3075 rb:1.0566 dl:183-183 gd:1
ttp: b73/782 bl:2.5288 bb:1.2412 rl:2.3079 rb:1.0569 dl:174-175 gd:1
ttp: b66/782 bl:2.6285 bb:1.2301 rl:2.3084 rb:1.0572 dl:169-169 gd:1
ttp: b57/782 bl:2.4514 bb:1.1544 rl:2.3087 rb:1.0574 dl:160-161 gd:1
ttp: b49/782 bl:2.4513 bb:1.1656 rl:2.3089 rb:1.0576 dl:152-153 gd:1
ttp: b42/782 bl:2.4681 bb:1.2018 rl:2.3091 rb:1.0578 dl:145-146 gd:1
ttp: b34/782 bl:2.6249 bb:1.2017 rl:2.3096 rb:1.0580 dl:137-138 gd:1
ttp: b26/782 bl:2.5815 bb:1.2850 rl:2.3100 rb:1.0583 dl:129-130 gd:1
ttp: b18/782 bl:2.6390 bb:1.2033 rl:2.3104 rb:1.0584 dl:119-121 gd:1
ttp: b10/782 bl:2.6123 bb:1.1704 rl:2.3107 rb:1.0586 dl:107-109 gd:1
ttp: b2/782 bl:2.8103 bb:1.2352 rl:2.3111 rb:1.0587 dl:83-89 gd:1
quantized_ttt_phased val_loss:2.31588651 val_bpb:1.05826976 eval_time:495019ms
total_eval_time:495.0s