[06:12:08] ========================================================
[06:12:08] Cheap Multi-GPU Small SKC Orchestrator
[06:12:08] Artifacts: /Users/akhileshgogikar/parameter-golf/records/track_10min_16mb/2026-03-25_Ternary_Feedback_TTT/small_skc_multigpu_20260411_061208
[06:12:08] GPU count: 2
[06:12:08] Min mem  : 24GB
[06:12:08] Data     : 24 train shards
[06:12:08] ========================================================
0.44	NVIDIA GeForce RTX 3090	High	24	RTX 3090
0.54	NVIDIA GeForce RTX 3090 Ti	Low	24	RTX 3090 Ti
0.66	NVIDIA RTX A6000	Low	48	RTX A6000
0.68	NVIDIA GeForce RTX 4090	High	24	RTX 4090
0.98	NVIDIA RTX 5000 Ada Generation	Low	32	RTX 5000 Ada
1.38	NVIDIA L40	Low	48	L40
1.48	NVIDIA RTX 6000 Ada Generation	Low	48	RTX 6000 Ada
1.58	NVIDIA L40S	Low	48	L40S
2	NVIDIA A100-SXM4-40GB	Low	40	A100 SXM 40GB
2.38	NVIDIA A100 80GB PCIe	Low	80	A100 PCIe
2.78	NVIDIA A100-SXM4-80GB	Low	80	A100 SXM
5.18	NVIDIA H100 NVL	Low	94	H100 NVL
0.88	NVIDIA A40	High	48	A40
0.92	NVIDIA GeForce RTX 3090	Low	24	RTX 3090
0.98	NVIDIA RTX A6000	Low	48	RTX A6000
1.18	NVIDIA GeForce RTX 4090	High	24	RTX 4090
1.72	NVIDIA L40S	Low	48	L40S
2.98	NVIDIA A100-SXM4-80GB	High	80	A100 SXM
5.98	NVIDIA H100 80GB HBM3	High	80	H100 SXM
6.14	NVIDIA H100 NVL	Low	94	H100 NVL
[06:12:22] Secure candidate: A40 (NVIDIA A40)  2x  mem=48GB  stock=High  price=$0.88/hr
[06:12:22] Trying 2xNVIDIA A40 on SECURE...
[06:12:28]   success: pod=zcoewe5bwn4902 cost=$0.88/hr
[06:12:28] Waiting for pod SSH readiness...
[06:12:57] Pod ready: root@194.68.245.33:22112
[06:12:57] Verifying GPU and runtime...
0, NVIDIA A40, 46068 MiB
1, NVIDIA A40, 46068 MiB
