W0404 04:49:46.178000 80635 site-packages/torch/distributed/run.py:851] 
W0404 04:49:46.178000 80635 site-packages/torch/distributed/run.py:851] *****************************************
W0404 04:49:46.178000 80635 site-packages/torch/distributed/run.py:851] Setting OMP_NUM_THREADS environment variable for each process to be 1 in default, to avoid your system being overloaded, please further tune the variable for optimal performance in your application as needed. 
W0404 04:49:46.178000 80635 site-packages/torch/distributed/run.py:851] *****************************************
logs/5a961fcc-76c9-46b5-bd31-dbdfdb521648.txt
val_bpb:enabled tokenizer_kind=sentencepiece tokenizer_path=./data/tokenizers/fineweb_1024_bpe.model
train_loader:dataset:fineweb10B_sp1024 train_shards:80
val_loader:shards pattern=./data/datasets/fineweb10B_sp1024/fineweb_val_*.bin tokens:62021632
model_params:26862695
mtp_num_heads:0 mtp_loss_weight:0.2 mtp_params:0
XSA:last_11 active_layers:[0, 1, 2, 3, 4, 5, 6, 7, 8, 9, 10]
world_size:8 grad_accum_steps:1
sdp_backends:cudnn=False flash=True mem_efficient=False math=False
attention_mode:gqa num_heads:8 num_kv_heads:4
tie_embeddings:True embed_lr:0.035 head_lr:0.0 matrix_lr:0.025 scalar_lr:0.025
train_batch_tokens:786432 train_seq_len:2048 iterations:20000 warmup_steps:20 max_wallclock_seconds:600.000
seed:2025
warmup_step:1/20
warmup_step:2/20
warmup_step:3/20
warmup_step:4/20
warmup_step:5/20
warmup_step:6/20
warmup_step:7/20
warmup_step:8/20
warmup_step:9/20
warmup_step:10/20
warmup_step:11/20
warmup_step:12/20
warmup_step:13/20
warmup_step:14/20
warmup_step:15/20
warmup_step:16/20
warmup_step:17/20
warmup_step:18/20
warmup_step:19/20
warmup_step:20/20
step:0/20000 val_loss:6.9305 val_bpb:4.1046 train_time:0ms step_avg:0.02ms
step:1/20000 train_loss:6.9319 train_time:150ms step_avg:149.64ms
step:2/20000 train_loss:8.7540 train_time:193ms step_avg:96.47ms
step:3/20000 train_loss:7.5762 train_time:295ms step_avg:98.30ms
step:4/20000 train_loss:7.2266 train_time:397ms step_avg:99.29ms
step:5/20000 train_loss:7.1714 train_time:500ms step_avg:99.95ms
step:6/20000 train_loss:7.1186 train_time:602ms step_avg:100.40ms
step:7/20000 train_loss:7.0705 train_time:705ms step_avg:100.67ms
step:8/20000 train_loss:6.9044 train_time:807ms step_avg:100.89ms
step:9/20000 train_loss:6.5682 train_time:910ms step_avg:101.15ms
step:10/20000 train_loss:6.1542 train_time:1013ms step_avg:101.27ms
step:500/20000 train_loss:2.3792 train_time:52087ms step_avg:104.17ms
step:1000/20000 train_loss:2.2567 train_time:104643ms step_avg:104.64ms
step:1500/20000 train_loss:2.2026 train_time:157214ms step_avg:104.81ms
step:2000/20000 train_loss:2.0431 train_time:209878ms step_avg:104.94ms
step:2500/20000 train_loss:2.1436 train_time:262577ms step_avg:105.03ms
step:3000/20000 train_loss:2.1222 train_time:315258ms step_avg:105.09ms
step:3500/20000 train_loss:2.1279 train_time:367944ms step_avg:105.13ms
step:4000/20000 train_loss:1.9197 train_time:420608ms step_avg:105.15ms
step:4000/20000 val_loss:2.0100 val_bpb:1.1905 train_time:420671ms step_avg:105.17ms
step:4500/20000 train_loss:2.0687 train_time:473255ms step_avg:105.17ms
swa:start step:4950
step:5000/20000 train_loss:2.0430 train_time:526016ms step_avg:105.20ms
late_qat:enabled step:5101 scale:0.1498
step:5500/20000 train_loss:1.9562 train_time:579317ms step_avg:105.33ms
step:5695/20000 val_loss:1.9323 val_bpb:1.1444 train_time:600108ms step_avg:105.37ms
stopping_early: wallclock_cap train_time:600108ms step:5695/20000
peak memory allocated: 25488 MiB reserved: 25534 MiB
ema:applying EMA weights
DIAGNOSTIC post_ema val_loss:1.9311 val_bpb:1.1437 eval_time:2495ms
Serialized model: 105899649 bytes
Code size: 111505 bytes
gptq:building non-banked model for Hessian collection...
gptq:generating autoregressive calibration data (64 seqs x 2048 tokens, temp=0.8)...
gptq:generated 64 sequences in 201.4s
gptq:collecting hessians from autoregressive data...
gptq:collected hessians for 68 layers (AR self-gen)
selective_prune: 4238387 ±1 candidates, unpruned=14.92MB target=15.1MB
selective_prune: already fits, no pruning needed
Serialized model int6+lzma: 15535680 bytes
Total submission size int6+lzma: 15647185 bytes
final_int6_roundtrip val_loss:1.9380 val_bpb:1.1478 eval_time:6650ms
final_int6_roundtrip_exact val_loss:1.93803024 val_bpb:1.14781067
final_int6_sliding_window val_loss:1.8985 val_bpb:1.1244 stride:96 eval_time:61190ms
final_int6_sliding_window_exact val_loss:1.89847935 val_bpb:1.12438895
final_int8_zlib_roundtrip_exact val_loss:1.89847935 val_bpb:1.12438895
final_int6_sliding_window_s64 val_loss:1.8984 val_bpb:1.1244 stride:64 eval_time:90001ms
final_int6_sliding_window_s64_exact val_loss:1.89842465 val_bpb:1.12435698
final_int8_zlib_roundtrip_exact val_loss:1.89842465 val_bpb:1.12435698
final_slot val_loss:1.3982 val_bpb:0.8281 steps:28 lr:0.012 stride:96 eval_time:359879ms
final_slot_exact val_loss:1.39821309 val_bpb:0.82810242
