nohup: ignoring input
==== start seed42 QK_GAIN_INIT=5.30: Thu Apr 30 21:53:52 UTC 2026 ====
W0430 21:53:53.012000 23959 site-packages/torch/distributed/run.py:851] 
W0430 21:53:53.012000 23959 site-packages/torch/distributed/run.py:851] *****************************************
W0430 21:53:53.012000 23959 site-packages/torch/distributed/run.py:851] Setting OMP_NUM_THREADS environment variable for each process to be 1 in default, to avoid your system being overloaded, please further tune the variable for optimal performance in your application as needed. 
W0430 21:53:53.012000 23959 site-packages/torch/distributed/run.py:851] *****************************************
[default0]:Hyperparameters:
[default0]:  adam_eps: 1e-08
[default0]:  adam_wd: 0.02
[default0]:  beta1: 0.9
[default0]:  beta2: 0.95
[default0]:  compressor: brotli
[default0]:  data_dir: ./data/
[default0]:  datasets_dir: ./data/datasets/fineweb10B_sp8192
[default0]:  distributed: True
[default0]:  ema_decay: 0.9965
[default0]:  embed_bits: 8
[default0]:  embed_clip_sigmas: 20.0
[default0]:  embed_lr: 0.6
[default0]:  embed_wd: 0.085
[default0]:  embedding_dim: 512
[default0]:  enable_looping_at: 0.35
[default0]:  etlb_clip: 3.0
[default0]:  etlb_enabled: False
[default0]:  etlb_lr: 0.05
[default0]:  etlb_steps: 5
[default0]:  eval_seq_len: 2048
[default0]:  eval_stride: 64
[default0]:  gptq_calibration_batches: 64
[default0]:  gptq_reserve_seconds: 12.0
[default0]:  grad_accum_steps: 1
[default0]:  grad_clip_norm: 0.3
[default0]:  head_lr: 0.008
[default0]:  is_main_process: True
[default0]:  iterations: 20000
[default0]:  ln_scale: True
[default0]:  local_rank: 0
[default0]:  logfile: logs/3ef597c7-f01d-4f1c-a6a5-5d49ffd77622.txt
[default0]:  logit_softcap: 30.0
[default0]:  loop_end: 5
[default0]:  loop_start: 3
[default0]:  matrix_bits: 6
[default0]:  matrix_clip_sigmas: 12.85
[default0]:  matrix_lr: 0.022
[default0]:  max_wallclock_seconds: 600.0
[default0]:  min_lr: 0.0
[default0]:  mlp_mult: 4.0
[default0]:  model_dim: 512
[default0]:  model_path: final_model.pt
[default0]:  muon_backend_steps: 5
[default0]:  muon_beta2: 0.95
[default0]:  muon_momentum: 0.99
[default0]:  muon_momentum_warmup_start: 0.92
[default0]:  muon_momentum_warmup_steps: 1500
[default0]:  muon_row_normalize: True
[default0]:  muon_wd: 0.095
[default0]:  num_heads: 8
[default0]:  num_kv_heads: 4
[default0]:  num_layers: 11
[default0]:  num_loops: 2
[default0]:  parallel_residual_start: 7
[default0]:  qk_gain_init: 5.3
[default0]:  quantized_model_path: final_model.int6.ptz
[default0]:  rank: 0
[default0]:  rope_base: 10000.0
[default0]:  rope_dims: 16
[default0]:  rope_train_seq_len: 2048
[default0]:  run_id: 3ef597c7-f01d-4f1c-a6a5-5d49ffd77622
[default0]:  scalar_lr: 0.02
[default0]:  seed: 42
[default0]:  skip_gates_enabled: True
[default0]:  sliding_window_enabled: True
[default0]:  tie_embeddings: True
[default0]:  tied_embed_init_std: 0.005
[default0]:  tied_embed_lr: 0.03
[default0]:  tokenizer_path: ./data/tokenizers/fineweb_8192_bpe.model
[default0]:  train_batch_tokens: 786432
[default0]:  train_files: ./data/datasets/fineweb10B_sp8192/fineweb_train_*.bin
[default0]:  train_log_every: 500
[default0]:  train_seq_len: 2048
[default0]:  ttt_chunk_tokens: 32768
[default0]:  ttt_enabled: True
[default0]:  ttt_epochs: 3
[default0]:  ttt_lr: 0.005
[default0]:  ttt_momentum: 0.9
[default0]:  val_batch_tokens: 524288
[default0]:  val_files: ./data/datasets/fineweb10B_sp8192/fineweb_val_*.bin
[default0]:  val_loss_every: 4000
[default0]:  vocab_size: 8192
[default0]:  warmdown_frac: 0.72
[default0]:  warmup_steps: 20
[default0]:  world_size: 8
[default0]:  xsa_last_n: 11
[default0]:train_shards: 80
[default0]:val_tokens: 40540160
[default0]:model_params:35944536
[default0]:gptq:reserving 12s, effective=588000ms
[default0]:warmup_step: 1/20
[default0]:warmup_step: 2/20
[default0]:warmup_step: 3/20
[default0]:warmup_step: 4/20
[default0]:warmup_step: 5/20
[default0]:warmup_step: 6/20
[default0]:warmup_step: 10/20
[default0]:warmup_step: 20/20
[default0]:loop_warmup:enabled encoder:[0, 1, 2, 3, 4, 5, 3, 4] decoder:[5, 3, 4, 5, 6, 7, 8, 9, 10]
[default0]:loop_warmup_step: 1/20
[default0]:loop_warmup_step: 2/20
[default0]:loop_warmup_step: 3/20
[default0]:loop_warmup_step: 4/20
[default0]:loop_warmup_step: 5/20
[default0]:loop_warmup_step: 6/20
[default0]:loop_warmup_step: 10/20
[default0]:loop_warmup_step: 20/20
[default0]:0/20000 val_loss: 9.0090 val_bpb: 3.4877
[default0]:1/20000 train_loss: 9.0104 train_time: 0.0m tok/s: 8431080
[default0]:2/20000 train_loss: 12.3648 train_time: 0.0m tok/s: 8180391
[default0]:3/20000 train_loss: 11.0081 train_time: 0.0m tok/s: 8039194
[default0]:4/20000 train_loss: 9.4525 train_time: 0.0m tok/s: 7968200
[default0]:5/20000 train_loss: 8.3265 train_time: 0.0m tok/s: 7937611
[default0]:500/20000 train_loss: 3.3752 train_time: 0.9m tok/s: 7702499
[default0]:1000/20000 train_loss: 3.2857 train_time: 1.7m tok/s: 7706750
[default0]:1500/20000 train_loss: 3.1840 train_time: 2.5m tok/s: 7711531
[default0]:2000/20000 train_loss: 3.0698 train_time: 3.4m tok/s: 7712985
[default0]:layer_loop:enabled step:2019 frac:0.350 encoder:[0, 1, 2, 3, 4, 5, 3, 4] decoder:[5, 3, 4, 5, 6, 7, 8, 9, 10]
[default0]:2500/20000 train_loss: 3.1218 train_time: 4.6m tok/s: 7071728
[default0]:3000/20000 train_loss: 2.8995 train_time: 5.9m tok/s: 6683749
[default0]:3500/20000 train_loss: 2.9379 train_time: 7.2m tok/s: 6412081
[default0]:4000/20000 train_loss: 2.8181 train_time: 8.4m tok/s: 6237131
[default0]:4000/20000 val_loss: 2.8730 val_bpb: 1.1122
[default0]:4500/20000 train_loss: 2.8413 train_time: 9.7m tok/s: 6108248
[default0]:4558/20000 val_loss: 2.8115 val_bpb: 1.0884
[default0]:stopping_early: wallclock_cap train_time: 588064ms step: 4558/20000
[default0]:peak memory allocated: 39044 MiB reserved: 39064 MiB
[default0]:ema:applying EMA weights
[default0]:pre-quantization post-ema val_loss:2.80840123 val_bpb:1.08721963 eval_time:5977ms
[default0]:Serialized model: 135431033 bytes
[default0]:Code size: 16633 bytes
[default0]:GPTQ:collecting Hessians from calibration data...
[default0]:GPTQ:collected 67 Hessians in 12.7s
[default0]:Quantized weights:
[default0]:  gptq (int6): blocks.attn.c_k.weight, blocks.attn.c_q.weight, blocks.attn.c_v.weight, blocks.attn.proj.weight, blocks.mlp.fc.weight, blocks.mlp.proj.weight
[default0]:  gptq (int8): tok_emb.weight
[default0]:  passthrough (float16): blocks.attn.q_gain, blocks.attn_scale, blocks.mlp_scale, blocks.resid_mix, skip_gates, skip_weights
[default0]:Serialized model quantized+brotli: 15977752 bytes
[default0]:Total submission size quantized+brotli: 15994385 bytes
[default0]:quantized val_loss:2.83742177 val_bpb:1.09845439 eval_time:7046ms
[default0]:quantized_sliding_window val_loss:2.79443127 val_bpb:1.08181143 eval_time:90426ms
[default0]:ttt:start chunks=1238 ttt_lr=0.005 ttt_epochs=3
[default0]:quantized_ttt val_loss:2.79092773 val_bpb:1.08045510 eval_time:925151ms
[default0]:[W430 22:23:07.513032390 ProcessGroupNCCL.cpp:1575] Warning: WARNING: destroy_process_group() was not called before program exit, which can leak resources. For more info, please see https://pytorch.org/docs/stable/distributed.html#shutdown (function operator())
==== end seed42 QK_GAIN_INIT=5.30: Thu Apr 30 22:23:11 UTC 2026 ====
