[14:06:17] ========================================================
[14:06:17] Cheap Multi-GPU Small SKC Orchestrator
[14:06:17] Artifacts: /Users/akhileshgogikar/parameter-golf/records/track_10min_16mb/2026-03-25_Ternary_Feedback_TTT/small_skc_multigpu_20260410_140617
[14:06:17] GPU count: 2
[14:06:17] Min mem  : 24GB
[14:06:17] Data     : 12 train shards
[14:06:17] ========================================================
[14:06:17] GC: terminating stale live pod paramgolf-small-20260410-140554 (qp2op7siuff41w, uptime=0s)
[14:06:17] Terminating pod qp2op7siuff41w...
{
  "podTerminate": null
}
0.44	NVIDIA GeForce RTX 3090	High	24	RTX 3090
0.54	NVIDIA GeForce RTX 3090 Ti	Low	24	RTX 3090 Ti
0.68	NVIDIA GeForce RTX 4090	Medium	24	RTX 4090
0.98	NVIDIA RTX 5000 Ada Generation	Low	32	RTX 5000 Ada
1.38	NVIDIA L40	Low	48	L40
1.48	NVIDIA RTX 6000 Ada Generation	Low	48	RTX 6000 Ada
1.58	NVIDIA L40S	Low	48	L40S
2	NVIDIA A100-SXM4-40GB	Low	40	A100 SXM 40GB
2.38	NVIDIA A100 80GB PCIe	Low	80	A100 PCIe
5.18	NVIDIA H100 NVL	Low	94	H100 NVL
0.78	NVIDIA L4	Low	24	L4
0.88	NVIDIA A40	Low	48	A40
0.92	NVIDIA GeForce RTX 3090	Low	24	RTX 3090
1.18	NVIDIA GeForce RTX 4090	Medium	24	RTX 4090
1.72	NVIDIA L40S	Low	48	L40S
2.98	NVIDIA A100-SXM4-80GB	Medium	80	A100 SXM
5.98	NVIDIA H100 80GB HBM3	High	80	H100 SXM
10.98	NVIDIA B200	Low	180	B200
[14:06:21] Secure candidate: RTX 4090 (NVIDIA GeForce RTX 4090)  2x  mem=24GB  stock=Medium  price=$1.18/hr
[14:06:21] Trying 2xNVIDIA GeForce RTX 4090 on SECURE...
[14:06:22]   success: pod=sl7tax2rlvgcdb cost=$1.18/hr
[14:06:22] Waiting for pod SSH readiness...
[14:06:58] Pod ready: root@149.36.0.77:17791
[14:06:58] Verifying GPU and runtime...
0, NVIDIA GeForce RTX 4090, 23028 MiB
1, NVIDIA GeForce RTX 4090, 23028 MiB
torch 2.4.1+cu124 cuda 12.4 gpus 2
[14:07:11] Installing tmux and preparing logs...
[14:07:20] Installing dependencies...
wrote:/workspace/install_setup.sh
[14:07:48] Preparing data...
wrote:/workspace/data_setup.sh
[14:08:31] Uploading code...
[14:08:48] Remote env overrides: TRAIN_BATCH_TOKENS=4096 MAX_WALLCLOCK_SECONDS=120 
[14:08:48] Smoke test...
==========================================================================
  Cheap Multi-GPU Small SKC Run
  RUN_ID : small_skc_2gpu_s42_20260410_190852
  MODEL  : SKC L=8 D=640 H=8/2
  SKC    : block=64 caps=24 cap_dim=96
  ENGRAM : buckets=16384 dim=112 orders=3
  TERNARY: train_align=0@0.0 thr_search=0 scale_search=0
  CURR   : 64 -> 128 -> 256 -> 512 -> 1024 @ 24% / 76%
  BATCH  : 4096 tok/step  seq=2048
  VRAM   : min_gpu_mem=23GB  val_batch=16384
  BUDGET : 10s
  SEED   : 42
  GPUS   : 2
  EXPORT : turbo=1 sliding=0 ngram=0
  SMOKE  : 1
==========================================================================
logs/cuda/small_skc_2gpu_s42_20260410_190852.txt
params:6185767 L:8 d:640 h:8 kv:2 ws:2 ga:1 s:42
[rank1]: Traceback (most recent call last):
[rank1]:   File "/workspace/train_gpt.py", line 4650, in <module>
[rank1]:     main()
[rank1]:   File "/workspace/train_gpt.py", line 4102, in main
[rank1]:     loss = model(x, y, elapsed_fraction=elapsed_frac, feedback_passes=feedback_passes)
[rank1]:            ^^^^^^^^^^^^^^^^^^^^^^^^^^^^^^^^^^^^^^^^^^^^^^^^^^^^^^^^^^^^^^^^^^^^^^^^^^^
[rank1]:   File "/usr/local/lib/python3.11/dist-packages/torch/nn/modules/module.py", line 1553, in _wrapped_call_impl
[rank1]:     return self._call_impl(*args, **kwargs)
[rank1]:            ^^^^^^^^^^^^^^^^^^^^^^^^^^^^^^^^
[rank1]:   File "/usr/local/lib/python3.11/dist-packages/torch/nn/modules/module.py", line 1562, in _call_impl
[rank1]:     return forward_call(*args, **kwargs)
[rank1]:            ^^^^^^^^^^^^^^^^^^^^^^^^^^^^^
[rank1]:   File "/usr/local/lib/python3.11/dist-packages/torch/nn/parallel/distributed.py", line 1636, in forward
[rank1]:     else self._run_ddp_forward(*inputs, **kwargs)
[rank1]:          ^^^^^^^^^^^^^^^^^^^^^^^^^^^^^^^^^^^^^^^^
[rank1]:   File "/usr/local/lib/python3.11/dist-packages/torch/nn/parallel/distributed.py", line 1454, in _run_ddp_forward
[rank1]:     return self.module(*inputs, **kwargs)  # type: ignore[index]
[rank1]:            ^^^^^^^^^^^^^^^^^^^^^^^^^^^^^^
[rank1]:   File "/usr/local/lib/python3.11/dist-packages/torch/nn/modules/module.py", line 1553, in _wrapped_call_impl
[rank1]:     return self._call_impl(*args, **kwargs)
[rank1]:            ^^^^^^^^^^^^^^^^^^^^^^^^^^^^^^^^
[rank1]:   File "/usr/local/lib/python3.11/dist-packages/torch/nn/modules/module.py", line 1562, in _call_impl
[rank1]:     return forward_call(*args, **kwargs)
[rank1]:            ^^^^^^^^^^^^^^^^^^^^^^^^^^^^^
[rank1]:   File "/usr/local/lib/python3.11/dist-packages/torch/_dynamo/eval_frame.py", line 433, in _fn
[rank1]:     return fn(*args, **kwargs)
[rank1]:            ^^^^^^^^^^^^^^^^^^^
[rank1]:   File "/usr/local/lib/python3.11/dist-packages/torch/nn/modules/module.py", line 1553, in _wrapped_call_impl
[rank1]:     return self._call_impl(*args, **kwargs)
[rank1]:            ^^^^^^^^^^^^^^^^^^^^^^^^^^^^^^^^
[rank1]:   File "/usr/local/lib/python3.11/dist-packages/torch/nn/modules/module.py", line 1562, in _call_impl
[rank1]:     return forward_call(*args, **kwargs)
[rank1]:            ^^^^^^^^^^^^^^^^^^^^^^^^^^^^^
[rank1]:   File "/usr/local/lib/python3.11/dist-packages/torch/_dynamo/convert_frame.py", line 1110, in __call__
[rank1]:     return hijacked_callback(
[rank1]:            ^^^^^^^^^^^^^^^^^^
[rank1]:   File "/usr/local/lib/python3.11/dist-packages/torch/_dynamo/convert_frame.py", line 948, in __call__
[rank1]:     result = self._inner_convert(
[rank1]:              ^^^^^^^^^^^^^^^^^^^^
[rank1]:   File "/usr/local/lib/python3.11/dist-packages/torch/_dynamo/convert_frame.py", line 472, in __call__
[rank1]:     return _compile(
[rank1]:            ^^^^^^^^^
[rank1]:   File "/usr/local/lib/python3.11/dist-packages/torch/_utils_internal.py", line 84, in wrapper_function
[rank1]:     return StrobelightCompileTimeProfiler.profile_compile_time(
[rank1]:            ^^^^^^^^^^^^^^^^^^^^^^^^^^^^^^^^^^^^^^^^^^^^^^^^^^^^
[rank1]:   File "/usr/local/lib/python3.11/dist-packages/torch/_strobelight/compile_time_profiler.py", line 129, in profile_compile_time
[rank1]:     return func(*args, **kwargs)
[rank1]:            ^^^^^^^^^^^^^^^^^^^^^
[rank1]:   File "/usr/lib/python3.11/contextlib.py", line 81, in inner
[rank1]:     return func(*args, **kwds)
[rank1]:            ^^^^^^^^^^^^^^^^^^^
[rank1]:   File "/usr/local/lib/python3.11/dist-packages/torch/_dynamo/convert_frame.py", line 817, in _compile
[rank1]:     guarded_code = compile_inner(code, one_graph, hooks, transform)
[rank1]:                    ^^^^^^^^^^^^^^^^^^^^^^^^^^^^^^^^^^^^^^^^^^^^^^^^
[rank1]:   File "/usr/local/lib/python3.11/dist-packages/torch/_dynamo/utils.py", line 231, in time_wrapper
[rank1]:     r = func(*args, **kwargs)
[rank1]:         ^^^^^^^^^^^^^^^^^^^^^
[rank1]:   File "/usr/local/lib/python3.11/dist-packages/torch/_dynamo/convert_frame.py", line 636, in compile_inner
[rank1]:     out_code = transform_code_object(code, transform)
[rank1]:                ^^^^^^^^^^^^^^^^^^^^^^^^^^^^^^^^^^^^^^
[rank1]:   File "/usr/local/lib/python3.11/dist-packages/torch/_dynamo/bytecode_transformation.py", line 1185, in transform_code_object
[rank1]:     transformations(instructions, code_options)
[rank1]:   File "/usr/local/lib/python3.11/dist-packages/torch/_dynamo/convert_frame.py", line 178, in _fn
[rank1]:     return fn(*args, **kwargs)
[rank1]:            ^^^^^^^^^^^^^^^^^^^
[rank1]:   File "/usr/local/lib/python3.11/dist-packages/torch/_dynamo/convert_frame.py", line 582, in transform
[rank1]:     tracer.run()
[rank1]:   File "/usr/local/lib/python3.11/dist-packages/torch/_dynamo/symbolic_convert.py", line 2451, in run
[rank1]:     super().run()
[rank1]:   File "/usr/local/lib/python3.11/dist-packages/torch/_dynamo/symbolic_convert.py", line 893, in run
[rank1]:     while self.step():
[rank1]:           ^^^^^^^^^^^
[rank1]:   File "/usr/local/lib/python3.11/dist-packages/torch/_dynamo/symbolic_convert.py", line 805, in step
[rank1]:     self.dispatch_table[inst.opcode](self, inst)
[rank1]:   File "/usr/local/lib/python3.11/dist-packages/torch/_dynamo/symbolic_convert.py", line 499, in wrapper
[rank1]:     return inner_fn(self, inst)
[rank1]:            ^^^^^^^^^^^^^^^^^^^^
[rank1]:   File "/usr/local/lib/python3.11/dist-packages/torch/_dynamo/symbolic_convert.py", line 2059, in CALL
[rank1]:     self.call_function(fn, args, kwargs)
[rank1]:   File "/usr/local/lib/python3.11/dist-packages/torch/_dynamo/symbolic_convert.py", line 743, in call_function
[rank1]:     self.push(fn.call_function(self, args, kwargs))
[rank1]:               ^^^^^^^^^^^^^^^^^^^^^^^^^^^^^^^^^^^^
[rank1]:   File "/usr/local/lib/python3.11/dist-packages/torch/_dynamo/variables/functions.py", line 344, in call_function
[rank1]:     return super().call_function(tx, args, kwargs)
[rank1]:            ^^^^^^^^^^^^^^^^^^^^^^^^^^^^^^^^^^^^^^^
[rank1]:   File "/usr/local/lib/python3.11/dist-packages/torch/_dynamo/variables/functions.py", line 293, in call_function
[rank1]:     return super().call_function(tx, args, kwargs)
[rank1]:            ^^^^^^^^^^^^^^^^^^^^^^^^^^^^^^^^^^^^^^^
[rank1]:   File "/usr/local/lib/python3.11/dist-packages/torch/_dynamo/variables/functions.py", line 90, in call_function
[rank1]:     return tx.inline_user_function_return(self, [*self.self_args(), *args], kwargs)
[rank1]:            ^^^^^^^^^^^^^^^^^^^^^^^^^^^^^^^^^^^^^^^^^^^^^^^^^^^^^^^^^^^^^^^^^^^^^^^^
[rank1]:   File "/usr/local/lib/python3.11/dist-packages/torch/_dynamo/symbolic_convert.py", line 749, in inline_user_function_return
[rank1]:     return InliningInstructionTranslator.inline_call(self, fn, args, kwargs)
[rank1]:            ^^^^^^^^^^^^^^^^^^^^^^^^^^^^^^^^^^^^^^^^^^^^^^^^^^^^^^^^^^^^^^^^^
[rank1]:   File "/usr/local/lib/python3.11/dist-packages/torch/_dynamo/symbolic_convert.py", line 2666, in inline_call
[rank1]:     return cls.inline_call_(parent, func, args, kwargs)
[rank1]:            ^^^^^^^^^^^^^^^^^^^^^^^^^^^^^^^^^^^^^^^^^^^^
[rank1]:   File "/usr/local/lib/python3.11/dist-packages/torch/_dynamo/symbolic_convert.py", line 2782, in inline_call_
[rank1]:     tracer.run()
[rank1]:   File "/usr/local/lib/python3.11/dist-packages/torch/_dynamo/symbolic_convert.py", line 893, in run
[rank1]:     while self.step():
[rank1]:           ^^^^^^^^^^^
[rank1]:   File "/usr/local/lib/python3.11/dist-packages/torch/_dynamo/symbolic_convert.py", line 805, in step
[rank1]:     self.dispatch_table[inst.opcode](self, inst)
[rank1]:   File "/usr/local/lib/python3.11/dist-packages/torch/_dynamo/symbolic_convert.py", line 499, in wrapper
[rank1]:     return inner_fn(self, inst)
[rank1]:            ^^^^^^^^^^^^^^^^^^^^
[rank1]:   File "/usr/local/lib/python3.11/dist-packages/torch/_dynamo/symbolic_convert.py", line 2059, in CALL
[rank1]:     self.call_function(fn, args, kwargs)
[rank1]:   File "/usr/local/lib/python3.11/dist-packages/torch/_dynamo/symbolic_convert.py", line 743, in call_function
[rank1]:     self.push(fn.call_function(self, args, kwargs))
[rank1]:               ^^^^^^^^^^^^^^^^^^^^^^^^^^^^^^^^^^^^
[rank1]:   File "/usr/local/lib/python3.11/dist-packages/torch/_dynamo/variables/nn_module.py", line 437, in call_function
[rank1]:     return tx.inline_user_function_return(
[rank1]:            ^^^^^^^^^^^^^^^^^^^^^^^^^^^^^^^
[rank1]:   File "/usr/local/lib/python3.11/dist-packages/torch/_dynamo/symbolic_convert.py", line 749, in inline_user_function_return
[rank1]:     return InliningInstructionTranslator.inline_call(self, fn, args, kwargs)
[rank1]:            ^^^^^^^^^^^^^^^^^^^^^^^^^^^^^^^^^^^^^^^^^^^^^^^^^^^^^^^^^^^^^^^^^
[rank1]:   File "/usr/local/lib/python3.11/dist-packages/torch/_dynamo/symbolic_convert.py", line 2666, in inline_call
[rank1]:     return cls.inline_call_(parent, func, args, kwargs)
[rank1]:            ^^^^^^^^^^^^^^^^^^^^^^^^^^^^^^^^^^^^^^^^^^^^
[rank1]:   File "/usr/local/lib/python3.11/dist-packages/torch/_dynamo/symbolic_convert.py", line 2782, in inline_call_
[rank1]:     tracer.run()
[rank1]:   File "/usr/local/lib/python3.11/dist-packages/torch/_dynamo/symbolic_convert.py", line 893, in run
[rank1]:     while self.step():
[rank1]:           ^^^^^^^^^^^
[rank1]:   File "/usr/local/lib/python3.11/dist-packages/torch/_dynamo/symbolic_convert.py", line 805, in step
[rank1]:     self.dispatch_table[inst.opcode](self, inst)
[rank1]:   File "/usr/local/lib/python3.11/dist-packages/torch/_dynamo/symbolic_convert.py", line 499, in wrapper
[rank1]:     return inner_fn(self, inst)
[rank1]:            ^^^^^^^^^^^^^^^^^^^^
[rank1]:   File "/usr/local/lib/python3.11/dist-packages/torch/_dynamo/symbolic_convert.py", line 1500, in CALL_FUNCTION_EX
[rank1]:     self.call_function(fn, argsvars.items, kwargsvars)
[rank1]:   File "/usr/local/lib/python3.11/dist-packages/torch/_dynamo/symbolic_convert.py", line 743, in call_function
[rank1]:     self.push(fn.call_function(self, args, kwargs))
[rank1]:               ^^^^^^^^^^^^^^^^^^^^^^^^^^^^^^^^^^^^
[rank1]:   File "/usr/local/lib/python3.11/dist-packages/torch/_dynamo/variables/functions.py", line 344, in call_function
[rank1]:     return super().call_function(tx, args, kwargs)
[rank1]:            ^^^^^^^^^^^^^^^^^^^^^^^^^^^^^^^^^^^^^^^
[rank1]:   File "/usr/local/lib/python3.11/dist-packages/torch/_dynamo/variables/functions.py", line 293, in call_function
[rank1]:     return super().call_function(tx, args, kwargs)
[rank1]:            ^^^^^^^^^^^^^^^^^^^^^^^^^^^^^^^^^^^^^^^
[rank1]:   File "/usr/local/lib/python3.11/dist-packages/torch/_dynamo/variables/functions.py", line 90, in call_function
[rank1]:     return tx.inline_user_function_return(self, [*self.self_args(), *args], kwargs)
[rank1]:            ^^^^^^^^^^^^^^^^^^^^^^^^^^^^^^^^^^^^^^^^^^^^^^^^^^^^^^^^^^^^^^^^^^^^^^^^
[rank1]:   File "/usr/local/lib/python3.11/dist-packages/torch/_dynamo/symbolic_convert.py", line 749, in inline_user_function_return
[rank1]:     return InliningInstructionTranslator.inline_call(self, fn, args, kwargs)
[rank1]:            ^^^^^^^^^^^^^^^^^^^^^^^^^^^^^^^^^^^^^^^^^^^^^^^^^^^^^^^^^^^^^^^^^
[rank1]:   File "/usr/local/lib/python3.11/dist-packages/torch/_dynamo/symbolic_convert.py", line 2666, in inline_call
[rank1]:     return cls.inline_call_(parent, func, args, kwargs)
[rank1]:            ^^^^^^^^^^^^^^^^^^^^^^^^^^^^^^^^^^^^^^^^^^^^
[rank1]:   File "/usr/local/lib/python3.11/dist-packages/torch/_dynamo/symbolic_convert.py", line 2782, in inline_call_
[rank1]:     tracer.run()
[rank1]:   File "/usr/local/lib/python3.11/dist-packages/torch/_dynamo/symbolic_convert.py", line 893, in run
[rank1]:     while self.step():
[rank1]:           ^^^^^^^^^^^
[rank1]:   File "/usr/local/lib/python3.11/dist-packages/torch/_dynamo/symbolic_convert.py", line 805, in step
[rank1]:     self.dispatch_table[inst.opcode](self, inst)
[rank1]:   File "/usr/local/lib/python3.11/dist-packages/torch/_dynamo/symbolic_convert.py", line 499, in wrapper
[rank1]:     return inner_fn(self, inst)
[rank1]:            ^^^^^^^^^^^^^^^^^^^^
[rank1]:   File "/usr/local/lib/python3.11/dist-packages/torch/_dynamo/symbolic_convert.py", line 2059, in CALL
[rank1]:     self.call_function(fn, args, kwargs)
[rank1]:   File "/usr/local/lib/python3.11/dist-packages/torch/_dynamo/symbolic_convert.py", line 743, in call_function
[rank1]:     self.push(fn.call_function(self, args, kwargs))
[rank1]:               ^^^^^^^^^^^^^^^^^^^^^^^^^^^^^^^^^^^^
[rank1]:   File "/usr/local/lib/python3.11/dist-packages/torch/_dynamo/variables/functions.py", line 344, in call_function
[rank1]:     return super().call_function(tx, args, kwargs)
[rank1]:            ^^^^^^^^^^^^^^^^^^^^^^^^^^^^^^^^^^^^^^^
[rank1]:   File "/usr/local/lib/python3.11/dist-packages/torch/_dynamo/variables/functions.py", line 293, in call_function
[rank1]:     return super().call_function(tx, args, kwargs)
[rank1]:            ^^^^^^^^^^^^^^^^^^^^^^^^^^^^^^^^^^^^^^^
[rank1]:   File "/usr/local/lib/python3.11/dist-packages/torch/_dynamo/variables/functions.py", line 90, in call_function
[rank1]:     return tx.inline_user_function_return(self, [*self.self_args(), *args], kwargs)
[rank1]:            ^^^^^^^^^^^^^^^^^^^^^^^^^^^^^^^^^^^^^^^^^^^^^^^^^^^^^^^^^^^^^^^^^^^^^^^^
[rank1]:   File "/usr/local/lib/python3.11/dist-packages/torch/_dynamo/symbolic_convert.py", line 749, in inline_user_function_return
[rank1]:     return InliningInstructionTranslator.inline_call(self, fn, args, kwargs)
[rank1]:            ^^^^^^^^^^^^^^^^^^^^^^^^^^^^^^^^^^^^^^^^^^^^^^^^^^^^^^^^^^^^^^^^^
[rank1]:   File "/usr/local/lib/python3.11/dist-packages/torch/_dynamo/symbolic_convert.py", line 2666, in inline_call
[rank1]:     return cls.inline_call_(parent, func, args, kwargs)
[rank1]:            ^^^^^^^^^^^^^^^^^^^^^^^^^^^^^^^^^^^^^^^^^^^^
[rank1]:   File "/usr/local/lib/python3.11/dist-packages/torch/_dynamo/symbolic_convert.py", line 2782, in inline_call_
[rank1]:     tracer.run()
[rank1]:   File "/usr/local/lib/python3.11/dist-packages/torch/_dynamo/symbolic_convert.py", line 893, in run
[rank1]:     while self.step():
[rank1]:           ^^^^^^^^^^^
[rank1]:   File "/usr/local/lib/python3.11/dist-packages/torch/_dynamo/symbolic_convert.py", line 805, in step
[rank1]:     self.dispatch_table[inst.opcode](self, inst)
[rank1]:   File "/usr/local/lib/python3.11/dist-packages/torch/_dynamo/symbolic_convert.py", line 499, in wrapper
[rank1]:     return inner_fn(self, inst)
[rank1]:            ^^^^^^^^^^^^^^^^^^^^
[rank1]:   File "/usr/local/lib/python3.11/dist-packages/torch/_dynamo/symbolic_convert.py", line 2059, in CALL
[rank1]:     self.call_function(fn, args, kwargs)
[rank1]:   File "/usr/local/lib/python3.11/dist-packages/torch/_dynamo/symbolic_convert.py", line 743, in call_function
[rank1]:     self.push(fn.call_function(self, args, kwargs))
[rank1]:               ^^^^^^^^^^^^^^^^^^^^^^^^^^^^^^^^^^^^
[rank1]:   File "/usr/local/lib/python3.11/dist-packages/torch/_dynamo/variables/nn_module.py", line 437, in call_function
[rank1]:     return tx.inline_user_function_return(
[rank1]:            ^^^^^^^^^^^^^^^^^^^^^^^^^^^^^^^
[rank1]:   File "/usr/local/lib/python3.11/dist-packages/torch/_dynamo/symbolic_convert.py", line 749, in inline_user_function_return
[rank1]:     return InliningInstructionTranslator.inline_call(self, fn, args, kwargs)
[rank1]:            ^^^^^^^^^^^^^^^^^^^^^^^^^^^^^^^^^^^^^^^^^^^^^^^^^^^^^^^^^^^^^^^^^
[rank1]:   File "/usr/local/lib/python3.11/dist-packages/torch/_dynamo/symbolic_convert.py", line 2666, in inline_call
[rank1]:     return cls.inline_call_(parent, func, args, kwargs)
[rank1]:            ^^^^^^^^^^^^^^^^^^^^^^^^^^^^^^^^^^^^^^^^^^^^
[rank1]:   File "/usr/local/lib/python3.11/dist-packages/torch/_dynamo/symbolic_convert.py", line 2782, in inline_call_
[rank1]:     tracer.run()
[rank1]:   File "/usr/local/lib/python3.11/dist-packages/torch/_dynamo/symbolic_convert.py", line 893, in run
[rank1]:     while self.step():
[rank1]:           ^^^^^^^^^^^
[rank1]:   File "/usr/local/lib/python3.11/dist-packages/torch/_dynamo/symbolic_convert.py", line 805, in step
[rank1]:     self.dispatch_table[inst.opcode](self, inst)
[rank1]:   File "/usr/local/lib/python3.11/dist-packages/torch/_dynamo/symbolic_convert.py", line 499, in wrapper
[rank1]:     return inner_fn(self, inst)
[rank1]:            ^^^^^^^^^^^^^^^^^^^^
[rank1]:   File "/usr/local/lib/python3.11/dist-packages/torch/_dynamo/symbolic_convert.py", line 1500, in CALL_FUNCTION_EX
[rank1]:     self.call_function(fn, argsvars.items, kwargsvars)
[rank1]:   File "/usr/local/lib/python3.11/dist-packages/torch/_dynamo/symbolic_convert.py", line 743, in call_function
[rank1]:     self.push(fn.call_function(self, args, kwargs))
[rank1]:               ^^^^^^^^^^^^^^^^^^^^^^^^^^^^^^^^^^^^
[rank1]:   File "/usr/local/lib/python3.11/dist-packages/torch/_dynamo/variables/functions.py", line 344, in call_function
[rank1]:     return super().call_function(tx, args, kwargs)
[rank1]:            ^^^^^^^^^^^^^^^^^^^^^^^^^^^^^^^^^^^^^^^
[rank1]:   File "/usr/local/lib/python3.11/dist-packages/torch/_dynamo/variables/functions.py", line 293, in call_function
[rank1]:     return super().call_function(tx, args, kwargs)
[rank1]:            ^^^^^^^^^^^^^^^^^^^^^^^^^^^^^^^^^^^^^^^
[rank1]:   File "/usr/local/lib/python3.11/dist-packages/torch/_dynamo/variables/functions.py", line 90, in call_function
[rank1]:     return tx.inline_user_function_return(self, [*self.self_args(), *args], kwargs)
[rank1]:            ^^^^^^^^^^^^^^^^^^^^^^^^^^^^^^^^^^^^^^^^^^^^^^^^^^^^^^^^^^^^^^^^^^^^^^^^
[rank1]:   File "/usr/local/lib/python3.11/dist-packages/torch/_dynamo/symbolic_convert.py", line 749, in inline_user_function_return
[rank1]:     return InliningInstructionTranslator.inline_call(self, fn, args, kwargs)
[rank1]:            ^^^^^^^^^^^^^^^^^^^^^^^^^^^^^^^^^^^^^^^^^^^^^^^^^^^^^^^^^^^^^^^^^
[rank1]:   File "/usr/local/lib/python3.11/dist-packages/torch/_dynamo/symbolic_convert.py", line 2666, in inline_call
[rank1]:     return cls.inline_call_(parent, func, args, kwargs)
[rank1]:            ^^^^^^^^^^^^^^^^^^^^^^^^^^^^^^^^^^^^^^^^^^^^
[rank1]:   File "/usr/local/lib/python3.11/dist-packages/torch/_dynamo/symbolic_convert.py", line 2782, in inline_call_
[rank1]:     tracer.run()
[rank1]:   File "/usr/local/lib/python3.11/dist-packages/torch/_dynamo/symbolic_convert.py", line 893, in run
[rank1]:     while self.step():
[rank1]:           ^^^^^^^^^^^
[rank1]:   File "/usr/local/lib/python3.11/dist-packages/torch/_dynamo/symbolic_convert.py", line 805, in step
[rank1]:     self.dispatch_table[inst.opcode](self, inst)
[rank1]:   File "/usr/local/lib/python3.11/dist-packages/torch/_dynamo/symbolic_convert.py", line 499, in wrapper
[rank1]:     return inner_fn(self, inst)
[rank1]:            ^^^^^^^^^^^^^^^^^^^^
[rank1]:   File "/usr/local/lib/python3.11/dist-packages/torch/_dynamo/symbolic_convert.py", line 2059, in CALL
[rank1]:     self.call_function(fn, args, kwargs)
[rank1]:   File "/usr/local/lib/python3.11/dist-packages/torch/_dynamo/symbolic_convert.py", line 743, in call_function
[rank1]:     self.push(fn.call_function(self, args, kwargs))
[rank1]:               ^^^^^^^^^^^^^^^^^^^^^^^^^^^^^^^^^^^^
[rank1]:   File "/usr/local/lib/python3.11/dist-packages/torch/_dynamo/variables/nn_module.py", line 437, in call_function
[rank1]:     return tx.inline_user_function_return(
[rank1]:            ^^^^^^^^^^^^^^^^^^^^^^^^^^^^^^^
[rank1]:   File "/usr/local/lib/python3.11/dist-packages/torch/_dynamo/symbolic_convert.py", line 749, in inline_user_function_return
[rank1]:     return InliningInstructionTranslator.inline_call(self, fn, args, kwargs)
[rank1]:            ^^^^^^^^^^^^^^^^^^^^^^^^^^^^^^^^^^^^^^^^^^^^^^^^^^^^^^^^^^^^^^^^^
[rank1]:   File "/usr/local/lib/python3.11/dist-packages/torch/_dynamo/symbolic_convert.py", line 2666, in inline_call
[rank1]:     return cls.inline_call_(parent, func, args, kwargs)
[rank1]:            ^^^^^^^^^^^^^^^^^^^^^^^^^^^^^^^^^^^^^^^^^^^^
[rank1]:   File "/usr/local/lib/python3.11/dist-packages/torch/_dynamo/symbolic_convert.py", line 2782, in inline_call_
[rank1]:     tracer.run()
[rank1]:   File "/usr/local/lib/python3.11/dist-packages/torch/_dynamo/symbolic_convert.py", line 893, in run
[rank1]:     while self.step():
[rank1]:           ^^^^^^^^^^^
[rank1]:   File "/usr/local/lib/python3.11/dist-packages/torch/_dynamo/symbolic_convert.py", line 805, in step
[rank1]:     self.dispatch_table[inst.opcode](self, inst)
[rank1]:   File "/usr/local/lib/python3.11/dist-packages/torch/_dynamo/symbolic_convert.py", line 499, in wrapper
[rank1]:     return inner_fn(self, inst)
[rank1]:            ^^^^^^^^^^^^^^^^^^^^
[rank1]:   File "/usr/local/lib/python3.11/dist-packages/torch/_dynamo/symbolic_convert.py", line 1500, in CALL_FUNCTION_EX
[rank1]:     self.call_function(fn, argsvars.items, kwargsvars)
[rank1]:   File "/usr/local/lib/python3.11/dist-packages/torch/_dynamo/symbolic_convert.py", line 743, in call_function
[rank1]:     self.push(fn.call_function(self, args, kwargs))
[rank1]:               ^^^^^^^^^^^^^^^^^^^^^^^^^^^^^^^^^^^^
[rank1]:   File "/usr/local/lib/python3.11/dist-packages/torch/_dynamo/variables/functions.py", line 344, in call_function
[rank1]:     return super().call_function(tx, args, kwargs)
[rank1]:            ^^^^^^^^^^^^^^^^^^^^^^^^^^^^^^^^^^^^^^^
[rank1]:   File "/usr/local/lib/python3.11/dist-packages/torch/_dynamo/variables/functions.py", line 293, in call_function
[rank1]:     return super().call_function(tx, args, kwargs)
[rank1]:            ^^^^^^^^^^^^^^^^^^^^^^^^^^^^^^^^^^^^^^^
[rank1]:   File "/usr/local/lib/python3.11/dist-packages/torch/_dynamo/variables/functions.py", line 90, in call_function
[rank1]:     return tx.inline_user_function_return(self, [*self.self_args(), *args], kwargs)
[rank1]:            ^^^^^^^^^^^^^^^^^^^^^^^^^^^^^^^^^^^^^^^^^^^^^^^^^^^^^^^^^^^^^^^^^^^^^^^^
[rank1]:   File "/usr/local/lib/python3.11/dist-packages/torch/_dynamo/symbolic_convert.py", line 749, in inline_user_function_return
[rank1]:     return InliningInstructionTranslator.inline_call(self, fn, args, kwargs)
[rank1]:            ^^^^^^^^^^^^^^^^^^^^^^^^^^^^^^^^^^^^^^^^^^^^^^^^^^^^^^^^^^^^^^^^^
[rank1]:   File "/usr/local/lib/python3.11/dist-packages/torch/_dynamo/symbolic_convert.py", line 2666, in inline_call
[rank1]:     return cls.inline_call_(parent, func, args, kwargs)
[rank1]:            ^^^^^^^^^^^^^^^^^^^^^^^^^^^^^^^^^^^^^^^^^^^^
[rank1]:   File "/usr/local/lib/python3.11/dist-packages/torch/_dynamo/symbolic_convert.py", line 2782, in inline_call_
[rank1]:     tracer.run()
[rank1]:   File "/usr/local/lib/python3.11/dist-packages/torch/_dynamo/symbolic_convert.py", line 893, in run
[rank1]:     while self.step():
[rank1]:           ^^^^^^^^^^^
[rank1]:   File "/usr/local/lib/python3.11/dist-packages/torch/_dynamo/symbolic_convert.py", line 805, in step
[rank1]:     self.dispatch_table[inst.opcode](self, inst)
[rank1]:   File "/usr/local/lib/python3.11/dist-packages/torch/_dynamo/symbolic_convert.py", line 2023, in BINARY_OP
[rank1]:     return _binary_op_lookup[inst.arg](self, inst)
[rank1]:            ^^^^^^^^^^^^^^^^^^^^^^^^^^^^^^^^^^^^^^^
[rank1]:   File "/usr/local/lib/python3.11/dist-packages/torch/_dynamo/symbolic_convert.py", line 234, in impl
[rank1]:     self.push(fn_var.call_function(self, self.popn(nargs), {}))
[rank1]:               ^^^^^^^^^^^^^^^^^^^^^^^^^^^^^^^^^^^^^^^^^^^^^^^^
[rank1]:   File "/usr/local/lib/python3.11/dist-packages/torch/_dynamo/variables/builtin.py", line 962, in call_function
[rank1]:     return handler(tx, args, kwargs)
[rank1]:            ^^^^^^^^^^^^^^^^^^^^^^^^^
[rank1]:   File "/usr/local/lib/python3.11/dist-packages/torch/_dynamo/variables/builtin.py", line 846, in builtin_dipatch
[rank1]:     rv = fn(tx, args, kwargs)
[rank1]:          ^^^^^^^^^^^^^^^^^^^^
[rank1]:   File "/usr/local/lib/python3.11/dist-packages/torch/_dynamo/variables/builtin.py", line 764, in call_self_handler
[rank1]:     result = self_handler(tx, *args, **kwargs)
[rank1]:              ^^^^^^^^^^^^^^^^^^^^^^^^^^^^^^^^^
[rank1]:   File "/usr/local/lib/python3.11/dist-packages/torch/_dynamo/variables/builtin.py", line 1920, in call_and_
[rank1]:     return SymNodeVariable.create(
[rank1]:            ^^^^^^^^^^^^^^^^^^^^^^^
[rank1]:   File "/usr/local/lib/python3.11/dist-packages/torch/_dynamo/variables/tensor.py", line 1003, in create
[rank1]:     sym_num = get_fake_value(proxy.node, tx)
[rank1]:               ^^^^^^^^^^^^^^^^^^^^^^^^^^^^^^
[rank1]:   File "/usr/local/lib/python3.11/dist-packages/torch/_dynamo/utils.py", line 1853, in get_fake_value
[rank1]:     raise TorchRuntimeError(str(e)).with_traceback(e.__traceback__) from None
[rank1]:   File "/usr/local/lib/python3.11/dist-packages/torch/_dynamo/utils.py", line 1785, in get_fake_value
[rank1]:     ret_val = wrap_fake_exception(
[rank1]:               ^^^^^^^^^^^^^^^^^^^^
[rank1]:   File "/usr/local/lib/python3.11/dist-packages/torch/_dynamo/utils.py", line 1300, in wrap_fake_exception
[rank1]:     return fn()
[rank1]:            ^^^^
[rank1]:   File "/usr/local/lib/python3.11/dist-packages/torch/_dynamo/utils.py", line 1786, in <lambda>
[rank1]:     lambda: run_node(tx.output, node, args, kwargs, nnmodule)
[rank1]:             ^^^^^^^^^^^^^^^^^^^^^^^^^^^^^^^^^^^^^^^^^^^^^^^^^
[rank1]:   File "/usr/local/lib/python3.11/dist-packages/torch/_dynamo/utils.py", line 1921, in run_node
[rank1]:     raise RuntimeError(make_error_message(e)).with_traceback(
[rank1]:   File "/usr/local/lib/python3.11/dist-packages/torch/_dynamo/utils.py", line 1903, in run_node
[rank1]:     return node.target(*args, **kwargs)
[rank1]:            ^^^^^^^^^^^^^^^^^^^^^^^^^^^^
[rank1]: torch._dynamo.exc.TorchRuntimeError: Failed running call_function <built-in function and_>(*(s7, s7 - 1), **{}):
[rank1]: unsupported operand type(s) for &: 'SymInt' and 'SymInt'

[rank1]: from user code:
[rank1]:    File "/workspace/train_gpt.py", line 2820, in forward
[rank1]:     hidden, consistency_losses, _, jepa_loss, block_aux = self._compute_hidden(
[rank1]:   File "/workspace/train_gpt.py", line 2727, in _compute_hidden
[rank1]:     return self.latent_corrector(
[rank1]:   File "/usr/local/lib/python3.11/dist-packages/torch/nn/modules/module.py", line 1562, in _call_impl
[rank1]:     return forward_call(*args, **kwargs)
[rank1]:   File "/workspace/train_gpt.py", line 2261, in forward
[rank1]:     x, v_out, blk_aux = backbone.run_block(
[rank1]:   File "/workspace/train_gpt.py", line 2204, in run_block
[rank1]:     x, v_out, aux_loss = block(x, x0, v0=v0, prev_capsules=prev_capsules, elapsed_fraction=elapsed_fraction,
[rank1]:   File "/usr/local/lib/python3.11/dist-packages/torch/nn/modules/module.py", line 1562, in _call_impl
[rank1]:     return forward_call(*args, **kwargs)
[rank1]:   File "/workspace/train_gpt.py", line 2063, in forward
[rank1]:     s = self.spec_proj_in(normed)
[rank1]:   File "/usr/local/lib/python3.11/dist-packages/torch/nn/modules/module.py", line 1562, in _call_impl
[rank1]:     return forward_call(*args, **kwargs)
[rank1]:   File "/workspace/train_gpt.py", line 980, in forward
[rank1]:     if _TURBO_QUANT_TRAIN and (g & (g - 1)) == 0:

[rank1]: Set TORCH_LOGS="+dynamo" and TORCHDYNAMO_VERBOSE=1 for more information


[rank1]: You can suppress this exception and fall back to eager by setting:
[rank1]:     import torch._dynamo
[rank1]:     torch._dynamo.config.suppress_errors = True

probe:ema_init_start
ema:enabled decay=0.997 start_fraction=0.2
W0410 19:09:11.942000 139125353435136 torch/distributed/elastic/multiprocessing/api.py:858] Sending process 827 closing signal SIGTERM
E0410 19:09:12.162000 139125353435136 torch/distributed/elastic/multiprocessing/api.py:833] failed (exitcode: 1) local_rank: 1 (pid: 828) of binary: /usr/bin/python3
Traceback (most recent call last):
  File "<frozen runpy>", line 198, in _run_module_as_main
  File "<frozen runpy>", line 88, in _run_code
  File "/usr/local/lib/python3.11/dist-packages/torch/distributed/run.py", line 905, in <module>
    main()
  File "/usr/local/lib/python3.11/dist-packages/torch/distributed/elastic/multiprocessing/errors/__init__.py", line 348, in wrapper
    return f(*args, **kwargs)
           ^^^^^^^^^^^^^^^^^^
  File "/usr/local/lib/python3.11/dist-packages/torch/distributed/run.py", line 901, in main
    run(args)
  File "/usr/local/lib/python3.11/dist-packages/torch/distributed/run.py", line 892, in run
    elastic_launch(
  File "/usr/local/lib/python3.11/dist-packages/torch/distributed/launcher/api.py", line 133, in __call__
    return launch_agent(self._config, self._entrypoint, list(args))
           ^^^^^^^^^^^^^^^^^^^^^^^^^^^^^^^^^^^^^^^^^^^^^^^^^^^^^^^^
  File "/usr/local/lib/python3.11/dist-packages/torch/distributed/launcher/api.py", line 264, in launch_agent
    raise ChildFailedError(
torch.distributed.elastic.multiprocessing.errors.ChildFailedError: 
============================================================
train_gpt.py FAILED
------------------------------------------------------------
Failures:
  <NO_OTHER_FAILURES>
------------------------------------------------------------
Root Cause (first observed failure):
[0]:
  time      : 2026-04-10_19:09:11
  host      : 5f27527d4390
  rank      : 1 (local_rank: 1)
  exitcode  : 1 (pid: 828)
  error_file: <N/A>
  traceback : To enable traceback see: https://pytorch.org/docs/stable/elastic/errors.html
============================================================
[14:09:18] Launching 10-minute run...
[14:09:36] progress » step:0 curr_seq_len_jump:64
[14:09:52] progress » step:0 curr_seq_len_jump:64
[14:10:08] progress » step:0 curr_seq_len_jump:64
[14:10:24] progress » step:0 curr_seq_len_jump:64
[14:10:41] progress » step:0 curr_seq_len_jump:64
[14:10:57] progress » step:0 curr_seq_len_jump:64
[14:11:15] progress » step:0 curr_seq_len_jump:64
[14:11:34] progress » step:0 curr_seq_len_jump:64
[14:11:52] progress » step:0 curr_seq_len_jump:64
[14:12:10] progress » step:0 curr_seq_len_jump:64
[14:12:25] progress » step:0 curr_seq_len_jump:64
[14:12:42] progress » step:0 curr_seq_len_jump:64
[14:12:57] progress » step:0 curr_seq_len_jump:64
[14:13:12] progress » step:0 curr_seq_len_jump:64
[14:13:29] progress » step:0 curr_seq_len_jump:64
[14:13:44] progress » step:0 curr_seq_len_jump:64
[14:13:59] progress » step:0 curr_seq_len_jump:64
[14:14:17] progress » step:0 curr_seq_len_jump:64
[14:14:35] progress » step:0 curr_seq_len_jump:64
[14:14:51] progress » step:0 curr_seq_len_jump:64
[14:15:06] progress » step:0 curr_seq_len_jump:64
[14:15:21] progress » step:0 curr_seq_len_jump:64
[14:15:43] progress » step:0 curr_seq_len_jump:64
[14:16:05] progress » step:0 curr_seq_len_jump:64
[14:16:27] progress » step:0 curr_seq_len_jump:64
[14:16:48] progress » step:0 curr_seq_len_jump:64
[14:17:11] progress » step:0 curr_seq_len_jump:64
[14:17:32] progress » step:0 curr_seq_len_jump:64
[14:17:53] progress » step:0 curr_seq_len_jump:64
[14:18:14] progress » step:0 curr_seq_len_jump:64
[14:18:35] progress » step:0 curr_seq_len_jump:64
[14:18:57] progress » step:0 curr_seq_len_jump:64
[14:19:18] progress » step:0 curr_seq_len_jump:64
[14:19:39] progress » step:0 curr_seq_len_jump:64
[14:20:01] progress » step:0 curr_seq_len_jump:64
[14:20:23] progress » step:0 curr_seq_len_jump:64
[14:20:44] progress » step:0 curr_seq_len_jump:64
[14:21:06] progress » step:0 curr_seq_len_jump:64
[14:21:28] progress » step:0 curr_seq_len_jump:64
[14:21:49] progress » step:0 curr_seq_len_jump:64
[14:22:10] progress » step:0 curr_seq_len_jump:64
[14:22:31] progress » step:0 curr_seq_len_jump:64
[14:22:52] progress » step:0 curr_seq_len_jump:64
[14:23:14] progress » step:0 curr_seq_len_jump:64
[14:23:35] progress » step:0 curr_seq_len_jump:64
[14:23:56] progress » step:0 curr_seq_len_jump:64
[14:24:17] progress » step:0 curr_seq_len_jump:64
[14:24:38] progress » step:0 curr_seq_len_jump:64
[14:25:00] progress » step:0 curr_seq_len_jump:64
[14:25:21] progress » step:0 curr_seq_len_jump:64
[14:25:43] progress » step:0 curr_seq_len_jump:64
[14:26:04] progress » step:0 curr_seq_len_jump:64
[14:26:26] progress » step:0 curr_seq_len_jump:64
[14:26:47] progress » step:0 curr_seq_len_jump:64
[14:27:09] progress » step:0 curr_seq_len_jump:64
[14:27:30] progress » step:0 curr_seq_len_jump:64
[14:27:51] progress » step:0 curr_seq_len_jump:64
[14:28:12] progress » step:0 curr_seq_len_jump:64
[14:28:33] progress » step:0 curr_seq_len_jump:64
[14:28:54] progress » step:0 curr_seq_len_jump:64
[14:29:16] progress » step:0 curr_seq_len_jump:64
[14:29:37] progress » step:0 curr_seq_len_jump:64
[14:29:58] progress » step:0 curr_seq_len_jump:64
[14:30:19] progress » step:0 curr_seq_len_jump:64
[14:30:41] progress » step:0 curr_seq_len_jump:64
[14:31:02] progress » step:0 curr_seq_len_jump:64
[14:31:23] progress » step:0 curr_seq_len_jump:64
[14:31:44] progress » step:0 curr_seq_len_jump:64
[14:32:05] progress » step:0 curr_seq_len_jump:64
[14:32:26] progress » step:0 curr_seq_len_jump:64
[14:32:47] progress » step:0 curr_seq_len_jump:64
[14:33:08] progress » step:0 curr_seq_len_jump:64
[14:33:29] progress » step:0 curr_seq_len_jump:64
[14:33:50] progress » step:0 curr_seq_len_jump:64
[14:34:12] progress » step:0 curr_seq_len_jump:64
[14:34:33] progress » step:0 curr_seq_len_jump:64
[14:34:54] progress » step:0 curr_seq_len_jump:64
[14:35:16] progress » step:0 curr_seq_len_jump:64
[14:35:37] progress » step:0 curr_seq_len_jump:64
[14:35:57] progress » step:0 curr_seq_len_jump:64
[14:36:19] progress » step:0 curr_seq_len_jump:64
[14:36:40] progress » step:0 curr_seq_len_jump:64
[14:37:02] progress » step:0 curr_seq_len_jump:64
[14:37:23] progress » step:0 curr_seq_len_jump:64
[14:37:45] progress » step:0 curr_seq_len_jump:64
[14:38:07] progress » step:0 curr_seq_len_jump:64
[14:38:28] progress » step:0 curr_seq_len_jump:64
[14:38:49] progress » step:0 curr_seq_len_jump:64
[14:39:10] progress » step:0 curr_seq_len_jump:64
[14:39:32] progress » step:0 curr_seq_len_jump:64
[14:39:53] progress » step:0 curr_seq_len_jump:64
[14:40:14] progress » step:0 curr_seq_len_jump:64
[14:40:35] progress » step:0 curr_seq_len_jump:64
[14:40:56] progress » step:0 curr_seq_len_jump:64
[14:41:17] progress » step:0 curr_seq_len_jump:64
[14:41:39] progress » step:0 curr_seq_len_jump:64
[14:42:00] progress » step:0 curr_seq_len_jump:64
[14:42:21] progress » step:0 curr_seq_len_jump:64
[14:42:42] progress » step:0 curr_seq_len_jump:64
[14:43:04] progress » step:0 curr_seq_len_jump:64
[14:43:25] progress » step:0 curr_seq_len_jump:64
[14:43:48] progress » step:0 curr_seq_len_jump:64
[14:44:09] progress » step:0 curr_seq_len_jump:64
[14:44:30] progress » step:0 curr_seq_len_jump:64
[14:44:51] progress » step:0 curr_seq_len_jump:64
[14:45:12] progress » step:0 curr_seq_len_jump:64
[14:45:35] progress » step:0 curr_seq_len_jump:64
[14:45:57] progress » step:0 curr_seq_len_jump:64
[14:46:18] progress » step:0 curr_seq_len_jump:64
[14:46:40] progress » step:0 curr_seq_len_jump:64
[14:47:01] progress » step:0 curr_seq_len_jump:64
[14:47:22] progress » step:0 curr_seq_len_jump:64
[14:47:43] progress » step:0 curr_seq_len_jump:64
[14:48:04] progress » step:0 curr_seq_len_jump:64
[14:48:25] progress » step:0 curr_seq_len_jump:64
[14:48:47] progress » step:0 curr_seq_len_jump:64
[14:49:08] progress » step:0 curr_seq_len_jump:64
[14:49:29] progress » step:0 curr_seq_len_jump:64
[14:49:50] progress » step:0 curr_seq_len_jump:64
[14:50:11] progress » step:0 curr_seq_len_jump:64
[14:50:32] progress » step:0 curr_seq_len_jump:64
[14:50:53] progress » step:0 curr_seq_len_jump:64
[14:51:14] progress » step:0 curr_seq_len_jump:64
[14:52:07] progress » step:0 curr_seq_len_jump:64
[14:52:28] progress » step:0 curr_seq_len_jump:64
[14:52:49] progress » step:0 curr_seq_len_jump:64
[14:53:10] progress » step:0 curr_seq_len_jump:64
[14:53:31] progress » step:0 curr_seq_len_jump:64
[14:53:52] progress » step:0 curr_seq_len_jump:64
[14:54:13] progress » step:0 curr_seq_len_jump:64
[14:54:34] progress » step:0 curr_seq_len_jump:64
[14:54:55] progress » step:0 curr_seq_len_jump:64
[14:55:16] progress » step:0 curr_seq_len_jump:64
[14:55:37] progress » step:0 curr_seq_len_jump:64
[14:55:59] progress » step:0 curr_seq_len_jump:64
[14:56:20] progress » step:0 curr_seq_len_jump:64
[14:56:41] progress » step:0 curr_seq_len_jump:64
[14:57:02] progress » step:0 curr_seq_len_jump:64
[14:57:23] progress » step:0 curr_seq_len_jump:64
[14:57:44] progress » step:0 curr_seq_len_jump:64
[14:58:05] progress » step:0 curr_seq_len_jump:64
[14:58:26] progress » step:0 curr_seq_len_jump:64
[14:58:47] progress » step:0 curr_seq_len_jump:64
[14:59:08] progress » step:0 curr_seq_len_jump:64
[14:59:29] progress » step:0 curr_seq_len_jump:64
[14:59:50] progress » step:0 curr_seq_len_jump:64
[15:00:11] progress » step:0 curr_seq_len_jump:64
[15:00:33] progress » step:0 curr_seq_len_jump:64
[15:00:54] progress » step:0 curr_seq_len_jump:64
[15:01:14] progress » step:0 curr_seq_len_jump:64
[15:01:35] progress » step:0 curr_seq_len_jump:64
[15:01:57] progress » step:0 curr_seq_len_jump:64
[15:02:19] progress » step:0 curr_seq_len_jump:64
[15:02:40] progress » step:0 curr_seq_len_jump:64
[15:03:01] progress » step:0 curr_seq_len_jump:64
[15:03:22] progress » step:0 curr_seq_len_jump:64
[15:03:43] progress » step:0 curr_seq_len_jump:64
[15:04:04] progress » step:0 curr_seq_len_jump:64
[15:04:25] progress » step:0 curr_seq_len_jump:64
[15:04:47] progress » step:0 curr_seq_len_jump:64
[15:05:08] progress » step:0 curr_seq_len_jump:64
[15:05:29] progress » step:0 curr_seq_len_jump:64
[15:05:50] progress » step:0 curr_seq_len_jump:64
[15:06:11] progress » step:0 curr_seq_len_jump:64
[15:06:32] progress » step:0 curr_seq_len_jump:64
[15:06:53] progress » step:0 curr_seq_len_jump:64
[15:07:14] progress » step:0 curr_seq_len_jump:64
[15:07:35] progress » step:0 curr_seq_len_jump:64
[15:07:56] progress » step:0 curr_seq_len_jump:64
[15:08:18] progress » step:0 curr_seq_len_jump:64
[15:08:39] progress » step:0 curr_seq_len_jump:64
[15:09:00] progress » step:0 curr_seq_len_jump:64
[15:09:21] progress » step:0 curr_seq_len_jump:64
[15:09:42] progress » step:0 curr_seq_len_jump:64
[15:10:02] progress » step:0 curr_seq_len_jump:64
[15:10:25] progress » step:0 curr_seq_len_jump:64
[15:10:46] progress » step:0 curr_seq_len_jump:64
[15:11:08] progress » step:0 curr_seq_len_jump:64
[15:11:28] progress » step:0 curr_seq_len_jump:64
[15:11:49] progress » step:0 curr_seq_len_jump:64
[15:11:49] FATAL: Full run did not complete in time
[15:11:49] Terminating pod sl7tax2rlvgcdb...
{
  "podTerminate": null
}
