W0322 19:33:10.745000 3243 torch/distributed/run.py:852] 
W0322 19:33:10.745000 3243 torch/distributed/run.py:852] *****************************************
W0322 19:33:10.745000 3243 torch/distributed/run.py:852] Setting OMP_NUM_THREADS environment variable for each process to be 1 in default, to avoid your system being overloaded, please further tune the variable for optimal performance in your application as needed. 
W0322 19:33:10.745000 3243 torch/distributed/run.py:852] *****************************************
logs/56cfd98f-6132-4bea-b14b-2c9d5231f616.txt
val_bpb:enabled tokenizer_kind=sentencepiece tokenizer_path=./data/tokenizers/fineweb_1024_bpe.model
train_loader:dataset:fineweb10B_sp1024 train_shards:80
val_loader:shards pattern=./data/datasets/fineweb10B_sp1024/fineweb_val_*.bin tokens:62021632
model_params:17060432
world_size:8 grad_accum_steps:1
sdp_backends:cudnn=False flash=True mem_efficient=False math=False
attention_mode:gqa num_heads:8 num_kv_heads:4
tie_embeddings:True embed_lr:0.05 head_lr:0.0 matrix_lr:0.04 scalar_lr:0.04
train_batch_tokens:524288 train_seq_len:1024 iterations:20000 warmup_steps:20 max_wallclock_seconds:600.000
seed:1337
warmup_step:1/20
warmup_step:2/20
warmup_step:3/20
warmup_step:4/20
warmup_step:5/20
warmup_step:6/20
warmup_step:7/20
warmup_step:8/20
warmup_step:9/20
warmup_step:10/20
warmup_step:11/20
warmup_step:12/20
warmup_step:13/20
warmup_step:14/20
warmup_step:15/20
warmup_step:16/20
warmup_step:17/20
warmup_step:18/20
warmup_step:19/20
warmup_step:20/20
swa: window_start=19520 interval=20 n_checkpoints=24
step:0/20000 val_loss:6.9318 val_bpb:4.1054 train_time:0ms step_avg:0.02ms
step:1/20000 train_loss:6.9324 train_time:28ms step_avg:28.05ms
step:2/20000 train_loss:11.3704 train_time:80ms step_avg:40.17ms
step:3/20000 train_loss:7.8581 train_time:127ms step_avg:42.26ms
step:4/20000 train_loss:7.8589 train_time:172ms step_avg:42.99ms
step:5/20000 train_loss:7.3446 train_time:218ms step_avg:43.64ms
step:6/20000 train_loss:8.2055 train_time:264ms step_avg:44.07ms
step:7/20000 train_loss:6.6159 train_time:310ms step_avg:44.29ms
step:8/20000 train_loss:6.2934 train_time:355ms step_avg:44.43ms
step:9/20000 train_loss:6.1338 train_time:401ms step_avg:44.60ms
step:10/20000 train_loss:6.0021 train_time:448ms step_avg:44.76ms
step:200/20000 train_loss:2.8095 train_time:9150ms step_avg:45.75ms
step:400/20000 train_loss:2.3210 train_time:18345ms step_avg:45.86ms
step:600/20000 train_loss:2.5207 train_time:27483ms step_avg:45.81ms
step:800/20000 train_loss:2.2747 train_time:36648ms step_avg:45.81ms
step:1000/20000 train_loss:2.3629 train_time:45803ms step_avg:45.80ms
step:1000/20000 val_loss:2.3194 val_bpb:1.3737 train_time:45821ms step_avg:45.82ms
step:1200/20000 train_loss:2.3774 train_time:54958ms step_avg:45.80ms
step:1400/20000 train_loss:2.4262 train_time:64103ms step_avg:45.79ms
step:1600/20000 train_loss:2.0890 train_time:73253ms step_avg:45.78ms
step:1800/20000 train_loss:2.1954 train_time:82402ms step_avg:45.78ms
step:2000/20000 train_loss:2.2460 train_time:91534ms step_avg:45.77ms
step:2000/20000 val_loss:2.2275 val_bpb:1.3193 train_time:91552ms step_avg:45.78ms
step:2200/20000 train_loss:2.0661 train_time:100665ms step_avg:45.76ms
step:2400/20000 train_loss:2.1941 train_time:109809ms step_avg:45.75ms
step:2600/20000 train_loss:2.4110 train_time:118936ms step_avg:45.74ms
step:2800/20000 train_loss:2.2322 train_time:128064ms step_avg:45.74ms
step:3000/20000 train_loss:2.2228 train_time:137189ms step_avg:45.73ms
step:3000/20000 val_loss:2.1903 val_bpb:1.2972 train_time:137208ms step_avg:45.74ms
step:3200/20000 train_loss:2.1840 train_time:146324ms step_avg:45.73ms
step:3400/20000 train_loss:2.1581 train_time:155447ms step_avg:45.72ms
step:3600/20000 train_loss:2.1170 train_time:164595ms step_avg:45.72ms
step:3800/20000 train_loss:2.2147 train_time:173751ms step_avg:45.72ms
step:4000/20000 train_loss:2.1641 train_time:182892ms step_avg:45.72ms
step:4000/20000 val_loss:2.1678 val_bpb:1.2839 train_time:182910ms step_avg:45.73ms
step:4200/20000 train_loss:2.1795 train_time:192107ms step_avg:45.74ms
step:4400/20000 train_loss:2.1125 train_time:201242ms step_avg:45.74ms
step:4600/20000 train_loss:1.9677 train_time:210369ms step_avg:45.73ms
step:4800/20000 train_loss:2.2636 train_time:219494ms step_avg:45.73ms
step:5000/20000 train_loss:2.0304 train_time:228616ms step_avg:45.72ms
step:5000/20000 val_loss:2.1527 val_bpb:1.2750 train_time:228634ms step_avg:45.73ms
step:5200/20000 train_loss:2.1744 train_time:237737ms step_avg:45.72ms
step:5400/20000 train_loss:2.1826 train_time:246861ms step_avg:45.72ms
step:5600/20000 train_loss:2.1842 train_time:255983ms step_avg:45.71ms
step:5800/20000 train_loss:2.1462 train_time:265106ms step_avg:45.71ms
step:6000/20000 train_loss:2.2197 train_time:274339ms step_avg:45.72ms
step:6000/20000 val_loss:2.1427 val_bpb:1.2690 train_time:274357ms step_avg:45.73ms
step:6200/20000 train_loss:2.0925 train_time:283472ms step_avg:45.72ms
step:6400/20000 train_loss:2.1636 train_time:292590ms step_avg:45.72ms
step:6600/20000 train_loss:2.1220 train_time:301711ms step_avg:45.71ms
step:6800/20000 train_loss:2.1923 train_time:310831ms step_avg:45.71ms
step:7000/20000 train_loss:2.2274 train_time:319956ms step_avg:45.71ms
step:7000/20000 val_loss:2.1336 val_bpb:1.2636 train_time:319974ms step_avg:45.71ms
step:7200/20000 train_loss:2.2052 train_time:329081ms step_avg:45.71ms
step:7400/20000 train_loss:2.1196 train_time:338203ms step_avg:45.70ms
step:7600/20000 train_loss:1.9964 train_time:347349ms step_avg:45.70ms
step:7800/20000 train_loss:2.1495 train_time:356493ms step_avg:45.70ms
step:8000/20000 train_loss:2.1160 train_time:365637ms step_avg:45.70ms
step:8000/20000 val_loss:2.1243 val_bpb:1.2581 train_time:365656ms step_avg:45.71ms
step:8200/20000 train_loss:2.1900 train_time:374761ms step_avg:45.70ms
step:8400/20000 train_loss:2.1386 train_time:383943ms step_avg:45.71ms
step:8600/20000 train_loss:2.1409 train_time:393064ms step_avg:45.71ms
step:8800/20000 train_loss:2.1062 train_time:402185ms step_avg:45.70ms
step:9000/20000 train_loss:2.0276 train_time:411310ms step_avg:45.70ms
step:9000/20000 val_loss:2.1205 val_bpb:1.2559 train_time:411326ms step_avg:45.70ms
step:9200/20000 train_loss:2.0882 train_time:420435ms step_avg:45.70ms
step:9400/20000 train_loss:2.1351 train_time:429559ms step_avg:45.70ms
step:9600/20000 train_loss:2.1522 train_time:438682ms step_avg:45.70ms
step:9800/20000 train_loss:2.0779 train_time:447804ms step_avg:45.69ms
step:10000/20000 train_loss:2.1167 train_time:456931ms step_avg:45.69ms
step:10000/20000 val_loss:2.1153 val_bpb:1.2528 train_time:456949ms step_avg:45.69ms
step:10200/20000 train_loss:2.0718 train_time:466051ms step_avg:45.69ms
step:10400/20000 train_loss:2.0970 train_time:475168ms step_avg:45.69ms
step:10600/20000 train_loss:1.9802 train_time:484285ms step_avg:45.69ms
step:10800/20000 train_loss:2.1919 train_time:493404ms step_avg:45.69ms
step:11000/20000 train_loss:2.1181 train_time:502517ms step_avg:45.68ms
step:11000/20000 val_loss:2.1089 val_bpb:1.2490 train_time:502535ms step_avg:45.69ms
step:11200/20000 train_loss:2.0753 train_time:511640ms step_avg:45.68ms
step:11400/20000 train_loss:2.0612 train_time:520759ms step_avg:45.68ms
step:11600/20000 train_loss:2.0678 train_time:529882ms step_avg:45.68ms
step:11800/20000 train_loss:2.0994 train_time:539012ms step_avg:45.68ms
step:12000/20000 train_loss:2.0686 train_time:548134ms step_avg:45.68ms
step:12000/20000 val_loss:2.1027 val_bpb:1.2453 train_time:548152ms step_avg:45.68ms
step:12200/20000 train_loss:2.2107 train_time:557258ms step_avg:45.68ms
step:12400/20000 train_loss:1.8514 train_time:566442ms step_avg:45.68ms
step:12600/20000 train_loss:2.0743 train_time:575566ms step_avg:45.68ms
step:12800/20000 train_loss:2.0899 train_time:584690ms step_avg:45.68ms
step:13000/20000 train_loss:2.1575 train_time:593814ms step_avg:45.68ms
step:13000/20000 val_loss:2.0614 val_bpb:1.2209 train_time:593833ms step_avg:45.68ms
step:13137/20000 val_loss:2.0570 val_bpb:1.2183 train_time:600042ms step_avg:45.68ms
stopping_early: wallclock_cap train_time:600042ms step:13137/20000
peak memory allocated: 10298 MiB reserved: 10726 MiB
Serialized model: 67229857 bytes
Code size: 74966 bytes
Total submission size: 67304823 bytes
Serialized model int8+zlib: 16102053 bytes (payload:17702192 raw_torch:17749769 payload_ratio:3.80x)
Total submission size int8+zlib: 16177019 bytes
final_int8_zlib_roundtrip val_loss:2.0585 val_bpb:1.2192 eval_time:1448ms
final_int8_zlib_roundtrip_exact val_loss:2.05850955 val_bpb:1.21916531
final_int8_ttt_cross_doc val_loss:1.9990 val_bpb:1.1839 eval_time:80318ms
