W0423 22:15:34.031000 37080 torch/distributed/run.py:803] 
W0423 22:15:34.031000 37080 torch/distributed/run.py:803] *****************************************
W0423 22:15:34.031000 37080 torch/distributed/run.py:803] Setting OMP_NUM_THREADS environment variable for each process to be 1 in default, to avoid your system being overloaded, please further tune the variable for optimal performance in your application as needed. 
W0423 22:15:34.031000 37080 torch/distributed/run.py:803] *****************************************
Hyperparameters:
  adam_eps: 1e-08
  adam_wd: 0.02
  beta1: 0.9
  beta2: 0.95
  compressor: brotli
  data_dir: ./data/
  datasets_dir: ./data/datasets/fineweb10B_sp4096
  distributed: True
  ema_decay: 0.997
  embed_lr: 0.6
  embed_wd: 0.085
  embedding_dim: 512
  eval_seq_len: 2048
  eval_stride: 64
  gptq_calibration_batches: 64
  gptq_enabled: True
  gptq_reserve_seconds: 10.0
  grad_accum_steps: 1
  grad_clip_norm: 0.3
  head_lr: 0.008
  is_main_process: True
  iterations: 20000
  ln_scale: True
  local_rank: 0
  logfile: logs/2025.txt
  logit_softcap: 30.0
  matrix_lr: 0.02
  max_wallclock_seconds: 600.0
  min_lr: 0.0
  mlp_mult: 4.0
  model_dim: 512
  model_path: final_model.pt
  muon_backend_steps: 5
  muon_beta2: 0.95
  muon_momentum: 0.99
  muon_momentum_warmup_start: 0.92
  muon_momentum_warmup_steps: 1500
  muon_wd: 0.085
  num_heads: 8
  num_kv_heads: 4
  num_layers: 11
  qk_gain_init: 4.0
  quantized_model_path: final_model.int6.ptz
  rank: 0
  rope_base: 10000.0
  rope_dims: 16
  rope_train_seq_len: 2048
  run_id: 2025
  scalar_lr: 0.02
  seed: 2025
  skip_gates_enabled: True
  sliding_window_enabled: True
  tie_embeddings: True
  tied_embed_init_std: 0.005
  tied_embed_lr: 0.03
  tokenizer_path: ./data/tokenizers/fineweb_4096_bpe.model
  train_batch_tokens: 786432
  train_files: ./data/datasets/fineweb10B_sp4096/fineweb_train_*.bin
  train_log_every: 500
  train_seq_len: 2048
  val_batch_tokens: 524288
  val_files: ./data/datasets/fineweb10B_sp4096/fineweb_val_*.bin
  val_loss_every: 4000
  ve_dim: 128
  ve_enabled: True
  ve_layers: 9,10
  vocab_size: 4096
  warmdown_frac: 0.667
  warmup_steps: 20
  world_size: 8
  xsa_last_n: 11
train_shards: 80
val_tokens: 45508608
model_params:34401371
gptq:reserving 10s, effective=590000ms
warmup_step: 1/20
warmup_step: 2/20
warmup_step: 3/20
warmup_step: 4/20
warmup_step: 5/20
warmup_step: 6/20
warmup_step: 10/20
warmup_step: 20/20
0/20000 val_loss: 8.3157 val_bpb: 3.6139
1/20000 train_loss: 8.3179 train_time: 0.0m tok/s: 8408044
2/20000 train_loss: 12.3827 train_time: 0.0m tok/s: 8285200
3/20000 train_loss: 10.8875 train_time: 0.0m tok/s: 8185272
4/20000 train_loss: 9.0416 train_time: 0.0m tok/s: 8135610
5/20000 train_loss: 7.8092 train_time: 0.0m tok/s: 8099886
500/20000 train_loss: 2.9326 train_time: 0.8m tok/s: 7867458
1000/20000 train_loss: 2.9024 train_time: 1.7m tok/s: 7857849
1500/20000 train_loss: 2.9197 train_time: 2.5m tok/s: 7858915
2000/20000 train_loss: 2.6646 train_time: 3.3m tok/s: 7860451
2500/20000 train_loss: 2.7164 train_time: 4.2m tok/s: 7858666
3000/20000 train_loss: 2.7611 train_time: 5.0m tok/s: 7859735
3500/20000 train_loss: 2.7064 train_time: 5.8m tok/s: 7860388
4000/20000 train_loss: 2.6483 train_time: 6.7m tok/s: 7860863
4000/20000 val_loss: 2.6716 val_bpb: 1.1611
4500/20000 train_loss: 2.6061 train_time: 7.5m tok/s: 7861174
5000/20000 train_loss: 2.5630 train_time: 8.3m tok/s: 7861611
5500/20000 train_loss: 2.5709 train_time: 9.2m tok/s: 7862096
5899/20000 val_loss: 2.5443 val_bpb: 1.1057
stopping_early: wallclock_cap train_time: 590063ms step: 5899/20000
peak memory allocated: 25773 MiB reserved: 25882 MiB
ema:applying EMA weights
pre-quantization post-ema val_loss:2.54157766 val_bpb:1.10454037 eval_time:1730ms
Serialized model: 132405827 bytes
Code size: 72829 bytes
GPTQ:collecting Hessians from calibration data...
GPTQ:collected 66 Hessians in 8.3s
GPTQ quantization: 66 layers with full GPTQ, 0 fallback to clip-search
Serialized model int6+brotli: 15857795 bytes
Total submission size int6+brotli: 15930624 bytes
final_int6_roundtrip val_loss:2.56743953 val_bpb:1.11577965 eval_time:6619ms
[ppm_mix] tokens=45508608 bytes=152570124 NN_byte=1.08675 mix=0.95135 Δ=-0.13540 NN_full=1.09751
final_int6_sliding_window val_loss:2.52540642 val_bpb:0.95134764 eval_time:540903ms
