
*****************************************
Setting OMP_NUM_THREADS environment variable for each process to be 1 in default, to avoid your system being overloaded, please further tune the variable for optimal performance in your application as needed. 
*****************************************
Hyperparameters:
  adam_eps: 1e-08
  adam_wd: 0.02
  artifact_dir: 
  attn_clip_sigmas: 13.0
  attn_out_gate_enabled: False
  attn_out_gate_src: proj
  beta1: 0.9
  beta2: 0.95
  caseops_enabled: False
  compressor: brotli
  data_dir: ./data
  datasets_dir: ./data/datasets/fineweb10B_sp8192
  distributed: True
  ema_decay: 0.9965
  embed_bits: 7
  embed_clip_sigmas: 15.0
  embed_lr: 0.6
  embed_wd: 0.085
  enable_looping_at: 0.35
  eval_seq_len: 2048
  eval_stride: 64
  fused_ce_enabled: True
  gate_window: 12
  gated_attn_enabled: True
  gated_attn_init_std: 0.005
  gated_attn_quant_gate: True
  global_ttt_batch_seqs: 32
  global_ttt_chunk_tokens: 32768
  global_ttt_epochs: 1
  global_ttt_grad_clip: 1.0
  global_ttt_lr: 0.001
  global_ttt_momentum: 0.9
  global_ttt_respect_doc_boundaries: True
  global_ttt_warmup_chunks: 0
  global_ttt_warmup_start_lr: 0.0
  gptq_calibration_batches: 12
  gptq_reserve_seconds: 4.0
  grad_accum_steps: 1
  grad_clip_norm: 0.3
  is_main_process: True
  iterations: 20000
  ln_scale: True
  local_rank: 0
  logfile: logs/ppm_omp_8t_chunk4M_s314.txt
  logit_softcap: 30.0
  loop_end: 5
  loop_start: 3
  lqer_asym_enabled: True
  lqer_asym_group: 64
  lqer_enabled: True
  lqer_factor_bits: 4
  lqer_rank: 4
  lqer_top_k: 3
  matrix_bits: 6
  matrix_clip_sigmas: 12.85
  matrix_lr: 0.026
  max_wallclock_seconds: 600.0
  min_lr: 0.0
  mlp_clip_sigmas: 12.0
  mlp_mult: 4.0
  model_dim: 512
  model_path: final_model.pt
  muon_backend_steps: 5
  muon_momentum: 0.97
  muon_momentum_warmup_start: 0.92
  muon_momentum_warmup_steps: 1500
  muon_row_normalize: True
  muon_wd: 0.095
  num_heads: 8
  num_kv_heads: 4
  num_layers: 11
  num_loops: 2
  parallel_final_lane: mean
  parallel_start_layer: 8
  phased_ttt_num_phases: 1
  phased_ttt_prefix_docs: 2000
  ppm_collect_batch_seqs: 32
  ppm_conf_threshold: 0.9
  ppm_debug_subset_tokens: 0
  ppm_lambda_hi: 0.9
  ppm_lambda_lo: 0.05
  ppm_log_cache_size: 1048576
  ppm_native_enabled: True
  ppm_omp_chunk_tokens: 4194304
  ppm_omp_threads: 8
  ppm_order: 4
  qk_gain_init: 5.0
  quantized_model_path: final_model.int6.ptz
  rank: 0
  rope_base: 10000.0
  rope_dims: 16
  rope_train_seq_len: 2048
  rope_yarn: False
  run_id: ppm_omp_8t_chunk4M_s314
  scalar_lr: 0.02
  seed: 314
  skip_gates_enabled: True
  smear_gate_enabled: True
  sparse_attn_gate_enabled: False
  sparse_attn_gate_init_std: 0.0
  sparse_attn_gate_scale: 1.0
  tie_embeddings: True
  tied_embed_init_std: 0.005
  tied_embed_lr: 0.03
  tokenizer_path: ./data/tokenizers/fineweb_8192_bpe.model
  train_batch_tokens: 786432
  train_files: ./data/datasets/fineweb10B_sp8192/fineweb_train_*.bin
  train_log_every: 500
  train_seq_len: 2048
  ttt_batch_size: 64
  ttt_beta1: 0.0
  ttt_beta2: 0.999
  ttt_chunk_size: 48
  ttt_enabled: False
  ttt_eval_batches: 
  ttt_eval_seq_len: 2048
  ttt_grad_steps: 1
  ttt_k_lora: True
  ttt_lora_lr: 0.0001
  ttt_lora_rank: 96
  ttt_mlp_lora: True
  ttt_o_lora: True
  ttt_optimizer: adam
  ttt_weight_decay: 1.0
  val_batch_tokens: 524288
  val_bytes_files: ./data/datasets/fineweb10B_sp8192/fineweb_val_bytes_*.bin
  val_doc_fraction: 1.0
  val_files: ./data/datasets/fineweb10B_sp8192/fineweb_val_*.bin
  val_loss_every: 4000
  vocab_size: 8192
  warmdown_frac: 0.75
  warmup_steps: 20
  world_size: 8
  xsa_last_n: 11
train_shards: 80
val_tokens: 40540160
model_params:35989671
gptq:reserving 4s, effective=596000ms
warmup_cu_buckets:64,128,192,256 iters_each:3
warmup_step: 1/20
warmup_step: 2/20
warmup_step: 3/20
warmup_step: 4/20
warmup_step: 5/20
warmup_step: 6/20
warmup_step: 10/20
warmup_step: 20/20
loop_warmup:enabled encoder:[0, 1, 2, 3, 4, 5, 3, 4] decoder:[5, 3, 4, 5, 6, 7, 8, 9, 10]
loop_warmup_step: 1/20
loop_warmup_step: 2/20
loop_warmup_step: 3/20
loop_warmup_step: 4/20
loop_warmup_step: 5/20
loop_warmup_step: 6/20
loop_warmup_step: 10/20
loop_warmup_step: 20/20
0/20000 val_loss: 9.0100 val_bpb: 3.4879
1/20000 train_loss: 9.0098 train_time: 0.0m tok/s: 10747808
2/20000 train_loss: 12.4881 train_time: 0.0m tok/s: 9650701
3/20000 train_loss: 11.4278 train_time: 0.0m tok/s: 9250078
4/20000 train_loss: 9.6748 train_time: 0.0m tok/s: 8713950
5/20000 train_loss: 8.2264 train_time: 0.0m tok/s: 8369944
500/20000 train_loss: 3.2531 train_time: 0.8m tok/s: 7755147
1000/20000 train_loss: 3.0262 train_time: 1.7m tok/s: 7719275
1500/20000 train_loss: 3.0348 train_time: 2.6m tok/s: 7703845
2000/20000 train_loss: 2.9807 train_time: 3.4m tok/s: 7704798
layer_loop:enabled step:2041 frac:0.350 encoder:[0, 1, 2, 3, 4, 5, 3, 4] decoder:[5, 3, 4, 5, 6, 7, 8, 9, 10]
2500/20000 train_loss: 3.0597 train_time: 4.6m tok/s: 7124351
3000/20000 train_loss: 2.8944 train_time: 5.8m tok/s: 6748916
3500/20000 train_loss: 2.9573 train_time: 7.0m tok/s: 6507686
4000/20000 train_loss: 2.8839 train_time: 8.3m tok/s: 6335527
4000/20000 val_loss: 2.8599 val_bpb: 1.1071
4500/20000 train_loss: 2.8259 train_time: 9.5m tok/s: 6176285
4658/20000 val_loss: 2.7734 val_bpb: 1.0737
stopping_early: wallclock_cap train_time: 596087ms step: 4658/20000
peak memory allocated: 41659 MiB reserved: 41680 MiB
ema:applying EMA weights
diagnostic pre-quantization post-ema val_loss:2.77227710 val_bpb:1.07320027 eval_time:12255ms
Serialized model: 135593533 bytes
Code size (uncompressed): 183428 bytes
Code size (compressed): 38555 bytes
GPTQ:collecting Hessians from calibration data...
GPTQ:collected 67 Hessians in 2.9s
Quantized weights:
  gate_int8_row: blocks.attn.attn_gate_w
  gptq (int6): blocks.attn.c_k.weight, blocks.attn.c_q.weight, blocks.attn.c_v.weight, blocks.attn.proj.weight, blocks.mlp.fc.weight, blocks.mlp.proj.weight
  gptq (int6)+lqer_asym: blocks.mlp.fc.weight
  gptq (int7)+lqer_asym: tok_emb.weight
  passthrough (float16): blocks.attn.q_gain, blocks.attn_scale, blocks.mlp_scale, blocks.resid_mix, parallel_post_lambdas, parallel_resid_lambdas, skip_gates, skip_weights, smear_gate.weight, smear_lambda
Serialized model quantized+brotli: 15957522 bytes
Total submission size quantized+brotli: 15996077 bytes

beginning PPM-no-TTT eval timer
ppm_collect:start total_windows=19795 my_windows=2474 tokens=5066752 rank=0
ppm_collect:rank_local_done rank=0 tokens=5066752 first=0 last=5066751 seconds=94.9
ppm_collect:gather_done tokens=40540160 wait=1.0s total=95.9s
ppm_native:start tokens=40540160
ppm_full_native tokens=40540160 bytes=151078222 mix_bpb=1.03190713 ppm_only=2.34028416 nn_byte_bpb=1.10051710 nn_token_bpb=1.10051710 gate_high_frac=0.142408 order=4 lambda_hi=0.9 lambda_lo=0.05 threshold=0.9 log_cache=1048576 omp_threads=8 omp_chunk_tokens=4194304
ppm_time:93.9s native=True full_val=True scored_tokens=40540160
legal_ttt_exact val_loss:0.71526352 val_bpb:1.03190713 eval_time:0ms
final_int6_sliding_window_exact val_loss:0.71526352 val_bpb:1.03190713 eval_time:0ms
ppm_native:total_pass_time:189.8s
[W427 10:58:37.367820451 AllocatorConfig.cpp:28] Warning: PYTORCH_CUDA_ALLOC_CONF is deprecated, use PYTORCH_ALLOC_CONF instead (function operator())
[W427 10:58:37.407070945 AllocatorConfig.cpp:28] Warning: PYTORCH_CUDA_ALLOC_CONF is deprecated, use PYTORCH_ALLOC_CONF instead (function operator())
[W427 10:58:37.500566294 AllocatorConfig.cpp:28] Warning: PYTORCH_CUDA_ALLOC_CONF is deprecated, use PYTORCH_ALLOC_CONF instead (function operator())
[W427 10:58:37.605514259 AllocatorConfig.cpp:28] Warning: PYTORCH_CUDA_ALLOC_CONF is deprecated, use PYTORCH_ALLOC_CONF instead (function operator())
[W427 10:58:38.188065717 AllocatorConfig.cpp:28] Warning: PYTORCH_CUDA_ALLOC_CONF is deprecated, use PYTORCH_ALLOC_CONF instead (function operator())
[W427 10:58:38.229223619 AllocatorConfig.cpp:28] Warning: PYTORCH_CUDA_ALLOC_CONF is deprecated, use PYTORCH_ALLOC_CONF instead (function operator())
[W427 10:58:38.438245654 AllocatorConfig.cpp:28] Warning: PYTORCH_CUDA_ALLOC_CONF is deprecated, use PYTORCH_ALLOC_CONF instead (function operator())
[W427 10:58:40.937510593 AllocatorConfig.cpp:28] Warning: PYTORCH_CUDA_ALLOC_CONF is deprecated, use PYTORCH_ALLOC_CONF instead (function operator())
[W427 10:58:42.898449321 AllocatorConfig.cpp:28] Warning: PYTORCH_CUDA_ALLOC_CONF is deprecated, use PYTORCH_ALLOC_CONF instead (function operator())
