
*****************************************
Setting OMP_NUM_THREADS environment variable for each process to be 1 in default, to avoid your system being overloaded, please further tune the variable for optimal performance in your application as needed. 
*****************************************
logs/brelt_h100_full.txt
dataset_dir:fineweb10B_sp1024 train_shards:80
val_loader:pattern=/workspace/parameter-golf/data/datasets/fineweb10B_sp1024/fineweb_val_*.bin bytes:151079936
brelt_profile:full full_profile:1
patching_mode:learned patch_size:6 max_patch_len:64
architecture:brelt_recursive_shared_v6_learned_xsa_qat
model_params:37818831
world_size:2 grad_accum_steps:4
val_max_bytes:16777216
train_batch_bytes:2097152 train_seq_len:1024
local_dim:192 global_dim:1536
local_encoder_layers:2 local_decoder_layers:2 global_layers:14
global_partial_rope_fraction:0.25
local_conv_kernel:5 local_conv_expansion:2
global_latent_stride:4 global_downsample_kernel:5 global_downsample_expansion:2
latent_rate_weight:0.05 deep_supervision_decay:0.5 deep_supervision_taps:2 latent_supervision_weight:0.0 aux_warmup_steps:48 anti_collapse_strength:0.25 anti_collapse_last_n:3 latent_align_weight:0.01 recurrence_start_layers:10 recurrence_warmup_steps:20 depth_scale_min:0.75 adaptive_recurrence:1 adaptive_recurrence_min_scale:0.95 adaptive_recurrence_target:0.35 adaptive_recurrence_super_target:48.0 adaptive_recurrence_count_min:0.85 adaptive_recurrence_count_max:1.15 prior_min_scale:0.02 global_xsa:1 global_xsa_last_n:4 global_xsa_start_step:32 boundary_head_weight:0.05 boundary_add_threshold:0.85 boundary_target_patch_size:8.0 boundary_rate_weight:0.12 boundary_smooth_alpha:0.25 boundary_proxy_weight:0.02 boundary_bias_eta:0.15 boundary_bias_min:-8.0 boundary_bias_max:6.0 max_patches:192 patch_refiner_layers:0 global_mlp_kind:lrelu2 local_mlp_kind:relu2 global_mlp_mult:3.5 local_mlp_mult:2.5 qat_enabled:0 qat_start_step:256 qat_bits:8 dual_rate_enabled:1 dual_rate_capacity:0.24 dual_rate_eta:0.02 dual_rate_init:0.05 ema_decay:0.997 ema_start_step:20 ddp_find_unused:0
turboquant_rotate:1 turboquant_min_cols:64
embed_lr:0.05 head_lr:0.008 matrix_lr:0.04 scalar_lr:0.04 weight_decay:0.04
seed:1337
warmup_step:1/5
warmup_step:2/5
warmup_step:3/5
warmup_step:4/5
warmup_step:5/5
step:1/20000 train_loss:5.5878 train_main_loss:5.5878 train_bpb:8.0614 active_layers:11 patches:16.0 super:4.0 max_patches:16.0 max_super:4.0 avg_patch_len:64.00 boundary_rate:0.1338 hard_boundary_rate:0.0147 boundary_bias:-1.9297 latent_rate:0.0379 dual_lambda:0.0474 lr_scale:1.0000 compute_proxy:176.0 max_compute_proxy:176.0 seen_gb:0.002 throughput_mib_s:1.2 train_time:1631ms step_avg:1631.18ms
step:2/20000 train_loss:4.6302 train_main_loss:4.6297 train_bpb:6.6793 active_layers:11 patches:16.0 super:4.0 max_patches:16.0 max_super:4.0 avg_patch_len:64.00 boundary_rate:0.1177 hard_boundary_rate:0.0147 boundary_bias:-1.9062 latent_rate:0.0382 dual_lambda:0.0447 lr_scale:0.4590 compute_proxy:176.0 max_compute_proxy:176.0 seen_gb:0.004 throughput_mib_s:1.2 train_time:3242ms step_avg:1621.13ms
step:3/20000 train_loss:3.7617 train_main_loss:3.7611 train_bpb:5.4260 active_layers:11 patches:16.0 super:4.0 max_patches:16.0 max_super:4.0 avg_patch_len:64.00 boundary_rate:0.2852 hard_boundary_rate:0.0147 boundary_bias:-1.8828 latent_rate:0.0386 dual_lambda:0.0437 lr_scale:0.4613 compute_proxy:176.0 max_compute_proxy:176.0 seen_gb:0.006 throughput_mib_s:1.2 train_time:4842ms step_avg:1613.98ms
step:4/20000 train_loss:3.2641 train_main_loss:3.2627 train_bpb:4.7070 active_layers:12 patches:192.0 super:48.0 max_patches:192.0 max_super:48.0 avg_patch_len:5.33 boundary_rate:0.5469 hard_boundary_rate:0.1867 boundary_bias:-1.8906 latent_rate:0.0378 dual_lambda:0.0470 lr_scale:0.4627 compute_proxy:27648.0 max_compute_proxy:27648.0 seen_gb:0.008 throughput_mib_s:1.1 train_time:7204ms step_avg:1800.96ms
step:5/20000 train_loss:3.1011 train_main_loss:3.0998 train_bpb:4.4721 active_layers:12 patches:16.0 super:4.0 max_patches:16.0 max_super:4.0 avg_patch_len:64.00 boundary_rate:0.3789 hard_boundary_rate:0.0147 boundary_bias:-1.8750 latent_rate:0.0372 dual_lambda:0.0469 lr_scale:0.4139 compute_proxy:192.0 max_compute_proxy:192.0 seen_gb:0.010 throughput_mib_s:1.1 train_time:8847ms step_avg:1769.40ms
step:6/20000 train_loss:3.0204 train_main_loss:3.0188 train_bpb:4.3552 active_layers:12 patches:16.0 super:4.0 max_patches:16.0 max_super:4.0 avg_patch_len:64.00 boundary_rate:0.3340 hard_boundary_rate:0.0147 boundary_bias:-1.8594 latent_rate:0.0365 dual_lambda:0.0463 lr_scale:0.4207 compute_proxy:192.0 max_compute_proxy:192.0 seen_gb:0.013 throughput_mib_s:1.1 train_time:10465ms step_avg:1744.09ms
step:7/20000 train_loss:2.9612 train_main_loss:2.9593 train_bpb:4.2694 active_layers:12 patches:16.0 super:4.0 max_patches:16.0 max_super:4.0 avg_patch_len:64.00 boundary_rate:0.3926 hard_boundary_rate:0.0147 boundary_bias:-1.8438 latent_rate:0.0357 dual_lambda:0.0463 lr_scale:0.4262 compute_proxy:192.0 max_compute_proxy:192.4 seen_gb:0.015 throughput_mib_s:1.2 train_time:12135ms step_avg:1733.57ms
step:8/20000 train_loss:2.9011 train_main_loss:2.8989 train_bpb:4.1822 active_layers:12 patches:16.0 super:4.0 max_patches:16.0 max_super:4.0 avg_patch_len:64.00 boundary_rate:0.3770 hard_boundary_rate:0.0147 boundary_bias:-1.8281 latent_rate:0.0345 dual_lambda:0.0461 lr_scale:0.4282 compute_proxy:192.0 max_compute_proxy:192.0 seen_gb:0.017 throughput_mib_s:1.2 train_time:13755ms step_avg:1719.38ms
step:9/20000 train_loss:2.8347 train_main_loss:2.8321 train_bpb:4.0858 active_layers:13 patches:20.1 super:5.4 max_patches:20.3 max_super:5.5 avg_patch_len:50.88 boundary_rate:0.4180 hard_boundary_rate:0.0187 boundary_bias:-1.8125 latent_rate:0.0334 dual_lambda:0.0463 lr_scale:0.4312 compute_proxy:376.1 max_compute_proxy:390.5 seen_gb:0.019 throughput_mib_s:1.2 train_time:15587ms step_avg:1731.93ms
step:10/20000 train_loss:2.7648 train_main_loss:2.7618 train_bpb:3.9845 active_layers:13 patches:16.0 super:4.0 max_patches:16.0 max_super:4.0 avg_patch_len:64.00 boundary_rate:0.3262 hard_boundary_rate:0.0147 boundary_bias:-1.7969 latent_rate:0.0319 dual_lambda:0.0456 lr_scale:0.4274 compute_proxy:208.0 max_compute_proxy:208.0 seen_gb:0.021 throughput_mib_s:1.2 train_time:17247ms step_avg:1724.75ms
step:25/20000 train_loss:2.4923 train_main_loss:2.4847 train_bpb:3.5847 active_layers:14 patches:21.4 super:5.7 max_patches:22.2 max_super:5.9 avg_patch_len:47.87 boundary_rate:0.3359 hard_boundary_rate:0.0199 boundary_bias:-1.6406 latent_rate:0.0271 dual_lambda:0.0439 lr_scale:0.3941 compute_proxy:456.0 max_compute_proxy:492.3 seen_gb:0.052 throughput_mib_s:1.1 train_time:45812ms step_avg:1832.48ms
step:50/20000 train_loss:2.1423 train_main_loss:2.1281 train_bpb:3.0702 active_layers:14 patches:94.2 super:23.9 max_patches:94.3 max_super:23.9 avg_patch_len:10.87 boundary_rate:0.3477 hard_boundary_rate:0.0911 boundary_bias:-1.4766 latent_rate:0.0056 dual_lambda:0.0417 lr_scale:0.3425 compute_proxy:7995.9 max_compute_proxy:8024.7 seen_gb:0.105 throughput_mib_s:1.0 train_time:100848ms step_avg:2016.96ms
step:75/20000 train_loss:1.9499 train_main_loss:1.9360 train_bpb:2.7931 active_layers:14 patches:97.3 super:24.7 max_patches:97.3 max_super:24.7 avg_patch_len:10.52 boundary_rate:0.3262 hard_boundary_rate:0.0941 boundary_bias:-1.4297 latent_rate:0.0024 dual_lambda:0.0411 lr_scale:0.3056 compute_proxy:8540.7 max_compute_proxy:8540.7 seen_gb:0.157 throughput_mib_s:0.9 train_time:160152ms step_avg:2135.36ms
step:100/20000 train_loss:1.7148 train_main_loss:1.7014 train_bpb:2.4546 active_layers:14 patches:138.7 super:35.0 max_patches:139.2 max_super:35.1 avg_patch_len:7.38 boundary_rate:0.3066 hard_boundary_rate:0.1346 boundary_bias:-1.5156 latent_rate:0.0010 dual_lambda:0.0413 lr_scale:0.2787 compute_proxy:17150.0 max_compute_proxy:17291.9 seen_gb:0.210 throughput_mib_s:0.9 train_time:220437ms step_avg:2204.37ms
step:125/20000 train_loss:1.6223 train_main_loss:1.6094 train_bpb:2.3219 active_layers:14 patches:177.0 super:44.5 max_patches:177.0 max_super:44.5 avg_patch_len:5.79 boundary_rate:0.3105 hard_boundary_rate:0.1721 boundary_bias:-1.6953 latent_rate:0.0008 dual_lambda:0.0426 lr_scale:0.2565 compute_proxy:27781.9 max_compute_proxy:27781.9 seen_gb:0.262 throughput_mib_s:0.9 train_time:280871ms step_avg:2246.97ms
step:150/20000 train_loss:1.5749 train_main_loss:1.5619 train_bpb:2.2533 active_layers:13 patches:191.5 super:47.9 max_patches:191.6 max_super:47.9 avg_patch_len:5.35 boundary_rate:0.3223 hard_boundary_rate:0.1862 boundary_bias:-1.8672 latent_rate:0.0008 dual_lambda:0.0434 lr_scale:0.2365 compute_proxy:29820.5 max_compute_proxy:29854.6 seen_gb:0.315 throughput_mib_s:0.9 train_time:341469ms step_avg:2276.46ms
step:175/20000 train_loss:1.5456 train_main_loss:1.5332 train_bpb:2.2119 active_layers:14 patches:173.6 super:43.7 max_patches:177.4 max_super:44.6 avg_patch_len:5.90 boundary_rate:0.2988 hard_boundary_rate:0.1687 boundary_bias:-2.0469 latent_rate:0.0005 dual_lambda:0.0445 lr_scale:0.2177 compute_proxy:26691.7 max_compute_proxy:27903.9 seen_gb:0.367 throughput_mib_s:0.9 train_time:402231ms step_avg:2298.46ms
step:200/20000 train_loss:1.5148 train_main_loss:1.5022 train_bpb:2.1672 active_layers:13 patches:187.8 super:47.1 max_patches:188.4 max_super:47.2 avg_patch_len:5.45 boundary_rate:0.3125 hard_boundary_rate:0.1826 boundary_bias:-2.3281 latent_rate:0.0005 dual_lambda:0.0442 lr_scale:0.1997 compute_proxy:28783.9 max_compute_proxy:29008.9 seen_gb:0.419 throughput_mib_s:0.9 train_time:462936ms step_avg:2314.68ms
step:225/20000 train_loss:1.4378 train_main_loss:1.4255 train_bpb:2.0566 active_layers:13 patches:188.7 super:47.3 max_patches:190.7 max_super:47.7 avg_patch_len:5.43 boundary_rate:0.3027 hard_boundary_rate:0.1835 boundary_bias:-2.5938 latent_rate:0.0004 dual_lambda:0.0439 lr_scale:0.1820 compute_proxy:29080.9 max_compute_proxy:29597.2 seen_gb:0.472 throughput_mib_s:0.9 train_time:524171ms step_avg:2329.65ms
step:250/20000 train_loss:1.4462 train_main_loss:1.4341 train_bpb:2.0690 active_layers:14 patches:181.5 super:45.6 max_patches:183.1 max_super:46.0 avg_patch_len:5.64 boundary_rate:0.2910 hard_boundary_rate:0.1765 boundary_bias:-2.8281 latent_rate:0.0004 dual_lambda:0.0441 lr_scale:0.1650 compute_proxy:29093.1 max_compute_proxy:29598.8 seen_gb:0.524 throughput_mib_s:0.9 train_time:584916ms step_avg:2339.66ms
step:275/20000 train_loss:1.4241 train_main_loss:1.4122 train_bpb:2.0373 active_layers:13 patches:187.4 super:47.0 max_patches:187.4 max_super:47.0 avg_patch_len:5.47 boundary_rate:0.3008 hard_boundary_rate:0.1822 boundary_bias:-3.1406 latent_rate:0.0005 dual_lambda:0.0438 lr_scale:0.1482 compute_proxy:28659.7 max_compute_proxy:28683.6 seen_gb:0.577 throughput_mib_s:0.9 train_time:645709ms step_avg:2348.03ms
step:300/20000 train_loss:1.4121 train_main_loss:1.4001 train_bpb:2.0200 active_layers:13 patches:191.3 super:47.9 max_patches:191.3 max_super:47.9 avg_patch_len:5.35 boundary_rate:0.2988 hard_boundary_rate:0.1860 boundary_bias:-3.5312 latent_rate:0.0005 dual_lambda:0.0444 lr_scale:0.1317 compute_proxy:29791.3 max_compute_proxy:29791.3 seen_gb:0.629 throughput_mib_s:0.8 train_time:706303ms step_avg:2354.34ms
step:325/20000 train_loss:1.3584 train_main_loss:1.3469 train_bpb:1.9432 active_layers:13 patches:190.2 super:47.6 max_patches:190.6 max_super:47.7 avg_patch_len:5.38 boundary_rate:0.2910 hard_boundary_rate:0.1849 boundary_bias:-3.9062 latent_rate:0.0005 dual_lambda:0.0441 lr_scale:0.1151 compute_proxy:29485.8 max_compute_proxy:29587.5 seen_gb:0.682 throughput_mib_s:0.8 train_time:767571ms step_avg:2361.76ms
step:350/20000 train_loss:1.4056 train_main_loss:1.3940 train_bpb:2.0111 active_layers:13 patches:189.0 super:47.3 max_patches:190.2 max_super:47.6 avg_patch_len:5.42 boundary_rate:0.2949 hard_boundary_rate:0.1837 boundary_bias:-4.0000 latent_rate:0.0007 dual_lambda:0.0451 lr_scale:0.0989 compute_proxy:29100.1 max_compute_proxy:29485.8 seen_gb:0.734 throughput_mib_s:0.8 train_time:828001ms step_avg:2365.72ms
step:375/20000 train_loss:1.3447 train_main_loss:1.3333 train_bpb:1.9235 active_layers:13 patches:189.8 super:47.5 max_patches:189.8 max_super:47.5 avg_patch_len:5.39 boundary_rate:0.2969 hard_boundary_rate:0.1846 boundary_bias:-4.0000 latent_rate:0.0009 dual_lambda:0.0453 lr_scale:0.0828 compute_proxy:29374.7 max_compute_proxy:30215.6 seen_gb:0.786 throughput_mib_s:0.8 train_time:888554ms step_avg:2369.48ms
step:400/20000 train_loss:1.3779 train_main_loss:1.3663 train_bpb:1.9712 active_layers:13 patches:186.5 super:46.7 max_patches:188.1 max_super:47.1 avg_patch_len:5.49 boundary_rate:0.2930 hard_boundary_rate:0.1813 boundary_bias:-4.0000 latent_rate:0.0011 dual_lambda:0.0453 lr_scale:0.0667 compute_proxy:28402.8 max_compute_proxy:28874.7 seen_gb:0.839 throughput_mib_s:0.8 train_time:949043ms step_avg:2372.61ms
step:425/20000 train_loss:1.3175 train_main_loss:1.3062 train_bpb:1.8844 active_layers:13 patches:189.2 super:47.4 max_patches:189.2 max_super:47.4 avg_patch_len:5.41 boundary_rate:0.2930 hard_boundary_rate:0.1840 boundary_bias:-4.0000 latent_rate:0.0013 dual_lambda:0.0454 lr_scale:0.0508 compute_proxy:29196.3 max_compute_proxy:29196.3 seen_gb:0.891 throughput_mib_s:0.8 train_time:1009508ms step_avg:2375.31ms
step:450/20000 train_loss:1.3749 train_main_loss:1.3633 train_bpb:1.9669 active_layers:13 patches:189.8 super:47.5 max_patches:190.1 max_super:47.6 avg_patch_len:5.40 boundary_rate:0.2949 hard_boundary_rate:0.1846 boundary_bias:-4.0000 latent_rate:0.0014 dual_lambda:0.0454 lr_scale:0.0349 compute_proxy:29365.0 max_compute_proxy:29437.5 seen_gb:0.944 throughput_mib_s:0.8 train_time:1069790ms step_avg:2377.31ms
step:475/20000 train_loss:1.3525 train_main_loss:1.3410 train_bpb:1.9347 active_layers:13 patches:189.4 super:47.4 max_patches:190.5 max_super:47.7 avg_patch_len:5.41 boundary_rate:0.2930 hard_boundary_rate:0.1841 boundary_bias:-4.0000 latent_rate:0.0015 dual_lambda:0.0454 lr_scale:0.0190 compute_proxy:29225.2 max_compute_proxy:29539.1 seen_gb:0.996 throughput_mib_s:0.8 train_time:1130235ms step_avg:2379.44ms
step:500/20000 train_loss:1.3763 train_main_loss:1.3646 train_bpb:1.9687 active_layers:13 patches:188.6 super:47.3 max_patches:189.5 max_super:47.4 avg_patch_len:5.43 boundary_rate:0.2891 hard_boundary_rate:0.1834 boundary_bias:-4.0000 latent_rate:0.0014 dual_lambda:0.0453 lr_scale:0.0031 compute_proxy:29052.1 max_compute_proxy:29268.6 seen_gb:1.049 throughput_mib_s:0.8 train_time:1190602ms step_avg:2381.20ms
step:504/20000 val_loss:1.3328 val_bpb:1.9228 train_time:1200232ms step_avg:2381.41ms
stopping_early: wallclock_cap train_time:1200232ms step:504/20000
peak memory allocated: 71650 MiB reserved: 76786 MiB
final_fp_raw val_loss:1.3328 val_bpb:1.9228
using_ema_weights:1
final_fp_ema val_loss:1.9449 val_bpb:2.8059
export_weights:raw
serialized model: 149377301 bytes
code size: 99352 bytes
total submission size: 149476653 bytes
serialized model int8+zlib: 13825009 bytes (payload:52473774 raw_torch:52512523 payload_ratio:2.85x)
total submission size int8+zlib: 13924361 bytes
final_int8_zlib_roundtrip val_loss:1.3697 val_bpb:1.9761 eval_time:9496ms
final_int8_zlib_roundtrip_exact val_loss:1.36969504 val_bpb:1.97605225
