==========================================================================
  SKC Competition Run — 8×H100 SXM
  RUN_ID : skc_h100_s1337_20260404_235253
  MODEL  : SKC  L=11  D=512  vocab=1024  (~48M params / ~12.8MB est)
  LOCKED : XSA=ALL_LAYERS  bigram=3072×112  (recal FB: +0.019 BPB vs FA)
  GPTQ   : Full Hessian Ternary GPTQ + selective pruning → 15.5MB target
  BUDGET : 599s
  SEED   : 1337
  DATA   : /workspace/data/datasets/fineweb10B_sp1024
==========================================================================
[W404 23:53:02.181133429 CUDAAllocatorConfig.h:28] Warning: expandable_segments not supported on this platform (function operator())
[W404 23:53:02.182286436 CUDAAllocatorConfig.h:28] Warning: expandable_segments not supported on this platform (function operator())
[W404 23:53:03.328742189 CUDAAllocatorConfig.h:28] Warning: expandable_segments not supported on this platform (function operator())
[W404 23:53:03.705809305 CUDAAllocatorConfig.h:28] Warning: expandable_segments not supported on this platform (function operator())
[W404 23:53:03.749231270 CUDAAllocatorConfig.h:28] Warning: expandable_segments not supported on this platform (function operator())
[W404 23:53:03.765625901 CUDAAllocatorConfig.h:28] Warning: expandable_segments not supported on this platform (function operator())
[W404 23:53:03.778799714 CUDAAllocatorConfig.h:28] Warning: expandable_segments not supported on this platform (function operator())
[W404 23:53:03.782767428 CUDAAllocatorConfig.h:28] Warning: expandable_segments not supported on this platform (function operator())
logs/cuda/skc_h100_s1337_20260404_235253.txt
DDP enabled: 8 GPUs
Muon optimizer: matrix_lr=0.02 scalar_lr=0.015 embed_lr=0.025
params:43379312 L:11 d:512 h:8 kv:4 ws:8 ga:1 s:1337
warmup:1/5
warmup:2/5
warmup:3/5
warmup:4/5
warmup:5/5
step:0/500000 val_loss:6.9333 val_bpb:4.1737 train_time:0ms zero_frac:0.309
step:20/500000 loss:76.8488 t:5994ms avg:299.7ms
step:40/500000 loss:54.4273 t:12077ms avg:301.9ms
step:60/500000 loss:31.2011 t:18050ms avg:300.8ms
step:80/500000 loss:12.4295 t:23989ms avg:299.9ms
step:100/500000 loss:7.8265 t:30174ms avg:301.7ms
step:120/500000 loss:6.4157 t:35859ms avg:298.8ms
step:140/500000 loss:6.0109 t:41769ms avg:298.3ms
step:160/500000 loss:5.9502 t:47874ms avg:299.2ms
step:180/500000 loss:5.5013 t:53958ms avg:299.8ms
step:200/500000 loss:5.3445 t:59965ms avg:299.8ms
step:220/500000 loss:4.9163 t:65923ms avg:299.7ms
step:240/500000 loss:4.8029 t:72058ms avg:300.2ms
step:260/500000 loss:4.5224 t:77881ms avg:299.5ms
step:280/500000 loss:4.7018 t:83874ms avg:299.5ms
step:300/500000 loss:4.2801 t:89939ms avg:299.8ms
step:320/500000 loss:4.3599 t:95754ms avg:299.2ms
step:340/500000 loss:4.2090 t:101870ms avg:299.6ms
step:360/500000 loss:4.0648 t:107802ms avg:299.4ms
step:380/500000 loss:4.1052 t:114059ms avg:300.2ms
step:400/500000 loss:3.9261 t:119874ms avg:299.7ms
step:420/500000 loss:3.9402 t:125974ms avg:299.9ms
step:440/500000 loss:3.9689 t:131911ms avg:299.8ms
step:460/500000 loss:3.9609 t:137951ms avg:299.9ms
step:480/500000 loss:3.9802 t:143996ms avg:300.0ms
step:500/500000 loss:3.9919 t:150018ms avg:300.0ms
step:500/500000 val_loss:3.6770 val_bpb:2.2135 train_time:150040ms zero_frac:0.332
step:520/500000 loss:3.9067 t:156075ms avg:300.1ms
step:540/500000 loss:3.7210 t:162203ms avg:300.4ms
step:560/500000 loss:3.8227 t:168067ms avg:300.1ms
step:580/500000 loss:3.6821 t:174281ms avg:300.5ms
step:600/500000 loss:3.7237 t:180113ms avg:300.2ms
step:620/500000 loss:3.8231 t:186022ms avg:300.0ms
step:640/500000 loss:3.6601 t:192042ms avg:300.1ms
step:660/500000 loss:3.7768 t:197939ms avg:299.9ms
step:680/500000 loss:3.7135 t:203980ms avg:300.0ms
step:700/500000 loss:3.6387 t:210020ms avg:300.0ms
step:720/500000 loss:3.6491 t:216051ms avg:300.1ms
step:740/500000 loss:3.5329 t:222113ms avg:300.2ms
step:760/500000 loss:3.5992 t:228375ms avg:300.5ms
step:780/500000 loss:3.5745 t:234417ms avg:300.5ms
step:800/500000 loss:3.6589 t:240175ms avg:300.2ms
step:820/500000 loss:3.6093 t:246200ms avg:300.2ms
step:840/500000 loss:3.5837 t:252233ms avg:300.3ms
step:860/500000 loss:3.6839 t:258084ms avg:300.1ms
step:880/500000 loss:3.3386 t:264270ms avg:300.3ms
step:900/500000 loss:3.6329 t:270225ms avg:300.2ms
step:920/500000 loss:3.5240 t:276213ms avg:300.2ms
step:940/500000 loss:3.4900 t:282082ms avg:300.1ms
step:960/500000 loss:3.5432 t:287995ms avg:300.0ms
step:980/500000 loss:3.5501 t:293939ms avg:299.9ms
step:1000/500000 loss:3.4759 t:299674ms avg:299.7ms
step:1000/500000 val_loss:3.2560 val_bpb:1.9601 train_time:299696ms zero_frac:0.362
step:1020/500000 loss:3.3090 t:305807ms avg:299.8ms
step:1040/500000 loss:3.4364 t:311994ms avg:300.0ms
step:1060/500000 loss:3.4085 t:318054ms avg:300.1ms
step:1080/500000 loss:3.3909 t:324037ms avg:300.0ms
step:1100/500000 loss:3.4997 t:329901ms avg:299.9ms
step:1120/500000 loss:3.3635 t:335751ms avg:299.8ms
step:1140/500000 loss:3.5098 t:341882ms avg:299.9ms
step:1160/500000 loss:3.4308 t:347658ms avg:299.7ms
step:1180/500000 loss:3.3804 t:353743ms avg:299.8ms
step:1200/500000 loss:3.5255 t:359674ms avg:299.7ms
step:1220/500000 loss:3.4452 t:365660ms avg:299.7ms
step:1240/500000 loss:3.3136 t:371467ms avg:299.6ms
step:1260/500000 loss:3.3351 t:377431ms avg:299.5ms
step:1280/500000 loss:3.5817 t:383524ms avg:299.6ms
step:1300/500000 loss:3.4614 t:389316ms avg:299.5ms
step:1320/500000 loss:3.4146 t:395388ms avg:299.5ms
step:1340/500000 loss:3.3218 t:401345ms avg:299.5ms
step:1360/500000 loss:3.2886 t:407291ms avg:299.5ms
step:1380/500000 loss:3.3726 t:413368ms avg:299.5ms
step:1400/500000 loss:3.2854 t:419432ms avg:299.6ms
step:1420/500000 loss:3.2033 t:425441ms avg:299.6ms
step:1440/500000 loss:3.2853 t:431327ms avg:299.5ms
step:1460/500000 loss:3.2177 t:437187ms avg:299.4ms
step:1480/500000 loss:3.2104 t:443165ms avg:299.4ms
step:1500/500000 loss:3.1976 t:449146ms avg:299.4ms
step:1500/500000 val_loss:3.0200 val_bpb:1.8180 train_time:449171ms zero_frac:0.376
step:1520/500000 loss:2.9806 t:455047ms avg:299.4ms
step:1540/500000 loss:3.2626 t:461081ms avg:299.4ms
step:1560/500000 loss:3.2360 t:466954ms avg:299.3ms
step:1580/500000 loss:3.2004 t:473123ms avg:299.4ms
step:1600/500000 loss:3.1459 t:479062ms avg:299.4ms
step:1620/500000 loss:3.1371 t:485080ms avg:299.4ms
step:1640/500000 loss:3.2137 t:491249ms avg:299.5ms
step:1660/500000 loss:3.2365 t:497055ms avg:299.4ms
step:1680/500000 loss:3.1452 t:502909ms avg:299.4ms
step:1700/500000 loss:3.1438 t:509117ms avg:299.5ms
step:1720/500000 loss:3.1045 t:515016ms avg:299.4ms
step:1740/500000 loss:3.1007 t:521089ms avg:299.5ms
step:1760/500000 loss:3.0985 t:526925ms avg:299.4ms
step:1780/500000 loss:3.1491 t:532870ms avg:299.4ms
step:1800/500000 loss:3.1969 t:538681ms avg:299.3ms
step:1820/500000 loss:3.1799 t:544666ms avg:299.3ms
step:1840/500000 loss:3.1208 t:550593ms avg:299.2ms
step:1860/500000 loss:3.0817 t:556827ms avg:299.4ms
step:1880/500000 loss:3.0504 t:562937ms avg:299.4ms
step:1900/500000 loss:3.1419 t:568830ms avg:299.4ms
step:1920/500000 loss:3.1716 t:574794ms avg:299.4ms
step:1940/500000 loss:3.0934 t:580758ms avg:299.4ms
step:1960/500000 loss:3.0302 t:586830ms avg:299.4ms
step:1980/500000 loss:3.0886 t:592735ms avg:299.4ms
step:2000/500000 loss:3.0968 t:598746ms avg:299.4ms
step:2000/500000 val_loss:2.8347 val_bpb:1.7065 train_time:598772ms zero_frac:0.377
step:2010/500000 val_loss:2.8346 val_bpb:1.7064 train_time:601739ms zero_frac:0.377
stopping_early: wallclock_cap train_time:601739ms step:2010/500000
lawa:applied k=10 snapshots for serialization
hessian_ternary_gptq:generating AR self-calibration data...
