W0327 08:38:08.485000 1896745 torch/distributed/run.py:803] 
W0327 08:38:08.485000 1896745 torch/distributed/run.py:803] *****************************************
W0327 08:38:08.485000 1896745 torch/distributed/run.py:803] Setting OMP_NUM_THREADS environment variable for each process to be 1 in default, to avoid your system being overloaded, please further tune the variable for optimal performance in your application as needed. 
W0327 08:38:08.485000 1896745 torch/distributed/run.py:803] *****************************************
logs/12dd5faf-8a74-48b5-9b7f-3eb9cf5fdaef.txt
val_bpb:enabled tokenizer_kind=sentencepiece tokenizer_path=./data/tokenizers/fineweb_1024_bpe.model
train_loader:dataset:fineweb10B_sp1024 train_shards:80
val_loader:shards pattern=./data/datasets/fineweb10B_sp1024/fineweb_val_*.bin tokens:62021632
mixed_precision: 68 int5 layers, 0 int6 layers (last 0 blocks)
model_params:33326188
XSA:[0, 1, 2, 3, 4, 5, 6, 7, 8, 9, 10] ws:8 gqa:8/8
lr:embed=0.035 matrix=0.025 scalar=0.025 batch:786432 wall:600s seed:2025
[rank5]:[W327 08:38:33.483747569 reducer.cpp:1431] Warning: find_unused_parameters=True was specified in DDP constructor, but did not find any unused parameters in the forward pass. This flag results in an extra traversal of the autograd graph every iteration,  which can adversely affect performance. If your model indeed never has any unused parameters in the forward pass, consider turning this flag off. Note that this warning may be a false positive if your model has flow control causing later iterations to have unused parameters. (function operator())
[rank4]:[W327 08:38:33.616304722 reducer.cpp:1431] Warning: find_unused_parameters=True was specified in DDP constructor, but did not find any unused parameters in the forward pass. This flag results in an extra traversal of the autograd graph every iteration,  which can adversely affect performance. If your model indeed never has any unused parameters in the forward pass, consider turning this flag off. Note that this warning may be a false positive if your model has flow control causing later iterations to have unused parameters. (function operator())
[rank3]:[W327 08:38:33.652951326 reducer.cpp:1431] Warning: find_unused_parameters=True was specified in DDP constructor, but did not find any unused parameters in the forward pass. This flag results in an extra traversal of the autograd graph every iteration,  which can adversely affect performance. If your model indeed never has any unused parameters in the forward pass, consider turning this flag off. Note that this warning may be a false positive if your model has flow control causing later iterations to have unused parameters. (function operator())
[rank7]:[W327 08:38:33.714327266 reducer.cpp:1431] Warning: find_unused_parameters=True was specified in DDP constructor, but did not find any unused parameters in the forward pass. This flag results in an extra traversal of the autograd graph every iteration,  which can adversely affect performance. If your model indeed never has any unused parameters in the forward pass, consider turning this flag off. Note that this warning may be a false positive if your model has flow control causing later iterations to have unused parameters. (function operator())
[rank6]:[W327 08:38:34.796944111 reducer.cpp:1431] Warning: find_unused_parameters=True was specified in DDP constructor, but did not find any unused parameters in the forward pass. This flag results in an extra traversal of the autograd graph every iteration,  which can adversely affect performance. If your model indeed never has any unused parameters in the forward pass, consider turning this flag off. Note that this warning may be a false positive if your model has flow control causing later iterations to have unused parameters. (function operator())
[rank1]:[W327 08:38:34.267750697 reducer.cpp:1431] Warning: find_unused_parameters=True was specified in DDP constructor, but did not find any unused parameters in the forward pass. This flag results in an extra traversal of the autograd graph every iteration,  which can adversely affect performance. If your model indeed never has any unused parameters in the forward pass, consider turning this flag off. Note that this warning may be a false positive if your model has flow control causing later iterations to have unused parameters. (function operator())
[rank0]:[W327 08:38:34.636405054 reducer.cpp:1431] Warning: find_unused_parameters=True was specified in DDP constructor, but did not find any unused parameters in the forward pass. This flag results in an extra traversal of the autograd graph every iteration,  which can adversely affect performance. If your model indeed never has any unused parameters in the forward pass, consider turning this flag off. Note that this warning may be a false positive if your model has flow control causing later iterations to have unused parameters. (function operator())
[rank2]:[W327 08:38:34.645050269 reducer.cpp:1431] Warning: find_unused_parameters=True was specified in DDP constructor, but did not find any unused parameters in the forward pass. This flag results in an extra traversal of the autograd graph every iteration,  which can adversely affect performance. If your model indeed never has any unused parameters in the forward pass, consider turning this flag off. Note that this warning may be a false positive if your model has flow control causing later iterations to have unused parameters. (function operator())
warmup_step:1/20
warmup_step:2/20
warmup_step:3/20
warmup_step:4/20
warmup_step:5/20
warmup_step:6/20
warmup_step:7/20
warmup_step:8/20
warmup_step:9/20
warmup_step:10/20
warmup_step:11/20
warmup_step:12/20
warmup_step:13/20
warmup_step:14/20
warmup_step:15/20
warmup_step:16/20
warmup_step:17/20
warmup_step:18/20
warmup_step:19/20
warmup_step:20/20
pre-compiling mixer loss path (dummy data, no training tokens)...
pre-compile done
prefilling n-gram tables from training shards (frozen oracle)...
prefilled 8,000,040,960 tokens in 32097ms (counted in wallclock)
step:0/20000 val_loss:6.9292 val_bpb:4.1039 train_time:32097ms step_avg:0.07ms
step:1/20000 train_loss:3.6665 train_time:32454ms step_avg:357.50ms
step:2/20000 train_loss:4.4834 train_time:32571ms step_avg:237.17ms
step:3/20000 train_loss:4.0374 train_time:32670ms step_avg:191.19ms
step:4/20000 train_loss:3.5538 train_time:32770ms step_avg:168.21ms
step:5/20000 train_loss:3.6340 train_time:32869ms step_avg:154.47ms
step:6/20000 train_loss:3.8107 train_time:32968ms step_avg:145.30ms
step:7/20000 train_loss:3.7905 train_time:33068ms step_avg:138.79ms
step:8/20000 train_loss:3.6914 train_time:33168ms step_avg:133.87ms
step:9/20000 train_loss:3.4838 train_time:33268ms step_avg:130.09ms
step:10/20000 train_loss:3.3686 train_time:33367ms step_avg:127.06ms
step:500/20000 train_loss:1.2265 train_time:82730ms step_avg:101.27ms
step:1000/20000 train_loss:1.1635 train_time:132690ms step_avg:100.59ms
step:1500/20000 train_loss:1.1360 train_time:183029ms step_avg:100.62ms
step:2000/20000 train_loss:1.0533 train_time:233624ms step_avg:100.76ms
step:2500/20000 train_loss:1.1010 train_time:284362ms step_avg:100.91ms
step:3000/20000 train_loss:1.0878 train_time:335279ms step_avg:101.06ms
step:3500/20000 train_loss:1.0897 train_time:386055ms step_avg:101.13ms
late_qat:enabled step:3687 scale:0.4998
step:4000/20000 train_loss:0.9814 train_time:437489ms step_avg:101.35ms
step:4000/20000 val_loss:1.9842 val_bpb:1.1751 train_time:437493ms step_avg:101.35ms
step:4500/20000 train_loss:1.0553 train_time:489157ms step_avg:101.57ms
swa:start step:4750
step:5000/20000 train_loss:1.0400 train_time:541888ms step_avg:101.96ms
step:5370/20000 val_loss:1.9114 val_bpb:1.1320 train_time:581359ms step_avg:102.28ms
stopping_early: wallclock_cap train_time:581359ms step:5370/20000
peak memory allocated: 28254 MiB reserved: 28560 MiB
ema:applying EMA weights (skipping diagnostic evals)
Serialized model: 130466125 bytes
Code size: 98302 bytes
pruning:3.0% magnitude pruning applied
Serialized model int6+zstd: 15199150 bytes
Total submission size int6+zstd: 15297452 bytes
TTT: epochs=1 lr=0.001 freeze_first=0 chunk=32768 opt=adamw
TTT temperature: 0.98
  Logistic context mixer enabled: eta=0.0
ttt:start chunks=1893 chunk_tokens=32768 windows=969057 stride=64 lr=0.001 epochs=1 opt=adamw freeze_first=0
ttt:params unfrozen=19476 frozen=33306712
    ttt_train [1] seqs=16 start_train...
    ttt_train [1] epoch=1/1 batches=2 ...
      step done ep=1 bs=0 loss=2.3417
  ttt_chunk [1/1893] bpb=0.028574 time=0.4s
    ttt_train [2] seqs=16 start_train...
    ttt_train [2] epoch=1/1 batches=2 ...
      step done ep=1 bs=0 loss=2.7812
  ttt_chunk [2/1893] bpb=0.028393 time=0.6s
    ttt_train [3] seqs=16 start_train...
    ttt_train [3] epoch=1/1 batches=2 ...
      step done ep=1 bs=0 loss=1.9111
  ttt_chunk [3/1893] bpb=0.027843 time=0.8s
  ttt_chunk [4/1893] bpb=0.027857 time=1.0s
  ttt_chunk [5/1893] bpb=0.027726 time=1.2s
  ttt_chunk [11/1893] bpb=0.027332 time=2.3s
  ttt_chunk [21/1893] bpb=0.027446 time=4.2s
  ttt_chunk [31/1893] bpb=0.027294 time=6.1s
  ttt_chunk [41/1893] bpb=0.027192 time=8.0s
  ttt_chunk [51/1893] bpb=0.027191 time=9.9s
  ttt_chunk [61/1893] bpb=0.027330 time=11.8s
  ttt_chunk [71/1893] bpb=0.027303 time=13.8s
  ttt_chunk [81/1893] bpb=0.027384 time=15.7s
  ttt_chunk [91/1893] bpb=0.027419 time=17.6s
  ttt_chunk [101/1893] bpb=0.027474 time=19.5s
  ttt_chunk [111/1893] bpb=0.027507 time=21.4s
  ttt_chunk [121/1893] bpb=0.027425 time=23.3s
  ttt_chunk [131/1893] bpb=0.027449 time=25.3s
  ttt_chunk [141/1893] bpb=0.027563 time=27.2s
  ttt_chunk [151/1893] bpb=0.027588 time=29.1s
  ttt_chunk [161/1893] bpb=0.027616 time=31.0s
  ttt_chunk [171/1893] bpb=0.027656 time=32.9s
  ttt_chunk [181/1893] bpb=0.027716 time=34.8s
  ttt_chunk [191/1893] bpb=0.027814 time=36.7s
  ttt_chunk [201/1893] bpb=0.027824 time=38.6s
  ttt_chunk [211/1893] bpb=0.027793 time=40.6s
  ttt_chunk [221/1893] bpb=0.027807 time=42.5s
  ttt_chunk [231/1893] bpb=0.027784 time=44.4s
  ttt_chunk [241/1893] bpb=0.027793 time=46.3s
  ttt_chunk [251/1893] bpb=0.027815 time=48.2s
  ttt_chunk [261/1893] bpb=0.027753 time=50.1s
  ttt_chunk [271/1893] bpb=0.027746 time=52.0s
  ttt_chunk [281/1893] bpb=0.027745 time=53.9s
  ttt_chunk [291/1893] bpb=0.027771 time=55.8s
  ttt_chunk [301/1893] bpb=0.027770 time=57.7s
  ttt_chunk [311/1893] bpb=0.027795 time=59.6s
  ttt_chunk [321/1893] bpb=0.027814 time=61.6s
  ttt_chunk [331/1893] bpb=0.027822 time=63.5s
  ttt_chunk [341/1893] bpb=0.027792 time=65.4s
  ttt_chunk [351/1893] bpb=0.027827 time=67.3s
  ttt_chunk [361/1893] bpb=0.027867 time=69.2s
  ttt_chunk [371/1893] bpb=0.027842 time=71.1s
  ttt_chunk [381/1893] bpb=0.027846 time=73.1s
  ttt_chunk [391/1893] bpb=0.027846 time=75.0s
  ttt_chunk [401/1893] bpb=0.027820 time=76.9s
  ttt_chunk [411/1893] bpb=0.027805 time=78.8s
  ttt_chunk [421/1893] bpb=0.027781 time=80.8s
  ttt_chunk [431/1893] bpb=0.027768 time=82.7s
  ttt_chunk [441/1893] bpb=0.027766 time=84.6s
  ttt_chunk [451/1893] bpb=0.027759 time=86.5s
  ttt_chunk [461/1893] bpb=0.027742 time=88.4s
  ttt_chunk [471/1893] bpb=0.027742 time=90.3s
  ttt_chunk [481/1893] bpb=0.027735 time=92.3s
  ttt_chunk [491/1893] bpb=0.027709 time=94.2s
  ttt_chunk [501/1893] bpb=0.027702 time=96.1s
  ttt_chunk [511/1893] bpb=0.027699 time=98.0s
  ttt_chunk [521/1893] bpb=0.027664 time=99.9s
  ttt_chunk [531/1893] bpb=0.027672 time=101.8s
  ttt_chunk [541/1893] bpb=0.027676 time=103.7s
  ttt_chunk [551/1893] bpb=0.027657 time=105.6s
  ttt_chunk [561/1893] bpb=0.027659 time=107.5s
  ttt_chunk [571/1893] bpb=0.027640 time=109.4s
  ttt_chunk [581/1893] bpb=0.027624 time=111.4s
  ttt_chunk [591/1893] bpb=0.027613 time=113.3s
  ttt_chunk [601/1893] bpb=0.027617 time=115.2s
  ttt_chunk [611/1893] bpb=0.027626 time=117.1s
  ttt_chunk [621/1893] bpb=0.027618 time=119.0s
  ttt_chunk [631/1893] bpb=0.027621 time=120.9s
  ttt_chunk [641/1893] bpb=0.027621 time=122.8s
  ttt_chunk [651/1893] bpb=0.027613 time=124.7s
  ttt_chunk [661/1893] bpb=0.027608 time=126.6s
  ttt_chunk [671/1893] bpb=0.027614 time=128.5s
  ttt_chunk [681/1893] bpb=0.027612 time=130.4s
  ttt_chunk [691/1893] bpb=0.027624 time=132.3s
  ttt_chunk [701/1893] bpb=0.027615 time=134.3s
  ttt_chunk [711/1893] bpb=0.027621 time=136.2s
  ttt_chunk [721/1893] bpb=0.027618 time=138.1s
  ttt_chunk [731/1893] bpb=0.027622 time=140.0s
  ttt_chunk [741/1893] bpb=0.027620 time=142.0s
  ttt_chunk [751/1893] bpb=0.027613 time=143.9s
  ttt_chunk [761/1893] bpb=0.027614 time=145.8s
  ttt_chunk [771/1893] bpb=0.027612 time=147.7s
  ttt_chunk [781/1893] bpb=0.027630 time=149.6s
  ttt_chunk [791/1893] bpb=0.027626 time=151.5s
  ttt_chunk [801/1893] bpb=0.027628 time=153.4s
  ttt_chunk [811/1893] bpb=0.027627 time=155.3s
  ttt_chunk [821/1893] bpb=0.027626 time=157.4s
  ttt_chunk [831/1893] bpb=0.027626 time=159.5s
  ttt_chunk [841/1893] bpb=0.027619 time=161.4s
  ttt_chunk [851/1893] bpb=0.027618 time=163.4s
  ttt_chunk [861/1893] bpb=0.027616 time=165.3s
  ttt_chunk [871/1893] bpb=0.027620 time=167.2s
  ttt_chunk [881/1893] bpb=0.027629 time=169.1s
  ttt_chunk [891/1893] bpb=0.027628 time=171.0s
  ttt_chunk [901/1893] bpb=0.027637 time=172.9s
  ttt_chunk [911/1893] bpb=0.027658 time=174.8s
  ttt_chunk [921/1893] bpb=0.027664 time=176.7s
  ttt_chunk [931/1893] bpb=0.027666 time=178.6s
  ttt_chunk [941/1893] bpb=0.027665 time=180.5s
  ttt_chunk [951/1893] bpb=0.027674 time=182.5s
  ttt_chunk [961/1893] bpb=0.027671 time=184.4s
  ttt_chunk [971/1893] bpb=0.027681 time=186.3s
  ttt_chunk [981/1893] bpb=0.027681 time=188.2s
  ttt_chunk [991/1893] bpb=0.027684 time=190.1s
  ttt_chunk [1001/1893] bpb=0.027679 time=192.1s
  ttt_chunk [1011/1893] bpb=0.027679 time=194.0s
  ttt_chunk [1021/1893] bpb=0.027680 time=195.9s
  ttt_chunk [1031/1893] bpb=0.027682 time=197.8s
  ttt_chunk [1041/1893] bpb=0.027673 time=199.7s
  ttt_chunk [1051/1893] bpb=0.027666 time=201.7s
  ttt_chunk [1061/1893] bpb=0.027665 time=203.7s
  ttt_chunk [1071/1893] bpb=0.027678 time=205.6s
  ttt_chunk [1081/1893] bpb=0.027681 time=207.5s
  ttt_chunk [1091/1893] bpb=0.027686 time=209.4s
  ttt_chunk [1101/1893] bpb=0.027682 time=211.3s
  ttt_chunk [1111/1893] bpb=0.027675 time=213.2s
  ttt_chunk [1121/1893] bpb=0.027671 time=215.2s
  ttt_chunk [1131/1893] bpb=0.027667 time=217.1s
  ttt_chunk [1141/1893] bpb=0.027660 time=219.0s
  ttt_chunk [1151/1893] bpb=0.027656 time=220.9s
  ttt_chunk [1161/1893] bpb=0.027648 time=222.9s
  ttt_chunk [1171/1893] bpb=0.027647 time=224.8s
  ttt_chunk [1181/1893] bpb=0.027635 time=226.8s
  ttt_chunk [1191/1893] bpb=0.027633 time=228.7s
  ttt_chunk [1201/1893] bpb=0.027634 time=230.6s
  ttt_chunk [1211/1893] bpb=0.027625 time=232.5s
  ttt_chunk [1221/1893] bpb=0.027619 time=234.4s
  ttt_chunk [1231/1893] bpb=0.027609 time=236.4s
  ttt_chunk [1241/1893] bpb=0.027597 time=238.3s
  ttt_chunk [1251/1893] bpb=0.027585 time=240.2s
  ttt_chunk [1261/1893] bpb=0.027584 time=242.1s
  ttt_chunk [1271/1893] bpb=0.027577 time=244.0s
  ttt_chunk [1281/1893] bpb=0.027569 time=245.9s
  ttt_chunk [1291/1893] bpb=0.027566 time=247.9s
  ttt_chunk [1301/1893] bpb=0.027557 time=249.8s
  ttt_chunk [1311/1893] bpb=0.027551 time=251.7s
  ttt_chunk [1321/1893] bpb=0.027543 time=253.6s
  ttt_chunk [1331/1893] bpb=0.027540 time=255.5s
  ttt_chunk [1341/1893] bpb=0.027534 time=257.4s
  ttt_chunk [1351/1893] bpb=0.027533 time=259.4s
  ttt_chunk [1361/1893] bpb=0.027536 time=261.4s
  ttt_chunk [1371/1893] bpb=0.027535 time=263.3s
  ttt_chunk [1381/1893] bpb=0.027537 time=265.2s
  ttt_chunk [1391/1893] bpb=0.027529 time=267.1s
  ttt_chunk [1401/1893] bpb=0.027531 time=269.1s
  ttt_chunk [1411/1893] bpb=0.027535 time=271.0s
  ttt_chunk [1421/1893] bpb=0.027537 time=272.9s
  ttt_chunk [1431/1893] bpb=0.027537 time=274.8s
  ttt_chunk [1441/1893] bpb=0.027544 time=276.8s
  ttt_chunk [1451/1893] bpb=0.027548 time=278.7s
  ttt_chunk [1461/1893] bpb=0.027545 time=280.6s
  ttt_chunk [1471/1893] bpb=0.027558 time=282.5s
  ttt_chunk [1481/1893] bpb=0.027551 time=284.5s
  ttt_chunk [1491/1893] bpb=0.027549 time=286.6s
  ttt_chunk [1501/1893] bpb=0.027550 time=288.6s
  ttt_chunk [1511/1893] bpb=0.027549 time=290.5s
  ttt_chunk [1521/1893] bpb=0.027548 time=292.4s
  ttt_chunk [1531/1893] bpb=0.027545 time=294.3s
  ttt_chunk [1541/1893] bpb=0.027541 time=296.3s
  ttt_chunk [1551/1893] bpb=0.027547 time=298.2s
  ttt_chunk [1561/1893] bpb=0.027549 time=300.1s
  ttt_chunk [1571/1893] bpb=0.027549 time=302.0s
  ttt_chunk [1581/1893] bpb=0.027552 time=304.0s
  ttt_chunk [1591/1893] bpb=0.027552 time=305.9s
  ttt_chunk [1601/1893] bpb=0.027552 time=307.8s
  ttt_chunk [1611/1893] bpb=0.027548 time=309.7s
  ttt_chunk [1621/1893] bpb=0.027542 time=311.6s
  ttt_chunk [1631/1893] bpb=0.027544 time=313.6s
  ttt_chunk [1641/1893] bpb=0.027545 time=315.5s
  ttt_chunk [1651/1893] bpb=0.027544 time=317.4s
  ttt_chunk [1661/1893] bpb=0.027541 time=319.3s
  ttt_chunk [1671/1893] bpb=0.027547 time=321.3s
  ttt_chunk [1681/1893] bpb=0.027546 time=323.3s
  ttt_chunk [1691/1893] bpb=0.027542 time=325.3s
  ttt_chunk [1701/1893] bpb=0.027541 time=327.2s
  ttt_chunk [1711/1893] bpb=0.027538 time=329.1s
  ttt_chunk [1721/1893] bpb=0.027535 time=331.0s
  ttt_chunk [1731/1893] bpb=0.027532 time=332.9s
  ttt_chunk [1741/1893] bpb=0.027532 time=334.9s
  ttt_chunk [1751/1893] bpb=0.027527 time=336.8s
  ttt_chunk [1761/1893] bpb=0.027529 time=338.7s
  ttt_chunk [1771/1893] bpb=0.027526 time=340.6s
  ttt_chunk [1781/1893] bpb=0.027529 time=342.6s
  ttt_chunk [1791/1893] bpb=0.027519 time=344.5s
  ttt_chunk [1801/1893] bpb=0.027517 time=346.4s
  ttt_chunk [1811/1893] bpb=0.027514 time=348.3s
  ttt_chunk [1821/1893] bpb=0.027512 time=350.2s
  ttt_chunk [1831/1893] bpb=0.027502 time=352.1s
  ttt_chunk [1841/1893] bpb=0.027501 time=354.1s
  ttt_chunk [1851/1893] bpb=0.027498 time=356.1s
  ttt_chunk [1861/1893] bpb=0.027491 time=358.3s
  ttt_chunk [1871/1893] bpb=0.027487 time=360.4s
  ttt_chunk [1881/1893] bpb=0.027480 time=362.3s
  ttt_chunk [1891/1893] bpb=0.027476 time=364.2s
  ttt_chunk [1893/1893] bpb=0.027477 time=364.5s
ttt:done val_loss=0.046323 val_bpb=0.027435 elapsed=364.5s
expert_logit[neural]: mean=-6.1806 std=6.3514 min=-36.5000 max=30.8750
expert_logit[ngram_2]: mean=-15.7170 std=3.3611 min=-38.0000 max=2.5312
expert_logit[ngram_3]: mean=-10.6990 std=3.1663 min=-37.5000 max=3.0000
expert_logit[ngram_4]: mean=-6.5967 std=2.5496 min=-25.2500 max=4.3750
expert_logit[ngram_5]: mean=-2.4908 std=2.7207 min=-23.8750 max=12.0000
expert_logit[ngram_6]: mean=0.5921 std=3.7816 min=-26.8750 max=19.6250
expert_logit[ngram_7]: mean=3.0643 std=5.0826 min=-31.0000 max=27.6250
expert_logit[ngram_8]: mean=5.2086 std=6.2586 min=-35.0000 max=34.5000
expert_logit[ngram_9]: mean=7.4525 std=7.3023 min=-38.7500 max=40.2500
expert_logit[ngram_10]: mean=9.3592 std=8.2036 min=-42.7500 max=47.0000
expert_logit[ngram_11]: mean=11.2161 std=9.0116 min=-44.7500 max=51.0000
expert_logit[ngram_12]: mean=12.5503 std=9.6972 min=-47.5000 max=57.0000
expert_logit[ngram_13]: mean=13.6833 std=10.2814 min=-50.5000 max=59.5000
expert_logit[ngram_14]: mean=15.8675 std=10.6952 min=-51.2500 max=66.0000
expert_logit[ngram_15]: mean=-2.1315 std=3.3747 min=-22.0000 max=20.1250
expert_logit[ngram_16]: mean=25.5391 std=12.0947 min=-38.0000 max=91.5000
final_int6_ttt val_loss:0.0463 val_bpb:0.0274 stride:64 eval_time:498140ms
final_int6_ttt_exact val_loss:0.04632341 val_bpb:0.02743533
