Running skc_8L_512D_128C (L=8 D=512 C=128 MODE=screen SMOKE=1)
logs/cuda/run_1775416391.txt
DDP enabled: 1 GPUs
Muon optimizer: matrix_lr=0.02 scalar_lr=0.015 embed_lr=0.025
params:32022220 L:8 d:512 h:8 kv:4 ws:1 ga:8 s:1337
warmup:1/5
warmup:2/5
warmup:3/5
warmup:4/5
warmup:5/5
step:1/10000 loss:7.0090 t:1019ms avg:1018.9ms
step:2/10000 loss:6.7468 t:2053ms avg:1026.5ms
step:3/10000 loss:7.9328 t:3075ms avg:1024.9ms
step:4/10000 loss:7.1652 t:4133ms avg:1033.4ms
step:5/10000 loss:26.3295 t:5198ms avg:1039.6ms
step:6/10000 loss:9.2760 t:6352ms avg:1058.6ms
step:7/10000 loss:21.1006 t:7468ms avg:1066.8ms
step:8/10000 loss:18.4225 t:8583ms avg:1072.9ms
step:9/10000 loss:9.6545 t:9700ms avg:1077.8ms
step:10/10000 loss:16.1954 t:10814ms avg:1081.4ms
step:11/10000 loss:10.3096 t:12164ms avg:1105.9ms
step:12/10000 loss:18.5174 t:13520ms avg:1126.6ms
step:13/10000 loss:11.0161 t:14910ms avg:1146.9ms
step:14/10000 loss:14.7234 t:16290ms avg:1163.6ms
step:15/10000 loss:22.5874 t:17591ms avg:1172.8ms
step:16/10000 loss:13.8713 t:18876ms avg:1179.8ms
step:17/10000 loss:25.7732 t:20154ms avg:1185.5ms
step:18/10000 loss:13.5967 t:21450ms avg:1191.6ms
step:19/10000 loss:26.2091 t:22734ms avg:1196.5ms
step:20/10000 loss:13.3778 t:24643ms avg:1232.2ms
step:21/10000 loss:21.5667 t:26628ms avg:1268.0ms
step:22/10000 loss:15.9339 t:28795ms avg:1308.9ms
step:23/10000 loss:14.8740 t:30970ms avg:1346.5ms
step:24/10000 loss:14.6966 t:33187ms avg:1382.8ms
step:25/10000 loss:12.6399 t:35323ms avg:1412.9ms
step:26/10000 loss:11.7777 t:37356ms avg:1436.8ms
step:27/10000 loss:14.2067 t:39429ms avg:1460.3ms
step:28/10000 loss:9.5881 t:41379ms avg:1477.8ms
step:29/10000 loss:11.1514 t:43383ms avg:1496.0ms
step:30/10000 loss:10.2863 t:45395ms avg:1513.2ms
step:30/10000 val_loss:9.0700 val_bpb:5.4600 train_time:45401ms zero_frac:0.307
stopping_early: wallclock_cap train_time:45401ms step:30/10000
artifact:10.04MB ternary:29360128(6634329B) fp:2141900(4283800B) code:176975
budget:10218991/16000000 (10.22/16.00MB) FITS
eval_feedback_passes:2
final_ternary_roundtrip val_loss:9.0570 val_bpb:5.4522
=== DONE skc_8L_512D_128C ===
Log      : logs/ablation_skc_8L_512D_128C.log
Artifact : logs/ablation_skc_8L_512D_128C_model.ternary.ptz
Submit   : logs/ablation_skc_8L_512D_128C_submission.json
