[11:49:52] ========================================================
[11:49:52] Cheap Multi-GPU Small SKC Orchestrator
[11:49:52] Artifacts: /Users/akhileshgogikar/parameter-golf/records/track_10min_16mb/2026-03-25_Ternary_Feedback_TTT/small_skc_multigpu_20260413_114952
[11:49:52] GPU count: 2
[11:49:52] Min mem  : 20GB
[11:49:52] Data     : 24 train shards
[11:49:52] ========================================================
[11:49:52] GC: terminating stale live pod paramgolf-small-20260413-114624 (u2t112qcgggw4r, uptime=196s)
[11:49:52] Terminating pod u2t112qcgggw4r...
{
  "podTerminate": null
}
0.38	NVIDIA RTX A4500	Low	20	RTX A4500
0.44	NVIDIA GeForce RTX 3090	High	24	RTX 3090
0.54	NVIDIA GeForce RTX 3090 Ti	Low	24	RTX 3090 Ti
0.68	NVIDIA GeForce RTX 4090	Medium	24	RTX 4090
0.88	NVIDIA A40	Low	48	A40
1.18	NVIDIA GeForce RTX 4090	Medium	24	RTX 4090
[11:49:55] Secure candidate: RTX 4090 (NVIDIA GeForce RTX 4090)  2x  mem=24GB  stock=Medium  price=$1.18/hr
[11:49:55] Trying 2xNVIDIA GeForce RTX 4090 on SECURE...
[11:49:56]   success: pod=vj7p5ntyyngyhr cost=$1.18/hr
[11:49:56] Waiting for pod SSH readiness...
[11:51:19] Pod SSH preliminary success. Waiting 15s for stability...
[11:51:37] Pod ready and stable: root@213.173.98.39:17700
[11:51:37] Verifying GPU and runtime...
0, NVIDIA GeForce RTX 4090, 24564 MiB
1, NVIDIA GeForce RTX 4090, 24564 MiB
torch 2.4.1+cu124 cuda 12.4 gpus 2
[11:51:52] Installing tmux and preparing logs...
[11:52:02] Installing dependencies...
wrote:/workspace/install_setup.sh
[11:52:36] Preparing data (Fast Assets: Tokenizer + Val Shard)...
wrote:/workspace/data_setup_fast.sh
[11:52:52] Uploading code...
[11:53:02] Jump-starting Parallel Setup: Shard Download (Background) + Compilation (Foreground)...
wrote:/workspace/data_setup_full.sh
[11:53:11] Starting GPU watchdog...
[11:53:11] GPU watchdog: started (10m grace period for compilation)
[11:53:11] Starting Eager Smoke test (Fat-Script) in foreground...
wrote:/workspace/launch_eager.sh
==========================================================================
  SKC COMPETITION PROXY — 2×GPU
  RUN_ID    : skc_competition_proxy_20260413_165327
  TOKENIZER : SP8192
  MODEL     : skc_competition  L=12  D=600  H=8
              parallel_residual=1  recurrence=depth2@0.35
  TTT       : scope=skc_safe  epochs=3  lr=0.003
  EXPORT    : competition_gptq
  BUDGET    : 600s
==========================================================================
logs/cuda/skc_competition_proxy_20260413_165327.txt
budget_lower_bound: total_lb=21422540 ternary_lb=13251526 fp16=7924298 code=246716 cap=16000000
[rank0]: Traceback (most recent call last):
[rank0]:   File "/workspace/train_gpt_verbose.py", line 4292, in <module>
[rank0]:     main()
[rank0]:   File "/workspace/train_gpt_verbose.py", line 3534, in main
[rank0]:     raise RuntimeError(f'Projected minimum artifact+code bytes {_lb_total} exceeds HARD_BUDGET_BYTES={args.hard_budget_bytes}; reduce FP footprint / model size before training.')
[rank0]: RuntimeError: Projected minimum artifact+code bytes 21422540 exceeds HARD_BUDGET_BYTES=16000000; reduce FP footprint / model size before training.
[rank0]:[W413 16:53:33.533364461 ProcessGroupNCCL.cpp:1168] Warning: WARNING: process group has NOT been destroyed before we destruct ProcessGroupNCCL. On normal program exit, the application should call destroy_process_group to ensure that any pending NCCL operations have finished in this process. In rare cases this process can exit before this point and block the progress of another member of the process group. This constraint has always been present,  but this warning has only been added since PyTorch 2.4 (function operator())
W0413 16:53:35.002000 137899203833856 torch/distributed/elastic/multiprocessing/api.py:858] Sending process 893 closing signal SIGTERM
E0413 16:53:35.417000 137899203833856 torch/distributed/elastic/multiprocessing/api.py:833] failed (exitcode: 1) local_rank: 0 (pid: 892) of binary: /usr/bin/python
Traceback (most recent call last):
  File "/usr/local/bin/torchrun", line 8, in <module>
    sys.exit(main())
             ^^^^^^
  File "/usr/local/lib/python3.11/dist-packages/torch/distributed/elastic/multiprocessing/errors/__init__.py", line 348, in wrapper
    return f(*args, **kwargs)
           ^^^^^^^^^^^^^^^^^^
  File "/usr/local/lib/python3.11/dist-packages/torch/distributed/run.py", line 901, in main
    run(args)
  File "/usr/local/lib/python3.11/dist-packages/torch/distributed/run.py", line 892, in run
    elastic_launch(
  File "/usr/local/lib/python3.11/dist-packages/torch/distributed/launcher/api.py", line 133, in __call__
    return launch_agent(self._config, self._entrypoint, list(args))
           ^^^^^^^^^^^^^^^^^^^^^^^^^^^^^^^^^^^^^^^^^^^^^^^^^^^^^^^^
  File "/usr/local/lib/python3.11/dist-packages/torch/distributed/launcher/api.py", line 264, in launch_agent
    raise ChildFailedError(
torch.distributed.elastic.multiprocessing.errors.ChildFailedError: 
============================================================
/workspace/train_gpt_verbose.py FAILED
------------------------------------------------------------
Failures:
  <NO_OTHER_FAILURES>
------------------------------------------------------------
Root Cause (first observed failure):
[0]:
  time      : 2026-04-13_16:53:35
  host      : d89a759dd124
  rank      : 0 (local_rank: 0)
  exitcode  : 1 (pid: 892)
  error_file: <N/A>
  traceback : To enable traceback see: https://pytorch.org/docs/stable/elastic/errors.html
============================================================
=== SMOKE DONE ===
[11:53:35] Waiting for background shard downloads to complete...
[11:53:52] Launching 10-minute eager training run (Fat-Script)...
[12:04:15] Balance floor reached: clientBalance=9.9812206041 <= 10
