W0412 14:31:11.762000 74428 torch/distributed/run.py:803] 
W0412 14:31:11.762000 74428 torch/distributed/run.py:803] *****************************************
W0412 14:31:11.762000 74428 torch/distributed/run.py:803] Setting OMP_NUM_THREADS environment variable for each process to be 1 in default, to avoid your system being overloaded, please further tune the variable for optimal performance in your application as needed. 
W0412 14:31:11.762000 74428 torch/distributed/run.py:803] *****************************************
Hyperparameters:
  adam_eps: 1e-08
  adam_wd: 0.02
  beta1: 0.9
  beta2: 0.95
  compressor: brotli
  data_dir: ./data
  datasets_dir: ./data/datasets/fineweb10B_sp8192
  distributed: True
  ema_decay: 0.997
  embed_bits: 8
  embed_clip_sigmas: 20.0
  embed_lr: 0.6
  embed_wd: 0.085
  embedding_dim: 512
  enable_looping_at: 0.5
  eval_seq_len: 2048
  eval_stride: 64
  gptq_calibration_batches: 64
  gptq_reserve_seconds: 12.0
  grad_accum_steps: 1
  grad_clip_norm: 0.3
  head_lr: 0.008
  is_main_process: True
  iterations: 20000
  ln_scale: True
  local_rank: 0
  logfile: logs/sp8192_seed42.txt
  logit_softcap: 30.0
  loop_end: 5
  loop_start: 4
  matrix_bits: 6
  matrix_clip_sigmas: 12.85
  matrix_lr: 0.02
  max_wallclock_seconds: 600.0
  min_lr: 0.0
  mlp_mult: 4.0
  model_dim: 512
  model_path: final_model.pt
  muon_backend_steps: 5
  muon_beta2: 0.95
  muon_momentum: 0.99
  muon_momentum_warmup_start: 0.92
  muon_momentum_warmup_steps: 1500
  muon_row_normalize: True
  muon_wd: 0.085
  num_heads: 8
  num_kv_heads: 4
  num_layers: 11
  num_loops: 2
  qk_gain_init: 4.0
  quantized_model_path: final_model.int6.ptz
  rank: 0
  rope_base: 10000.0
  rope_dims: 16
  rope_train_seq_len: 2048
  run_id: sp8192_seed42
  scalar_lr: 0.02
  seed: 42
  skip_gates_enabled: True
  sliding_window_enabled: True
  tie_embeddings: True
  tied_embed_init_std: 0.005
  tied_embed_lr: 0.03
  tokenizer_path: ./data/tokenizers/fineweb_8192_bpe.model
  train_batch_tokens: 786432
  train_files: ./data/datasets/fineweb10B_sp8192/fineweb_train_*.bin
  train_log_every: 500
  train_seq_len: 2048
  val_batch_tokens: 524288
  val_files: ./data/datasets/fineweb10B_sp8192/fineweb_val_*.bin
  val_loss_every: 4000
  vocab_size: 8192
  warmdown_frac: 0.667
  warmup_steps: 20
  world_size: 8
  xsa_last_n: 11
train_shards: 80
val_tokens: 40548352
model_params:35943512
gptq:reserving 12s, effective=588000ms
warmup_step: 1/20
warmup_step: 2/20
warmup_step: 3/20
warmup_step: 4/20
warmup_step: 5/20
warmup_step: 6/20
warmup_step: 10/20
warmup_step: 20/20
loop_warmup:enabled encoder:[0, 1, 2, 3, 4, 5, 4] decoder:[5, 4, 5, 6, 7, 8, 9, 10]
loop_warmup_step: 1/20
loop_warmup_step: 2/20
loop_warmup_step: 3/20
loop_warmup_step: 4/20
loop_warmup_step: 5/20
loop_warmup_step: 6/20
loop_warmup_step: 10/20
loop_warmup_step: 20/20
0/20000 val_loss: 9.0091 val_bpb: 3.4884
1/20000 train_loss: 9.0116 train_time: 0.0m tok/s: 8131746
2/20000 train_loss: 12.3391 train_time: 0.0m tok/s: 8043815
3/20000 train_loss: 11.1222 train_time: 0.0m tok/s: 7969544
4/20000 train_loss: 9.4225 train_time: 0.0m tok/s: 7926698
5/20000 train_loss: 8.3224 train_time: 0.0m tok/s: 7908161
500/20000 train_loss: 3.3361 train_time: 0.9m tok/s: 7698191
1000/20000 train_loss: 3.2032 train_time: 1.7m tok/s: 7690409
1500/20000 train_loss: 3.0970 train_time: 2.6m tok/s: 7691199
2000/20000 train_loss: 3.0195 train_time: 3.4m tok/s: 7692530
2500/20000 train_loss: 3.0329 train_time: 4.3m tok/s: 7694479
layer_loop:enabled step:2877 frac:0.500 encoder:[0, 1, 2, 3, 4, 5, 4] decoder:[5, 4, 5, 6, 7, 8, 9, 10]
3000/20000 train_loss: 3.0914 train_time: 5.2m tok/s: 7585577
3500/20000 train_loss: 2.9592 train_time: 6.3m tok/s: 7267839
4000/20000 train_loss: 3.0006 train_time: 7.5m tok/s: 7031051
4000/20000 val_loss: 2.9219 val_bpb: 1.1314
4500/20000 train_loss: 2.8134 train_time: 8.6m tok/s: 6882962
5000/20000 train_loss: 2.7602 train_time: 9.7m tok/s: 6767536
5053/20000 val_loss: 2.8183 val_bpb: 1.0913
stopping_early: wallclock_cap train_time: 588126ms step: 5053/20000
peak memory allocated: 35373 MiB reserved: 35476 MiB
ema:applying EMA weights
pre-quantization post-ema val_loss:2.81580054 val_bpb:1.09030770 eval_time:6794ms
Serialized model: 135426937 bytes
Code size: 58367 bytes
GPTQ:collecting Hessians from calibration data...
GPTQ:collected 67 Hessians in 11.3s
Quantized weights:
  gptq (int6): blocks.attn.c_k.weight, blocks.attn.c_q.weight, blocks.attn.c_v.weight, blocks.attn.proj.weight, blocks.mlp.fc.weight, blocks.mlp.proj.weight
  gptq (int8): tok_emb.weight
  passthrough (float16): blocks.attn.q_gain, blocks.attn_scale, blocks.mlp_scale, blocks.resid_mix, skip_gates, skip_weights
Serialized model quantized+brotli: 15966716 bytes
Total submission size quantized+brotli: 16025083 bytes
quantized val_loss:2.84662455 val_bpb:1.10224308 eval_time:22261ms
quantized_sliding_window val_loss:2.80368562 val_bpb:1.08561667 eval_time:108586ms
