W0409 13:55:52.048000 81930 torch/distributed/run.py:803] 
W0409 13:55:52.048000 81930 torch/distributed/run.py:803] *****************************************
W0409 13:55:52.048000 81930 torch/distributed/run.py:803] Setting OMP_NUM_THREADS environment variable for each process to be 1 in default, to avoid your system being overloaded, please further tune the variable for optimal performance in your application as needed. 
W0409 13:55:52.048000 81930 torch/distributed/run.py:803] *****************************************
Hyperparameters:
  adam_eps: 1e-08
  adam_wd: 0.02
  beta1: 0.9
  beta2: 0.95
  compressor: brotli
  data_dir: ./data/
  datasets_dir: ./data/datasets/fineweb10B_sp8192
  distributed: True
  ema_decay: 0.997
  embed_bits: 8
  embed_clip_sigmas: 20.0
  embed_lr: 0.6
  embed_wd: 0.095
  embedding_dim: 512
  enable_looping_at: 0.35
  eval_seq_len: 2048
  eval_stride: 64
  gptq_calibration_batches: 64
  gptq_reserve_seconds: 12.0
  grad_accum_steps: 1
  grad_clip_norm: 0.3
  hash_embed_enabled: True
  hash_embed_size: 16384
  head_lr: 0.008
  is_main_process: True
  iterations: 20000
  ln_scale: True
  local_rank: 0
  logfile: logs/a70e9210-136e-4d1d-985e-9be33898818d.txt
  logit_softcap: 30.0
  loop_end: 5
  loop_start: 3
  matrix_bits: 6
  matrix_clip_sigmas: 12.85
  matrix_lr: 0.022
  max_wallclock_seconds: 600.0
  min_lr: 0.0
  mlp_mult: 4.0
  model_dim: 512
  model_path: final_model.pt
  muon_backend_steps: 5
  muon_beta2: 0.95
  muon_momentum: 0.99
  muon_momentum_warmup_start: 0.92
  muon_momentum_warmup_steps: 1500
  muon_row_normalize: True
  muon_wd: 0.095
  num_heads: 8
  num_kv_heads: 4
  num_layers: 11
  num_loops: 2
  qk_gain_init: 5.0
  quantized_model_path: final_model.int6.ptz
  rank: 0
  rope_base: 10000.0
  rope_dims: 16
  rope_train_seq_len: 2048
  run_id: a70e9210-136e-4d1d-985e-9be33898818d
  scalar_lr: 0.02
  seed: 1337
  skip_gates_enabled: True
  sliding_window_enabled: True
  tie_embeddings: True
  tied_embed_init_std: 0.005
  tied_embed_lr: 0.03
  tokenizer_path: ./data/tokenizers/fineweb_8192_bpe.model
  train_batch_tokens: 786432
  train_files: ./data/datasets/fineweb10B_sp8192/fineweb_train_*.bin
  train_log_every: 500
  train_seq_len: 2048
  ttt_adamw_wd: 0.0
  ttt_batch_seqs: 32
  ttt_chunk_tokens: 32768
  ttt_enabled: True
  ttt_epochs: 3
  ttt_freeze_blocks: 0
  ttt_grad_clip: 1.0
  ttt_lr: 0.01
  ttt_momentum: 0.9
  ttt_optimizer: sgd
  val_batch_tokens: 524288
  val_files: ./data/datasets/fineweb10B_sp8192/fineweb_val_*.bin
  val_loss_every: 4000
  vocab_size: 8192
  warmdown_frac: 0.667
  warmup_steps: 20
  world_size: 8
  xsa_last_n: 11
val_tokens: 40540160
EVAL_ONLY: skipping training, using existing model
quantized val_loss:2.83421908 val_bpb:1.09721453 eval_time:10598ms
quantized_sliding_window val_loss:2.78996430 val_bpb:1.08008212 eval_time:92285ms
ttt_sliding:start chunks=1238 chunk_tokens=32768 total_windows=633409 stride=64 ttt_lr=0.01 ttt_epochs=3 freeze_blocks=0 optimizer=sgd hash_embed=True
ttt_sliding:params unfrozen=44333145 frozen=0
  ttt_chunk [1/1238] bpb=1.111692 time=5.3s
  ttt_chunk [11/1238] bpb=1.069000 time=10.0s
  ttt_chunk [21/1238] bpb=1.105800 time=12.5s
  ttt_chunk [31/1238] bpb=1.099560 time=15.0s
  ttt_chunk [41/1238] bpb=1.093036 time=17.6s
  ttt_chunk [51/1238] bpb=1.086399 time=20.1s
  ttt_chunk [61/1238] bpb=1.077806 time=22.7s
  ttt_chunk [71/1238] bpb=1.084951 time=25.2s
  ttt_chunk [81/1238] bpb=1.078171 time=27.7s
  ttt_chunk [91/1238] bpb=1.074839 time=30.2s
  ttt_chunk [101/1238] bpb=1.074468 time=32.7s
  ttt_chunk [111/1238] bpb=1.072698 time=35.2s
  ttt_chunk [121/1238] bpb=1.075615 time=37.7s
  ttt_chunk [131/1238] bpb=1.079384 time=40.2s
  ttt_chunk [141/1238] bpb=1.079882 time=42.8s
  ttt_chunk [151/1238] bpb=1.079649 time=45.3s
  ttt_chunk [161/1238] bpb=1.080114 time=47.9s
  ttt_chunk [171/1238] bpb=1.080098 time=50.4s
  ttt_chunk [181/1238] bpb=1.078511 time=52.9s
  ttt_chunk [191/1238] bpb=1.078288 time=55.4s
  ttt_chunk [201/1238] bpb=1.075874 time=58.0s
  ttt_chunk [211/1238] bpb=1.080365 time=60.5s
  ttt_chunk [221/1238] bpb=1.080760 time=63.0s
  ttt_chunk [231/1238] bpb=1.082422 time=65.5s
  ttt_chunk [241/1238] bpb=1.080594 time=68.0s
  ttt_chunk [251/1238] bpb=1.080648 time=70.5s
  ttt_chunk [261/1238] bpb=1.081733 time=73.0s
  ttt_chunk [271/1238] bpb=1.082197 time=75.5s
  ttt_chunk [281/1238] bpb=1.081481 time=78.1s
  ttt_chunk [291/1238] bpb=1.082592 time=80.6s
  ttt_chunk [301/1238] bpb=1.082793 time=83.1s
  ttt_chunk [311/1238] bpb=1.081621 time=85.6s
  ttt_chunk [321/1238] bpb=1.081520 time=88.2s
  ttt_chunk [331/1238] bpb=1.081783 time=90.7s
  ttt_chunk [341/1238] bpb=1.080881 time=93.2s
  ttt_chunk [351/1238] bpb=1.081602 time=95.7s
  ttt_chunk [361/1238] bpb=1.080534 time=98.3s
  ttt_chunk [371/1238] bpb=1.078986 time=100.8s
  ttt_chunk [381/1238] bpb=1.079376 time=103.3s
  ttt_chunk [391/1238] bpb=1.079084 time=105.8s
  ttt_chunk [401/1238] bpb=1.079214 time=108.3s
  ttt_chunk [411/1238] bpb=1.079754 time=110.8s
  ttt_chunk [421/1238] bpb=1.079226 time=113.3s
  ttt_chunk [431/1238] bpb=1.079364 time=115.8s
  ttt_chunk [441/1238] bpb=1.079435 time=118.4s
  ttt_chunk [451/1238] bpb=1.080573 time=120.9s
  ttt_chunk [461/1238] bpb=1.078762 time=123.4s
  ttt_chunk [471/1238] bpb=1.078763 time=126.0s
  ttt_chunk [481/1238] bpb=1.078932 time=128.5s
  ttt_chunk [491/1238] bpb=1.079375 time=131.0s
  ttt_chunk [501/1238] bpb=1.079015 time=133.6s
  ttt_chunk [511/1238] bpb=1.078667 time=136.2s
  ttt_chunk [521/1238] bpb=1.078197 time=138.7s
  ttt_chunk [531/1238] bpb=1.078155 time=141.2s
  ttt_chunk [541/1238] bpb=1.078249 time=143.8s
  ttt_chunk [551/1238] bpb=1.077811 time=146.3s
  ttt_chunk [561/1238] bpb=1.077105 time=148.9s
  ttt_chunk [571/1238] bpb=1.076530 time=151.4s
  ttt_chunk [581/1238] bpb=1.076868 time=153.9s
  ttt_chunk [591/1238] bpb=1.077099 time=156.5s
  ttt_chunk [601/1238] bpb=1.077045 time=159.0s
  ttt_chunk [611/1238] bpb=1.077633 time=161.5s
  ttt_chunk [621/1238] bpb=1.078486 time=164.0s
  ttt_chunk [631/1238] bpb=1.078545 time=166.6s
  ttt_chunk [641/1238] bpb=1.079001 time=169.1s
  ttt_chunk [651/1238] bpb=1.079346 time=171.7s
  ttt_chunk [661/1238] bpb=1.078658 time=174.2s
  ttt_chunk [671/1238] bpb=1.078393 time=176.7s
  ttt_chunk [681/1238] bpb=1.079685 time=179.2s
  ttt_chunk [691/1238] bpb=1.079873 time=181.8s
  ttt_chunk [701/1238] bpb=1.079708 time=184.3s
  ttt_chunk [711/1238] bpb=1.080370 time=186.8s
  ttt_chunk [721/1238] bpb=1.080699 time=189.3s
  ttt_chunk [731/1238] bpb=1.080026 time=191.8s
  ttt_chunk [741/1238] bpb=1.079710 time=194.4s
  ttt_chunk [751/1238] bpb=1.078780 time=196.9s
  ttt_chunk [761/1238] bpb=1.078152 time=199.4s
  ttt_chunk [771/1238] bpb=1.077135 time=201.9s
  ttt_chunk [781/1238] bpb=1.077122 time=204.4s
  ttt_chunk [791/1238] bpb=1.077469 time=206.9s
  ttt_chunk [801/1238] bpb=1.077747 time=209.4s
  ttt_chunk [811/1238] bpb=1.077229 time=211.9s
  ttt_chunk [821/1238] bpb=1.076034 time=214.4s
  ttt_chunk [831/1238] bpb=1.075708 time=216.9s
  ttt_chunk [841/1238] bpb=1.075222 time=219.5s
  ttt_chunk [851/1238] bpb=1.074947 time=222.0s
  ttt_chunk [861/1238] bpb=1.074586 time=224.5s
  ttt_chunk [871/1238] bpb=1.074500 time=227.0s
  ttt_chunk [881/1238] bpb=1.074035 time=229.6s
  ttt_chunk [891/1238] bpb=1.073507 time=232.1s
  ttt_chunk [901/1238] bpb=1.073898 time=234.7s
  ttt_chunk [911/1238] bpb=1.073600 time=237.2s
  ttt_chunk [921/1238] bpb=1.073869 time=239.8s
  ttt_chunk [931/1238] bpb=1.074554 time=242.3s
  ttt_chunk [941/1238] bpb=1.074935 time=244.8s
  ttt_chunk [951/1238] bpb=1.074866 time=247.3s
  ttt_chunk [961/1238] bpb=1.075680 time=249.9s
  ttt_chunk [971/1238] bpb=1.076077 time=252.4s
  ttt_chunk [981/1238] bpb=1.076433 time=254.9s
  ttt_chunk [991/1238] bpb=1.076231 time=257.4s
  ttt_chunk [1001/1238] bpb=1.076267 time=259.9s
  ttt_chunk [1011/1238] bpb=1.076599 time=262.4s
  ttt_chunk [1021/1238] bpb=1.077317 time=265.0s
  ttt_chunk [1031/1238] bpb=1.077788 time=267.5s
  ttt_chunk [1041/1238] bpb=1.078243 time=270.0s
  ttt_chunk [1051/1238] bpb=1.078154 time=272.6s
  ttt_chunk [1061/1238] bpb=1.078159 time=275.1s
  ttt_chunk [1071/1238] bpb=1.078320 time=277.6s
  ttt_chunk [1081/1238] bpb=1.078217 time=280.1s
  ttt_chunk [1091/1238] bpb=1.078410 time=282.7s
  ttt_chunk [1101/1238] bpb=1.078974 time=285.2s
  ttt_chunk [1111/1238] bpb=1.079267 time=287.7s
  ttt_chunk [1121/1238] bpb=1.079455 time=290.2s
  ttt_chunk [1131/1238] bpb=1.079111 time=292.7s
  ttt_chunk [1141/1238] bpb=1.078774 time=295.2s
  ttt_chunk [1151/1238] bpb=1.078811 time=297.7s
  ttt_chunk [1161/1238] bpb=1.078946 time=300.3s
  ttt_chunk [1171/1238] bpb=1.078710 time=302.8s
  ttt_chunk [1181/1238] bpb=1.078244 time=305.4s
  ttt_chunk [1191/1238] bpb=1.078385 time=307.9s
  ttt_chunk [1201/1238] bpb=1.078457 time=310.4s
  ttt_chunk [1211/1238] bpb=1.078140 time=313.0s
  ttt_chunk [1221/1238] bpb=1.077689 time=315.5s
  ttt_chunk [1231/1238] bpb=1.077332 time=318.0s
  ttt_chunk [1238/1238] bpb=1.077325 time=322.0s
ttt_sliding:done val_loss=2.783605 val_bpb=1.07762040 elapsed=322.1s
legal_ttt_exact val_loss:2.78360541 val_bpb:1.07762040 eval_time:322367ms
