====================================================================================================
Hyperparameters:
  adam_eps: 1e-08
  adam_wd: 0.02
  attn_wd: 0.095
  awq_rescale_enabled: False
  beta1: 0.9
  beta2: 0.95
  bos_id: 1
  clip_attn_mult: 1.0
  clip_early_mult: 1.02
  clip_late_mult: 0.98
  clip_loop_mult: 1.02
  clip_mid_mult: 1.0
  clip_mlp_mult: 1.03
  compressor: pergroup
  data_dir: /workspace/parameter-golf-qrescue-20260426/data/
  datasets_dir: /workspace/parameter-golf-qrescue-20260426/data/datasets/fineweb10B_sp8192
  distributed: True
  early_wd_mult: 1.0
  ema_decay: 0.9965
  embed_bits: 8
  embed_clip_sigmas: 20.0
  embed_lr: 0.6
  embed_wd: 0.085
  embedding_dim: 512
  enable_looping_at: 0.35
  etlb_clip: 3.0
  etlb_enabled: False
  etlb_lr: 0.05
  etlb_steps: 5
  eval_fraction: 1.0
  eval_seq_len: 2048
  eval_stride: 64
  global_ttt_batch_seqs: 32
  global_ttt_chunk_tokens: 32768
  global_ttt_epochs: 1
  global_ttt_grad_clip: 1.0
  global_ttt_lr: 0.001
  global_ttt_momentum: 0.9
  gptq_calibration_batches: 64
  gptq_reserve_seconds: 12.0
  grad_accum_steps: 1
  grad_clip_norm: 0.3
  hadamard_precond_enabled: False
  head_lr: 0.008
  hessian_layerwise_clip: True
  is_main_process: True
  iterations: 20000
  jepa_lite_enabled: True
  jepa_lite_end_frac: 0.85
  jepa_lite_frequency: 8
  jepa_lite_hidden: 128
  jepa_lite_horizon: 4
  jepa_lite_lr: 0.01
  jepa_lite_start_frac: 0.35
  jepa_lite_stride: 16
  jepa_lite_weight: 0.03
  late_wd_mult: 1.0
  layerwise_precision_enabled: False
  ln_scale: True
  local_rank: 0
  logfile: logs/e53a7187-4fe6-49fb-942b-4addf0be641f.txt
  logit_softcap: 30.0
  loop_end: 5
  loop_start: 3
  loop_wd_mult: 1.0
  lqer_budget_bytes: 140000
  lqer_enabled: True
  lqer_max_rank: 4
  lqer_power_iters: 6
  lqer_targets: loop_mlp_proj,late_mlp_proj,attn_proj
  matrix_bits: 6
  matrix_clip_sigmas: 12.85
  matrix_lr: 0.022
  max_wallclock_seconds: 600.0
  mid_wd_mult: 1.0
  min_lr: 0.0
  mlp_fc_wd: 0.095
  mlp_mult: 4.0
  mlp_proj_wd: 0.095
  model_dim: 512
  model_path: final_model.pt
  muon_backend_steps: 5
  muon_beta2: 0.95
  muon_momentum: 0.99
  muon_momentum_warmup_start: 0.92
  muon_momentum_warmup_steps: 1500
  muon_row_normalize: True
  muon_wd: 0.095
  num_heads: 8
  num_kv_heads: 4
  num_layers: 11
  num_loops: 2
  parallel_residual_start: 7
  phased_ttt_num_phases: 3
  phased_ttt_prefix_docs: 2500
  precision_attn: 6
  precision_early_mlp: 6
  precision_embed: 8
  precision_late_mlp: 6
  precision_loop_mlp: 6
  precision_mid_mlp: 6
  qk_gain_init: 5.25
  qrescue_enabled: True
  quantized_model_path: final_model.int6.ptz
  rank: 0
  rope_base: 10000.0
  rope_dims: 16
  rope_train_seq_len: 2048
  run_id: e53a7187-4fe6-49fb-942b-4addf0be641f
  scalar_lr: 0.02
  seed: 42
  skip_gates_enabled: True
  sliding_window_enabled: True
  smoke_test: False
  split_wd_enabled: False
  tie_embeddings: True
  tied_embed_init_std: 0.005
  tied_embed_lr: 0.03
  tokenizer_path: /workspace/parameter-golf-qrescue-20260426/data/tokenizers/fineweb_8192_bpe.model
  train_batch_tokens: 786432
  train_files: /workspace/parameter-golf-qrescue-20260426/data/datasets/fineweb10B_sp8192/fineweb_train_*.bin
  train_log_every: 500
  train_seq_len: 2048
  ttt_batch_size: 64
  ttt_beta1: 0.9
  ttt_beta2: 0.99
  ttt_chunk_size: 48
  ttt_chunk_tokens: 32768
  ttt_enabled: True
  ttt_epochs: 4
  ttt_eval_seq_len: 2048
  ttt_grad_steps: 1
  ttt_k_lora: True
  ttt_lora_alpha: 144.0
  ttt_lora_enabled: False
  ttt_lora_lr: 0.0001
  ttt_lora_rank: 56
  ttt_lr: 0.005
  ttt_mlp_lora: True
  ttt_momentum: 0.9
  ttt_o_lora: True
  ttt_phase1_max_seconds: 220.0
  ttt_weight_decay: 0.5
  val_batch_tokens: 524288
  val_files: /workspace/parameter-golf-qrescue-20260426/data/datasets/fineweb10B_sp8192/fineweb_val_*.bin
  val_loss_every: 4000
  vocab_size: 8192
  warmdown_frac: 0.72
  warmup_steps: 20
  world_size: 8
  xsa_last_n: 11
====================================================================================================
Running Python 3.12.3 (main, Nov  6 2025, 13:44:16) [GCC 13.3.0]
Running PyTorch 2.9.1+cu128
Thu Apr 30 20:28:27 2026       
+-----------------------------------------------------------------------------------------+
| NVIDIA-SMI 580.126.09             Driver Version: 580.126.09     CUDA Version: 13.0     |
+-----------------------------------------+------------------------+----------------------+
| GPU  Name                 Persistence-M | Bus-Id          Disp.A | Volatile Uncorr. ECC |
| Fan  Temp   Perf          Pwr:Usage/Cap |           Memory-Usage | GPU-Util  Compute M. |
|                                         |                        |               MIG M. |
|=========================================+========================+======================|
|   0  NVIDIA H100 80GB HBM3          On  |   00000000:19:00.0 Off |                    0 |
| N/A   45C    P0            125W /  700W |    1521MiB /  81559MiB |      0%      Default |
|                                         |                        |             Disabled |
+-----------------------------------------+------------------------+----------------------+
|   1  NVIDIA H100 80GB HBM3          On  |   00000000:3B:00.0 Off |                    0 |
| N/A   37C    P0            125W /  700W |    1521MiB /  81559MiB |      0%      Default |
|                                         |                        |             Disabled |
+-----------------------------------------+------------------------+----------------------+
|   2  NVIDIA H100 80GB HBM3          On  |   00000000:4C:00.0 Off |                    0 |
| N/A   35C    P0            119W /  700W |    1521MiB /  81559MiB |      6%      Default |
|                                         |                        |             Disabled |
+-----------------------------------------+------------------------+----------------------+
|   3  NVIDIA H100 80GB HBM3          On  |   00000000:5D:00.0 Off |                    0 |
| N/A   44C    P0            129W /  700W |    1521MiB /  81559MiB |      1%      Default |
|                                         |                        |             Disabled |
+-----------------------------------------+------------------------+----------------------+
|   4  NVIDIA H100 80GB HBM3          On  |   00000000:9B:00.0 Off |                    0 |
| N/A   45C    P0            122W /  700W |    1521MiB /  81559MiB |      0%      Default |
|                                         |                        |             Disabled |
+-----------------------------------------+------------------------+----------------------+
|   5  NVIDIA H100 80GB HBM3          On  |   00000000:BB:00.0 Off |                    0 |
| N/A   38C    P0            118W /  700W |    1521MiB /  81559MiB |      2%      Default |
|                                         |                        |             Disabled |
+-----------------------------------------+------------------------+----------------------+
|   6  NVIDIA H100 80GB HBM3          On  |   00000000:CB:00.0 Off |                    0 |
| N/A   44C    P0            125W /  700W |    1521MiB /  81559MiB |      1%      Default |
|                                         |                        |             Disabled |
+-----------------------------------------+------------------------+----------------------+
|   7  NVIDIA H100 80GB HBM3          On  |   00000000:DB:00.0 Off |                    0 |
| N/A   37C    P0            121W /  700W |    1521MiB /  81559MiB |      5%      Default |
|                                         |                        |             Disabled |
+-----------------------------------------+------------------------+----------------------+

+-----------------------------------------------------------------------------------------+
| Processes:                                                                              |
|  GPU   GI   CI              PID   Type   Process name                        GPU Memory |
|        ID   ID                                                               Usage      |
|=========================================================================================|
|  No running processes found                                                             |
+-----------------------------------------------------------------------------------------+

====================================================================================================
feature_flags: QRESCUE_ENABLED=1 HESSIAN_LAYERWISE_CLIP=1 SPLIT_WD_ENABLED=0 LQER_ENABLED=1 LAYERWISE_PRECISION_ENABLED=0 AWQ_RESCale_ENABLED=0 HADAMARD_PRECOND_ENABLED=0 JEPA_LITE_ENABLED=1
jepa_lite_effective_loss_weight: 0.03
jepa_lite_schedule: hidden=128 horizon=4 stride=16 frequency=8 start_frac=0.35 end_frac=0.85 lr=0.01
lqer_config: budget=140000 max_rank=4 targets=loop_mlp_proj,late_mlp_proj,attn_proj
train_shards: 80
val_tokens: 40540160
model_params:36075608
jepa_lite_config: weight=0.03 hidden=128 horizon=4 stride=16 frequency=8 start_frac=0.35 end_frac=0.85 lr=0.01
gptq:reserving 12s, effective=588000ms
warmup_step: 1/20
warmup_step: 2/20
warmup_step: 3/20
warmup_step: 4/20
warmup_step: 5/20
warmup_step: 6/20
warmup_step: 10/20
warmup_step: 20/20
loop_warmup:enabled encoder:[0, 1, 2, 3, 4, 5, 3, 4] decoder:[5, 3, 4, 5, 6, 7, 8, 9, 10]
loop_warmup_step: 1/20
loop_warmup_step: 2/20
loop_warmup_step: 3/20
loop_warmup_step: 4/20
loop_warmup_step: 5/20
loop_warmup_step: 6/20
loop_warmup_step: 10/20
loop_warmup_step: 20/20
0/20000 val_loss: 9.0074 val_bpb: 3.4870
1/20000 train_loss: 9.0090 train_time: 0.0m tok/s: 8301701
2/20000 train_loss: 12.3233 train_time: 0.0m tok/s: 8128812
3/20000 train_loss: 11.0204 train_time: 0.0m tok/s: 8011085
4/20000 train_loss: 9.5078 train_time: 0.0m tok/s: 7955178
5/20000 train_loss: 8.3432 train_time: 0.0m tok/s: 7926615
500/20000 train_loss: 3.3765 train_time: 0.9m tok/s: 7675749
1000/20000 train_loss: 3.2846 train_time: 1.7m tok/s: 7674376
1500/20000 train_loss: 3.1820 train_time: 2.6m tok/s: 7678686
2000/20000 train_loss: 3.0686 train_time: 3.4m tok/s: 7683434
layer_loop:enabled step:2011 frac:0.350 encoder:[0, 1, 2, 3, 4, 5, 3, 4] decoder:[5, 3, 4, 5, 6, 7, 8, 9, 10]
2500/20000 train_loss: 3.1173 train_time: 4.7m tok/s: 7037990
3000/20000 train_loss: 2.8896 train_time: 5.9m tok/s: 6649592
3500/20000 train_loss: 2.9336 train_time: 7.2m tok/s: 6391647
4000/20000 train_loss: 2.8114 train_time: 8.4m tok/s: 6220764
4000/20000 val_loss: 2.8694 val_bpb: 1.1108
4500/20000 train_loss: 2.8347 train_time: 9.7m tok/s: 6090931
4547/20000 val_loss: 2.8091 val_bpb: 1.0875
stopping_early: wallclock_cap train_time: 588075ms step: 4547/20000
jepa_lite_predictor_removed_before_serialize: true
train_seconds: 588.075
peak memory allocated: 39150 MiB reserved: 39188 MiB
ema:applying EMA weights
pre-quantization post-ema val_loss:2.80586917 val_bpb:1.08623939 eval_time:6864ms
Serialized model: 135431033 bytes
Code size: 26621 bytes
GPTQ:collecting Hessians from calibration data...
GPTQ:collected 67 Hessians in 12.7s
GPTQ matrix_config: tok_emb.weight group=global cat=embed bits=8 clip=20 norm_rmse=0.052660
GPTQ matrix_config: blocks.0.attn.c_q.weight group=early cat=attn bits=6 clip=13.107 norm_rmse=0.136308
GPTQ matrix_config: blocks.0.attn.c_k.weight group=early cat=attn bits=6 clip=13.107 norm_rmse=0.136041
GPTQ matrix_config: blocks.0.attn.c_v.weight group=early cat=attn bits=6 clip=13.107 norm_rmse=0.136215
GPTQ matrix_config: blocks.0.attn.proj.weight group=early cat=attn bits=6 clip=13.107 norm_rmse=0.149988
GPTQ matrix_config: blocks.0.mlp.fc.weight group=early cat=mlp bits=6 clip=13.5 norm_rmse=0.140914
GPTQ matrix_config: blocks.0.mlp.proj.weight group=early cat=mlp bits=6 clip=13.5 norm_rmse=0.139952
GPTQ matrix_config: blocks.1.attn.c_q.weight group=early cat=attn bits=6 clip=13.107 norm_rmse=0.142044
GPTQ matrix_config: blocks.1.attn.c_k.weight group=early cat=attn bits=6 clip=13.107 norm_rmse=0.142122
GPTQ matrix_config: blocks.1.attn.c_v.weight group=early cat=attn bits=6 clip=13.107 norm_rmse=0.141786
GPTQ matrix_config: blocks.1.attn.proj.weight group=early cat=attn bits=6 clip=13.107 norm_rmse=0.150985
GPTQ matrix_config: blocks.1.mlp.fc.weight group=early cat=mlp bits=6 clip=13.5 norm_rmse=0.141626
GPTQ matrix_config: blocks.1.mlp.proj.weight group=early cat=mlp bits=6 clip=13.5 norm_rmse=0.135780
GPTQ matrix_config: blocks.2.attn.c_q.weight group=early cat=attn bits=6 clip=13.107 norm_rmse=0.137357
GPTQ matrix_config: blocks.2.attn.c_k.weight group=early cat=attn bits=6 clip=13.107 norm_rmse=0.137562
GPTQ matrix_config: blocks.2.attn.c_v.weight group=early cat=attn bits=6 clip=13.107 norm_rmse=0.137717
GPTQ matrix_config: blocks.2.attn.proj.weight group=early cat=attn bits=6 clip=13.107 norm_rmse=0.141356
GPTQ matrix_config: blocks.2.mlp.fc.weight group=early cat=mlp bits=6 clip=13.5 norm_rmse=0.139921
GPTQ matrix_config: blocks.2.mlp.proj.weight group=early cat=mlp bits=6 clip=13.5 norm_rmse=0.139182
GPTQ matrix_config: blocks.3.attn.c_q.weight group=loop cat=attn bits=6 clip=13.107 norm_rmse=0.135419
GPTQ matrix_config: blocks.3.attn.c_k.weight group=loop cat=attn bits=6 clip=13.107 norm_rmse=0.135288
GPTQ matrix_config: blocks.3.attn.c_v.weight group=loop cat=attn bits=6 clip=13.107 norm_rmse=0.134921
GPTQ matrix_config: blocks.3.attn.proj.weight group=loop cat=attn bits=6 clip=13.107 norm_rmse=0.150327
GPTQ matrix_config: blocks.3.mlp.fc.weight group=loop cat=mlp bits=6 clip=13.5 norm_rmse=0.139721
LQER matrix_config: blocks.3.mlp.proj.weight rank=4 bytes=20480 norm_rmse_after=0.137320
GPTQ matrix_config: blocks.3.mlp.proj.weight group=loop cat=mlp bits=6 clip=13.5 norm_rmse=0.138498
GPTQ matrix_config: blocks.4.attn.c_q.weight group=loop cat=attn bits=6 clip=13.107 norm_rmse=0.138853
GPTQ matrix_config: blocks.4.attn.c_k.weight group=loop cat=attn bits=6 clip=13.107 norm_rmse=0.138620
GPTQ matrix_config: blocks.4.attn.c_v.weight group=loop cat=attn bits=6 clip=13.107 norm_rmse=0.138876
GPTQ matrix_config: blocks.4.attn.proj.weight group=loop cat=attn bits=6 clip=13.107 norm_rmse=0.152094
GPTQ matrix_config: blocks.4.mlp.fc.weight group=loop cat=mlp bits=6 clip=13.5 norm_rmse=0.142331
LQER matrix_config: blocks.4.mlp.proj.weight rank=4 bytes=20480 norm_rmse_after=0.136530
GPTQ matrix_config: blocks.4.mlp.proj.weight group=loop cat=mlp bits=6 clip=13.5 norm_rmse=0.137691
GPTQ matrix_config: blocks.5.attn.c_q.weight group=loop cat=attn bits=6 clip=13.107 norm_rmse=0.136187
GPTQ matrix_config: blocks.5.attn.c_k.weight group=loop cat=attn bits=6 clip=13.107 norm_rmse=0.136045
GPTQ matrix_config: blocks.5.attn.c_v.weight group=loop cat=attn bits=6 clip=13.107 norm_rmse=0.136397
GPTQ matrix_config: blocks.5.attn.proj.weight group=loop cat=attn bits=6 clip=13.107 norm_rmse=0.147253
GPTQ matrix_config: blocks.5.mlp.fc.weight group=loop cat=mlp bits=6 clip=13.5 norm_rmse=0.140434
LQER matrix_config: blocks.5.mlp.proj.weight rank=4 bytes=20480 norm_rmse_after=0.137680
GPTQ matrix_config: blocks.5.mlp.proj.weight group=loop cat=mlp bits=6 clip=13.5 norm_rmse=0.138859
GPTQ matrix_config: blocks.6.attn.c_q.weight group=mid cat=attn bits=6 clip=12.85 norm_rmse=0.136972
GPTQ matrix_config: blocks.6.attn.c_k.weight group=mid cat=attn bits=6 clip=12.85 norm_rmse=0.136597
GPTQ matrix_config: blocks.6.attn.c_v.weight group=mid cat=attn bits=6 clip=12.85 norm_rmse=0.136683
GPTQ matrix_config: blocks.6.attn.proj.weight group=mid cat=attn bits=6 clip=12.85 norm_rmse=0.143712
GPTQ matrix_config: blocks.6.mlp.fc.weight group=mid cat=mlp bits=6 clip=13.236 norm_rmse=0.142062
GPTQ matrix_config: blocks.6.mlp.proj.weight group=mid cat=mlp bits=6 clip=13.236 norm_rmse=0.140961
GPTQ matrix_config: blocks.7.attn.c_q.weight group=mid cat=attn bits=6 clip=12.85 norm_rmse=0.137503
GPTQ matrix_config: blocks.7.attn.c_k.weight group=mid cat=attn bits=6 clip=12.85 norm_rmse=0.137674
GPTQ matrix_config: blocks.7.attn.c_v.weight group=mid cat=attn bits=6 clip=12.85 norm_rmse=0.137327
LQER matrix_config: blocks.7.attn.proj.weight rank=4 bytes=8192 norm_rmse_after=0.144160
GPTQ matrix_config: blocks.7.attn.proj.weight group=mid cat=attn bits=6 clip=12.85 norm_rmse=0.147093
GPTQ matrix_config: blocks.7.mlp.fc.weight group=mid cat=mlp bits=6 clip=13.236 norm_rmse=0.141424
GPTQ matrix_config: blocks.7.mlp.proj.weight group=mid cat=mlp bits=6 clip=13.236 norm_rmse=0.136572
GPTQ matrix_config: blocks.8.attn.c_q.weight group=late cat=attn bits=6 clip=12.593 norm_rmse=0.130423
GPTQ matrix_config: blocks.8.attn.c_k.weight group=late cat=attn bits=6 clip=12.593 norm_rmse=0.130402
GPTQ matrix_config: blocks.8.attn.c_v.weight group=late cat=attn bits=6 clip=12.593 norm_rmse=0.130124
LQER matrix_config: blocks.8.attn.proj.weight rank=4 bytes=8192 norm_rmse_after=0.132644
GPTQ matrix_config: blocks.8.attn.proj.weight group=late cat=attn bits=6 clip=12.593 norm_rmse=0.135136
GPTQ matrix_config: blocks.8.mlp.fc.weight group=late cat=mlp bits=6 clip=12.971 norm_rmse=0.134349
LQER matrix_config: blocks.8.mlp.proj.weight rank=4 bytes=20480 norm_rmse_after=0.132497
GPTQ matrix_config: blocks.8.mlp.proj.weight group=late cat=mlp bits=6 clip=12.971 norm_rmse=0.133647
GPTQ matrix_config: blocks.9.attn.c_q.weight group=late cat=attn bits=6 clip=12.593 norm_rmse=0.132222
GPTQ matrix_config: blocks.9.attn.c_k.weight group=late cat=attn bits=6 clip=12.593 norm_rmse=0.132596
GPTQ matrix_config: blocks.9.attn.c_v.weight group=late cat=attn bits=6 clip=12.593 norm_rmse=0.133147
LQER matrix_config: blocks.9.attn.proj.weight rank=4 bytes=8192 norm_rmse_after=0.133006
GPTQ matrix_config: blocks.9.attn.proj.weight group=late cat=attn bits=6 clip=12.593 norm_rmse=0.135346
GPTQ matrix_config: blocks.9.mlp.fc.weight group=late cat=mlp bits=6 clip=12.971 norm_rmse=0.136327
LQER matrix_config: blocks.9.mlp.proj.weight rank=4 bytes=20480 norm_rmse_after=0.130391
GPTQ matrix_config: blocks.9.mlp.proj.weight group=late cat=mlp bits=6 clip=12.971 norm_rmse=0.132209
GPTQ matrix_config: blocks.10.attn.c_q.weight group=late cat=attn bits=6 clip=12.593 norm_rmse=0.130291
GPTQ matrix_config: blocks.10.attn.c_k.weight group=late cat=attn bits=6 clip=12.593 norm_rmse=0.130532
GPTQ matrix_config: blocks.10.attn.c_v.weight group=late cat=attn bits=6 clip=12.593 norm_rmse=0.130579
LQER matrix_config: blocks.10.attn.proj.weight rank=4 bytes=8192 norm_rmse_after=0.132743
GPTQ matrix_config: blocks.10.attn.proj.weight group=late cat=attn bits=6 clip=12.593 norm_rmse=0.135222
GPTQ matrix_config: blocks.10.mlp.fc.weight group=late cat=mlp bits=6 clip=12.971 norm_rmse=0.134322
GPTQ matrix_config: blocks.10.mlp.proj.weight group=late cat=mlp bits=6 clip=12.971 norm_rmse=0.132093
Quantized weights:
  gptq (int6): blocks.attn.c_k.weight, blocks.attn.c_q.weight, blocks.attn.c_v.weight, blocks.attn.proj.weight, blocks.mlp.fc.weight, blocks.mlp.proj.weight
  gptq (int6) + lqer4: blocks.attn.proj.weight, blocks.mlp.proj.weight
  gptq (int8): tok_emb.weight
  passthrough (float16): blocks.attn.q_gain, blocks.attn_scale, blocks.mlp_scale, blocks.resid_mix, skip_gates, skip_weights
mixed_precision_config: {6: 66, 8: 1}
num_int5_matrices: 0
num_int6_matrices: 66
num_int7_matrices: 0
num_int8_matrices: 1
lqer_enabled: 1
lqer_matrices: 9
lqer_raw_bytes: 135168
quant_gap_norm_rmse_early: 0.140381
quant_gap_norm_rmse_global: 0.052660
quant_gap_norm_rmse_late: 0.132720
quant_gap_norm_rmse_loop: 0.139878
quant_gap_norm_rmse_mid: 0.139548
Serialize: per-group compression...
Serialize: per-group compression done in 123.8s
Serialized model quantized+pergroup: 15667154 bytes
Total submission size quantized+pergroup: 15693775 bytes
model_bytes: 15667154
pergroup_model_bytes: 15667154
code_bytes: 26621
artifact_bytes: 15693775
compressor_used: pergroup-lrzip
roundtrip_ok: True
Deserialize: per-group decompression...
Deserialize: decompression done in 65.3s
quantized val_loss:2.83706943 val_bpb:1.09831799 eval_time:9131ms
quantized_sliding_window val_loss:2.79370171 val_bpb:1.08152899 eval_time:92661ms
TTT protocol: chunkwise_score_first_full_sgd
TTT reset_policy: cumulative_full_model
TTT phase_boundaries: none
TTT score_before_update: true
TTT no_rescore: true
quantized_ttt val_loss:2.78901342 val_bpb:1.07971401 eval_time:401208ms
