
*****************************************
Setting OMP_NUM_THREADS environment variable for each process to be 1 in default, to avoid your system being overloaded, please further tune the variable for optimal performance in your application as needed. 
*****************************************
Hyperparameters:
  adam_eps: 1e-08
  adam_wd: 0.02
  asymmetric_logit: False
  beta1: 0.9
  beta2: 0.95
  cautious_wd: False
  compressor: brotli
  data_dir: /home/dex/parameter-golf-with-cc/data
  datasets_dir: /home/dex/parameter-golf-with-cc/data/datasets/fineweb10B_sp8192
  distributed: True
  ema_decay: 0.997
  embed_bits: 8
  embed_clip_sigmas: 20.0
  embed_lr: 0.6
  embed_wd: 0.085
  embedding_dim: 512
  enable_looping_at: 0.5
  etlb_clip: 3.0
  etlb_enabled: False
  etlb_lr: 0.05
  etlb_steps: 5
  eval_seq_len: 2048
  eval_stride: 64
  gptq_calibration_batches: 64
  gptq_reserve_seconds: 12.0
  grad_accum_steps: 1
  grad_clip_norm: 0.3
  head_lr: 0.008
  int5_layers_str: 
  is_main_process: True
  iterations: 20000
  ln_scale: True
  local_rank: 0
  logfile: logs/pr1394_par7_loop35_ngram_qk5_ttt_s0.txt
  logit_softcap: 30.0
  loop_end: 5
  loop_start: 3
  matrix_bits: 6
  matrix_clip_sigmas: 12.85
  matrix_lr: 0.02
  max_wallclock_seconds: 600.0
  min_lr: 0.0
  mixed_quant: False
  mlp_mult: 4.0
  model_dim: 512
  model_path: final_model.pt
  muon_backend_steps: 5
  muon_beta2: 0.95
  muon_momentum: 0.99
  muon_momentum_warmup_start: 0.92
  muon_momentum_warmup_steps: 1500
  muon_row_normalize: True
  muon_wd: 0.085
  n_int6_layers: 50
  ngram_agree_bonus: 0.1
  ngram_base_beta: 2.0
  ngram_open_table_bits: 26
  ngram_order_stride: 2
  ngram_tilt_enabled: True
  ngram_within_beta: 0.92
  ngram_within_threshold: 0.25
  ngram_word_beta: 0.5
  ngram_word_threshold: 0.8
  num_heads: 8
  num_kv_heads: 4
  num_layers: 11
  num_loops: 2
  parallel_residual_start: 7
  qk_gain_init: 5.0
  quantized_model_path: final_model.int6.ptz
  rank: 0
  rope_base: 10000.0
  rope_dims: 16
  rope_train_seq_len: 2048
  run_id: pr1394_par7_loop35_ngram_qk5_ttt_s0
  scalar_lr: 0.02
  seed: 0
  skip_gates_enabled: True
  sliding_window_enabled: True
  tie_embeddings: True
  tied_embed_init_std: 0.005
  tied_embed_lr: 0.03
  tokenizer_path: /home/dex/parameter-golf-with-cc/data/tokenizers/fineweb_8192_bpe.model
  train_batch_tokens: 786432
  train_files: /home/dex/parameter-golf-with-cc/data/datasets/fineweb10B_sp8192/fineweb_train_*.bin
  train_log_every: 500
  train_seq_len: 2048
  ttt_batch_seqs: 32
  ttt_chunk_tokens: 32768
  ttt_enabled: True
  ttt_epochs: 3
  ttt_freeze_blocks: 0
  ttt_grad_clip: 1.0
  ttt_lr: 0.005
  ttt_momentum: 0.9
  use_polar_express: False
  val_batch_tokens: 524288
  val_files: /home/dex/parameter-golf-with-cc/data/datasets/fineweb10B_sp8192/fineweb_val_*.bin
  val_loss_every: 4000
  vocab_size: 8192
  warmdown_frac: 0.667
  warmup_steps: 20
  world_size: 8
  xsa_last_n: 11
train_shards: 80
val_tokens: 40540160
model_params:35944536
gptq:reserving 12s, effective=588000ms
warmup_step: 1/20
warmup_step: 2/20
warmup_step: 3/20
warmup_step: 4/20
warmup_step: 5/20
warmup_step: 6/20
warmup_step: 10/20
warmup_step: 20/20
loop_warmup:enabled encoder:[0, 1, 2, 3, 4, 5, 3, 4] decoder:[5, 3, 4, 5, 6, 7, 8, 9, 10]
loop_warmup_step: 1/20
loop_warmup_step: 2/20
loop_warmup_step: 3/20
loop_warmup_step: 4/20
loop_warmup_step: 5/20
loop_warmup_step: 6/20
loop_warmup_step: 10/20
loop_warmup_step: 20/20
0/20000 val_loss: 9.0072 val_bpb: 3.4870
1/20000 train_loss: 9.0086 train_time: 0.0m tok/s: 8235859
2/20000 train_loss: 12.3326 train_time: 0.0m tok/s: 8135536
3/20000 train_loss: 11.0306 train_time: 0.0m tok/s: 8016370
4/20000 train_loss: 9.5365 train_time: 0.0m tok/s: 7962630
5/20000 train_loss: 8.4303 train_time: 0.0m tok/s: 7952557
500/20000 train_loss: 3.3727 train_time: 0.8m tok/s: 7798390
1000/20000 train_loss: 3.2723 train_time: 1.7m tok/s: 7810737
1500/20000 train_loss: 3.1786 train_time: 2.5m tok/s: 7818337
2000/20000 train_loss: 3.0708 train_time: 3.4m tok/s: 7820756
2500/20000 train_loss: 3.1553 train_time: 4.2m tok/s: 7820330
layer_loop:enabled step:2924 frac:0.500 encoder:[0, 1, 2, 3, 4, 5, 3, 4] decoder:[5, 3, 4, 5, 6, 7, 8, 9, 10]
3000/20000 train_loss: 2.9558 train_time: 5.1m tok/s: 7727599
3500/20000 train_loss: 2.9657 train_time: 6.3m tok/s: 7255865
4000/20000 train_loss: 2.8522 train_time: 7.6m tok/s: 6938623
4000/20000 val_loss: 2.9081 val_bpb: 1.1258
4500/20000 train_loss: 2.8787 train_time: 8.8m tok/s: 6711182
4911/20000 val_loss: 2.8103 val_bpb: 1.0879
stopping_early: wallclock_cap train_time: 588105ms step: 4911/20000
peak memory allocated: 39046 MiB reserved: 39072 MiB
ema:applying EMA weights
pre-quantization post-ema val_loss:2.80828267 val_bpb:1.08717374 eval_time:6790ms
Serialized model: 135431033 bytes
Code size: 79716 bytes
GPTQ:collecting Hessians from calibration data...
GPTQ:collected 67 Hessians in 12.8s
Quantized weights:
  gptq (int6): blocks.attn.c_k.weight, blocks.attn.c_q.weight, blocks.attn.c_v.weight, blocks.attn.proj.weight, blocks.mlp.fc.weight, blocks.mlp.proj.weight
  gptq (int8): tok_emb.weight
  passthrough (float16): blocks.attn.q_gain, blocks.attn_scale, blocks.mlp_scale, blocks.resid_mix, skip_gates, skip_weights
Serialized model quantized+brotli: 15977168 bytes
Total submission size quantized+brotli: 16056884 bytes
quantized val_loss:2.83871263 val_bpb:1.09895412 eval_time:8091ms
quantized_sliding_window val_loss:2.79543524 val_bpb:1.08220009 eval_time:91560ms
ngram_tilt:precompute n_tok=40540161 hints=9074676 (22.38%) elapsed=31.8s base_beta=2.0 within_beta=0.92 agree_bonus=0.1
ttt_sliding:start chunks=1238 chunk_tokens=32768 total_windows=633409 stride=64 ttt_lr=0.005 ttt_epochs=3 freeze_blocks=0
ttt_sliding:params unfrozen=35944536 frozen=0
  ttt_chunk [1/1238] bpb=1.120711 time=4.1s
  ttt_chunk [11/1238] bpb=1.068042 time=8.5s
  ttt_chunk [21/1238] bpb=1.105587 time=11.0s
  ttt_chunk [31/1238] bpb=1.100496 time=13.6s
  ttt_chunk [41/1238] bpb=1.093303 time=17.0s
  ttt_chunk [51/1238] bpb=1.087031 time=19.6s
  ttt_chunk [61/1238] bpb=1.078795 time=22.2s
  ttt_chunk [71/1238] bpb=1.085686 time=24.8s
  ttt_chunk [81/1238] bpb=1.079088 time=27.5s
  ttt_chunk [91/1238] bpb=1.075315 time=30.1s
  ttt_chunk [101/1238] bpb=1.075134 time=32.7s
  ttt_chunk [111/1238] bpb=1.073478 time=35.3s
  ttt_chunk [121/1238] bpb=1.076389 time=37.9s
  ttt_chunk [131/1238] bpb=1.080027 time=40.5s
  ttt_chunk [141/1238] bpb=1.080427 time=43.1s
  ttt_chunk [151/1238] bpb=1.080196 time=45.7s
  ttt_chunk [161/1238] bpb=1.080636 time=48.3s
  ttt_chunk [171/1238] bpb=1.080414 time=51.0s
  ttt_chunk [181/1238] bpb=1.078826 time=53.6s
  ttt_chunk [191/1238] bpb=1.078525 time=56.2s
  ttt_chunk [201/1238] bpb=1.076061 time=58.8s
  ttt_chunk [211/1238] bpb=1.080446 time=61.4s
  ttt_chunk [221/1238] bpb=1.080750 time=64.0s
  ttt_chunk [231/1238] bpb=1.082495 time=66.6s
  ttt_chunk [241/1238] bpb=1.080612 time=69.3s
  ttt_chunk [251/1238] bpb=1.080656 time=71.9s
  ttt_chunk [261/1238] bpb=1.081750 time=74.5s
  ttt_chunk [271/1238] bpb=1.082242 time=77.2s
  ttt_chunk [281/1238] bpb=1.081569 time=79.8s
  ttt_chunk [291/1238] bpb=1.082739 time=82.4s
  ttt_chunk [301/1238] bpb=1.082938 time=85.1s
  ttt_chunk [311/1238] bpb=1.081759 time=87.7s
  ttt_chunk [321/1238] bpb=1.081564 time=90.3s
  ttt_chunk [331/1238] bpb=1.081803 time=93.0s
  ttt_chunk [341/1238] bpb=1.080952 time=95.6s
  ttt_chunk [351/1238] bpb=1.081701 time=98.2s
  ttt_chunk [361/1238] bpb=1.080622 time=100.9s
  ttt_chunk [371/1238] bpb=1.079071 time=103.5s
  ttt_chunk [381/1238] bpb=1.079478 time=106.1s
  ttt_chunk [391/1238] bpb=1.079108 time=108.8s
  ttt_chunk [401/1238] bpb=1.079182 time=111.4s
  ttt_chunk [411/1238] bpb=1.079757 time=114.1s
  ttt_chunk [421/1238] bpb=1.079247 time=116.7s
  ttt_chunk [431/1238] bpb=1.079394 time=119.3s
  ttt_chunk [441/1238] bpb=1.079455 time=121.9s
  ttt_chunk [451/1238] bpb=1.080613 time=124.5s
  ttt_chunk [461/1238] bpb=1.078884 time=127.2s
  ttt_chunk [471/1238] bpb=1.078873 time=129.8s
  ttt_chunk [481/1238] bpb=1.079027 time=132.4s
  ttt_chunk [491/1238] bpb=1.079453 time=135.0s
  ttt_chunk [501/1238] bpb=1.079054 time=137.6s
  ttt_chunk [511/1238] bpb=1.078696 time=140.2s
  ttt_chunk [521/1238] bpb=1.078206 time=142.8s
  ttt_chunk [531/1238] bpb=1.078151 time=145.4s
  ttt_chunk [541/1238] bpb=1.078256 time=148.0s
  ttt_chunk [551/1238] bpb=1.077801 time=150.7s
  ttt_chunk [561/1238] bpb=1.077090 time=153.3s
  ttt_chunk [571/1238] bpb=1.076545 time=155.9s
  ttt_chunk [581/1238] bpb=1.076903 time=158.5s
  ttt_chunk [591/1238] bpb=1.077133 time=161.1s
  ttt_chunk [601/1238] bpb=1.077074 time=163.7s
  ttt_chunk [611/1238] bpb=1.077641 time=166.3s
  ttt_chunk [621/1238] bpb=1.078504 time=169.0s
  ttt_chunk [631/1238] bpb=1.078557 time=171.6s
  ttt_chunk [641/1238] bpb=1.078981 time=174.2s
  ttt_chunk [651/1238] bpb=1.079297 time=176.9s
  ttt_chunk [661/1238] bpb=1.078623 time=179.5s
  ttt_chunk [671/1238] bpb=1.078389 time=182.1s
  ttt_chunk [681/1238] bpb=1.079691 time=184.7s
  ttt_chunk [691/1238] bpb=1.079871 time=187.3s
  ttt_chunk [701/1238] bpb=1.079707 time=190.0s
  ttt_chunk [711/1238] bpb=1.080393 time=192.6s
  ttt_chunk [721/1238] bpb=1.080678 time=195.2s
  ttt_chunk [731/1238] bpb=1.080033 time=197.8s
  ttt_chunk [741/1238] bpb=1.079706 time=200.4s
  ttt_chunk [751/1238] bpb=1.078784 time=203.0s
  ttt_chunk [761/1238] bpb=1.078176 time=205.7s
  ttt_chunk [771/1238] bpb=1.077178 time=208.3s
  ttt_chunk [781/1238] bpb=1.077137 time=210.9s
  ttt_chunk [791/1238] bpb=1.077475 time=213.5s
  ttt_chunk [801/1238] bpb=1.077753 time=216.1s
  ttt_chunk [811/1238] bpb=1.077223 time=218.8s
  ttt_chunk [821/1238] bpb=1.076012 time=221.4s
  ttt_chunk [831/1238] bpb=1.075692 time=224.0s
  ttt_chunk [841/1238] bpb=1.075234 time=226.6s
  ttt_chunk [851/1238] bpb=1.074948 time=229.3s
  ttt_chunk [861/1238] bpb=1.074586 time=231.9s
  ttt_chunk [871/1238] bpb=1.074469 time=234.5s
  ttt_chunk [881/1238] bpb=1.074022 time=237.1s
  ttt_chunk [891/1238] bpb=1.073501 time=239.7s
  ttt_chunk [901/1238] bpb=1.073876 time=242.3s
  ttt_chunk [911/1238] bpb=1.073564 time=245.0s
  ttt_chunk [921/1238] bpb=1.073861 time=247.6s
  ttt_chunk [931/1238] bpb=1.074537 time=250.2s
  ttt_chunk [941/1238] bpb=1.074932 time=252.8s
  ttt_chunk [951/1238] bpb=1.074870 time=255.5s
  ttt_chunk [961/1238] bpb=1.075697 time=258.1s
  ttt_chunk [971/1238] bpb=1.076093 time=260.7s
  ttt_chunk [981/1238] bpb=1.076476 time=263.3s
  ttt_chunk [991/1238] bpb=1.076276 time=266.0s
  ttt_chunk [1001/1238] bpb=1.076322 time=268.6s
  ttt_chunk [1011/1238] bpb=1.076675 time=271.2s
  ttt_chunk [1021/1238] bpb=1.077405 time=273.8s
  ttt_chunk [1031/1238] bpb=1.077880 time=276.4s
  ttt_chunk [1041/1238] bpb=1.078354 time=279.1s
  ttt_chunk [1051/1238] bpb=1.078285 time=281.7s
  ttt_chunk [1061/1238] bpb=1.078281 time=284.3s
  ttt_chunk [1071/1238] bpb=1.078429 time=287.2s
  ttt_chunk [1081/1238] bpb=1.078321 time=290.5s
  ttt_chunk [1091/1238] bpb=1.078526 time=293.1s
  ttt_chunk [1101/1238] bpb=1.079059 time=295.7s
  ttt_chunk [1111/1238] bpb=1.079349 time=298.3s
  ttt_chunk [1121/1238] bpb=1.079516 time=301.0s
  ttt_chunk [1131/1238] bpb=1.079157 time=303.6s
  ttt_chunk [1141/1238] bpb=1.078815 time=306.2s
  ttt_chunk [1151/1238] bpb=1.078848 time=308.8s
  ttt_chunk [1161/1238] bpb=1.078964 time=311.5s
  ttt_chunk [1171/1238] bpb=1.078745 time=314.1s
  ttt_chunk [1181/1238] bpb=1.078273 time=316.7s
  ttt_chunk [1191/1238] bpb=1.078406 time=319.3s
  ttt_chunk [1201/1238] bpb=1.078466 time=321.9s
  ttt_chunk [1211/1238] bpb=1.078135 time=324.6s
  ttt_chunk [1221/1238] bpb=1.077681 time=327.2s
  ttt_chunk [1231/1238] bpb=1.077299 time=329.8s
  ttt_chunk [1238/1238] bpb=1.077290 time=333.3s
ttt_sliding:done val_loss=2.783121 val_bpb=1.077433 elapsed=333.4s
legal_ttt_exact val_loss:2.78312080 val_bpb:1.07743279 eval_time:333557ms
