Hyperparameters:
  adam_eps: 1e-08
  adam_wd: 0.02
  artifact_dir:
  attn_clip_sigmas: 13.0
  attn_out_gate_enabled: False
  attn_out_gate_src: proj
  awq_lite_bits: 8
  awq_lite_enabled: True
  awq_lite_group_size: 64
  awq_lite_group_top_k: 1
  beta1: 0.9
  beta2: 0.99
  caseops_enabled: True
  compressor: pergroup
  data_dir: /workspace/runpod-volume/data
  datasets_dir: /workspace/datasets/fineweb10B_sp8192_lossless_caps_caseops_v1_reserved
  distributed: True
  ema_decay: 0.9965
  embed_bits: 7
  embed_clip_sigmas: 14.0
  embed_lr: 0.6
  embed_wd: 0.085
  enable_looping_at: 0.35
  eval_seq_len: 2560
  eval_stride: 64
  fused_ce_enabled: True
  gate_window: 12
  gated_attn_enabled: False
  gated_attn_init_std: 0.01
  gated_attn_quant_gate: True
  global_ttt_batch_seqs: 32
  global_ttt_chunk_tokens: 32768
  global_ttt_epochs: 1
  global_ttt_grad_clip: 1.0
  global_ttt_lr: 0.001
  global_ttt_momentum: 0.9
  global_ttt_respect_doc_boundaries: True
  global_ttt_warmup_chunks: 0
  global_ttt_warmup_start_lr: 0.0
  gptq_calibration_batches: 16
  gptq_reserve_seconds: 8.0
  grad_accum_steps: 1
  grad_clip_norm: 0.3
  is_main_process: True
  iterations: 20000
  ln_scale: True
  local_rank: 0
  logfile: logs/14b83775-d0f9-4e58-abe8-617339b5c0f3.txt
  logit_softcap: 30.0
  loop_end: 5
  loop_start: 3
  lqer_asym_enabled: True
  lqer_asym_group: 64
  lqer_enabled: True
  lqer_factor_bits: 4
  lqer_gain_select: False
  lqer_rank: 4
  lqer_scope: all
  lqer_top_k: 3
  matrix_bits: 6
  matrix_clip_sigmas: 12.85
  matrix_lr: 0.026
  max_wallclock_seconds: 600.0
  min_lr: 0.1
  mlp_clip_sigmas: 11.5
  mlp_mult: 4.0
  model_dim: 512
  model_path: final_model.pt
  muon_backend_steps: 5
  muon_momentum: 0.97
  muon_momentum_warmup_start: 0.92
  muon_momentum_warmup_steps: 1500
  muon_row_normalize: True
  muon_wd: 0.095
  num_heads: 8
  num_kv_heads: 4
  num_layers: 11
  num_loops: 2
  parallel_final_lane: mean
  parallel_start_layer: 8
  phased_ttt_num_phases: 3
  phased_ttt_prefix_docs: 2500
  qk_gain_init: 5.25
  quantized_model_path: final_model.int6.ptz
  rank: 0
  rope_base: 10000.0
  rope_dims: 16
  rope_train_seq_len: 2048
  rope_yarn: False
  run_id: 14b83775-d0f9-4e58-abe8-617339b5c0f3
  scalar_lr: 0.02
  seed: 42
  skip_gates_enabled: True
  smear_gate_enabled: True
  sparse_attn_gate_enabled: True
  sparse_attn_gate_init_std: 0.0
  sparse_attn_gate_scale: 0.5
  tie_embeddings: True
  tied_embed_init_std: 0.005
  tied_embed_lr: 0.03
  tokenizer_path: /workspace/tokenizers/fineweb_8192_bpe_lossless_caps_caseops_v1_reserved.model
  train_batch_tokens: 786432
  train_files: /workspace/datasets/fineweb10B_sp8192_lossless_caps_caseops_v1_reserved/fineweb_train_*.bin
  train_log_every: 500
  train_seq_len: 2048
  ttt_batch_size: 64
  ttt_beta1: 0.0
  ttt_beta2: 0.99
  ttt_chunk_size: 48
  ttt_enabled: True
  ttt_eval_batches:
  ttt_eval_seq_len: 2560
  ttt_grad_steps: 1
  ttt_k_lora: True
  ttt_local_lr_mult: 0.75
  ttt_lora_lr: 0.0001
  ttt_lora_rank: 80
  ttt_mask: no_qv
  ttt_mlp_lora: True
  ttt_o_lora: True
  ttt_optimizer: adam
  ttt_q_lora: False
  ttt_v_lora: False
  ttt_weight_decay: 0.5
  val_batch_tokens: 524288
  val_bytes_files: /workspace/datasets/fineweb10B_sp8192_lossless_caps_caseops_v1_reserved/fineweb_val_bytes_*.bin
  val_doc_fraction: 1.0
  val_files: /workspace/datasets/fineweb10B_sp8192_lossless_caps_caseops_v1_reserved/fineweb_val_*.bin
  val_loss_every: 0
  vocab_size: 8192
  warmdown_frac: 0.85
  warmup_steps: 20
  world_size: 8
  xsa_last_n: 11
train_shards: 80
val_tokens: 47851520
model_params:35945673
gptq:reserving 8s, effective=592000ms
warmup_cu_buckets:64,128,192,256 iters_each:3
warmup_step: 1/20
warmup_step: 2/20
warmup_step: 3/20
warmup_step: 4/20
warmup_step: 5/20
warmup_step: 6/20
warmup_step: 10/20
warmup_step: 20/20
loop_warmup:enabled encoder:[0, 1, 2, 3, 4, 5, 3, 4] decoder:[5, 3, 4, 5, 6, 7, 8, 9, 10]
loop_warmup_step: 1/20
loop_warmup_step: 2/20
loop_warmup_step: 3/20
loop_warmup_step: 4/20
loop_warmup_step: 5/20
loop_warmup_step: 6/20
loop_warmup_step: 10/20
loop_warmup_step: 20/20
1/20000 train_loss: 9.0087 train_time: 0.0m tok/s: 16070200
2/20000 train_loss: 12.8302 train_time: 0.0m tok/s: 11250940
3/20000 train_loss: 10.2105 train_time: 0.0m tok/s: 10046136
4/20000 train_loss: 8.6835 train_time: 0.0m tok/s: 9620782
5/20000 train_loss: 7.9441 train_time: 0.0m tok/s: 9362581
500/20000 train_loss: 2.5630 train_time: 0.8m tok/s: 8290425
1000/20000 train_loss: 2.7987 train_time: 1.6m tok/s: 8252048
1500/20000 train_loss: 2.6161 train_time: 2.4m tok/s: 8240966
2000/20000 train_loss: 2.6518 train_time: 3.2m tok/s: 8239389
layer_loop:enabled step:2170 frac:0.350 encoder:[0, 1, 2, 3, 4, 5, 3, 4] decoder:[5, 3, 4, 5, 6, 7, 8, 9, 10]
2500/20000 train_loss: 2.5414 train_time: 4.2m tok/s: 7756852
3000/20000 train_loss: 2.5500 train_time: 5.4m tok/s: 7292567
3500/20000 train_loss: 2.5558 train_time: 6.6m tok/s: 6994256
4000/20000 train_loss: 2.3995 train_time: 7.7m tok/s: 6786418
4500/20000 train_loss: 2.2723 train_time: 8.9m tok/s: 6634478
4919/20000 val_loss: 2.3472 val_bpb: 1.0725
stopping_early: wallclock_cap train_time: 592067ms step: 4919/20000
peak memory allocated: 41709 MiB reserved: 46962 MiB
ema:applying EMA weights
diagnostic pre-quantization post-ema val_loss:2.32178603 val_bpb:1.06087315 eval_time:9533ms
Serialized model: 135418111 bytes
Code size (uncompressed): 171850 bytes
Code size (compressed): 34205 bytes
GPTQ:collecting Hessians from calibration data...
GPTQ:collected 67 Hessians in 4.1s
Quantized weights:
  gate_int8_row: blocks.attn.attn_gate_w
  gptq (int6): blocks.attn.c_k.weight, blocks.attn.c_q.weight, blocks.attn.c_v.weight, blocks.attn.proj.weight, blocks.mlp.fc.weight, blocks.mlp.proj.weight
  gptq (int6)+lqer_asym: blocks.mlp.fc.weight
  gptq (int7)+awqgrpint8+lqer_asym: tok_emb.weight
  passthrough (float16): blocks.attn.q_gain, blocks.attn_scale, blocks.mlp_scale, blocks.resid_mix, parallel_post_lambdas, parallel_resid_lambdas, skip_gates, skip_weights, smear_gate.weight, smear_lambda, softcap_neg, softcap_pos
Serialize: per-group lrzip compression...
Serialize: per-group compression done in 120.9s
Serialized model quantized+pergroup: 15944405 bytes
Total submission size quantized+pergroup: 15978610 bytes
Deserialize: per-group lrzip decompression...
Deserialize: decompression done in 20.9s
diagnostic quantized val_loss:2.34021775 val_bpb:1.06929499 eval_time:97106ms
Deserialize: per-group lrzip decompression...
Deserialize: decompression done in 20.9s
ttt_lora:warming up compile (random tokens, no val data)
ttt_lora:compile warmup done (159.5s)

beginning TTT eval timer
ttt_phased: total_docs:50000 prefix_docs:2500 suffix_docs:47500 num_phases:3 boundaries:[833, 1666, 2500]
ttp: b782/782 bl:2.1380 bb:1.0124 rl:2.1380 rb:1.0124 dl:30339-97114 gd:0
ttpp: phase:1/3 pd:1296 gd:833 t:237.8s
tttg: c1/131 lr:0.001000 t:1.1s
tttg: c2/131 lr:0.001000 t:1.1s
tttg: c3/131 lr:0.000999 t:1.2s
tttg: c4/131 lr:0.000999 t:1.3s
tttg: c5/131 lr:0.000998 t:1.4s
tttg: c6/131 lr:0.000996 t:1.5s
tttg: c7/131 lr:0.000995 t:1.5s
tttg: c8/131 lr:0.000993 t:1.6s
tttg: c9/131 lr:0.000991 t:1.7s
tttg: c10/131 lr:0.000988 t:1.8s
tttg: c11/131 lr:0.000985 t:1.9s
tttg: c12/131 lr:0.000982 t:1.9s
tttg: c13/131 lr:0.000979 t:2.0s
tttg: c14/131 lr:0.000976 t:2.1s
tttg: c15/131 lr:0.000972 t:2.2s
tttg: c16/131 lr:0.000968 t:2.3s
tttg: c17/131 lr:0.000963 t:2.3s
tttg: c18/131 lr:0.000958 t:2.4s
tttg: c19/131 lr:0.000953 t:2.5s
tttg: c20/131 lr:0.000948 t:2.6s
tttg: c21/131 lr:0.000943 t:2.7s
tttg: c22/131 lr:0.000937 t:2.8s
tttg: c23/131 lr:0.000931 t:2.8s
tttg: c24/131 lr:0.000925 t:2.9s
tttg: c25/131 lr:0.000918 t:3.0s
tttg: c26/131 lr:0.000911 t:3.1s
tttg: c27/131 lr:0.000905 t:3.2s
tttg: c28/131 lr:0.000897 t:3.3s
tttg: c29/131 lr:0.000890 t:3.3s
tttg: c30/131 lr:0.000882 t:3.4s
tttg: c31/131 lr:0.000874 t:3.5s
tttg: c32/131 lr:0.000866 t:3.6s
tttg: c33/131 lr:0.000858 t:3.7s
tttg: c34/131 lr:0.000849 t:3.8s
tttg: c35/131 lr:0.000841 t:3.8s
tttg: c36/131 lr:0.000832 t:3.9s
tttg: c37/131 lr:0.000822 t:4.0s
tttg: c38/131 lr:0.000813 t:4.1s
tttg: c39/131 lr:0.000804 t:4.2s
tttg: c40/131 lr:0.000794 t:4.2s
tttg: c41/131 lr:0.000784 t:4.3s
tttg: c42/131 lr:0.000774 t:4.4s
tttg: c43/131 lr:0.000764 t:4.5s
tttg: c44/131 lr:0.000753 t:4.6s
tttg: c45/131 lr:0.000743 t:4.6s
tttg: c46/131 lr:0.000732 t:4.7s
tttg: c47/131 lr:0.000722 t:4.8s
tttg: c48/131 lr:0.000711 t:4.9s
tttg: c49/131 lr:0.000700 t:5.0s
tttg: c50/131 lr:0.000689 t:5.1s
tttg: c51/131 lr:0.000677 t:5.1s
tttg: c52/131 lr:0.000666 t:5.2s
tttg: c53/131 lr:0.000655 t:5.3s
tttg: c54/131 lr:0.000643 t:5.4s
tttg: c55/131 lr:0.000631 t:5.5s
tttg: c56/131 lr:0.000620 t:5.5s
tttg: c57/131 lr:0.000608 t:5.6s
tttg: c58/131 lr:0.000596 t:5.7s
tttg: c59/131 lr:0.000584 t:5.8s
tttg: c60/131 lr:0.000572 t:5.9s
tttg: c61/131 lr:0.000560 t:6.0s
tttg: c62/131 lr:0.000548 t:6.0s
tttg: c63/131 lr:0.000536 t:6.1s
tttg: c64/131 lr:0.000524 t:6.2s
tttg: c65/131 lr:0.000512 t:6.3s
tttg: c66/131 lr:0.000500 t:6.4s
tttg: c67/131 lr:0.000488 t:6.5s
tttg: c68/131 lr:0.000476 t:6.5s
tttg: c69/131 lr:0.000464 t:6.6s
tttg: c70/131 lr:0.000452 t:6.7s
tttg: c71/131 lr:0.000440 t:6.8s
tttg: c72/131 lr:0.000428 t:6.9s
tttg: c73/131 lr:0.000416 t:7.0s
tttg: c74/131 lr:0.000404 t:7.1s
tttg: c75/131 lr:0.000392 t:7.1s
tttg: c76/131 lr:0.000380 t:7.2s
tttg: c77/131 lr:0.000369 t:7.3s
tttg: c78/131 lr:0.000357 t:7.4s
tttg: c79/131 lr:0.000345 t:7.5s
tttg: c80/131 lr:0.000334 t:7.6s
tttg: c81/131 lr:0.000323 t:7.6s
tttg: c82/131 lr:0.000311 t:7.7s
tttg: c83/131 lr:0.000300 t:7.8s
tttg: c84/131 lr:0.000289 t:7.9s
tttg: c85/131 lr:0.000278 t:8.0s
tttg: c86/131 lr:0.000268 t:8.1s
tttg: c87/131 lr:0.000257 t:8.1s
tttg: c88/131 lr:0.000247 t:8.2s
tttg: c89/131 lr:0.000236 t:8.3s
tttg: c90/131 lr:0.000226 t:8.4s
tttg: c91/131 lr:0.000216 t:8.5s
tttg: c92/131 lr:0.000206 t:8.5s
tttg: c93/131 lr:0.000196 t:8.6s
tttg: c94/131 lr:0.000187 t:8.7s
tttg: c95/131 lr:0.000178 t:8.8s
tttg: c96/131 lr:0.000168 t:8.9s
tttg: c97/131 lr:0.000159 t:9.0s
tttg: c98/131 lr:0.000151 t:9.0s
tttg: c99/131 lr:0.000142 t:9.1s
tttg: c100/131 lr:0.000134 t:9.2s
tttg: c101/131 lr:0.000126 t:9.3s
tttg: c102/131 lr:0.000118 t:9.4s
tttg: c103/131 lr:0.000110 t:9.4s
tttg: c104/131 lr:0.000103 t:9.5s
tttg: c105/131 lr:0.000095 t:9.6s
tttg: c106/131 lr:0.000089 t:9.7s
tttg: c107/131 lr:0.000082 t:9.8s
tttg: c108/131 lr:0.000075 t:9.8s
tttg: c109/131 lr:0.000069 t:9.9s
tttg: c110/131 lr:0.000063 t:10.0s
tttg: c111/131 lr:0.000057 t:10.1s
tttg: c112/131 lr:0.000052 t:10.2s
tttg: c113/131 lr:0.000047 t:10.3s
tttg: c114/131 lr:0.000042 t:10.3s
tttg: c115/131 lr:0.000037 t:10.4s
tttg: c116/131 lr:0.000032 t:10.5s
tttg: c117/131 lr:0.000028 t:10.6s
tttg: c118/131 lr:0.000024 t:10.7s
tttg: c119/131 lr:0.000021 t:10.7s
tttg: c120/131 lr:0.000018 t:10.8s
tttg: c121/131 lr:0.000015 t:10.9s
tttg: c122/131 lr:0.000012 t:11.0s
tttg: c123/131 lr:0.000009 t:11.1s
tttg: c124/131 lr:0.000007 t:11.2s
tttg: c125/131 lr:0.000005 t:11.2s
tttg: c126/131 lr:0.000004 t:11.3s
tttg: c127/131 lr:0.000002 t:11.4s
tttg: c128/131 lr:0.000001 t:11.5s
tttg: c129/131 lr:0.000001 t:11.6s
tttg: c130/131 lr:0.000000 t:11.7s
ttpr: phase:1/3 t:250.5s
ttp: b755/782 bl:2.3777 bb:1.0739 rl:2.1902 rb:1.0263 dl:3397-3466 gd:0
ttpp: phase:2/3 pd:2128 gd:1666 t:359.5s
tttg: c1/219 lr:0.001000 t:0.1s
tttg: c2/219 lr:0.001000 t:0.2s
tttg: c3/219 lr:0.001000 t:0.3s
tttg: c4/219 lr:0.001000 t:0.3s
tttg: c5/219 lr:0.000999 t:0.4s
tttg: c6/219 lr:0.000999 t:0.5s
tttg: c7/219 lr:0.000998 t:0.6s
tttg: c8/219 lr:0.000997 t:0.7s
tttg: c9/219 lr:0.000997 t:0.8s
tttg: c10/219 lr:0.000996 t:0.8s
tttg: c11/219 lr:0.000995 t:0.9s
tttg: c12/219 lr:0.000994 t:1.0s
tttg: c13/219 lr:0.000993 t:1.1s
tttg: c14/219 lr:0.000991 t:1.2s
tttg: c15/219 lr:0.000990 t:1.2s
tttg: c16/219 lr:0.000988 t:1.3s
tttg: c17/219 lr:0.000987 t:1.4s
tttg: c18/219 lr:0.000985 t:1.5s
tttg: c19/219 lr:0.000983 t:1.6s
tttg: c20/219 lr:0.000981 t:1.7s
tttg: c21/219 lr:0.000979 t:1.7s
tttg: c22/219 lr:0.000977 t:1.8s
tttg: c23/219 lr:0.000975 t:1.9s
tttg: c24/219 lr:0.000973 t:2.0s
tttg: c25/219 lr:0.000970 t:2.1s
tttg: c26/219 lr:0.000968 t:2.1s
tttg: c27/219 lr:0.000965 t:2.2s
tttg: c28/219 lr:0.000963 t:2.3s
tttg: c29/219 lr:0.000960 t:2.4s
tttg: c30/219 lr:0.000957 t:2.5s
tttg: c31/219 lr:0.000954 t:2.6s
tttg: c32/219 lr:0.000951 t:2.6s
tttg: c33/219 lr:0.000948 t:2.7s
tttg: c34/219 lr:0.000945 t:2.8s
tttg: c35/219 lr:0.000941 t:2.9s
tttg: c36/219 lr:0.000938 t:3.0s
tttg: c37/219 lr:0.000934 t:3.0s
tttg: c38/219 lr:0.000931 t:3.1s
tttg: c39/219 lr:0.000927 t:3.2s
tttg: c40/219 lr:0.000923 t:3.3s
tttg: c41/219 lr:0.000919 t:3.4s
tttg: c42/219 lr:0.000915 t:3.5s
tttg: c43/219 lr:0.000911 t:3.5s
tttg: c44/219 lr:0.000907 t:3.6s
tttg: c45/219 lr:0.000903 t:3.7s
tttg: c46/219 lr:0.000898 t:3.8s
tttg: c47/219 lr:0.000894 t:3.9s
tttg: c48/219 lr:0.000890 t:3.9s
tttg: c49/219 lr:0.000885 t:4.0s
tttg: c50/219 lr:0.000880 t:4.1s
tttg: c51/219 lr:0.000876 t:4.2s
tttg: c52/219 lr:0.000871 t:4.3s
tttg: c53/219 lr:0.000866 t:4.3s
tttg: c54/219 lr:0.000861 t:4.4s
tttg: c55/219 lr:0.000856 t:4.5s
tttg: c56/219 lr:0.000851 t:4.6s
tttg: c57/219 lr:0.000846 t:4.7s
tttg: c58/219 lr:0.000841 t:4.7s
tttg: c59/219 lr:0.000835 t:4.8s
tttg: c60/219 lr:0.000830 t:4.9s
tttg: c61/219 lr:0.000824 t:5.0s
tttg: c62/219 lr:0.000819 t:5.1s
tttg: c63/219 lr:0.000813 t:5.2s
tttg: c64/219 lr:0.000808 t:5.2s
tttg: c65/219 lr:0.000802 t:5.3s
tttg: c66/219 lr:0.000796 t:5.4s
tttg: c67/219 lr:0.000790 t:5.5s
tttg: c68/219 lr:0.000784 t:5.6s
tttg: c69/219 lr:0.000779 t:5.6s
tttg: c70/219 lr:0.000773 t:5.7s
tttg: c71/219 lr:0.000766 t:5.8s
tttg: c72/219 lr:0.000760 t:5.9s
tttg: c73/219 lr:0.000754 t:6.0s
tttg: c74/219 lr:0.000748 t:6.1s
tttg: c75/219 lr:0.000742 t:6.1s
tttg: c76/219 lr:0.000735 t:6.2s
tttg: c77/219 lr:0.000729 t:6.3s
tttg: c78/219 lr:0.000722 t:6.4s
tttg: c79/219 lr:0.000716 t:6.5s
tttg: c80/219 lr:0.000709 t:6.6s
tttg: c81/219 lr:0.000703 t:6.6s
tttg: c82/219 lr:0.000696 t:6.7s
tttg: c83/219 lr:0.000690 t:6.8s
tttg: c84/219 lr:0.000683 t:6.9s
tttg: c85/219 lr:0.000676 t:7.0s
tttg: c86/219 lr:0.000670 t:7.0s
tttg: c87/219 lr:0.000663 t:7.1s
tttg: c88/219 lr:0.000656 t:7.2s
tttg: c89/219 lr:0.000649 t:7.3s
tttg: c90/219 lr:0.000642 t:7.4s
tttg: c91/219 lr:0.000635 t:7.5s
tttg: c92/219 lr:0.000628 t:7.6s
tttg: c93/219 lr:0.000621 t:7.6s
tttg: c94/219 lr:0.000614 t:7.7s
tttg: c95/219 lr:0.000607 t:7.8s
tttg: c96/219 lr:0.000600 t:7.9s
tttg: c97/219 lr:0.000593 t:8.0s
tttg: c98/219 lr:0.000586 t:8.1s
tttg: c99/219 lr:0.000579 t:8.2s
tttg: c100/219 lr:0.000572 t:8.2s
tttg: c101/219 lr:0.000565 t:8.3s
tttg: c102/219 lr:0.000558 t:8.4s
tttg: c103/219 lr:0.000550 t:8.5s
tttg: c104/219 lr:0.000543 t:8.6s
tttg: c105/219 lr:0.000536 t:8.6s
tttg: c106/219 lr:0.000529 t:8.7s
tttg: c107/219 lr:0.000522 t:8.8s
tttg: c108/219 lr:0.000514 t:8.9s
tttg: c109/219 lr:0.000507 t:9.0s
tttg: c110/219 lr:0.000500 t:9.1s
tttg: c111/219 lr:0.000493 t:9.1s
tttg: c112/219 lr:0.000486 t:9.2s
tttg: c113/219 lr:0.000478 t:9.3s
tttg: c114/219 lr:0.000471 t:9.4s
tttg: c115/219 lr:0.000464 t:9.5s
tttg: c116/219 lr:0.000457 t:9.6s
tttg: c117/219 lr:0.000450 t:9.6s
tttg: c118/219 lr:0.000442 t:9.7s
tttg: c119/219 lr:0.000435 t:9.8s
tttg: c120/219 lr:0.000428 t:9.9s
tttg: c121/219 lr:0.000421 t:10.0s
tttg: c122/219 lr:0.000414 t:10.0s
tttg: c123/219 lr:0.000407 t:10.1s
tttg: c124/219 lr:0.000400 t:10.2s
tttg: c125/219 lr:0.000393 t:10.3s
tttg: c126/219 lr:0.000386 t:10.4s
tttg: c127/219 lr:0.000379 t:10.5s
tttg: c128/219 lr:0.000372 t:10.5s
tttg: c129/219 lr:0.000365 t:10.6s
tttg: c130/219 lr:0.000358 t:10.7s
tttg: c131/219 lr:0.000351 t:10.8s
tttg: c132/219 lr:0.000344 t:10.9s
tttg: c133/219 lr:0.000337 t:10.9s
tttg: c134/219 lr:0.000330 t:11.0s
tttg: c135/219 lr:0.000324 t:11.1s
tttg: c136/219 lr:0.000317 t:11.2s
tttg: c137/219 lr:0.000310 t:11.3s
tttg: c138/219 lr:0.000304 t:11.4s
tttg: c139/219 lr:0.000297 t:11.4s
tttg: c140/219 lr:0.000291 t:11.5s
tttg: c141/219 lr:0.000284 t:11.6s
tttg: c142/219 lr:0.000278 t:11.7s
tttg: c143/219 lr:0.000271 t:11.8s
tttg: c144/219 lr:0.000265 t:11.8s
tttg: c145/219 lr:0.000258 t:11.9s
tttg: c146/219 lr:0.000252 t:12.0s
tttg: c147/219 lr:0.000246 t:12.1s
tttg: c148/219 lr:0.000240 t:12.2s
tttg: c149/219 lr:0.000234 t:12.2s
tttg: c150/219 lr:0.000227 t:12.3s
tttg: c151/219 lr:0.000221 t:12.4s
tttg: c152/219 lr:0.000216 t:12.5s
tttg: c153/219 lr:0.000210 t:12.6s
tttg: c154/219 lr:0.000204 t:12.6s
tttg: c155/219 lr:0.000198 t:12.7s
tttg: c156/219 lr:0.000192 t:12.8s
tttg: c157/219 lr:0.000187 t:12.9s
tttg: c158/219 lr:0.000181 t:13.0s
tttg: c159/219 lr:0.000176 t:13.1s
tttg: c160/219 lr:0.000170 t:13.1s
tttg: c161/219 lr:0.000165 t:13.2s
tttg: c162/219 lr:0.000159 t:13.3s
tttg: c163/219 lr:0.000154 t:13.4s
tttg: c164/219 lr:0.000149 t:13.5s
tttg: c165/219 lr:0.000144 t:13.5s
tttg: c166/219 lr:0.000139 t:13.6s
tttg: c167/219 lr:0.000134 t:13.7s
tttg: c168/219 lr:0.000129 t:13.8s
tttg: c169/219 lr:0.000124 t:13.9s
tttg: c170/219 lr:0.000120 t:13.9s
tttg: c171/219 lr:0.000115 t:14.0s
tttg: c172/219 lr:0.000110 t:14.1s
tttg: c173/219 lr:0.000106 t:14.2s
tttg: c174/219 lr:0.000102 t:14.3s
tttg: c175/219 lr:0.000097 t:14.4s
tttg: c176/219 lr:0.000093 t:14.4s
tttg: c177/219 lr:0.000089 t:14.5s
tttg: c178/219 lr:0.000085 t:14.6s
tttg: c179/219 lr:0.000081 t:14.7s
tttg: c180/219 lr:0.000077 t:14.8s
tttg: c181/219 lr:0.000073 t:14.8s
tttg: c182/219 lr:0.000069 t:14.9s
tttg: c183/219 lr:0.000066 t:15.0s
tttg: c184/219 lr:0.000062 t:15.1s
tttg: c185/219 lr:0.000059 t:15.2s
tttg: c186/219 lr:0.000055 t:15.3s
tttg: c187/219 lr:0.000052 t:15.3s
tttg: c188/219 lr:0.000049 t:15.4s
tttg: c189/219 lr:0.000046 t:15.5s
tttg: c190/219 lr:0.000043 t:15.6s
tttg: c191/219 lr:0.000040 t:15.7s
tttg: c192/219 lr:0.000037 t:15.7s
tttg: c193/219 lr:0.000035 t:15.8s
tttg: c194/219 lr:0.000032 t:15.9s
tttg: c195/219 lr:0.000030 t:16.0s
tttg: c196/219 lr:0.000027 t:16.1s
tttg: c197/219 lr:0.000025 t:16.2s
tttg: c198/219 lr:0.000023 t:16.2s
tttg: c199/219 lr:0.000021 t:16.3s
tttg: c200/219 lr:0.000019 t:16.4s
tttg: c201/219 lr:0.000017 t:16.5s
tttg: c202/219 lr:0.000015 t:16.6s
tttg: c203/219 lr:0.000013 t:16.6s
tttg: c204/219 lr:0.000012 t:16.7s
tttg: c205/219 lr:0.000010 t:16.8s
tttg: c206/219 lr:0.000009 t:16.9s
tttg: c207/219 lr:0.000007 t:17.0s
tttg: c208/219 lr:0.000006 t:17.1s
tttg: c209/219 lr:0.000005 t:17.1s
tttg: c210/219 lr:0.000004 t:17.2s
tttg: c211/219 lr:0.000003 t:17.3s
tttg: c212/219 lr:0.000003 t:17.4s
tttg: c213/219 lr:0.000002 t:17.5s
tttg: c214/219 lr:0.000001 t:17.5s
tttg: c215/219 lr:0.000001 t:17.6s
tttg: c216/219 lr:0.000000 t:17.7s
tttg: c217/219 lr:0.000000 t:17.8s
tttg: c218/219 lr:0.000000 t:17.9s
ttpr: phase:2/3 t:378.4s
ttp: b744/782 bl:2.3992 bb:1.0794 rl:2.2220 rb:1.0347 dl:2806-2842 gd:0
ttp: b736/782 bl:2.2407 bb:1.0557 rl:2.2243 rb:1.0372 dl:2526-2550 gd:0
ttpp: phase:3/3 pd:2960 gd:2500 t:393.6s
tttg: c1/289 lr:0.001000 t:0.1s
tttg: c2/289 lr:0.001000 t:0.2s
tttg: c3/289 lr:0.001000 t:0.2s
tttg: c4/289 lr:0.001000 t:0.3s
tttg: c5/289 lr:0.001000 t:0.4s
tttg: c6/289 lr:0.000999 t:0.5s
tttg: c7/289 lr:0.000999 t:0.6s
tttg: c8/289 lr:0.000999 t:0.6s
tttg: c9/289 lr:0.000998 t:0.7s
tttg: c10/289 lr:0.000998 t:0.8s
tttg: c11/289 lr:0.000997 t:0.9s
tttg: c12/289 lr:0.000996 t:1.0s
tttg: c13/289 lr:0.000996 t:1.0s
tttg: c14/289 lr:0.000995 t:1.1s
tttg: c15/289 lr:0.000994 t:1.2s
tttg: c16/289 lr:0.000993 t:1.3s
tttg: c17/289 lr:0.000992 t:1.4s
tttg: c18/289 lr:0.000991 t:1.4s
tttg: c19/289 lr:0.000990 t:1.5s
tttg: c20/289 lr:0.000989 t:1.6s
tttg: c21/289 lr:0.000988 t:1.7s
tttg: c22/289 lr:0.000987 t:1.8s
tttg: c23/289 lr:0.000986 t:1.9s
tttg: c24/289 lr:0.000984 t:1.9s
tttg: c25/289 lr:0.000983 t:2.0s
tttg: c26/289 lr:0.000982 t:2.1s
tttg: c27/289 lr:0.000980 t:2.2s
tttg: c28/289 lr:0.000978 t:2.3s
tttg: c29/289 lr:0.000977 t:2.3s
tttg: c30/289 lr:0.000975 t:2.4s
tttg: c31/289 lr:0.000973 t:2.5s
tttg: c32/289 lr:0.000972 t:2.6s
tttg: c33/289 lr:0.000970 t:2.7s
tttg: c34/289 lr:0.000968 t:2.8s
tttg: c35/289 lr:0.000966 t:2.8s
tttg: c36/289 lr:0.000964 t:2.9s
tttg: c37/289 lr:0.000962 t:3.0s
tttg: c38/289 lr:0.000960 t:3.1s
tttg: c39/289 lr:0.000958 t:3.2s
tttg: c40/289 lr:0.000955 t:3.2s
tttg: c41/289 lr:0.000953 t:3.3s
tttg: c42/289 lr:0.000951 t:3.4s
tttg: c43/289 lr:0.000948 t:3.5s
tttg: c44/289 lr:0.000946 t:3.6s
tttg: c45/289 lr:0.000944 t:3.7s
tttg: c46/289 lr:0.000941 t:3.7s
tttg: c47/289 lr:0.000938 t:3.8s
tttg: c48/289 lr:0.000936 t:3.9s
tttg: c49/289 lr:0.000933 t:4.0s
tttg: c50/289 lr:0.000930 t:4.1s
tttg: c51/289 lr:0.000927 t:4.1s
tttg: c52/289 lr:0.000925 t:4.2s
tttg: c53/289 lr:0.000922 t:4.3s
tttg: c54/289 lr:0.000919 t:4.4s
tttg: c55/289 lr:0.000916 t:4.5s
tttg: c56/289 lr:0.000913 t:4.6s
tttg: c57/289 lr:0.000910 t:4.6s
tttg: c58/289 lr:0.000906 t:4.7s
tttg: c59/289 lr:0.000903 t:4.8s
tttg: c60/289 lr:0.000900 t:4.9s
tttg: c61/289 lr:0.000897 t:5.0s
tttg: c62/289 lr:0.000893 t:5.1s
tttg: c63/289 lr:0.000890 t:5.1s
tttg: c64/289 lr:0.000887 t:5.2s
tttg: c65/289 lr:0.000883 t:5.3s
tttg: c66/289 lr:0.000879 t:5.4s
tttg: c67/289 lr:0.000876 t:5.5s
tttg: c68/289 lr:0.000872 t:5.6s
tttg: c69/289 lr:0.000869 t:5.6s
tttg: c70/289 lr:0.000865 t:5.7s
tttg: c71/289 lr:0.000861 t:5.8s
tttg: c72/289 lr:0.000857 t:5.9s
tttg: c73/289 lr:0.000854 t:6.0s
tttg: c74/289 lr:0.000850 t:6.0s
tttg: c75/289 lr:0.000846 t:6.1s
tttg: c76/289 lr:0.000842 t:6.2s
tttg: c77/289 lr:0.000838 t:6.3s
tttg: c78/289 lr:0.000834 t:6.4s
tttg: c79/289 lr:0.000830 t:6.4s
tttg: c80/289 lr:0.000826 t:6.5s
tttg: c81/289 lr:0.000821 t:6.6s
tttg: c82/289 lr:0.000817 t:6.7s
tttg: c83/289 lr:0.000813 t:6.8s
tttg: c84/289 lr:0.000809 t:6.9s
tttg: c85/289 lr:0.000804 t:6.9s
tttg: c86/289 lr:0.000800 t:7.0s
tttg: c87/289 lr:0.000796 t:7.1s
tttg: c88/289 lr:0.000791 t:7.2s
tttg: c89/289 lr:0.000787 t:7.3s
tttg: c90/289 lr:0.000782 t:7.4s
tttg: c91/289 lr:0.000778 t:7.4s
tttg: c92/289 lr:0.000773 t:7.5s
tttg: c93/289 lr:0.000769 t:7.6s
tttg: c94/289 lr:0.000764 t:7.7s
tttg: c95/289 lr:0.000759 t:7.8s
tttg: c96/289 lr:0.000755 t:7.8s
tttg: c97/289 lr:0.000750 t:7.9s
tttg: c98/289 lr:0.000745 t:8.0s
tttg: c99/289 lr:0.000740 t:8.1s
tttg: c100/289 lr:0.000736 t:8.2s
tttg: c101/289 lr:0.000731 t:8.3s
tttg: c102/289 lr:0.000726 t:8.3s
tttg: c103/289 lr:0.000721 t:8.4s
tttg: c104/289 lr:0.000716 t:8.5s
tttg: c105/289 lr:0.000711 t:8.6s
tttg: c106/289 lr:0.000706 t:8.7s
tttg: c107/289 lr:0.000701 t:8.7s
tttg: c108/289 lr:0.000696 t:8.8s
tttg: c109/289 lr:0.000691 t:8.9s
tttg: c110/289 lr:0.000686 t:9.0s
tttg: c111/289 lr:0.000681 t:9.1s
tttg: c112/289 lr:0.000676 t:9.1s
tttg: c113/289 lr:0.000671 t:9.2s
tttg: c114/289 lr:0.000666 t:9.3s
tttg: c115/289 lr:0.000661 t:9.4s
tttg: c116/289 lr:0.000656 t:9.5s
tttg: c117/289 lr:0.000650 t:9.5s
tttg: c118/289 lr:0.000645 t:9.6s
tttg: c119/289 lr:0.000640 t:9.7s
tttg: c120/289 lr:0.000635 t:9.8s
tttg: c121/289 lr:0.000629 t:9.9s
tttg: c122/289 lr:0.000624 t:10.0s
tttg: c123/289 lr:0.000619 t:10.0s
tttg: c124/289 lr:0.000614 t:10.1s
tttg: c125/289 lr:0.000608 t:10.2s
tttg: c126/289 lr:0.000603 t:10.3s
tttg: c127/289 lr:0.000598 t:10.4s
tttg: c128/289 lr:0.000592 t:10.4s
tttg: c129/289 lr:0.000587 t:10.5s
tttg: c130/289 lr:0.000581 t:10.6s
tttg: c131/289 lr:0.000576 t:10.7s
tttg: c132/289 lr:0.000571 t:10.8s
tttg: c133/289 lr:0.000565 t:10.8s
tttg: c134/289 lr:0.000560 t:10.9s
tttg: c135/289 lr:0.000554 t:11.0s
tttg: c136/289 lr:0.000549 t:11.1s
tttg: c137/289 lr:0.000544 t:11.2s
tttg: c138/289 lr:0.000538 t:11.3s
tttg: c139/289 lr:0.000533 t:11.3s
tttg: c140/289 lr:0.000527 t:11.4s
tttg: c141/289 lr:0.000522 t:11.5s
tttg: c142/289 lr:0.000516 t:11.6s
tttg: c143/289 lr:0.000511 t:11.7s
tttg: c144/289 lr:0.000505 t:11.7s
tttg: c145/289 lr:0.000500 t:11.8s
tttg: c146/289 lr:0.000495 t:11.9s
tttg: c147/289 lr:0.000489 t:12.0s
tttg: c148/289 lr:0.000484 t:12.1s
tttg: c149/289 lr:0.000478 t:12.2s
tttg: c150/289 lr:0.000473 t:12.2s
tttg: c151/289 lr:0.000467 t:12.3s
tttg: c152/289 lr:0.000462 t:12.4s
tttg: c153/289 lr:0.000456 t:12.5s
tttg: c154/289 lr:0.000451 t:12.6s
tttg: c155/289 lr:0.000446 t:12.6s
tttg: c156/289 lr:0.000440 t:12.7s
tttg: c157/289 lr:0.000435 t:12.8s
tttg: c158/289 lr:0.000429 t:12.9s
tttg: c159/289 lr:0.000424 t:13.0s
tttg: c160/289 lr:0.000419 t:13.1s
tttg: c161/289 lr:0.000413 t:13.1s
tttg: c162/289 lr:0.000408 t:13.2s
tttg: c163/289 lr:0.000402 t:13.3s
tttg: c164/289 lr:0.000397 t:13.4s
tttg: c165/289 lr:0.000392 t:13.5s
tttg: c166/289 lr:0.000386 t:13.5s
tttg: c167/289 lr:0.000381 t:13.6s
tttg: c168/289 lr:0.000376 t:13.7s
tttg: c169/289 lr:0.000371 t:13.8s
tttg: c170/289 lr:0.000365 t:13.9s
tttg: c171/289 lr:0.000360 t:14.0s
tttg: c172/289 lr:0.000355 t:14.1s
tttg: c173/289 lr:0.000350 t:14.1s
tttg: c174/289 lr:0.000344 t:14.2s
tttg: c175/289 lr:0.000339 t:14.3s
tttg: c176/289 lr:0.000334 t:14.4s
tttg: c177/289 lr:0.000329 t:14.5s
tttg: c178/289 lr:0.000324 t:14.5s
tttg: c179/289 lr:0.000319 t:14.6s
tttg: c180/289 lr:0.000314 t:14.7s
tttg: c181/289 lr:0.000309 t:14.8s
tttg: c182/289 lr:0.000304 t:14.9s
tttg: c183/289 lr:0.000299 t:14.9s
tttg: c184/289 lr:0.000294 t:15.0s
tttg: c185/289 lr:0.000289 t:15.1s
tttg: c186/289 lr:0.000284 t:15.2s
tttg: c187/289 lr:0.000279 t:15.3s
tttg: c188/289 lr:0.000274 t:15.4s
tttg: c189/289 lr:0.000269 t:15.5s
tttg: c190/289 lr:0.000264 t:15.6s
tttg: c191/289 lr:0.000260 t:15.7s
tttg: c192/289 lr:0.000255 t:15.7s
tttg: c193/289 lr:0.000250 t:15.8s
tttg: c194/289 lr:0.000245 t:15.9s
tttg: c195/289 lr:0.000241 t:16.0s
tttg: c196/289 lr:0.000236 t:16.1s
tttg: c197/289 lr:0.000231 t:16.1s
tttg: c198/289 lr:0.000227 t:16.2s
tttg: c199/289 lr:0.000222 t:16.3s
tttg: c200/289 lr:0.000218 t:16.4s
tttg: c201/289 lr:0.000213 t:16.5s
tttg: c202/289 lr:0.000209 t:16.5s
tttg: c203/289 lr:0.000204 t:16.6s
tttg: c204/289 lr:0.000200 t:16.7s
tttg: c205/289 lr:0.000196 t:16.8s
tttg: c206/289 lr:0.000191 t:16.9s
tttg: c207/289 lr:0.000187 t:17.0s
tttg: c208/289 lr:0.000183 t:17.0s
tttg: c209/289 lr:0.000179 t:17.1s
tttg: c210/289 lr:0.000174 t:17.2s
tttg: c211/289 lr:0.000170 t:17.3s
tttg: c212/289 lr:0.000166 t:17.4s
tttg: c213/289 lr:0.000162 t:17.4s
tttg: c214/289 lr:0.000158 t:17.5s
tttg: c215/289 lr:0.000154 t:17.6s
tttg: c216/289 lr:0.000150 t:17.7s
tttg: c217/289 lr:0.000146 t:17.8s
tttg: c218/289 lr:0.000143 t:17.8s
tttg: c219/289 lr:0.000139 t:17.9s
tttg: c220/289 lr:0.000135 t:18.0s
tttg: c221/289 lr:0.000131 t:18.1s
tttg: c222/289 lr:0.000128 t:18.2s
tttg: c223/289 lr:0.000124 t:18.3s
tttg: c224/289 lr:0.000121 t:18.3s
tttg: c225/289 lr:0.000117 t:18.4s
tttg: c226/289 lr:0.000113 t:18.5s
tttg: c227/289 lr:0.000110 t:18.6s
tttg: c228/289 lr:0.000107 t:18.7s
tttg: c229/289 lr:0.000103 t:18.8s
tttg: c230/289 lr:0.000100 t:18.8s
tttg: c231/289 lr:0.000097 t:18.9s
tttg: c232/289 lr:0.000094 t:19.0s
tttg: c233/289 lr:0.000090 t:19.1s
tttg: c234/289 lr:0.000087 t:19.2s
tttg: c235/289 lr:0.000084 t:19.2s
tttg: c236/289 lr:0.000081 t:19.3s
tttg: c237/289 lr:0.000078 t:19.4s
tttg: c238/289 lr:0.000075 t:19.5s
tttg: c239/289 lr:0.000073 t:19.6s
tttg: c240/289 lr:0.000070 t:19.7s
tttg: c241/289 lr:0.000067 t:19.7s
tttg: c242/289 lr:0.000064 t:19.8s
tttg: c243/289 lr:0.000062 t:19.9s
tttg: c244/289 lr:0.000059 t:20.0s
tttg: c245/289 lr:0.000056 t:20.1s
tttg: c246/289 lr:0.000054 t:20.1s
tttg: c247/289 lr:0.000052 t:20.2s
tttg: c248/289 lr:0.000049 t:20.3s
tttg: c249/289 lr:0.000047 t:20.4s
tttg: c250/289 lr:0.000045 t:20.5s
tttg: c251/289 lr:0.000042 t:20.5s
tttg: c252/289 lr:0.000040 t:20.6s
tttg: c253/289 lr:0.000038 t:20.7s
tttg: c254/289 lr:0.000036 t:20.8s
tttg: c255/289 lr:0.000034 t:20.9s
tttg: c256/289 lr:0.000032 t:21.0s
tttg: c257/289 lr:0.000030 t:21.0s
tttg: c258/289 lr:0.000028 t:21.1s
tttg: c259/289 lr:0.000027 t:21.2s
tttg: c260/289 lr:0.000025 t:21.3s
tttg: c261/289 lr:0.000023 t:21.4s
tttg: c262/289 lr:0.000022 t:21.4s
tttg: c263/289 lr:0.000020 t:21.5s
tttg: c264/289 lr:0.000018 t:21.6s
tttg: c265/289 lr:0.000017 t:21.7s
tttg: c266/289 lr:0.000016 t:21.8s
tttg: c267/289 lr:0.000014 t:21.9s
tttg: c268/289 lr:0.000013 t:21.9s
tttg: c269/289 lr:0.000012 t:22.0s
tttg: c270/289 lr:0.000011 t:22.1s
tttg: c271/289 lr:0.000010 t:22.2s
tttg: c272/289 lr:0.000009 t:22.3s
tttg: c273/289 lr:0.000008 t:22.4s
tttg: c274/289 lr:0.000007 t:22.4s
tttg: c275/289 lr:0.000006 t:22.5s
tttg: c276/289 lr:0.000005 t:22.6s
tttg: c277/289 lr:0.000004 t:22.7s
tttg: c278/289 lr:0.000004 t:22.8s
tttg: c279/289 lr:0.000003 t:22.8s
tttg: c280/289 lr:0.000002 t:22.9s
tttg: c281/289 lr:0.000002 t:23.0s
tttg: c282/289 lr:0.000001 t:23.1s
tttg: c283/289 lr:0.000001 t:23.2s
tttg: c284/289 lr:0.000001 t:23.2s
tttg: c285/289 lr:0.000000 t:23.3s
tttg: c286/289 lr:0.000000 t:23.4s
tttg: c287/289 lr:0.000000 t:23.5s
tttg: c288/289 lr:0.000000 t:23.6s
ttpr: phase:3/3 t:418.2s
ttp: b732/782 bl:2.3654 bb:1.0893 rl:2.2388 rb:1.0426 dl:2416-2441 gd:1
ttp: b720/782 bl:2.3544 bb:1.0649 rl:2.2484 rb:1.0445 dl:2125-2144 gd:1
ttp: b712/782 bl:2.3325 bb:1.0579 rl:2.2545 rb:1.0455 dl:1984-2002 gd:1
ttp: b704/782 bl:2.2827 bb:1.0371 rl:2.2563 rb:1.0450 dl:1872-1885 gd:1
ttp: b696/782 bl:2.3069 bb:1.0506 rl:2.2592 rb:1.0453 dl:1779-1790 gd:1
ttp: b688/782 bl:2.3985 bb:1.0738 rl:2.2663 rb:1.0468 dl:1696-1706 gd:1
ttp: b680/782 bl:2.2768 bb:1.0253 rl:2.2668 rb:1.0458 dl:1618-1628 gd:1
ttp: b672/782 bl:2.3241 bb:1.0458 rl:2.2693 rb:1.0458 dl:1553-1562 gd:1
ttp: b664/782 bl:2.3377 bb:1.0259 rl:2.2720 rb:1.0449 dl:1493-1499 gd:1
ttp: b656/782 bl:2.3236 bb:1.1085 rl:2.2739 rb:1.0472 dl:1439-1445 gd:1
ttp: b648/782 bl:2.2839 bb:1.0078 rl:2.2743 rb:1.0458 dl:1387-1392 gd:1
ttp: b640/782 bl:2.3023 bb:1.0488 rl:2.2752 rb:1.0459 dl:1337-1343 gd:1
ttp: b632/782 bl:2.3474 bb:1.0328 rl:2.2773 rb:1.0455 dl:1290-1297 gd:1
ttp: b624/782 bl:2.3564 bb:1.0667 rl:2.2795 rb:1.0461 dl:1249-1255 gd:1
ttp: b616/782 bl:2.3959 bb:1.0393 rl:2.2826 rb:1.0459 dl:1205-1211 gd:1
ttp: b609/782 bl:2.2682 bb:1.0162 rl:2.2823 rb:1.0451 dl:1172-1177 gd:1
ttp: b602/782 bl:2.3760 bb:1.0480 rl:2.2845 rb:1.0452 dl:1141-1146 gd:1
ttp: b594/782 bl:2.3363 bb:1.0666 rl:2.2857 rb:1.0457 dl:1107-1110 gd:1
ttp: b585/782 bl:2.2801 bb:1.0341 rl:2.2856 rb:1.0454 dl:1069-1073 gd:1
ttp: b578/782 bl:2.3490 bb:1.0312 rl:2.2868 rb:1.0451 dl:1041-1044 gd:1
ttp: b571/782 bl:2.2994 bb:1.0059 rl:2.2871 rb:1.0443 dl:1014-1017 gd:1
ttp: b560/782 bl:2.2634 bb:1.0072 rl:2.2867 rb:1.0436 dl:975-979 gd:1
ttp: b551/782 bl:2.3339 bb:1.0548 rl:2.2875 rb:1.0438 dl:946-949 gd:1
ttp: b542/782 bl:2.3186 bb:1.0354 rl:2.2880 rb:1.0437 dl:918-921 gd:1
ttp: b534/782 bl:2.3197 bb:1.0390 rl:2.2885 rb:1.0436 dl:893-896 gd:1
ttp: b526/782 bl:2.3201 bb:1.0226 rl:2.2890 rb:1.0433 dl:869-872 gd:1
ttp: b518/782 bl:2.2370 bb:1.0069 rl:2.2882 rb:1.0427 dl:846-850 gd:1
ttp: b510/782 bl:2.3765 bb:1.0706 rl:2.2895 rb:1.0431 dl:823-826 gd:1
ttp: b502/782 bl:2.3172 bb:1.0268 rl:2.2898 rb:1.0429 dl:802-804 gd:1
ttp: b494/782 bl:2.3211 bb:1.0579 rl:2.2903 rb:1.0431 dl:780-783 gd:1
ttp: b486/782 bl:2.4049 bb:1.0805 rl:2.2917 rb:1.0436 dl:761-764 gd:1
ttp: b478/782 bl:2.3297 bb:1.0728 rl:2.2921 rb:1.0439 dl:742-744 gd:1
ttp: b470/782 bl:2.3489 bb:1.0571 rl:2.2928 rb:1.0441 dl:724-726 gd:1
ttp: b462/782 bl:2.3264 bb:1.0326 rl:2.2932 rb:1.0440 dl:706-708 gd:1
ttp: b455/782 bl:2.2997 bb:1.0364 rl:2.2933 rb:1.0439 dl:691-693 gd:1
ttp: b448/782 bl:2.3053 bb:1.0050 rl:2.2934 rb:1.0434 dl:677-678 gd:1
ttp: b441/782 bl:2.3400 bb:1.0434 rl:2.2939 rb:1.0434 dl:662-664 gd:1
ttp: b434/782 bl:2.3637 bb:1.0494 rl:2.2945 rb:1.0435 dl:647-648 gd:1
ttp: b426/782 bl:2.2507 bb:1.0415 rl:2.2941 rb:1.0435 dl:632-634 gd:1
ttp: b418/782 bl:2.2779 bb:1.0343 rl:2.2940 rb:1.0434 dl:617-618 gd:1
ttp: b410/782 bl:2.3181 bb:1.0178 rl:2.2942 rb:1.0432 dl:601-603 gd:1
ttp: b402/782 bl:2.2392 bb:0.9965 rl:2.2937 rb:1.0428 dl:586-588 gd:1
ttp: b394/782 bl:2.2455 bb:0.9886 rl:2.2933 rb:1.0423 dl:571-573 gd:1
ttp: b386/782 bl:2.3401 bb:1.0990 rl:2.2937 rb:1.0427 dl:557-559 gd:1
ttp: b378/782 bl:2.4259 bb:1.0526 rl:2.2947 rb:1.0428 dl:544-545 gd:1
ttp: b370/782 bl:2.3655 bb:1.0829 rl:2.2953 rb:1.0431 dl:530-532 gd:1
ttp: b362/782 bl:2.3539 bb:1.0758 rl:2.2957 rb:1.0433 dl:517-518 gd:1
ttp: b354/782 bl:2.3107 bb:1.0690 rl:2.2958 rb:1.0435 dl:503-504 gd:1
ttp: b346/782 bl:2.3704 bb:1.0702 rl:2.2963 rb:1.0437 dl:491-492 gd:1
ttp: b338/782 bl:2.3601 bb:1.0992 rl:2.2967 rb:1.0441 dl:478-480 gd:1
ttp: b329/782 bl:2.2878 bb:1.0840 rl:2.2967 rb:1.0443 dl:465-466 gd:1
ttp: b321/782 bl:2.3503 bb:1.0730 rl:2.2970 rb:1.0445 dl:453-455 gd:1
ttp: b313/782 bl:2.2810 bb:1.0748 rl:2.2969 rb:1.0447 dl:440-442 gd:1
ttp: b305/782 bl:2.3338 bb:1.0848 rl:2.2971 rb:1.0449 dl:429-430 gd:1
ttp: b297/782 bl:2.3979 bb:1.0834 rl:2.2977 rb:1.0451 dl:417-418 gd:1
ttp: b289/782 bl:2.3189 bb:1.0785 rl:2.2978 rb:1.0453 dl:405-406 gd:1
ttp: b281/782 bl:2.2942 bb:1.0876 rl:2.2978 rb:1.0455 dl:394-395 gd:1
ttp: b273/782 bl:2.3287 bb:1.0734 rl:2.2979 rb:1.0456 dl:383-384 gd:1
ttp: b266/782 bl:2.3722 bb:1.1037 rl:2.2983 rb:1.0459 dl:374-375 gd:1
ttp: b258/782 bl:2.4421 bb:1.0958 rl:2.2990 rb:1.0462 dl:364-365 gd:1
ttp: b249/782 bl:2.4400 bb:1.0990 rl:2.2996 rb:1.0464 dl:352-354 gd:1
ttp: b240/782 bl:2.2998 bb:1.0556 rl:2.2996 rb:1.0464 dl:341-342 gd:1
ttp: b232/782 bl:2.2915 bb:1.0801 rl:2.2996 rb:1.0466 dl:331-333 gd:1
ttp: b224/782 bl:2.3812 bb:1.0911 rl:2.2999 rb:1.0468 dl:322-323 gd:1
ttp: b216/782 bl:2.4638 bb:1.1426 rl:2.3006 rb:1.0471 dl:313-314 gd:1
ttp: b208/782 bl:2.3886 bb:1.1307 rl:2.3009 rb:1.0475 dl:304-305 gd:1
ttp: b200/782 bl:2.3604 bb:1.0913 rl:2.3012 rb:1.0476 dl:296-297 gd:1
ttp: b192/782 bl:2.3724 bb:1.1522 rl:2.3014 rb:1.0480 dl:286-288 gd:1
ttp: b182/782 bl:2.3485 bb:1.1166 rl:2.3016 rb:1.0482 dl:276-277 gd:1
ttp: b174/782 bl:2.4427 bb:1.1521 rl:2.3021 rb:1.0485 dl:268-269 gd:1
ttp: b166/782 bl:2.4643 bb:1.1015 rl:2.3026 rb:1.0487 dl:260-262 gd:1
ttp: b158/782 bl:2.3416 bb:1.1071 rl:2.3027 rb:1.0489 dl:253-254 gd:1
ttp: b150/782 bl:2.3229 bb:1.1029 rl:2.3028 rb:1.0490 dl:245-246 gd:1
ttp: b142/782 bl:2.3847 bb:1.1100 rl:2.3030 rb:1.0492 dl:237-238 gd:1
ttp: b134/782 bl:2.4200 bb:1.1348 rl:2.3033 rb:1.0495 dl:230-231 gd:1
ttp: b126/782 bl:2.3938 bb:1.1404 rl:2.3036 rb:1.0497 dl:222-223 gd:1
ttp: b118/782 bl:2.4573 bb:1.1217 rl:2.3040 rb:1.0499 dl:215-216 gd:1
ttp: b109/782 bl:2.4970 bb:1.1900 rl:2.3045 rb:1.0502 dl:207-208 gd:1
ttp: b103/782 bl:2.4517 bb:1.1801 rl:2.3048 rb:1.0505 dl:202-202 gd:1
ttp: b94/782 bl:2.5663 bb:1.2127 rl:2.3055 rb:1.0509 dl:193-194 gd:1
ttp: b85/782 bl:2.5058 bb:1.2001 rl:2.3059 rb:1.0512 dl:185-186 gd:1
ttp: b76/782 bl:2.4958 bb:1.1722 rl:2.3063 rb:1.0515 dl:177-178 gd:1
ttp: b68/782 bl:2.4989 bb:1.1663 rl:2.3067 rb:1.0517 dl:170-171 gd:1
ttp: b60/782 bl:2.4732 bb:1.1887 rl:2.3070 rb:1.0520 dl:163-164 gd:1
ttp: b52/782 bl:2.6655 bb:1.2442 rl:2.3077 rb:1.0523 dl:155-156 gd:1
ttp: b44/782 bl:2.5529 bb:1.1913 rl:2.3082 rb:1.0526 dl:147-148 gd:1
ttp: b32/782 bl:2.6169 bb:1.2201 rl:2.3087 rb:1.0528 dl:135-136 gd:1
ttp: b23/782 bl:2.5940 bb:1.2183 rl:2.3091 rb:1.0531 dl:126-127 gd:1
ttp: b15/782 bl:2.6529 bb:1.2320 rl:2.3096 rb:1.0533 dl:115-117 gd:1
ttp: b7/782 bl:2.7491 bb:1.2372 rl:2.3101 rb:1.0535 dl:101-103 gd:1
quantized_ttt_phased val_loss:2.31742136 val_bpb:1.05897113 eval_time:507953ms
total_eval_time:508.0s