W0330 06:20:39.538000 757523 torch/distributed/run.py:851] 
W0330 06:20:39.538000 757523 torch/distributed/run.py:851] *****************************************
W0330 06:20:39.538000 757523 torch/distributed/run.py:851] Setting OMP_NUM_THREADS environment variable for each process to be 1 in default, to avoid your system being overloaded, please further tune the variable for optimal performance in your application as needed. 
W0330 06:20:39.538000 757523 torch/distributed/run.py:851] *****************************************
logs/4afda95e-056a-4a15-b5a2-24289734b08f.txt
val_bpb:enabled tokenizer_kind=sentencepiece tokenizer_path=/home/alejandro/parameter-golf/data/tokenizers/fineweb_1024_bpe.model
train_loader:dataset:fineweb10B_sp1024 train_shards:80
val_loader:shards pattern=/home/alejandro/parameter-golf/data/datasets/fineweb10B_sp1024/fineweb_val_*.bin tokens:62021632
model_params:27605108
mtp_num_heads:0 mtp_loss_weight:0.2 mtp_params:0
XSA:last_7 active_layers:[4, 5, 6, 7, 8, 9, 10]
world_size:8 grad_accum_steps:1
sdp_backends:cudnn=False flash=True mem_efficient=False math=False
attention_mode:gqa num_heads:8 num_kv_heads:4
tie_embeddings:True embed_lr:0.022 head_lr:0.0 matrix_lr:0.036 matrix_lr_late:0.044 scalar_lr:0.028 scalar_lr_late:0.018 leaky_slope:0.5
train_batch_tokens:548864 train_seq_len:2048 iterations:20000 warmup_steps:20 max_wallclock_seconds:600.000
seed:7
gptq:reserving 14000ms from training budget, effective=586000ms
warmup_step:1/20
warmup_step:2/20
warmup_step:3/20
warmup_step:4/20
warmup_step:5/20
warmup_step:6/20
warmup_step:7/20
warmup_step:8/20
warmup_step:9/20
warmup_step:10/20
warmup_step:11/20
warmup_step:12/20
warmup_step:13/20
warmup_step:14/20
warmup_step:15/20
warmup_step:16/20
warmup_step:17/20
warmup_step:18/20
warmup_step:19/20
warmup_step:20/20
step:0/20000 val_loss:6.9302 val_bpb:4.1044 train_time:0ms step_avg:0.01ms
step:1/20000 train_loss:6.9260 train_time:113ms step_avg:113.32ms
step:2/20000 train_loss:6.7563 train_time:154ms step_avg:77.04ms
step:3/20000 train_loss:6.5238 train_time:217ms step_avg:72.22ms
step:4/20000 train_loss:6.5310 train_time:280ms step_avg:69.96ms
step:5/20000 train_loss:6.6780 train_time:343ms step_avg:68.52ms
step:6/20000 train_loss:6.5025 train_time:405ms step_avg:67.46ms
step:7/20000 train_loss:6.2128 train_time:467ms step_avg:66.74ms
step:8/20000 train_loss:5.9692 train_time:530ms step_avg:66.23ms
step:9/20000 train_loss:5.7548 train_time:592ms step_avg:65.76ms
step:10/20000 train_loss:5.4801 train_time:654ms step_avg:65.41ms
step:500/20000 train_loss:2.3810 train_time:31457ms step_avg:62.91ms
step:1000/20000 train_loss:2.3321 train_time:63002ms step_avg:63.00ms
step:1500/20000 train_loss:2.0843 train_time:94633ms step_avg:63.09ms
step:2000/20000 train_loss:2.0441 train_time:126350ms step_avg:63.17ms
step:2500/20000 train_loss:1.9878 train_time:158117ms step_avg:63.25ms
step:3000/20000 train_loss:1.9956 train_time:189870ms step_avg:63.29ms
step:3500/20000 train_loss:1.9664 train_time:221617ms step_avg:63.32ms
step:4000/20000 train_loss:1.9176 train_time:253372ms step_avg:63.34ms
step:4000/20000 val_loss:2.0989 val_bpb:1.2431 train_time:253396ms step_avg:63.35ms
step:4500/20000 train_loss:1.9707 train_time:285136ms step_avg:63.36ms
step:5000/20000 train_loss:1.9453 train_time:316890ms step_avg:63.38ms
step:5500/20000 train_loss:1.9700 train_time:348639ms step_avg:63.39ms
step:6000/20000 train_loss:1.9157 train_time:380379ms step_avg:63.40ms
step:6500/20000 train_loss:1.9871 train_time:412122ms step_avg:63.40ms
step:7000/20000 train_loss:1.9564 train_time:443858ms step_avg:63.41ms
step:7500/20000 train_loss:1.9635 train_time:475607ms step_avg:63.41ms
step:8000/20000 train_loss:2.0466 train_time:507355ms step_avg:63.42ms
step:8000/20000 val_loss:1.9869 val_bpb:1.1767 train_time:507378ms step_avg:63.42ms
swa:start step:8450
step:8500/20000 train_loss:1.9023 train_time:539137ms step_avg:63.43ms
late_qat:enabled step:8636 scale:0.1499
step:9000/20000 train_loss:1.9358 train_time:571359ms step_avg:63.48ms
step:9228/20000 val_loss:1.9169 val_bpb:1.1353 train_time:586022ms step_avg:63.50ms
stopping_early: wallclock_cap train_time:586022ms step:9228/20000
peak memory allocated: 15105 MiB reserved: 15554 MiB
ema:applying EMA weights
DIAGNOSTIC post_ema val_loss:1.9153 val_bpb:1.1343 eval_time:2053ms
Serialized model: 107418558 bytes
Code size: 126292 bytes
gptq:building non-banked model for Hessian collection...
gptq:calibrating with 256 batches (train data)...
gptq:collected hessians for 68 layers (train data)
Serialized model int6+lzma: 15619076 bytes
Total submission size int6+lzma: 15745368 bytes
final_int6_roundtrip val_loss:1.9209 val_bpb:1.1377 eval_time:17803ms
final_int6_roundtrip_exact val_loss:1.92090280 val_bpb:1.13766684
final_int6_sliding_window val_loss:1.8807 val_bpb:1.1139 stride:64 eval_time:97840ms
final_int6_sliding_window_exact val_loss:1.88072503 val_bpb:1.11387425
