W0330 06:54:26.676000 777320 torch/distributed/run.py:851] 
W0330 06:54:26.676000 777320 torch/distributed/run.py:851] *****************************************
W0330 06:54:26.676000 777320 torch/distributed/run.py:851] Setting OMP_NUM_THREADS environment variable for each process to be 1 in default, to avoid your system being overloaded, please further tune the variable for optimal performance in your application as needed. 
W0330 06:54:26.676000 777320 torch/distributed/run.py:851] *****************************************
logs/a8570f39-0395-48c5-808c-9aefeca530ab.txt
val_bpb:enabled tokenizer_kind=sentencepiece tokenizer_path=/home/alejandro/parameter-golf/data/tokenizers/fineweb_1024_bpe.model
train_loader:dataset:fineweb10B_sp1024 train_shards:80
val_loader:shards pattern=/home/alejandro/parameter-golf/data/datasets/fineweb10B_sp1024/fineweb_val_*.bin tokens:62021632
model_params:27605108
mtp_num_heads:0 mtp_loss_weight:0.2 mtp_params:0
XSA:last_7 active_layers:[4, 5, 6, 7, 8, 9, 10]
world_size:8 grad_accum_steps:1
sdp_backends:cudnn=False flash=True mem_efficient=False math=False
attention_mode:gqa num_heads:8 num_kv_heads:4
tie_embeddings:True embed_lr:0.022 head_lr:0.0 matrix_lr:0.036 matrix_lr_late:0.044 scalar_lr:0.028 scalar_lr_late:0.018 leaky_slope:0.5
train_batch_tokens:548864 train_seq_len:2048 iterations:20000 warmup_steps:20 max_wallclock_seconds:600.000
seed:1337
gptq:reserving 14000ms from training budget, effective=586000ms
warmup_step:1/20
warmup_step:2/20
warmup_step:3/20
warmup_step:4/20
warmup_step:5/20
warmup_step:6/20
warmup_step:7/20
warmup_step:8/20
warmup_step:9/20
warmup_step:10/20
warmup_step:11/20
warmup_step:12/20
warmup_step:13/20
warmup_step:14/20
warmup_step:15/20
warmup_step:16/20
warmup_step:17/20
warmup_step:18/20
warmup_step:19/20
warmup_step:20/20
step:0/20000 val_loss:6.9308 val_bpb:4.1048 train_time:0ms step_avg:0.01ms
step:1/20000 train_loss:6.9247 train_time:110ms step_avg:109.71ms
step:2/20000 train_loss:6.7770 train_time:152ms step_avg:75.85ms
step:3/20000 train_loss:6.4930 train_time:214ms step_avg:71.50ms
step:4/20000 train_loss:6.5366 train_time:277ms step_avg:69.25ms
step:5/20000 train_loss:6.5985 train_time:340ms step_avg:67.91ms
step:6/20000 train_loss:6.4721 train_time:402ms step_avg:67.03ms
step:7/20000 train_loss:6.2092 train_time:464ms step_avg:66.33ms
step:8/20000 train_loss:5.9450 train_time:527ms step_avg:65.83ms
step:9/20000 train_loss:5.6933 train_time:589ms step_avg:65.46ms
step:10/20000 train_loss:5.4641 train_time:651ms step_avg:65.13ms
step:500/20000 train_loss:2.3845 train_time:31395ms step_avg:62.79ms
step:1000/20000 train_loss:2.3372 train_time:62873ms step_avg:62.87ms
step:1500/20000 train_loss:2.0842 train_time:94426ms step_avg:62.95ms
step:2000/20000 train_loss:2.0495 train_time:126006ms step_avg:63.00ms
step:2500/20000 train_loss:2.0005 train_time:157628ms step_avg:63.05ms
step:3000/20000 train_loss:2.0028 train_time:189254ms step_avg:63.08ms
step:3500/20000 train_loss:1.9619 train_time:220898ms step_avg:63.11ms
step:4000/20000 train_loss:1.9232 train_time:252542ms step_avg:63.14ms
step:4000/20000 val_loss:2.1009 val_bpb:1.2443 train_time:252564ms step_avg:63.14ms
step:4500/20000 train_loss:1.9716 train_time:284189ms step_avg:63.15ms
step:5000/20000 train_loss:1.9463 train_time:315859ms step_avg:63.17ms
step:5500/20000 train_loss:1.9674 train_time:347524ms step_avg:63.19ms
step:6000/20000 train_loss:1.9196 train_time:379162ms step_avg:63.19ms
step:6500/20000 train_loss:1.9817 train_time:410803ms step_avg:63.20ms
step:7000/20000 train_loss:1.9584 train_time:442437ms step_avg:63.21ms
step:7500/20000 train_loss:1.9635 train_time:474047ms step_avg:63.21ms
step:8000/20000 train_loss:2.0453 train_time:505674ms step_avg:63.21ms
step:8000/20000 val_loss:1.9886 val_bpb:1.1778 train_time:505697ms step_avg:63.21ms
swa:start step:8500
step:8500/20000 train_loss:1.9046 train_time:537273ms step_avg:63.21ms
late_qat:enabled step:8666 scale:0.1500
step:9000/20000 train_loss:1.9402 train_time:569449ms step_avg:63.27ms
step:9258/20000 val_loss:1.9168 val_bpb:1.1353 train_time:586070ms step_avg:63.30ms
stopping_early: wallclock_cap train_time:586070ms step:9258/20000
peak memory allocated: 15105 MiB reserved: 15554 MiB
ema:applying EMA weights
DIAGNOSTIC post_ema val_loss:1.9152 val_bpb:1.1343 eval_time:2046ms
Serialized model: 107418558 bytes
Code size: 126292 bytes
gptq:building non-banked model for Hessian collection...
gptq:calibrating with 256 batches (train data)...
gptq:collected hessians for 68 layers (train data)
Serialized model int6+lzma: 15679992 bytes
Total submission size int6+lzma: 15806284 bytes
final_int6_roundtrip val_loss:1.9209 val_bpb:1.1376 eval_time:17594ms
final_int6_roundtrip_exact val_loss:1.92086865 val_bpb:1.13764661
final_int6_sliding_window val_loss:1.8808 val_bpb:1.1139 stride:64 eval_time:97835ms
final_int6_sliding_window_exact val_loss:1.88081447 val_bpb:1.11392722
