==========================================================================
  Cheap Multi-GPU Small SKC Run
  RUN_ID : small_skc_2gpu_s42_20260410_183457
  MODEL  : SKC L=8 D=640 H=8/2
  SKC    : block=64 caps=24 cap_dim=96
  ENGRAM : buckets=16384 dim=112 orders=3
  TERNARY: train_align=0@0.85 thr_search=1 scale_search=1
  CURR   : 64 -> 128 -> 256 -> 512 -> 1024 @ 24% / 76%
  BATCH  : 4096 tok/step  seq=2048
  VRAM   : min_gpu_mem=24GB  val_batch=16384
  BUDGET : 10s
  SEED   : 42
  GPUS   : 2
  EXPORT : turbo=1 sliding=0 ngram=0
  SMOKE  : 1
==========================================================================
logs/cuda/small_skc_2gpu_s42_20260410_183457.txt
params:6185767 L:8 d:640 h:8 kv:2 ws:2 ga:1 s:42
probe:ema_init_start
ema:enabled decay=0.997 start_fraction=0.2
step:0 curr_seq_len_jump:64
step:1/2 loss:6.9323 t:6921ms avg:6921.5ms
step:1 curr_seq_len_jump:2048
step:2/2 loss:6.9317 t:8938ms avg:4468.8ms
final_evaluation:starting step:2/2
final_evaluation:completed val_loss:6.9314 val_bpb:4.1726
ema:ranks synchronized for export
ema:applying shadow weights...
ema:applied shadow weights and offloaded originals to CPU
serialization:started
param_audit: total=10,465,357 ternary_candidates=3,645,440(10) fp=6,819,917(168) est_raw=14.42MB est_compressed≈14.59MB
serialization:running_final_calib_search
calib:budget evals=6/32 time=35.0s/30.0s
serialization:calib_done tensors=0
artifact:8.31MB ternary:3645440(794880B) fp:6559821(13119642B) code:237149
budget:8543709/16000000 (8.54/16.00MB) FITS
eval_feedback_passes:2
final_ternary_roundtrip val_loss:6.9314 val_bpb:4.1726
scoreboard: raw_bpb=4.1726 roundtrip_bpb=4.1726 augmented_bpb=4.1726
=== DONE ===
Log      : /workspace/logs/small_skc_2gpu_s42_20260410_183457.log
Artifact : logs/small_skc_2gpu_s42_20260410_183457_model.ternary.ptz
