# cmd: torchrun --standalone --nproc_per_node=1 /root/parameter-golf/train_gpt.py
# env:DATA_PATH=/root/parameter-golf/data/datasets/fineweb10B_sp1024
# env:ITERATIONS=1000
# env:MAX_WALLCLOCK_SECONDS=600.0
# env:NCCL_IB_DISABLE=1
# env:RUN_ID=hf_verify_sp1024_1gpu_wd0p1_seed1338
# env:SEED=1338
# env:TOKENIZER_PATH=/root/parameter-golf/data/tokenizers/fineweb_1024_bpe.model
# env:TRAIN_BATCH_TOKENS=131072
# env:TRAIN_LOG_EVERY=50
# env:VAL_LOSS_EVERY=200
# env:VOCAB_SIZE=1024
# env:WEIGHT_DECAY=0.10000000000000001
logs/hf_verify_sp1024_1gpu_wd0p1_seed1338.txt
val_bpb:enabled tokenizer_kind=sentencepiece tokenizer_path=/root/parameter-golf/data/tokenizers/fineweb_1024_bpe.model
train_loader:dataset:fineweb10B_sp1024 train_shards:80
val_loader:shards pattern=/root/parameter-golf/data/datasets/fineweb10B_sp1024/fineweb_val_*.bin tokens:62021632
model_params:17059912
world_size:1 grad_accum_steps:8
sdp_backends:cudnn=False flash=True mem_efficient=False math=False
attention_mode:gqa num_heads:8 num_kv_heads:4
tie_embeddings:True enable_lora:False lora_rank:128 embed_lr:0.05 head_lr:0.0 matrix_lr:0.04 scalar_lr:0.04 weight_decay:0.1
train_batch_tokens:131072 train_seq_len:1024 iterations:1000 warmup_steps:20 max_wallclock_seconds:600.000
seed:1338
warmup_step:1/20
warmup_step:2/20
warmup_step:3/20
warmup_step:4/20
warmup_step:5/20
warmup_step:6/20
warmup_step:7/20
warmup_step:8/20
warmup_step:9/20
warmup_step:10/20
warmup_step:11/20
warmup_step:12/20
warmup_step:13/20
warmup_step:14/20
warmup_step:15/20
warmup_step:16/20
warmup_step:17/20
warmup_step:18/20
warmup_step:19/20
warmup_step:20/20
step:0/1000 val_loss:6.9359 val_bpb:4.1078 train_time:0ms step_avg:0.01ms
step:1/1000 train_loss:6.9379 train_time:234ms step_avg:233.54ms
step:2/1000 train_loss:16.3857 train_time:464ms step_avg:232.15ms
step:3/1000 train_loss:7.7922 train_time:695ms step_avg:231.67ms
step:4/1000 train_loss:7.0881 train_time:926ms step_avg:231.48ms
step:5/1000 train_loss:7.3462 train_time:1157ms step_avg:231.36ms
step:6/1000 train_loss:7.0167 train_time:1388ms step_avg:231.30ms
step:7/1000 train_loss:6.6341 train_time:1619ms step_avg:231.24ms
step:8/1000 train_loss:6.3694 train_time:1850ms step_avg:231.20ms
step:9/1000 train_loss:6.1921 train_time:2081ms step_avg:231.19ms
step:10/1000 train_loss:6.0536 train_time:2312ms step_avg:231.17ms
step:50/1000 train_loss:4.0547 train_time:11550ms step_avg:231.00ms
step:100/1000 train_loss:3.7147 train_time:23119ms step_avg:231.19ms
step:150/1000 train_loss:3.2668 train_time:34661ms step_avg:231.08ms
step:200/1000 train_loss:2.9694 train_time:46200ms step_avg:231.00ms
step:200/1000 val_loss:3.0216 val_bpb:1.7896 train_time:46201ms step_avg:231.00ms
step:250/1000 train_loss:2.8761 train_time:58046ms step_avg:232.18ms
step:300/1000 train_loss:2.8765 train_time:69591ms step_avg:231.97ms
step:350/1000 train_loss:2.7634 train_time:81122ms step_avg:231.78ms
step:400/1000 train_loss:2.8565 train_time:92654ms step_avg:231.64ms
step:400/1000 val_loss:2.8009 val_bpb:1.6589 train_time:92655ms step_avg:231.64ms
step:450/1000 train_loss:2.6938 train_time:104439ms step_avg:232.09ms
step:500/1000 train_loss:2.7901 train_time:115980ms step_avg:231.96ms
step:550/1000 train_loss:2.7343 train_time:127528ms step_avg:231.87ms
step:600/1000 train_loss:2.7636 train_time:139053ms step_avg:231.76ms
step:600/1000 val_loss:2.7255 val_bpb:1.6142 train_time:139054ms step_avg:231.76ms
step:650/1000 train_loss:2.6828 train_time:150606ms step_avg:231.70ms
step:700/1000 train_loss:2.5215 train_time:162162ms step_avg:231.66ms
step:750/1000 train_loss:2.6858 train_time:173703ms step_avg:231.60ms
step:800/1000 train_loss:2.6923 train_time:185283ms step_avg:231.60ms
step:800/1000 val_loss:2.7106 val_bpb:1.6054 train_time:185283ms step_avg:231.60ms
step:850/1000 train_loss:2.7224 train_time:196815ms step_avg:231.55ms
step:900/1000 train_loss:2.6730 train_time:208343ms step_avg:231.49ms
step:950/1000 train_loss:2.6661 train_time:219879ms step_avg:231.45ms
step:1000/1000 train_loss:2.6332 train_time:231412ms step_avg:231.41ms
step:1000/1000 val_loss:2.6425 val_bpb:1.5650 train_time:231413ms step_avg:231.41ms
peak memory allocated: 3258 MiB reserved: 3502 MiB
Serialized model: 67224578 bytes
Code size: 71622 bytes
Total submission size: 67296200 bytes
Serialized model int8+zlib: 12225857 bytes (payload:17178912 raw_torch:17223564 payload_ratio:3.91x)
Total submission size int8+zlib: 12297479 bytes
/root/parameter-golf/train_gpt.py:1657: FutureWarning: You are using `torch.load` with `weights_only=False` (the current default value), which uses the default pickle module implicitly. It is possible to construct malicious pickle data which will execute arbitrary code during unpickling (See https://github.com/pytorch/pytorch/blob/main/SECURITY.md#untrusted-models for more details). In a future release, the default value for `weights_only` will be flipped to `True`. This limits the functions that could be executed during unpickling. Arbitrary objects will no longer be allowed to be loaded via this mode unless they are explicitly allowlisted by the user via `torch.serialization.add_safe_globals`. We recommend you start setting `weights_only=True` for any use case where you don't have full control of the loaded file. Please open an issue on GitHub for any issues related to this experimental feature.
  quant_state = torch.load(io.BytesIO(zlib.decompress(quant_blob_disk)), map_location="cpu")
final_int8_zlib_roundtrip val_loss:2.6426 val_bpb:1.5651 eval_time:22413ms
final_int8_zlib_roundtrip_exact val_loss:2.64261938 val_bpb:1.56510805
