W0325 17:46:36.031000 45431 torch/distributed/run.py:803] 
W0325 17:46:36.031000 45431 torch/distributed/run.py:803] *****************************************
W0325 17:46:36.031000 45431 torch/distributed/run.py:803] Setting OMP_NUM_THREADS environment variable for each process to be 1 in default, to avoid your system being overloaded, please further tune the variable for optimal performance in your application as needed. 
W0325 17:46:36.031000 45431 torch/distributed/run.py:803] *****************************************
logs/6c889bea-0753-4d86-a6d7-0932fa63b023.txt
val_bpb:enabled tokenizer_kind=sentencepiece tokenizer_path=./data/tokenizers/fineweb_1024_bpe.model
train_loader:dataset:fineweb10B_sp1024 train_shards:80
val_loader:shards pattern=./data/datasets/fineweb10B_sp1024/fineweb_val_*.bin tokens:62021632
model_params:27354201
mtp_num_heads:0 mtp_loss_weight:0.2 mtp_params:0
world_size:8 grad_accum_steps:1
sdp_backends:cudnn=False flash=True mem_efficient=False math=False
attention_mode:gqa num_heads:8 num_kv_heads:4
tie_embeddings:True embed_lr:0.05 head_lr:0.0 matrix_lr:0.04 scalar_lr:0.04
train_batch_tokens:786432 train_seq_len:2048 iterations:20000 warmup_steps:20 max_wallclock_seconds:600.000
seed:42
warmup_step:1/20
warmup_step:2/20
warmup_step:3/20
warmup_step:4/20
warmup_step:5/20
warmup_step:6/20
warmup_step:7/20
warmup_step:8/20
warmup_step:9/20
warmup_step:10/20
warmup_step:11/20
warmup_step:12/20
warmup_step:13/20
warmup_step:14/20
warmup_step:15/20
warmup_step:16/20
warmup_step:17/20
warmup_step:18/20
warmup_step:19/20
warmup_step:20/20
step:0/20000 val_loss:6.9301 val_bpb:4.1044 train_time:0ms step_avg:0.01ms
step:1/20000 train_loss:6.9313 train_time:137ms step_avg:136.76ms
step:2/20000 train_loss:10.0205 train_time:215ms step_avg:107.73ms
step:3/20000 train_loss:8.4670 train_time:305ms step_avg:101.55ms
step:4/20000 train_loss:7.7782 train_time:392ms step_avg:97.89ms
step:5/20000 train_loss:7.1548 train_time:480ms step_avg:95.91ms
step:6/20000 train_loss:6.7985 train_time:569ms step_avg:94.76ms
step:7/20000 train_loss:6.7720 train_time:661ms step_avg:94.47ms
step:8/20000 train_loss:6.8323 train_time:750ms step_avg:93.69ms
step:9/20000 train_loss:6.6256 train_time:839ms step_avg:93.21ms
step:10/20000 train_loss:6.1474 train_time:940ms step_avg:93.98ms
step:200/20000 train_loss:2.3715 train_time:19799ms step_avg:98.99ms
step:400/20000 train_loss:2.4145 train_time:42085ms step_avg:105.21ms
step:600/20000 train_loss:2.3262 train_time:61500ms step_avg:102.50ms
step:800/20000 train_loss:2.2255 train_time:81498ms step_avg:101.87ms
step:1000/20000 train_loss:2.2527 train_time:99975ms step_avg:99.98ms
step:1000/20000 val_loss:2.2057 val_bpb:1.3063 train_time:100000ms step_avg:100.00ms
step:1200/20000 train_loss:2.3268 train_time:121051ms step_avg:100.88ms
step:1400/20000 train_loss:2.1537 train_time:141939ms step_avg:101.38ms
step:1600/20000 train_loss:2.0428 train_time:161628ms step_avg:101.02ms
step:1800/20000 train_loss:2.1385 train_time:182484ms step_avg:101.38ms
step:2000/20000 train_loss:2.0598 train_time:202071ms step_avg:101.04ms
step:2000/20000 val_loss:2.1210 val_bpb:1.2562 train_time:202095ms step_avg:101.05ms
step:2200/20000 train_loss:2.1250 train_time:223648ms step_avg:101.66ms
step:2400/20000 train_loss:2.0592 train_time:243038ms step_avg:101.27ms
step:2600/20000 train_loss:2.1046 train_time:264754ms step_avg:101.83ms
step:2800/20000 train_loss:2.1561 train_time:286866ms step_avg:102.45ms
step:3000/20000 train_loss:2.1616 train_time:307426ms step_avg:102.48ms
step:3000/20000 val_loss:2.0948 val_bpb:1.2407 train_time:307450ms step_avg:102.48ms
step:3200/20000 train_loss:2.1759 train_time:325969ms step_avg:101.87ms
step:3400/20000 train_loss:2.0194 train_time:343551ms step_avg:101.04ms
step:3600/20000 train_loss:2.0994 train_time:362972ms step_avg:100.83ms
step:3800/20000 train_loss:2.0788 train_time:380669ms step_avg:100.18ms
step:4000/20000 train_loss:1.9882 train_time:400321ms step_avg:100.08ms
step:4000/20000 val_loss:2.0799 val_bpb:1.2318 train_time:400351ms step_avg:100.09ms
step:4200/20000 train_loss:2.1737 train_time:420269ms step_avg:100.06ms
step:4400/20000 train_loss:2.0574 train_time:439242ms step_avg:99.83ms
step:4600/20000 train_loss:1.8626 train_time:459796ms step_avg:99.96ms
step:4800/20000 train_loss:2.4455 train_time:478014ms step_avg:99.59ms
step:5000/20000 train_loss:2.1072 train_time:498582ms step_avg:99.72ms
step:5000/20000 val_loss:2.0262 val_bpb:1.2000 train_time:498620ms step_avg:99.72ms
step:5200/20000 train_loss:2.0358 train_time:517289ms step_avg:99.48ms
step:5400/20000 train_loss:2.0326 train_time:540528ms step_avg:100.10ms
step:5600/20000 train_loss:1.9343 train_time:559021ms step_avg:99.83ms
step:5800/20000 train_loss:1.9656 train_time:578849ms step_avg:99.80ms
late_qat:enabled step:5850 scale:0.0998
step:6000/20000 train_loss:1.9100 train_time:599737ms step_avg:99.96ms
step:6000/20000 val_loss:1.9458 val_bpb:1.1524 train_time:599762ms step_avg:99.96ms
step:6003/20000 val_loss:1.9458 val_bpb:1.1524 train_time:600013ms step_avg:99.95ms
stopping_early: wallclock_cap train_time:600013ms step:6003/20000
peak memory allocated: 20606 MiB reserved: 20656 MiB
ema:applying EMA weights
saved ema_checkpoint.pt
Serialized model: 106832383 bytes
Code size: 81771 bytes
Serialized model int6+zstd: 15294001 bytes
Total submission size int6+zstd: 15375772 bytes
ttt:start lr=1.0 momentum=0.9 epochs=30 freeze_blocks=0
ttt_epoch:1/30 loss:5.6495 time:16.9s
ttt_epoch:2/30 loss:5.8047 time:33.5s
ttt_epoch:3/30 loss:5.0216 time:50.1s
ttt_epoch:4/30 loss:3.1201 time:66.7s
ttt_epoch:5/30 loss:2.3163 time:83.3s
ttt_epoch:6/30 loss:2.1248 time:99.9s
ttt_epoch:7/30 loss:1.9871 time:116.6s
ttt_epoch:8/30 loss:1.9709 time:133.1s
ttt_epoch:9/30 loss:1.9627 time:149.6s
ttt_epoch:10/30 loss:1.9572 time:166.2s
ttt_epoch:11/30 loss:2.0639 time:182.7s
ttt_epoch:12/30 loss:1.9837 time:199.2s
ttt_epoch:13/30 loss:1.9505 time:215.7s
ttt_epoch:14/30 loss:1.9460 time:232.3s
ttt_epoch:15/30 loss:1.9425 time:248.8s
ttt_epoch:16/30 loss:1.9394 time:265.3s
ttt_epoch:17/30 loss:1.9367 time:281.8s
ttt_epoch:18/30 loss:1.9342 time:298.4s
ttt_epoch:19/30 loss:1.9318 time:314.9s
ttt_epoch:20/30 loss:1.9295 time:331.4s
ttt_epoch:21/30 loss:2.0382 time:347.9s
ttt_epoch:22/30 loss:2.0117 time:364.5s
ttt_epoch:23/30 loss:1.9312 time:381.0s
ttt_epoch:24/30 loss:1.9266 time:397.5s
ttt_epoch:25/30 loss:1.9238 time:414.0s
ttt_epoch:26/30 loss:1.9214 time:430.6s
ttt_epoch:27/30 loss:1.9193 time:447.1s
ttt_epoch:28/30 loss:1.9173 time:463.6s
ttt_epoch:29/30 loss:1.9154 time:480.1s
ttt_epoch:30/30 loss:1.9136 time:496.7s
ttt:done elapsed=496.7s
ttt:elapsed=496.7s
final_int6_roundtrip val_loss:1.9119 val_bpb:1.1323 eval_time:1924ms
final_int6_roundtrip_exact val_loss:1.91190392 val_bpb:1.13233720
final_int6_sliding_window val_loss:1.8789 val_bpb:1.1128 stride:64 eval_time:74034ms
final_int6_sliding_window_exact val_loss:1.87889375 val_bpb:1.11278966
