W0322 16:44:03.297000 2730 torch/distributed/run.py:803] 
W0322 16:44:03.297000 2730 torch/distributed/run.py:803] *****************************************
W0322 16:44:03.297000 2730 torch/distributed/run.py:803] Setting OMP_NUM_THREADS environment variable for each process to be 1 in default, to avoid your system being overloaded, please further tune the variable for optimal performance in your application as needed. 
W0322 16:44:03.297000 2730 torch/distributed/run.py:803] *****************************************
logs/safe_sota_seed42.txt
val_bpb:enabled tokenizer_kind=sentencepiece tokenizer_path=./data/tokenizers/fineweb_1024_bpe.model
train_loader:dataset:fineweb10B_sp1024 train_shards:80
val_loader:shards pattern=./data/datasets/fineweb10B_sp1024/fineweb_val_*.bin tokens:62021632
model_params:25517137
world_size:8 grad_accum_steps:1
attention_mode:gqa num_heads:8 num_kv_heads:4
tie_embeddings:True embed_lr:0.03 matrix_lr:0.02 scalar_lr:0.02 weight_decay:0.04
train_batch_tokens:786432 train_seq_len:2048 iterations:20000 warmup_steps:20 warmdown_iters:3000 max_wallclock_seconds:600.000
seed:42 bigram_vocab:10240 bigram_dim:128
swa_enabled:True swa_start_frac:0.4 swa_every:50
ema_enabled:False ema_decay:0.997
xsa_last_n:0 rope_dims:0 ln_scale:False
eval_stride:64 eval_batch_seqs:32
prune_frac:0.03
compressor:zstd
warmup_step:1/20
warmup_step:2/20
warmup_step:3/20
warmup_step:4/20
warmup_step:5/20
warmup_step:6/20
warmup_step:7/20
warmup_step:8/20
warmup_step:9/20
warmup_step:10/20
warmup_step:11/20
warmup_step:12/20
warmup_step:13/20
warmup_step:14/20
warmup_step:15/20
warmup_step:16/20
warmup_step:17/20
warmup_step:18/20
warmup_step:19/20
warmup_step:20/20
step:0/20000 val_loss:6.9323 val_bpb:4.1057 train_time:0ms step_avg:0.01ms
step:1/20000 train_loss:6.9334 train_time:142ms step_avg:142.21ms
step:2/20000 train_loss:8.1444 train_time:206ms step_avg:102.85ms
step:3/20000 train_loss:7.6923 train_time:295ms step_avg:98.20ms
step:4/20000 train_loss:6.9899 train_time:383ms step_avg:95.67ms
step:5/20000 train_loss:6.8345 train_time:471ms step_avg:94.14ms
step:6/20000 train_loss:6.6325 train_time:559ms step_avg:93.20ms
step:7/20000 train_loss:6.5365 train_time:647ms step_avg:92.44ms
step:8/20000 train_loss:6.5776 train_time:736ms step_avg:91.95ms
step:9/20000 train_loss:6.3300 train_time:823ms step_avg:91.49ms
step:10/20000 train_loss:6.0563 train_time:911ms step_avg:91.13ms
step:100/20000 train_loss:3.1599 train_time:8941ms step_avg:89.41ms
step:200/20000 train_loss:2.3810 train_time:17935ms step_avg:89.68ms
step:300/20000 train_loss:2.5427 train_time:26927ms step_avg:89.76ms
step:400/20000 train_loss:2.4055 train_time:35955ms step_avg:89.89ms
step:500/20000 train_loss:2.3934 train_time:44941ms step_avg:89.88ms
step:500/20000 val_loss:2.3525 val_bpb:1.3933 train_time:44970ms step_avg:89.94ms
step:600/20000 train_loss:2.3334 train_time:53991ms step_avg:89.99ms
step:700/20000 train_loss:2.3483 train_time:63029ms step_avg:90.04ms
step:800/20000 train_loss:2.2403 train_time:72094ms step_avg:90.12ms
step:900/20000 train_loss:2.1264 train_time:81159ms step_avg:90.18ms
step:1000/20000 train_loss:2.2774 train_time:90179ms step_avg:90.18ms
step:1000/20000 val_loss:2.2283 val_bpb:1.3197 train_time:90207ms step_avg:90.21ms
step:1100/20000 train_loss:2.3166 train_time:99243ms step_avg:90.22ms
step:1200/20000 train_loss:2.3526 train_time:108294ms step_avg:90.24ms
step:1300/20000 train_loss:2.1036 train_time:117339ms step_avg:90.26ms
step:1400/20000 train_loss:2.1845 train_time:126383ms step_avg:90.27ms
step:1500/20000 train_loss:2.2215 train_time:135365ms step_avg:90.24ms
step:1500/20000 val_loss:2.1857 val_bpb:1.2945 train_time:135392ms step_avg:90.26ms
step:1600/20000 train_loss:2.0797 train_time:144406ms step_avg:90.25ms
step:1700/20000 train_loss:2.1444 train_time:153439ms step_avg:90.26ms
step:1800/20000 train_loss:2.1594 train_time:162459ms step_avg:90.25ms
step:1900/20000 train_loss:2.1291 train_time:171436ms step_avg:90.23ms
step:2000/20000 train_loss:2.0689 train_time:180461ms step_avg:90.23ms
step:2000/20000 val_loss:2.1330 val_bpb:1.2633 train_time:180488ms step_avg:90.24ms
step:2100/20000 train_loss:2.0504 train_time:189476ms step_avg:90.23ms
step:2200/20000 train_loss:2.1396 train_time:198500ms step_avg:90.23ms
step:2300/20000 train_loss:2.1118 train_time:207515ms step_avg:90.22ms
step:2400/20000 train_loss:2.0673 train_time:216473ms step_avg:90.20ms
step:2500/20000 train_loss:2.1680 train_time:225475ms step_avg:90.19ms
step:2500/20000 val_loss:2.1069 val_bpb:1.2478 train_time:225501ms step_avg:90.20ms
step:2600/20000 train_loss:2.1121 train_time:234493ms step_avg:90.19ms
step:2700/20000 train_loss:2.1012 train_time:243579ms step_avg:90.21ms
step:2800/20000 train_loss:2.1561 train_time:252586ms step_avg:90.21ms
step:2900/20000 train_loss:2.0272 train_time:261534ms step_avg:90.18ms
step:3000/20000 train_loss:2.1617 train_time:270536ms step_avg:90.18ms
step:3000/20000 val_loss:2.0933 val_bpb:1.2397 train_time:270563ms step_avg:90.19ms
step:3100/20000 train_loss:2.0363 train_time:279546ms step_avg:90.18ms
step:3200/20000 train_loss:2.1786 train_time:288539ms step_avg:90.17ms
step:3300/20000 train_loss:2.0717 train_time:297491ms step_avg:90.15ms
step:3400/20000 train_loss:2.0236 train_time:306490ms step_avg:90.14ms
step:3500/20000 train_loss:2.1845 train_time:315496ms step_avg:90.14ms
step:3500/20000 val_loss:2.0854 val_bpb:1.2351 train_time:315523ms step_avg:90.15ms
step:3600/20000 train_loss:2.1069 train_time:324496ms step_avg:90.14ms
step:3700/20000 train_loss:2.1002 train_time:333497ms step_avg:90.13ms
step:3800/20000 train_loss:2.0776 train_time:342438ms step_avg:90.12ms
step:3900/20000 train_loss:2.0815 train_time:351441ms step_avg:90.11ms
step:4000/20000 train_loss:1.9792 train_time:360435ms step_avg:90.11ms
step:4000/20000 val_loss:2.0703 val_bpb:1.2262 train_time:360461ms step_avg:90.12ms
step:4100/20000 train_loss:2.0193 train_time:369445ms step_avg:90.11ms
step:4200/20000 train_loss:2.1581 train_time:378442ms step_avg:90.11ms
step:4300/20000 train_loss:2.0621 train_time:387393ms step_avg:90.09ms
step:4400/20000 train_loss:2.0367 train_time:396393ms step_avg:90.09ms
step:4500/20000 train_loss:2.1265 train_time:405396ms step_avg:90.09ms
step:4500/20000 val_loss:2.0474 val_bpb:1.2126 train_time:405423ms step_avg:90.09ms
step:4600/20000 train_loss:1.8465 train_time:414398ms step_avg:90.09ms
step:4700/20000 train_loss:2.2316 train_time:423338ms step_avg:90.07ms
step:4800/20000 train_loss:2.4305 train_time:432345ms step_avg:90.07ms
step:4900/20000 train_loss:2.0512 train_time:441333ms step_avg:90.07ms
step:5000/20000 train_loss:2.1053 train_time:450328ms step_avg:90.07ms
step:5000/20000 val_loss:2.0262 val_bpb:1.2000 train_time:450356ms step_avg:90.07ms
step:5100/20000 train_loss:2.1265 train_time:459330ms step_avg:90.06ms
step:5200/20000 train_loss:2.0417 train_time:468275ms step_avg:90.05ms
step:5300/20000 train_loss:2.0078 train_time:477262ms step_avg:90.05ms
step:5400/20000 train_loss:2.0497 train_time:486265ms step_avg:90.05ms
swa:start step:5500
step:5500/20000 train_loss:2.0192 train_time:495261ms step_avg:90.05ms
step:5500/20000 val_loss:2.0032 val_bpb:1.1864 train_time:495372ms step_avg:90.07ms
step:5600/20000 train_loss:1.9576 train_time:504389ms step_avg:90.07ms
step:5700/20000 train_loss:2.0115 train_time:513367ms step_avg:90.06ms
step:5800/20000 train_loss:1.9995 train_time:522402ms step_avg:90.07ms
step:5900/20000 train_loss:1.9055 train_time:531458ms step_avg:90.08ms
step:6000/20000 train_loss:1.9423 train_time:540506ms step_avg:90.08ms
step:6000/20000 val_loss:1.9794 val_bpb:1.1723 train_time:540577ms step_avg:90.10ms
step:6100/20000 train_loss:1.9149 train_time:549510ms step_avg:90.08ms
step:6200/20000 train_loss:1.9516 train_time:558549ms step_avg:90.09ms
step:6300/20000 train_loss:1.9459 train_time:567608ms step_avg:90.10ms
step:6400/20000 train_loss:1.9984 train_time:576635ms step_avg:90.10ms
step:6500/20000 train_loss:2.0799 train_time:585703ms step_avg:90.11ms
step:6500/20000 val_loss:1.9527 val_bpb:1.1565 train_time:585754ms step_avg:90.12ms
step:6600/20000 train_loss:1.8423 train_time:594703ms step_avg:90.11ms
step:6658/20000 val_loss:1.9482 val_bpb:1.1538 train_time:600034ms step_avg:90.12ms
stopping_early: wallclock_cap train_time:600034ms step:6658/20000
peak memory allocated: 18870 MiB reserved: 19076 MiB
swa:applying averaged 24 checkpoints
Serialized model: 98437419 bytes
Code size: 57485 bytes
Total submission size: 98494904 bytes
Serialized model int6+zstd: 15913609 bytes
Total submission size: 15971094 bytes
final_eval_mode:sliding_window stride:64 batch_seqs:32
  sliding_eval [  0.0%] 32/121136 windows running_bpb=1.205000
  sliding_eval [  1.3%] 1632/121136 windows running_bpb=1.137621
  sliding_eval [  2.7%] 3232/121136 windows running_bpb=1.139035
  sliding_eval [  4.0%] 4832/121136 windows running_bpb=1.132891
  sliding_eval [  5.3%] 6432/121136 windows running_bpb=1.144718
  sliding_eval [  6.6%] 8032/121136 windows running_bpb=1.145717
  sliding_eval [  8.0%] 9632/121136 windows running_bpb=1.147171
  sliding_eval [  9.3%] 11232/121136 windows running_bpb=1.142839
  sliding_eval [ 10.6%] 12832/121136 windows running_bpb=1.140463
  sliding_eval [ 11.9%] 14432/121136 windows running_bpb=1.142070
  sliding_eval [ 13.2%] 16032/121136 windows running_bpb=1.150704
  sliding_eval [ 14.6%] 17632/121136 windows running_bpb=1.149219
  sliding_eval [ 15.9%] 19232/121136 windows running_bpb=1.150547
  sliding_eval [ 17.2%] 20832/121136 windows running_bpb=1.148751
  sliding_eval [ 18.5%] 22432/121136 windows running_bpb=1.147105
  sliding_eval [ 19.8%] 24032/121136 windows running_bpb=1.147491
  sliding_eval [ 21.2%] 25632/121136 windows running_bpb=1.148940
  sliding_eval [ 22.5%] 27232/121136 windows running_bpb=1.149456
  sliding_eval [ 23.8%] 28832/121136 windows running_bpb=1.155599
  sliding_eval [ 25.1%] 30432/121136 windows running_bpb=1.153001
  sliding_eval [ 26.4%] 32032/121136 windows running_bpb=1.153881
  sliding_eval [ 27.8%] 33632/121136 windows running_bpb=1.152549
  sliding_eval [ 29.1%] 35232/121136 windows running_bpb=1.151875
  sliding_eval [ 30.4%] 36832/121136 windows running_bpb=1.151546
  sliding_eval [ 31.7%] 38432/121136 windows running_bpb=1.152203
  sliding_eval [ 33.0%] 40032/121136 windows running_bpb=1.149820
  sliding_eval [ 34.4%] 41632/121136 windows running_bpb=1.148806
  sliding_eval [ 35.7%] 43232/121136 windows running_bpb=1.149166
  sliding_eval [ 37.0%] 44832/121136 windows running_bpb=1.147874
  sliding_eval [ 38.3%] 46432/121136 windows running_bpb=1.147764
  sliding_eval [ 39.7%] 48032/121136 windows running_bpb=1.147059
  sliding_eval [ 41.0%] 49632/121136 windows running_bpb=1.148211
  sliding_eval [ 42.3%] 51232/121136 windows running_bpb=1.149249
  sliding_eval [ 43.6%] 52832/121136 windows running_bpb=1.149752
  sliding_eval [ 44.9%] 54432/121136 windows running_bpb=1.149236
  sliding_eval [ 46.3%] 56032/121136 windows running_bpb=1.149613
  sliding_eval [ 47.6%] 57632/121136 windows running_bpb=1.148711
  sliding_eval [ 48.9%] 59232/121136 windows running_bpb=1.144808
  sliding_eval [ 50.2%] 60832/121136 windows running_bpb=1.144919
  sliding_eval [ 51.5%] 62432/121136 windows running_bpb=1.145883
  sliding_eval [ 52.9%] 64032/121136 windows running_bpb=1.146031
  sliding_eval [ 54.2%] 65632/121136 windows running_bpb=1.145906
  sliding_eval [ 55.5%] 67232/121136 windows running_bpb=1.144671
  sliding_eval [ 56.8%] 68832/121136 windows running_bpb=1.144349
  sliding_eval [ 58.1%] 70432/121136 windows running_bpb=1.143650
  sliding_eval [ 59.5%] 72032/121136 windows running_bpb=1.143717
  sliding_eval [ 60.8%] 73632/121136 windows running_bpb=1.143656
  sliding_eval [ 62.1%] 75232/121136 windows running_bpb=1.143808
  sliding_eval [ 63.4%] 76832/121136 windows running_bpb=1.143538
  sliding_eval [ 64.7%] 78432/121136 windows running_bpb=1.144157
  sliding_eval [ 66.1%] 80032/121136 windows running_bpb=1.144436
  sliding_eval [ 67.4%] 81632/121136 windows running_bpb=1.144131
  sliding_eval [ 68.7%] 83232/121136 windows running_bpb=1.145169
  sliding_eval [ 70.0%] 84832/121136 windows running_bpb=1.147101
  sliding_eval [ 71.4%] 86432/121136 windows running_bpb=1.146377
  sliding_eval [ 72.7%] 88032/121136 windows running_bpb=1.147107
  sliding_eval [ 74.0%] 89632/121136 windows running_bpb=1.147450
  sliding_eval [ 75.3%] 91232/121136 windows running_bpb=1.147448
  sliding_eval [ 76.6%] 92832/121136 windows running_bpb=1.147037
  sliding_eval [ 78.0%] 94432/121136 windows running_bpb=1.147243
  sliding_eval [ 79.3%] 96032/121136 windows running_bpb=1.146633
  sliding_eval [ 80.6%] 97632/121136 windows running_bpb=1.149422
  sliding_eval [ 81.9%] 99232/121136 windows running_bpb=1.149422
  sliding_eval [ 83.2%] 100832/121136 windows running_bpb=1.149456
  sliding_eval [ 84.6%] 102432/121136 windows running_bpb=1.149095
  sliding_eval [ 85.9%] 104032/121136 windows running_bpb=1.148611
  sliding_eval [ 87.2%] 105632/121136 windows running_bpb=1.147880
  sliding_eval [ 88.5%] 107232/121136 windows running_bpb=1.147858
  sliding_eval [ 89.8%] 108832/121136 windows running_bpb=1.148472
  sliding_eval [ 91.2%] 110432/121136 windows running_bpb=1.148505
  sliding_eval [ 92.5%] 112032/121136 windows running_bpb=1.148497
  sliding_eval [ 93.8%] 113632/121136 windows running_bpb=1.148957
  sliding_eval [ 95.1%] 115232/121136 windows running_bpb=1.148694
  sliding_eval [ 96.4%] 116832/121136 windows running_bpb=1.148304
  sliding_eval [ 97.8%] 118432/121136 windows running_bpb=1.148596
  sliding_eval [ 99.1%] 120032/121136 windows running_bpb=1.148696
final_int8_zlib_roundtrip val_loss:1.9300 val_bpb:1.1431 eval_time:174865ms
final_int8_zlib_roundtrip_exact val_loss:1.93003103 val_bpb:1.14307611
