W0403 13:35:28.984000 76603 torch/distributed/run.py:803] 
W0403 13:35:28.984000 76603 torch/distributed/run.py:803] *****************************************
W0403 13:35:28.984000 76603 torch/distributed/run.py:803] Setting OMP_NUM_THREADS environment variable for each process to be 1 in default, to avoid your system being overloaded, please further tune the variable for optimal performance in your application as needed. 
W0403 13:35:28.984000 76603 torch/distributed/run.py:803] *****************************************
logs/slot16_v2_seed1337.txt
val_bpb:enabled tokenizer_kind=sentencepiece tokenizer_path=./data/tokenizers/fineweb_1024_bpe.model
train_loader:dataset:fineweb10B_sp1024 train_shards:80
val_loader:shards pattern=./data/datasets/fineweb10B_sp1024/fineweb_val_*.bin tokens:62021632
model_params:26862694
mtp_num_heads:0 mtp_loss_weight:0.2 mtp_params:0
XSA:last_11 active_layers:[0, 1, 2, 3, 4, 5, 6, 7, 8, 9, 10]
world_size:8 grad_accum_steps:1
sdp_backends:cudnn=False flash=True mem_efficient=False math=False
attention_mode:gqa num_heads:8 num_kv_heads:4
tie_embeddings:True embed_lr:0.035 head_lr:0.0 matrix_lr:0.025 scalar_lr:0.025
train_batch_tokens:786432 train_seq_len:2048 iterations:20000 warmup_steps:20 max_wallclock_seconds:600.000
seed:1337
warmup_step:1/20
warmup_step:2/20
warmup_step:3/20
warmup_step:4/20
warmup_step:5/20
warmup_step:6/20
warmup_step:7/20
warmup_step:8/20
warmup_step:9/20
warmup_step:10/20
warmup_step:11/20
warmup_step:12/20
warmup_step:13/20
warmup_step:14/20
warmup_step:15/20
warmup_step:16/20
warmup_step:17/20
warmup_step:18/20
warmup_step:19/20
warmup_step:20/20
step:0/20000 val_loss:6.9302 val_bpb:4.1044 train_time:0ms step_avg:0.02ms
step:1/20000 train_loss:6.9318 train_time:147ms step_avg:146.70ms
step:2/20000 train_loss:8.7697 train_time:232ms step_avg:116.09ms
step:3/20000 train_loss:7.7310 train_time:322ms step_avg:107.30ms
step:4/20000 train_loss:7.2753 train_time:411ms step_avg:102.80ms
step:5/20000 train_loss:7.0184 train_time:500ms step_avg:100.01ms
step:6/20000 train_loss:6.9158 train_time:589ms step_avg:98.10ms
step:7/20000 train_loss:6.8484 train_time:678ms step_avg:96.81ms
step:8/20000 train_loss:6.7306 train_time:767ms step_avg:95.84ms
step:9/20000 train_loss:6.3893 train_time:855ms step_avg:95.06ms
step:10/20000 train_loss:6.0464 train_time:944ms step_avg:94.45ms
step:500/20000 train_loss:2.3745 train_time:45358ms step_avg:90.72ms
step:1000/20000 train_loss:2.2542 train_time:91052ms step_avg:91.05ms
step:1500/20000 train_loss:2.2098 train_time:136745ms step_avg:91.16ms
step:2000/20000 train_loss:2.0504 train_time:182431ms step_avg:91.22ms
step:2500/20000 train_loss:2.1534 train_time:228178ms step_avg:91.27ms
step:3000/20000 train_loss:2.1430 train_time:273842ms step_avg:91.28ms
step:3500/20000 train_loss:2.1559 train_time:319487ms step_avg:91.28ms
step:4000/20000 train_loss:1.9475 train_time:365111ms step_avg:91.28ms
step:4000/20000 val_loss:2.0385 val_bpb:1.2073 train_time:365115ms step_avg:91.28ms
step:4500/20000 train_loss:2.0986 train_time:410706ms step_avg:91.27ms
step:5000/20000 train_loss:2.0791 train_time:456294ms step_avg:91.26ms
step:5500/20000 train_loss:1.9905 train_time:501889ms step_avg:91.25ms
swa:start step:5900
step:6000/20000 train_loss:1.9129 train_time:547569ms step_avg:91.26ms
late_qat:enabled step:6050 scale:0.1498
step:6500/20000 train_loss:2.0518 train_time:593393ms step_avg:91.29ms
step:6573/20000 val_loss:1.9231 val_bpb:1.1390 train_time:600059ms step_avg:91.29ms
stopping_early: wallclock_cap train_time:600059ms step:6573/20000
peak memory allocated: 22522 MiB reserved: 22568 MiB
ema:applying EMA weights
DIAGNOSTIC post_ema val_loss:1.9216 val_bpb:1.1381 eval_time:2102ms
Serialized model: 105919389 bytes
Code size: 62978 bytes
Serialized model int6+lzma: 15679088 bytes
Total submission size int6+lzma: 15742066 bytes
Total submission size: 15742066 bytes
final_int6_roundtrip val_loss:1.9344 val_bpb:1.1457 eval_time:40942ms
final_int6_roundtrip_exact val_loss:1.93439454 val_bpb:1.14565740
final_int6_sliding_window val_loss:1.8948 val_bpb:1.1222 stride:64 eval_time:99778ms
final_int6_sliding_window_exact val_loss:1.89478706 val_bpb:1.12220259
final_int6_roundtrip_exact val_loss:1.89478706 val_bpb:1.12220259
final_slot val_loss:1.6029 val_bpb:0.9493 steps:16 lr:0.008 eval_time:283726ms
final_slot_exact val_loss:1.60288385 val_bpb:0.94932061
