W0424 19:21:16.580000 104302 torch/distributed/run.py:803] 
W0424 19:21:16.580000 104302 torch/distributed/run.py:803] *****************************************
W0424 19:21:16.580000 104302 torch/distributed/run.py:803] Setting OMP_NUM_THREADS environment variable for each process to be 1 in default, to avoid your system being overloaded, please further tune the variable for optimal performance in your application as needed. 
W0424 19:21:16.580000 104302 torch/distributed/run.py:803] *****************************************
Hyperparameters:
  adam_eps: 1e-08
  adam_wd: 0.02
  artifact_dir: 
  attn_clip_sigmas: 13.0
  attn_out_gate_enabled: False
  attn_out_gate_src: proj
  beta1: 0.9
  beta2: 0.95
  caseops_enabled: True
  compressor: brotli
  data_dir: ./data
  datasets_dir: ./data/datasets/fineweb10B_sp8192_caseops/datasets/datasets/fineweb10B_sp8192_lossless_caps_caseops_v1_reserved
  distributed: True
  ema_decay: 0.9965
  embed_bits: 7
  embed_clip_sigmas: 15.0
  embed_lr: 0.6
  embed_wd: 0.085
  enable_looping_at: 0.35
  eval_seq_len: 2048
  eval_stride: 64
  fused_ce_enabled: True
  gate_window: 12
  gated_attn_enabled: False
  gated_attn_init_std: 0.01
  gated_attn_quant_gate: True
  global_ttt_batch_seqs: 32
  global_ttt_chunk_tokens: 32768
  global_ttt_epochs: 1
  global_ttt_grad_clip: 1.0
  global_ttt_lr: 0.001
  global_ttt_momentum: 0.9
  global_ttt_respect_doc_boundaries: True
  global_ttt_warmup_chunks: 0
  global_ttt_warmup_start_lr: 0.0
  gptq_calibration_batches: 16
  gptq_reserve_seconds: 0.5
  grad_accum_steps: 1
  grad_clip_norm: 0.3
  is_main_process: True
  iterations: 20000
  ln_scale: True
  local_rank: 0
  logfile: logs/c8ec85ef-ab5e-4e94-9015-5c530a17f1bb.txt
  logit_softcap: 30.0
  loop_end: 5
  loop_start: 3
  lqer_asym_enabled: True
  lqer_asym_group: 64
  lqer_enabled: True
  lqer_factor_bits: 4
  lqer_rank: 4
  lqer_top_k: 3
  matrix_bits: 6
  matrix_clip_sigmas: 12.85
  matrix_lr: 0.026
  max_wallclock_seconds: 600.0
  min_lr: 0.1
  mlp_clip_sigmas: 12.0
  mlp_mult: 4.0
  model_dim: 512
  model_path: final_model.pt
  muon_backend_steps: 5
  muon_momentum: 0.97
  muon_momentum_warmup_start: 0.92
  muon_momentum_warmup_steps: 1500
  muon_row_normalize: True
  muon_wd: 0.095
  num_heads: 8
  num_kv_heads: 4
  num_layers: 11
  num_loops: 2
  parallel_final_lane: mean
  parallel_start_layer: 8
  phased_ttt_num_phases: 3
  phased_ttt_prefix_docs: 2000
  qk_gain_init: 5.0
  quantized_model_path: final_model.int6.ptz
  rank: 0
  rope_base: 10000.0
  rope_dims: 16
  rope_train_seq_len: 2048
  rope_yarn: False
  run_id: c8ec85ef-ab5e-4e94-9015-5c530a17f1bb
  scalar_lr: 0.02
  seed: 42
  skip_gates_enabled: True
  smear_gate_enabled: True
  sparse_attn_gate_enabled: True
  sparse_attn_gate_init_std: 0.0
  sparse_attn_gate_scale: 1.0
  tie_embeddings: True
  tied_embed_init_std: 0.005
  tied_embed_lr: 0.03
  tokenizer_path: ./data/datasets/fineweb10B_sp8192_caseops/datasets/tokenizers/fineweb_8192_bpe_lossless_caps_caseops_v1_reserved.model
  train_batch_tokens: 786432
  train_files: ./data/datasets/fineweb10B_sp8192_caseops/datasets/datasets/fineweb10B_sp8192_lossless_caps_caseops_v1_reserved/fineweb_train_*.bin
  train_log_every: 500
  train_seq_len: 2048
  ttt_batch_size: 64
  ttt_beta1: 0.0
  ttt_beta2: 0.999
  ttt_chunk_size: 48
  ttt_enabled: True
  ttt_eval_batches: 
  ttt_eval_seq_len: 2048
  ttt_grad_steps: 1
  ttt_k_lora: True
  ttt_lora_lr: 0.0001
  ttt_lora_rank: 96
  ttt_mlp_lora: True
  ttt_o_lora: True
  ttt_optimizer: adam
  ttt_weight_decay: 1.0
  val_batch_tokens: 524288
  val_bytes_files: ./data/datasets/fineweb10B_sp8192_caseops/datasets/datasets/fineweb10B_sp8192_lossless_caps_caseops_v1_reserved/fineweb_val_bytes_*.bin
  val_doc_fraction: 1.0
  val_files: ./data/datasets/fineweb10B_sp8192_caseops/datasets/datasets/fineweb10B_sp8192_lossless_caps_caseops_v1_reserved/fineweb_val_*.bin
  val_loss_every: 0
  vocab_size: 8192
  warmdown_frac: 0.75
  warmup_steps: 20
  world_size: 8
  xsa_last_n: 11
train_shards: 80
val_tokens: 47851520
model_params:35945671
gptq:reserving 0s, effective=599500ms
warmup_cu_buckets:64,128,192,256 iters_each:3
warmup_step: 1/20
warmup_step: 2/20
warmup_step: 3/20
warmup_step: 4/20
warmup_step: 5/20
warmup_step: 6/20
warmup_step: 10/20
warmup_step: 20/20
loop_warmup:enabled encoder:[0, 1, 2, 3, 4, 5, 3, 4] decoder:[5, 3, 4, 5, 6, 7, 8, 9, 10]
loop_warmup_step: 1/20
loop_warmup_step: 2/20
loop_warmup_step: 3/20
loop_warmup_step: 4/20
loop_warmup_step: 5/20
loop_warmup_step: 6/20
loop_warmup_step: 10/20
loop_warmup_step: 20/20
1/20000 train_loss: 9.0087 train_time: 0.0m tok/s: 12246968
2/20000 train_loss: 12.8398 train_time: 0.0m tok/s: 7587081
3/20000 train_loss: 10.2560 train_time: 0.0m tok/s: 7937717
4/20000 train_loss: 8.7255 train_time: 0.0m tok/s: 8072494
5/20000 train_loss: 7.9555 train_time: 0.0m tok/s: 8153872
500/20000 train_loss: 2.5762 train_time: 0.8m tok/s: 8228297
1000/20000 train_loss: 2.8038 train_time: 1.6m tok/s: 8189513
1500/20000 train_loss: 2.6351 train_time: 2.4m tok/s: 8177537
2000/20000 train_loss: 2.6664 train_time: 3.2m tok/s: 8172624
layer_loop:enabled step:2179 frac:0.350 encoder:[0, 1, 2, 3, 4, 5, 3, 4] decoder:[5, 3, 4, 5, 6, 7, 8, 9, 10]
2500/20000 train_loss: 2.5565 train_time: 4.2m tok/s: 7710230
3000/20000 train_loss: 2.5694 train_time: 5.4m tok/s: 7249127
3500/20000 train_loss: 2.5658 train_time: 6.6m tok/s: 6952882
4000/20000 train_loss: 2.4132 train_time: 7.8m tok/s: 6746475
4500/20000 train_loss: 2.2825 train_time: 8.9m tok/s: 6595008
4948/20000 val_loss: 2.3528 val_bpb: 1.0751
stopping_early: wallclock_cap train_time: 599561ms step: 4948/20000
peak memory allocated: 41718 MiB reserved: 47106 MiB
ema:applying EMA weights
diagnostic pre-quantization post-ema val_loss:2.32969122 val_bpb:1.06450885 eval_time:8917ms
Serialized model: 135417533 bytes
Code size (uncompressed): 151554 bytes
Code size (compressed): 31220 bytes
GPTQ:collecting Hessians from calibration data...
GPTQ:collected 67 Hessians in 3.5s
Quantized weights:
  gate_int8_row: blocks.attn.attn_gate_w
  gptq (int6): blocks.attn.c_k.weight, blocks.attn.c_q.weight, blocks.attn.c_v.weight, blocks.attn.proj.weight, blocks.mlp.fc.weight, blocks.mlp.proj.weight
  gptq (int6)+lqer_asym: blocks.mlp.fc.weight
  gptq (int7)+lqer_asym: tok_emb.weight
  passthrough (float16): blocks.attn.q_gain, blocks.attn_scale, blocks.mlp_scale, blocks.resid_mix, parallel_post_lambdas, parallel_resid_lambdas, skip_gates, skip_weights, smear_gate.weight, smear_lambda
Serialized model quantized+brotli: 15920126 bytes
Total submission size quantized+brotli: 15951346 bytes
diagnostic quantized val_loss:2.34926238 val_bpb:1.07345152 eval_time:63823ms
ttt_lora:warming up compile (random tokens, no val data)
ttt_lora:compile warmup done (160.8s)

beginning TTT eval timer
ttt_phased: total_docs:50000 prefix_docs:2000 suffix_docs:48000 num_phases:3 boundaries:[666, 1333, 2000]
ttp: b782/782 bl:2.1450 bb:1.0157 rl:2.1450 rb:1.0157 dl:30339-97114 gd:0
ttpp: phase:1/3 pd:1104 gd:666 t:225.6s
tttg: c1/111 lr:0.001000 t:2.3s
tttg: c2/111 lr:0.001000 t:2.4s
tttg: c3/111 lr:0.000999 t:2.5s
tttg: c4/111 lr:0.000998 t:2.6s
tttg: c5/111 lr:0.000997 t:2.6s
tttg: c6/111 lr:0.000995 t:2.7s
tttg: c7/111 lr:0.000993 t:2.8s
tttg: c8/111 lr:0.000990 t:2.9s
tttg: c9/111 lr:0.000987 t:2.9s
tttg: c10/111 lr:0.000984 t:3.0s
tttg: c11/111 lr:0.000980 t:3.1s
tttg: c12/111 lr:0.000976 t:3.2s
tttg: c13/111 lr:0.000971 t:3.3s
tttg: c14/111 lr:0.000966 t:3.3s
tttg: c15/111 lr:0.000961 t:3.4s
tttg: c16/111 lr:0.000955 t:3.5s
tttg: c17/111 lr:0.000949 t:3.6s
tttg: c18/111 lr:0.000942 t:3.6s
tttg: c19/111 lr:0.000935 t:3.7s
tttg: c20/111 lr:0.000928 t:3.8s
tttg: c21/111 lr:0.000921 t:3.9s
tttg: c22/111 lr:0.000913 t:4.0s
tttg: c23/111 lr:0.000905 t:4.0s
tttg: c24/111 lr:0.000896 t:4.1s
tttg: c25/111 lr:0.000887 t:4.2s
tttg: c26/111 lr:0.000878 t:4.3s
tttg: c27/111 lr:0.000868 t:4.3s
tttg: c28/111 lr:0.000859 t:4.4s
tttg: c29/111 lr:0.000848 t:4.5s
tttg: c30/111 lr:0.000838 t:4.6s
tttg: c31/111 lr:0.000827 t:4.7s
tttg: c32/111 lr:0.000817 t:4.7s
tttg: c33/111 lr:0.000805 t:4.8s
tttg: c34/111 lr:0.000794 t:4.9s
tttg: c35/111 lr:0.000782 t:5.0s
tttg: c36/111 lr:0.000770 t:5.0s
tttg: c37/111 lr:0.000758 t:5.1s
tttg: c38/111 lr:0.000746 t:5.2s
tttg: c39/111 lr:0.000733 t:5.3s
tttg: c40/111 lr:0.000721 t:5.4s
tttg: c41/111 lr:0.000708 t:5.4s
tttg: c42/111 lr:0.000695 t:5.5s
tttg: c43/111 lr:0.000681 t:5.6s
tttg: c44/111 lr:0.000668 t:5.7s
tttg: c45/111 lr:0.000655 t:5.8s
tttg: c46/111 lr:0.000641 t:5.8s
tttg: c47/111 lr:0.000627 t:5.9s
tttg: c48/111 lr:0.000613 t:6.0s
tttg: c49/111 lr:0.000599 t:6.1s
tttg: c50/111 lr:0.000585 t:6.1s
tttg: c51/111 lr:0.000571 t:6.2s
tttg: c52/111 lr:0.000557 t:6.3s
tttg: c53/111 lr:0.000543 t:6.4s
tttg: c54/111 lr:0.000529 t:6.5s
tttg: c55/111 lr:0.000514 t:6.5s
tttg: c56/111 lr:0.000500 t:6.6s
tttg: c57/111 lr:0.000486 t:6.7s
tttg: c58/111 lr:0.000471 t:6.8s
tttg: c59/111 lr:0.000457 t:6.9s
tttg: c60/111 lr:0.000443 t:6.9s
tttg: c61/111 lr:0.000429 t:7.0s
tttg: c62/111 lr:0.000415 t:7.1s
tttg: c63/111 lr:0.000401 t:7.2s
tttg: c64/111 lr:0.000387 t:7.3s
tttg: c65/111 lr:0.000373 t:7.3s
tttg: c66/111 lr:0.000359 t:7.4s
tttg: c67/111 lr:0.000345 t:7.5s
tttg: c68/111 lr:0.000332 t:7.6s
tttg: c69/111 lr:0.000319 t:7.7s
tttg: c70/111 lr:0.000305 t:7.8s
tttg: c71/111 lr:0.000292 t:7.8s
tttg: c72/111 lr:0.000279 t:7.9s
tttg: c73/111 lr:0.000267 t:8.0s
tttg: c74/111 lr:0.000254 t:8.1s
tttg: c75/111 lr:0.000242 t:8.2s
tttg: c76/111 lr:0.000230 t:8.3s
tttg: c77/111 lr:0.000218 t:8.3s
tttg: c78/111 lr:0.000206 t:8.4s
tttg: c79/111 lr:0.000195 t:8.5s
tttg: c80/111 lr:0.000183 t:8.6s
tttg: c81/111 lr:0.000173 t:8.6s
tttg: c82/111 lr:0.000162 t:8.7s
tttg: c83/111 lr:0.000152 t:8.8s
tttg: c84/111 lr:0.000141 t:8.9s
tttg: c85/111 lr:0.000132 t:8.9s
tttg: c86/111 lr:0.000122 t:9.0s
tttg: c87/111 lr:0.000113 t:9.1s
tttg: c88/111 lr:0.000104 t:9.2s
tttg: c89/111 lr:0.000095 t:9.3s
tttg: c90/111 lr:0.000087 t:9.3s
tttg: c91/111 lr:0.000079 t:9.4s
tttg: c92/111 lr:0.000072 t:9.5s
tttg: c93/111 lr:0.000065 t:9.6s
tttg: c94/111 lr:0.000058 t:9.6s
tttg: c95/111 lr:0.000051 t:9.7s
tttg: c96/111 lr:0.000045 t:9.8s
tttg: c97/111 lr:0.000039 t:9.9s
tttg: c98/111 lr:0.000034 t:10.0s
tttg: c99/111 lr:0.000029 t:10.0s
tttg: c100/111 lr:0.000024 t:10.1s
tttg: c101/111 lr:0.000020 t:10.2s
tttg: c102/111 lr:0.000016 t:10.3s
tttg: c103/111 lr:0.000013 t:10.4s
tttg: c104/111 lr:0.000010 t:10.4s
tttg: c105/111 lr:0.000007 t:10.5s
tttg: c106/111 lr:0.000005 t:10.6s
tttg: c107/111 lr:0.000003 t:10.7s
tttg: c108/111 lr:0.000002 t:10.7s
tttg: c109/111 lr:0.000001 t:10.8s
tttg: c110/111 lr:0.000000 t:10.9s
ttpr: phase:1/3 t:238.6s
ttp: b760/782 bl:2.3517 bb:1.0413 rl:2.1945 rb:1.0222 dl:3817-3916 gd:0
ttpp: phase:2/3 pd:1808 gd:1333 t:362.0s
tttg: c1/185 lr:0.001000 t:0.1s
tttg: c2/185 lr:0.001000 t:0.2s
tttg: c3/185 lr:0.001000 t:0.3s
tttg: c4/185 lr:0.000999 t:0.3s
tttg: c5/185 lr:0.000999 t:0.4s
tttg: c6/185 lr:0.000998 t:0.5s
tttg: c7/185 lr:0.000997 t:0.6s
tttg: c8/185 lr:0.000996 t:0.6s
tttg: c9/185 lr:0.000995 t:0.7s
tttg: c10/185 lr:0.000994 t:0.8s
tttg: c11/185 lr:0.000993 t:0.9s
tttg: c12/185 lr:0.000991 t:1.0s
tttg: c13/185 lr:0.000990 t:1.0s
tttg: c14/185 lr:0.000988 t:1.1s
tttg: c15/185 lr:0.000986 t:1.2s
tttg: c16/185 lr:0.000984 t:1.3s
tttg: c17/185 lr:0.000981 t:1.3s
tttg: c18/185 lr:0.000979 t:1.4s
tttg: c19/185 lr:0.000977 t:1.5s
tttg: c20/185 lr:0.000974 t:1.6s
tttg: c21/185 lr:0.000971 t:1.7s
tttg: c22/185 lr:0.000968 t:1.7s
tttg: c23/185 lr:0.000965 t:1.8s
tttg: c24/185 lr:0.000962 t:1.9s
tttg: c25/185 lr:0.000959 t:2.0s
tttg: c26/185 lr:0.000955 t:2.0s
tttg: c27/185 lr:0.000952 t:2.1s
tttg: c28/185 lr:0.000948 t:2.2s
tttg: c29/185 lr:0.000944 t:2.3s
tttg: c30/185 lr:0.000940 t:2.4s
tttg: c31/185 lr:0.000936 t:2.4s
tttg: c32/185 lr:0.000932 t:2.5s
tttg: c33/185 lr:0.000927 t:2.6s
tttg: c34/185 lr:0.000923 t:2.7s
tttg: c35/185 lr:0.000918 t:2.7s
tttg: c36/185 lr:0.000913 t:2.8s
tttg: c37/185 lr:0.000908 t:2.9s
tttg: c38/185 lr:0.000904 t:3.0s
tttg: c39/185 lr:0.000898 t:3.1s
tttg: c40/185 lr:0.000893 t:3.1s
tttg: c41/185 lr:0.000888 t:3.2s
tttg: c42/185 lr:0.000882 t:3.3s
tttg: c43/185 lr:0.000877 t:3.4s
tttg: c44/185 lr:0.000871 t:3.4s
tttg: c45/185 lr:0.000865 t:3.5s
tttg: c46/185 lr:0.000860 t:3.6s
tttg: c47/185 lr:0.000854 t:3.7s
tttg: c48/185 lr:0.000847 t:3.8s
tttg: c49/185 lr:0.000841 t:3.8s
tttg: c50/185 lr:0.000835 t:3.9s
tttg: c51/185 lr:0.000829 t:4.0s
tttg: c52/185 lr:0.000822 t:4.1s
tttg: c53/185 lr:0.000816 t:4.1s
tttg: c54/185 lr:0.000809 t:4.2s
tttg: c55/185 lr:0.000802 t:4.3s
tttg: c56/185 lr:0.000795 t:4.4s
tttg: c57/185 lr:0.000788 t:4.5s
tttg: c58/185 lr:0.000781 t:4.5s
tttg: c59/185 lr:0.000774 t:4.6s
tttg: c60/185 lr:0.000767 t:4.7s
tttg: c61/185 lr:0.000760 t:4.8s
tttg: c62/185 lr:0.000752 t:4.8s
tttg: c63/185 lr:0.000745 t:4.9s
tttg: c64/185 lr:0.000738 t:5.0s
tttg: c65/185 lr:0.000730 t:5.1s
tttg: c66/185 lr:0.000722 t:5.2s
tttg: c67/185 lr:0.000715 t:5.2s
tttg: c68/185 lr:0.000707 t:5.3s
tttg: c69/185 lr:0.000699 t:5.4s
tttg: c70/185 lr:0.000691 t:5.5s
tttg: c71/185 lr:0.000683 t:5.5s
tttg: c72/185 lr:0.000675 t:5.6s
tttg: c73/185 lr:0.000667 t:5.7s
tttg: c74/185 lr:0.000659 t:5.8s
tttg: c75/185 lr:0.000651 t:5.9s
tttg: c76/185 lr:0.000643 t:5.9s
tttg: c77/185 lr:0.000635 t:6.0s
tttg: c78/185 lr:0.000627 t:6.1s
tttg: c79/185 lr:0.000618 t:6.2s
tttg: c80/185 lr:0.000610 t:6.2s
tttg: c81/185 lr:0.000602 t:6.3s
tttg: c82/185 lr:0.000593 t:6.4s
tttg: c83/185 lr:0.000585 t:6.5s
tttg: c84/185 lr:0.000577 t:6.6s
tttg: c85/185 lr:0.000568 t:6.6s
tttg: c86/185 lr:0.000560 t:6.7s
tttg: c87/185 lr:0.000551 t:6.8s
tttg: c88/185 lr:0.000543 t:6.9s
tttg: c89/185 lr:0.000534 t:6.9s
tttg: c90/185 lr:0.000526 t:7.0s
tttg: c91/185 lr:0.000517 t:7.1s
tttg: c92/185 lr:0.000509 t:7.2s
tttg: c93/185 lr:0.000500 t:7.2s
tttg: c94/185 lr:0.000491 t:7.3s
tttg: c95/185 lr:0.000483 t:7.4s
tttg: c96/185 lr:0.000474 t:7.5s
tttg: c97/185 lr:0.000466 t:7.6s
tttg: c98/185 lr:0.000457 t:7.6s
tttg: c99/185 lr:0.000449 t:7.7s
tttg: c100/185 lr:0.000440 t:7.8s
tttg: c101/185 lr:0.000432 t:7.9s
tttg: c102/185 lr:0.000423 t:7.9s
tttg: c103/185 lr:0.000415 t:8.0s
tttg: c104/185 lr:0.000407 t:8.1s
tttg: c105/185 lr:0.000398 t:8.2s
tttg: c106/185 lr:0.000390 t:8.2s
tttg: c107/185 lr:0.000382 t:8.3s
tttg: c108/185 lr:0.000373 t:8.4s
tttg: c109/185 lr:0.000365 t:8.5s
tttg: c110/185 lr:0.000357 t:8.6s
tttg: c111/185 lr:0.000349 t:8.6s
tttg: c112/185 lr:0.000341 t:8.7s
tttg: c113/185 lr:0.000333 t:8.8s
tttg: c114/185 lr:0.000325 t:8.9s
tttg: c115/185 lr:0.000317 t:8.9s
tttg: c116/185 lr:0.000309 t:9.0s
tttg: c117/185 lr:0.000301 t:9.1s
tttg: c118/185 lr:0.000293 t:9.2s
tttg: c119/185 lr:0.000285 t:9.2s
tttg: c120/185 lr:0.000278 t:9.3s
tttg: c121/185 lr:0.000270 t:9.4s
tttg: c122/185 lr:0.000262 t:9.5s
tttg: c123/185 lr:0.000255 t:9.6s
tttg: c124/185 lr:0.000248 t:9.6s
tttg: c125/185 lr:0.000240 t:9.7s
tttg: c126/185 lr:0.000233 t:9.8s
tttg: c127/185 lr:0.000226 t:9.9s
tttg: c128/185 lr:0.000219 t:9.9s
tttg: c129/185 lr:0.000212 t:10.0s
tttg: c130/185 lr:0.000205 t:10.1s
tttg: c131/185 lr:0.000198 t:10.2s
tttg: c132/185 lr:0.000191 t:10.2s
tttg: c133/185 lr:0.000184 t:10.3s
tttg: c134/185 lr:0.000178 t:10.4s
tttg: c135/185 lr:0.000171 t:10.5s
tttg: c136/185 lr:0.000165 t:10.6s
tttg: c137/185 lr:0.000159 t:10.6s
tttg: c138/185 lr:0.000153 t:10.7s
tttg: c139/185 lr:0.000146 t:10.8s
tttg: c140/185 lr:0.000140 t:10.9s
tttg: c141/185 lr:0.000135 t:10.9s
tttg: c142/185 lr:0.000129 t:11.0s
tttg: c143/185 lr:0.000123 t:11.1s
tttg: c144/185 lr:0.000118 t:11.2s
tttg: c145/185 lr:0.000112 t:11.2s
tttg: c146/185 lr:0.000107 t:11.3s
tttg: c147/185 lr:0.000102 t:11.4s
tttg: c148/185 lr:0.000096 t:11.5s
tttg: c149/185 lr:0.000092 t:11.5s
tttg: c150/185 lr:0.000087 t:11.6s
tttg: c151/185 lr:0.000082 t:11.7s
tttg: c152/185 lr:0.000077 t:11.8s
tttg: c153/185 lr:0.000073 t:11.9s
tttg: c154/185 lr:0.000068 t:11.9s
tttg: c155/185 lr:0.000064 t:12.0s
tttg: c156/185 lr:0.000060 t:12.1s
tttg: c157/185 lr:0.000056 t:12.2s
tttg: c158/185 lr:0.000052 t:12.2s
tttg: c159/185 lr:0.000048 t:12.3s
tttg: c160/185 lr:0.000045 t:12.4s
tttg: c161/185 lr:0.000041 t:12.5s
tttg: c162/185 lr:0.000038 t:12.5s
tttg: c163/185 lr:0.000035 t:12.6s
tttg: c164/185 lr:0.000032 t:12.7s
tttg: c165/185 lr:0.000029 t:12.8s
tttg: c166/185 lr:0.000026 t:12.9s
tttg: c167/185 lr:0.000023 t:12.9s
tttg: c168/185 lr:0.000021 t:13.0s
tttg: c169/185 lr:0.000019 t:13.1s
tttg: c170/185 lr:0.000016 t:13.2s
tttg: c171/185 lr:0.000014 t:13.3s
tttg: c172/185 lr:0.000012 t:13.3s
tttg: c173/185 lr:0.000010 t:13.4s
tttg: c174/185 lr:0.000009 t:13.5s
tttg: c175/185 lr:0.000007 t:13.6s
tttg: c176/185 lr:0.000006 t:13.6s
tttg: c177/185 lr:0.000005 t:13.7s
tttg: c178/185 lr:0.000004 t:13.8s
tttg: c179/185 lr:0.000003 t:13.9s
tttg: c180/185 lr:0.000002 t:14.0s
tttg: c181/185 lr:0.000001 t:14.0s
tttg: c182/185 lr:0.000001 t:14.1s
tttg: c183/185 lr:0.000000 t:14.2s
tttg: c184/185 lr:0.000000 t:14.3s
ttpr: phase:2/3 t:378.3s
ttp: b752/782 bl:2.3377 bb:1.0746 rl:2.2184 rb:1.0311 dl:3222-3283 gd:0
ttpp: phase:3/3 pd:2448 gd:2000 t:395.5s
tttg: c1/250 lr:0.001000 t:0.1s
tttg: c2/250 lr:0.001000 t:0.2s
tttg: c3/250 lr:0.001000 t:0.2s
tttg: c4/250 lr:0.001000 t:0.3s
tttg: c5/250 lr:0.000999 t:0.4s
tttg: c6/250 lr:0.000999 t:0.5s
tttg: c7/250 lr:0.000999 t:0.6s
tttg: c8/250 lr:0.000998 t:0.6s
tttg: c9/250 lr:0.000997 t:0.7s
tttg: c10/250 lr:0.000997 t:0.8s
tttg: c11/250 lr:0.000996 t:0.9s
tttg: c12/250 lr:0.000995 t:0.9s
tttg: c13/250 lr:0.000994 t:1.0s
tttg: c14/250 lr:0.000993 t:1.1s
tttg: c15/250 lr:0.000992 t:1.2s
tttg: c16/250 lr:0.000991 t:1.2s
tttg: c17/250 lr:0.000990 t:1.3s
tttg: c18/250 lr:0.000989 t:1.4s
tttg: c19/250 lr:0.000987 t:1.5s
tttg: c20/250 lr:0.000986 t:1.6s
tttg: c21/250 lr:0.000984 t:1.6s
tttg: c22/250 lr:0.000983 t:1.7s
tttg: c23/250 lr:0.000981 t:1.8s
tttg: c24/250 lr:0.000979 t:1.9s
tttg: c25/250 lr:0.000977 t:1.9s
tttg: c26/250 lr:0.000975 t:2.0s
tttg: c27/250 lr:0.000973 t:2.1s
tttg: c28/250 lr:0.000971 t:2.2s
tttg: c29/250 lr:0.000969 t:2.3s
tttg: c30/250 lr:0.000967 t:2.3s
tttg: c31/250 lr:0.000965 t:2.4s
tttg: c32/250 lr:0.000962 t:2.5s
tttg: c33/250 lr:0.000960 t:2.6s
tttg: c34/250 lr:0.000957 t:2.7s
tttg: c35/250 lr:0.000955 t:2.7s
tttg: c36/250 lr:0.000952 t:2.8s
tttg: c37/250 lr:0.000949 t:2.9s
tttg: c38/250 lr:0.000947 t:3.0s
tttg: c39/250 lr:0.000944 t:3.0s
tttg: c40/250 lr:0.000941 t:3.1s
tttg: c41/250 lr:0.000938 t:3.2s
tttg: c42/250 lr:0.000935 t:3.3s
tttg: c43/250 lr:0.000931 t:3.3s
tttg: c44/250 lr:0.000928 t:3.4s
tttg: c45/250 lr:0.000925 t:3.5s
tttg: c46/250 lr:0.000922 t:3.6s
tttg: c47/250 lr:0.000918 t:3.7s
tttg: c48/250 lr:0.000915 t:3.7s
tttg: c49/250 lr:0.000911 t:3.8s
tttg: c50/250 lr:0.000907 t:3.9s
tttg: c51/250 lr:0.000904 t:4.0s
tttg: c52/250 lr:0.000900 t:4.0s
tttg: c53/250 lr:0.000896 t:4.1s
tttg: c54/250 lr:0.000892 t:4.2s
tttg: c55/250 lr:0.000888 t:4.3s
tttg: c56/250 lr:0.000884 t:4.4s
tttg: c57/250 lr:0.000880 t:4.4s
tttg: c58/250 lr:0.000876 t:4.5s
tttg: c59/250 lr:0.000872 t:4.6s
tttg: c60/250 lr:0.000868 t:4.7s
tttg: c61/250 lr:0.000863 t:4.7s
tttg: c62/250 lr:0.000859 t:4.8s
tttg: c63/250 lr:0.000855 t:4.9s
tttg: c64/250 lr:0.000850 t:5.0s
tttg: c65/250 lr:0.000846 t:5.1s
tttg: c66/250 lr:0.000841 t:5.1s
tttg: c67/250 lr:0.000836 t:5.2s
tttg: c68/250 lr:0.000832 t:5.3s
tttg: c69/250 lr:0.000827 t:5.4s
tttg: c70/250 lr:0.000822 t:5.4s
tttg: c71/250 lr:0.000817 t:5.5s
tttg: c72/250 lr:0.000812 t:5.6s
tttg: c73/250 lr:0.000807 t:5.7s
tttg: c74/250 lr:0.000803 t:5.8s
tttg: c75/250 lr:0.000797 t:5.8s
tttg: c76/250 lr:0.000792 t:5.9s
tttg: c77/250 lr:0.000787 t:6.0s
tttg: c78/250 lr:0.000782 t:6.1s
tttg: c79/250 lr:0.000777 t:6.1s
tttg: c80/250 lr:0.000772 t:6.2s
tttg: c81/250 lr:0.000766 t:6.3s
tttg: c82/250 lr:0.000761 t:6.4s
tttg: c83/250 lr:0.000755 t:6.5s
tttg: c84/250 lr:0.000750 t:6.5s
tttg: c85/250 lr:0.000745 t:6.6s
tttg: c86/250 lr:0.000739 t:6.7s
tttg: c87/250 lr:0.000733 t:6.8s
tttg: c88/250 lr:0.000728 t:6.8s
tttg: c89/250 lr:0.000722 t:6.9s
tttg: c90/250 lr:0.000717 t:7.0s
tttg: c91/250 lr:0.000711 t:7.1s
tttg: c92/250 lr:0.000705 t:7.2s
tttg: c93/250 lr:0.000699 t:7.2s
tttg: c94/250 lr:0.000694 t:7.3s
tttg: c95/250 lr:0.000688 t:7.4s
tttg: c96/250 lr:0.000682 t:7.5s
tttg: c97/250 lr:0.000676 t:7.5s
tttg: c98/250 lr:0.000670 t:7.6s
tttg: c99/250 lr:0.000664 t:7.7s
tttg: c100/250 lr:0.000658 t:7.8s
tttg: c101/250 lr:0.000652 t:7.8s
tttg: c102/250 lr:0.000646 t:7.9s
tttg: c103/250 lr:0.000640 t:8.0s
tttg: c104/250 lr:0.000634 t:8.1s
tttg: c105/250 lr:0.000628 t:8.2s
tttg: c106/250 lr:0.000622 t:8.3s
tttg: c107/250 lr:0.000616 t:8.3s
tttg: c108/250 lr:0.000610 t:8.4s
tttg: c109/250 lr:0.000603 t:8.5s
tttg: c110/250 lr:0.000597 t:8.6s
tttg: c111/250 lr:0.000591 t:8.6s
tttg: c112/250 lr:0.000585 t:8.7s
tttg: c113/250 lr:0.000579 t:8.8s
tttg: c114/250 lr:0.000572 t:8.9s
tttg: c115/250 lr:0.000566 t:8.9s
tttg: c116/250 lr:0.000560 t:9.0s
tttg: c117/250 lr:0.000554 t:9.1s
tttg: c118/250 lr:0.000547 t:9.2s
tttg: c119/250 lr:0.000541 t:9.2s
tttg: c120/250 lr:0.000535 t:9.3s
tttg: c121/250 lr:0.000528 t:9.4s
tttg: c122/250 lr:0.000522 t:9.5s
tttg: c123/250 lr:0.000516 t:9.6s
tttg: c124/250 lr:0.000509 t:9.6s
tttg: c125/250 lr:0.000503 t:9.7s
tttg: c126/250 lr:0.000497 t:9.8s
tttg: c127/250 lr:0.000491 t:9.9s
tttg: c128/250 lr:0.000484 t:9.9s
tttg: c129/250 lr:0.000478 t:10.0s
tttg: c130/250 lr:0.000472 t:10.1s
tttg: c131/250 lr:0.000465 t:10.2s
tttg: c132/250 lr:0.000459 t:10.3s
tttg: c133/250 lr:0.000453 t:10.3s
tttg: c134/250 lr:0.000446 t:10.4s
tttg: c135/250 lr:0.000440 t:10.5s
tttg: c136/250 lr:0.000434 t:10.6s
tttg: c137/250 lr:0.000428 t:10.7s
tttg: c138/250 lr:0.000421 t:10.8s
tttg: c139/250 lr:0.000415 t:10.8s
tttg: c140/250 lr:0.000409 t:10.9s
tttg: c141/250 lr:0.000403 t:11.0s
tttg: c142/250 lr:0.000397 t:11.1s
tttg: c143/250 lr:0.000390 t:11.2s
tttg: c144/250 lr:0.000384 t:11.3s
tttg: c145/250 lr:0.000378 t:11.3s
tttg: c146/250 lr:0.000372 t:11.4s
tttg: c147/250 lr:0.000366 t:11.5s
tttg: c148/250 lr:0.000360 t:11.6s
tttg: c149/250 lr:0.000354 t:11.7s
tttg: c150/250 lr:0.000348 t:11.7s
tttg: c151/250 lr:0.000342 t:11.8s
tttg: c152/250 lr:0.000336 t:11.9s
tttg: c153/250 lr:0.000330 t:12.0s
tttg: c154/250 lr:0.000324 t:12.1s
tttg: c155/250 lr:0.000318 t:12.1s
tttg: c156/250 lr:0.000312 t:12.2s
tttg: c157/250 lr:0.000306 t:12.3s
tttg: c158/250 lr:0.000301 t:12.4s
tttg: c159/250 lr:0.000295 t:12.5s
tttg: c160/250 lr:0.000289 t:17.8s
tttg: c161/250 lr:0.000283 t:17.8s
tttg: c162/250 lr:0.000278 t:17.9s
tttg: c163/250 lr:0.000272 t:18.0s
tttg: c164/250 lr:0.000267 t:18.1s
tttg: c165/250 lr:0.000261 t:18.1s
tttg: c166/250 lr:0.000255 t:18.2s
tttg: c167/250 lr:0.000250 t:18.3s
tttg: c168/250 lr:0.000245 t:18.4s
tttg: c169/250 lr:0.000239 t:18.5s
tttg: c170/250 lr:0.000234 t:18.5s
tttg: c171/250 lr:0.000228 t:18.6s
tttg: c172/250 lr:0.000223 t:18.7s
tttg: c173/250 lr:0.000218 t:18.8s
tttg: c174/250 lr:0.000213 t:18.8s
tttg: c175/250 lr:0.000208 t:18.9s
tttg: c176/250 lr:0.000203 t:19.0s
tttg: c177/250 lr:0.000197 t:19.1s
tttg: c178/250 lr:0.000193 t:19.1s
tttg: c179/250 lr:0.000188 t:19.2s
tttg: c180/250 lr:0.000183 t:19.3s
tttg: c181/250 lr:0.000178 t:19.4s
tttg: c182/250 lr:0.000173 t:19.5s
tttg: c183/250 lr:0.000168 t:19.5s
tttg: c184/250 lr:0.000164 t:19.6s
tttg: c185/250 lr:0.000159 t:19.7s
tttg: c186/250 lr:0.000154 t:19.8s
tttg: c187/250 lr:0.000150 t:19.8s
tttg: c188/250 lr:0.000145 t:19.9s
tttg: c189/250 lr:0.000141 t:20.0s
tttg: c190/250 lr:0.000137 t:20.1s
tttg: c191/250 lr:0.000132 t:20.2s
tttg: c192/250 lr:0.000128 t:20.2s
tttg: c193/250 lr:0.000124 t:20.3s
tttg: c194/250 lr:0.000120 t:20.4s
tttg: c195/250 lr:0.000116 t:20.5s
tttg: c196/250 lr:0.000112 t:20.6s
tttg: c197/250 lr:0.000108 t:20.7s
tttg: c198/250 lr:0.000104 t:20.7s
tttg: c199/250 lr:0.000100 t:20.8s
tttg: c200/250 lr:0.000096 t:20.9s
tttg: c201/250 lr:0.000093 t:21.0s
tttg: c202/250 lr:0.000089 t:21.1s
tttg: c203/250 lr:0.000085 t:21.1s
tttg: c204/250 lr:0.000082 t:21.2s
tttg: c205/250 lr:0.000078 t:21.3s
tttg: c206/250 lr:0.000075 t:21.4s
tttg: c207/250 lr:0.000072 t:21.5s
tttg: c208/250 lr:0.000069 t:21.5s
tttg: c209/250 lr:0.000065 t:21.6s
tttg: c210/250 lr:0.000062 t:21.7s
tttg: c211/250 lr:0.000059 t:21.8s
tttg: c212/250 lr:0.000056 t:21.8s
tttg: c213/250 lr:0.000053 t:21.9s
tttg: c214/250 lr:0.000051 t:22.0s
tttg: c215/250 lr:0.000048 t:22.1s
tttg: c216/250 lr:0.000045 t:22.2s
tttg: c217/250 lr:0.000043 t:22.2s
tttg: c218/250 lr:0.000040 t:22.3s
tttg: c219/250 lr:0.000038 t:22.4s
tttg: c220/250 lr:0.000035 t:22.5s
tttg: c221/250 lr:0.000033 t:22.6s
tttg: c222/250 lr:0.000031 t:22.6s
tttg: c223/250 lr:0.000029 t:22.7s
tttg: c224/250 lr:0.000027 t:22.8s
tttg: c225/250 lr:0.000025 t:22.9s
tttg: c226/250 lr:0.000023 t:23.0s
tttg: c227/250 lr:0.000021 t:23.0s
tttg: c228/250 lr:0.000019 t:23.1s
tttg: c229/250 lr:0.000017 t:23.2s
tttg: c230/250 lr:0.000016 t:23.3s
tttg: c231/250 lr:0.000014 t:23.3s
tttg: c232/250 lr:0.000013 t:23.4s
tttg: c233/250 lr:0.000011 t:23.5s
tttg: c234/250 lr:0.000010 t:23.6s
tttg: c235/250 lr:0.000009 t:23.7s
tttg: c236/250 lr:0.000008 t:23.7s
tttg: c237/250 lr:0.000007 t:23.8s
tttg: c238/250 lr:0.000006 t:23.9s
tttg: c239/250 lr:0.000005 t:24.0s
tttg: c240/250 lr:0.000004 t:24.1s
tttg: c241/250 lr:0.000003 t:24.1s
tttg: c242/250 lr:0.000003 t:24.2s
tttg: c243/250 lr:0.000002 t:24.3s
tttg: c244/250 lr:0.000001 t:24.4s
tttg: c245/250 lr:0.000001 t:24.5s
tttg: c246/250 lr:0.000001 t:24.5s
tttg: c247/250 lr:0.000000 t:24.6s
tttg: c248/250 lr:0.000000 t:24.7s
tttg: c249/250 lr:0.000000 t:24.8s
ttpr: phase:3/3 t:422.4s
ttp: b739/782 bl:2.2918 bb:1.0225 rl:2.2272 rb:1.0300 dl:2619-2652 gd:1
ttp: b732/782 bl:2.3706 bb:1.0917 rl:2.2414 rb:1.0361 dl:2416-2441 gd:1
ttp: b726/782 bl:2.3357 bb:1.0389 rl:2.2494 rb:1.0364 dl:2254-2276 gd:1
ttp: b714/782 bl:2.3086 bb:1.0226 rl:2.2536 rb:1.0354 dl:2018-2035 gd:1
ttp: b710/782 bl:2.2283 bb:1.0432 rl:2.2520 rb:1.0359 dl:1952-1966 gd:1
ttp: b703/782 bl:2.3402 bb:1.0295 rl:2.2570 rb:1.0355 dl:1859-1872 gd:1
ttp: b694/782 bl:2.3094 bb:1.0561 rl:2.2597 rb:1.0365 dl:1758-1769 gd:1
ttp: b687/782 bl:2.3114 bb:1.0555 rl:2.2621 rb:1.0374 dl:1685-1696 gd:1
ttp: b675/782 bl:2.3647 bb:1.0575 rl:2.2664 rb:1.0383 dl:1578-1586 gd:1
ttp: b667/782 bl:2.3622 bb:1.0678 rl:2.2702 rb:1.0395 dl:1514-1521 gd:1
ttp: b662/782 bl:2.2957 bb:1.0262 rl:2.2711 rb:1.0390 dl:1480-1486 gd:1
ttp: b656/782 bl:2.3252 bb:1.1092 rl:2.2729 rb:1.0413 dl:1439-1445 gd:1
ttp: b642/782 bl:2.3211 bb:1.0392 rl:2.2744 rb:1.0412 dl:1349-1356 gd:1
ttp: b634/782 bl:2.3833 bb:1.0492 rl:2.2776 rb:1.0415 dl:1302-1308 gd:1
ttp: b627/782 bl:2.3764 bb:1.0699 rl:2.2803 rb:1.0422 dl:1266-1271 gd:1
ttp: b619/782 bl:2.3278 bb:1.0615 rl:2.2816 rb:1.0427 dl:1221-1226 gd:1
ttp: b612/782 bl:2.2362 bb:1.0131 rl:2.2805 rb:1.0420 dl:1186-1190 gd:1
ttp: b607/782 bl:2.3505 bb:1.0515 rl:2.2821 rb:1.0422 dl:1164-1168 gd:1
ttp: b598/782 bl:2.3572 bb:1.0661 rl:2.2838 rb:1.0428 dl:1124-1129 gd:1
ttp: b590/782 bl:2.3092 bb:1.0581 rl:2.2843 rb:1.0431 dl:1089-1093 gd:1
ttp: b582/782 bl:2.3467 bb:1.0308 rl:2.2855 rb:1.0428 dl:1056-1060 gd:1
ttp: b570/782 bl:2.3553 bb:1.0550 rl:2.2869 rb:1.0431 dl:1010-1014 gd:1
ttp: b563/782 bl:2.2628 bb:1.0168 rl:2.2864 rb:1.0426 dl:987-990 gd:1
ttp: b556/782 bl:2.3831 bb:1.0714 rl:2.2881 rb:1.0431 dl:961-965 gd:1
ttp: b549/782 bl:2.2580 bb:1.0209 rl:2.2876 rb:1.0427 dl:939-943 gd:1
ttp: b542/782 bl:2.3233 bb:1.0375 rl:2.2882 rb:1.0426 dl:918-921 gd:1
ttp: b535/782 bl:2.3773 bb:1.0311 rl:2.2895 rb:1.0425 dl:896-899 gd:1
ttp: b527/782 bl:2.3460 bb:1.0297 rl:2.2904 rb:1.0423 dl:872-875 gd:1
ttp: b519/782 bl:2.2959 bb:1.0415 rl:2.2904 rb:1.0423 dl:850-852 gd:1
ttp: b513/782 bl:2.3653 bb:1.0384 rl:2.2915 rb:1.0422 dl:832-835 gd:1
ttp: b505/782 bl:2.3271 bb:1.0642 rl:2.2919 rb:1.0425 dl:809-812 gd:1
ttp: b499/782 bl:2.3369 bb:1.0552 rl:2.2925 rb:1.0426 dl:794-796 gd:1
ttp: b491/782 bl:2.2817 bb:1.0292 rl:2.2924 rb:1.0425 dl:773-776 gd:1
ttp: b480/782 bl:2.4364 bb:1.0848 rl:2.2940 rb:1.0430 dl:747-749 gd:1
ttp: b472/782 bl:2.3833 bb:1.0818 rl:2.2950 rb:1.0434 dl:728-730 gd:1
ttp: b463/782 bl:2.3176 bb:1.0429 rl:2.2953 rb:1.0434 dl:708-710 gd:1
ttp: b455/782 bl:2.3037 bb:1.0382 rl:2.2954 rb:1.0434 dl:691-693 gd:1
ttp: b447/782 bl:2.3278 bb:1.0694 rl:2.2957 rb:1.0436 dl:674-676 gd:1
ttp: b439/782 bl:2.3269 bb:1.0383 rl:2.2960 rb:1.0436 dl:657-659 gd:1
ttp: b431/782 bl:2.3738 bb:1.0531 rl:2.2967 rb:1.0437 dl:642-643 gd:1
ttp: b423/782 bl:2.3075 bb:1.0528 rl:2.2968 rb:1.0437 dl:626-629 gd:1
ttp: b415/782 bl:2.2853 bb:1.0585 rl:2.2967 rb:1.0439 dl:611-613 gd:1
ttp: b407/782 bl:2.2672 bb:1.0379 rl:2.2965 rb:1.0438 dl:595-597 gd:1
ttp: b399/782 bl:2.2881 bb:1.0327 rl:2.2964 rb:1.0437 dl:581-582 gd:1
ttp: b391/782 bl:2.3104 bb:1.0642 rl:2.2965 rb:1.0439 dl:566-568 gd:1
ttp: b383/782 bl:2.2749 bb:1.0430 rl:2.2963 rb:1.0439 dl:552-554 gd:1
ttp: b375/782 bl:2.4053 bb:1.0728 rl:2.2972 rb:1.0441 dl:538-540 gd:1
ttp: b367/782 bl:2.2933 bb:1.0822 rl:2.2971 rb:1.0444 dl:525-527 gd:1
ttp: b361/782 bl:2.3550 bb:1.0994 rl:2.2975 rb:1.0447 dl:515-517 gd:1
ttp: b351/782 bl:2.3518 bb:1.0766 rl:2.2979 rb:1.0450 dl:498-499 gd:1
ttp: b343/782 bl:2.2226 bb:1.0460 rl:2.2974 rb:1.0450 dl:486-488 gd:1
ttp: b335/782 bl:2.3669 bb:1.0722 rl:2.2978 rb:1.0451 dl:474-476 gd:1
ttp: b327/782 bl:2.3355 bb:1.0859 rl:2.2981 rb:1.0454 dl:462-463 gd:1
ttp: b319/782 bl:2.3908 bb:1.0781 rl:2.2986 rb:1.0456 dl:450-451 gd:1
ttp: b311/782 bl:2.3476 bb:1.0821 rl:2.2989 rb:1.0458 dl:438-439 gd:1
ttp: b303/782 bl:2.4007 bb:1.0950 rl:2.2995 rb:1.0461 dl:426-427 gd:1
ttp: b295/782 bl:2.2624 bb:1.0614 rl:2.2993 rb:1.0461 dl:414-415 gd:1
ttp: b287/782 bl:2.4041 bb:1.0953 rl:2.2998 rb:1.0464 dl:402-403 gd:1
ttp: b279/782 bl:2.3091 bb:1.0911 rl:2.2999 rb:1.0466 dl:391-392 gd:1
ttp: b271/782 bl:2.3708 bb:1.1229 rl:2.3002 rb:1.0470 dl:380-382 gd:1
ttp: b263/782 bl:2.3876 bb:1.0800 rl:2.3006 rb:1.0471 dl:370-371 gd:1
ttp: b255/782 bl:2.3664 bb:1.0913 rl:2.3009 rb:1.0473 dl:360-361 gd:1
ttp: b247/782 bl:2.3514 bb:1.0945 rl:2.3011 rb:1.0475 dl:350-351 gd:1
ttp: b239/782 bl:2.3847 bb:1.1073 rl:2.3015 rb:1.0478 dl:340-341 gd:1
ttp: b231/782 bl:2.3059 bb:1.0832 rl:2.3015 rb:1.0479 dl:330-331 gd:1
ttp: b223/782 bl:2.3307 bb:1.1253 rl:2.3016 rb:1.0482 dl:321-322 gd:1
ttp: b215/782 bl:2.3910 bb:1.0960 rl:2.3020 rb:1.0484 dl:312-313 gd:1
ttp: b207/782 bl:2.3619 bb:1.1351 rl:2.3022 rb:1.0487 dl:303-304 gd:1
ttp: b199/782 bl:2.4269 bb:1.1419 rl:2.3027 rb:1.0490 dl:295-296 gd:1
ttp: b191/782 bl:2.4176 bb:1.0999 rl:2.3031 rb:1.0492 dl:285-286 gd:1
ttp: b184/782 bl:2.3898 bb:1.1266 rl:2.3034 rb:1.0494 dl:278-279 gd:1
ttp: b176/782 bl:2.3213 bb:1.1274 rl:2.3034 rb:1.0497 dl:270-271 gd:1
ttp: b168/782 bl:2.4485 bb:1.1846 rl:2.3039 rb:1.0501 dl:263-263 gd:1
ttp: b160/782 bl:2.3843 bb:1.1134 rl:2.3041 rb:1.0503 dl:255-255 gd:1
ttp: b151/782 bl:2.4650 bb:1.1395 rl:2.3046 rb:1.0505 dl:246-247 gd:1
ttp: b143/782 bl:2.4181 bb:1.1718 rl:2.3049 rb:1.0509 dl:238-239 gd:1
ttp: b135/782 bl:2.4309 bb:1.1780 rl:2.3053 rb:1.0512 dl:231-232 gd:1
ttp: b127/782 bl:2.4731 bb:1.1862 rl:2.3057 rb:1.0515 dl:223-224 gd:1
ttp: b119/782 bl:2.3722 bb:1.1550 rl:2.3059 rb:1.0518 dl:216-217 gd:1
ttp: b112/782 bl:2.4768 bb:1.1822 rl:2.3063 rb:1.0521 dl:210-210 gd:1
ttp: b102/782 bl:2.5808 bb:1.1962 rl:2.3070 rb:1.0524 dl:201-202 gd:1
ttp: b95/782 bl:2.3292 bb:1.1387 rl:2.3070 rb:1.0526 dl:194-195 gd:1
ttp: b86/782 bl:2.4588 bb:1.1344 rl:2.3073 rb:1.0528 dl:186-187 gd:1
ttp: b78/782 bl:2.5458 bb:1.1919 rl:2.3079 rb:1.0531 dl:179-180 gd:1
ttp: b71/782 bl:2.4640 bb:1.1776 rl:2.3082 rb:1.0533 dl:173-173 gd:1
ttp: b63/782 bl:2.5260 bb:1.2049 rl:2.3086 rb:1.0536 dl:166-166 gd:1
ttp: b54/782 bl:2.4709 bb:1.2121 rl:2.3089 rb:1.0539 dl:157-158 gd:1
ttp: b46/782 bl:2.5476 bb:1.2165 rl:2.3093 rb:1.0541 dl:149-150 gd:1
ttp: b39/782 bl:2.4391 bb:1.1807 rl:2.3095 rb:1.0543 dl:142-143 gd:1
ttp: b30/782 bl:2.5990 bb:1.2672 rl:2.3100 rb:1.0547 dl:133-134 gd:1
ttp: b22/782 bl:2.5554 bb:1.1962 rl:2.3103 rb:1.0549 dl:124-126 gd:1
ttp: b15/782 bl:2.6438 bb:1.2278 rl:2.3108 rb:1.0551 dl:115-117 gd:1
ttp: b7/782 bl:2.7540 bb:1.2395 rl:2.3113 rb:1.0553 dl:101-103 gd:1
quantized_ttt_phased val_loss:2.32116807 val_bpb:1.06068323 eval_time:533520ms
total_eval_time:533.5s
